
pmvs2
C:\Users\86186\Desktop\VisualSFM_windows_cuda_64bit\最终数据\广角数据\3+4\1-36\3+4.nvm.cmvs\00\
option-0000
--------------------------------------------------
--- Summary of specified options ---
# of timages: 15 (enumeration)
# of oimages: 0 (enumeration)
level: 1  csize: 2
threshold: 0.7  wsize: 7
minImageNum: 3  CPU: 16
useVisData: 1  sequence: -1
--------------------------------------------------
Reading images: ***************
8 9 11 12 15 16 19 17 Harris running ...Harris running ...Harris running ...24 Harris running ...25Harris running ...27 18Harris running ...28 32 Harris running ... 21 Harris running ... Harris running ...Harris running ...Harris running ...Harris running ...Harris running ...Harris running ...Harris running ...213 harris done
DoG running...222 harris done
227 harris done
DoG running...DoG running...229 harris done
DoG running...233 harris done
DoG running...212 harris done
DoG running...213 harris done
211 harris done
DoG running...DoG running...222 harris done
223 harris done
DoG running...DoG running...221 harris done
235 harris done
DoG running...216 harris done
DoG running...224 harris done
219 harris done
DoG running...DoG running...DoG running...312 dog done
311 dog done
310 dog done
311 dog done
312 dog done
308 dog done
317 dog done
314 dog done
313 dog done
311 dog done
313 dog done
311 dog done
309 dog done
314 dog done
311 dog done
done
adding seeds 
(3,48)(2,59)(7,15)(4,87)(6,46)(8,54)(14,27)(9,65)(11,83)(12,77)(13,61)(10,43)(1,41)(0,53)(5,20)done
---- Initial: 0 secs ----
Total pass fail0 fail1 refinepatch: 10556 1078 8489 989 2067
Total pass fail0 fail1 refinepatch: 100 10.2122 80.4187 9.36908 19.5813
Expanding patches...refinePatchBFGS failed!
refinePatchBFGS failed!
refinePatchBFGS failed!
refinePatchBFGS failed!

---- EXPANSION: 1 secs ----
Total pass fail0 fail1 refinepatch: 24308 18733 4300 1275 20008
Total pass fail0 fail1 refinepatch: 100 77.0652 17.6896 5.24519 82.3103
FilterOutside
mainbody: 
Gain (ave/var): 1.45155 1.02117
19460 -> 18682 (96.0021%)	0 secs
Filter Exact: ***************
18682 -> 15269 (81.7311%)	0 secs
FilterNeighbor:	15269 -> 11411 (74.7331%)	0 secs
FilterGroups:	20
11411 -> 10252 (89.8431%)	0 secs
STATUS: 0 0 0 0 0 0 0 0 0 0 
0 0 0 0 0 0 0 0 0 0 
0 0 0 0 0 0 0 0 0 0 
0 0 0 0 0 
Expanding patches...refinePatchBFGS failed!

---- EXPANSION: 1 secs ----
Total pass fail0 fail1 refinepatch: 14937 6038 3812 5087 11125
Total pass fail0 fail1 refinepatch: 100 40.4231 25.5205 34.0564 74.4795
FilterOutside
mainbody: 
Gain (ave/var): 1.91134 1.15452
16290 -> 16199 (99.4414%)	0 secs
Filter Exact: ***************
16199 -> 14463 (89.2833%)	0 secs
FilterNeighbor:	14463 -> 13138 (90.8387%)	0 secs
FilterGroups:	20
13138 -> 12246 (93.2105%)	0 secs
STATUS: 0 0 0 0 0 0 0 0 0 0 
0 0 0 0 0 0 0 0 0 0 
0 0 0 0 0 0 0 0 0 0 
0 0 0 0 0 
Expanding patches...refinePatchBFGS failed!

---- EXPANSION: 1 secs ----
Total pass fail0 fail1 refinepatch: 13404 5229 3610 4565 9794
Total pass fail0 fail1 refinepatch: 100 39.0107 26.9323 34.057 73.0677
FilterOutside
mainbody: 
Gain (ave/var): 2.18268 1.36556
17475 -> 17345 (99.2561%)	0 secs
Filter Exact: ***************
17345 -> 15027 (86.6359%)	0 secs
FilterNeighbor:	15027 -> 13912 (92.58%)	0 secs
FilterGroups:	20
13912 -> 13111 (94.2424%)	0 secs
STATUS: 0 0 0 0 0 0 0 0 0 0 
0 0 0 0 0 0 0 0 0 0 
0 0 0 0 0 0 0 0 0 0 
0 0 0 0 0 
---- Total: 0 secs ----
