
Modifying Calibration, begin...
fx = 431.910034, cx = 320.912781
fy = 431.910034, cy = 243.323013
radial_distortion = 0.000000
----------------------------------------------------------------
Modifying Calibration, finished
Totally 0.000 seconds used

0: sofa (1)
image_size:	640x480
1: sofa (2)
image_size:	640x480
2: sofa (3)
image_size:	640x480
3: sofa (4)
image_size:	640x480
4: sofa (5)
image_size:	640x480
5: sofa (6)
image_size:	640x480
6: sofa (7)
image_size:	640x480
7: sofa (8)
image_size:	640x480
8: sofa (9)
image_size:	640x480
9: sofa (10)
image_size:	640x480
10: sofa (11)
image_size:	640x480
11: sofa (12)
image_size:	640x480
12: sofa (13)
image_size:	640x480
13: sofa (14)
image_size:	640x480
14: sofa (15)
image_size:	640x480
15: sofa (16)
image_size:	640x480
16: sofa (17)
image_size:	640x480
17: sofa (18)
image_size:	640x480
18: sofa (19)
image_size:	640x480
19: sofa (20)
image_size:	640x480
20: sofa (21)
image_size:	640x480
21: sofa (22)
image_size:	640x480
22: sofa (23)
image_size:	640x480
23: sofa (24)
image_size:	640x480
24: sofa (25)
image_size:	640x480
25: sofa (26)
image_size:	640x480
26: sofa (27)
image_size:	640x480
27: sofa (28)
image_size:	640x480
28: sofa (29)
image_size:	640x480
29: sofa (30)
image_size:	640x480
30: sofa (31)
image_size:	640x480
31: sofa (32)
image_size:	640x480
32: sofa (33)
image_size:	640x480
33: sofa (34)
image_size:	640x480
34: sofa (35)
image_size:	640x480
35: sofa (36)
image_size:	640x480
36: sofa (37)
image_size:	640x480
**************************************
Change the number of pixel-loaded images by 
modifying param_visual_data_budget in nv.ini
Use the PAUSE button to skip the pixel loading
**************************************
Loading image pixel data ...done in 0s

Compute Missing Pairwise Matching, begin...
********* WARNING ***********
More than 112MB of graphic memory may be allocated
under the default settings. If the program halts here,
adjust parameters to save memory and rerun the task: 
    [Tools->Enable GPU->Set Maximum DIM]
Note some octaves may be automatically skipped
SIFT: 0000, 640x480, 	6790, 0.85sec
SIFT: 0001, 640x480, 	5773, 0.10sec
SIFT: 0002, 640x480, 	6075, 0.11sec
SIFT: 0003, 640x480, 	6039, 0.11sec
SIFT: 0004, 640x480, 	6673, 0.11sec
SIFT: 0005, 640x480, 	6944, 0.12sec
SIFT: 0006, 640x480, 	6873, 0.10sec
SIFT: 0007, 640x480, 	7310, 0.11sec
SIFT: 0008, 640x480, 	7012, 0.11sec
SIFT: 0009, 640x480, 	7524, 0.12sec
SIFT: 0010, 640x480, 	7182, 0.15sec
SIFT: 0011, 640x480, 	7230, 0.12sec
SIFT: 0012, 640x480, 	6760, 0.13sec
SIFT: 0013, 640x480, 	6781, 0.11sec
SIFT: 0014, 640x480, 	6984, 0.13sec
SIFT: 0015, 640x480, 	5757, 0.10sec
SIFT: 0016, 640x480, 	5542, 0.10sec
SIFT: 0017, 640x480, 	6276, 0.11sec
SIFT: 0018, 640x480, 	6305, 0.10sec
SIFT: 0019, 640x480, 	6298, 0.10sec
SIFT: 0020, 640x480, 	7233, 0.12sec
SIFT: 0021, 640x480, 	6347, 0.10sec
SIFT: 0022, 640x480, 	7496, 0.12sec
SIFT: 0023, 640x480, 	7736, 0.12sec
SIFT: 0024, 640x480, 	7802, 0.12sec
SIFT: 0025, 640x480, 	7829, 0.12sec
SIFT: 0026, 640x480, 	7759, 0.13sec
SIFT: 0027, 640x480, 	7643, 0.15sec
SIFT: 0028, 640x480, 	7114, 0.13sec
SIFT: 0029, 640x480, 	7129, 0.12sec
SIFT: 0030, 640x480, 	7109, 0.12sec
SIFT: 0031, 640x480, 	7140, 0.11sec
SIFT: 0032, 640x480, 	6879, 0.11sec
SIFT: 0033, 640x480, 	6365, 0.10sec
SIFT: 0034, 640x480, 	6685, 0.12sec
SIFT: 0035, 640x480, 	6502, 0.14sec
SIFT: 0036, 640x480, 	6790, 0.13sec

###########-------timing------#########
37 Feature Detection finished, 5 sec used
#############################

666 pairs to compute match
NOTE: using 3 matching workers
0000 and 0003: 531 matches, 0.10sec, #2
0001 and 0003: 1029 matches, 0.10sec, #1
0000 and 0003: [425/531], H[212], 0.00sec
0001 and 0003: [923/1029], H[531], 0.01sec
0002 and 0003: 1738 matches, 0.09sec, #2
0002 and 0003: [1650/1738], H[1031], 0.01sec
0000 and 0006: 222 matches, 0.11sec, #1
0000 and 0006: [123/222], H[23], 0.01sec
0000 and 0001: 1377 matches, 0.34sec, #0
0000 and 0001: [1220/1377], H[366], 0.01sec
0000 and 0004: 529 matches, 0.11sec, #2
0001 and 0006: 316 matches, 0.07sec, #1
0000 and 0004: [371/529], H[178], 0.01sec
0001 and 0006: [227/316], H[81], 0.01sec
0000 and 0002: 1079 matches, 0.10sec, #0
0000 and 0002: [959/1079], H[509], 0.01sec
0001 and 0004: 867 matches, 0.08sec, #2
0001 and 0004: [736/867], H[466], 0.00sec
0002 and 0006: 484 matches, 0.09sec, #1
0001 and 0002: 2128 matches, 0.12sec, #0
0002 and 0006: [382/484], H[94], 0.00sec
0001 and 0002: [2016/2128], H[617], 0.05sec
0002 and 0004: 1450 matches, 0.08sec, #2
0002 and 0004: [1252/1450], H[803], 0.01sec
0003 and 0006: 836 matches, 0.09sec, #1
0004 and 0007: 1136 matches, 0.12sec, #0
0003 and 0006: [716/836], H[100], 0.01sec
0004 and 0007: [1002/1136], H[482], 0.01sec
0003 and 0004: 2129 matches, 0.09sec, #2
0003 and 0004: [1984/2129], H[296], 0.01sec
0004 and 0006: 1201 matches, 0.09sec, #1
0005 and 0007: 2248 matches, 0.16sec, #0
0004 and 0006: [1070/1201], H[362], 0.01sec
0005 and 0007: [2117/2248], H[517], 0.02sec
0000 and 0005: 365 matches, 0.10sec, #2
0005 and 0006: 2438 matches, 0.11sec, #1
0000 and 0005: [225/365], H[98], 0.00sec
0006 and 0007: 2463 matches, 0.16sec, #0
0006 and 0007: [2372/2463], H[782], 0.02sec
0005 and 0006: [2323/2438], H[932], 0.04sec
0001 and 0005: 519 matches, 0.06sec, #2
0001 and 0005: [399/519], H[182], 0.00sec
0000 and 0008: 209 matches, 0.10sec, #0
0000 and 0008: [99/209], H[42], 0.05sec
0000 and 0007: 245 matches, 0.11sec, #1
0000 and 0007: [125/245], H[40], 0.01sec
0002 and 0005: 862 matches, 0.11sec, #2
0001 and 0008: 232 matches, 0.10sec, #0
0002 and 0005: [691/862], H[251], 0.01sec
0001 and 0008: [152/232], H[45], 0.00sec
0001 and 0007: 292 matches, 0.12sec, #1
0003 and 0005: 1265 matches, 0.08sec, #2
0001 and 0007: [200/292], H[105], 0.00sec
0003 and 0005: [1137/1265], H[819], 0.01sec
0002 and 0008: 375 matches, 0.15sec, #0
0002 and 0008: [281/375], H[153], 0.00sec
0002 and 0007: 467 matches, 0.11sec, #1
0002 and 0007: [372/467], H[108], 0.00sec
0004 and 0005: 2218 matches, 0.13sec, #2
0003 and 0008: 582 matches, 0.17sec, #0
0003 and 0008: [448/582], H[325], 0.01sec
0004 and 0005: [2063/2218], H[1326], 0.02sec
0003 and 0007: 750 matches, 0.10sec, #1
0007 and 0008: 2816 matches, 0.11sec, #2
0004 and 0008: 929 matches, 0.16sec, #0
0003 and 0007: [633/750], H[288], 0.00sec
0004 and 0008: [819/929], H[397], 0.00sec
0007 and 0008: [2712/2816], H[937], 0.01sec
0000 and 0010: 114 matches, 0.11sec, #1
0000 and 0009: 185 matches, 0.13sec, #2
0005 and 0008: 1624 matches, 0.16sec, #0
0000 and 0009: [89/185], H[40], 0.01sec
0005 and 0008: [1514/1624], H[241], 0.01sec
0000 and 0010: [50/114], H[13], 0.04sec
0001 and 0009: 191 matches, 0.10sec, #2
0001 and 0010: 120 matches, 0.10sec, #1
0001 and 0009: [104/191], H[35], 0.01sec
0006 and 0008: 1870 matches, 0.18sec, #0
0001 and 0010: [56/120], H[15], 0.01sec
0006 and 0008: [1762/1870], H[657], 0.01sec
0002 and 0009: 268 matches, 0.11sec, #2
0002 and 0010: 143 matches, 0.11sec, #1
0002 and 0009: [167/268], H[66], 0.01sec
0002 and 0010: [74/143], H[23], 0.01sec
0000 and 0011: 121 matches, 0.17sec, #0
0000 and 0011: [51/121], H[11], 0.03sec
0003 and 0009: 329 matches, 0.11sec, #2
0003 and 0010: 232 matches, 0.12sec, #1
0003 and 0009: [251/329], H[58], 0.00sec
0003 and 0010: [162/232], H[34], 0.00sec
0001 and 0011: 137 matches, 0.12sec, #0
0001 and 0011: [75/137], H[21], 0.01sec
0004 and 0009: 528 matches, 0.10sec, #2
0004 and 0009: [410/528], H[112], 0.00sec
0004 and 0010: 244 matches, 0.16sec, #1
0002 and 0011: 191 matches, 0.15sec, #0
0004 and 0010: [180/244], H[23], 0.01sec
0002 and 0011: [120/191], H[28], 0.01sec
0005 and 0009: 1051 matches, 0.14sec, #2
0005 and 0010: 463 matches, 0.09sec, #1
0005 and 0009: [904/1051], H[536], 0.01sec
0005 and 0010: [365/463], H[86], 0.00sec
0003 and 0011: 252 matches, 0.13sec, #0
0003 and 0011: [157/252], H[56], 0.01sec
0006 and 0009: 1328 matches, 0.12sec, #2
0006 and 0010: 760 matches, 0.13sec, #1
0006 and 0009: [1219/1328], H[881], 0.01sec
0006 and 0010: [663/760], H[232], 0.01sec
0004 and 0011: 292 matches, 0.16sec, #0
0004 and 0011: [204/292], H[35], 0.00sec
0007 and 0009: 2218 matches, 0.11sec, #2
0007 and 0010: 942 matches, 0.13sec, #1
0005 and 0011: 484 matches, 0.15sec, #0
0007 and 0009: [2063/2218], H[818], 0.01sec
0007 and 0010: [841/942], H[481], 0.01sec
0005 and 0011: [376/484], H[102], 0.00sec
0006 and 0011: 611 matches, 0.09sec, #0
0006 and 0011: [512/611], H[220], 0.01sec
0008 and 0009: 2461 matches, 0.16sec, #2
0008 and 0010: 1078 matches, 0.17sec, #1
0008 and 0010: [992/1078], H[194], 0.01sec
0007 and 0011: 793 matches, 0.14sec, #0
0008 and 0009: [2343/2461], H[463], 0.01sec
0007 and 0011: [671/793], H[195], 0.00sec
0009 and 0010: 2220 matches, 0.11sec, #1
0010 and 0011: 2724 matches, 0.12sec, #2
0008 and 0011: 1021 matches, 0.16sec, #0
0009 and 0010: [2097/2220], H[468], 0.01sec
0010 and 0011: [2620/2724], H[993], 0.01sec
0008 and 0011: [929/1021], H[372], 0.01sec
0009 and 0011: 1767 matches, 0.14sec, #0
0009 and 0012: 835 matches, 0.15sec, #1
0009 and 0011: [1640/1767], H[356], 0.01sec
0009 and 0012: [763/835], H[208], 0.01sec
0000 and 0012: 82 matches, 0.16sec, #2
0010 and 0012: 1375 matches, 0.10sec, #1
0007 and 0013: 326 matches, 0.12sec, #0
0007 and 0013: [254/326], H[119], 0.00sec
0010 and 0012: [1299/1375], H[249], 0.01sec
0000 and 0012: [35/82], H[11], 0.08sec
0011 and 0012: 1771 matches, 0.07sec, #1
0008 and 0013: 412 matches, 0.12sec, #0
0011 and 0012: [1655/1771], H[553], 0.01sec
0008 and 0013: [336/412], H[84], 0.00sec
0001 and 0012: 80 matches, 0.09sec, #2
0000 and 0013: 69 matches, 0.09sec, #1
0001 and 0012: [41/80], H[10], 0.01sec
0009 and 0013: 688 matches, 0.14sec, #0
0009 and 0013: [565/688], H[166], 0.01sec
0000 and 0013: [28/69], H[8], 0.07sec
0002 and 0012: 103 matches, 0.06sec, #2
0010 and 0013: 935 matches, 0.11sec, #0
0010 and 0013: [828/935], H[96], 0.01sec
0002 and 0012: [47/103], H[15], 0.02sec
0001 and 0013: 84 matches, 0.08sec, #1
0003 and 0012: 134 matches, 0.06sec, #2
0011 and 0013: 1438 matches, 0.14sec, #0
0003 and 0012: [81/134], H[28], 0.00sec
0011 and 0013: [1201/1438], H[202], 0.01sec
0001 and 0013: [33/84], H[14], 0.04sec
0004 and 0012: 149 matches, 0.06sec, #2
0004 and 0012: [104/149], H[21], 0.00sec
0012 and 0013: 1916 matches, 0.11sec, #0
0012 and 0013: [1834/1916], H[231], 0.01sec
0002 and 0013: 105 matches, 0.09sec, #1
0005 and 0012: 236 matches, 0.10sec, #2
0005 and 0012: [176/236], H[33], 0.00sec
0000 and 0014: 90 matches, 0.15sec, #0
0002 and 0013: [45/105], H[12], 0.02sec
0000 and 0014: [34/90], H[9], 0.05sec
0006 and 0012: 320 matches, 0.15sec, #2
0003 and 0013: 139 matches, 0.14sec, #1
0006 and 0012: [244/320], H[42], 0.00sec
0003 and 0013: [76/139], H[33], 0.01sec
0001 and 0014: 94 matches, 0.16sec, #0
0001 and 0014: [37/94], H[10], 0.08sec
0007 and 0012: 356 matches, 0.12sec, #2
0004 and 0013: 156 matches, 0.13sec, #1
0007 and 0012: [292/356], H[82], 0.00sec
0004 and 0013: [93/156], H[31], 0.01sec
0002 and 0014: 113 matches, 0.11sec, #0
0002 and 0014: [42/113], H[5], 0.08sec
0008 and 0012: 498 matches, 0.14sec, #2
0005 and 0013: 201 matches, 0.14sec, #1
0003 and 0014: 120 matches, 0.13sec, #0
0008 and 0012: [409/498], H[178], 0.00sec
0005 and 0013: [130/201], H[41], 0.00sec
0003 and 0014: [63/120], H[25], 0.01sec
0006 and 0013: 245 matches, 0.13sec, #1
0004 and 0014: 161 matches, 0.13sec, #2
0000 and 0015: 43 matches, 0.18sec, #0
0006 and 0013: [176/245], H[99], 0.00sec
0004 and 0014: [88/161], H[29], 0.01sec
0000 and 0015: [15/43], H[4], 0.06sec
0010 and 0015: 534 matches, 0.12sec, #1
0010 and 0015: [458/534], H[42], 0.00sec
0005 and 0014: 232 matches, 0.13sec, #2
0001 and 0015: 46 matches, 0.13sec, #0
0005 and 0014: [146/232], H[24], 0.00sec
0001 and 0015: [15/46], H[6], 0.07sec
0011 and 0015: 700 matches, 0.10sec, #1
0006 and 0014: 255 matches, 0.12sec, #2
0011 and 0015: [588/700], H[133], 0.00sec
0006 and 0014: [191/255], H[19], 0.00sec
0002 and 0015: 52 matches, 0.09sec, #0
0002 and 0015: [25/52], H[10], 0.04sec
0012 and 0015: 1428 matches, 0.09sec, #1
0007 and 0014: 359 matches, 0.11sec, #2
0003 and 0015: 43 matches, 0.10sec, #0
0007 and 0014: [247/359], H[109], 0.00sec
0012 and 0015: [1315/1428], H[428], 0.01sec
0003 and 0015: [22/43], H[8], 0.01sec
0008 and 0014: 449 matches, 0.10sec, #2
0013 and 0015: 1509 matches, 0.10sec, #1
0008 and 0014: [330/449], H[204], 0.00sec
0013 and 0015: [1442/1509], H[256], 0.01sec
0004 and 0015: 72 matches, 0.15sec, #0
0004 and 0015: [34/72], H[10], 0.02sec
0014 and 0015: 1539 matches, 0.11sec, #1
0009 and 0014: 739 matches, 0.12sec, #2
0005 and 0015: 91 matches, 0.13sec, #0
0009 and 0014: [598/739], H[267], 0.01sec
0014 and 0015: [1483/1539], H[824], 0.01sec
0005 and 0015: [55/91], H[13], 0.00sec
0010 and 0014: 1166 matches, 0.09sec, #2
0000 and 0016: 36 matches, 0.10sec, #1
0010 and 0014: [1026/1166], H[214], 0.01sec
0006 and 0015: 119 matches, 0.14sec, #0
0006 and 0015: [75/119], H[30], 0.00sec
0000 and 0016: [15/36], H[9], 0.02sec
0011 and 0014: 1680 matches, 0.11sec, #2
0001 and 0016: 38 matches, 0.09sec, #1
0011 and 0014: [1509/1680], H[364], 0.01sec
0007 and 0015: 143 matches, 0.13sec, #0
0007 and 0015: [103/143], H[45], 0.00sec
0001 and 0016: [19/38], H[10], 0.01sec
0008 and 0015: 180 matches, 0.10sec, #0
0008 and 0015: [125/180], H[59], 0.00sec
0012 and 0014: 1705 matches, 0.13sec, #2
0012 and 0014: [1577/1705], H[338], 0.01sec
0002 and 0016: 42 matches, 0.13sec, #1
0009 and 0015: 334 matches, 0.08sec, #0
0009 and 0015: [234/334], H[35], 0.01sec
0002 and 0016: [21/42], H[5], 0.02sec
0013 and 0014: 2317 matches, 0.09sec, #2
0003 and 0016: 50 matches, 0.07sec, #1
0003 and 0016: [27/50], H[9], 0.01sec
0013 and 0014: [2237/2317], H[604], 0.01sec
0005 and 0016: 89 matches, 0.14sec, #0
0005 and 0016: [50/89], H[17], 0.01sec
0004 and 0016: 66 matches, 0.07sec, #1
0015 and 0016: 1866 matches, 0.08sec, #2
0006 and 0016: 112 matches, 0.12sec, #0
0004 and 0016: [31/66], H[12], 0.01sec
0015 and 0016: [1791/1866], H[1008], 0.01sec
0006 and 0016: [72/112], H[37], 0.00sec
0009 and 0017: 702 matches, 0.11sec, #1
0000 and 0017: 83 matches, 0.11sec, #2
0009 and 0017: [587/702], H[147], 0.01sec
0007 and 0016: 129 matches, 0.15sec, #0
0007 and 0016: [85/129], H[18], 0.00sec
0010 and 0017: 1095 matches, 0.08sec, #1
0000 and 0017: [15/83], H[5], 0.09sec
0010 and 0017: [938/1095], H[79], 0.01sec
0008 and 0016: 139 matches, 0.10sec, #0
0008 and 0016: [101/139], H[37], 0.00sec
0001 and 0017: 75 matches, 0.11sec, #2
0009 and 0016: 295 matches, 0.11sec, #0
0009 and 0016: [228/295], H[144], 0.00sec
0011 and 0017: 1107 matches, 0.15sec, #1
0011 and 0017: [979/1107], H[157], 0.01sec
0001 and 0017: [19/75], H[4], 0.06sec
0010 and 0016: 501 matches, 0.08sec, #0
0010 and 0016: [415/501], H[219], 0.01sec
0002 and 0017: 93 matches, 0.13sec, #2
0012 and 0017: 1232 matches, 0.14sec, #1
0011 and 0016: 681 matches, 0.16sec, #0
0012 and 0017: [1171/1232], H[296], 0.01sec
0011 and 0016: [599/681], H[94], 0.01sec
0002 and 0017: [34/93], H[14], 0.04sec
0003 and 0017: 87 matches, 0.09sec, #2
0013 and 0017: 1042 matches, 0.12sec, #1
0012 and 0016: 1061 matches, 0.15sec, #0
0013 and 0017: [959/1042], H[74], 0.01sec
0012 and 0016: [931/1061], H[255], 0.01sec
0003 and 0017: [37/87], H[16], 0.02sec
0004 and 0017: 125 matches, 0.12sec, #2
0014 and 0017: 1767 matches, 0.13sec, #1
0013 and 0016: 1081 matches, 0.15sec, #0
0004 and 0017: [54/125], H[10], 0.02sec
0014 and 0017: [1620/1767], H[315], 0.01sec
0013 and 0016: [939/1081], H[151], 0.01sec
0005 and 0017: 172 matches, 0.09sec, #2
0015 and 0017: 1154 matches, 0.11sec, #1
0005 and 0017: [103/172], H[48], 0.00sec
0014 and 0016: 1189 matches, 0.15sec, #0
0015 and 0017: [1083/1154], H[466], 0.01sec
0014 and 0016: [903/1189], H[406], 0.00sec
0006 and 0017: 223 matches, 0.08sec, #2
0006 and 0017: [157/223], H[103], 0.00sec
0016 and 0017: 1076 matches, 0.09sec, #1
0002 and 0018: 111 matches, 0.14sec, #0
0016 and 0017: [998/1076], H[375], 0.01sec
0002 and 0018: [35/111], H[22], 0.07sec
0007 and 0017: 317 matches, 0.10sec, #2
0007 and 0017: [208/317], H[61], 0.01sec
0000 and 0018: 79 matches, 0.09sec, #1
0003 and 0018: 94 matches, 0.08sec, #0
0003 and 0018: [42/94], H[13], 0.04sec
0000 and 0018: [24/79], H[18], 0.07sec
0008 and 0017: 331 matches, 0.08sec, #2
0008 and 0017: [260/331], H[156], 0.00sec
0004 and 0018: 131 matches, 0.08sec, #0
0004 and 0018: [61/131], H[28], 0.02sec
0001 and 0018: 78 matches, 0.11sec, #1
0012 and 0018: 1181 matches, 0.08sec, #2
0005 and 0018: 190 matches, 0.11sec, #0
0012 and 0018: [1101/1181], H[222], 0.01sec
0005 and 0018: [119/190], H[17], 0.00sec
0001 and 0018: [27/78], H[19], 0.08sec
0013 and 0018: 1465 matches, 0.06sec, #2
0006 and 0018: 207 matches, 0.12sec, #0
0013 and 0018: [1363/1465], H[311], 0.01sec
0006 and 0018: [158/207], H[33], 0.00sec
0004 and 0019: 89 matches, 0.10sec, #1
0014 and 0018: 2172 matches, 0.10sec, #2
0007 and 0018: 271 matches, 0.13sec, #0
0014 and 0018: [2047/2172], H[546], 0.01sec
0007 and 0018: [206/271], H[96], 0.00sec
0004 and 0019: [40/89], H[23], 0.08sec
0008 and 0018: 338 matches, 0.08sec, #0
0008 and 0018: [252/338], H[52], 0.00sec
0015 and 0018: 1472 matches, 0.13sec, #2
0005 and 0019: 137 matches, 0.08sec, #1
0005 and 0019: [81/137], H[21], 0.00sec
0015 and 0018: [1409/1472], H[618], 0.01sec
0009 and 0018: 628 matches, 0.11sec, #0
0009 and 0018: [518/628], H[142], 0.01sec
0006 and 0019: 194 matches, 0.10sec, #1
0016 and 0018: 1165 matches, 0.10sec, #2
0006 and 0019: [134/194], H[47], 0.00sec
0010 and 0018: 953 matches, 0.13sec, #0
0016 and 0018: [1103/1165], H[597], 0.01sec
0010 and 0018: [845/953], H[143], 0.01sec
0007 and 0019: 254 matches, 0.09sec, #1
0017 and 0018: 2495 matches, 0.11sec, #2
0007 and 0019: [187/254], H[59], 0.00sec
0011 and 0018: 1168 matches, 0.14sec, #0
0011 and 0018: [1038/1168], H[137], 0.01sec
0017 and 0018: [2412/2495], H[1698], 0.02sec
0008 and 0019: 239 matches, 0.10sec, #1
0000 and 0019: 53 matches, 0.09sec, #2
0008 and 0019: [176/239], H[117], 0.00sec
0014 and 0019: 732 matches, 0.15sec, #0
0014 and 0019: [665/732], H[71], 0.01sec
0000 and 0019: [15/53], H[9], 0.06sec
0009 and 0019: 509 matches, 0.07sec, #1
0015 and 0019: 632 matches, 0.10sec, #0
0009 and 0019: [427/509], H[38], 0.01sec
0015 and 0019: [557/632], H[83], 0.01sec
0001 and 0019: 60 matches, 0.08sec, #2
0010 and 0019: 1013 matches, 0.10sec, #1
0016 and 0019: 589 matches, 0.11sec, #0
0010 and 0019: [892/1013], H[58], 0.01sec
0016 and 0019: [538/589], H[75], 0.00sec
0001 and 0019: [19/60], H[5], 0.06sec
0011 and 0019: 780 matches, 0.07sec, #1
0017 and 0019: 1398 matches, 0.11sec, #0
0011 and 0019: [678/780], H[75], 0.01sec
0017 and 0019: [1290/1398], H[159], 0.01sec
0002 and 0019: 73 matches, 0.16sec, #2
0012 and 0019: 713 matches, 0.14sec, #1
0018 and 0019: 1104 matches, 0.15sec, #0
0012 and 0019: [617/713], H[44], 0.01sec
0002 and 0019: [30/73], H[9], 0.02sec
0018 and 0019: [998/1104], H[66], 0.01sec
0003 and 0019: 94 matches, 0.12sec, #2
0013 and 0019: 512 matches, 0.13sec, #1
0000 and 0020: 120 matches, 0.17sec, #0
0013 and 0019: [455/512], H[18], 0.01sec
0000 and 0020: [60/120], H[21], 0.01sec
0003 and 0019: [44/94], H[12], 0.04sec
0005 and 0020: 440 matches, 0.10sec, #1
0015 and 0020: 454 matches, 0.11sec, #2
0005 and 0020: [346/440], H[218], 0.00sec
0001 and 0020: 127 matches, 0.18sec, #0
0015 and 0020: [378/454], H[38], 0.00sec
0001 and 0020: [66/127], H[8], 0.01sec
0006 and 0020: 503 matches, 0.11sec, #1
0016 and 0020: 425 matches, 0.12sec, #2
0006 and 0020: [413/503], H[106], 0.00sec
0002 and 0020: 149 matches, 0.17sec, #0
0016 and 0020: [310/425], H[53], 0.00sec
0002 and 0020: [83/149], H[49], 0.01sec
0007 and 0020: 764 matches, 0.14sec, #1
0017 and 0020: 973 matches, 0.14sec, #2
0007 and 0020: [601/764], H[305], 0.01sec
0003 and 0020: 204 matches, 0.18sec, #0
0017 and 0020: [829/973], H[95], 0.01sec
0003 and 0020: [131/204], H[57], 0.01sec
0008 and 0020: 758 matches, 0.13sec, #1
0018 and 0020: 916 matches, 0.12sec, #2
0004 and 0020: 281 matches, 0.18sec, #0
0008 and 0020: [643/758], H[347], 0.00sec
0018 and 0020: [779/916], H[112], 0.01sec
0004 and 0020: [191/281], H[100], 0.00sec
0005 and 0021: 211 matches, 0.14sec, #0
0009 and 0020: 1160 matches, 0.14sec, #1
0019 and 0020: 1506 matches, 0.14sec, #2
0005 and 0021: [161/211], H[84], 0.00sec
0009 and 0020: [1011/1160], H[557], 0.01sec
0019 and 0020: [1419/1506], H[231], 0.01sec
0010 and 0020: 974 matches, 0.08sec, #1
0006 and 0021: 213 matches, 0.12sec, #0
0006 and 0021: [172/213], H[89], 0.00sec
0010 and 0020: [859/974], H[170], 0.01sec
0000 and 0021: 76 matches, 0.10sec, #2
0011 and 0020: 853 matches, 0.10sec, #1
0000 and 0021: [42/76], H[10], 0.01sec
0011 and 0020: [745/853], H[436], 0.01sec
0007 and 0021: 300 matches, 0.14sec, #0
0007 and 0021: [233/300], H[27], 0.00sec
0001 and 0021: 65 matches, 0.09sec, #2
0012 and 0020: 631 matches, 0.12sec, #1
0001 and 0021: [38/65], H[20], 0.01sec
0012 and 0020: [524/631], H[300], 0.00sec
0008 and 0021: 387 matches, 0.14sec, #0
0008 and 0021: [297/387], H[130], 0.01sec
0002 and 0021: 96 matches, 0.09sec, #2
0013 and 0020: 663 matches, 0.11sec, #1
0002 and 0021: [55/96], H[12], 0.01sec
0013 and 0020: [549/663], H[273], 0.00sec
0009 and 0021: 559 matches, 0.14sec, #0
0009 and 0021: [470/559], H[86], 0.01sec
0003 and 0021: 108 matches, 0.09sec, #2
0014 and 0020: 783 matches, 0.11sec, #1
0003 and 0021: [74/108], H[39], 0.00sec
0014 and 0020: [639/783], H[179], 0.01sec
0010 and 0021: 589 matches, 0.15sec, #0
0010 and 0021: [487/589], H[90], 0.01sec
0004 and 0021: 153 matches, 0.08sec, #2
0015 and 0021: 526 matches, 0.09sec, #1
0004 and 0021: [115/153], H[71], 0.00sec
0015 and 0021: [453/526], H[33], 0.00sec
0011 and 0021: 454 matches, 0.13sec, #0
0011 and 0021: [406/454], H[23], 0.04sec
0016 and 0021: 327 matches, 0.11sec, #1
0004 and 0022: 357 matches, 0.11sec, #2
0016 and 0021: [276/327], H[14], 0.00sec
0004 and 0022: [282/357], H[185], 0.00sec
0012 and 0021: 450 matches, 0.12sec, #0
0012 and 0021: [370/450], H[64], 0.01sec
0017 and 0021: 821 matches, 0.10sec, #1
0005 and 0022: 492 matches, 0.10sec, #2
0017 and 0021: [737/821], H[133], 0.01sec
0005 and 0022: [407/492], H[126], 0.00sec
0013 and 0021: 449 matches, 0.14sec, #0
0013 and 0021: [395/449], H[195], 0.01sec
0018 and 0021: 844 matches, 0.09sec, #1
0006 and 0022: 437 matches, 0.11sec, #2
0018 and 0021: [736/844], H[118], 0.01sec
0014 and 0021: 488 matches, 0.14sec, #0
0006 and 0022: [368/437], H[152], 0.00sec
0014 and 0021: [419/488], H[59], 0.01sec
0019 and 0021: 1408 matches, 0.08sec, #1
0007 and 0022: 723 matches, 0.10sec, #2
0019 and 0021: [1325/1408], H[618], 0.01sec
0014 and 0022: 479 matches, 0.15sec, #0
0007 and 0022: [585/723], H[172], 0.01sec
0014 and 0022: [384/479], H[148], 0.01sec
0015 and 0022: 345 matches, 0.08sec, #0
0015 and 0022: [282/345], H[90], 0.01sec
0020 and 0021: 1913 matches, 0.14sec, #1
0008 and 0022: 695 matches, 0.15sec, #2
0020 and 0021: [1812/1913], H[990], 0.01sec
0008 and 0022: [573/695], H[220], 0.00sec
0016 and 0022: 263 matches, 0.10sec, #0
0016 and 0022: [204/263], H[28], 0.00sec
0000 and 0022: 121 matches, 0.12sec, #1
0009 and 0022: 869 matches, 0.15sec, #2
0000 and 0022: [73/121], H[10], 0.00sec
0017 and 0022: 532 matches, 0.16sec, #0
0009 and 0022: [777/869], H[320], 0.01sec
0017 and 0022: [424/532], H[57], 0.01sec
0001 and 0022: 149 matches, 0.14sec, #1
0010 and 0022: 687 matches, 0.14sec, #2
0001 and 0022: [102/149], H[34], 0.00sec
0018 and 0022: 588 matches, 0.13sec, #0
0010 and 0022: [520/687], H[189], 0.01sec
0018 and 0022: [427/588], H[229], 0.01sec
0011 and 0022: 655 matches, 0.14sec, #2
0002 and 0022: 179 matches, 0.16sec, #1
0011 and 0022: [565/655], H[260], 0.00sec
0002 and 0022: [116/179], H[20], 0.00sec
0019 and 0022: 1034 matches, 0.16sec, #0
0019 and 0022: [943/1034], H[177], 0.01sec
0012 and 0022: 398 matches, 0.17sec, #2
0003 and 0022: 268 matches, 0.17sec, #1
0012 and 0022: [298/398], H[129], 0.00sec
0020 and 0022: 2625 matches, 0.20sec, #0
0003 and 0022: [202/268], H[71], 0.00sec
0020 and 0022: [2511/2625], H[1110], 0.02sec
0013 and 0022: 483 matches, 0.12sec, #2
0002 and 0023: 278 matches, 0.15sec, #1
0021 and 0022: 1785 matches, 0.17sec, #0
0013 and 0022: [394/483], H[128], 0.00sec
0002 and 0023: [201/278], H[45], 0.00sec
0021 and 0022: [1676/1785], H[390], 0.01sec
0012 and 0023: 422 matches, 0.14sec, #2
0003 and 0023: 387 matches, 0.15sec, #1
0012 and 0023: [299/422], H[167], 0.00sec
0000 and 0023: 172 matches, 0.19sec, #0
0003 and 0023: [292/387], H[57], 0.00sec
0000 and 0023: [91/172], H[20], 0.01sec
0013 and 0023: 417 matches, 0.13sec, #2
0004 and 0023: 486 matches, 0.14sec, #1
0013 and 0023: [325/417], H[161], 0.00sec
0001 and 0023: 217 matches, 0.16sec, #0
0004 and 0023: [389/486], H[261], 0.00sec
0001 and 0023: [145/217], H[43], 0.01sec
0014 and 0023: 519 matches, 0.12sec, #2
0005 and 0023: 715 matches, 0.13sec, #1
0014 and 0023: [395/519], H[66], 0.01sec
0005 and 0023: [566/715], H[395], 0.01sec
0022 and 0023: 3057 matches, 0.17sec, #0
0022 and 0023: [2989/3057], H[2026], 0.02sec
0015 and 0023: 320 matches, 0.12sec, #2
0006 and 0023: 716 matches, 0.12sec, #1
0015 and 0023: [251/320], H[48], 0.00sec
0006 and 0023: [579/716], H[372], 0.01sec
0000 and 0024: 220 matches, 0.16sec, #0
0000 and 0024: [132/220], H[18], 0.01sec
0016 and 0023: 252 matches, 0.10sec, #2
0007 and 0023: 967 matches, 0.12sec, #1
0016 and 0023: [185/252], H[47], 0.00sec
0007 and 0023: [809/967], H[325], 0.01sec
0001 and 0024: 303 matches, 0.16sec, #0
0001 and 0024: [225/303], H[82], 0.00sec
0017 and 0023: 510 matches, 0.12sec, #2
0008 and 0023: 806 matches, 0.13sec, #1
0017 and 0023: [385/510], H[101], 0.01sec
0008 and 0023: [681/806], H[253], 0.01sec
0002 and 0024: 477 matches, 0.15sec, #0
0002 and 0024: [371/477], H[216], 0.01sec
0018 and 0023: 542 matches, 0.13sec, #2
0009 and 0023: 962 matches, 0.14sec, #1
0018 and 0023: [432/542], H[213], 0.00sec
0009 and 0023: [828/962], H[149], 0.01sec
0003 and 0024: 556 matches, 0.14sec, #0
0003 and 0024: [451/556], H[226], 0.00sec
0019 and 0023: 816 matches, 0.13sec, #2
0010 and 0023: 751 matches, 0.16sec, #1
0019 and 0023: [696/816], H[162], 0.01sec
0010 and 0023: [650/751], H[264], 0.01sec
0004 and 0024: 742 matches, 0.16sec, #0
0004 and 0024: [619/742], H[345], 0.01sec
0020 and 0023: 2464 matches, 0.12sec, #2
0011 and 0023: 750 matches, 0.14sec, #1
0011 and 0023: [640/750], H[288], 0.01sec
0020 and 0023: [2379/2464], H[963], 0.01sec
0005 and 0024: 914 matches, 0.18sec, #0
0005 and 0024: [702/914], H[203], 0.01sec
0009 and 0024: 730 matches, 0.13sec, #1
0021 and 0023: 1165 matches, 0.14sec, #2
0009 and 0024: [604/730], H[247], 0.01sec
0021 and 0023: [1108/1165], H[126], 0.01sec
0006 and 0024: 847 matches, 0.16sec, #0
0006 and 0024: [688/847], H[454], 0.01sec
0010 and 0024: 604 matches, 0.12sec, #1
0019 and 0024: 496 matches, 0.12sec, #2
0010 and 0024: [502/604], H[229], 0.01sec
0019 and 0024: [426/496], H[112], 0.01sec
0007 and 0024: 957 matches, 0.17sec, #0
0007 and 0024: [742/957], H[542], 0.01sec
0011 and 0024: 625 matches, 0.14sec, #1
0020 and 0024: 1461 matches, 0.15sec, #2
0011 and 0024: [508/625], H[297], 0.01sec
0008 and 0024: 679 matches, 0.17sec, #0
0020 and 0024: [1311/1461], H[193], 0.01sec
0008 and 0024: [535/679], H[299], 0.00sec
0005 and 0025: 860 matches, 0.12sec, #0
0005 and 0025: [729/860], H[551], 0.01sec
0012 and 0024: 340 matches, 0.16sec, #1
0012 and 0024: [241/340], H[122], 0.00sec
0021 and 0024: 666 matches, 0.20sec, #2
0013 and 0024: 278 matches, 0.08sec, #1
0021 and 0024: [594/666], H[76], 0.00sec
0006 and 0025: 846 matches, 0.17sec, #0
0013 and 0024: [186/278], H[75], 0.00sec
0006 and 0025: [725/846], H[470], 0.01sec
0022 and 0024: 1876 matches, 0.13sec, #2
0014 and 0024: 357 matches, 0.14sec, #1
0022 and 0024: [1770/1876], H[493], 0.01sec
0007 and 0025: 1004 matches, 0.18sec, #0
0014 and 0024: [237/357], H[51], 0.00sec
0007 and 0025: [791/1004], H[304], 0.01sec
0008 and 0025: 757 matches, 0.14sec, #0
0008 and 0025: [636/757], H[265], 0.00sec
0023 and 0024: 2876 matches, 0.18sec, #2
0015 and 0024: 209 matches, 0.19sec, #1
0009 and 0025: 794 matches, 0.15sec, #0
0015 and 0024: [146/209], H[53], 0.00sec
0009 and 0025: [672/794], H[203], 0.00sec
0023 and 0024: [2733/2876], H[614], 0.01sec
0016 and 0024: 184 matches, 0.11sec, #1
0000 and 0025: 192 matches, 0.15sec, #2
0016 and 0024: [133/184], H[68], 0.00sec
0010 and 0025: 683 matches, 0.19sec, #0
0000 and 0025: [103/192], H[25], 0.01sec
0010 and 0025: [573/683], H[182], 0.01sec
0017 and 0024: 354 matches, 0.11sec, #1
0001 and 0025: 279 matches, 0.12sec, #2
0017 and 0024: [258/354], H[65], 0.01sec
0011 and 0025: 722 matches, 0.17sec, #0
0001 and 0025: [190/279], H[76], 0.00sec
0011 and 0025: [592/722], H[181], 0.01sec
0018 and 0024: 363 matches, 0.12sec, #1
0002 and 0025: 387 matches, 0.13sec, #2
0018 and 0024: [261/363], H[95], 0.00sec
0012 and 0025: 361 matches, 0.17sec, #0
0002 and 0025: [296/387], H[106], 0.00sec
0012 and 0025: [272/361], H[109], 0.00sec
0015 and 0025: 229 matches, 0.09sec, #1
0003 and 0025: 533 matches, 0.11sec, #2
0015 and 0025: [166/229], H[77], 0.00sec
0013 and 0025: 333 matches, 0.16sec, #0
0003 and 0025: [423/533], H[132], 0.01sec
0013 and 0025: [239/333], H[47], 0.00sec
0016 and 0025: 209 matches, 0.12sec, #1
0004 and 0025: 658 matches, 0.14sec, #2
0016 and 0025: [142/209], H[69], 0.00sec
0014 and 0025: 415 matches, 0.15sec, #0
0004 and 0025: [531/658], H[380], 0.00sec
0014 and 0025: [303/415], H[134], 0.01sec
0017 and 0025: 395 matches, 0.14sec, #1
0017 and 0025: [286/395], H[105], 0.00sec
0010 and 0026: 614 matches, 0.15sec, #0
0010 and 0026: [511/614], H[186], 0.01sec
0000 and 0026: 218 matches, 0.17sec, #2
0018 and 0025: 397 matches, 0.07sec, #1
0000 and 0026: [139/218], H[59], 0.00sec
0011 and 0026: 630 matches, 0.15sec, #0
0018 and 0025: [287/397], H[83], 0.01sec
0011 and 0026: [502/630], H[285], 0.01sec
0001 and 0026: 349 matches, 0.11sec, #2
0019 and 0025: 601 matches, 0.13sec, #1
0001 and 0026: [261/349], H[81], 0.00sec
0012 and 0026: 341 matches, 0.16sec, #0
0019 and 0025: [532/601], H[49], 0.00sec
0012 and 0026: [234/341], H[92], 0.01sec
0002 and 0026: 484 matches, 0.11sec, #2
0020 and 0025: 1688 matches, 0.13sec, #1
0002 and 0026: [369/484], H[149], 0.00sec
0013 and 0026: 262 matches, 0.16sec, #0
0020 and 0025: [1582/1688], H[308], 0.01sec
0013 and 0026: [189/262], H[53], 0.00sec
0003 and 0026: 576 matches, 0.11sec, #2
0021 and 0025: 741 matches, 0.13sec, #1
0003 and 0026: [465/576], H[168], 0.00sec
0014 and 0026: 331 matches, 0.18sec, #0
0021 and 0025: [624/741], H[160], 0.00sec
0014 and 0026: [230/331], H[141], 0.00sec
0004 and 0026: 743 matches, 0.13sec, #2
0022 and 0025: 2127 matches, 0.15sec, #1
0004 and 0026: [568/743], H[402], 0.01sec
0015 and 0026: 186 matches, 0.17sec, #0
0022 and 0025: [1999/2127], H[441], 0.01sec
0015 and 0026: [119/186], H[44], 0.00sec
0016 and 0026: 166 matches, 0.13sec, #0
0016 and 0026: [113/166], H[53], 0.00sec
0005 and 0026: 928 matches, 0.16sec, #2
0005 and 0026: [777/928], H[365], 0.01sec
0023 and 0025: 3242 matches, 0.20sec, #1
0006 and 0026: 893 matches, 0.09sec, #2
0006 and 0026: [750/893], H[447], 0.01sec
0017 and 0026: 333 matches, 0.14sec, #0
0023 and 0025: [3142/3242], H[1867], 0.01sec
0017 and 0026: [215/333], H[58], 0.01sec
0007 and 0026: 975 matches, 0.15sec, #2
0007 and 0026: [829/975], H[332], 0.01sec
0018 and 0026: 355 matches, 0.16sec, #0
0024 and 0025: 3986 matches, 0.16sec, #1
0018 and 0026: [246/355], H[94], 0.00sec
0024 and 0025: [3856/3986], H[2877], 0.03sec
0008 and 0026: 641 matches, 0.08sec, #2
0019 and 0026: 467 matches, 0.14sec, #0
0008 and 0026: [531/641], H[339], 0.01sec
0019 and 0026: [390/467], H[54], 0.01sec
0020 and 0026: 1365 matches, 0.16sec, #1
0020 and 0026: [1236/1365], H[532], 0.02sec
0004 and 0027: 672 matches, 0.15sec, #0
0004 and 0027: [549/672], H[79], 0.01sec
0009 and 0026: 798 matches, 0.22sec, #2
0021 and 0026: 645 matches, 0.10sec, #1
0009 and 0026: [656/798], H[468], 0.00sec
0005 and 0027: 731 matches, 0.20sec, #0
0021 and 0026: [596/645], H[101], 0.00sec
0005 and 0027: [582/731], H[315], 0.01sec
0014 and 0027: 221 matches, 0.13sec, #2
0022 and 0026: 1776 matches, 0.15sec, #1
0006 and 0027: 813 matches, 0.20sec, #0
0014 and 0027: [140/221], H[13], 0.00sec
0022 and 0026: [1677/1776], H[246], 0.01sec
0006 and 0027: [708/813], H[370], 0.01sec
0015 and 0027: 141 matches, 0.14sec, #2
0023 and 0026: 2759 matches, 0.17sec, #1
0015 and 0027: [91/141], H[31], 0.00sec
0007 and 0027: 710 matches, 0.20sec, #0
0007 and 0027: [579/710], H[300], 0.01sec
0023 and 0026: [2601/2759], H[621], 0.01sec
0016 and 0027: 151 matches, 0.11sec, #2
0024 and 0026: 4056 matches, 0.13sec, #1
0016 and 0027: [105/151], H[21], 0.00sec
0008 and 0027: 491 matches, 0.19sec, #0
0008 and 0027: [407/491], H[205], 0.01sec
0024 and 0026: [3957/4056], H[3656], 0.02sec
0017 and 0027: 251 matches, 0.14sec, #2
0025 and 0026: 3848 matches, 0.17sec, #1
0017 and 0027: [160/251], H[32], 0.00sec
0009 and 0027: 534 matches, 0.23sec, #0
0009 and 0027: [401/534], H[211], 0.01sec
0025 and 0026: [3719/3848], H[2103], 0.03sec
0018 and 0027: 232 matches, 0.09sec, #2
0010 and 0027: 521 matches, 0.18sec, #0
0018 and 0027: [151/232], H[40], 0.01sec
0010 and 0027: [411/521], H[202], 0.04sec
0000 and 0027: 267 matches, 0.13sec, #1
0019 and 0027: 370 matches, 0.14sec, #2
0011 and 0027: 454 matches, 0.15sec, #0
0000 and 0027: [177/267], H[67], 0.00sec
0019 and 0027: [296/370], H[135], 0.00sec
0011 and 0027: [330/454], H[81], 0.00sec
0001 and 0027: 386 matches, 0.10sec, #1
0020 and 0027: 837 matches, 0.13sec, #2
0001 and 0027: [307/386], H[21], 0.00sec
0012 and 0027: 277 matches, 0.18sec, #0
0020 and 0027: [709/837], H[298], 0.01sec
0012 and 0027: [186/277], H[78], 0.01sec
0002 and 0027: 496 matches, 0.13sec, #1
0002 and 0027: [394/496], H[167], 0.00sec
0021 and 0027: 419 matches, 0.15sec, #2
0013 and 0027: 193 matches, 0.15sec, #0
0021 and 0027: [369/419], H[30], 0.01sec
0013 and 0027: [124/193], H[40], 0.01sec
0003 and 0027: 644 matches, 0.14sec, #1
0003 and 0027: [523/644], H[283], 0.00sec
0024 and 0027: 2536 matches, 0.16sec, #0
0024 and 0027: [2390/2536], H[535], 0.02sec
0022 and 0027: 1094 matches, 0.21sec, #2
0007 and 0028: 481 matches, 0.08sec, #1
0022 and 0027: [989/1094], H[163], 0.01sec
0007 and 0028: [402/481], H[280], 0.00sec
0025 and 0027: 2267 matches, 0.17sec, #0
0025 and 0027: [2118/2267], H[391], 0.02sec
0023 and 0027: 1687 matches, 0.13sec, #2
0023 and 0027: [1524/1687], H[188], 0.01sec
0008 and 0028: 348 matches, 0.10sec, #1
0008 and 0028: [304/348], H[157], 0.00sec
0026 and 0027: 2757 matches, 0.15sec, #0
0026 and 0027: [2623/2757], H[514], 0.02sec
0017 and 0028: 205 matches, 0.10sec, #2
0009 and 0028: 390 matches, 0.10sec, #1
0017 and 0028: [154/205], H[64], 0.00sec
0009 and 0028: [325/390], H[74], 0.00sec
0000 and 0028: 161 matches, 0.11sec, #0
0000 and 0028: [110/161], H[50], 0.00sec
0018 and 0028: 218 matches, 0.13sec, #2
0018 and 0028: [158/218], H[66], 0.00sec
0001 and 0028: 245 matches, 0.12sec, #0
0001 and 0028: [210/245], H[106], 0.00sec
0010 and 0028: 441 matches, 0.19sec, #1
0010 and 0028: [379/441], H[94], 0.00sec
0019 and 0028: 362 matches, 0.08sec, #2
0019 and 0028: [293/362], H[96], 0.00sec
0002 and 0028: 362 matches, 0.13sec, #0
0002 and 0028: [285/362], H[79], 0.00sec
0011 and 0028: 449 matches, 0.11sec, #1
0020 and 0028: 635 matches, 0.08sec, #2
0011 and 0028: [369/449], H[119], 0.00sec
0020 and 0028: [568/635], H[167], 0.01sec
0003 and 0028: 471 matches, 0.12sec, #0
0003 and 0028: [382/471], H[244], 0.01sec
0012 and 0028: 275 matches, 0.11sec, #1
0021 and 0028: 356 matches, 0.11sec, #2
0012 and 0028: [218/275], H[94], 0.00sec
0004 and 0028: 506 matches, 0.15sec, #0
0021 and 0028: [272/356], H[35], 0.00sec
0004 and 0028: [419/506], H[229], 0.00sec
0013 and 0028: 232 matches, 0.13sec, #1
0013 and 0028: [165/232], H[45], 0.00sec
0022 and 0028: 913 matches, 0.16sec, #2
0005 and 0028: 592 matches, 0.16sec, #0
0022 and 0028: [839/913], H[113], 0.01sec
0005 and 0028: [497/592], H[295], 0.00sec
0014 and 0028: 241 matches, 0.17sec, #1
0023 and 0028: 1391 matches, 0.16sec, #2
0014 and 0028: [172/241], H[61], 0.00sec
0006 and 0028: 592 matches, 0.19sec, #0
0023 and 0028: [1280/1391], H[155], 0.01sec
0006 and 0028: [470/592], H[151], 0.01sec
0015 and 0028: 208 matches, 0.12sec, #1
0024 and 0028: 2203 matches, 0.15sec, #2
0027 and 0028: 2325 matches, 0.19sec, #0
0015 and 0028: [143/208], H[83], 0.00sec
0024 and 0028: [2094/2203], H[637], 0.01sec
0027 and 0028: [2219/2325], H[1195], 0.01sec
0016 and 0028: 196 matches, 0.10sec, #1
0025 and 0028: 1939 matches, 0.13sec, #2
0000 and 0029: 221 matches, 0.15sec, #0
0016 and 0028: [123/196], H[31], 0.00sec
0000 and 0029: [177/221], H[77], 0.00sec
0025 and 0028: [1829/1939], H[397], 0.01sec
0009 and 0029: 285 matches, 0.13sec, #1
0026 and 0028: 2303 matches, 0.13sec, #2
0009 and 0029: [222/285], H[115], 0.00sec
0001 and 0029: 395 matches, 0.16sec, #0
0001 and 0029: [335/395], H[192], 0.00sec
0026 and 0028: [2215/2303], H[842], 0.01sec
0010 and 0029: 332 matches, 0.13sec, #1
0010 and 0029: [254/332], H[138], 0.01sec
0002 and 0029: 573 matches, 0.13sec, #0
0019 and 0029: 190 matches, 0.12sec, #2
0002 and 0029: [506/573], H[120], 0.00sec
0019 and 0029: [130/190], H[17], 0.01sec
0003 and 0029: 786 matches, 0.11sec, #0
0003 and 0029: [689/786], H[458], 0.01sec
0011 and 0029: 234 matches, 0.16sec, #1
0020 and 0029: 294 matches, 0.16sec, #2
0011 and 0029: [185/234], H[93], 0.00sec
0020 and 0029: [240/294], H[77], 0.00sec
0004 and 0029: 790 matches, 0.11sec, #0
0004 and 0029: [722/790], H[158], 0.01sec
0012 and 0029: 199 matches, 0.10sec, #1
0021 and 0029: 207 matches, 0.11sec, #2
0012 and 0029: [146/199], H[17], 0.00sec
0021 and 0029: [152/207], H[40], 0.00sec
0005 and 0029: 726 matches, 0.15sec, #0
0005 and 0029: [623/726], H[208], 0.01sec
0013 and 0029: 139 matches, 0.11sec, #1
0013 and 0029: [100/139], H[44], 0.00sec
0006 and 0029: 667 matches, 0.14sec, #0
0022 and 0029: 447 matches, 0.17sec, #2
0006 and 0029: [590/667], H[143], 0.01sec
0022 and 0029: [377/447], H[32], 0.01sec
0014 and 0029: 152 matches, 0.14sec, #1
0023 and 0029: 548 matches, 0.10sec, #2
0014 and 0029: [110/152], H[28], 0.00sec
0023 and 0029: [486/548], H[62], 0.01sec
0007 and 0029: 485 matches, 0.14sec, #0
0007 and 0029: [399/485], H[234], 0.01sec
0015 and 0029: 98 matches, 0.11sec, #1
0024 and 0029: 843 matches, 0.13sec, #2
0015 and 0029: [64/98], H[34], 0.00sec
0024 and 0029: [786/843], H[149], 0.00sec
0008 and 0029: 392 matches, 0.15sec, #0
0008 and 0029: [293/392], H[119], 0.00sec
0016 and 0029: 74 matches, 0.10sec, #1
0016 and 0029: [55/74], H[15], 0.00sec
0000 and 0030: 361 matches, 0.13sec, #0
0000 and 0030: [289/361], H[78], 0.00sec
0025 and 0029: 798 matches, 0.17sec, #2
0025 and 0029: [676/798], H[49], 0.01sec
0017 and 0029: 109 matches, 0.08sec, #1
0001 and 0030: 638 matches, 0.09sec, #0
0017 and 0029: [68/109], H[10], 0.01sec
0001 and 0030: [536/638], H[419], 0.01sec
0002 and 0030: 859 matches, 0.11sec, #0
0026 and 0029: 931 matches, 0.15sec, #2
0002 and 0030: [750/859], H[494], 0.01sec
0018 and 0029: 117 matches, 0.13sec, #1
0026 and 0029: [863/931], H[174], 0.01sec
0018 and 0029: [82/117], H[11], 0.00sec
0027 and 0029: 1671 matches, 0.08sec, #2
0003 and 0030: 798 matches, 0.12sec, #0
0003 and 0030: [720/798], H[390], 0.01sec
0027 and 0029: [1573/1671], H[272], 0.01sec
0010 and 0030: 248 matches, 0.13sec, #1
0028 and 0029: 911 matches, 0.11sec, #2
0010 and 0030: [188/248], H[26], 0.00sec
0028 and 0029: [858/911], H[100], 0.01sec
0004 and 0030: 764 matches, 0.13sec, #0
0004 and 0030: [599/764], H[144], 0.01sec
0011 and 0030: 242 matches, 0.13sec, #1
0020 and 0030: 251 matches, 0.14sec, #2
0011 and 0030: [181/242], H[52], 0.00sec
0020 and 0030: [184/251], H[47], 0.00sec
0005 and 0030: 564 matches, 0.14sec, #0
0005 and 0030: [456/564], H[115], 0.01sec
0012 and 0030: 163 matches, 0.10sec, #1
0021 and 0030: 181 matches, 0.11sec, #2
0012 and 0030: [102/163], H[66], 0.00sec
0021 and 0030: [118/181], H[28], 0.00sec
0006 and 0030: 424 matches, 0.16sec, #0
0006 and 0030: [359/424], H[152], 0.00sec
0013 and 0030: 143 matches, 0.15sec, #1
0007 and 0030: 397 matches, 0.13sec, #0
0013 and 0030: [80/143], H[38], 0.01sec
0007 and 0030: [299/397], H[88], 0.00sec
0022 and 0030: 342 matches, 0.18sec, #2
0022 and 0030: [295/342], H[109], 0.00sec
0014 and 0030: 146 matches, 0.13sec, #1
0023 and 0030: 493 matches, 0.13sec, #2
0014 and 0030: [92/146], H[23], 0.00sec
0008 and 0030: 277 matches, 0.19sec, #0
0023 and 0030: [416/493], H[165], 0.00sec
0008 and 0030: [213/277], H[121], 0.00sec
0015 and 0030: 113 matches, 0.10sec, #1
0024 and 0030: 755 matches, 0.13sec, #2
0015 and 0030: [58/113], H[25], 0.01sec
0009 and 0030: 268 matches, 0.21sec, #0
0024 and 0030: [650/755], H[84], 0.01sec
0009 and 0030: [183/268], H[97], 0.00sec
0016 and 0030: 101 matches, 0.12sec, #1
0025 and 0030: 649 matches, 0.15sec, #2
0000 and 0031: 739 matches, 0.16sec, #0
0016 and 0030: [64/101], H[15], 0.00sec
0025 and 0030: [556/649], H[229], 0.00sec
0000 and 0031: [620/739], H[277], 0.00sec
0017 and 0030: 104 matches, 0.13sec, #1
0026 and 0030: 798 matches, 0.14sec, #2
0001 and 0031: 1151 matches, 0.16sec, #0
0017 and 0030: [58/104], H[22], 0.01sec
0026 and 0030: [704/798], H[69], 0.00sec
0001 and 0031: [1054/1151], H[763], 0.01sec
0018 and 0030: 130 matches, 0.11sec, #1
0027 and 0030: 1184 matches, 0.14sec, #2
0018 and 0030: [67/130], H[13], 0.01sec
0002 and 0031: 1424 matches, 0.14sec, #0
0027 and 0030: [1046/1184], H[363], 0.01sec
0002 and 0031: [1315/1424], H[525], 0.01sec
0019 and 0030: 126 matches, 0.09sec, #1
0028 and 0030: 1317 matches, 0.11sec, #2
0019 and 0030: [96/126], H[9], 0.00sec
0003 and 0031: 1537 matches, 0.14sec, #0
0028 and 0030: [1061/1317], H[171], 0.01sec
0003 and 0031: [1422/1537], H[548], 0.01sec
0010 and 0031: 241 matches, 0.11sec, #1
0010 and 0031: [150/241], H[44], 0.01sec
0029 and 0030: 1273 matches, 0.11sec, #2
0011 and 0031: 228 matches, 0.08sec, #1
0029 and 0030: [1232/1273], H[454], 0.01sec
0011 and 0031: [140/228], H[36], 0.01sec
0004 and 0031: 1535 matches, 0.20sec, #0
0004 and 0031: [1421/1535], H[446], 0.01sec
0020 and 0031: 280 matches, 0.12sec, #2
0012 and 0031: 130 matches, 0.13sec, #1
0020 and 0031: [191/280], H[46], 0.00sec
0012 and 0031: [72/130], H[15], 0.01sec
0005 and 0031: 1075 matches, 0.15sec, #0
0005 and 0031: [944/1075], H[109], 0.01sec
0021 and 0031: 131 matches, 0.11sec, #2
0013 and 0031: 130 matches, 0.12sec, #1
0021 and 0031: [97/131], H[38], 0.00sec
0006 and 0031: 884 matches, 0.13sec, #0
0013 and 0031: [72/130], H[38], 0.01sec
0006 and 0031: [733/884], H[258], 0.01sec
0022 and 0031: 349 matches, 0.14sec, #2
0022 and 0031: [279/349], H[155], 0.00sec
0007 and 0031: 630 matches, 0.14sec, #0
0014 and 0031: 135 matches, 0.15sec, #1
0007 and 0031: [525/630], H[171], 0.01sec
0014 and 0031: [73/135], H[11], 0.01sec
0023 and 0031: 470 matches, 0.12sec, #2
0015 and 0031: 72 matches, 0.10sec, #1
0023 and 0031: [356/470], H[257], 0.00sec
0008 and 0031: 474 matches, 0.15sec, #0
0015 and 0031: [33/72], H[8], 0.01sec
0008 and 0031: [387/474], H[116], 0.00sec
0024 and 0031: 669 matches, 0.13sec, #2
0024 and 0031: [524/669], H[176], 0.00sec
0016 and 0031: 65 matches, 0.14sec, #1
0009 and 0031: 355 matches, 0.14sec, #0
0016 and 0031: [37/65], H[7], 0.01sec
0009 and 0031: [266/355], H[93], 0.01sec
0025 and 0031: 601 matches, 0.12sec, #2
0017 and 0031: 104 matches, 0.11sec, #1
0025 and 0031: [476/601], H[169], 0.00sec
0030 and 0031: 1520 matches, 0.14sec, #0
0017 and 0031: [48/104], H[15], 0.01sec
0030 and 0031: [1467/1520], H[748], 0.01sec
0026 and 0031: 734 matches, 0.13sec, #2
0026 and 0031: [601/734], H[219], 0.01sec
0018 and 0031: 116 matches, 0.15sec, #1
0000 and 0032: 1098 matches, 0.13sec, #0
0018 and 0031: [61/116], H[22], 0.01sec
0000 and 0032: [933/1098], H[542], 0.01sec
0027 and 0031: 955 matches, 0.13sec, #2
0001 and 0032: 1279 matches, 0.11sec, #0
0027 and 0031: [757/955], H[509], 0.01sec
0001 and 0032: [1157/1279], H[499], 0.01sec
0019 and 0031: 105 matches, 0.14sec, #1
0019 and 0031: [54/105], H[14], 0.01sec
0028 and 0031: 571 matches, 0.08sec, #2
0028 and 0031: [455/571], H[188], 0.00sec
0002 and 0032: 1556 matches, 0.12sec, #0
0002 and 0032: [1449/1556], H[648], 0.01sec
0009 and 0032: 300 matches, 0.14sec, #1
0009 and 0032: [203/300], H[42], 0.00sec
0003 and 0032: 1560 matches, 0.11sec, #0
0029 and 0031: 1133 matches, 0.14sec, #2
0003 and 0032: [1441/1560], H[704], 0.01sec
0029 and 0031: [1076/1133], H[294], 0.01sec
0010 and 0032: 198 matches, 0.11sec, #1
0019 and 0032: 91 matches, 0.09sec, #2
0010 and 0032: [115/198], H[46], 0.01sec
0004 and 0032: 1418 matches, 0.13sec, #0
0004 and 0032: [1267/1418], H[582], 0.01sec
0019 and 0032: [34/91], H[14], 0.07sec
0011 and 0032: 167 matches, 0.07sec, #1
0011 and 0032: [107/167], H[24], 0.01sec
0005 and 0032: 874 matches, 0.11sec, #0
0005 and 0032: [734/874], H[338], 0.01sec
0020 and 0032: 236 matches, 0.13sec, #2
0020 and 0032: [136/236], H[39], 0.01sec
0006 and 0032: 590 matches, 0.11sec, #0
0006 and 0032: [481/590], H[197], 0.01sec
0012 and 0032: 111 matches, 0.16sec, #1
0012 and 0032: [59/111], H[22], 0.01sec
0021 and 0032: 131 matches, 0.07sec, #2
0007 and 0032: 551 matches, 0.11sec, #0
0021 and 0032: [87/131], H[38], 0.00sec
0007 and 0032: [428/551], H[108], 0.01sec
0013 and 0032: 105 matches, 0.10sec, #1
0022 and 0032: 295 matches, 0.14sec, #2
0013 and 0032: [61/105], H[20], 0.01sec
0008 and 0032: 391 matches, 0.14sec, #0
0022 and 0032: [223/295], H[75], 0.00sec
0008 and 0032: [304/391], H[171], 0.00sec
0029 and 0032: 815 matches, 0.15sec, #0
0029 and 0032: [743/815], H[143], 0.01sec
0014 and 0032: 108 matches, 0.19sec, #1
0023 and 0032: 333 matches, 0.20sec, #2
0014 and 0032: [51/108], H[19], 0.01sec
0023 and 0032: [237/333], H[54], 0.00sec
0030 and 0032: 934 matches, 0.16sec, #0
0030 and 0032: [854/934], H[141], 0.01sec
0015 and 0032: 61 matches, 0.15sec, #1
0024 and 0032: 504 matches, 0.15sec, #2
0031 and 0032: 2683 matches, 0.20sec, #0
0024 and 0032: [376/504], H[108], 0.00sec
0015 and 0032: [29/61], H[8], 0.01sec
0031 and 0032: [2547/2683], H[1409], 0.02sec
0016 and 0032: 65 matches, 0.14sec, #1
0025 and 0032: 435 matches, 0.15sec, #2
0000 and 0033: 876 matches, 0.15sec, #0
0025 and 0032: [326/435], H[109], 0.00sec
0000 and 0033: [786/876], H[150], 0.00sec
0016 and 0032: [27/65], H[7], 0.06sec
0001 and 0033: 1025 matches, 0.13sec, #0
0026 and 0032: 486 matches, 0.14sec, #2
0001 and 0033: [958/1025], H[270], 0.01sec
0026 and 0032: [353/486], H[134], 0.00sec
0017 and 0032: 102 matches, 0.17sec, #1
0027 and 0032: 637 matches, 0.08sec, #2
0002 and 0033: 1181 matches, 0.13sec, #0
0027 and 0032: [513/637], H[165], 0.00sec
0002 and 0033: [1111/1181], H[602], 0.01sec
0017 and 0032: [26/102], H[8], 0.06sec
0028 and 0032: 367 matches, 0.07sec, #2
0028 and 0032: [309/367], H[152], 0.00sec
0003 and 0033: 1103 matches, 0.11sec, #0
0003 and 0033: [1030/1103], H[446], 0.01sec
0018 and 0032: 86 matches, 0.12sec, #1
0004 and 0033: 800 matches, 0.11sec, #0
0007 and 0033: 364 matches, 0.13sec, #2
0018 and 0032: [40/86], H[20], 0.01sec
0004 and 0033: [695/800], H[150], 0.01sec
0007 and 0033: [272/364], H[148], 0.00sec
0017 and 0033: 79 matches, 0.11sec, #1
0008 and 0033: 273 matches, 0.12sec, #2
0005 and 0033: 548 matches, 0.13sec, #0
0017 and 0033: [38/79], H[12], 0.01sec
0008 and 0033: [213/273], H[104], 0.00sec
0005 and 0033: [468/548], H[142], 0.00sec
0018 and 0033: 68 matches, 0.11sec, #1
0006 and 0033: 544 matches, 0.13sec, #0
0009 and 0033: 192 matches, 0.13sec, #2
0018 and 0033: [31/68], H[20], 0.01sec
0006 and 0033: [448/544], H[249], 0.00sec
0009 and 0033: [138/192], H[19], 0.00sec
0019 and 0033: 80 matches, 0.12sec, #1
0027 and 0033: 668 matches, 0.12sec, #0
0027 and 0033: [562/668], H[337], 0.00sec
0019 and 0033: [38/80], H[20], 0.01sec
0010 and 0033: 188 matches, 0.13sec, #2
0010 and 0033: [131/188], H[34], 0.00sec
0020 and 0033: 139 matches, 0.07sec, #1
0028 and 0033: 386 matches, 0.12sec, #0
0020 and 0033: [95/139], H[29], 0.01sec
0028 and 0033: [300/386], H[162], 0.00sec
0011 and 0033: 176 matches, 0.13sec, #2
0011 and 0033: [120/176], H[20], 0.00sec
0021 and 0033: 71 matches, 0.12sec, #1
0029 and 0033: 711 matches, 0.12sec, #0
0021 and 0033: [59/71], H[20], 0.00sec
0029 and 0033: [650/711], H[404], 0.01sec
0012 and 0033: 111 matches, 0.09sec, #2
0012 and 0033: [76/111], H[19], 0.00sec
0030 and 0033: 914 matches, 0.14sec, #0
0022 and 0033: 163 matches, 0.15sec, #1
0030 and 0033: [791/914], H[206], 0.01sec
0022 and 0033: [119/163], H[52], 0.00sec
0013 and 0033: 88 matches, 0.12sec, #2
0023 and 0033: 233 matches, 0.06sec, #1
0013 and 0033: [55/88], H[20], 0.00sec
0023 and 0033: [160/233], H[107], 0.00sec
0031 and 0033: 1354 matches, 0.14sec, #0
0031 and 0033: [1247/1354], H[924], 0.01sec
0014 and 0033: 86 matches, 0.10sec, #2
0024 and 0033: 332 matches, 0.13sec, #1
0014 and 0033: [49/86], H[23], 0.01sec
0024 and 0033: [263/332], H[48], 0.00sec
0032 and 0033: 1821 matches, 0.14sec, #0
0032 and 0033: [1734/1821], H[949], 0.01sec
0015 and 0033: 50 matches, 0.10sec, #2
0025 and 0033: 307 matches, 0.13sec, #1
0025 and 0033: [227/307], H[104], 0.00sec
0000 and 0034: 1575 matches, 0.12sec, #0
0015 and 0033: [24/50], H[8], 0.01sec
0000 and 0034: [1395/1575], H[332], 0.01sec
0001 and 0034: 1532 matches, 0.10sec, #0
0026 and 0033: 365 matches, 0.12sec, #1
0016 and 0033: 59 matches, 0.12sec, #2
0026 and 0033: [295/365], H[41], 0.00sec
0001 and 0034: [1406/1532], H[479], 0.01sec
0016 and 0033: [26/59], H[13], 0.02sec
0002 and 0034: 1728 matches, 0.11sec, #0
0004 and 0034: 1062 matches, 0.12sec, #1
0002 and 0034: [1585/1728], H[1111], 0.01sec
0004 and 0034: [902/1062], H[168], 0.01sec
0014 and 0034: 90 matches, 0.12sec, #2
0014 and 0034: [39/90], H[21], 0.02sec
0005 and 0034: 640 matches, 0.09sec, #1
0003 and 0034: 1171 matches, 0.11sec, #0
0003 and 0034: [1048/1171], H[577], 0.01sec
0005 and 0034: [482/640], H[112], 0.03sec
0015 and 0034: 47 matches, 0.08sec, #2
0006 and 0034: 409 matches, 0.08sec, #1
0006 and 0034: [286/409], H[128], 0.01sec
0024 and 0034: 349 matches, 0.14sec, #0
0024 and 0034: [246/349], H[32], 0.01sec
0015 and 0034: [20/47], H[8], 0.03sec
0007 and 0034: 400 matches, 0.14sec, #1
0025 and 0034: 296 matches, 0.12sec, #0
0007 and 0034: [271/400], H[137], 0.00sec
0016 and 0034: 55 matches, 0.12sec, #2
0025 and 0034: [188/296], H[80], 0.00sec
0008 and 0034: 295 matches, 0.07sec, #1
0016 and 0034: [22/55], H[9], 0.07sec
0008 and 0034: [190/295], H[33], 0.01sec
0026 and 0034: 346 matches, 0.13sec, #0
0026 and 0034: [241/346], H[48], 0.01sec
0017 and 0034: 100 matches, 0.14sec, #2
0027 and 0034: 409 matches, 0.14sec, #0
0027 and 0034: [303/409], H[107], 0.00sec
0009 and 0034: 237 matches, 0.20sec, #1
0017 and 0034: [24/100], H[7], 0.07sec
0028 and 0034: 243 matches, 0.14sec, #0
0009 and 0034: [139/237], H[42], 0.01sec
0028 and 0034: [174/243], H[29], 0.00sec
0018 and 0034: 102 matches, 0.12sec, #2
0010 and 0034: 138 matches, 0.15sec, #1
0029 and 0034: 423 matches, 0.15sec, #0
0010 and 0034: [80/138], H[27], 0.01sec
0029 and 0034: [347/423], H[84], 0.00sec
0018 and 0034: [39/102], H[21], 0.03sec
0011 and 0034: 167 matches, 0.13sec, #1
0019 and 0034: 69 matches, 0.14sec, #2
0011 and 0034: [78/167], H[11], 0.01sec
0030 and 0034: 600 matches, 0.16sec, #0
0030 and 0034: [476/600], H[106], 0.01sec
0019 and 0034: [21/69], H[11], 0.06sec
0012 and 0034: 93 matches, 0.09sec, #1
0031 and 0034: 1501 matches, 0.15sec, #0
0012 and 0034: [44/93], H[11], 0.05sec
0031 and 0034: [1351/1501], H[393], 0.04sec
0020 and 0034: 169 matches, 0.12sec, #2
0013 and 0034: 84 matches, 0.09sec, #1
0032 and 0034: 2335 matches, 0.14sec, #0
0020 and 0034: [95/169], H[30], 0.00sec
0032 and 0034: [2193/2335], H[767], 0.01sec
0013 and 0034: [41/84], H[13], 0.02sec
0021 and 0034: 97 matches, 0.12sec, #2
0021 and 0034: [66/97], H[33], 0.00sec
0033 and 0034: 1756 matches, 0.12sec, #0
0033 and 0034: [1671/1756], H[819], 0.01sec
0000 and 0035: 1653 matches, 0.17sec, #1
0022 and 0034: 169 matches, 0.08sec, #2
0010 and 0035: 146 matches, 0.13sec, #0
0022 and 0034: [118/169], H[60], 0.00sec
0000 and 0035: [1524/1653], H[823], 0.01sec
0010 and 0035: [76/146], H[32], 0.01sec
0023 and 0034: 245 matches, 0.12sec, #2
0001 and 0035: 1490 matches, 0.12sec, #1
0023 and 0034: [169/245], H[52], 0.01sec
0011 and 0035: 172 matches, 0.14sec, #0
0001 and 0035: [1367/1490], H[441], 0.01sec
0011 and 0035: [88/172], H[7], 0.02sec
0020 and 0035: 155 matches, 0.12sec, #2
0012 and 0035: 102 matches, 0.11sec, #0
0002 and 0035: 1685 matches, 0.12sec, #1
0020 and 0035: [88/155], H[48], 0.01sec
0002 and 0035: [1559/1685], H[539], 0.01sec
0012 and 0035: [49/102], H[12], 0.02sec
0021 and 0035: 93 matches, 0.10sec, #2
0021 and 0035: [58/93], H[8], 0.00sec
0013 and 0035: 85 matches, 0.11sec, #0
0003 and 0035: 1083 matches, 0.16sec, #1
0013 and 0035: [40/85], H[6], 0.05sec
0003 and 0035: [972/1083], H[93], 0.01sec
0022 and 0035: 161 matches, 0.08sec, #2
0004 and 0035: 956 matches, 0.07sec, #1
0022 and 0035: [108/161], H[33], 0.00sec
0014 and 0035: 116 matches, 0.13sec, #0
0004 and 0035: [806/956], H[451], 0.01sec
0014 and 0035: [60/116], H[19], 0.01sec
0023 and 0035: 257 matches, 0.13sec, #2
0005 and 0035: 620 matches, 0.12sec, #1
0023 and 0035: [162/257], H[38], 0.00sec
0015 and 0035: 44 matches, 0.13sec, #0
0005 and 0035: [453/620], H[203], 0.01sec
0015 and 0035: [22/44], H[9], 0.04sec
0024 and 0035: 352 matches, 0.13sec, #2
0024 and 0035: [244/352], H[146], 0.00sec
0016 and 0035: 54 matches, 0.09sec, #0
0006 and 0035: 371 matches, 0.13sec, #1
0006 and 0035: [262/371], H[48], 0.01sec
0016 and 0035: [22/54], H[12], 0.04sec
0025 and 0035: 318 matches, 0.13sec, #2
0025 and 0035: [208/318], H[67], 0.00sec
0017 and 0035: 87 matches, 0.10sec, #0
0007 and 0035: 365 matches, 0.14sec, #1
0007 and 0035: [241/365], H[29], 0.01sec
0017 and 0035: [30/87], H[9], 0.07sec
0026 and 0035: 354 matches, 0.12sec, #2
0008 and 0035: 300 matches, 0.11sec, #1
0026 and 0035: [256/354], H[36], 0.00sec
0018 and 0035: 98 matches, 0.08sec, #0
0008 and 0035: [187/300], H[27], 0.01sec
0018 and 0035: [41/98], H[24], 0.03sec
0019 and 0035: 69 matches, 0.09sec, #0
0027 and 0035: 427 matches, 0.13sec, #2
0027 and 0035: [324/427], H[179], 0.00sec
0019 and 0035: [30/69], H[13], 0.02sec
0009 and 0035: 221 matches, 0.15sec, #1
0009 and 0035: [138/221], H[32], 0.01sec
0028 and 0035: 245 matches, 0.07sec, #2
0030 and 0035: 599 matches, 0.11sec, #0
0028 and 0035: [178/245], H[43], 0.00sec
0030 and 0035: [520/599], H[225], 0.00sec
0005 and 0036: 365 matches, 0.13sec, #1
0029 and 0035: 381 matches, 0.11sec, #2
0005 and 0036: [227/365], H[70], 0.01sec
0031 and 0035: 1459 matches, 0.13sec, #0
0029 and 0035: [336/381], H[101], 0.00sec
0031 and 0035: [1323/1459], H[323], 0.01sec
0006 and 0036: 222 matches, 0.12sec, #1
0006 and 0036: [123/222], H[42], 0.01sec
0032 and 0035: 2012 matches, 0.12sec, #0
0015 and 0036: 43 matches, 0.14sec, #2
0032 and 0035: [1888/2012], H[920], 0.01sec
0007 and 0036: 245 matches, 0.09sec, #1
0015 and 0036: [14/43], H[4], 0.08sec
0007 and 0036: [137/245], H[48], 0.01sec
0033 and 0035: 1571 matches, 0.09sec, #0
0033 and 0035: [1496/1571], H[581], 0.01sec
0016 and 0036: 36 matches, 0.10sec, #2
0008 and 0036: 209 matches, 0.14sec, #1
0034 and 0035: 2894 matches, 0.12sec, #0
0016 and 0036: [15/36], H[5], 0.02sec
0008 and 0036: [97/209], H[32], 0.02sec
0034 and 0035: [2733/2894], H[1990], 0.02sec
0000 and 0036: 6763 matches, 0.14sec, #0
0017 and 0036: 83 matches, 0.18sec, #2
0009 and 0036: 185 matches, 0.18sec, #1
0000 and 0036: [6763/6763], H[6763], 0.03sec
0009 and 0036: [89/185], H[20], 0.01sec
0017 and 0036: [14/83], H[5], 0.05sec
0001 and 0036: 1377 matches, 0.08sec, #0
0001 and 0036: [1241/1377], H[408], 0.01sec
0018 and 0036: 79 matches, 0.14sec, #2
0010 and 0036: 114 matches, 0.15sec, #1
0002 and 0036: 1079 matches, 0.14sec, #0
0002 and 0036: [902/1079], H[211], 0.01sec
0010 and 0036: [50/114], H[22], 0.02sec
0018 and 0036: [23/79], H[9], 0.05sec
0011 and 0036: 121 matches, 0.08sec, #1
0003 and 0036: 531 matches, 0.11sec, #0
0011 and 0036: [52/121], H[5], 0.03sec
0003 and 0036: [436/531], H[115], 0.00sec
0019 and 0036: 53 matches, 0.11sec, #2
0012 and 0036: 82 matches, 0.07sec, #1
0019 and 0036: [16/53], H[9], 0.04sec
0004 and 0036: 529 matches, 0.12sec, #0
0004 and 0036: [389/529], H[193], 0.01sec
0012 and 0036: [33/82], H[7], 0.07sec
0020 and 0036: 120 matches, 0.09sec, #2
0025 and 0036: 192 matches, 0.12sec, #0
0025 and 0036: [112/192], H[36], 0.01sec
0020 and 0036: [56/120], H[20], 0.02sec
0013 and 0036: 69 matches, 0.12sec, #1
0021 and 0036: 76 matches, 0.11sec, #2
0026 and 0036: 218 matches, 0.12sec, #0
0021 and 0036: [42/76], H[9], 0.01sec
0026 and 0036: [140/218], H[53], 0.00sec
0013 and 0036: [24/69], H[5], 0.05sec
0022 and 0036: 121 matches, 0.08sec, #2
0022 and 0036: [76/121], H[28], 0.01sec
0027 and 0036: 267 matches, 0.12sec, #0
0027 and 0036: [183/267], H[40], 0.00sec
0028 and 0036: 161 matches, 0.10sec, #0
0028 and 0036: [108/161], H[53], 0.00sec
0014 and 0036: 90 matches, 0.15sec, #1
0023 and 0036: 172 matches, 0.16sec, #2
0014 and 0036: [32/90], H[9], 0.04sec
0023 and 0036: [87/172], H[17], 0.01sec
0029 and 0036: 221 matches, 0.11sec, #0
0029 and 0036: [179/221], H[67], 0.00sec
0031 and 0036: 739 matches, 0.12sec, #1
0024 and 0036: 220 matches, 0.14sec, #2
0031 and 0036: [596/739], H[207], 0.00sec
0024 and 0036: [129/220], H[84], 0.01sec
0030 and 0036: 361 matches, 0.12sec, #0
0030 and 0036: [298/361], H[129], 0.04sec
0032 and 0036: 1098 matches, 0.12sec, #1
0032 and 0036: [939/1098], H[67], 0.01sec
0034 and 0036: 1575 matches, 0.14sec, #2
0035 and 0036: 1653 matches, 0.09sec, #0
0034 and 0036: [1422/1575], H[295], 0.01sec
0035 and 0036: [1526/1653], H[455], 0.01sec
0033 and 0036: 876 matches, 0.07sec, #1
0033 and 0036: [786/876], H[234], 0.01sec

###########-------timing------#########
666 Image Match finished, 40 sec used
#############################

----------------------------------------------------------------
Compute Missing Pairwise Matching, finished
Totally 45.000 seconds used


Run full 3D reconstruction, begin...
649 pairs have two-view models
666 pairs have fundamental matrices
Initialize with sofa (8) and sofa (26)
790 3D points initialized from two images
PBA library version = 105
PBA: 790 3D pts, 2 cams and 1580 projs...
PBA: 6.118 -> 0.078 (1 LMs in 0.16sec)
Focal Length : [431.910]->[431.910]
Focal Length : [431.910]->[431.910]

#############################
#3: [sofa (27)] sees 1019 (+3359) 3D points
Estimated Focal Length [432][0.67W]
# 582 projs (0 pts and 0 merges)
PBA: 790 3D pts, 3 cams and 2162 projs...
PBA: 0.150 -> 0.088 (1 LMs in 0.00sec)

**************************************
#3/3:  1531 projs and 388 pts added.
PBA: 1174 3D pts, 3 cams and 3103 projs...
PBA: 0.544 -> 0.364 (50 LMs in 0.12sec)
PBA: 1174 3D pts, 3 cams and 3103 projs...
PBA: 0.364 -> 0.360 (32 LMs in 0.08sec)
Focal Length : [431.910]->[431.910]
Radial Distortion : [0.000 -> 0]

#############################
#4: [sofa (25)] sees 1984 (+4227) 3D points
Estimated Focal Length [432][0.67W]
# 1434 projs (193 pts and 0 merges)
PBA: 1366 3D pts, 4 cams and 4535 projs...
PBA: 0.330 -> 0.312 (17 LMs in 0.13sec)
#points w/ large errors:	3
Focal Length : [431.910]->[431.910]
Radial Distortion : [0.000 -> 0]

#############################
#5: [sofa (24)] sees 2497 (+3496) 3D points
Estimated Focal Length [432][0.67W]
# 4533 projs (1320 pts and 0 merges)
PBA: 2681 3D pts, 5 cams and 9055 projs...
PBA: 0.222 -> 0.167 (1 LMs in 0.00sec)
#points w/ large errors:	3

**************************************
#5/5:  6357 projs and 1651 pts added.
PBA: 3004 3D pts, 5 cams and 10857 projs...
PBA: 0.736 -> 0.501 (50 LMs in 0.14sec)
PBA: 3004 3D pts, 5 cams and 10857 projs...
PBA: 0.501 -> 0.486 (37 LMs in 0.08sec)
Focal Length : [431.910]->[431.910]
Radial Distortion : [0.000 -> 0]

#############################
#6: [sofa (28)] sees 5371 (+2403) 3D points
Estimated Focal Length [432][0.67W]
# 7559 projs (2154 pts and 152 merges)
PBA: 4997 3D pts, 6 cams and 18398 projs...
PBA: 0.351 -> 0.282 (17 LMs in 0.08sec)
#points w/ large errors:	15
Focal Length : [431.910]->[431.910]
Radial Distortion : [0.000 -> 0]

#############################
#7: [sofa (23)] sees 7444 (+1886) 3D points
Estimated Focal Length [432][0.67W]
# 4124 projs (684 pts and 73 merges)
PBA: 5572 3D pts, 7 cams and 22419 projs...
PBA: 0.232 -> 0.170 (1 LMs in 0.01sec)
#points w/ large errors:	3

**************************************
#7/7:  4424 projs and 719 pts added.
PBA: 5596 3D pts, 7 cams and 22689 projs...
PBA: 0.162 -> 0.161 (1 LMs in 0.04sec)
PBA: 5596 3D pts, 7 cams and 22689 projs...
PBA: 0.161 -> 0.161 (2 LMs in 0.07sec)
Focal Length : [431.910]->[431.910]
Radial Distortion : [0.000 -> 0]

#############################
#8: [sofa (21)] sees 7969 (+1744) 3D points
Estimated Focal Length [432][0.67W]
# 4361 projs (794 pts and 105 merges)
PBA: 4967 3D pts, 8 cams and 24414 projs...
PBA: 0.321 -> 0.257 (21 LMs in 0.16sec)
#points w/ large errors:	5
Focal Length : [431.910]->[431.910]
Radial Distortion : [0.000 -> 0]

#############################
#9: [sofa (29)] sees 9282 (+1447) 3D points
Estimated Focal Length [432][0.67W]
# 3486 projs (372 pts and 78 merges)
PBA: 5149 3D pts, 9 cams and 27667 projs...
PBA: 0.215 -> 0.169 (1 LMs in 0.01sec)
#points w/ large errors:	11

**************************************
#9/9:  3740 projs and 410 pts added.
PBA: 6537 3D pts, 9 cams and 30593 projs...
PBA: 0.121 -> 0.121 (12 LMs in 0.05sec)
PBA: 6537 3D pts, 9 cams and 30593 projs...
PBA: 0.121 -> 0.121 (12 LMs in 0.05sec)
Focal Length : [431.910]->[431.910]
Radial Distortion : [0.000 -> 0]

#############################
#10: [sofa (9)] sees 4873 (+2057) 3D points
Estimated Focal Length [432][0.67W]
# 2458 projs (405 pts and 25 merges)
PBA: 5571 3D pts, 10 cams and 30359 projs...
PBA: 0.176 -> 0.158 (1 LMs in 0.04sec)
#points w/ large errors:	11
Focal Length : [431.910]->[431.910]
Radial Distortion : [0.000 -> 0]

#############################
#11: [sofa (10)] sees 6637 (+2184) 3D points
Estimated Focal Length [432][0.67W]
# 6267 projs (1883 pts and 191 merges)
PBA: 7138 3D pts, 11 cams and 36356 projs...
PBA: 0.194 -> 0.149 (1 LMs in 0.01sec)
#points w/ large errors:	4
Focal Length : [431.910]->[431.910]
Radial Distortion : [0.000 -> 0]

#############################
#12: [sofa (7)] sees 8123 (+1700) 3D points
Estimated Focal Length [432][0.67W]
# 4114 projs (804 pts and 97 merges)
PBA: 7075 3D pts, 12 cams and 38916 projs...
PBA: 0.205 -> 0.173 (1 LMs in 0.01sec)
#points w/ large errors:	8

**************************************
#12/12:  4810 projs and 850 pts added.
PBA: 9256 3D pts, 12 cams and 43893 projs...
PBA: 0.129 -> 0.122 (1 LMs in 0.01sec)
#points w/ large errors:	1
PBA: 9255 3D pts, 12 cams and 43890 projs...
PBA: 0.121 -> 0.121 (1 LMs in 0.04sec)
Focal Length : [431.910]->[431.910]
Radial Distortion : [0.000 -> 0]

#############################
#13: [sofa (6)] sees 9430 (+1706) 3D points
Estimated Focal Length [432][0.67W]
# 5017 projs (998 pts and 135 merges)
PBA: 7883 3D pts, 13 cams and 44437 projs...
PBA: 0.222 -> 0.183 (1 LMs in 0.01sec)
#points w/ large errors:	14
Focal Length : [431.910]->[431.910]
Radial Distortion : [0.000 -> 0]

#############################
#14: [sofa (11)] sees 8039 (+1200) 3D points
Estimated Focal Length [432][0.67W]
# 4275 projs (910 pts and 81 merges)
PBA: 8362 3D pts, 14 cams and 47986 projs...
PBA: 0.212 -> 0.159 (1 LMs in 0.01sec)
#points w/ large errors:	22
Focal Length : [431.910]->[431.910]
Radial Distortion : [0.000 -> 0]

#############################
#15: [sofa (12)] sees 9244 (+1492) 3D points
Estimated Focal Length [432][0.67W]
# 4198 projs (613 pts and 122 merges)
PBA: 8531 3D pts, 15 cams and 51493 projs...
PBA: 0.259 -> 0.198 (1 LMs in 0.01sec)
#points w/ large errors:	15
Focal Length : [431.910]->[431.910]
Radial Distortion : [0.000 -> 0]

#############################
#16: [sofa (5)] sees 8050 (+1059) 3D points
Estimated Focal Length [432][0.67W]
# 4240 projs (890 pts and 101 merges)
PBA: 9125 3D pts, 16 cams and 55308 projs...
PBA: 0.184 -> 0.175 (1 LMs in 0.01sec)
#points w/ large errors:	28

**************************************
#16/16:  4763 projs and 1035 pts added.
PBA: 12071 3D pts, 16 cams and 61301 projs...
PBA: 0.193 -> 0.159 (1 LMs in 0.01sec)
PBA: 12071 3D pts, 16 cams and 61301 projs...
PBA: 0.159 -> 0.159 (12 LMs in 0.14sec)
Focal Length : [431.910]->[431.910]
Radial Distortion : [0.000 -> 0]

#############################
#17: [sofa (32)] sees 7132 (+969) 3D points
Estimated Focal Length [432][0.67W]
# 3600 projs (697 pts and 89 merges)
PBA: 9385 3D pts, 17 cams and 58313 projs...
PBA: 0.210 -> 0.189 (1 LMs in 0.01sec)
#points w/ large errors:	50
Focal Length : [431.910]->[431.910]
Radial Distortion : [0.000 -> 0]

#############################
#18: [sofa (33)] sees 6917 (+1479) 3D points
Estimated Focal Length [432][0.67W]
# 3195 projs (427 pts and 63 merges)
PBA: 9415 3D pts, 18 cams and 60721 projs...
PBA: 0.216 -> 0.177 (1 LMs in 0.01sec)
#points w/ large errors:	9
Focal Length : [431.910]->[431.910]
Radial Distortion : [0.000 -> 0]

#############################
#19: [sofa (4)] sees 9395 (+1268) 3D points
Estimated Focal Length [432][0.67W]
# 4005 projs (659 pts and 120 merges)
PBA: 9902 3D pts, 19 cams and 64606 projs...
PBA: 0.313 -> 0.217 (1 LMs in 0.01sec)
#points w/ large errors:	40
Focal Length : [431.910]->[431.910]
Radial Distortion : [0.000 -> 0]

#############################
#20: [sofa (35)] sees 6809 (+1349) 3D points
Estimated Focal Length [432][0.67W]
# 4083 projs (856 pts and 67 merges)
PBA: 10380 3D pts, 20 cams and 67925 projs...
PBA: 0.223 -> 0.186 (1 LMs in 0.01sec)
#points w/ large errors:	21
Focal Length : [431.910]->[431.910]
Radial Distortion : [0.000 -> 0]

#############################
#21: [sofa (36)] sees 8476 (+1580) 3D points
Estimated Focal Length [432][0.67W]
# 4115 projs (660 pts and 97 merges)
SKIP: 0 cams, 29 points, 173 projs
PBA: 14569 3D pts, 20 cams and 79237 projs...
PBA: 0.235 -> 0.187 (1 LMs in 0.01sec)
#points w/ large errors:	10

**************************************
#21/21:  4906 projs and 795 pts added.
PBA: 14649 3D pts, 21 cams and 79925 projs...
PBA: 0.254 -> 0.231 (1 LMs in 0.01sec)
PBA: 14649 3D pts, 21 cams and 79925 projs...
PBA: 0.231 -> 0.231 (12 LMs in 0.15sec)
Focal Length : [431.910]->[431.910]
Radial Distortion : [0.000 -> 0]

#############################
#22: [sofa (3)] sees 10851 (+1414) 3D points
Estimated Focal Length [432][0.67W]
# 4631 projs (842 pts and 118 merges)
SKIP: 0 cams, 9 points, 68 projs
PBA: 15269 3D pts, 20 cams and 84348 projs...
PBA: 0.293 -> 0.259 (5 LMs in 0.16sec)
#points w/ large errors:	113
Focal Length : [431.910]->[431.910]
Radial Distortion : [0.000 -> 0]

#############################
#23: [sofa (2)] sees 9502 (+1200) 3D points
Estimated Focal Length [432][0.67W]
# 3476 projs (433 pts and 100 merges)
SKIP: 0 cams, 52 points, 595 projs
PBA: 15427 3D pts, 20 cams and 87209 projs...
PBA: 0.279 -> 0.256 (5 LMs in 0.02sec)
#points w/ large errors:	36
Focal Length : [431.910]->[431.910]
Radial Distortion : [0.000 -> 0]

#############################
#24: [sofa (34)] sees 11903 (+1136) 3D points
Estimated Focal Length [432][0.67W]
# 3471 projs (323 pts and 87 merges)
SKIP: 0 cams, 70 points, 319 projs
PBA: 15585 3D pts, 20 cams and 90405 projs...
PBA: 0.256 -> 0.217 (1 LMs in 0.02sec)
#points w/ large errors:	26
Focal Length : [431.910]->[431.910]
Radial Distortion : [0.000 -> 0]

#############################
#25: [sofa (31)] sees 11965 (+1111) 3D points
Estimated Focal Length [432][0.67W]
# 3920 projs (642 pts and 163 merges)
SKIP: 0 cams, 170 points, 557 projs
PBA: 15900 3D pts, 20 cams and 93872 projs...
PBA: 0.289 -> 0.264 (5 LMs in 0.03sec)
#points w/ large errors:	43
Focal Length : [431.910]->[431.910]
Radial Distortion : [0.000 -> 0]

#############################
#26: [sofa (30)] sees 13738 (+983) 3D points
Estimated Focal Length [432][0.67W]
# 4384 projs (736 pts and 198 merges)
PBA: 12075 3D pts, 26 cams and 89510 projs...
PBA: 0.232 -> 0.210 (3 LMs in 0.01sec)
#points w/ large errors:	45
Focal Length : [431.910]->[431.910]
Radial Distortion : [0.000 -> 0]

#############################
#27: [sofa (1)] sees 8769 (+1047) 3D points
Estimated Focal Length [432][0.67W]
# 4129 projs (862 pts and 99 merges)
SKIP: 0 cams, 919 points, 2720 projs
PBA: 16299 3D pts, 20 cams and 99823 projs...
PBA: 0.294 -> 0.175 (1 LMs in 0.01sec)
#points w/ large errors:	26

**************************************
#27/27:  5982 projs and 1195 pts added.
PBA: 17415 3D pts, 27 cams and 103853 projs...
PBA: 0.333 -> 0.284 (13 LMs in 0.09sec)
PBA: 17415 3D pts, 27 cams and 103853 projs...
PBA: 0.284 -> 0.284 (11 LMs in 0.05sec)
Focal Length : [431.910]->[431.910]
Radial Distortion : [0.000 -> 0]

#############################
#28: [sofa (37)] sees 12953 (+3832) 3D points
Estimated Focal Length [432][0.67W]
# 3097 projs (71 pts and 10 merges)
SKIP: 0 cams, 1690 points, 5423 projs
PBA: 15724 3D pts, 20 cams and 101437 projs...
PBA: 0.303 -> 0.287 (5 LMs in 0.06sec)
#points w/ large errors:	122
Focal Length : [431.910]->[431.910]
Radial Distortion : [0.000 -> 0]

#############################
#29: [sofa (22)] sees 9115 (+904) 3D points
Estimated Focal Length [432][0.67W]
# 2090 projs (0 pts and 48 merges)
SKIP: 0 cams, 2036 points, 6674 projs
PBA: 15377 3D pts, 20 cams and 102194 projs...
PBA: 0.320 -> 0.250 (5 LMs in 0.04sec)
#points w/ large errors:	69
Focal Length : [431.910]->[431.910]
Radial Distortion : [0.000 -> 0]

#############################
#30: [sofa (20)] sees 7776 (+1110) 3D points
Estimated Focal Length [432][0.67W]
# 3939 projs (845 pts and 82 merges)
SKIP: 0 cams, 1853 points, 6547 projs
PBA: 16039 3D pts, 20 cams and 105748 projs...
PBA: 0.169 -> 0.158 (1 LMs in 0.01sec)
#points w/ large errors:	6
Focal Length : [431.910]->[431.910]
Radial Distortion : [0.000 -> 0]

#############################
#31: [sofa (13)] sees 7778 (+911) 3D points
Estimated Focal Length [432][0.67W]
# 3611 projs (715 pts and 77 merges)
SKIP: 0 cams, 2310 points, 7359 projs
PBA: 16152 3D pts, 20 cams and 107968 projs...
PBA: 0.197 -> 0.181 (1 LMs in 0.01sec)
#points w/ large errors:	27
Focal Length : [431.910]->[431.910]
Radial Distortion : [0.000 -> 0]

#############################
#32: [sofa (14)] sees 7740 (+1142) 3D points
Estimated Focal Length [432][0.67W]
# 4053 projs (934 pts and 68 merges)
PBA: 14213 3D pts, 32 cams and 108982 projs...
PBA: 0.206 -> 0.187 (1 LMs in 0.01sec)
#points w/ large errors:	33
Focal Length : [431.910]->[431.910]
Radial Distortion : [0.000 -> 0]

#############################
#33: [sofa (15)] sees 10553 (+1319) 3D points
Estimated Focal Length [432][0.67W]
# 2761 projs (0 pts and 73 merges)
SKIP: 0 cams, 3224 points, 9925 projs
PBA: 16016 3D pts, 20 cams and 111870 projs...
PBA: 0.311 -> 0.176 (1 LMs in 0.01sec)
#points w/ large errors:	29
Focal Length : [431.910]->[431.910]
Radial Distortion : [0.000 -> 0]

#############################
#34: [sofa (19)] sees 10717 (+1303) 3D points
Estimated Focal Length [432][0.67W]
# 5402 projs (1240 pts and 196 merges)
SKIP: 0 cams, 3532 points, 11115 projs
PBA: 16599 3D pts, 20 cams and 115969 projs...
PBA: 0.216 -> 0.183 (1 LMs in 0.01sec)
#points w/ large errors:	14

**************************************
#34/34:  8332 projs and 2226 pts added.
PBA: 21038 3D pts, 34 cams and 129710 projs...
PBA: 0.260 -> 0.236 (1 LMs in 0.01sec)
PBA: 21038 3D pts, 34 cams and 129710 projs...
PBA: 0.236 -> 0.236 (5 LMs in 0.04sec)
Focal Length : [431.910]->[431.910]
Radial Distortion : [0.000 -> 0]

#############################
#35: [sofa (18)] sees 12953 (+1195) 3D points
Estimated Focal Length [432][0.67W]
# 4720 projs (761 pts and 277 merges)
SKIP: 0 cams, 4089 points, 12833 projs
PBA: 17408 3D pts, 20 cams and 121481 projs...
PBA: 0.307 -> 0.279 (5 LMs in 0.14sec)
#points w/ large errors:	120
Focal Length : [431.910]->[431.910]
Radial Distortion : [0.000 -> 0]

#############################
#36: [sofa (16)] sees 10081 (+871) 3D points
Estimated Focal Length [432][0.67W]
# 3420 projs (503 pts and 97 merges)
SKIP: 0 cams, 4473 points, 14744 projs
PBA: 17218 3D pts, 20 cams and 122880 projs...
PBA: 0.225 -> 0.201 (1 LMs in 0.01sec)
#points w/ large errors:	39
Focal Length : [431.910]->[431.910]
Radial Distortion : [0.000 -> 0]

#############################
#37: [sofa (17)] sees 9330 (+847) 3D points
Estimated Focal Length [432][0.67W]
# 2974 projs (328 pts and 94 merges)
SKIP: 0 cams, 4768 points, 15272 projs
PBA: 17142 3D pts, 20 cams and 124838 projs...
PBA: 0.220 -> 0.217 (5 LMs in 0.01sec)
#points w/ large errors:	17
Focal Length : [431.910]->[431.910]
Radial Distortion : [0.000 -> 0]

^^^^^^^^^^^^^^^^^^^^^^^^^^^^^^^^
#37/37:  487 projs and 127 pts added.
PBA: 21935 3D pts, 37 cams and 140233 projs...
PBA: 0.279 -> 0.253 (37 LMs in 0.19sec)
#points w/ large errors:	35
PBA: 21900 3D pts, 37 cams and 140003 projs...
PBA: 0.170 -> 0.170 (1 LMs in 0.05sec)
END: No more images to add [0 projs]

#############################
Failed to find two images for initialization
Resuming SfM finished, 5 sec used

---------------------------------------------------
37 cams, 21986 pts (3+: 15432)
140003 projections (3+: 127067)
---------------------------------------------------
1 model(s) reconstructed from 37 images;
37 modeled; 0 reused; 0 EXIF; 
4MB(4) used to store feature location.
---------------------------------------------------

########-------timing------#########
Structure-From-Motion finished, 5 sec used
3.5(2.7) seconds on Bundle Adjustment (+)
2.7(2.1) seconds on Bundle Adjustment (*)
#############################
----------------------------------------------------------------
Run full 3D reconstruction, finished
Totally 5.000 seconds used


Compute Bundle Adjustment, begin...
PBA: 21876 3D pts, 37 cams and 139955 projs...
PBA: 0.166 -> 0.166 (1 LMs in 0.11sec)
----------------------------------------------------------------
Compute Bundle Adjustment, finished
Totally 0.000 seconds used


Run dense reconstruction, begin...
Save to 3+7.nvm ... done

#############################
Undistorting 37 images in model #0
param_undistortion_thread_num = 0
NOTE: using 16 threads...
#12: sofa (4) -> 00000018.jpg, 0.017 sec
#11: sofa (7) -> 00000011.jpg, 0.018 sec
#02: sofa (25) -> 00000003.jpg, 0.019 sec
#04: sofa (24) -> 00000004.jpg, 0.019 sec
#09: sofa (9) -> 00000009.jpg, 0.020 sec
#14: sofa (32) -> 00000016.jpg, 0.019 sec
#15: sofa (36) -> 00000020.jpg, 0.019 sec
#13: sofa (6) -> 00000012.jpg, 0.020 sec
#10: sofa (10) -> 00000010.jpg, 0.021 sec
#05: sofa (28) -> 00000005.jpg, 0.021 sec
#01: sofa (27) -> 00000002.jpg, 0.021 sec
#00: sofa (8) -> 00000000.jpg, 0.022 sec
#03: sofa (12) -> 00000014.jpg, 0.021 sec
#08: sofa (29) -> 00000008.jpg, 0.022 sec
#06: sofa (23) -> 00000006.jpg, 0.022 sec
#07: sofa (21) -> 00000007.jpg, 0.023 sec
#12: sofa (35) -> 00000019.jpg, 0.002 sec
#11: sofa (2) -> 00000022.jpg, 0.002 sec
#02: sofa (31) -> 00000024.jpg, 0.002 sec
#04: sofa (1) -> 00000026.jpg, 0.002 sec
#09: sofa (22) -> 00000028.jpg, 0.002 sec
#14: sofa (33) -> 00000017.jpg, 0.002 sec
#15: sofa (3) -> 00000021.jpg, 0.002 sec
#13: sofa (11) -> 00000013.jpg, 0.001 sec
#10: sofa (13) -> 00000030.jpg, 0.001 sec
#05: sofa (15) -> 00000032.jpg, 0.002 sec
#01: sofa (18) -> 00000034.jpg, 0.002 sec
#00: sofa (26) -> 00000001.jpg, 0.003 sec
#03: sofa (5) -> 00000015.jpg, 0.002 sec
#08: sofa (17) -> 00000036.jpg, 0.002 sec
#11: sofa (34) -> 00000023.jpg, 0.002 sec
#02: sofa (30) -> 00000025.jpg, 0.002 sec
#05: sofa (19) -> 00000033.jpg, 0.003 sec
#10: sofa (14) -> 00000031.jpg, 0.003 sec
#04: sofa (37) -> 00000027.jpg, 0.003 sec
#01: sofa (16) -> 00000035.jpg, 0.002 sec
#09: sofa (20) -> 00000029.jpg, 0.003 sec
----------------------------------------------------------------
Running Yasutaka Furukawa's CMVS tool...
cmvs C:\Users\86186\Desktop\VisualSFM_windows_cuda_64bit\\3+7.nvm.cmvs\00\ 50 16
genOption C:\Users\86186\Desktop\VisualSFM_windows_cuda_64bit\\3+7.nvm.cmvs\00\ 1 2 0.700000 7 3 16
1 cluster is generated for pmvs reconstruction.
pmvs2 C:\Users\86186\Desktop\VisualSFM_windows_cuda_64bit\\3+7.nvm.cmvs\00\ option-0000
This may take a little more time, waiting...
6 seconds were used by PMVS
Loading option-0000.ply, 22264 vertices ...

#############################
You can manually remove bad MVS points:
1. Switch to dense MVS points mode;
2. Hit F1 key to enter the selection mode;
3. Select points by dragging a rectangle;
4. Hit DELETE to delete the selected points.

#############################
Save to 3+7.nvm ... done
Save C:\Users\86186\Desktop\VisualSFM_windows_cuda_64bit\\3+7.0.ply ...done
----------------------------------------------------------------
Run dense reconstruction, finished
Totally 11.000 seconds used

