
Modifying Calibration, begin...
fx = 814.164917, cx = 324.269501
fy = 814.164917, cy = 248.286057
radial_distortion = 0.000000
----------------------------------------------------------------
Modifying Calibration, finished
Totally 0.000 seconds used

0: keyboard (1)
image_size:	640x480
1: keyboard (2)
image_size:	640x480
2: keyboard (3)
image_size:	640x480
3: keyboard (4)
image_size:	640x480
4: keyboard (5)
image_size:	640x480
5: keyboard (6)
image_size:	640x480
6: keyboard (7)
image_size:	640x480
7: keyboard (8)
image_size:	640x480
8: keyboard (9)
image_size:	640x480
9: keyboard (10)
image_size:	640x480
10: keyboard (11)
image_size:	640x480
11: keyboard (12)
image_size:	640x480
12: keyboard (13)
image_size:	640x480
13: keyboard (14)
image_size:	640x480
14: keyboard (15)
image_size:	640x480
15: keyboard (16)
image_size:	640x480
16: keyboard (17)
image_size:	640x480
17: keyboard (18)
image_size:	640x480
18: keyboard (19)
image_size:	640x480
19: keyboard (20)
image_size:	640x480
20: keyboard (21)
image_size:	640x480
21: keyboard (22)
image_size:	640x480
22: keyboard (23)
image_size:	640x480
23: keyboard (24)
image_size:	640x480
24: keyboard (25)
image_size:	640x480
25: keyboard (26)
image_size:	640x480
26: keyboard (27)
image_size:	640x480
27: keyboard (28)
image_size:	640x480
28: keyboard (29)
image_size:	640x480
29: keyboard (30)
image_size:	640x480
30: keyboard (31)
image_size:	640x480
**************************************
Change the number of pixel-loaded images by 
modifying param_visual_data_budget in nv.ini
Use the PAUSE button to skip the pixel loading
**************************************
Loading image pixel data ...done in 0s

Compute Missing Pairwise Matching, begin...
********* WARNING ***********
More than 112MB of graphic memory may be allocated
under the default settings. If the program halts here,
adjust parameters to save memory and rerun the task: 
    [Tools->Enable GPU->Set Maximum DIM]
Note some octaves may be automatically skipped
SIFT: 0000, 640x480, 	1116, 0.77sec
SIFT: 0001, 640x480, 	1071, 0.08sec
SIFT: 0002, 640x480, 	988, 0.07sec
SIFT: 0003, 640x480, 	948, 0.07sec
SIFT: 0004, 640x480, 	1066, 0.07sec
SIFT: 0005, 640x480, 	1133, 0.08sec
SIFT: 0006, 640x480, 	1127, 0.07sec
SIFT: 0007, 640x480, 	847, 0.08sec
SIFT: 0008, 640x480, 	705, 0.07sec
SIFT: 0009, 640x480, 	1051, 0.08sec
SIFT: 0010, 640x480, 	778, 0.08sec
SIFT: 0011, 640x480, 	651, 0.08sec
SIFT: 0012, 640x480, 	1120, 0.08sec
SIFT: 0013, 640x480, 	986, 0.07sec
SIFT: 0014, 640x480, 	656, 0.10sec
SIFT: 0015, 640x480, 	970, 0.10sec
SIFT: 0016, 640x480, 	921, 0.08sec
SIFT: 0017, 640x480, 	697, 0.08sec
SIFT: 0018, 640x480, 	759, 0.07sec
SIFT: 0019, 640x480, 	968, 0.07sec
SIFT: 0020, 640x480, 	925, 0.08sec
SIFT: 0021, 640x480, 	759, 0.08sec
SIFT: 0022, 640x480, 	624, 0.08sec
SIFT: 0023, 640x480, 	877, 0.08sec
SIFT: 0024, 640x480, 	823, 0.08sec
SIFT: 0025, 640x480, 	870, 0.07sec
SIFT: 0026, 640x480, 	1051, 0.08sec
SIFT: 0027, 640x480, 	1104, 0.08sec
SIFT: 0028, 640x480, 	1122, 0.08sec
SIFT: 0029, 640x480, 	1163, 0.08sec
SIFT: 0030, 640x480, 	1116, 0.08sec

###########-------timing------#########
31 Feature Detection finished, 3 sec used
#############################

465 pairs to compute match
NOTE: using 3 matching workers
0000 and 0001: 273 matches, 0.02sec, #2
0002 and 0005: 185 matches, 0.02sec, #1
0000 and 0001: [216/273], H[137], 0.00sec
0002 and 0005: [167/185], H[96], 0.00sec
0000 and 0002: 208 matches, 0.01sec, #2
0003 and 0005: 266 matches, 0.01sec, #1
0000 and 0002: [189/208], H[78], 0.00sec
0003 and 0005: [243/266], H[119], 0.00sec
0001 and 0002: 374 matches, 0.01sec, #2
0004 and 0005: 366 matches, 0.01sec, #1
0001 and 0002: [357/374], H[217], 0.00sec
0002 and 0004: 247 matches, 0.10sec, #0
0004 and 0005: [345/366], H[208], 0.00sec
0002 and 0004: [203/247], H[35], 0.00sec
0000 and 0003: 144 matches, 0.01sec, #2
0000 and 0006: 104 matches, 0.01sec, #1
0003 and 0004: 342 matches, 0.01sec, #0
0000 and 0003: [112/144], H[29], 0.00sec
0000 and 0006: [86/104], H[25], 0.00sec
0003 and 0004: [306/342], H[203], 0.00sec
0001 and 0003: 200 matches, 0.01sec, #2
0001 and 0006: 119 matches, 0.01sec, #1
0000 and 0005: 129 matches, 0.01sec, #0
0001 and 0003: [159/200], H[58], 0.00sec
0001 and 0006: [100/119], H[29], 0.00sec
0000 and 0005: [112/129], H[17], 0.00sec
0002 and 0003: 247 matches, 0.01sec, #2
0001 and 0005: 153 matches, 0.01sec, #0
0002 and 0006: 132 matches, 0.01sec, #1
0002 and 0003: [228/247], H[155], 0.00sec
0001 and 0005: [129/153], H[44], 0.00sec
0002 and 0006: [112/132], H[48], 0.00sec
0000 and 0004: 164 matches, 0.01sec, #2
0003 and 0007: 98 matches, 0.01sec, #0
0000 and 0004: [138/164], H[37], 0.00sec
0003 and 0006: 225 matches, 0.01sec, #1
0003 and 0007: [80/98], H[27], 0.00sec
0003 and 0006: [201/225], H[96], 0.00sec
0001 and 0004: 189 matches, 0.01sec, #2
0004 and 0007: 144 matches, 0.01sec, #0
0001 and 0004: [171/189], H[57], 0.00sec
0004 and 0007: [118/144], H[24], 0.00sec
0004 and 0006: 317 matches, 0.01sec, #1
0004 and 0006: [289/317], H[104], 0.00sec
0005 and 0007: 174 matches, 0.00sec, #0
0006 and 0008: 101 matches, 0.01sec, #2
0005 and 0007: [151/174], H[44], 0.00sec
0006 and 0008: [80/101], H[25], 0.00sec
0005 and 0006: 453 matches, 0.01sec, #1
0006 and 0007: 201 matches, 0.01sec, #0
0005 and 0006: [399/453], H[286], 0.00sec
0006 and 0007: [178/201], H[27], 0.00sec
0007 and 0008: 173 matches, 0.01sec, #2
0007 and 0008: [153/173], H[54], 0.00sec
0000 and 0008: 35 matches, 0.01sec, #0
0000 and 0007: 57 matches, 0.01sec, #1
0000 and 0008: [24/35], H[6], 0.00sec
0000 and 0009: 38 matches, 0.01sec, #2
0000 and 0007: [40/57], H[8], 0.00sec
0001 and 0008: 37 matches, 0.00sec, #0
0000 and 0009: [24/38], H[9], 0.00sec
0001 and 0008: [23/37], H[5], 0.00sec
0001 and 0007: 88 matches, 0.01sec, #1
0002 and 0008: 51 matches, 0.00sec, #0
0001 and 0009: 50 matches, 0.01sec, #2
0001 and 0007: [64/88], H[16], 0.00sec
0002 and 0008: [33/51], H[10], 0.00sec
0001 and 0009: [29/50], H[11], 0.00sec
0003 and 0008: 68 matches, 0.00sec, #0
0002 and 0007: 104 matches, 0.01sec, #1
0003 and 0008: [50/68], H[18], 0.00sec
0002 and 0009: 40 matches, 0.01sec, #2
0002 and 0007: [83/104], H[17], 0.00sec
0004 and 0008: 67 matches, 0.00sec, #0
0002 and 0009: [24/40], H[7], 0.01sec
0004 and 0008: [45/67], H[10], 0.00sec
0008 and 0009: 207 matches, 0.01sec, #1
0008 and 0009: [189/207], H[119], 0.00sec
0005 and 0008: 84 matches, 0.00sec, #0
0003 and 0009: 71 matches, 0.01sec, #2
0005 and 0008: [68/84], H[13], 0.00sec
0000 and 0010: 19 matches, 0.01sec, #1
0003 and 0009: [41/71], H[13], 0.00sec
0009 and 0010: 205 matches, 0.00sec, #0
0001 and 0010: 24 matches, 0.01sec, #1
0009 and 0010: [160/205], H[56], 0.00sec
0004 and 0009: 89 matches, 0.01sec, #2
0002 and 0010: 34 matches, 0.01sec, #1
0004 and 0009: [58/89], H[12], 0.00sec
0000 and 0011: 25 matches, 0.00sec, #0
0002 and 0010: [21/34], H[7], 0.00sec
0000 and 0011: [14/25], H[4], 0.00sec
0005 and 0009: 122 matches, 0.01sec, #2
0003 and 0010: 35 matches, 0.01sec, #1
0005 and 0009: [87/122], H[44], 0.00sec
0001 and 0011: 21 matches, 0.01sec, #0
0003 and 0010: [23/35], H[5], 0.00sec
0002 and 0011: 39 matches, 0.01sec, #0
0006 and 0009: 156 matches, 0.01sec, #2
0002 and 0011: [27/39], H[7], 0.00sec
0004 and 0010: 37 matches, 0.01sec, #1
0006 and 0009: [123/156], H[48], 0.00sec
0003 and 0011: 29 matches, 0.00sec, #0
0004 and 0010: [21/37], H[11], 0.00sec
0003 and 0011: [18/29], H[6], 0.01sec
0007 and 0009: 166 matches, 0.01sec, #2
0005 and 0010: 50 matches, 0.01sec, #1
0007 and 0009: [143/166], H[47], 0.00sec
0004 and 0011: 34 matches, 0.01sec, #0
0005 and 0010: [35/50], H[7], 0.00sec
0004 and 0011: [18/34], H[6], 0.01sec
0009 and 0011: 111 matches, 0.01sec, #2
0006 and 0010: 64 matches, 0.01sec, #1
0009 and 0011: [88/111], H[58], 0.00sec
0005 and 0011: 33 matches, 0.01sec, #0
0006 and 0010: [42/64], H[14], 0.00sec
0005 and 0011: [20/33], H[7], 0.00sec
0010 and 0011: 133 matches, 0.01sec, #2
0010 and 0011: [115/133], H[76], 0.00sec
0006 and 0011: 43 matches, 0.00sec, #0
0007 and 0010: 112 matches, 0.01sec, #1
0006 and 0011: [31/43], H[11], 0.00sec
0007 and 0010: [75/112], H[20], 0.00sec
0000 and 0012: 27 matches, 0.01sec, #2
0007 and 0011: 88 matches, 0.01sec, #0
0000 and 0012: [16/27], H[6], 0.00sec
0008 and 0010: 147 matches, 0.01sec, #1
0007 and 0011: [67/88], H[8], 0.00sec
0008 and 0010: [117/147], H[27], 0.00sec
0001 and 0012: 25 matches, 0.01sec, #2
0008 and 0011: 143 matches, 0.00sec, #0
0001 and 0012: [15/25], H[5], 0.00sec
0008 and 0011: [113/143], H[73], 0.00sec
0008 and 0012: 112 matches, 0.01sec, #1
0008 and 0012: [85/112], H[31], 0.00sec
0002 and 0012: 28 matches, 0.01sec, #2
0006 and 0013: 70 matches, 0.01sec, #0
0002 and 0012: [18/28], H[7], 0.00sec
0006 and 0013: [47/70], H[19], 0.00sec
0009 and 0012: 213 matches, 0.01sec, #1
0009 and 0012: [166/213], H[107], 0.00sec
0003 and 0012: 36 matches, 0.01sec, #2
0007 and 0013: 88 matches, 0.00sec, #0
0003 and 0012: [26/36], H[10], 0.00sec
0007 and 0013: [65/88], H[19], 0.00sec
0010 and 0012: 207 matches, 0.01sec, #1
0008 and 0013: 115 matches, 0.00sec, #0
0004 and 0012: 58 matches, 0.01sec, #2
0010 and 0012: [161/207], H[95], 0.00sec
0008 and 0013: [91/115], H[30], 0.00sec
0004 and 0012: [33/58], H[8], 0.00sec
0009 and 0013: 216 matches, 0.01sec, #0
0011 and 0012: 92 matches, 0.01sec, #1
0009 and 0013: [171/216], H[99], 0.00sec
0005 and 0012: 81 matches, 0.01sec, #2
0011 and 0012: [67/92], H[27], 0.00sec
0010 and 0013: 324 matches, 0.00sec, #0
0005 and 0012: [50/81], H[15], 0.00sec
0010 and 0013: [267/324], H[153], 0.00sec
0000 and 0013: 22 matches, 0.01sec, #1
0011 and 0013: 109 matches, 0.01sec, #0
0006 and 0012: 96 matches, 0.01sec, #2
0011 and 0013: [85/109], H[22], 0.00sec
0001 and 0013: 30 matches, 0.01sec, #1
0006 and 0012: [61/96], H[37], 0.00sec
0012 and 0013: 340 matches, 0.00sec, #0
0001 and 0013: [19/30], H[6], 0.00sec
0012 and 0013: [280/340], H[149], 0.00sec
0007 and 0012: 90 matches, 0.01sec, #2
0007 and 0012: [68/90], H[27], 0.00sec
0000 and 0014: 19 matches, 0.01sec, #0
0002 and 0013: 33 matches, 0.01sec, #1
0001 and 0014: 19 matches, 0.01sec, #0
0003 and 0014: 25 matches, 0.01sec, #2
0002 and 0013: [19/33], H[8], 0.01sec
0002 and 0014: 26 matches, 0.01sec, #0
0002 and 0014: [17/26], H[8], 0.00sec
0003 and 0014: [14/25], H[5], 0.01sec
0003 and 0013: 40 matches, 0.01sec, #1
0013 and 0014: 129 matches, 0.00sec, #0
0003 and 0013: [28/40], H[11], 0.00sec
0013 and 0014: [107/129], H[43], 0.00sec
0004 and 0014: 35 matches, 0.01sec, #2
0000 and 0015: 43 matches, 0.01sec, #0
0004 and 0013: 44 matches, 0.01sec, #1
0004 and 0014: [20/35], H[9], 0.00sec
0004 and 0013: [29/44], H[8], 0.00sec
0000 and 0015: [17/43], H[9], 0.02sec
0005 and 0014: 43 matches, 0.01sec, #2
0005 and 0013: 55 matches, 0.01sec, #1
0005 and 0014: [27/43], H[10], 0.00sec
0001 and 0015: 38 matches, 0.01sec, #0
0005 and 0013: [34/55], H[12], 0.00sec
0001 and 0015: [22/38], H[8], 0.01sec
0006 and 0014: 55 matches, 0.01sec, #2
0009 and 0015: 111 matches, 0.01sec, #1
0006 and 0014: [35/55], H[6], 0.00sec
0002 and 0015: 52 matches, 0.01sec, #0
0009 and 0015: [66/111], H[33], 0.00sec
0002 and 0015: [28/52], H[12], 0.01sec
0007 and 0014: 93 matches, 0.01sec, #2
0010 and 0015: 105 matches, 0.01sec, #1
0007 and 0014: [70/93], H[27], 0.00sec
0003 and 0015: 80 matches, 0.01sec, #0
0010 and 0015: [58/105], H[27], 0.00sec
0003 and 0015: [48/80], H[19], 0.00sec
0008 and 0014: 97 matches, 0.01sec, #2
0008 and 0014: [79/97], H[19], 0.00sec
0011 and 0015: 43 matches, 0.01sec, #1
0004 and 0015: 82 matches, 0.01sec, #0
0011 and 0015: [23/43], H[13], 0.00sec
0009 and 0014: 82 matches, 0.01sec, #2
0004 and 0015: [50/82], H[16], 0.00sec
0009 and 0014: [58/82], H[7], 0.00sec
0012 and 0015: 217 matches, 0.01sec, #1
0005 and 0015: 120 matches, 0.01sec, #0
0012 and 0015: [196/217], H[36], 0.00sec
0005 and 0015: [87/120], H[36], 0.00sec
0010 and 0014: 148 matches, 0.01sec, #2
0010 and 0014: [116/148], H[13], 0.00sec
0006 and 0015: 130 matches, 0.01sec, #0
0013 and 0015: 136 matches, 0.01sec, #1
0006 and 0015: [104/130], H[22], 0.00sec
0011 and 0014: 118 matches, 0.01sec, #2
0013 and 0015: [86/136], H[36], 0.00sec
0011 and 0014: [95/118], H[35], 0.00sec
0007 and 0015: 115 matches, 0.00sec, #0
0007 and 0015: [92/115], H[24], 0.00sec
0014 and 0015: 109 matches, 0.01sec, #1
0012 and 0014: 160 matches, 0.01sec, #2
0008 and 0015: 79 matches, 0.00sec, #0
0014 and 0015: [83/109], H[49], 0.00sec
0012 and 0014: [131/160], H[34], 0.00sec
0008 and 0015: [53/79], H[22], 0.00sec
0000 and 0016: 41 matches, 0.01sec, #1
0014 and 0016: 157 matches, 0.01sec, #0
0004 and 0016: 69 matches, 0.01sec, #2
0014 and 0016: [144/157], H[67], 0.00sec
0004 and 0016: [41/69], H[16], 0.01sec
0015 and 0016: 299 matches, 0.01sec, #0
0015 and 0016: [274/299], H[200], 0.00sec
0005 and 0016: 88 matches, 0.01sec, #2
0000 and 0017: 45 matches, 0.00sec, #0
0005 and 0016: [59/88], H[14], 0.00sec
0000 and 0016: [19/41], H[8], 0.04sec
0000 and 0017: [25/45], H[6], 0.00sec
0001 and 0017: 58 matches, 0.01sec, #0
0006 and 0016: 124 matches, 0.01sec, #2
0001 and 0016: 46 matches, 0.01sec, #1
0001 and 0017: [34/58], H[8], 0.00sec
0006 and 0016: [96/124], H[35], 0.00sec
0001 and 0016: [27/46], H[8], 0.00sec
0002 and 0017: 73 matches, 0.00sec, #0
0002 and 0017: [43/73], H[20], 0.00sec
0007 and 0016: 126 matches, 0.01sec, #2
0002 and 0016: 46 matches, 0.01sec, #1
0003 and 0017: 90 matches, 0.00sec, #0
0007 and 0016: [102/126], H[21], 0.00sec
0002 and 0016: [23/46], H[10], 0.01sec
0003 and 0017: [70/90], H[16], 0.00sec
0004 and 0017: 87 matches, 0.01sec, #0
0008 and 0016: 108 matches, 0.01sec, #2
0003 and 0016: 58 matches, 0.01sec, #1
0004 and 0017: [63/87], H[20], 0.00sec
0008 and 0016: [71/108], H[19], 0.00sec
0003 and 0016: [34/58], H[11], 0.01sec
0005 and 0017: 97 matches, 0.01sec, #0
0005 and 0017: [68/97], H[47], 0.00sec
0009 and 0016: 141 matches, 0.01sec, #2
0008 and 0017: 58 matches, 0.01sec, #1
0006 and 0017: 94 matches, 0.01sec, #0
0009 and 0016: [100/141], H[53], 0.00sec
0008 and 0017: [42/58], H[11], 0.00sec
0006 and 0017: [69/94], H[15], 0.00sec
0007 and 0017: 80 matches, 0.01sec, #0
0010 and 0016: 142 matches, 0.01sec, #2
0009 and 0017: 33 matches, 0.01sec, #1
0007 and 0017: [61/80], H[17], 0.00sec
0010 and 0016: [105/142], H[67], 0.00sec
0009 and 0017: [24/33], H[10], 0.00sec
0001 and 0018: 59 matches, 0.00sec, #0
0001 and 0018: [30/59], H[9], 0.01sec
0011 and 0016: 74 matches, 0.01sec, #2
0010 and 0017: 54 matches, 0.01sec, #1
0011 and 0016: [47/74], H[18], 0.00sec
0002 and 0018: 63 matches, 0.01sec, #0
0010 and 0017: [34/54], H[15], 0.00sec
0002 and 0018: [38/63], H[14], 0.00sec
0012 and 0016: 268 matches, 0.01sec, #2
0011 and 0017: 44 matches, 0.01sec, #1
0003 and 0018: 73 matches, 0.01sec, #0
0012 and 0016: [247/268], H[105], 0.00sec
0011 and 0017: [28/44], H[8], 0.00sec
0003 and 0018: [51/73], H[16], 0.00sec
0013 and 0016: 208 matches, 0.02sec, #2
0004 and 0018: 74 matches, 0.01sec, #0
0013 and 0016: [143/208], H[45], 0.00sec
0012 and 0017: 84 matches, 0.02sec, #1
0004 and 0018: [50/74], H[13], 0.00sec
0012 and 0017: [65/84], H[12], 0.00sec
0011 and 0018: 45 matches, 0.01sec, #2
0005 and 0018: 101 matches, 0.01sec, #0
0011 and 0018: [32/45], H[5], 0.00sec
0005 and 0018: [84/101], H[16], 0.00sec
0013 and 0017: 51 matches, 0.01sec, #1
0013 and 0017: [43/51], H[8], 0.00sec
0006 and 0018: 113 matches, 0.01sec, #0
0012 and 0018: 124 matches, 0.01sec, #2
0006 and 0018: [97/113], H[20], 0.00sec
0012 and 0018: [110/124], H[37], 0.00sec
0014 and 0017: 85 matches, 0.01sec, #1
0007 and 0018: 131 matches, 0.01sec, #0
0014 and 0017: [67/85], H[22], 0.00sec
0007 and 0018: [106/131], H[53], 0.00sec
0013 and 0018: 81 matches, 0.01sec, #2
0008 and 0018: 81 matches, 0.01sec, #0
0013 and 0018: [64/81], H[11], 0.00sec
0015 and 0017: 121 matches, 0.01sec, #1
0008 and 0018: [55/81], H[16], 0.00sec
0015 and 0017: [106/121], H[36], 0.00sec
0014 and 0018: 104 matches, 0.01sec, #2
0009 and 0018: 76 matches, 0.01sec, #0
0014 and 0018: [88/104], H[32], 0.00sec
0016 and 0017: 144 matches, 0.01sec, #1
0009 and 0018: [45/76], H[14], 0.00sec
0016 and 0017: [112/144], H[49], 0.00sec
0015 and 0018: 200 matches, 0.01sec, #2
0010 and 0018: 82 matches, 0.00sec, #0
0015 and 0018: [185/200], H[39], 0.00sec
0010 and 0018: [57/82], H[18], 0.00sec
0000 and 0018: 46 matches, 0.01sec, #1
0003 and 0019: 151 matches, 0.01sec, #0
0016 and 0018: 193 matches, 0.01sec, #2
0003 and 0019: [115/151], H[38], 0.00sec
0016 and 0018: [160/193], H[119], 0.00sec
0000 and 0018: [23/46], H[8], 0.01sec
0004 and 0019: 159 matches, 0.01sec, #0
0004 and 0019: [124/159], H[59], 0.00sec
0013 and 0019: 55 matches, 0.02sec, #1
0017 and 0018: 266 matches, 0.02sec, #2
0005 and 0019: 132 matches, 0.01sec, #0
0017 and 0018: [257/266], H[146], 0.00sec
0013 and 0019: [32/55], H[10], 0.01sec
0005 and 0019: [95/132], H[52], 0.00sec
0000 and 0019: 88 matches, 0.02sec, #2
0006 and 0019: 126 matches, 0.01sec, #0
0014 and 0019: 31 matches, 0.02sec, #1
0000 and 0019: [49/88], H[14], 0.00sec
0006 and 0019: [84/126], H[49], 0.00sec
0014 and 0019: [21/31], H[9], 0.00sec
0007 and 0019: 49 matches, 0.01sec, #0
0001 and 0019: 71 matches, 0.01sec, #2
0015 and 0019: 121 matches, 0.01sec, #1
0007 and 0019: [25/49], H[8], 0.01sec
0001 and 0019: [41/71], H[11], 0.00sec
0015 and 0019: [100/121], H[26], 0.00sec
0008 and 0019: 27 matches, 0.01sec, #0
0008 and 0019: [17/27], H[8], 0.00sec
0002 and 0019: 80 matches, 0.01sec, #2
0016 and 0019: 104 matches, 0.01sec, #1
0009 and 0019: 37 matches, 0.01sec, #0
0002 and 0019: [54/80], H[21], 0.00sec
0016 and 0019: [84/104], H[8], 0.00sec
0009 and 0019: [25/37], H[12], 0.00sec
0010 and 0019: 33 matches, 0.01sec, #0
0004 and 0020: 162 matches, 0.01sec, #2
0017 and 0019: 103 matches, 0.01sec, #1
0010 and 0019: [19/33], H[5], 0.01sec
0004 and 0020: [123/162], H[59], 0.00sec
0017 and 0019: [93/103], H[38], 0.00sec
0011 and 0019: 15 matches, 0.00sec, #0
0012 and 0019: 66 matches, 0.01sec, #0
0005 and 0020: 169 matches, 0.01sec, #2
0018 and 0019: 94 matches, 0.01sec, #1
0012 and 0019: [44/66], H[20], 0.00sec
0005 and 0020: [139/169], H[72], 0.00sec
0018 and 0019: [78/94], H[40], 0.00sec
0014 and 0020: 55 matches, 0.00sec, #0
0014 and 0020: [39/55], H[10], 0.00sec
0015 and 0020: 184 matches, 0.01sec, #0
0006 and 0020: 130 matches, 0.02sec, #2
0000 and 0020: 77 matches, 0.02sec, #1
0015 and 0020: [157/184], H[38], 0.00sec
0006 and 0020: [107/130], H[64], 0.00sec
0016 and 0020: 155 matches, 0.01sec, #0
0000 and 0020: [38/77], H[8], 0.01sec
0016 and 0020: [125/155], H[63], 0.00sec
0007 and 0020: 79 matches, 0.01sec, #2
0017 and 0020: 201 matches, 0.01sec, #0
0007 and 0020: [49/79], H[19], 0.00sec
0001 and 0020: 97 matches, 0.01sec, #1
0017 and 0020: [184/201], H[60], 0.00sec
0001 and 0020: [61/97], H[9], 0.00sec
0008 and 0020: 44 matches, 0.01sec, #2
0018 and 0020: 185 matches, 0.01sec, #0
0008 and 0020: [32/44], H[11], 0.00sec
0018 and 0020: [159/185], H[39], 0.00sec
0002 and 0020: 96 matches, 0.01sec, #1
0019 and 0020: 267 matches, 0.01sec, #0
0002 and 0020: [56/96], H[20], 0.00sec
0009 and 0020: 55 matches, 0.01sec, #2
0019 and 0020: [248/267], H[123], 0.00sec
0009 and 0020: [33/55], H[8], 0.00sec
0003 and 0020: 137 matches, 0.01sec, #1
0000 and 0021: 78 matches, 0.01sec, #0
0003 and 0020: [109/137], H[65], 0.00sec
0010 and 0020: 48 matches, 0.01sec, #2
0000 and 0021: [44/78], H[13], 0.00sec
0010 and 0020: [27/48], H[12], 0.00sec
0004 and 0021: 86 matches, 0.01sec, #1
0001 and 0021: 79 matches, 0.00sec, #0
0004 and 0021: [55/86], H[36], 0.00sec
0011 and 0020: 24 matches, 0.01sec, #2
0001 and 0021: [54/79], H[34], 0.00sec
0005 and 0021: 56 matches, 0.01sec, #1
0002 and 0021: 97 matches, 0.01sec, #0
0012 and 0020: 87 matches, 0.01sec, #2
0005 and 0021: [36/56], H[8], 0.00sec
0002 and 0021: [77/97], H[38], 0.00sec
0012 and 0020: [67/87], H[15], 0.00sec
0003 and 0021: 106 matches, 0.01sec, #0
0006 and 0021: 41 matches, 0.01sec, #1
0003 and 0021: [74/106], H[47], 0.00sec
0013 and 0020: 68 matches, 0.01sec, #2
0006 and 0021: [25/41], H[12], 0.00sec
0014 and 0021: 18 matches, 0.00sec, #0
0013 and 0020: [46/68], H[7], 0.01sec
0015 and 0021: 59 matches, 0.01sec, #0
0007 and 0021: 27 matches, 0.01sec, #1
0003 and 0022: 83 matches, 0.01sec, #2
0015 and 0021: [45/59], H[8], 0.01sec
0003 and 0022: [63/83], H[13], 0.00sec
0007 and 0021: [14/27], H[6], 0.01sec
0016 and 0021: 49 matches, 0.00sec, #0
0016 and 0021: [38/49], H[9], 0.01sec
0004 and 0022: 82 matches, 0.01sec, #2
0008 and 0021: 13 matches, 0.01sec, #1
0017 and 0021: 64 matches, 0.00sec, #0
0004 and 0022: [59/82], H[22], 0.00sec
0017 and 0021: [54/64], H[12], 0.00sec
0009 and 0021: 12 matches, 0.01sec, #1
0018 and 0021: 69 matches, 0.00sec, #0
0005 and 0022: 58 matches, 0.01sec, #2
0018 and 0021: [53/69], H[9], 0.00sec
0010 and 0021: 22 matches, 0.01sec, #1
0005 and 0022: [41/58], H[12], 0.00sec
0019 and 0021: 194 matches, 0.01sec, #0
0019 and 0021: [178/194], H[83], 0.00sec
0011 and 0021: 8 matches, 0.01sec, #1
0006 and 0022: 50 matches, 0.01sec, #2
0020 and 0021: 158 matches, 0.01sec, #0
0006 and 0022: [34/50], H[21], 0.00sec
0012 and 0021: 26 matches, 0.01sec, #1
0020 and 0021: [137/158], H[42], 0.00sec
0012 and 0021: [19/26], H[6], 0.00sec
0007 and 0022: 38 matches, 0.01sec, #2
0000 and 0022: 52 matches, 0.01sec, #0
0007 and 0022: [19/38], H[10], 0.01sec
0000 and 0022: [33/52], H[11], 0.00sec
0013 and 0021: 17 matches, 0.01sec, #1
0001 and 0022: 58 matches, 0.00sec, #0
0008 and 0022: 17 matches, 0.02sec, #2
0001 and 0022: [37/58], H[9], 0.00sec
0013 and 0022: 18 matches, 0.02sec, #1
0002 and 0022: 74 matches, 0.01sec, #0
0009 and 0022: 16 matches, 0.02sec, #2
0002 and 0022: [56/74], H[27], 0.00sec
0014 and 0022: 33 matches, 0.02sec, #1
0001 and 0023: 148 matches, 0.01sec, #0
0010 and 0022: 22 matches, 0.01sec, #2
0014 and 0022: [23/33], H[8], 0.00sec
0001 and 0023: [124/148], H[20], 0.00sec
0011 and 0022: 19 matches, 0.01sec, #2
0002 and 0023: 142 matches, 0.01sec, #0
0015 and 0022: 45 matches, 0.02sec, #1
0002 and 0023: [96/142], H[44], 0.00sec
0015 and 0022: [37/45], H[8], 0.00sec
0012 and 0022: 27 matches, 0.01sec, #2
0003 and 0023: 121 matches, 0.01sec, #0
0012 and 0022: [21/27], H[5], 0.00sec
0016 and 0022: 58 matches, 0.01sec, #1
0003 and 0023: [81/121], H[61], 0.00sec
0016 and 0022: [47/58], H[15], 0.00sec
0011 and 0023: 16 matches, 0.01sec, #2
0004 and 0023: 107 matches, 0.01sec, #0
0004 and 0023: [71/107], H[48], 0.00sec
0017 and 0022: 132 matches, 0.01sec, #1
0012 and 0023: 24 matches, 0.01sec, #2
0017 and 0022: [111/132], H[35], 0.00sec
0005 and 0023: 82 matches, 0.01sec, #0
0005 and 0023: [51/82], H[18], 0.00sec
0013 and 0023: 24 matches, 0.02sec, #2
0018 and 0022: 106 matches, 0.01sec, #1
0006 and 0023: 57 matches, 0.01sec, #0
0018 and 0022: [82/106], H[19], 0.00sec
0014 and 0023: 19 matches, 0.01sec, #2
0006 and 0023: [30/57], H[11], 0.01sec
0019 and 0022: 140 matches, 0.01sec, #1
0007 and 0023: 34 matches, 0.01sec, #0
0015 and 0023: 55 matches, 0.01sec, #2
0019 and 0022: [133/140], H[49], 0.00sec
0007 and 0023: [19/34], H[6], 0.01sec
0015 and 0023: [42/55], H[15], 0.00sec
0008 and 0023: 23 matches, 0.00sec, #0
0020 and 0022: 130 matches, 0.01sec, #1
0016 and 0023: 54 matches, 0.01sec, #2
0020 and 0022: [120/130], H[52], 0.00sec
0009 and 0023: 21 matches, 0.01sec, #0
0016 and 0023: [34/54], H[10], 0.00sec
0010 and 0023: 24 matches, 0.01sec, #0
0021 and 0022: 156 matches, 0.01sec, #1
0021 and 0023: 234 matches, 0.01sec, #0
0021 and 0022: [134/156], H[62], 0.00sec
0017 and 0023: 79 matches, 0.02sec, #2
0021 and 0023: [216/234], H[43], 0.00sec
0017 and 0023: [65/79], H[14], 0.00sec
0000 and 0023: 120 matches, 0.01sec, #1
0022 and 0023: 122 matches, 0.00sec, #0
0000 and 0023: [76/120], H[11], 0.00sec
0022 and 0023: [113/122], H[23], 0.00sec
0018 and 0023: 66 matches, 0.01sec, #2
0000 and 0024: 213 matches, 0.01sec, #0
0018 and 0023: [42/66], H[13], 0.00sec
0008 and 0024: 25 matches, 0.01sec, #1
0000 and 0024: [173/213], H[60], 0.00sec
0008 and 0024: [16/25], H[8], 0.00sec
0019 and 0023: 153 matches, 0.01sec, #2
0001 and 0024: 150 matches, 0.01sec, #0
0019 and 0023: [131/153], H[46], 0.00sec
0001 and 0024: [118/150], H[18], 0.00sec
0009 and 0024: 27 matches, 0.01sec, #1
0020 and 0023: 160 matches, 0.01sec, #2
0002 and 0024: 127 matches, 0.00sec, #0
0009 and 0024: [16/27], H[6], 0.00sec
0020 and 0023: [114/160], H[45], 0.00sec
0002 and 0024: [98/127], H[30], 0.00sec
0003 and 0024: 133 matches, 0.01sec, #0
0010 and 0024: 24 matches, 0.01sec, #1
0018 and 0024: 38 matches, 0.01sec, #2
0003 and 0024: [89/133], H[22], 0.00sec
0018 and 0024: [25/38], H[7], 0.00sec
0011 and 0024: 13 matches, 0.01sec, #1
0004 and 0024: 104 matches, 0.01sec, #0
0004 and 0024: [69/104], H[21], 0.00sec
0019 and 0024: 123 matches, 0.01sec, #2
0012 and 0024: 30 matches, 0.01sec, #1
0019 and 0024: [79/123], H[30], 0.00sec
0005 and 0024: 77 matches, 0.00sec, #0
0012 and 0024: [19/30], H[8], 0.01sec
0005 and 0024: [47/77], H[13], 0.00sec
0020 and 0024: 94 matches, 0.01sec, #2
0013 and 0024: 29 matches, 0.01sec, #1
0006 and 0024: 57 matches, 0.01sec, #0
0020 and 0024: [59/94], H[11], 0.00sec
0013 and 0024: [19/29], H[7], 0.00sec
0006 and 0024: [39/57], H[11], 0.00sec
0021 and 0024: 130 matches, 0.01sec, #2
0007 and 0024: 35 matches, 0.00sec, #0
0014 and 0024: 21 matches, 0.01sec, #1
0021 and 0024: [85/130], H[46], 0.00sec
0007 and 0024: [23/35], H[8], 0.00sec
0015 and 0024: 48 matches, 0.01sec, #1
0004 and 0025: 93 matches, 0.01sec, #0
0022 and 0024: 68 matches, 0.01sec, #2
0004 and 0025: [65/93], H[20], 0.00sec
0022 and 0024: [49/68], H[15], 0.00sec
0015 and 0024: [21/48], H[5], 0.01sec
0005 and 0025: 79 matches, 0.01sec, #0
0005 and 0025: [46/79], H[9], 0.00sec
0023 and 0024: 211 matches, 0.01sec, #2
0016 and 0024: 40 matches, 0.01sec, #1
0023 and 0024: [172/211], H[102], 0.00sec
0006 and 0025: 62 matches, 0.01sec, #0
0016 and 0024: [22/40], H[10], 0.00sec
0006 and 0025: [39/62], H[12], 0.00sec
0000 and 0025: 198 matches, 0.01sec, #2
0017 and 0024: 47 matches, 0.01sec, #1
0007 and 0025: 30 matches, 0.01sec, #0
0000 and 0025: [143/198], H[102], 0.00sec
0017 and 0024: [36/47], H[16], 0.00sec
0007 and 0025: [18/30], H[5], 0.01sec
0008 and 0025: 29 matches, 0.01sec, #0
0014 and 0025: 19 matches, 0.01sec, #1
0001 and 0025: 127 matches, 0.01sec, #2
0008 and 0025: [16/29], H[5], 0.01sec
0001 and 0025: [101/127], H[18], 0.00sec
0015 and 0025: 48 matches, 0.01sec, #1
0009 and 0025: 30 matches, 0.01sec, #0
0015 and 0025: [31/48], H[10], 0.00sec
0002 and 0025: 109 matches, 0.01sec, #2
0002 and 0025: [90/109], H[17], 0.00sec
0009 and 0025: [14/30], H[8], 0.01sec
0016 and 0025: 47 matches, 0.01sec, #1
0010 and 0025: 20 matches, 0.01sec, #0
0003 and 0025: 120 matches, 0.01sec, #2
0016 and 0025: [35/47], H[15], 0.00sec
0011 and 0025: 13 matches, 0.01sec, #0
0003 and 0025: [75/120], H[9], 0.00sec
0017 and 0025: 61 matches, 0.01sec, #1
0012 and 0025: 31 matches, 0.01sec, #0
0017 and 0025: [48/61], H[13], 0.00sec
0024 and 0025: 301 matches, 0.01sec, #2
0012 and 0025: [24/31], H[8], 0.00sec
0024 and 0025: [252/301], H[153], 0.00sec
0018 and 0025: 53 matches, 0.01sec, #1
0013 and 0025: 24 matches, 0.01sec, #0
0018 and 0025: [35/53], H[11], 0.00sec
0000 and 0026: 373 matches, 0.01sec, #2
0009 and 0026: 39 matches, 0.01sec, #0
0000 and 0026: [319/373], H[259], 0.00sec
0019 and 0025: 161 matches, 0.01sec, #1
0009 and 0026: [24/39], H[6], 0.00sec
0019 and 0025: [129/161], H[41], 0.00sec
0001 and 0026: 244 matches, 0.01sec, #2
0010 and 0026: 29 matches, 0.00sec, #0
0001 and 0026: [212/244], H[65], 0.00sec
0020 and 0025: 128 matches, 0.01sec, #1
0010 and 0026: [16/29], H[7], 0.01sec
0020 and 0025: [106/128], H[23], 0.00sec
0002 and 0026: 197 matches, 0.01sec, #2
0011 and 0026: 19 matches, 0.00sec, #0
0002 and 0026: [141/197], H[46], 0.00sec
0021 and 0025: 180 matches, 0.01sec, #1
0012 and 0026: 31 matches, 0.01sec, #0
0021 and 0025: [149/180], H[17], 0.00sec
0012 and 0026: [18/31], H[11], 0.00sec
0003 and 0026: 169 matches, 0.01sec, #2
0003 and 0026: [133/169], H[60], 0.00sec
0022 and 0025: 98 matches, 0.01sec, #1
0013 and 0026: 36 matches, 0.01sec, #0
0022 and 0025: [83/98], H[26], 0.00sec
0004 and 0026: 142 matches, 0.01sec, #2
0004 and 0026: [97/142], H[35], 0.00sec
0023 and 0025: 313 matches, 0.01sec, #1
0023 and 0025: [269/313], H[127], 0.00sec
0005 and 0026: 119 matches, 0.01sec, #2
0005 and 0026: [80/119], H[15], 0.00sec
0013 and 0026: [17/36], H[5], 0.03sec
0019 and 0026: 127 matches, 0.01sec, #1
0014 and 0026: 26 matches, 0.00sec, #0
0019 and 0026: [78/127], H[23], 0.00sec
0006 and 0026: 89 matches, 0.01sec, #2
0014 and 0026: [14/26], H[5], 0.01sec
0006 and 0026: [59/89], H[13], 0.00sec
0020 and 0026: 120 matches, 0.01sec, #1
0015 and 0026: 38 matches, 0.01sec, #0
0020 and 0026: [62/120], H[14], 0.01sec
0007 and 0026: 44 matches, 0.01sec, #2
0015 and 0026: [22/38], H[7], 0.00sec
0007 and 0026: [26/44], H[6], 0.00sec
0021 and 0026: 123 matches, 0.01sec, #1
0016 and 0026: 38 matches, 0.01sec, #0
0021 and 0026: [86/123], H[19], 0.00sec
0008 and 0026: 32 matches, 0.01sec, #2
0016 and 0026: [18/38], H[7], 0.01sec
0008 and 0026: [21/32], H[5], 0.00sec
0022 and 0026: 66 matches, 0.01sec, #1
0017 and 0026: 60 matches, 0.01sec, #0
0022 and 0026: [47/66], H[9], 0.00sec
0017 and 0026: [38/60], H[11], 0.00sec
0003 and 0027: 205 matches, 0.01sec, #2
0003 and 0027: [159/205], H[95], 0.00sec
0018 and 0026: 43 matches, 0.00sec, #0
0023 and 0026: 184 matches, 0.01sec, #1
0018 and 0026: [28/43], H[9], 0.00sec
0023 and 0026: [145/184], H[88], 0.00sec
0004 and 0027: 205 matches, 0.01sec, #2
0013 and 0027: 30 matches, 0.01sec, #0
0004 and 0027: [167/205], H[56], 0.00sec
0024 and 0026: 308 matches, 0.01sec, #1
0013 and 0027: [17/30], H[8], 0.00sec
0024 and 0026: [274/308], H[173], 0.00sec
0005 and 0027: 162 matches, 0.01sec, #2
0014 and 0027: 21 matches, 0.01sec, #0
0005 and 0027: [128/162], H[42], 0.00sec
0025 and 0026: 272 matches, 0.01sec, #1
0015 and 0027: 47 matches, 0.01sec, #0
0025 and 0026: [234/272], H[124], 0.00sec
0006 and 0027: 130 matches, 0.01sec, #2
0015 and 0027: [28/47], H[9], 0.00sec
0006 and 0027: [100/130], H[37], 0.00sec
0000 and 0027: 300 matches, 0.01sec, #1
0016 and 0027: 47 matches, 0.01sec, #0
0000 and 0027: [252/300], H[72], 0.00sec
0007 and 0027: 88 matches, 0.01sec, #2
0016 and 0027: [24/47], H[10], 0.01sec
0007 and 0027: [58/88], H[17], 0.00sec
0001 and 0027: 438 matches, 0.01sec, #1
0017 and 0027: 56 matches, 0.00sec, #0
0001 and 0027: [394/438], H[347], 0.00sec
0017 and 0027: [40/56], H[10], 0.00sec
0008 and 0027: 45 matches, 0.01sec, #2
0018 and 0027: 51 matches, 0.01sec, #0
0002 and 0027: 318 matches, 0.01sec, #1
0008 and 0027: [27/45], H[6], 0.00sec
0018 and 0027: [35/51], H[5], 0.00sec
0002 and 0027: [276/318], H[217], 0.00sec
0019 and 0027: 78 matches, 0.01sec, #0
0009 and 0027: 44 matches, 0.01sec, #2
0019 and 0027: [46/78], H[19], 0.00sec
0023 and 0027: 158 matches, 0.01sec, #1
0009 and 0027: [25/44], H[11], 0.00sec
0023 and 0027: [128/158], H[64], 0.00sec
0020 and 0027: 94 matches, 0.01sec, #0
0020 and 0027: [60/94], H[18], 0.00sec
0010 and 0027: 29 matches, 0.01sec, #2
0024 and 0027: 162 matches, 0.01sec, #1
0021 and 0027: 94 matches, 0.01sec, #0
0024 and 0027: [128/162], H[26], 0.00sec
0010 and 0027: [16/29], H[6], 0.01sec
0021 and 0027: [67/94], H[34], 0.00sec
0022 and 0027: 50 matches, 0.01sec, #0
0025 and 0027: 169 matches, 0.01sec, #1
0011 and 0027: 24 matches, 0.01sec, #2
0022 and 0027: [35/50], H[13], 0.00sec
0025 and 0027: [128/169], H[56], 0.00sec
0012 and 0027: 27 matches, 0.01sec, #2
0006 and 0028: 108 matches, 0.01sec, #0
0012 and 0027: [17/27], H[6], 0.00sec
0006 and 0028: [73/108], H[27], 0.00sec
0026 and 0027: 262 matches, 0.01sec, #1
0026 and 0027: [220/262], H[64], 0.00sec
0007 and 0028: 59 matches, 0.01sec, #0
0016 and 0028: 48 matches, 0.01sec, #2
0007 and 0028: [37/59], H[11], 0.00sec
0000 and 0028: 412 matches, 0.01sec, #1
0008 and 0028: 34 matches, 0.00sec, #0
0016 and 0028: [27/48], H[8], 0.01sec
0000 and 0028: [355/412], H[240], 0.00sec
0008 and 0028: [20/34], H[5], 0.01sec
0009 and 0028: 52 matches, 0.01sec, #0
0017 and 0028: 52 matches, 0.01sec, #2
0001 and 0028: 327 matches, 0.01sec, #1
0009 and 0028: [33/52], H[14], 0.00sec
0017 and 0028: [36/52], H[11], 0.00sec
0001 and 0028: [278/327], H[115], 0.00sec
0010 and 0028: 29 matches, 0.01sec, #0
0010 and 0028: [16/29], H[6], 0.01sec
0018 and 0028: 50 matches, 0.01sec, #2
0002 and 0028: 238 matches, 0.01sec, #1
0011 and 0028: 17 matches, 0.01sec, #0
0018 and 0028: [32/50], H[7], 0.00sec
0002 and 0028: [189/238], H[98], 0.00sec
0012 and 0028: 31 matches, 0.01sec, #0
0012 and 0028: [17/31], H[12], 0.00sec
0019 and 0028: 100 matches, 0.01sec, #2
0003 and 0028: 186 matches, 0.01sec, #1
0013 and 0028: 27 matches, 0.01sec, #0
0019 and 0028: [60/100], H[28], 0.00sec
0003 and 0028: [137/186], H[31], 0.00sec
0013 and 0028: [15/27], H[7], 0.01sec
0020 and 0028: 86 matches, 0.01sec, #2
0014 and 0028: 22 matches, 0.01sec, #0
0004 and 0028: 178 matches, 0.01sec, #1
0020 and 0028: [41/86], H[11], 0.01sec
0015 and 0028: 41 matches, 0.01sec, #0
0004 and 0028: [115/178], H[59], 0.00sec
0015 and 0028: [26/41], H[10], 0.00sec
0021 and 0028: 95 matches, 0.01sec, #2
0026 and 0028: 409 matches, 0.01sec, #0
0021 and 0028: [67/95], H[14], 0.00sec
0005 and 0028: 142 matches, 0.01sec, #1
0026 and 0028: [362/409], H[255], 0.00sec
0005 and 0028: [111/142], H[18], 0.00sec
0022 and 0028: 55 matches, 0.01sec, #2
0027 and 0028: 393 matches, 0.01sec, #0
0022 and 0028: [37/55], H[14], 0.00sec
0027 and 0028: [354/393], H[206], 0.00sec
0008 and 0029: 34 matches, 0.01sec, #1
0023 and 0028: 177 matches, 0.01sec, #2
0008 and 0029: [22/34], H[6], 0.00sec
0000 and 0029: 471 matches, 0.01sec, #0
0023 and 0028: [123/177], H[64], 0.00sec
0000 and 0029: [420/471], H[307], 0.00sec
0009 and 0029: 49 matches, 0.01sec, #1
0024 and 0028: 218 matches, 0.01sec, #2
0001 and 0029: 337 matches, 0.01sec, #0
0009 and 0029: [26/49], H[6], 0.01sec
0024 and 0028: [189/218], H[47], 0.00sec
0001 and 0029: [273/337], H[223], 0.00sec
0010 and 0029: 30 matches, 0.01sec, #1
0002 and 0029: 216 matches, 0.01sec, #0
0025 and 0028: 226 matches, 0.01sec, #2
0002 and 0029: [197/216], H[78], 0.00sec
0025 and 0028: [184/226], H[68], 0.00sec
0010 and 0029: [16/30], H[6], 0.01sec
0003 and 0029: 170 matches, 0.01sec, #0
0018 and 0029: 48 matches, 0.01sec, #2
0003 and 0029: [153/170], H[85], 0.00sec
0011 and 0029: 23 matches, 0.01sec, #1
0018 and 0029: [22/48], H[6], 0.01sec
0004 and 0029: 176 matches, 0.01sec, #0
0012 and 0029: 26 matches, 0.01sec, #1
0004 and 0029: [152/176], H[13], 0.00sec
0019 and 0029: 91 matches, 0.01sec, #2
0012 and 0029: [14/26], H[8], 0.01sec
0005 and 0029: 124 matches, 0.01sec, #0
0019 and 0029: [50/91], H[11], 0.01sec
0005 and 0029: [91/124], H[25], 0.00sec
0013 and 0029: 34 matches, 0.01sec, #1
0006 and 0029: 114 matches, 0.01sec, #0
0020 and 0029: 84 matches, 0.01sec, #2
0013 and 0029: [19/34], H[6], 0.01sec
0006 and 0029: [92/114], H[18], 0.00sec
0020 and 0029: [47/84], H[5], 0.00sec
0007 and 0029: 58 matches, 0.01sec, #0
0014 and 0029: 22 matches, 0.01sec, #1
0021 and 0029: 86 matches, 0.01sec, #2
0007 and 0029: [38/58], H[9], 0.01sec
0021 and 0029: [59/86], H[12], 0.00sec
0015 and 0029: 33 matches, 0.01sec, #1
0028 and 0029: 474 matches, 0.01sec, #0
0015 and 0029: [18/33], H[4], 0.01sec
0022 and 0029: 46 matches, 0.01sec, #2
0028 and 0029: [418/474], H[232], 0.00sec
0022 and 0029: [28/46], H[8], 0.00sec
0016 and 0029: 44 matches, 0.01sec, #1
0000 and 0030: 1102 matches, 0.01sec, #0
0023 and 0029: 128 matches, 0.01sec, #2
0016 and 0029: [22/44], H[7], 0.01sec
0023 and 0029: [93/128], H[18], 0.00sec
0000 and 0030: [1102/1102], H[1102], 0.01sec
0017 and 0029: 40 matches, 0.01sec, #1
0001 and 0030: 273 matches, 0.01sec, #0
0024 and 0029: 214 matches, 0.01sec, #2
0017 and 0029: [23/40], H[8], 0.00sec
0001 and 0030: [215/273], H[93], 0.00sec
0024 and 0029: [180/214], H[122], 0.00sec
0002 and 0030: 208 matches, 0.01sec, #0
0009 and 0030: 38 matches, 0.01sec, #1
0002 and 0030: [180/208], H[93], 0.00sec
0025 and 0029: 194 matches, 0.01sec, #2
0009 and 0030: [24/38], H[7], 0.00sec
0025 and 0029: [140/194], H[28], 0.00sec
0003 and 0030: 144 matches, 0.01sec, #0
0003 and 0030: [129/144], H[26], 0.00sec
0010 and 0030: 19 matches, 0.01sec, #1
0026 and 0029: 371 matches, 0.01sec, #2
0004 and 0030: 164 matches, 0.01sec, #0
0026 and 0029: [297/371], H[176], 0.00sec
0011 and 0030: 25 matches, 0.01sec, #1
0004 and 0030: [114/164], H[43], 0.00sec
0011 and 0030: [14/25], H[5], 0.01sec
0027 and 0029: 337 matches, 0.01sec, #2
0005 and 0030: 129 matches, 0.01sec, #0
0027 and 0029: [281/337], H[187], 0.00sec
0005 and 0030: [106/129], H[21], 0.00sec
0012 and 0030: 27 matches, 0.01sec, #1
0006 and 0030: 104 matches, 0.01sec, #0
0019 and 0030: 88 matches, 0.01sec, #2
0012 and 0030: [14/27], H[7], 0.01sec
0006 and 0030: [91/104], H[35], 0.00sec
0019 and 0030: [50/88], H[17], 0.00sec
0007 and 0030: 57 matches, 0.01sec, #0
0013 and 0030: 22 matches, 0.01sec, #1
0007 and 0030: [39/57], H[6], 0.00sec
0020 and 0030: 77 matches, 0.01sec, #2
0014 and 0030: 19 matches, 0.01sec, #1
0008 and 0030: 35 matches, 0.00sec, #0
0008 and 0030: [26/35], H[4], 0.00sec
0015 and 0030: 43 matches, 0.01sec, #1
0025 and 0030: 198 matches, 0.00sec, #0
0025 and 0030: [149/198], H[20], 0.00sec
0020 and 0030: [38/77], H[12], 0.03sec
0026 and 0030: 373 matches, 0.01sec, #0
0026 and 0030: [286/373], H[206], 0.00sec
0021 and 0030: 78 matches, 0.01sec, #2
0015 and 0030: [19/43], H[5], 0.03sec
0027 and 0030: 300 matches, 0.01sec, #0
0021 and 0030: [43/78], H[15], 0.00sec
0027 and 0030: [253/300], H[64], 0.00sec
0016 and 0030: 41 matches, 0.01sec, #1
0022 and 0030: 52 matches, 0.01sec, #2
0028 and 0030: 412 matches, 0.01sec, #0
0022 and 0030: [38/52], H[9], 0.00sec
0028 and 0030: [358/412], H[218], 0.00sec
0016 and 0030: [18/41], H[7], 0.01sec
0023 and 0030: 120 matches, 0.01sec, #2
0029 and 0030: 471 matches, 0.01sec, #0
0023 and 0030: [85/120], H[23], 0.00sec
0017 and 0030: 45 matches, 0.01sec, #1
0029 and 0030: [421/471], H[288], 0.00sec
0017 and 0030: [25/45], H[7], 0.01sec
0024 and 0030: 213 matches, 0.01sec, #2
0024 and 0030: [180/213], H[52], 0.00sec
0018 and 0030: 46 matches, 0.01sec, #1
0018 and 0030: [24/46], H[5], 0.01sec

###########-------timing------#########
465 Image Match finished, 4 sec used
#############################

----------------------------------------------------------------
Compute Missing Pairwise Matching, finished
Totally 7.000 seconds used


Run full 3D reconstruction, begin...
402 pairs have two-view models
422 pairs have fundamental matrices
Initialize with key..d (7) and key..d (8)
115 3D points initialized from two images
PBA library version = 105
PBA: 115 3D pts, 2 cams and 230 projs...
PBA: 44.418 -> 0.050 (1 LMs in 0.11sec)
Focal Length : [814.165]->[814.165]
Focal Length : [814.165]->[814.165]

#############################
#3: [key..d (6)] sees 147 (+365) 3D points
Estimated Focal Length [814][1.27N]
# 600 projs (250 pts and 0 merges)
PBA: 365 3D pts, 3 cams and 830 projs...
PBA: 0.258 -> 0.212 (1 LMs in 0.00sec)

**************************************
#3/3:  642 projs and 263 pts added.
PBA: 366 3D pts, 3 cams and 848 projs...
PBA: 0.198 -> 0.186 (6 LMs in 0.01sec)
PBA: 366 3D pts, 3 cams and 848 projs...
PBA: 0.186 -> 0.176 (6 LMs in 0.01sec)
Focal Length : [814.165]->[814.165]
Radial Distortion : [0.000 -> 0]

#############################
#4: [key..d (5)] sees 385 (+304) 3D points
Estimated Focal Length [814][1.27N]
# 542 projs (162 pts and 0 merges)
PBA: 503 3D pts, 4 cams and 1340 projs...
PBA: 0.552 -> 0.251 (14 LMs in 0.02sec)
Focal Length : [814.165]->[814.165]
Radial Distortion : [0.000 -> 0]

#############################
#5: [key..d (4)] sees 547 (+238) 3D points
Estimated Focal Length [814][1.27N]
# 479 projs (120 pts and 0 merges)
PBA: 601 3D pts, 5 cams and 1775 projs...
PBA: 1.214 -> 0.512 (18 LMs in 0.11sec)
#points w/ large errors:	2

**************************************
#5/5:  522 projs and 138 pts added.
PBA: 603 3D pts, 5 cams and 1784 projs...
PBA: 0.443 -> 0.442 (16 LMs in 0.03sec)
PBA: 603 3D pts, 5 cams and 1784 projs...
PBA: 0.442 -> 0.442 (14 LMs in 0.02sec)
Focal Length : [814.165]->[814.165]
Radial Distortion : [0.000 -> 0]

#############################
#6: [key..d (3)] sees 552 (+175) 3D points
Estimated Focal Length [814][1.27N]
# 465 projs (121 pts and 1 merges)
PBA: 695 3D pts, 6 cams and 2193 projs...
PBA: 1.380 -> 0.592 (29 LMs in 0.08sec)
#points w/ large errors:	10
#unstable points removed:	5
Focal Length : [814.165]->[814.165]
Radial Distortion : [0.000 -> 0]

#############################
#7: [key..d (2)] sees 679 (+241) 3D points
Estimated Focal Length [814][1.27N]
# 410 projs (78 pts and 6 merges)
PBA: 728 3D pts, 7 cams and 2511 projs...
PBA: 0.931 -> 0.486 (15 LMs in 0.08sec)
#points w/ large errors:	5

**************************************
#7/7:  586 projs and 162 pts added.
PBA: 799 3D pts, 7 cams and 2655 projs...
PBA: 0.416 -> 0.414 (23 LMs in 0.05sec)
PBA: 799 3D pts, 7 cams and 2655 projs...
PBA: 0.414 -> 0.413 (19 LMs in 0.06sec)
Focal Length : [814.165]->[814.165]
Radial Distortion : [0.000 -> 0]

#############################
#8: [key.. (28)] sees 923 (+286) 3D points
Estimated Focal Length [814][1.27N]
# 481 projs (85 pts and 7 merges)
PBA: 850 3D pts, 8 cams and 3082 projs...
PBA: 1.090 -> 0.467 (24 LMs in 0.05sec)
#points w/ large errors:	8
Focal Length : [814.165]->[814.165]
Radial Distortion : [0.000 -> 0]

#############################
#9: [key.. (29)] sees 916 (+284) 3D points
Estimated Focal Length [814][1.27N]
# 681 projs (184 pts and 6 merges)
PBA: 1003 3D pts, 9 cams and 3704 projs...
PBA: 1.892 -> 0.459 (18 LMs in 0.09sec)
#points w/ large errors:	2

**************************************
#9/9:  770 projs and 205 pts added.
PBA: 1016 3D pts, 9 cams and 3772 projs...
PBA: 0.583 -> 0.551 (14 LMs in 0.03sec)
PBA: 1016 3D pts, 9 cams and 3772 projs...
PBA: 0.551 -> 0.551 (11 LMs in 0.02sec)
Focal Length : [814.165]->[814.165]
Radial Distortion : [0.000 -> 0]

#############################
#10: [key.. (30)] sees 1295 (+280) 3D points
Estimated Focal Length [814][1.27N]
# 528 projs (76 pts and 7 merges)
PBA: 1051 3D pts, 10 cams and 4232 projs...
PBA: 0.805 -> 0.569 (25 LMs in 0.17sec)
#points w/ large errors:	10
Focal Length : [814.165]->[814.165]
Radial Distortion : [0.000 -> 0]

#############################
#11: [key..d (1)] sees 1429 (+294) 3D points
Estimated Focal Length [814][1.27N]
# 814 projs (196 pts and 5 merges)
PBA: 1187 3D pts, 11 cams and 4921 projs...
PBA: 2.020 -> 0.595 (26 LMs in 0.11sec)
#points w/ large errors:	5
#unstable points removed:	3
Focal Length : [814.165]->[814.165]
Radial Distortion : [0.000 -> 0]

#############################
#12: [key.. (31)] sees 2171 (+611) 3D points
Estimated Focal Length [814][1.27N]
# 549 projs (17 pts and 4 merges)
PBA: 1169 3D pts, 12 cams and 5400 projs...
PBA: 0.701 -> 0.616 (15 LMs in 0.13sec)
#points w/ large errors:	3
#unstable points removed:	1

**************************************
#12/12:  659 projs and 51 pts added.
PBA: 1198 3D pts, 12 cams and 5496 projs...
PBA: 1.001 -> 0.958 (20 LMs in 0.05sec)
#points w/ large errors:	1
#unstable points removed:	15
PBA: 1182 3D pts, 12 cams and 5444 projs...
PBA: 0.904 -> 0.903 (25 LMs in 0.08sec)
Focal Length : [814.165]->[814.165]
Radial Distortion : [0.000 -> 0]

#############################
#13: [key.. (27)] sees 1812 (+221) 3D points
Estimated Focal Length [814][1.27N]
# 561 projs (64 pts and 8 merges)
PBA: 1224 3D pts, 13 cams and 5977 projs...
PBA: 1.372 -> 1.098 (18 LMs in 0.13sec)
#points w/ large errors:	23
#unstable points removed:	13
Focal Length : [814.165]->[814.165]
Radial Distortion : [0.000 -> 0]

#############################
#14: [key.. (25)] sees 1322 (+156) 3D points
Estimated Focal Length [814][1.27N]
# 646 projs (143 pts and 4 merges)
PBA: 1317 3D pts, 14 cams and 6461 projs...
PBA: 0.966 -> 0.845 (31 LMs in 0.20sec)
#points w/ large errors:	24
Focal Length : [814.165]->[814.165]
Radial Distortion : [0.000 -> 0]

#############################
#15: [key.. (26)] sees 1433 (+139) 3D points
Estimated Focal Length [814][1.27N]
# 645 projs (145 pts and 12 merges)
PBA: 1420 3D pts, 15 cams and 7012 projs...
PBA: 0.742 -> 0.585 (14 LMs in 0.12sec)
#points w/ large errors:	9
#unstable points removed:	7
Focal Length : [814.165]->[814.165]
Radial Distortion : [0.000 -> 0]

#############################
#16: [key.. (24)] sees 1381 (+132) 3D points
Estimated Focal Length [814][1.27N]
# 471 projs (70 pts and 5 merges)
PBA: 1454 3D pts, 16 cams and 7383 projs...
PBA: 0.868 -> 0.776 (100 LMs in 0.73sec)
#points w/ large errors:	12

**************************************
#16/16:  629 projs and 103 pts added.
PBA: 1474 3D pts, 16 cams and 7494 projs...
PBA: 0.589 -> 0.562 (27 LMs in 0.18sec)
#points w/ large errors:	5
PBA: 1469 3D pts, 16 cams and 7484 projs...
PBA: 0.512 -> 0.510 (20 LMs in 0.07sec)
Focal Length : [814.165]->[814.165]
Radial Distortion : [0.000 -> 0]

#############################
#17: [key.. (21)] sees 1033 (+141) 3D points
Estimated Focal Length [814][1.27N]
# 450 projs (102 pts and 7 merges)
PBA: 1541 3D pts, 17 cams and 7888 projs...
PBA: 0.843 -> 0.755 (16 LMs in 0.12sec)
#points w/ large errors:	10
Focal Length : [814.165]->[814.165]
Radial Distortion : [0.000 -> 0]

#############################
#18: [key.. (20)] sees 1238 (+169) 3D points
Estimated Focal Length [814][1.27N]
# 428 projs (79 pts and 11 merges)
PBA: 1579 3D pts, 18 cams and 8240 projs...
PBA: 0.650 -> 0.493 (28 LMs in 0.06sec)
#points w/ large errors:	5
Focal Length : [814.165]->[814.165]
Radial Distortion : [0.000 -> 0]

#############################
#19: [key.. (22)] sees 1140 (+203) 3D points
Estimated Focal Length [814][1.27N]
# 446 projs (112 pts and 9 merges)
PBA: 1649 3D pts, 19 cams and 8612 projs...
PBA: 0.766 -> 0.574 (17 LMs in 0.17sec)
#points w/ large errors:	11
Focal Length : [814.165]->[814.165]
Radial Distortion : [0.000 -> 0]

#############################
#20: [key.. (16)] sees 745 (+141) 3D points
Estimated Focal Length [814][1.27N]
# 402 projs (97 pts and 6 merges)
PBA: 1716 3D pts, 20 cams and 8919 projs...
PBA: 0.706 -> 0.559 (17 LMs in 0.05sec)
#points w/ large errors:	16
Focal Length : [814.165]->[814.165]
Radial Distortion : [0.000 -> 0]

#############################
#21: [key.. (17)] sees 801 (+190) 3D points
Estimated Focal Length [814][1.27N]
# 513 projs (141 pts and 6 merges)
SKIP: 0 cams, 1 points, 71 projs
PBA: 1815 3D pts, 20 cams and 9333 projs...
PBA: 0.702 -> 0.484 (5 LMs in 0.01sec)
#points w/ large errors:	7

**************************************
#21/21:  663 projs and 198 pts added.
PBA: 1842 3D pts, 21 cams and 9417 projs...
PBA: 0.585 -> 0.538 (50 LMs in 0.13sec)
#points w/ large errors:	2
PBA: 1840 3D pts, 21 cams and 9405 projs...
PBA: 0.583 -> 0.578 (15 LMs in 0.04sec)
Focal Length : [814.165]->[814.165]
Radial Distortion : [0.000 -> 0]

#############################
#22: [key.. (13)] sees 562 (+191) 3D points
Estimated Focal Length [814][1.27N]
# 481 projs (136 pts and 7 merges)
SKIP: 0 cams, 10 points, 32 projs
PBA: 1909 3D pts, 20 cams and 9766 projs...
PBA: 0.744 -> 0.594 (5 LMs in 0.01sec)
#points w/ large errors:	19
Focal Length : [814.165]->[814.165]
Radial Distortion : [0.000 -> 0]

#############################
#23: [key.. (14)] sees 534 (+210) 3D points
Estimated Focal Length [814][1.27N]
# 365 projs (83 pts and 4 merges)
SKIP: 0 cams, 65 points, 212 projs
PBA: 1890 3D pts, 20 cams and 9901 projs...
PBA: 0.920 -> 0.649 (5 LMs in 0.03sec)
#points w/ large errors:	20
Focal Length : [814.165]->[814.165]
Radial Distortion : [0.000 -> 0]

#############################
#24: [key.. (10)] sees 871 (+209) 3D points
Estimated Focal Length [814][1.27N]
# 679 projs (190 pts and 16 merges)
SKIP: 0 cams, 105 points, 346 projs
PBA: 1988 3D pts, 20 cams and 10349 projs...
PBA: 0.904 -> 0.655 (5 LMs in 0.07sec)
#points w/ large errors:	24
Focal Length : [814.165]->[814.165]
Radial Distortion : [0.000 -> 0]

#############################
#25: [key.. (11)] sees 731 (+183) 3D points
Estimated Focal Length [814][1.27N]
# 408 projs (79 pts and 11 merges)
SKIP: 0 cams, 149 points, 426 projs
PBA: 1963 3D pts, 20 cams and 10527 projs...
PBA: 0.874 -> 0.736 (5 LMs in 0.04sec)
#points w/ large errors:	16
Focal Length : [814.165]->[814.165]
Radial Distortion : [0.000 -> 0]

#############################
#26: [key.. (19)] sees 1385 (+164) 3D points
Estimated Focal Length [814][1.27N]
# 494 projs (110 pts and 15 merges)
PBA: 2170 3D pts, 26 cams and 11274 projs...
PBA: 0.834 -> 0.695 (17 LMs in 0.07sec)
#points w/ large errors:	19
Focal Length : [814.165]->[814.165]
Radial Distortion : [0.000 -> 0]

#############################
#27: [key.. (18)] sees 1471 (+145) 3D points
Estimated Focal Length [814][1.27N]
# 435 projs (80 pts and 19 merges)
SKIP: 0 cams, 210 points, 573 projs
PBA: 1990 3D pts, 20 cams and 11130 projs...
PBA: 0.892 -> 0.730 (5 LMs in 0.02sec)
#points w/ large errors:	26

**************************************
#27/27:  674 projs and 161 pts added.
PBA: 2221 3D pts, 27 cams and 11719 projs...
PBA: 0.703 -> 0.671 (16 LMs in 0.04sec)
#points w/ large errors:	2
PBA: 2219 3D pts, 27 cams and 11714 projs...
PBA: 0.681 -> 0.680 (17 LMs in 0.05sec)
Focal Length : [814.165]->[814.165]
Radial Distortion : [0.000 -> 0]

#############################
#28: [key..d (9)] sees 1048 (+122) 3D points
Estimated Focal Length [814][1.27N]
# 445 projs (107 pts and 9 merges)
SKIP: 0 cams, 224 points, 556 projs
PBA: 2049 3D pts, 20 cams and 11521 projs...
PBA: 0.891 -> 0.774 (5 LMs in 0.06sec)
#points w/ large errors:	34
Focal Length : [814.165]->[814.165]
Radial Distortion : [0.000 -> 0]

#############################
#29: [key.. (23)] sees 1231 (+98) 3D points
Estimated Focal Length [814][1.27N]
# 362 projs (70 pts and 9 merges)
SKIP: 0 cams, 250 points, 739 projs
PBA: 2033 3D pts, 20 cams and 11662 projs...
PBA: 0.870 -> 0.631 (5 LMs in 0.01sec)
#points w/ large errors:	14
Focal Length : [814.165]->[814.165]
Radial Distortion : [0.000 -> 0]

#############################
#30: [key.. (15)] sees 931 (+76) 3D points
Estimated Focal Length [814][1.27N]
# 332 projs (43 pts and 7 merges)
SKIP: 0 cams, 299 points, 888 projs
PBA: 1977 3D pts, 20 cams and 11670 projs...
PBA: 0.621 -> 0.584 (5 LMs in 0.09sec)
#points w/ large errors:	5
Focal Length : [814.165]->[814.165]
Radial Distortion : [0.000 -> 0]

#############################
#31: [key.. (12)] sees 742 (+47) 3D points
Estimated Focal Length [814][1.27N]
# 283 projs (42 pts and 3 merges)
SKIP: 0 cams, 317 points, 830 projs
PBA: 1988 3D pts, 20 cams and 11880 projs...
PBA: 0.752 -> 0.638 (5 LMs in 0.02sec)
#points w/ large errors:	10
Focal Length : [814.165]->[814.165]
Radial Distortion : [0.000 -> 0]

^^^^^^^^^^^^^^^^^^^^^^^^^^^^^^^^
#31/31:  122 projs and 48 pts added.
PBA: 2330 3D pts, 31 cams and 12733 projs...
PBA: 0.661 -> 0.602 (25 LMs in 0.11sec)
#points w/ large errors:	7
PBA: 2323 3D pts, 31 cams and 12659 projs...
PBA: 0.535 -> 0.534 (28 LMs in 0.08sec)
#points w/ large errors:	1
END: No more images to add [0 projs]

#############################
Failed to find two images for initialization
Resuming SfM finished, 6 sec used

---------------------------------------------------
31 cams, 2392 pts (3+: 1504)
12661 projections (3+: 11014)
---------------------------------------------------
1 model(s) reconstructed from 31 images;
31 modeled; 0 reused; 0 EXIF; 
0MB(0) used to store feature location.
---------------------------------------------------

########-------timing------#########
Structure-From-Motion finished, 6 sec used
4.4(3.9) seconds on Bundle Adjustment (+)
4.0(3.6) seconds on Bundle Adjustment (*)
#############################
----------------------------------------------------------------
Run full 3D reconstruction, finished
Totally 6.000 seconds used


Compute remaining photos, begin...

---------------------------------------------------
31 cams, 2392 pts (3+: 1504)
12661 projections (3+: 11014)
---------------------------------------------------
1 model(s) reconstructed from 31 images;
31 modeled; 0 reused; 0 EXIF; 
0MB(0) used to store feature location.
---------------------------------------------------
----------------------------------------------------------------
Compute remaining photos, finished
Totally 0.000 seconds used


Run dense reconstruction, begin...
Save to 444.nvm ... done

#############################
Undistorting 31 images in model #0
param_undistortion_thread_num = 0
NOTE: using 16 threads...
#00: key..d (7) -> 00000000.jpg, 0.028 sec
#03: key..d (3) -> 00000005.jpg, 0.029 sec
#05: key..d (1) -> 00000010.jpg, 0.029 sec
#04: key.. (28) -> 00000007.jpg, 0.030 sec
#11: key.. (30) -> 00000009.jpg, 0.030 sec
#02: key..d (5) -> 00000003.jpg, 0.030 sec
#12: key.. (26) -> 00000014.jpg, 0.031 sec
#10: key.. (21) -> 00000016.jpg, 0.031 sec
#06: key.. (31) -> 00000011.jpg, 0.031 sec
#07: key.. (27) -> 00000012.jpg, 0.032 sec
#13: key.. (20) -> 00000017.jpg, 0.032 sec
#14: key.. (16) -> 00000019.jpg, 0.032 sec
#08: key.. (29) -> 00000008.jpg, 0.033 sec
#15: key.. (13) -> 00000021.jpg, 0.033 sec
#09: key.. (25) -> 00000013.jpg, 0.033 sec
#01: key..d (6) -> 00000002.jpg, 0.034 sec
#00: key..d (8) -> 00000001.jpg, 0.006 sec
#03: key..d (2) -> 00000006.jpg, 0.003 sec
#05: key.. (10) -> 00000023.jpg, 0.003 sec
#04: key.. (19) -> 00000025.jpg, 0.003 sec
#11: key..d (9) -> 00000027.jpg, 0.002 sec
#02: key..d (4) -> 00000004.jpg, 0.003 sec
#12: key.. (24) -> 00000015.jpg, 0.003 sec
#10: key.. (15) -> 00000029.jpg, 0.003 sec
#13: key.. (22) -> 00000018.jpg, 0.003 sec
#14: key.. (17) -> 00000020.jpg, 0.003 sec
#15: key.. (14) -> 00000022.jpg, 0.004 sec
#05: key.. (11) -> 00000024.jpg, 0.003 sec
#04: key.. (18) -> 00000026.jpg, 0.003 sec
#11: key.. (23) -> 00000028.jpg, 0.003 sec
#10: key.. (12) -> 00000030.jpg, 0.003 sec
----------------------------------------------------------------
Running Yasutaka Furukawa's CMVS tool...
cmvs C:\Users\86186\Desktop\VisualSFM_windows_cuda_64bit\\\4\444.nvm.cmvs\00\ 50 16
genOption C:\Users\86186\Desktop\VisualSFM_windows_cuda_64bit\\\4\444.nvm.cmvs\00\ 1 2 0.700000 7 3 16
1 cluster is generated for pmvs reconstruction.
pmvs2 C:\Users\86186\Desktop\VisualSFM_windows_cuda_64bit\\\4\444.nvm.cmvs\00\ option-0000
This may take a little more time, waiting...
6 seconds were used by PMVS
Loading option-0000.ply, 14592 vertices ...

#############################
You can manually remove bad MVS points:
1. Switch to dense MVS points mode;
2. Hit F1 key to enter the selection mode;
3. Select points by dragging a rectangle;
4. Hit DELETE to delete the selected points.

#############################
Save to 444.nvm ... done
Save C:\Users\86186\Desktop\VisualSFM_windows_cuda_64bit\\\4\444.0.ply ...done
----------------------------------------------------------------
Run dense reconstruction, finished
Totally 7.000 seconds used

