
Modifying Calibration, begin...
fx = 426.169830, cx = 318.996307
fy = 426.169830, cy = 242.324814
radial_distortion = 0.000000
----------------------------------------------------------------
Modifying Calibration, finished
Totally 0.000 seconds used

0: sofa (1)
image_size:	640x480
1: sofa (2)
image_size:	640x480
2: sofa (3)
image_size:	640x480
3: sofa (4)
image_size:	640x480
4: sofa (5)
image_size:	640x480
5: sofa (6)
image_size:	640x480
6: sofa (7)
image_size:	640x480
7: sofa (8)
image_size:	640x480
8: sofa (9)
image_size:	640x480
9: sofa (10)
image_size:	640x480
10: sofa (11)
image_size:	640x480
11: sofa (12)
image_size:	640x480
12: sofa (13)
image_size:	640x480
13: sofa (14)
image_size:	640x480
14: sofa (15)
image_size:	640x480
15: sofa (16)
image_size:	640x480
16: sofa (17)
image_size:	640x480
17: sofa (18)
image_size:	640x480
18: sofa (19)
image_size:	640x480
19: sofa (20)
image_size:	640x480
20: sofa (21)
image_size:	640x480
21: sofa (22)
image_size:	640x480
22: sofa (23)
image_size:	640x480
23: sofa (24)
image_size:	640x480
24: sofa (25)
image_size:	640x480
25: sofa (26)
image_size:	640x480
26: sofa (27)
image_size:	640x480
27: sofa (28)
image_size:	640x480
28: sofa (29)
image_size:	640x480
29: sofa (30)
image_size:	640x480
30: sofa (31)
image_size:	640x480
31: sofa (32)
image_size:	640x480
32: sofa (33)
image_size:	640x480
33: sofa (34)
image_size:	640x480
34: sofa (35)
image_size:	640x480
35: sofa (36)
image_size:	640x480
36: sofa (37)
image_size:	640x480
**************************************
Change the number of pixel-loaded images by 
modifying param_visual_data_budget in nv.ini
Use the PAUSE button to skip the pixel loading
**************************************
Loading image pixel data ...done in 0s

Compute Missing Pairwise Matching, begin...
********* WARNING ***********
More than 112MB of graphic memory may be allocated
under the default settings. If the program halts here,
adjust parameters to save memory and rerun the task: 
    [Tools->Enable GPU->Set Maximum DIM]
Note some octaves may be automatically skipped
SIFT: 0000, 640x480, 	7685, 0.83sec
SIFT: 0001, 640x480, 	7344, 0.12sec
SIFT: 0002, 640x480, 	7598, 0.13sec
SIFT: 0003, 640x480, 	7554, 0.12sec
SIFT: 0004, 640x480, 	8166, 0.13sec
SIFT: 0005, 640x480, 	8327, 0.13sec
SIFT: 0006, 640x480, 	8278, 0.12sec
SIFT: 0007, 640x480, 	8403, 0.13sec
SIFT: 0008, 640x480, 	8356, 0.13sec
SIFT: 0009, 640x480, 	8368, 0.18sec
SIFT: 0010, 640x480, 	7916, 0.13sec
SIFT: 0011, 640x480, 	8118, 0.12sec
SIFT: 0012, 640x480, 	7372, 0.13sec
SIFT: 0013, 640x480, 	7370, 0.15sec
SIFT: 0014, 640x480, 	7295, 0.13sec
SIFT: 0015, 640x480, 	6653, 0.13sec
SIFT: 0016, 640x480, 	6412, 0.13sec
SIFT: 0017, 640x480, 	7087, 0.13sec
SIFT: 0018, 640x480, 	7153, 0.12sec
SIFT: 0019, 640x480, 	6766, 0.13sec
SIFT: 0020, 640x480, 	7578, 0.15sec
SIFT: 0021, 640x480, 	6907, 0.12sec
SIFT: 0022, 640x480, 	7614, 0.14sec
SIFT: 0023, 640x480, 	7993, 0.13sec
SIFT: 0024, 640x480, 	8214, 0.18sec
SIFT: 0025, 640x480, 	8168, 0.13sec
SIFT: 0026, 640x480, 	8255, 0.13sec
SIFT: 0027, 640x480, 	8233, 0.18sec
SIFT: 0028, 640x480, 	8004, 0.14sec
SIFT: 0029, 640x480, 	8057, 0.14sec
SIFT: 0030, 640x480, 	8148, 0.16sec
SIFT: 0031, 640x480, 	8152, 0.14sec
SIFT: 0032, 640x480, 	7979, 0.13sec
SIFT: 0033, 640x480, 	7355, 0.12sec
SIFT: 0034, 640x480, 	7712, 0.15sec
SIFT: 0035, 640x480, 	7719, 0.12sec
SIFT: 0036, 640x480, 	7685, 0.11sec

###########-------timing------#########
37 Feature Detection finished, 7 sec used
#############################

666 pairs to compute match
0000 and 0001: 1636 matches, 0.22sec, #0
0000 and 0002: 1260 matches, 0.10sec, #0
0001 and 0002: 2669 matches, 0.10sec, #0
0000 and 0003: 657 matches, 0.11sec, #0
0001 and 0003: 1391 matches, 0.10sec, #0
0002 and 0003: 2140 matches, 0.10sec, #0
0000 and 0004: 670 matches, 0.11sec, #0
0001 and 0004: 1103 matches, 0.11sec, #0
0002 and 0004: 1812 matches, 0.12sec, #0
0003 and 0004: 2627 matches, 0.12sec, #0
0000 and 0005: 396 matches, 0.11sec, #0
0001 and 0005: 591 matches, 0.11sec, #0
0002 and 0005: 963 matches, 0.12sec, #0
0003 and 0005: 1429 matches, 0.11sec, #0
0004 and 0005: 2679 matches, 0.12sec, #0
0000 and 0006: 296 matches, 0.11sec, #0
0001 and 0006: 388 matches, 0.12sec, #0
0002 and 0006: 566 matches, 0.11sec, #0
0003 and 0006: 987 matches, 0.11sec, #0
0004 and 0006: 1515 matches, 0.12sec, #0
0005 and 0006: 2969 matches, 0.12sec, #0
0000 and 0007: 272 matches, 0.11sec, #0
0001 and 0007: 342 matches, 0.11sec, #0
0002 and 0007: 518 matches, 0.11sec, #0
0003 and 0007: 848 matches, 0.12sec, #0
0004 and 0007: 1365 matches, 0.12sec, #0
0005 and 0007: 2675 matches, 0.12sec, #0
0006 and 0007: 2856 matches, 0.12sec, #0
0000 and 0008: 202 matches, 0.11sec, #0
0001 and 0008: 268 matches, 0.11sec, #0
0002 and 0008: 381 matches, 0.12sec, #0
0003 and 0008: 693 matches, 0.11sec, #0
0004 and 0008: 1077 matches, 0.12sec, #0
0005 and 0008: 1953 matches, 0.11sec, #0
0006 and 0008: 2233 matches, 0.12sec, #0
0007 and 0008: 3310 matches, 0.12sec, #0
0000 and 0009: 208 matches, 0.11sec, #0
0001 and 0009: 219 matches, 0.11sec, #0
0002 and 0009: 261 matches, 0.12sec, #0
0003 and 0009: 397 matches, 0.11sec, #0
0004 and 0009: 651 matches, 0.12sec, #0
0005 and 0009: 1242 matches, 0.12sec, #0
0006 and 0009: 1615 matches, 0.12sec, #0
0007 and 0009: 2684 matches, 0.12sec, #0
0008 and 0009: 2959 matches, 0.12sec, #0
0000 and 0010: 143 matches, 0.11sec, #0
0001 and 0010: 159 matches, 0.11sec, #0
0002 and 0010: 191 matches, 0.10sec, #0
0003 and 0010: 273 matches, 0.11sec, #0
0004 and 0010: 342 matches, 0.12sec, #0
0005 and 0010: 572 matches, 0.11sec, #0
0006 and 0010: 965 matches, 0.11sec, #0
0007 and 0010: 1228 matches, 0.11sec, #0
0008 and 0010: 1448 matches, 0.11sec, #0
0009 and 0010: 2663 matches, 0.11sec, #0
0000 and 0011: 130 matches, 0.11sec, #0
0001 and 0011: 162 matches, 0.11sec, #0
0002 and 0011: 188 matches, 0.11sec, #0
0003 and 0011: 279 matches, 0.11sec, #0
0004 and 0011: 342 matches, 0.11sec, #0
0005 and 0011: 599 matches, 0.12sec, #0
0006 and 0011: 794 matches, 0.12sec, #0
0007 and 0011: 1059 matches, 0.12sec, #0
0008 and 0011: 1386 matches, 0.12sec, #0
0009 and 0011: 2098 matches, 0.11sec, #0
0010 and 0011: 3143 matches, 0.11sec, #0
0000 and 0012: 96 matches, 0.10sec, #0
0001 and 0012: 113 matches, 0.09sec, #0
0002 and 0012: 128 matches, 0.10sec, #0
0003 and 0012: 152 matches, 0.10sec, #0
0004 and 0012: 195 matches, 0.11sec, #0
0005 and 0012: 297 matches, 0.11sec, #0
0006 and 0012: 475 matches, 0.11sec, #0
0007 and 0012: 491 matches, 0.11sec, #0
0008 and 0012: 661 matches, 0.11sec, #0
0009 and 0012: 1049 matches, 0.11sec, #0
0010 and 0012: 1624 matches, 0.11sec, #0
0011 and 0012: 2011 matches, 0.11sec, #0
0000 and 0013: 84 matches, 0.10sec, #0
0001 and 0013: 94 matches, 0.10sec, #0
0002 and 0013: 118 matches, 0.10sec, #0
0003 and 0013: 163 matches, 0.10sec, #0
0004 and 0013: 173 matches, 0.12sec, #0
0005 and 0013: 234 matches, 0.12sec, #0
0006 and 0013: 322 matches, 0.11sec, #0
0007 and 0013: 398 matches, 0.11sec, #0
0008 and 0013: 532 matches, 0.10sec, #0
0009 and 0013: 866 matches, 0.11sec, #0
0010 and 0013: 1162 matches, 0.10sec, #0
0011 and 0013: 1741 matches, 0.11sec, #0
0012 and 0013: 2070 matches, 0.10sec, #0
0000 and 0014: 113 matches, 0.10sec, #0
0001 and 0014: 91 matches, 0.10sec, #0
0002 and 0014: 125 matches, 0.10sec, #0
0003 and 0014: 148 matches, 0.10sec, #0
0004 and 0014: 176 matches, 0.10sec, #0
0005 and 0014: 242 matches, 0.11sec, #0
0006 and 0014: 312 matches, 0.10sec, #0
0007 and 0014: 394 matches, 0.11sec, #0
0008 and 0014: 537 matches, 0.11sec, #0
0009 and 0014: 931 matches, 0.10sec, #0
0010 and 0014: 1334 matches, 0.10sec, #0
0011 and 0014: 1915 matches, 0.10sec, #0
0012 and 0014: 1887 matches, 0.11sec, #0
0013 and 0014: 2649 matches, 0.10sec, #0
0000 and 0015: 64 matches, 0.10sec, #0
0001 and 0015: 65 matches, 0.09sec, #0
0002 and 0015: 60 matches, 0.09sec, #0
0003 and 0015: 90 matches, 0.10sec, #0
0004 and 0015: 98 matches, 0.10sec, #0
0005 and 0015: 124 matches, 0.10sec, #0
0006 and 0015: 178 matches, 0.10sec, #0
0007 and 0015: 211 matches, 0.10sec, #0
0008 and 0015: 266 matches, 0.10sec, #0
0009 and 0015: 438 matches, 0.10sec, #0
0010 and 0015: 712 matches, 0.10sec, #0
0011 and 0015: 929 matches, 0.10sec, #0
0012 and 0015: 1722 matches, 0.09sec, #0
0013 and 0015: 1724 matches, 0.09sec, #0
0014 and 0015: 1779 matches, 0.08sec, #0
0000 and 0016: 58 matches, 0.09sec, #0
0001 and 0016: 52 matches, 0.09sec, #0
0002 and 0016: 74 matches, 0.09sec, #0
0003 and 0016: 89 matches, 0.09sec, #0
0004 and 0016: 87 matches, 0.10sec, #0
0005 and 0016: 118 matches, 0.10sec, #0
0006 and 0016: 153 matches, 0.10sec, #0
0007 and 0016: 189 matches, 0.10sec, #0
0008 and 0016: 222 matches, 0.10sec, #0
0009 and 0016: 371 matches, 0.09sec, #0
0010 and 0016: 628 matches, 0.09sec, #0
0011 and 0016: 822 matches, 0.10sec, #0
0012 and 0016: 1284 matches, 0.09sec, #0
0013 and 0016: 1269 matches, 0.10sec, #0
0014 and 0016: 1399 matches, 0.09sec, #0
0015 and 0016: 2269 matches, 0.08sec, #0
0000 and 0017: 76 matches, 0.10sec, #0
0001 and 0017: 109 matches, 0.09sec, #0
0002 and 0017: 95 matches, 0.10sec, #0
0003 and 0017: 122 matches, 0.10sec, #0
0004 and 0017: 159 matches, 0.11sec, #0
0005 and 0017: 220 matches, 0.11sec, #0
0006 and 0017: 334 matches, 0.10sec, #0
0007 and 0017: 454 matches, 0.10sec, #0
0008 and 0017: 515 matches, 0.10sec, #0
0009 and 0017: 938 matches, 0.10sec, #0
0010 and 0017: 1235 matches, 0.10sec, #0
0011 and 0017: 1361 matches, 0.11sec, #0
0012 and 0017: 1365 matches, 0.09sec, #0
0013 and 0017: 1352 matches, 0.09sec, #0
0014 and 0017: 1941 matches, 0.09sec, #0
0015 and 0017: 1301 matches, 0.09sec, #0
0016 and 0017: 1222 matches, 0.09sec, #0
0000 and 0018: 102 matches, 0.10sec, #0
0001 and 0018: 109 matches, 0.10sec, #0
0002 and 0018: 122 matches, 0.10sec, #0
0003 and 0018: 140 matches, 0.10sec, #0
0004 and 0018: 168 matches, 0.10sec, #0
0005 and 0018: 246 matches, 0.11sec, #0
0006 and 0018: 297 matches, 0.11sec, #0
0007 and 0018: 404 matches, 0.11sec, #0
0008 and 0018: 487 matches, 0.11sec, #0
0009 and 0018: 855 matches, 0.10sec, #0
0010 and 0018: 1153 matches, 0.12sec, #0
0011 and 0018: 1401 matches, 0.11sec, #0
0012 and 0018: 1337 matches, 0.09sec, #0
0013 and 0018: 1753 matches, 0.09sec, #0
0014 and 0018: 2365 matches, 0.10sec, #0
0015 and 0018: 1745 matches, 0.09sec, #0
0016 and 0018: 1457 matches, 0.08sec, #0
0017 and 0018: 2803 matches, 0.09sec, #0
0000 and 0019: 66 matches, 0.09sec, #0
0001 and 0019: 82 matches, 0.09sec, #0
0002 and 0019: 88 matches, 0.10sec, #0
0003 and 0019: 124 matches, 0.09sec, #0
0004 and 0019: 139 matches, 0.10sec, #0
0005 and 0019: 210 matches, 0.10sec, #0
0006 and 0019: 294 matches, 0.10sec, #0
0007 and 0019: 406 matches, 0.10sec, #0
0008 and 0019: 379 matches, 0.10sec, #0
0009 and 0019: 664 matches, 0.10sec, #0
0010 and 0019: 1227 matches, 0.10sec, #0
0011 and 0019: 936 matches, 0.10sec, #0
0012 and 0019: 843 matches, 0.09sec, #0
0013 and 0019: 611 matches, 0.09sec, #0
0014 and 0019: 822 matches, 0.09sec, #0
0015 and 0019: 703 matches, 0.08sec, #0
0016 and 0019: 687 matches, 0.08sec, #0
0017 and 0019: 1514 matches, 0.09sec, #0
0018 and 0019: 1197 matches, 0.10sec, #0
0000 and 0020: 130 matches, 0.11sec, #0
0001 and 0020: 123 matches, 0.10sec, #0
0002 and 0020: 161 matches, 0.10sec, #0
0003 and 0020: 224 matches, 0.10sec, #0
0004 and 0020: 350 matches, 0.12sec, #0
0005 and 0020: 567 matches, 0.12sec, #0
0006 and 0020: 627 matches, 0.11sec, #0
0007 and 0020: 966 matches, 0.11sec, #0
0008 and 0020: 903 matches, 0.11sec, #0
0009 and 0020: 1362 matches, 0.11sec, #0
0010 and 0020: 1085 matches, 0.11sec, #0
0011 and 0020: 1049 matches, 0.10sec, #0
0012 and 0020: 710 matches, 0.10sec, #0
0013 and 0020: 763 matches, 0.10sec, #0
0014 and 0020: 854 matches, 0.10sec, #0
0015 and 0020: 517 matches, 0.09sec, #0
0016 and 0020: 471 matches, 0.09sec, #0
0017 and 0020: 1180 matches, 0.09sec, #0
0018 and 0020: 1087 matches, 0.10sec, #0
0019 and 0020: 1505 matches, 0.10sec, #0
0000 and 0021: 70 matches, 0.10sec, #0
0001 and 0021: 85 matches, 0.09sec, #0
0002 and 0021: 89 matches, 0.10sec, #0
0003 and 0021: 140 matches, 0.10sec, #0
0004 and 0021: 178 matches, 0.10sec, #0
0005 and 0021: 283 matches, 0.10sec, #0
0006 and 0021: 335 matches, 0.10sec, #0
0007 and 0021: 558 matches, 0.11sec, #0
0008 and 0021: 586 matches, 0.11sec, #0
0009 and 0021: 787 matches, 0.10sec, #0
0010 and 0021: 745 matches, 0.10sec, #0
0011 and 0021: 696 matches, 0.10sec, #0
0012 and 0021: 545 matches, 0.10sec, #0
0013 and 0021: 628 matches, 0.10sec, #0
0014 and 0021: 629 matches, 0.09sec, #0
0015 and 0021: 586 matches, 0.09sec, #0
0016 and 0021: 394 matches, 0.08sec, #0
0017 and 0021: 1022 matches, 0.09sec, #0
0018 and 0021: 1056 matches, 0.09sec, #0
0019 and 0021: 1484 matches, 0.08sec, #0
0020 and 0021: 2099 matches, 0.10sec, #0
0000 and 0022: 130 matches, 0.10sec, #0
0001 and 0022: 147 matches, 0.10sec, #0
0002 and 0022: 213 matches, 0.11sec, #0
0003 and 0022: 325 matches, 0.10sec, #0
0004 and 0022: 409 matches, 0.11sec, #0
0005 and 0022: 654 matches, 0.12sec, #0
0006 and 0022: 599 matches, 0.12sec, #0
0007 and 0022: 1002 matches, 0.11sec, #0
0008 and 0022: 885 matches, 0.12sec, #0
0009 and 0022: 1090 matches, 0.11sec, #0
0010 and 0022: 834 matches, 0.11sec, #0
0011 and 0022: 789 matches, 0.12sec, #0
0012 and 0022: 507 matches, 0.11sec, #0
0013 and 0022: 543 matches, 0.10sec, #0
0014 and 0022: 565 matches, 0.10sec, #0
0015 and 0022: 404 matches, 0.10sec, #0
0016 and 0022: 323 matches, 0.10sec, #0
0017 and 0022: 691 matches, 0.10sec, #0
0018 and 0022: 715 matches, 0.10sec, #0
0019 and 0022: 1063 matches, 0.09sec, #0
0020 and 0022: 2752 matches, 0.11sec, #0
0021 and 0022: 1973 matches, 0.10sec, #0
0000 and 0023: 191 matches, 0.11sec, #0
0001 and 0023: 238 matches, 0.10sec, #0
0002 and 0023: 302 matches, 0.11sec, #0
0003 and 0023: 436 matches, 0.11sec, #0
0004 and 0023: 642 matches, 0.11sec, #0
0005 and 0023: 843 matches, 0.11sec, #0
0006 and 0023: 819 matches, 0.12sec, #0
0007 and 0023: 1219 matches, 0.11sec, #0
0008 and 0023: 966 matches, 0.11sec, #0
0009 and 0023: 1229 matches, 0.11sec, #0
0010 and 0023: 903 matches, 0.11sec, #0
0011 and 0023: 897 matches, 0.13sec, #0
0012 and 0023: 547 matches, 0.11sec, #0
0013 and 0023: 497 matches, 0.10sec, #0
0014 and 0023: 580 matches, 0.10sec, #0
0015 and 0023: 365 matches, 0.10sec, #0
0016 and 0023: 314 matches, 0.10sec, #0
0017 and 0023: 673 matches, 0.10sec, #0
0018 and 0023: 655 matches, 0.10sec, #0
0019 and 0023: 911 matches, 0.10sec, #0
0020 and 0023: 2647 matches, 0.11sec, #0
0021 and 0023: 1317 matches, 0.10sec, #0
0022 and 0023: 3254 matches, 0.11sec, #0
0000 and 0024: 274 matches, 0.11sec, #0
0001 and 0024: 375 matches, 0.11sec, #0
0002 and 0024: 494 matches, 0.11sec, #0
0003 and 0024: 621 matches, 0.11sec, #0
0004 and 0024: 853 matches, 0.11sec, #0
0005 and 0024: 1019 matches, 0.12sec, #0
0006 and 0024: 985 matches, 0.11sec, #0
0007 and 0024: 1170 matches, 0.12sec, #0
0008 and 0024: 829 matches, 0.12sec, #0
0009 and 0024: 897 matches, 0.12sec, #0
0010 and 0024: 681 matches, 0.11sec, #0
0011 and 0024: 695 matches, 0.13sec, #0
0012 and 0024: 358 matches, 0.11sec, #0
0013 and 0024: 315 matches, 0.11sec, #0
0014 and 0024: 358 matches, 0.11sec, #0
0015 and 0024: 223 matches, 0.10sec, #0
0016 and 0024: 209 matches, 0.10sec, #0
0017 and 0024: 464 matches, 0.10sec, #0
0018 and 0024: 394 matches, 0.11sec, #0
0019 and 0024: 549 matches, 0.10sec, #0
0020 and 0024: 1488 matches, 0.11sec, #0
0021 and 0024: 750 matches, 0.11sec, #0
0022 and 0024: 1903 matches, 0.11sec, #0
0023 and 0024: 3015 matches, 0.11sec, #0
0000 and 0025: 242 matches, 0.11sec, #0
0001 and 0025: 329 matches, 0.11sec, #0
0002 and 0025: 422 matches, 0.11sec, #0
0003 and 0025: 568 matches, 0.11sec, #0
0004 and 0025: 816 matches, 0.12sec, #0
0005 and 0025: 987 matches, 0.12sec, #0
0006 and 0025: 981 matches, 0.11sec, #0
0007 and 0025: 1247 matches, 0.11sec, #0
0008 and 0025: 894 matches, 0.11sec, #0
0009 and 0025: 1009 matches, 0.12sec, #0
0010 and 0025: 794 matches, 0.11sec, #0
0011 and 0025: 782 matches, 0.13sec, #0
0012 and 0025: 412 matches, 0.11sec, #0
0013 and 0025: 333 matches, 0.10sec, #0
0014 and 0025: 435 matches, 0.10sec, #0
0015 and 0025: 264 matches, 0.10sec, #0
0016 and 0025: 240 matches, 0.10sec, #0
0017 and 0025: 516 matches, 0.11sec, #0
0018 and 0025: 494 matches, 0.10sec, #0
0019 and 0025: 635 matches, 0.10sec, #0
0020 and 0025: 1762 matches, 0.11sec, #0
0021 and 0025: 914 matches, 0.10sec, #0
0022 and 0025: 2237 matches, 0.11sec, #0
0023 and 0025: 3317 matches, 0.12sec, #0
0024 and 0025: 4096 matches, 0.12sec, #0
0000 and 0026: 301 matches, 0.11sec, #0
0001 and 0026: 410 matches, 0.11sec, #0
0002 and 0026: 522 matches, 0.11sec, #0
0003 and 0026: 669 matches, 0.10sec, #0
0004 and 0026: 872 matches, 0.12sec, #0
0005 and 0026: 1054 matches, 0.11sec, #0
0006 and 0026: 1052 matches, 0.11sec, #0
0007 and 0026: 1218 matches, 0.12sec, #0
0008 and 0026: 790 matches, 0.12sec, #0
0009 and 0026: 907 matches, 0.11sec, #0
0010 and 0026: 686 matches, 0.11sec, #0
0011 and 0026: 666 matches, 0.12sec, #0
0012 and 0026: 348 matches, 0.11sec, #0
0013 and 0026: 290 matches, 0.11sec, #0
0014 and 0026: 364 matches, 0.10sec, #0
0015 and 0026: 201 matches, 0.10sec, #0
0016 and 0026: 197 matches, 0.10sec, #0
0017 and 0026: 423 matches, 0.11sec, #0
0018 and 0026: 355 matches, 0.10sec, #0
0019 and 0026: 508 matches, 0.10sec, #0
0020 and 0026: 1399 matches, 0.12sec, #0
0021 and 0026: 698 matches, 0.10sec, #0
0022 and 0026: 1736 matches, 0.11sec, #0
0023 and 0026: 2749 matches, 0.11sec, #0
0024 and 0026: 4262 matches, 0.12sec, #0
0025 and 0026: 3995 matches, 0.12sec, #0
0000 and 0027: 391 matches, 0.11sec, #0
0001 and 0027: 468 matches, 0.11sec, #0
0002 and 0027: 584 matches, 0.11sec, #0
0003 and 0027: 747 matches, 0.11sec, #0
0004 and 0027: 811 matches, 0.12sec, #0
0005 and 0027: 945 matches, 0.12sec, #0
0006 and 0027: 1023 matches, 0.12sec, #0
0007 and 0027: 980 matches, 0.12sec, #0
0008 and 0027: 604 matches, 0.11sec, #0
0009 and 0027: 624 matches, 0.12sec, #0
0010 and 0027: 531 matches, 0.12sec, #0
0011 and 0027: 477 matches, 0.12sec, #0
0012 and 0027: 294 matches, 0.11sec, #0
0013 and 0027: 195 matches, 0.11sec, #0
0014 and 0027: 248 matches, 0.11sec, #0
0015 and 0027: 166 matches, 0.10sec, #0
0016 and 0027: 162 matches, 0.10sec, #0
0017 and 0027: 286 matches, 0.11sec, #0
0018 and 0027: 266 matches, 0.11sec, #0
0019 and 0027: 386 matches, 0.10sec, #0
0020 and 0027: 917 matches, 0.12sec, #0
0021 and 0027: 472 matches, 0.11sec, #0
0022 and 0027: 1182 matches, 0.11sec, #0
0023 and 0027: 1766 matches, 0.11sec, #0
0024 and 0027: 2700 matches, 0.12sec, #0
0025 and 0027: 2431 matches, 0.12sec, #0
0026 and 0027: 2888 matches, 0.12sec, #0
0000 and 0028: 250 matches, 0.11sec, #0
0001 and 0028: 299 matches, 0.10sec, #0
0002 and 0028: 396 matches, 0.11sec, #0
0003 and 0028: 572 matches, 0.11sec, #0
0004 and 0028: 646 matches, 0.11sec, #0
0005 and 0028: 772 matches, 0.12sec, #0
0006 and 0028: 741 matches, 0.11sec, #0
0007 and 0028: 753 matches, 0.11sec, #0
0008 and 0028: 517 matches, 0.11sec, #0
0009 and 0028: 555 matches, 0.11sec, #0
0010 and 0028: 506 matches, 0.11sec, #0
0011 and 0028: 506 matches, 0.12sec, #0
0012 and 0028: 307 matches, 0.11sec, #0
0013 and 0028: 255 matches, 0.10sec, #0
0014 and 0028: 276 matches, 0.10sec, #0
0015 and 0028: 242 matches, 0.10sec, #0
0016 and 0028: 249 matches, 0.10sec, #0
0017 and 0028: 271 matches, 0.11sec, #0
0018 and 0028: 289 matches, 0.10sec, #0
0019 and 0028: 427 matches, 0.10sec, #0
0020 and 0028: 789 matches, 0.11sec, #0
0021 and 0028: 463 matches, 0.10sec, #0
0022 and 0028: 1037 matches, 0.11sec, #0
0023 and 0028: 1563 matches, 0.12sec, #0
0024 and 0028: 2509 matches, 0.11sec, #0
0025 and 0028: 2196 matches, 0.11sec, #0
0026 and 0028: 2571 matches, 0.11sec, #0
0027 and 0028: 2593 matches, 0.11sec, #0
0000 and 0029: 324 matches, 0.11sec, #0
0001 and 0029: 470 matches, 0.11sec, #0
0002 and 0029: 621 matches, 0.10sec, #0
0003 and 0029: 910 matches, 0.10sec, #0
0004 and 0029: 874 matches, 0.11sec, #0
0005 and 0029: 871 matches, 0.11sec, #0
0006 and 0029: 843 matches, 0.11sec, #0
0007 and 0029: 661 matches, 0.12sec, #0
0008 and 0029: 567 matches, 0.11sec, #0
0009 and 0029: 378 matches, 0.12sec, #0
0010 and 0029: 391 matches, 0.13sec, #0
0011 and 0029: 303 matches, 0.12sec, #0
0012 and 0029: 226 matches, 0.11sec, #0
0013 and 0029: 167 matches, 0.11sec, #0
0014 and 0029: 175 matches, 0.11sec, #0
0015 and 0029: 145 matches, 0.10sec, #0
0016 and 0029: 123 matches, 0.10sec, #0
0017 and 0029: 164 matches, 0.10sec, #0
0018 and 0029: 163 matches, 0.11sec, #0
0019 and 0029: 228 matches, 0.10sec, #0
0020 and 0029: 391 matches, 0.11sec, #0
0021 and 0029: 254 matches, 0.10sec, #0
0022 and 0029: 569 matches, 0.11sec, #0
0023 and 0029: 679 matches, 0.11sec, #0
0024 and 0029: 1038 matches, 0.12sec, #0
0025 and 0029: 885 matches, 0.12sec, #0
0026 and 0029: 1071 matches, 0.12sec, #0
0027 and 0029: 1834 matches, 0.11sec, #0
0028 and 0029: 1156 matches, 0.11sec, #0
0000 and 0030: 462 matches, 0.11sec, #0
0001 and 0030: 778 matches, 0.11sec, #0
0002 and 0030: 973 matches, 0.11sec, #0
0003 and 0030: 873 matches, 0.11sec, #0
0004 and 0030: 865 matches, 0.12sec, #0
0005 and 0030: 687 matches, 0.11sec, #0
0006 and 0030: 542 matches, 0.12sec, #0
0007 and 0030: 535 matches, 0.12sec, #0
0008 and 0030: 388 matches, 0.12sec, #0
0009 and 0030: 345 matches, 0.12sec, #0
0010 and 0030: 248 matches, 0.11sec, #0
0011 and 0030: 291 matches, 0.12sec, #0
0012 and 0030: 187 matches, 0.11sec, #0
0013 and 0030: 157 matches, 0.11sec, #0
0014 and 0030: 175 matches, 0.11sec, #0
0015 and 0030: 137 matches, 0.10sec, #0
0016 and 0030: 133 matches, 0.10sec, #0
0017 and 0030: 151 matches, 0.10sec, #0
0018 and 0030: 160 matches, 0.10sec, #0
0019 and 0030: 131 matches, 0.10sec, #0
0020 and 0030: 304 matches, 0.11sec, #0
0021 and 0030: 168 matches, 0.10sec, #0
0022 and 0030: 408 matches, 0.11sec, #0
0023 and 0030: 564 matches, 0.11sec, #0
0024 and 0030: 874 matches, 0.12sec, #0
0025 and 0030: 760 matches, 0.11sec, #0
0026 and 0030: 946 matches, 0.12sec, #0
0027 and 0030: 1334 matches, 0.11sec, #0
0028 and 0030: 1478 matches, 0.11sec, #0
0029 and 0030: 1601 matches, 0.11sec, #0
0000 and 0031: 827 matches, 0.11sec, #0
0001 and 0031: 1284 matches, 0.10sec, #0
0002 and 0031: 1535 matches, 0.11sec, #0
0003 and 0031: 1759 matches, 0.11sec, #0
0004 and 0031: 1776 matches, 0.12sec, #0
0005 and 0031: 1413 matches, 0.13sec, #0
0006 and 0031: 1090 matches, 0.12sec, #0
0007 and 0031: 804 matches, 0.12sec, #0
0008 and 0031: 603 matches, 0.11sec, #0
0009 and 0031: 433 matches, 0.12sec, #0
0010 and 0031: 290 matches, 0.11sec, #0
0011 and 0031: 279 matches, 0.11sec, #0
0012 and 0031: 184 matches, 0.11sec, #0
0013 and 0031: 147 matches, 0.11sec, #0
0014 and 0031: 145 matches, 0.10sec, #0
0015 and 0031: 97 matches, 0.09sec, #0
0016 and 0031: 83 matches, 0.10sec, #0
0017 and 0031: 145 matches, 0.10sec, #0
0018 and 0031: 159 matches, 0.10sec, #0
0019 and 0031: 155 matches, 0.10sec, #0
0020 and 0031: 305 matches, 0.11sec, #0
0021 and 0031: 185 matches, 0.10sec, #0
0022 and 0031: 431 matches, 0.11sec, #0
0023 and 0031: 533 matches, 0.11sec, #0
0024 and 0031: 794 matches, 0.11sec, #0
0025 and 0031: 657 matches, 0.12sec, #0
0026 and 0031: 838 matches, 0.11sec, #0
0027 and 0031: 1215 matches, 0.11sec, #0
0028 and 0031: 738 matches, 0.11sec, #0
0029 and 0031: 1523 matches, 0.11sec, #0
0030 and 0031: 1734 matches, 0.11sec, #0
0000 and 0032: 1217 matches, 0.11sec, #0
0001 and 0032: 1601 matches, 0.11sec, #0
0002 and 0032: 1926 matches, 0.11sec, #0
0003 and 0032: 1813 matches, 0.10sec, #0
0004 and 0032: 1650 matches, 0.11sec, #0
0005 and 0032: 1139 matches, 0.11sec, #0
0006 and 0032: 797 matches, 0.12sec, #0
0007 and 0032: 651 matches, 0.11sec, #0
0008 and 0032: 467 matches, 0.11sec, #0
0009 and 0032: 325 matches, 0.11sec, #0
0010 and 0032: 203 matches, 0.11sec, #0
0011 and 0032: 202 matches, 0.11sec, #0
0012 and 0032: 136 matches, 0.11sec, #0
0013 and 0032: 117 matches, 0.11sec, #0
0014 and 0032: 124 matches, 0.10sec, #0
0015 and 0032: 85 matches, 0.10sec, #0
0016 and 0032: 66 matches, 0.10sec, #0
0017 and 0032: 119 matches, 0.10sec, #0
0018 and 0032: 122 matches, 0.10sec, #0
0019 and 0032: 121 matches, 0.10sec, #0
0020 and 0032: 230 matches, 0.11sec, #0
0021 and 0032: 153 matches, 0.10sec, #0
0022 and 0032: 319 matches, 0.11sec, #0
0023 and 0032: 380 matches, 0.11sec, #0
0024 and 0032: 564 matches, 0.11sec, #0
0025 and 0032: 470 matches, 0.11sec, #0
0026 and 0032: 548 matches, 0.11sec, #0
0027 and 0032: 743 matches, 0.11sec, #0
0028 and 0032: 478 matches, 0.12sec, #0
0029 and 0032: 1064 matches, 0.11sec, #0
0030 and 0032: 1145 matches, 0.11sec, #0
0031 and 0032: 3082 matches, 0.11sec, #0
0000 and 0033: 1070 matches, 0.10sec, #0
0001 and 0033: 1334 matches, 0.11sec, #0
0002 and 0033: 1527 matches, 0.10sec, #0
0003 and 0033: 1359 matches, 0.10sec, #0
0004 and 0033: 1016 matches, 0.10sec, #0
0005 and 0033: 649 matches, 0.11sec, #0
0006 and 0033: 629 matches, 0.11sec, #0
0007 and 0033: 417 matches, 0.11sec, #0
0008 and 0033: 287 matches, 0.11sec, #0
0009 and 0033: 217 matches, 0.11sec, #0
0010 and 0033: 201 matches, 0.10sec, #0
0011 and 0033: 183 matches, 0.11sec, #0
0012 and 0033: 115 matches, 0.10sec, #0
0013 and 0033: 93 matches, 0.10sec, #0
0014 and 0033: 80 matches, 0.10sec, #0
0015 and 0033: 59 matches, 0.09sec, #0
0016 and 0033: 69 matches, 0.09sec, #0
0017 and 0033: 99 matches, 0.11sec, #0
0018 and 0033: 95 matches, 0.10sec, #0
0019 and 0033: 90 matches, 0.10sec, #0
0020 and 0033: 162 matches, 0.10sec, #0
0021 and 0033: 90 matches, 0.09sec, #0
0022 and 0033: 204 matches, 0.10sec, #0
0023 and 0033: 273 matches, 0.12sec, #0
0024 and 0033: 410 matches, 0.11sec, #0
0025 and 0033: 354 matches, 0.11sec, #0
0026 and 0033: 418 matches, 0.11sec, #0
0027 and 0033: 721 matches, 0.10sec, #0
0028 and 0033: 467 matches, 0.11sec, #0
0029 and 0033: 890 matches, 0.11sec, #0
0030 and 0033: 1064 matches, 0.11sec, #0
0031 and 0033: 1656 matches, 0.11sec, #0
0032 and 0033: 2301 matches, 0.11sec, #0
0000 and 0034: 1817 matches, 0.10sec, #0
0001 and 0034: 1892 matches, 0.10sec, #0
0002 and 0034: 2045 matches, 0.10sec, #0
0003 and 0034: 1318 matches, 0.10sec, #0
0004 and 0034: 1271 matches, 0.11sec, #0
0005 and 0034: 711 matches, 0.11sec, #0
0006 and 0034: 471 matches, 0.11sec, #0
0007 and 0034: 424 matches, 0.11sec, #0
0008 and 0034: 297 matches, 0.11sec, #0
0009 and 0034: 233 matches, 0.10sec, #0
0010 and 0034: 153 matches, 0.11sec, #0
0011 and 0034: 163 matches, 0.11sec, #0
0012 and 0034: 122 matches, 0.11sec, #0
0013 and 0034: 105 matches, 0.10sec, #0
0014 and 0034: 114 matches, 0.10sec, #0
0015 and 0034: 69 matches, 0.10sec, #0
0016 and 0034: 64 matches, 0.10sec, #0
0017 and 0034: 114 matches, 0.11sec, #0
0018 and 0034: 120 matches, 0.10sec, #0
0019 and 0034: 94 matches, 0.09sec, #0
0020 and 0034: 159 matches, 0.10sec, #0
0021 and 0034: 97 matches, 0.10sec, #0
0022 and 0034: 200 matches, 0.11sec, #0
0023 and 0034: 273 matches, 0.11sec, #0
0024 and 0034: 384 matches, 0.11sec, #0
0025 and 0034: 326 matches, 0.11sec, #0
0026 and 0034: 410 matches, 0.11sec, #0
0027 and 0034: 487 matches, 0.11sec, #0
0028 and 0034: 326 matches, 0.11sec, #0
0029 and 0034: 595 matches, 0.11sec, #0
0030 and 0034: 780 matches, 0.11sec, #0
0031 and 0034: 1730 matches, 0.11sec, #0
0032 and 0034: 2684 matches, 0.11sec, #0
0033 and 0034: 2190 matches, 0.10sec, #0
0000 and 0035: 1955 matches, 0.10sec, #0
0001 and 0035: 1942 matches, 0.10sec, #0
0002 and 0035: 2123 matches, 0.10sec, #0
0003 and 0035: 1350 matches, 0.11sec, #0
0004 and 0035: 1239 matches, 0.11sec, #0
0005 and 0035: 719 matches, 0.11sec, #0
0006 and 0035: 485 matches, 0.13sec, #0
0007 and 0035: 383 matches, 0.12sec, #0
0008 and 0035: 316 matches, 0.11sec, #0
0009 and 0035: 226 matches, 0.11sec, #0
0010 and 0035: 159 matches, 0.11sec, #0
0011 and 0035: 176 matches, 0.11sec, #0
0012 and 0035: 130 matches, 0.10sec, #0
0013 and 0035: 99 matches, 0.10sec, #0
0014 and 0035: 128 matches, 0.10sec, #0
0015 and 0035: 72 matches, 0.10sec, #0
0016 and 0035: 74 matches, 0.09sec, #0
0017 and 0035: 121 matches, 0.10sec, #0
0018 and 0035: 114 matches, 0.10sec, #0
0019 and 0035: 100 matches, 0.10sec, #0
0020 and 0035: 165 matches, 0.10sec, #0
0021 and 0035: 109 matches, 0.10sec, #0
0022 and 0035: 189 matches, 0.11sec, #0
0023 and 0035: 236 matches, 0.11sec, #0
0024 and 0035: 410 matches, 0.11sec, #0
0025 and 0035: 317 matches, 0.11sec, #0
0026 and 0035: 412 matches, 0.11sec, #0
0027 and 0035: 506 matches, 0.11sec, #0
0028 and 0035: 322 matches, 0.11sec, #0
0029 and 0035: 545 matches, 0.11sec, #0
0030 and 0035: 774 matches, 0.11sec, #0
0031 and 0035: 1719 matches, 0.11sec, #0
0032 and 0035: 2399 matches, 0.11sec, #0
0033 and 0035: 1924 matches, 0.10sec, #0
0034 and 0035: 3604 matches, 0.12sec, #0
0000 and 0036: 7667 matches, 0.11sec, #0
0001 and 0036: 1636 matches, 0.10sec, #0
0002 and 0036: 1260 matches, 0.10sec, #0
0003 and 0036: 657 matches, 0.10sec, #0
0004 and 0036: 670 matches, 0.11sec, #0
0005 and 0036: 396 matches, 0.11sec, #0
0006 and 0036: 296 matches, 0.11sec, #0
0007 and 0036: 272 matches, 0.11sec, #0
0008 and 0036: 202 matches, 0.11sec, #0
0009 and 0036: 208 matches, 0.11sec, #0
0010 and 0036: 143 matches, 0.10sec, #0
0011 and 0036: 130 matches, 0.11sec, #0
0012 and 0036: 96 matches, 0.11sec, #0
0013 and 0036: 84 matches, 0.10sec, #0
0014 and 0036: 113 matches, 0.10sec, #0
0015 and 0036: 64 matches, 0.09sec, #0
0016 and 0036: 58 matches, 0.09sec, #0
0017 and 0036: 76 matches, 0.10sec, #0
0018 and 0036: 102 matches, 0.10sec, #0
0019 and 0036: 66 matches, 0.10sec, #0
0020 and 0036: 130 matches, 0.10sec, #0
0021 and 0036: 70 matches, 0.10sec, #0
0022 and 0036: 130 matches, 0.10sec, #0
0023 and 0036: 191 matches, 0.11sec, #0
0024 and 0036: 274 matches, 0.11sec, #0
0025 and 0036: 242 matches, 0.11sec, #0
0026 and 0036: 301 matches, 0.11sec, #0
0027 and 0036: 391 matches, 0.12sec, #0
0028 and 0036: 250 matches, 0.12sec, #0
0029 and 0036: 324 matches, 0.11sec, #0
0030 and 0036: 462 matches, 0.11sec, #0
0031 and 0036: 827 matches, 0.11sec, #0
0032 and 0036: 1217 matches, 0.11sec, #0
0033 and 0036: 1070 matches, 0.10sec, #0
0034 and 0036: 1817 matches, 0.10sec, #0
0035 and 0036: 1955 matches, 0.10sec, #0

###########-------timing------#########
666 Image Match finished, 73 sec used
#############################

0000 and 0001: [1260/1636], H[325], 0.01sec
0000 and 0002: [975/1260], H[124], 0.01sec
0000 and 0003: [487/657], H[70], 0.00sec
0000 and 0004: [427/670], H[142], 0.01sec
0000 and 0005: [229/396], H[112], 0.01sec
0000 and 0006: [164/296], H[16], 0.01sec
0000 and 0007: [144/272], H[43], 0.01sec
0000 and 0008: [112/202], H[8], 0.01sec
0000 and 0009: [94/208], H[23], 0.02sec
0000 and 0010: [65/143], H[17], 0.02sec
0000 and 0011: [57/130], H[7], 0.02sec
0000 and 0012: [39/96], H[16], 0.02sec
0000 and 0013: [27/84], H[9], 0.04sec
0000 and 0014: [39/113], H[17], 0.05sec
0000 and 0015: [18/64], H[4], 0.04sec
0000 and 0016: [22/58], H[10], 0.03sec
0000 and 0017: [27/76], H[7], 0.04sec
0000 and 0018: [31/102], H[13], 0.04sec
0000 and 0019: [21/66], H[7], 0.04sec
0000 and 0020: [54/130], H[17], 0.02sec
0000 and 0021: [37/70], H[13], 0.01sec
0000 and 0022: [68/130], H[18], 0.01sec
0000 and 0023: [96/191], H[28], 0.01sec
0000 and 0024: [147/274], H[48], 0.01sec
0000 and 0025: [129/242], H[70], 0.01sec
0000 and 0026: [154/301], H[34], 0.01sec
0000 and 0027: [219/391], H[93], 0.01sec
0000 and 0028: [136/250], H[68], 0.01sec
0000 and 0029: [211/324], H[115], 0.00sec
0000 and 0030: [327/462], H[163], 0.00sec
0000 and 0031: [623/827], H[162], 0.00sec
0000 and 0032: [928/1217], H[390], 0.01sec
0000 and 0033: [817/1070], H[127], 0.01sec
0000 and 0034: [1498/1817], H[385], 0.01sec
0000 and 0035: [1638/1955], H[428], 0.01sec
0000 and 0036: [7667/7667], H[7667], 0.03sec
0001 and 0002: [2432/2669], H[507], 0.01sec
0001 and 0003: [1175/1391], H[285], 0.01sec
0001 and 0004: [889/1103], H[520], 0.01sec
0001 and 0005: [422/591], H[137], 0.00sec
0001 and 0006: [273/388], H[153], 0.00sec
0001 and 0007: [219/342], H[59], 0.00sec
0001 and 0008: [164/268], H[50], 0.01sec
0001 and 0009: [121/219], H[38], 0.01sec
0001 and 0010: [73/159], H[22], 0.01sec
0001 and 0011: [78/162], H[25], 0.01sec
0001 and 0012: [51/113], H[21], 0.01sec
0001 and 0013: [38/94], H[5], 0.02sec
0001 and 0014: [42/91], H[9], 0.01sec
0001 and 0015: [24/65], H[10], 0.03sec
0001 and 0016: [21/52], H[10], 0.02sec
0001 and 0017: [25/109], H[10], 0.04sec
0001 and 0018: [29/109], H[15], 0.04sec
0001 and 0019: [29/82], H[12], 0.03sec
0001 and 0020: [62/123], H[23], 0.01sec
0001 and 0021: [46/85], H[23], 0.01sec
0001 and 0022: [99/147], H[40], 0.00sec
0001 and 0023: [138/238], H[38], 0.00sec
0001 and 0024: [233/375], H[99], 0.00sec
0001 and 0025: [209/329], H[42], 0.00sec
0001 and 0026: [261/410], H[38], 0.00sec
0001 and 0027: [320/468], H[111], 0.00sec
0001 and 0028: [200/299], H[98], 0.00sec
0001 and 0029: [357/470], H[143], 0.00sec
0001 and 0030: [661/778], H[467], 0.00sec
0001 and 0031: [1159/1284], H[640], 0.01sec
0001 and 0032: [1324/1601], H[713], 0.01sec
0001 and 0033: [1061/1334], H[545], 0.01sec
0001 and 0034: [1726/1892], H[664], 0.01sec
0001 and 0035: [1762/1942], H[527], 0.01sec
0001 and 0036: [1143/1636], H[441], 0.01sec
0002 and 0003: [1844/2140], H[315], 0.01sec
0002 and 0004: [1553/1812], H[837], 0.01sec
0002 and 0005: [755/963], H[215], 0.00sec
0002 and 0006: [388/566], H[117], 0.00sec
0002 and 0007: [393/518], H[80], 0.00sec
0002 and 0008: [251/381], H[95], 0.00sec
0002 and 0009: [161/261], H[42], 0.00sec
0002 and 0010: [101/191], H[38], 0.01sec
0002 and 0011: [112/188], H[40], 0.01sec
0002 and 0012: [51/128], H[10], 0.02sec
0002 and 0013: [56/118], H[20], 0.01sec
0002 and 0014: [53/125], H[11], 0.02sec
0002 and 0015: [28/60], H[16], 0.01sec
0002 and 0016: [31/74], H[6], 0.02sec
0002 and 0017: [35/95], H[9], 0.03sec
0002 and 0018: [47/122], H[17], 0.04sec
0002 and 0019: [36/88], H[7], 0.02sec
0002 and 0020: [90/161], H[47], 0.01sec
0002 and 0021: [56/89], H[16], 0.00sec
0002 and 0022: [132/213], H[48], 0.00sec
0002 and 0023: [179/302], H[87], 0.00sec
0002 and 0024: [351/494], H[170], 0.00sec
0002 and 0025: [270/422], H[120], 0.00sec
0002 and 0026: [343/522], H[156], 0.00sec
0002 and 0027: [406/584], H[217], 0.00sec
0002 and 0028: [272/396], H[144], 0.00sec
0002 and 0029: [480/621], H[151], 0.00sec
0002 and 0030: [803/973], H[336], 0.00sec
0002 and 0031: [1404/1535], H[786], 0.01sec
0002 and 0032: [1773/1926], H[605], 0.01sec
0002 and 0033: [1444/1527], H[375], 0.01sec
0002 and 0034: [1826/2045], H[679], 0.01sec
0002 and 0035: [1941/2123], H[461], 0.01sec
0002 and 0036: [983/1260], H[179], 0.01sec
0003 and 0004: [2441/2627], H[821], 0.01sec
0003 and 0005: [1137/1429], H[830], 0.01sec
0003 and 0006: [791/987], H[338], 0.00sec
0003 and 0007: [650/848], H[416], 0.00sec
0003 and 0008: [544/693], H[168], 0.00sec
0003 and 0009: [276/397], H[155], 0.00sec
0003 and 0010: [170/273], H[66], 0.00sec
0003 and 0011: [164/279], H[60], 0.01sec
0003 and 0012: [83/152], H[27], 0.01sec
0003 and 0013: [86/163], H[9], 0.01sec
0003 and 0014: [70/148], H[17], 0.01sec
0003 and 0015: [46/90], H[26], 0.01sec
0003 and 0016: [39/89], H[17], 0.01sec
0003 and 0017: [56/122], H[27], 0.01sec
0003 and 0018: [56/140], H[15], 0.02sec
0003 and 0019: [68/124], H[14], 0.01sec
0003 and 0020: [141/224], H[68], 0.00sec
0003 and 0021: [92/140], H[53], 0.00sec
0003 and 0022: [223/325], H[56], 0.00sec
0003 and 0023: [296/436], H[53], 0.00sec
0003 and 0024: [445/621], H[185], 0.00sec
0003 and 0025: [404/568], H[167], 0.00sec
0003 and 0026: [459/669], H[280], 0.01sec
0003 and 0027: [609/747], H[319], 0.00sec
0003 and 0028: [394/572], H[250], 0.01sec
0003 and 0029: [717/910], H[92], 0.00sec
0003 and 0030: [739/873], H[315], 0.00sec
0003 and 0031: [1597/1759], H[527], 0.01sec
0003 and 0032: [1542/1813], H[379], 0.01sec
0003 and 0033: [1188/1359], H[144], 0.01sec
0003 and 0034: [1127/1318], H[402], 0.01sec
0003 and 0035: [1180/1350], H[257], 0.01sec
0003 and 0036: [474/657], H[52], 0.00sec
0004 and 0005: [2347/2679], H[500], 0.01sec
0004 and 0006: [1325/1515], H[197], 0.01sec
0004 and 0007: [1192/1365], H[722], 0.01sec
0004 and 0008: [874/1077], H[514], 0.01sec
0004 and 0009: [488/651], H[132], 0.00sec
0004 and 0010: [223/342], H[68], 0.00sec
0004 and 0011: [228/342], H[37], 0.00sec
0004 and 0012: [117/195], H[31], 0.00sec
0004 and 0013: [102/173], H[46], 0.01sec
0004 and 0014: [84/176], H[34], 0.01sec
0004 and 0015: [52/98], H[21], 0.01sec
0004 and 0016: [48/87], H[8], 0.01sec
0004 and 0017: [89/159], H[32], 0.01sec
0004 and 0018: [87/168], H[34], 0.01sec
0004 and 0019: [73/139], H[27], 0.01sec
0004 and 0020: [227/350], H[120], 0.00sec
0004 and 0021: [131/178], H[73], 0.00sec
0004 and 0022: [287/409], H[80], 0.00sec
0004 and 0023: [429/642], H[156], 0.00sec
0004 and 0024: [605/853], H[254], 0.00sec
0004 and 0025: [573/816], H[253], 0.00sec
0004 and 0026: [610/872], H[194], 0.01sec
0004 and 0027: [612/811], H[179], 0.00sec
0004 and 0028: [465/646], H[109], 0.00sec
0004 and 0029: [735/874], H[338], 0.00sec
0004 and 0030: [747/865], H[146], 0.00sec
0004 and 0031: [1525/1776], H[391], 0.01sec
0004 and 0032: [1441/1650], H[320], 0.01sec
0004 and 0033: [807/1016], H[200], 0.00sec
0004 and 0034: [1046/1271], H[213], 0.01sec
0004 and 0035: [1046/1239], H[158], 0.01sec
0004 and 0036: [498/670], H[227], 0.00sec
0005 and 0006: [2784/2969], H[567], 0.01sec
0005 and 0007: [2368/2675], H[396], 0.01sec
0005 and 0008: [1686/1953], H[129], 0.01sec
0005 and 0009: [982/1242], H[272], 0.01sec
0005 and 0010: [418/572], H[132], 0.00sec
0005 and 0011: [424/599], H[121], 0.01sec
0005 and 0012: [193/297], H[98], 0.01sec
0005 and 0013: [159/234], H[79], 0.00sec
0005 and 0014: [138/242], H[48], 0.01sec
0005 and 0015: [79/124], H[26], 0.00sec
0005 and 0016: [76/118], H[25], 0.00sec
0005 and 0017: [127/220], H[38], 0.00sec
0005 and 0018: [145/246], H[47], 0.00sec
0005 and 0019: [132/210], H[80], 0.00sec
0005 and 0020: [414/567], H[160], 0.00sec
0005 and 0021: [193/283], H[101], 0.00sec
0005 and 0022: [484/654], H[114], 0.00sec
0005 and 0023: [676/843], H[180], 0.01sec
0005 and 0024: [666/1019], H[95], 0.01sec
0005 and 0025: [709/987], H[304], 0.01sec
0005 and 0026: [743/1054], H[235], 0.01sec
0005 and 0027: [682/945], H[391], 0.00sec
0005 and 0028: [536/772], H[298], 0.01sec
0005 and 0029: [698/871], H[154], 0.00sec
0005 and 0030: [510/687], H[123], 0.00sec
0005 and 0031: [1167/1413], H[109], 0.01sec
0005 and 0032: [947/1139], H[42], 0.01sec
0005 and 0033: [511/649], H[189], 0.00sec
0005 and 0034: [545/711], H[254], 0.00sec
0005 and 0035: [521/719], H[101], 0.00sec
0005 and 0036: [251/396], H[66], 0.00sec
0006 and 0007: [2618/2856], H[1302], 0.01sec
0006 and 0008: [1839/2233], H[272], 0.01sec
0006 and 0009: [1355/1615], H[578], 0.01sec
0006 and 0010: [765/965], H[200], 0.01sec
0006 and 0011: [597/794], H[251], 0.00sec
0006 and 0012: [321/475], H[228], 0.00sec
0006 and 0013: [210/322], H[72], 0.00sec
0006 and 0014: [211/312], H[66], 0.00sec
0006 and 0015: [102/178], H[29], 0.00sec
0006 and 0016: [101/153], H[33], 0.00sec
0006 and 0017: [200/334], H[63], 0.00sec
0006 and 0018: [181/297], H[19], 0.00sec
0006 and 0019: [205/294], H[138], 0.00sec
0006 and 0020: [444/627], H[261], 0.00sec
0006 and 0021: [208/335], H[114], 0.00sec
0006 and 0022: [434/599], H[167], 0.00sec
0006 and 0023: [608/819], H[321], 0.01sec
0006 and 0024: [703/985], H[274], 0.01sec
0006 and 0025: [715/981], H[136], 0.01sec
0006 and 0026: [749/1052], H[419], 0.01sec
0006 and 0027: [757/1023], H[235], 0.01sec
0006 and 0028: [513/741], H[108], 0.00sec
0006 and 0029: [732/843], H[179], 0.00sec
0006 and 0030: [434/542], H[240], 0.00sec
0006 and 0031: [852/1090], H[152], 0.01sec
0006 and 0032: [609/797], H[162], 0.01sec
0006 and 0033: [496/629], H[249], 0.00sec
0006 and 0034: [335/471], H[118], 0.00sec
0006 and 0035: [339/485], H[124], 0.00sec
0006 and 0036: [166/296], H[54], 0.01sec
0007 and 0008: [3133/3310], H[1541], 0.02sec
0007 and 0009: [2441/2684], H[410], 0.01sec
0007 and 0010: [985/1228], H[154], 0.01sec
0007 and 0011: [875/1059], H[182], 0.01sec
0007 and 0012: [383/491], H[198], 0.00sec
0007 and 0013: [287/398], H[25], 0.00sec
0007 and 0014: [229/394], H[47], 0.01sec
0007 and 0015: [131/211], H[71], 0.00sec
0007 and 0016: [126/189], H[36], 0.00sec
0007 and 0017: [303/454], H[100], 0.00sec
0007 and 0018: [240/404], H[131], 0.01sec
0007 and 0019: [256/406], H[34], 0.01sec
0007 and 0020: [628/966], H[184], 0.01sec
0007 and 0021: [388/558], H[68], 0.00sec
0007 and 0022: [728/1002], H[81], 0.01sec
0007 and 0023: [952/1219], H[71], 0.01sec
0007 and 0024: [841/1170], H[169], 0.01sec
0007 and 0025: [906/1247], H[88], 0.01sec
0007 and 0026: [987/1218], H[176], 0.01sec
0007 and 0027: [751/980], H[130], 0.00sec
0007 and 0028: [572/753], H[73], 0.01sec
0007 and 0029: [534/661], H[90], 0.00sec
0007 and 0030: [448/535], H[67], 0.00sec
0007 and 0031: [554/804], H[357], 0.01sec
0007 and 0032: [480/651], H[234], 0.00sec
0007 and 0033: [308/417], H[160], 0.00sec
0007 and 0034: [272/424], H[116], 0.01sec
0007 and 0035: [246/383], H[112], 0.00sec
0007 and 0036: [155/272], H[30], 0.01sec
0008 and 0009: [2773/2959], H[886], 0.01sec
0008 and 0010: [1297/1448], H[253], 0.01sec
0008 and 0011: [1256/1386], H[195], 0.01sec
0008 and 0012: [525/661], H[140], 0.00sec
0008 and 0013: [419/532], H[166], 0.00sec
0008 and 0014: [357/537], H[76], 0.01sec
0008 and 0015: [175/266], H[49], 0.00sec
0008 and 0016: [162/222], H[37], 0.00sec
0008 and 0017: [373/515], H[77], 0.01sec
0008 and 0018: [310/487], H[110], 0.00sec
0008 and 0019: [220/379], H[109], 0.01sec
0008 and 0020: [632/903], H[282], 0.01sec
0008 and 0021: [366/586], H[48], 0.00sec
0008 and 0022: [634/885], H[340], 0.01sec
0008 and 0023: [751/966], H[412], 0.01sec
0008 and 0024: [586/829], H[402], 0.01sec
0008 and 0025: [650/894], H[414], 0.00sec
0008 and 0026: [550/790], H[102], 0.00sec
0008 and 0027: [467/604], H[219], 0.00sec
0008 and 0028: [324/517], H[211], 0.00sec
0008 and 0029: [427/567], H[244], 0.00sec
0008 and 0030: [272/388], H[53], 0.00sec
0008 and 0031: [408/603], H[199], 0.00sec
0008 and 0032: [318/467], H[169], 0.00sec
0008 and 0033: [202/287], H[57], 0.00sec
0008 and 0034: [193/297], H[39], 0.00sec
0008 and 0035: [209/316], H[42], 0.00sec
0008 and 0036: [113/202], H[37], 0.01sec
0009 and 0010: [2483/2663], H[935], 0.01sec
0009 and 0011: [1944/2098], H[362], 0.01sec
0009 and 0012: [835/1049], H[78], 0.01sec
0009 and 0013: [690/866], H[141], 0.00sec
0009 and 0014: [702/931], H[79], 0.01sec
0009 and 0015: [320/438], H[53], 0.00sec
0009 and 0016: [291/371], H[20], 0.00sec
0009 and 0017: [710/938], H[81], 0.00sec
0009 and 0018: [566/855], H[33], 0.01sec
0009 and 0019: [377/664], H[68], 0.01sec
0009 and 0020: [930/1362], H[149], 0.01sec
0009 and 0021: [501/787], H[65], 0.01sec
0009 and 0022: [817/1090], H[67], 0.01sec
0009 and 0023: [994/1229], H[90], 0.01sec
0009 and 0024: [587/897], H[83], 0.01sec
0009 and 0025: [694/1009], H[125], 0.01sec
0009 and 0026: [606/907], H[154], 0.01sec
0009 and 0027: [477/624], H[231], 0.00sec
0009 and 0028: [375/555], H[82], 0.00sec
0009 and 0029: [270/378], H[113], 0.00sec
0009 and 0030: [252/345], H[71], 0.00sec
0009 and 0031: [299/433], H[49], 0.00sec
0009 and 0032: [202/325], H[35], 0.00sec
0009 and 0033: [146/217], H[54], 0.00sec
0009 and 0034: [131/233], H[28], 0.01sec
0009 and 0035: [130/226], H[25], 0.01sec
0009 and 0036: [100/208], H[32], 0.01sec
0010 and 0011: [3009/3143], H[1273], 0.01sec
0010 and 0012: [1337/1624], H[360], 0.01sec
0010 and 0013: [948/1162], H[222], 0.01sec
0010 and 0014: [1101/1334], H[243], 0.01sec
0010 and 0015: [621/712], H[74], 0.00sec
0010 and 0016: [496/628], H[85], 0.00sec
0010 and 0017: [892/1235], H[233], 0.01sec
0010 and 0018: [851/1153], H[133], 0.01sec
0010 and 0019: [725/1227], H[203], 0.01sec
0010 and 0020: [776/1085], H[141], 0.01sec
0010 and 0021: [525/745], H[79], 0.01sec
0010 and 0022: [712/834], H[68], 0.00sec
0010 and 0023: [747/903], H[164], 0.01sec
0010 and 0024: [528/681], H[248], 0.00sec
0010 and 0025: [640/794], H[295], 0.00sec
0010 and 0026: [484/686], H[164], 0.00sec
0010 and 0027: [403/531], H[99], 0.00sec
0010 and 0028: [397/506], H[161], 0.00sec
0010 and 0029: [281/391], H[130], 0.00sec
0010 and 0030: [180/248], H[67], 0.00sec
0010 and 0031: [168/290], H[30], 0.01sec
0010 and 0032: [123/203], H[51], 0.00sec
0010 and 0033: [130/201], H[68], 0.00sec
0010 and 0034: [80/153], H[17], 0.01sec
0010 and 0035: [80/159], H[26], 0.01sec
0010 and 0036: [63/143], H[8], 0.02sec
0011 and 0012: [1894/2011], H[639], 0.01sec
0011 and 0013: [1582/1741], H[315], 0.01sec
0011 and 0014: [1588/1915], H[316], 0.01sec
0011 and 0015: [734/929], H[179], 0.00sec
0011 and 0016: [588/822], H[133], 0.00sec
0011 and 0017: [911/1361], H[258], 0.01sec
0011 and 0018: [1026/1401], H[201], 0.01sec
0011 and 0019: [574/936], H[110], 0.01sec
0011 and 0020: [727/1049], H[84], 0.01sec
0011 and 0021: [481/696], H[28], 0.01sec
0011 and 0022: [673/789], H[128], 0.01sec
0011 and 0023: [689/897], H[165], 0.01sec
0011 and 0024: [529/695], H[218], 0.00sec
0011 and 0025: [604/782], H[141], 0.00sec
0011 and 0026: [493/666], H[320], 0.00sec
0011 and 0027: [353/477], H[149], 0.00sec
0011 and 0028: [400/506], H[110], 0.00sec
0011 and 0029: [239/303], H[125], 0.00sec
0011 and 0030: [200/291], H[73], 0.00sec
0011 and 0031: [153/279], H[25], 0.01sec
0011 and 0032: [117/202], H[41], 0.01sec
0011 and 0033: [110/183], H[53], 0.00sec
0011 and 0034: [81/163], H[29], 0.01sec
0011 and 0035: [95/176], H[12], 0.01sec
0011 and 0036: [56/130], H[13], 0.02sec
0012 and 0013: [1951/2070], H[554], 0.01sec
0012 and 0014: [1723/1887], H[639], 0.01sec
0012 and 0015: [1493/1722], H[546], 0.01sec
0012 and 0016: [1082/1284], H[172], 0.01sec
0012 and 0017: [990/1365], H[201], 0.01sec
0012 and 0018: [963/1337], H[141], 0.01sec
0012 and 0019: [573/843], H[91], 0.01sec
0012 and 0020: [558/710], H[198], 0.01sec
0012 and 0021: [467/545], H[58], 0.00sec
0012 and 0022: [386/507], H[65], 0.00sec
0012 and 0023: [417/547], H[79], 0.01sec
0012 and 0024: [261/358], H[88], 0.00sec
0012 and 0025: [282/412], H[58], 0.00sec
0012 and 0026: [234/348], H[103], 0.00sec
0012 and 0027: [182/294], H[115], 0.00sec
0012 and 0028: [204/307], H[119], 0.00sec
0012 and 0029: [165/226], H[17], 0.00sec
0012 and 0030: [118/187], H[49], 0.00sec
0012 and 0031: [107/184], H[31], 0.01sec
0012 and 0032: [64/136], H[31], 0.01sec
0012 and 0033: [69/115], H[25], 0.00sec
0012 and 0034: [53/122], H[21], 0.01sec
0012 and 0035: [59/130], H[17], 0.01sec
0012 and 0036: [36/96], H[12], 0.03sec
0013 and 0014: [2384/2649], H[1508], 0.01sec
0013 and 0015: [1280/1724], H[361], 0.01sec
0013 and 0016: [902/1269], H[219], 0.01sec
0013 and 0017: [830/1352], H[251], 0.01sec
0013 and 0018: [1283/1753], H[244], 0.01sec
0013 and 0019: [427/611], H[66], 0.00sec
0013 and 0020: [520/763], H[189], 0.00sec
0013 and 0021: [429/628], H[167], 0.00sec
0013 and 0022: [379/543], H[126], 0.00sec
0013 and 0023: [328/497], H[107], 0.00sec
0013 and 0024: [219/315], H[77], 0.00sec
0013 and 0025: [240/333], H[102], 0.00sec
0013 and 0026: [198/290], H[96], 0.00sec
0013 and 0027: [108/195], H[40], 0.01sec
0013 and 0028: [150/255], H[77], 0.01sec
0013 and 0029: [113/167], H[47], 0.00sec
0013 and 0030: [91/157], H[38], 0.01sec
0013 and 0031: [91/147], H[17], 0.01sec
0013 and 0032: [60/117], H[14], 0.01sec
0013 and 0033: [46/93], H[11], 0.01sec
0013 and 0034: [49/105], H[12], 0.01sec
0013 and 0035: [51/99], H[17], 0.01sec
0013 and 0036: [29/84], H[7], 0.04sec
0014 and 0015: [1661/1779], H[991], 0.01sec
0014 and 0016: [1162/1399], H[509], 0.01sec
0014 and 0017: [1540/1941], H[185], 0.01sec
0014 and 0018: [1928/2365], H[535], 0.01sec
0014 and 0019: [724/822], H[153], 0.00sec
0014 and 0020: [700/854], H[147], 0.00sec
0014 and 0021: [513/629], H[79], 0.00sec
0014 and 0022: [429/565], H[178], 0.00sec
0014 and 0023: [373/580], H[140], 0.01sec
0014 and 0024: [215/358], H[106], 0.01sec
0014 and 0025: [274/435], H[118], 0.01sec
0014 and 0026: [220/364], H[42], 0.01sec
0014 and 0027: [160/248], H[49], 0.00sec
0014 and 0028: [184/276], H[57], 0.00sec
0014 and 0029: [112/175], H[57], 0.00sec
0014 and 0030: [102/175], H[51], 0.01sec
0014 and 0031: [77/145], H[28], 0.01sec
0014 and 0032: [52/124], H[18], 0.02sec
0014 and 0033: [43/80], H[14], 0.01sec
0014 and 0034: [44/114], H[15], 0.03sec
0014 and 0035: [53/128], H[14], 0.02sec
0014 and 0036: [39/113], H[16], 0.05sec
0015 and 0016: [2157/2269], H[1110], 0.01sec
0015 and 0017: [1114/1301], H[363], 0.01sec
0015 and 0018: [1547/1745], H[807], 0.01sec
0015 and 0019: [624/703], H[79], 0.00sec
0015 and 0020: [421/517], H[44], 0.00sec
0015 and 0021: [496/586], H[60], 0.00sec
0015 and 0022: [312/404], H[102], 0.00sec
0015 and 0023: [224/365], H[43], 0.00sec
0015 and 0024: [153/223], H[64], 0.00sec
0015 and 0025: [172/264], H[59], 0.00sec
0015 and 0026: [130/201], H[61], 0.00sec
0015 and 0027: [112/166], H[42], 0.00sec
0015 and 0028: [168/242], H[56], 0.00sec
0015 and 0029: [90/145], H[44], 0.00sec
0015 and 0030: [67/137], H[19], 0.01sec
0015 and 0031: [47/97], H[25], 0.01sec
0015 and 0032: [40/85], H[7], 0.01sec
0015 and 0033: [28/59], H[10], 0.01sec
0015 and 0034: [27/69], H[14], 0.02sec
0015 and 0035: [31/72], H[18], 0.04sec
0015 and 0036: [18/64], H[5], 0.04sec
0016 and 0017: [1148/1222], H[352], 0.01sec
0016 and 0018: [1382/1457], H[355], 0.01sec
0016 and 0019: [610/687], H[95], 0.00sec
0016 and 0020: [353/471], H[35], 0.00sec
0016 and 0021: [337/394], H[49], 0.00sec
0016 and 0022: [213/323], H[47], 0.01sec
0016 and 0023: [217/314], H[146], 0.00sec
0016 and 0024: [155/209], H[64], 0.00sec
0016 and 0025: [173/240], H[28], 0.00sec
0016 and 0026: [131/197], H[42], 0.00sec
0016 and 0027: [97/162], H[50], 0.00sec
0016 and 0028: [150/249], H[48], 0.01sec
0016 and 0029: [79/123], H[24], 0.00sec
0016 and 0030: [71/133], H[24], 0.01sec
0016 and 0031: [50/83], H[26], 0.00sec
0016 and 0032: [36/66], H[9], 0.01sec
0016 and 0033: [30/69], H[9], 0.01sec
0016 and 0034: [32/64], H[10], 0.01sec
0016 and 0035: [35/74], H[13], 0.01sec
0016 and 0036: [22/58], H[10], 0.03sec
0017 and 0018: [2638/2803], H[1462], 0.01sec
0017 and 0019: [1230/1514], H[258], 0.01sec
0017 and 0020: [910/1180], H[115], 0.01sec
0017 and 0021: [793/1022], H[170], 0.01sec
0017 and 0022: [472/691], H[78], 0.01sec
0017 and 0023: [461/673], H[43], 0.01sec
0017 and 0024: [278/464], H[71], 0.01sec
0017 and 0025: [320/516], H[49], 0.01sec
0017 and 0026: [264/423], H[127], 0.01sec
0017 and 0027: [163/286], H[61], 0.01sec
0017 and 0028: [169/271], H[50], 0.01sec
0017 and 0029: [95/164], H[29], 0.01sec
0017 and 0030: [77/151], H[22], 0.01sec
0017 and 0031: [74/145], H[15], 0.01sec
0017 and 0032: [45/119], H[13], 0.03sec
0017 and 0033: [47/99], H[20], 0.01sec
0017 and 0034: [44/114], H[19], 0.03sec
0017 and 0035: [39/121], H[14], 0.04sec
0017 and 0036: [28/76], H[6], 0.03sec
0018 and 0019: [1078/1197], H[183], 0.01sec
0018 and 0020: [760/1087], H[80], 0.01sec
0018 and 0021: [819/1056], H[161], 0.01sec
0018 and 0022: [467/715], H[170], 0.01sec
0018 and 0023: [440/655], H[143], 0.01sec
0018 and 0024: [231/394], H[116], 0.01sec
0018 and 0025: [315/494], H[133], 0.00sec
0018 and 0026: [202/355], H[48], 0.01sec
0018 and 0027: [154/266], H[40], 0.01sec
0018 and 0028: [176/289], H[35], 0.00sec
0018 and 0029: [102/163], H[37], 0.00sec
0018 and 0030: [81/160], H[33], 0.01sec
0018 and 0031: [72/159], H[29], 0.01sec
0018 and 0032: [51/122], H[26], 0.04sec
0018 and 0033: [44/95], H[24], 0.01sec
0018 and 0034: [41/120], H[7], 0.04sec
0018 and 0035: [46/114], H[25], 0.04sec
0018 and 0036: [32/102], H[11], 0.04sec
0019 and 0020: [1335/1505], H[583], 0.01sec
0019 and 0021: [1377/1484], H[606], 0.01sec
0019 and 0022: [946/1063], H[319], 0.01sec
0019 and 0023: [785/911], H[126], 0.01sec
0019 and 0024: [442/549], H[69], 0.00sec
0019 and 0025: [529/635], H[47], 0.00sec
0019 and 0026: [412/508], H[49], 0.00sec
0019 and 0027: [282/386], H[61], 0.00sec
0019 and 0028: [327/427], H[54], 0.00sec
0019 and 0029: [167/228], H[90], 0.00sec
0019 and 0030: [95/131], H[11], 0.00sec
0019 and 0031: [98/155], H[35], 0.00sec
0019 and 0032: [59/121], H[36], 0.01sec
0019 and 0033: [55/90], H[36], 0.00sec
0019 and 0034: [44/94], H[15], 0.01sec
0019 and 0035: [42/100], H[14], 0.02sec
0019 and 0036: [23/66], H[11], 0.04sec
0020 and 0021: [1959/2099], H[855], 0.01sec
0020 and 0022: [2539/2752], H[1203], 0.01sec
0020 and 0023: [2322/2647], H[752], 0.01sec
0020 and 0024: [1297/1488], H[305], 0.01sec
0020 and 0025: [1496/1762], H[254], 0.01sec
0020 and 0026: [1222/1399], H[241], 0.01sec
0020 and 0027: [731/917], H[127], 0.01sec
0020 and 0028: [589/789], H[84], 0.00sec
0020 and 0029: [288/391], H[118], 0.00sec
0020 and 0030: [219/304], H[50], 0.00sec
0020 and 0031: [204/305], H[77], 0.00sec
0020 and 0032: [132/230], H[61], 0.00sec
0020 and 0033: [108/162], H[54], 0.00sec
0020 and 0034: [84/159], H[51], 0.01sec
0020 and 0035: [84/165], H[22], 0.01sec
0020 and 0036: [57/130], H[20], 0.01sec
0021 and 0022: [1780/1973], H[420], 0.01sec
0021 and 0023: [1168/1317], H[269], 0.01sec
0021 and 0024: [609/750], H[120], 0.00sec
0021 and 0025: [778/914], H[86], 0.01sec
0021 and 0026: [537/698], H[85], 0.00sec
0021 and 0027: [365/472], H[55], 0.00sec
0021 and 0028: [351/463], H[61], 0.00sec
0021 and 0029: [164/254], H[61], 0.00sec
0021 and 0030: [120/168], H[20], 0.00sec
0021 and 0031: [142/185], H[56], 0.00sec
0021 and 0032: [101/153], H[20], 0.00sec
0021 and 0033: [64/90], H[10], 0.00sec
0021 and 0034: [52/97], H[19], 0.01sec
0021 and 0035: [64/109], H[15], 0.00sec
0021 and 0036: [37/70], H[19], 0.01sec
0022 and 0023: [3068/3254], H[1379], 0.01sec
0022 and 0024: [1733/1903], H[535], 0.01sec
0022 and 0025: [1967/2237], H[906], 0.01sec
0022 and 0026: [1544/1736], H[322], 0.01sec
0022 and 0027: [994/1182], H[126], 0.01sec
0022 and 0028: [865/1037], H[91], 0.01sec
0022 and 0029: [426/569], H[61], 0.00sec
0022 and 0030: [318/408], H[160], 0.00sec
0022 and 0031: [324/431], H[78], 0.00sec
0022 and 0032: [223/319], H[23], 0.00sec
0022 and 0033: [144/204], H[61], 0.00sec
0022 and 0034: [124/200], H[30], 0.00sec
0022 and 0035: [120/189], H[52], 0.00sec
0022 and 0036: [72/130], H[17], 0.01sec
0023 and 0024: [2779/3015], H[561], 0.01sec
0023 and 0025: [3096/3317], H[1465], 0.01sec
0023 and 0026: [2493/2749], H[814], 0.01sec
0023 and 0027: [1606/1766], H[149], 0.01sec
0023 and 0028: [1410/1563], H[357], 0.01sec
0023 and 0029: [557/679], H[70], 0.00sec
0023 and 0030: [437/564], H[264], 0.00sec
0023 and 0031: [365/533], H[180], 0.00sec
0023 and 0032: [221/380], H[116], 0.00sec
0023 and 0033: [185/273], H[120], 0.00sec
0023 and 0034: [145/273], H[71], 0.01sec
0023 and 0035: [133/236], H[56], 0.01sec
0023 and 0036: [100/191], H[23], 0.01sec
0024 and 0025: [3995/4096], H[2655], 0.02sec
0024 and 0026: [4131/4262], H[3505], 0.02sec
0024 and 0027: [2504/2700], H[712], 0.01sec
0024 and 0028: [2387/2509], H[832], 0.01sec
0024 and 0029: [935/1038], H[187], 0.01sec
0024 and 0030: [744/874], H[90], 0.00sec
0024 and 0031: [597/794], H[383], 0.00sec
0024 and 0032: [378/564], H[65], 0.00sec
0024 and 0033: [266/410], H[154], 0.00sec
0024 and 0034: [232/384], H[62], 0.00sec
0024 and 0035: [247/410], H[62], 0.00sec
0024 and 0036: [150/274], H[53], 0.01sec
0025 and 0026: [3845/3995], H[2641], 0.02sec
0025 and 0027: [2253/2431], H[585], 0.01sec
0025 and 0028: [2081/2196], H[416], 0.01sec
0025 and 0029: [765/885], H[80], 0.00sec
0025 and 0030: [597/760], H[84], 0.00sec
0025 and 0031: [469/657], H[155], 0.00sec
0025 and 0032: [299/470], H[128], 0.00sec
0025 and 0033: [217/354], H[62], 0.00sec
0025 and 0034: [196/326], H[102], 0.00sec
0025 and 0035: [193/317], H[105], 0.00sec
0025 and 0036: [127/242], H[41], 0.01sec
0026 and 0027: [2575/2888], H[775], 0.01sec
0026 and 0028: [2236/2571], H[1268], 0.01sec
0026 and 0029: [972/1071], H[192], 0.01sec
0026 and 0030: [757/946], H[143], 0.01sec
0026 and 0031: [606/838], H[273], 0.00sec
0026 and 0032: [351/548], H[54], 0.01sec
0026 and 0033: [258/418], H[47], 0.01sec
0026 and 0034: [229/410], H[94], 0.01sec
0026 and 0035: [235/412], H[79], 0.01sec
0026 and 0036: [163/301], H[46], 0.01sec
0027 and 0028: [2397/2593], H[1001], 0.01sec
0027 and 0029: [1618/1834], H[498], 0.01sec
0027 and 0030: [1130/1334], H[168], 0.01sec
0027 and 0031: [793/1215], H[392], 0.01sec
0027 and 0032: [503/743], H[182], 0.00sec
0027 and 0033: [483/721], H[238], 0.00sec
0027 and 0034: [329/487], H[60], 0.00sec
0027 and 0035: [348/506], H[145], 0.00sec
0027 and 0036: [225/391], H[78], 0.01sec
0028 and 0029: [995/1156], H[236], 0.01sec
0028 and 0030: [1287/1478], H[192], 0.01sec
0028 and 0031: [489/738], H[154], 0.01sec
0028 and 0032: [291/478], H[72], 0.01sec
0028 and 0033: [280/467], H[100], 0.01sec
0028 and 0034: [175/326], H[61], 0.01sec
0028 and 0035: [178/322], H[115], 0.01sec
0028 and 0036: [126/250], H[41], 0.01sec
0029 and 0030: [1510/1601], H[598], 0.01sec
0029 and 0031: [1195/1523], H[445], 0.01sec
0029 and 0032: [751/1064], H[120], 0.01sec
0029 and 0033: [638/890], H[285], 0.00sec
0029 and 0034: [405/595], H[93], 0.00sec
0029 and 0035: [390/545], H[79], 0.00sec
0029 and 0036: [216/324], H[54], 0.00sec
0030 and 0031: [1444/1734], H[343], 0.01sec
0030 and 0032: [920/1145], H[135], 0.01sec
0030 and 0033: [766/1064], H[313], 0.01sec
0030 and 0034: [514/780], H[156], 0.01sec
0030 and 0035: [526/774], H[329], 0.00sec
0030 and 0036: [308/462], H[123], 0.00sec
0031 and 0032: [2742/3082], H[1446], 0.01sec
0031 and 0033: [1325/1656], H[692], 0.01sec
0031 and 0034: [1365/1730], H[472], 0.01sec
0031 and 0035: [1453/1719], H[481], 0.01sec
0031 and 0036: [591/827], H[219], 0.00sec
0032 and 0033: [2115/2301], H[615], 0.01sec
0032 and 0034: [2430/2684], H[910], 0.01sec
0032 and 0035: [2138/2399], H[672], 0.01sec
0032 and 0036: [940/1217], H[181], 0.01sec
0033 and 0034: [2098/2190], H[1231], 0.01sec
0033 and 0035: [1797/1924], H[387], 0.01sec
0033 and 0036: [913/1070], H[367], 0.01sec
0034 and 0035: [3345/3604], H[1948], 0.01sec
0034 and 0036: [1465/1817], H[397], 0.01sec
0035 and 0036: [1683/1955], H[476], 0.01sec

###########-------timing------#########
666 Putative Match finished, 73 sec used
666 Geometric Verification finished, 9 sec used
#############################
----------------------------------------------------------------
Compute Missing Pairwise Matching, finished
Totally 89.000 seconds used


Run full 3D reconstruction, begin...
655 pairs have two-view models
666 pairs have fundamental matrices
Initialize with sofa (15) and sofa (18)
1540 3D points initialized from two images
PBA library version = 105
PBA: 1540 3D pts, 2 cams and 3080 projs...
PBA: 3.314 -> 0.093 (1 LMs in 0.10sec)
Focal Length : [426.170]->[426.170]
Focal Length : [426.170]->[426.170]

#############################
#3: [sofa (19)] sees 2006 (+2166) 3D points
Estimated Focal Length [426][0.67W]
# 3561 projs (1014 pts and 0 merges)
PBA: 2550 3D pts, 3 cams and 6633 projs...
PBA: 0.680 -> 0.272 (70 LMs in 0.22sec)

**************************************
#3/3:  3561 projs and 1014 pts added.
PBA: 2550 3D pts, 3 cams and 6633 projs...
PBA: 0.272 -> 0.270 (18 LMs in 0.05sec)
PBA: 2550 3D pts, 3 cams and 6633 projs...
PBA: 0.270 -> 0.270 (13 LMs in 0.03sec)
Focal Length : [426.170]->[426.170]

#############################
#4: [sofa (14)] sees 2829 (+1675) 3D points
Estimated Focal Length [426][0.67W]
# 1576 projs (0 pts and 0 merges)
PBA: 2549 3D pts, 4 cams and 8207 projs...
PBA: 1.518 -> 0.494 (28 LMs in 0.12sec)
#points w/ large errors:	9
Focal Length : [426.170]->[426.170]

#############################
#5: [sofa (13)] sees 3266 (+1797) 3D points
Estimated Focal Length [426][0.67W]
# 1380 projs (0 pts and 0 merges)
PBA: 2539 3D pts, 5 cams and 9563 projs...
PBA: 0.842 -> 0.547 (15 LMs in 0.09sec)
#points w/ large errors:	5

**************************************
#5/5:  5656 projs and 1834 pts added.
PBA: 4325 3D pts, 5 cams and 13821 projs...
PBA: 0.660 -> 0.581 (15 LMs in 0.07sec)
PBA: 4325 3D pts, 5 cams and 13821 projs...
PBA: 0.581 -> 0.581 (17 LMs in 0.04sec)
Focal Length : [426.170]->[426.170]

#############################
#6: [sofa (12)] sees 5159 (+1527) 3D points
Estimated Focal Length [426][0.67W]
# 2092 projs (0 pts and 10 merges)
PBA: 4310 3D pts, 6 cams and 15903 projs...
PBA: 1.457 -> 0.864 (33 LMs in 0.26sec)
#points w/ large errors:	32
Focal Length : [426.170]->[426.170]

#############################
#7: [sofa (11)] sees 5199 (+2245) 3D points
Estimated Focal Length [426][0.67W]
# 1878 projs (0 pts and 10 merges)
PBA: 4268 3D pts, 7 cams and 17701 projs...
PBA: 1.177 -> 0.878 (18 LMs in 0.18sec)
#points w/ large errors:	22

**************************************
#7/7:  5919 projs and 1505 pts added.
PBA: 5720 3D pts, 7 cams and 21648 projs...
PBA: 0.886 -> 0.845 (19 LMs in 0.05sec)
PBA: 5720 3D pts, 7 cams and 21648 projs...
PBA: 0.845 -> 0.845 (13 LMs in 0.04sec)
Focal Length : [426.170]->[426.170]

#############################
#8: [sofa (10)] sees 5645 (+1870) 3D points
Estimated Focal Length [426][0.67W]
# 2100 projs (0 pts and 19 merges)
PBA: 5691 3D pts, 8 cams and 23728 projs...
PBA: 1.175 -> 0.933 (19 LMs in 0.11sec)
#points w/ large errors:	45
Focal Length : [426.170]->[426.170]

#############################
#9: [sofa (9)] sees 4452 (+2121) 3D points
Estimated Focal Length [426][0.67W]
# 1572 projs (0 pts and 6 merges)
PBA: 4053 3D pts, 9 cams and 21919 projs...
PBA: 1.562 -> 0.956 (24 LMs in 0.18sec)
#points w/ large errors:	33

**************************************
#9/9:  6494 projs and 1835 pts added.
PBA: 7413 3D pts, 9 cams and 29803 projs...
PBA: 0.792 -> 0.708 (19 LMs in 0.25sec)
#points w/ large errors:	1
PBA: 7412 3D pts, 9 cams and 29796 projs...
PBA: 0.729 -> 0.720 (22 LMs in 0.15sec)
#points w/ large errors:	2
Focal Length : [426.170]->[426.170]

#############################
#10: [sofa (8)] sees 6304 (+2133) 3D points
Estimated Focal Length [426][0.67W]
# 2404 projs (0 pts and 14 merges)
PBA: 5147 3D pts, 10 cams and 27697 projs...
PBA: 1.190 -> 0.817 (23 LMs in 0.13sec)
#points w/ large errors:	43
Focal Length : [426.170]->[426.170]

#############################
#11: [sofa (7)] sees 5555 (+1978) 3D points
Estimated Focal Length [426][0.67W]
# 1930 projs (0 pts and 15 merges)
PBA: 5183 3D pts, 11 cams and 29616 projs...
PBA: 1.039 -> 0.782 (31 LMs in 0.21sec)
#points w/ large errors:	36
Focal Length : [426.170]->[426.170]

#############################
#12: [sofa (6)] sees 5418 (+2639) 3D points
Estimated Focal Length [426][0.67W]
# 1806 projs (0 pts and 4 merges)
PBA: 5188 3D pts, 12 cams and 31303 projs...
PBA: 0.971 -> 0.806 (17 LMs in 0.12sec)
#points w/ large errors:	21

**************************************
#12/12:  10061 projs and 2849 pts added.
PBA: 9987 3D pts, 12 cams and 43471 projs...
PBA: 0.760 -> 0.691 (19 LMs in 0.09sec)
#points w/ large errors:	4
PBA: 9983 3D pts, 12 cams and 43454 projs...
PBA: 0.696 -> 0.696 (14 LMs in 0.04sec)
Focal Length : [426.170]->[426.170]

#############################
#13: [sofa (5)] sees 5723 (+1345) 3D points
Estimated Focal Length [426][0.67W]
# 2142 projs (0 pts and 13 merges)
PBA: 6888 3D pts, 13 cams and 39432 projs...
PBA: 1.072 -> 0.883 (23 LMs in 0.15sec)
#points w/ large errors:	111
Focal Length : [426.170]->[426.170]

#############################
#14: [sofa (4)] sees 4555 (+1681) 3D points
Estimated Focal Length [426][0.67W]
# 1566 projs (0 pts and 6 merges)
PBA: 6841 3D pts, 14 cams and 40653 projs...
PBA: 1.062 -> 0.743 (20 LMs in 0.08sec)
#points w/ large errors:	43
Focal Length : [426.170]->[426.170]

#############################
#15: [sofa (32)] sees 4829 (+1669) 3D points
Estimated Focal Length [426][0.67W]
# 4671 projs (1290 pts and 34 merges)
PBA: 8102 3D pts, 15 cams and 45166 projs...
PBA: 0.978 -> 0.756 (22 LMs in 0.08sec)
#points w/ large errors:	28
Focal Length : [426.170]->[426.170]

#############################
#16: [sofa (33)] sees 6106 (+2072) 3D points
Estimated Focal Length [426][0.67W]
# 4497 projs (963 pts and 85 merges)
PBA: 8447 3D pts, 16 cams and 48478 projs...
PBA: 0.958 -> 0.826 (37 LMs in 0.23sec)
#points w/ large errors:	48

**************************************
#16/16:  7334 projs and 1874 pts added.
PBA: 12545 3D pts, 16 cams and 57694 projs...
PBA: 0.831 -> 0.786 (28 LMs in 0.08sec)
#points w/ large errors:	3
PBA: 12542 3D pts, 16 cams and 57663 projs...
PBA: 0.800 -> 0.799 (15 LMs in 0.09sec)
#points w/ large errors:	2
Focal Length : [426.170]->[426.170]

#############################
#17: [sofa (3)] sees 6952 (+1693) 3D points
Estimated Focal Length [426][0.67W]
# 2363 projs (0 pts and 15 merges)
PBA: 8544 3D pts, 17 cams and 52053 projs...
PBA: 1.035 -> 0.844 (14 LMs in 0.09sec)
#points w/ large errors:	139
Focal Length : [426.170]->[426.170]

#############################
#18: [sofa (35)] sees 6825 (+2002) 3D points
Estimated Focal Length [426][0.67W]
# 2249 projs (0 pts and 9 merges)
PBA: 8521 3D pts, 18 cams and 53918 projs...
PBA: 1.098 -> 0.880 (19 LMs in 0.09sec)
#points w/ large errors:	55
Focal Length : [426.170]->[426.170]

#############################
#19: [sofa (36)] sees 8282 (+2692) 3D points
Estimated Focal Length [426][0.67W]
# 7178 projs (1702 pts and 58 merges)
PBA: 10166 3D pts, 19 cams and 60852 projs...
PBA: 0.990 -> 0.803 (39 LMs in 0.25sec)
#points w/ large errors:	32
Focal Length : [426.170]->[426.170]

#############################
#20: [sofa (2)] sees 9114 (+1854) 3D points
Estimated Focal Length [426][0.67W]
# 2635 projs (0 pts and 22 merges)
PBA: 9640 3D pts, 20 cams and 62329 projs...
PBA: 1.127 -> 0.866 (50 LMs in 0.63sec)
#points w/ large errors:	122
Focal Length : [426.170]->[426.170]

#############################
#21: [sofa (34)] sees 10808 (+1728) 3D points
Estimated Focal Length [426][0.67W]
# 2734 projs (0 pts and 32 merges)
SKIP: 0 cams, 234 points, 631 projs
PBA: 13579 3D pts, 20 cams and 72622 projs...
PBA: 0.821 -> 0.648 (5 LMs in 0.02sec)
#points w/ large errors:	45

**************************************
#21/21:  10128 projs and 2332 pts added.
PBA: 15707 3D pts, 21 cams and 79632 projs...
PBA: 1.007 -> 0.850 (16 LMs in 0.13sec)
#points w/ large errors:	2
PBA: 15705 3D pts, 21 cams and 79616 projs...
PBA: 0.857 -> 0.855 (13 LMs in 0.14sec)
#points w/ large errors:	7
Focal Length : [426.170]->[426.170]

#############################
#22: [sofa (1)] sees 8066 (+1416) 3D points
Estimated Focal Length [426][0.67W]
# 2400 projs (0 pts and 16 merges)
SKIP: 0 cams, 155 points, 269 projs
PBA: 15509 3D pts, 20 cams and 81635 projs...
PBA: 1.074 -> 0.906 (5 LMs in 0.04sec)
#points w/ large errors:	235
Focal Length : [426.170]->[426.170]

#############################
#23: [sofa (37)] sees 10520 (+5254) 3D points
Estimated Focal Length [426][0.67W]
# 2363 projs (0 pts and 3 merges)
SKIP: 0 cams, 701 points, 2050 projs
PBA: 14964 3D pts, 20 cams and 82180 projs...
PBA: 1.112 -> 0.803 (5 LMs in 0.05sec)
#points w/ large errors:	31
Focal Length : [426.170]->[426.170]

#############################
#24: [sofa (16)] sees 7763 (+1252) 3D points
Estimated Focal Length [426][0.67W]
# 3467 projs (495 pts and 52 merges)
SKIP: 0 cams, 610 points, 1718 projs
PBA: 15181 3D pts, 20 cams and 84908 projs...
PBA: 0.822 -> 0.772 (5 LMs in 0.04sec)
#points w/ large errors:	114
Focal Length : [426.170]->[426.170]

#############################
#25: [sofa (17)] sees 7902 (+1354) 3D points
Estimated Focal Length [426][0.67W]
# 3078 projs (386 pts and 94 merges)
SKIP: 0 cams, 1048 points, 3515 projs
PBA: 14920 3D pts, 20 cams and 85948 projs...
PBA: 0.700 -> 0.655 (5 LMs in 0.14sec)
#points w/ large errors:	39
Focal Length : [426.170]->[426.170]

#############################
#26: [sofa (21)] sees 8752 (+1194) 3D points
Estimated Focal Length [426][0.67W]
# 2341 projs (0 pts and 82 merges)
PBA: 11248 3D pts, 26 cams and 81346 projs...
PBA: 1.042 -> 0.929 (33 LMs in 0.20sec)
#points w/ large errors:	36
Focal Length : [426.170]->[426.170]

#############################
#27: [sofa (24)] sees 10197 (+1812) 3D points
Estimated Focal Length [426][0.67W]
# 4568 projs (877 pts and 201 merges)
SKIP: 0 cams, 1725 points, 4586 projs
PBA: 14745 3D pts, 20 cams and 90458 projs...
PBA: 0.795 -> 0.702 (5 LMs in 0.02sec)
#points w/ large errors:	40

**************************************
#27/27:  12002 projs and 3055 pts added.
PBA: 18389 3D pts, 27 cams and 101799 projs...
PBA: 0.847 -> 0.765 (15 LMs in 0.17sec)
#points w/ large errors:	1
PBA: 18388 3D pts, 27 cams and 101796 projs...
PBA: 0.756 -> 0.756 (12 LMs in 0.14sec)
Focal Length : [426.170]->[426.170]

#############################
#28: [sofa (23)] sees 11524 (+2215) 3D points
Estimated Focal Length [426][0.67W]
# 2920 projs (0 pts and 73 merges)
SKIP: 0 cams, 2118 points, 5299 projs
PBA: 16235 3D pts, 20 cams and 99337 projs...
PBA: 1.014 -> 0.822 (5 LMs in 0.18sec)
#points w/ large errors:	209
Focal Length : [426.170]->[426.170]

#############################
#29: [sofa (26)] sees 13020 (+2233) 3D points
Estimated Focal Length [426][0.67W]
# 3126 projs (0 pts and 101 merges)
SKIP: 0 cams, 2684 points, 7181 projs
PBA: 15672 3D pts, 20 cams and 100573 projs...
PBA: 0.864 -> 0.746 (5 LMs in 0.05sec)
#points w/ large errors:	40
Focal Length : [426.170]->[426.170]

#############################
#30: [sofa (25)] sees 14460 (+2836) 3D points
Estimated Focal Length [426][0.67W]
# 3216 projs (0 pts and 105 merges)
SKIP: 0 cams, 3205 points, 7506 projs
PBA: 15142 3D pts, 20 cams and 102288 projs...
PBA: 0.885 -> 0.780 (5 LMs in 0.05sec)
#points w/ large errors:	29
Focal Length : [426.170]->[426.170]

#############################
#31: [sofa (27)] sees 16317 (+3172) 3D points
Estimated Focal Length [426][0.67W]
# 7173 projs (1219 pts and 241 merges)
SKIP: 0 cams, 3075 points, 8543 projs
PBA: 15703 3D pts, 20 cams and 108104 projs...
PBA: 0.992 -> 0.839 (5 LMs in 0.05sec)
#points w/ large errors:	36
Focal Length : [426.170]->[426.170]

#############################
#32: [sofa (28)] sees 16722 (+1947) 3D points
Estimated Focal Length [426][0.67W]
# 8354 projs (1905 pts and 329 merges)
PBA: 15472 3D pts, 32 cams and 114884 projs...
PBA: 1.009 -> 0.890 (16 LMs in 0.10sec)
#points w/ large errors:	94
Focal Length : [426.170]->[426.170]

#############################
#33: [sofa (29)] sees 16681 (+1495) 3D points
Estimated Focal Length [426][0.67W]
# 3543 projs (0 pts and 66 merges)
SKIP: 0 cams, 4036 points, 11695 projs
PBA: 16149 3D pts, 20 cams and 116156 projs...
PBA: 0.964 -> 0.871 (5 LMs in 0.02sec)
#points w/ large errors:	72
Focal Length : [426.170]->[426.170]

#############################
#34: [sofa (30)] sees 14834 (+1182) 3D points
Estimated Focal Length [426][0.67W]
# 5392 projs (1059 pts and 254 merges)
SKIP: 0 cams, 3995 points, 11998 projs
PBA: 16739 3D pts, 20 cams and 120689 projs...
PBA: 0.944 -> 0.826 (5 LMs in 0.04sec)
#points w/ large errors:	65

**************************************
#34/34:  13439 projs and 3073 pts added.
PBA: 22346 3D pts, 34 cams and 139323 projs...
PBA: 1.067 -> 0.935 (19 LMs in 0.08sec)
#points w/ large errors:	3
PBA: 22343 3D pts, 34 cams and 139303 projs...
PBA: 0.952 -> 0.951 (18 LMs in 0.15sec)
#points w/ large errors:	1
Focal Length : [426.170]->[426.170]

#############################
#35: [sofa (31)] sees 15881 (+1252) 3D points
Estimated Focal Length [426][0.67W]
# 4813 projs (769 pts and 229 merges)
SKIP: 0 cams, 4263 points, 12140 projs
PBA: 18547 3D pts, 20 cams and 131806 projs...
PBA: 1.132 -> 1.048 (5 LMs in 0.03sec)
#points w/ large errors:	384
Focal Length : [426.170]->[426.170]

#############################
#36: [sofa (22)] sees 13469 (+1356) 3D points
Estimated Focal Length [426][0.67W]
# 2727 projs (0 pts and 86 merges)
SKIP: 0 cams, 4927 points, 14606 projs
PBA: 17882 3D pts, 20 cams and 131974 projs...
PBA: 0.979 -> 0.873 (5 LMs in 0.16sec)
#points w/ large errors:	168
Focal Length : [426.170]->[426.170]

#############################
#37: [sofa (20)] sees 13254 (+1159) 3D points
Estimated Focal Length [426][0.67W]
# 4537 projs (810 pts and 197 merges)
SKIP: 0 cams, 4659 points, 14706 projs
PBA: 18152 3D pts, 20 cams and 134323 projs...
PBA: 0.908 -> 0.849 (5 LMs in 0.04sec)
#points w/ large errors:	66
Focal Length : [426.170]->[426.170]

^^^^^^^^^^^^^^^^^^^^^^^^^^^^^^^^
#37/37:  3932 projs and 940 pts added.
PBA: 23428 3D pts, 37 cams and 150290 projs...
PBA: 0.949 -> 0.846 (26 LMs in 0.13sec)
#points w/ large errors:	79
PBA: 23349 3D pts, 37 cams and 149490 projs...
PBA: 0.808 -> 0.808 (13 LMs in 0.09sec)
END: No more images to add [0 projs]

#############################
Failed to find two images for initialization
Resuming SfM finished, 9 sec used

---------------------------------------------------
37 cams, 23429 pts (3+: 16290)
149490 projections (3+: 135372)
---------------------------------------------------
1 model(s) reconstructed from 37 images;
37 modeled; 0 reused; 0 EXIF; 
5MB(5) used to store feature location.
---------------------------------------------------

########-------timing------#########
Structure-From-Motion finished, 9 sec used
7.4(6.2) seconds on Bundle Adjustment (+)
6.6(5.6) seconds on Bundle Adjustment (*)
#############################
----------------------------------------------------------------
Run full 3D reconstruction, finished
Totally 9.000 seconds used


Run dense reconstruction, begin...
Save to sofa3+2.nvm ... done

#############################
Undistorting 37 images in model #0
param_undistortion_thread_num = 0
NOTE: using 16 threads...
#00: sofa (15) -> 00000000.jpg, 0.022 sec
#01: sofa (19) -> 00000002.jpg, 0.023 sec
#02: sofa (13) -> 00000004.jpg, 0.023 sec
#08: sofa (10) -> 00000007.jpg, 0.022 sec
#11: sofa (8) -> 00000009.jpg, 0.023 sec
#10: sofa (9) -> 00000008.jpg, 0.023 sec
#12: sofa (7) -> 00000010.jpg, 0.023 sec
#13: sofa (36) -> 00000018.jpg, 0.023 sec
#07: sofa (3) -> 00000016.jpg, 0.024 sec
#04: sofa (5) -> 00000012.jpg, 0.024 sec
#05: sofa (11) -> 00000006.jpg, 0.024 sec
#09: sofa (2) -> 00000019.jpg, 0.025 sec
#14: sofa (1) -> 00000021.jpg, 0.025 sec
#03: sofa (35) -> 00000017.jpg, 0.025 sec
#06: sofa (32) -> 00000014.jpg, 0.026 sec
#15: sofa (16) -> 00000023.jpg, 0.026 sec
#00: sofa (18) -> 00000001.jpg, 0.003 sec
#01: sofa (14) -> 00000003.jpg, 0.002 sec
#02: sofa (12) -> 00000005.jpg, 0.002 sec
#08: sofa (21) -> 00000025.jpg, 0.002 sec
#11: sofa (23) -> 00000027.jpg, 0.002 sec
#10: sofa (25) -> 00000029.jpg, 0.001 sec
#12: sofa (6) -> 00000011.jpg, 0.002 sec
#13: sofa (28) -> 00000031.jpg, 0.002 sec
#07: sofa (30) -> 00000033.jpg, 0.002 sec
#04: sofa (4) -> 00000013.jpg, 0.002 sec
#05: sofa (22) -> 00000035.jpg, 0.001 sec
#09: sofa (34) -> 00000020.jpg, 0.001 sec
#14: sofa (37) -> 00000022.jpg, 0.002 sec
#06: sofa (33) -> 00000015.jpg, 0.002 sec
#15: sofa (17) -> 00000024.jpg, 0.001 sec
#08: sofa (24) -> 00000026.jpg, 0.002 sec
#11: sofa (26) -> 00000028.jpg, 0.002 sec
#10: sofa (27) -> 00000030.jpg, 0.001 sec
#13: sofa (29) -> 00000032.jpg, 0.002 sec
#07: sofa (31) -> 00000034.jpg, 0.002 sec
#05: sofa (20) -> 00000036.jpg, 0.003 sec
----------------------------------------------------------------
Running Yasutaka Furukawa's CMVS tool...
cmvs C:\Users\86186\Desktop\VisualSFM_windows_cuda_64bit\\3+2\sofa3+2.nvm.cmvs\00\ 50 16
genOption C:\Users\86186\Desktop\VisualSFM_windows_cuda_64bit\\3+2\sofa3+2.nvm.cmvs\00\ 1 2 0.700000 7 3 16
1 cluster is generated for pmvs reconstruction.
pmvs2 C:\Users\86186\Desktop\VisualSFM_windows_cuda_64bit\\3+2\sofa3+2.nvm.cmvs\00\ option-0000
This may take a little more time, waiting...
5 seconds were used by PMVS
Loading option-0000.ply, 16103 vertices ...

#############################
You can manually remove bad MVS points:
1. Switch to dense MVS points mode;
2. Hit F1 key to enter the selection mode;
3. Select points by dragging a rectangle;
4. Hit DELETE to delete the selected points.

#############################
Save to sofa3+2.nvm ... done
Save C:\Users\86186\Desktop\VisualSFM_windows_cuda_64bit\\3+2\sofa3+2.0.ply ...done
----------------------------------------------------------------
Run dense reconstruction, finished
Totally 11.000 seconds used

