
Modifying Calibration, begin...
fx = 426.169830, cx = 318.996307
fy = 426.169830, cy = 242.324814
radial_distortion = 0.000000
----------------------------------------------------------------
Modifying Calibration, finished
Totally 0.000 seconds used

0: sofa (1)
image_size:	640x480
1: sofa (2)
image_size:	640x480
2: sofa (3)
image_size:	640x480
3: sofa (4)
image_size:	640x480
4: sofa (5)
image_size:	640x480
5: sofa (6)
image_size:	640x480
6: sofa (7)
image_size:	640x480
7: sofa (8)
image_size:	640x480
8: sofa (9)
image_size:	640x480
9: sofa (10)
image_size:	640x480
10: sofa (11)
image_size:	640x480
11: sofa (12)
image_size:	640x480
12: sofa (13)
image_size:	640x480
13: sofa (14)
image_size:	640x480
14: sofa (15)
image_size:	640x480
15: sofa (16)
image_size:	640x480
16: sofa (17)
image_size:	640x480
17: sofa (18)
image_size:	640x480
18: sofa (19)
image_size:	640x480
19: sofa (20)
image_size:	640x480
20: sofa (21)
image_size:	640x480
21: sofa (22)
image_size:	640x480
22: sofa (23)
image_size:	640x480
23: sofa (24)
image_size:	640x480
24: sofa (25)
image_size:	640x480
25: sofa (26)
image_size:	640x480
26: sofa (27)
image_size:	640x480
27: sofa (28)
image_size:	640x480
28: sofa (29)
image_size:	640x480
29: sofa (30)
image_size:	640x480
30: sofa (31)
image_size:	640x480
31: sofa (32)
image_size:	640x480
32: sofa (33)
image_size:	640x480
33: sofa (34)
image_size:	640x480
34: sofa (35)
image_size:	640x480
35: sofa (36)
image_size:	640x480
**************************************
Change the number of pixel-loaded images by 
modifying param_visual_data_budget in nv.ini
Use the PAUSE button to skip the pixel loading
**************************************
Loading image pixel data ...done in 0s

Compute Missing Pairwise Matching, begin...
********* WARNING ***********
More than 112MB of graphic memory may be allocated
under the default settings. If the program halts here,
adjust parameters to save memory and rerun the task: 
    [Tools->Enable GPU->Set Maximum DIM]
Note some octaves may be automatically skipped
SIFT: 0000, 640x480, 	7685, 0.84sec
SIFT: 0001, 640x480, 	7344, 0.12sec
SIFT: 0002, 640x480, 	7598, 0.12sec
SIFT: 0003, 640x480, 	7554, 0.12sec
SIFT: 0004, 640x480, 	8166, 0.14sec
SIFT: 0005, 640x480, 	8327, 0.13sec
SIFT: 0006, 640x480, 	8278, 0.12sec
SIFT: 0007, 640x480, 	8403, 0.13sec
SIFT: 0008, 640x480, 	8356, 0.13sec
SIFT: 0009, 640x480, 	8368, 0.15sec
SIFT: 0010, 640x480, 	7916, 0.14sec
SIFT: 0011, 640x480, 	8118, 0.14sec
SIFT: 0012, 640x480, 	7372, 0.13sec
SIFT: 0013, 640x480, 	7370, 0.12sec
SIFT: 0014, 640x480, 	7295, 0.12sec
SIFT: 0015, 640x480, 	6653, 0.11sec
SIFT: 0016, 640x480, 	6412, 0.11sec
SIFT: 0017, 640x480, 	7087, 0.12sec
SIFT: 0018, 640x480, 	7153, 0.12sec
SIFT: 0019, 640x480, 	6766, 0.11sec
SIFT: 0020, 640x480, 	7578, 0.12sec
SIFT: 0021, 640x480, 	6907, 0.12sec
SIFT: 0022, 640x480, 	7614, 0.12sec
SIFT: 0023, 640x480, 	7993, 0.13sec
SIFT: 0024, 640x480, 	8214, 0.13sec
SIFT: 0025, 640x480, 	8168, 0.13sec
SIFT: 0026, 640x480, 	8255, 0.12sec
SIFT: 0027, 640x480, 	8233, 0.13sec
SIFT: 0028, 640x480, 	8004, 0.12sec
SIFT: 0029, 640x480, 	8057, 0.12sec
SIFT: 0030, 640x480, 	8148, 0.13sec
SIFT: 0031, 640x480, 	8152, 0.13sec
SIFT: 0032, 640x480, 	7979, 0.15sec
SIFT: 0033, 640x480, 	7355, 0.13sec
SIFT: 0034, 640x480, 	7712, 0.13sec
SIFT: 0035, 640x480, 	7719, 0.12sec

###########-------timing------#########
36 Feature Detection finished, 5 sec used
#############################

630 pairs to compute match
NOTE: using 3 matching workers
0000 and 0004: 670 matches, 0.28sec, #1
0000 and 0005: 403 matches, 0.29sec, #2
0000 and 0004: [490/670], H[236], 0.00sec
0000 and 0005: [228/403], H[78], 0.01sec
0001 and 0004: 1103 matches, 0.15sec, #1
0001 and 0004: [883/1103], H[320], 0.01sec
0001 and 0005: 600 matches, 0.18sec, #2
0001 and 0005: [421/600], H[159], 0.01sec
0000 and 0001: 1636 matches, 0.56sec, #0
0002 and 0004: 1812 matches, 0.14sec, #1
0000 and 0001: [1335/1636], H[226], 0.01sec
0002 and 0004: [1427/1812], H[384], 0.01sec
0002 and 0005: 976 matches, 0.14sec, #2
0002 and 0005: [780/976], H[407], 0.01sec
0000 and 0002: 1260 matches, 0.14sec, #0
0000 and 0002: [935/1260], H[35], 0.01sec
0003 and 0004: 2627 matches, 0.19sec, #1
0003 and 0004: [2402/2627], H[1059], 0.01sec
0003 and 0005: 1439 matches, 0.12sec, #2
0001 and 0002: 2669 matches, 0.12sec, #0
0003 and 0005: [1241/1439], H[400], 0.01sec
0001 and 0002: [2470/2669], H[1135], 0.02sec
0000 and 0003: 657 matches, 0.13sec, #0
0001 and 0007: 346 matches, 0.23sec, #1
0000 and 0003: [467/657], H[176], 0.01sec
0001 and 0007: [221/346], H[71], 0.01sec
0004 and 0005: 2699 matches, 0.29sec, #2
0001 and 0003: 1391 matches, 0.12sec, #0
0001 and 0003: [1126/1391], H[205], 0.01sec
0004 and 0005: [2387/2699], H[666], 0.02sec
0002 and 0007: 525 matches, 0.23sec, #1
0002 and 0007: [371/525], H[170], 0.01sec
0002 and 0003: 2140 matches, 0.12sec, #0
0002 and 0003: [1899/2140], H[366], 0.02sec
0000 and 0006: 299 matches, 0.22sec, #2
0000 and 0006: [171/299], H[44], 0.01sec
0004 and 0008: 1077 matches, 0.13sec, #0
0003 and 0007: 852 matches, 0.17sec, #1
0003 and 0007: [639/852], H[185], 0.01sec
0004 and 0008: [856/1077], H[501], 0.06sec
0001 and 0006: 390 matches, 0.20sec, #2
0001 and 0006: [269/390], H[64], 0.01sec
0005 and 0008: 1953 matches, 0.15sec, #0
0005 and 0008: [1651/1953], H[295], 0.01sec
0004 and 0007: 1381 matches, 0.29sec, #1
0002 and 0006: 566 matches, 0.13sec, #2
0004 and 0007: [1186/1381], H[192], 0.01sec
0006 and 0008: 2233 matches, 0.13sec, #0
0002 and 0006: [403/566], H[136], 0.00sec
0006 and 0008: [1940/2233], H[411], 0.01sec
0007 and 0008: 3310 matches, 0.13sec, #0
0007 and 0008: [3165/3310], H[1722], 0.03sec
0005 and 0007: 2702 matches, 0.26sec, #1
0003 and 0006: 993 matches, 0.25sec, #2
0005 and 0007: [2495/2702], H[495], 0.01sec
0000 and 0009: 208 matches, 0.12sec, #0
0003 and 0006: [809/993], H[512], 0.00sec
0000 and 0009: [91/208], H[26], 0.03sec
0001 and 0009: 219 matches, 0.13sec, #0
0001 and 0009: [121/219], H[19], 0.01sec
0006 and 0007: 2894 matches, 0.23sec, #1
0004 and 0006: 1525 matches, 0.24sec, #2
0004 and 0006: [1329/1525], H[124], 0.01sec
0006 and 0007: [2712/2894], H[1109], 0.01sec
0002 and 0009: 261 matches, 0.11sec, #0
0002 and 0009: [159/261], H[56], 0.01sec
0003 and 0009: 397 matches, 0.13sec, #0
0003 and 0009: [283/397], H[91], 0.01sec
0005 and 0006: 2993 matches, 0.21sec, #2
0005 and 0006: [2816/2993], H[1192], 0.01sec
0000 and 0008: 200 matches, 0.22sec, #1
0004 and 0009: 651 matches, 0.12sec, #0
0000 and 0008: [109/200], H[33], 0.01sec
0004 and 0009: [462/651], H[219], 0.05sec
0000 and 0007: 271 matches, 0.17sec, #2
0001 and 0008: 268 matches, 0.16sec, #1
0000 and 0007: [146/271], H[30], 0.01sec
0005 and 0009: 1242 matches, 0.13sec, #0
0001 and 0008: [167/268], H[39], 0.00sec
0005 and 0009: [981/1242], H[255], 0.01sec
0007 and 0010: 1228 matches, 0.14sec, #0
0007 and 0010: [995/1228], H[200], 0.01sec
0006 and 0009: 1629 matches, 0.21sec, #2
0002 and 0008: 385 matches, 0.21sec, #1
0006 and 0009: [1331/1629], H[259], 0.01sec
0008 and 0010: 1448 matches, 0.12sec, #0
0002 and 0008: [270/385], H[52], 0.00sec
0008 and 0010: [1222/1448], H[276], 0.01sec
0009 and 0010: 2663 matches, 0.15sec, #0
0009 and 0010: [2478/2663], H[1084], 0.02sec
0007 and 0009: 2724 matches, 0.20sec, #2
0003 and 0008: 703 matches, 0.21sec, #1
0003 and 0008: [550/703], H[384], 0.00sec
0007 and 0009: [2443/2724], H[506], 0.01sec
0000 and 0011: 130 matches, 0.11sec, #0
0000 and 0011: [58/130], H[14], 0.18sec
0007 and 0011: 1060 matches, 0.24sec, #1
0008 and 0009: 2996 matches, 0.25sec, #2
0001 and 0011: 162 matches, 0.11sec, #0
0007 and 0011: [788/1060], H[112], 0.01sec
0001 and 0011: [79/162], H[8], 0.01sec
0008 and 0009: [2822/2996], H[1032], 0.02sec
0002 and 0011: 188 matches, 0.13sec, #0
0002 and 0011: [111/188], H[36], 0.01sec
0003 and 0011: 279 matches, 0.12sec, #0
0000 and 0010: 143 matches, 0.29sec, #2
0003 and 0011: [167/279], H[46], 0.01sec
0008 and 0011: 1393 matches, 0.32sec, #1
0008 and 0011: [1195/1393], H[109], 0.01sec
0000 and 0010: [64/143], H[13], 0.02sec
0004 and 0011: 342 matches, 0.13sec, #0
0004 and 0011: [234/342], H[56], 0.01sec
0009 and 0011: 2108 matches, 0.25sec, #1
0005 and 0011: 599 matches, 0.13sec, #0
0009 and 0011: [1945/2108], H[438], 0.02sec
0001 and 0010: 159 matches, 0.16sec, #2
0005 and 0011: [393/599], H[123], 0.00sec
0001 and 0010: [73/159], H[24], 0.07sec
0010 and 0011: 3143 matches, 0.13sec, #1
0006 and 0011: 794 matches, 0.13sec, #0
0006 and 0011: [590/794], H[84], 0.01sec
0010 and 0011: [2971/3143], H[1059], 0.02sec
0002 and 0010: 191 matches, 0.16sec, #2
0002 and 0010: [102/191], H[21], 0.01sec
0006 and 0012: 475 matches, 0.13sec, #0
0006 and 0012: [335/475], H[188], 0.01sec
0000 and 0012: 96 matches, 0.21sec, #1
0003 and 0010: 273 matches, 0.12sec, #2
0007 and 0012: 491 matches, 0.12sec, #0
0003 and 0010: [176/273], H[26], 0.00sec
0007 and 0012: [365/491], H[173], 0.00sec
0000 and 0012: [36/96], H[14], 0.04sec
0008 and 0012: 661 matches, 0.12sec, #0
0004 and 0010: 342 matches, 0.13sec, #2
0008 and 0012: [535/661], H[124], 0.01sec
0004 and 0010: [224/342], H[70], 0.01sec
0009 and 0012: 1049 matches, 0.12sec, #0
0009 and 0012: [951/1049], H[163], 0.01sec
0001 and 0012: 113 matches, 0.17sec, #1
0005 and 0010: 574 matches, 0.19sec, #2
0010 and 0012: 1624 matches, 0.11sec, #0
0001 and 0012: [51/113], H[18], 0.01sec
0005 and 0010: [420/574], H[105], 0.00sec
0010 and 0012: [1506/1624], H[167], 0.01sec
0011 and 0012: 2011 matches, 0.13sec, #0
0011 and 0012: [1889/2011], H[636], 0.02sec
0002 and 0012: 128 matches, 0.20sec, #1
0006 and 0010: 969 matches, 0.21sec, #2
0002 and 0012: [54/128], H[18], 0.02sec
0006 and 0010: [795/969], H[166], 0.01sec
0000 and 0013: 84 matches, 0.10sec, #0
0000 and 0013: [29/84], H[11], 0.12sec
0003 and 0012: 152 matches, 0.13sec, #1
0003 and 0012: [82/152], H[27], 0.01sec
0004 and 0013: 173 matches, 0.15sec, #2
0001 and 0013: 94 matches, 0.11sec, #0
0004 and 0013: [100/173], H[17], 0.01sec
0001 and 0013: [36/94], H[12], 0.05sec
0004 and 0012: 195 matches, 0.13sec, #1
0005 and 0013: 238 matches, 0.10sec, #2
0004 and 0012: [117/195], H[46], 0.01sec
0005 and 0013: [162/238], H[29], 0.00sec
0002 and 0013: 118 matches, 0.10sec, #0
0002 and 0013: [52/118], H[27], 0.03sec
0003 and 0013: 163 matches, 0.12sec, #0
0003 and 0013: [86/163], H[31], 0.01sec
0005 and 0012: 297 matches, 0.20sec, #1
0005 and 0012: [202/297], H[75], 0.00sec
0006 and 0013: 322 matches, 0.21sec, #2
0001 and 0014: 91 matches, 0.10sec, #0
0006 and 0013: [197/322], H[91], 0.01sec
0001 and 0014: [43/91], H[9], 0.06sec
0011 and 0014: 1915 matches, 0.16sec, #1
0011 and 0014: [1547/1915], H[334], 0.01sec
0002 and 0014: 125 matches, 0.11sec, #0
0002 and 0014: [51/125], H[16], 0.04sec
0007 and 0013: 395 matches, 0.20sec, #2
0012 and 0014: 1887 matches, 0.09sec, #1
0007 and 0013: [266/395], H[117], 0.01sec
0003 and 0014: 148 matches, 0.10sec, #0
0012 and 0014: [1489/1887], H[404], 0.01sec
0003 and 0014: [71/148], H[21], 0.02sec
0004 and 0014: 176 matches, 0.12sec, #0
0004 and 0014: [89/176], H[13], 0.03sec
0008 and 0013: 533 matches, 0.20sec, #2
0008 and 0013: [419/533], H[165], 0.01sec
0013 and 0014: 2649 matches, 0.20sec, #1
0005 and 0014: 242 matches, 0.11sec, #0
0013 and 0014: [2325/2649], H[509], 0.02sec
0005 and 0014: [141/242], H[34], 0.01sec
0006 and 0014: 312 matches, 0.12sec, #0
0006 and 0014: [198/312], H[117], 0.01sec
0000 and 0015: 64 matches, 0.20sec, #1
0009 and 0013: 868 matches, 0.24sec, #2
0007 and 0014: 394 matches, 0.11sec, #0
0009 and 0013: [697/868], H[93], 0.01sec
0007 and 0014: [252/394], H[53], 0.01sec
0000 and 0015: [17/64], H[6], 0.06sec
0010 and 0013: 1162 matches, 0.12sec, #2
0008 and 0014: 537 matches, 0.13sec, #0
0010 and 0013: [984/1162], H[149], 0.01sec
0008 and 0014: [367/537], H[92], 0.01sec
0009 and 0014: 931 matches, 0.12sec, #0
0009 and 0014: [745/931], H[104], 0.01sec
0001 and 0015: 65 matches, 0.18sec, #1
0001 and 0015: [23/65], H[8], 0.06sec
0011 and 0013: 1741 matches, 0.23sec, #2
0010 and 0014: 1334 matches, 0.11sec, #0
0011 and 0013: [1547/1741], H[66], 0.01sec
0010 and 0014: [1024/1334], H[208], 0.11sec
0012 and 0013: 2070 matches, 0.20sec, #2
0002 and 0015: 60 matches, 0.23sec, #1
0012 and 0013: [1945/2070], H[382], 0.01sec
0002 and 0015: [28/60], H[12], 0.01sec
0007 and 0015: 211 matches, 0.29sec, #0
0000 and 0014: 113 matches, 0.22sec, #2
0007 and 0015: [135/211], H[32], 0.01sec
0003 and 0015: 90 matches, 0.21sec, #1
0003 and 0015: [45/90], H[15], 0.01sec
0000 and 0014: [39/113], H[21], 0.04sec
0008 and 0015: 266 matches, 0.24sec, #0
0008 and 0015: [178/266], H[32], 0.01sec
0004 and 0015: 98 matches, 0.20sec, #1
0002 and 0016: 74 matches, 0.19sec, #2
0004 and 0015: [53/98], H[20], 0.01sec
0009 and 0015: 438 matches, 0.11sec, #0
0009 and 0015: [344/438], H[42], 0.01sec
0002 and 0016: [32/74], H[14], 0.06sec
0005 and 0015: 125 matches, 0.12sec, #1
0005 and 0015: [77/125], H[28], 0.01sec
0010 and 0015: 712 matches, 0.13sec, #0
0010 and 0015: [615/712], H[85], 0.01sec
0011 and 0015: 929 matches, 0.11sec, #0
0003 and 0016: 89 matches, 0.20sec, #2
0011 and 0015: [775/929], H[84], 0.01sec
0006 and 0015: 178 matches, 0.18sec, #1
0003 and 0016: [39/89], H[13], 0.02sec
0006 and 0015: [107/178], H[37], 0.01sec
0012 and 0015: 1722 matches, 0.13sec, #0
0012 and 0015: [1437/1722], H[595], 0.01sec
0013 and 0015: 1724 matches, 0.11sec, #0
0012 and 0016: 1284 matches, 0.19sec, #1
0004 and 0016: 87 matches, 0.21sec, #2
0013 and 0015: [1220/1724], H[681], 0.01sec
0012 and 0016: [1043/1284], H[166], 0.01sec
0004 and 0016: [45/87], H[8], 0.01sec
0014 and 0015: 1779 matches, 0.12sec, #0
0014 and 0015: [1610/1779], H[1197], 0.00sec
0013 and 0016: 1269 matches, 0.17sec, #1
0005 and 0016: 119 matches, 0.18sec, #2
0013 and 0016: [950/1269], H[365], 0.01sec
0005 and 0016: [74/119], H[25], 0.00sec
0000 and 0016: 58 matches, 0.10sec, #0
0000 and 0016: [22/58], H[7], 0.04sec
0014 and 0016: 1399 matches, 0.18sec, #1
0001 and 0016: 52 matches, 0.11sec, #0
0006 and 0016: 155 matches, 0.19sec, #2
0014 and 0016: [1218/1399], H[331], 0.01sec
0006 and 0016: [99/155], H[44], 0.00sec
0001 and 0016: [23/52], H[5], 0.02sec
0006 and 0017: 334 matches, 0.16sec, #0
0006 and 0017: [209/334], H[30], 0.01sec
0015 and 0016: 2269 matches, 0.20sec, #1
0007 and 0016: 191 matches, 0.21sec, #2
0015 and 0016: [2154/2269], H[1881], 0.00sec
0007 and 0016: [126/191], H[25], 0.01sec
0007 and 0017: 454 matches, 0.15sec, #0
0007 and 0017: [308/454], H[123], 0.01sec
0008 and 0017: 515 matches, 0.13sec, #0
0000 and 0017: 76 matches, 0.21sec, #1
0008 and 0017: [360/515], H[158], 0.01sec
0008 and 0016: 223 matches, 0.22sec, #2
0008 and 0016: [159/223], H[39], 0.00sec
0000 and 0017: [27/76], H[14], 0.04sec
0009 and 0017: 938 matches, 0.14sec, #0
0009 and 0017: [585/938], H[63], 0.01sec
0010 and 0017: 1235 matches, 0.12sec, #0
0010 and 0017: [923/1235], H[190], 0.01sec
0001 and 0017: 109 matches, 0.20sec, #1
0009 and 0016: 372 matches, 0.22sec, #2
0001 and 0017: [26/109], H[6], 0.05sec
0009 and 0016: [279/372], H[40], 0.00sec
0011 and 0017: 1361 matches, 0.11sec, #0
0011 and 0017: [883/1361], H[226], 0.01sec
0012 and 0017: 1365 matches, 0.10sec, #0
0012 and 0017: [882/1365], H[157], 0.01sec
0010 and 0016: 628 matches, 0.26sec, #2
0002 and 0017: 95 matches, 0.28sec, #1
0013 and 0017: 1352 matches, 0.12sec, #0
0010 and 0016: [497/628], H[63], 0.00sec
0013 and 0017: [933/1352], H[142], 0.01sec
0002 and 0017: [32/95], H[11], 0.08sec
0014 and 0017: 1941 matches, 0.11sec, #0
0014 and 0017: [1339/1941], H[497], 0.01sec
0011 and 0016: 822 matches, 0.26sec, #2
0015 and 0017: 1301 matches, 0.10sec, #0
0011 and 0016: [639/822], H[124], 0.01sec
0015 and 0017: [1102/1301], H[182], 0.01sec
0003 and 0017: 122 matches, 0.16sec, #1
0003 and 0017: [58/122], H[15], 0.02sec
0016 and 0017: 1222 matches, 0.11sec, #2
0016 and 0017: [1145/1222], H[313], 0.01sec
0009 and 0018: 855 matches, 0.15sec, #0
0009 and 0018: [589/855], H[68], 0.01sec
0010 and 0018: 1153 matches, 0.11sec, #0
0010 and 0018: [827/1153], H[150], 0.01sec
0000 and 0018: 102 matches, 0.23sec, #2
0004 and 0017: 159 matches, 0.27sec, #1
0004 and 0017: [89/159], H[28], 0.01sec
0011 and 0018: 1401 matches, 0.11sec, #0
0011 and 0018: [1088/1401], H[139], 0.01sec
0000 and 0018: [32/102], H[20], 0.10sec
0005 and 0017: 222 matches, 0.16sec, #1
0005 and 0017: [130/222], H[46], 0.01sec
0012 and 0018: 1337 matches, 0.16sec, #0
0012 and 0018: [1057/1337], H[219], 0.01sec
0001 and 0018: 109 matches, 0.16sec, #2
0001 and 0019: 82 matches, 0.11sec, #1
0013 and 0018: 1753 matches, 0.11sec, #0
0013 and 0018: [1235/1753], H[324], 0.01sec
0001 and 0018: [29/109], H[9], 0.06sec
0001 and 0019: [29/82], H[12], 0.05sec
0014 and 0018: 2365 matches, 0.14sec, #0
0002 and 0018: 122 matches, 0.15sec, #2
0014 and 0018: [1968/2365], H[642], 0.02sec
0002 and 0019: 88 matches, 0.10sec, #1
0002 and 0018: [45/122], H[18], 0.05sec
0002 and 0019: [35/88], H[7], 0.03sec
0015 and 0018: 1745 matches, 0.19sec, #0
0015 and 0018: [1530/1745], H[415], 0.01sec
0003 and 0019: 124 matches, 0.14sec, #1
0003 and 0018: 140 matches, 0.17sec, #2
0003 and 0019: [73/124], H[32], 0.00sec
0003 and 0018: [58/140], H[19], 0.02sec
0016 and 0018: 1457 matches, 0.09sec, #0
0016 and 0018: [1358/1457], H[575], 0.01sec
0017 and 0018: 2803 matches, 0.10sec, #0
0017 and 0018: [2680/2803], H[541], 0.02sec
0004 and 0019: 139 matches, 0.20sec, #1
0004 and 0018: 168 matches, 0.19sec, #2
0004 and 0019: [79/139], H[30], 0.01sec
0004 and 0018: [86/168], H[27], 0.01sec
0000 and 0019: 66 matches, 0.12sec, #0
0000 and 0019: [22/66], H[5], 0.12sec
0005 and 0019: 210 matches, 0.17sec, #1
0005 and 0018: 248 matches, 0.17sec, #2
0005 and 0019: [134/210], H[42], 0.00sec
0005 and 0018: [146/248], H[36], 0.00sec
0011 and 0019: 936 matches, 0.21sec, #0
0011 and 0019: [567/936], H[125], 0.01sec
0006 and 0019: 294 matches, 0.17sec, #1
0006 and 0019: [201/294], H[132], 0.00sec
0006 and 0018: 298 matches, 0.18sec, #2
0006 and 0018: [182/298], H[95], 0.01sec
0012 and 0019: 843 matches, 0.12sec, #0
0012 and 0019: [576/843], H[136], 0.01sec
0007 and 0019: 405 matches, 0.17sec, #1
0013 and 0019: 611 matches, 0.10sec, #0
0007 and 0019: [263/405], H[24], 0.01sec
0013 and 0019: [466/611], H[27], 0.01sec
0007 and 0018: 410 matches, 0.19sec, #2
0007 and 0018: [246/410], H[80], 0.01sec
0014 and 0019: 822 matches, 0.10sec, #0
0014 and 0019: [684/822], H[109], 0.01sec
0008 and 0019: 379 matches, 0.15sec, #1
0008 and 0019: [213/379], H[59], 0.01sec
0015 and 0019: 703 matches, 0.11sec, #0
0015 and 0019: [626/703], H[151], 0.01sec
0008 and 0018: 491 matches, 0.18sec, #2
0009 and 0019: 666 matches, 0.12sec, #1
0008 and 0018: [293/491], H[137], 0.01sec
0009 and 0019: [370/666], H[87], 0.01sec
0016 and 0019: 687 matches, 0.08sec, #0
0016 and 0019: [573/687], H[109], 0.01sec
0017 and 0019: 1514 matches, 0.09sec, #0
0017 and 0019: [1200/1514], H[276], 0.01sec
0002 and 0020: 161 matches, 0.20sec, #2
0010 and 0019: 1227 matches, 0.18sec, #1
0002 and 0020: [88/161], H[19], 0.01sec
0010 and 0019: [724/1227], H[75], 0.01sec
0018 and 0019: 1197 matches, 0.14sec, #0
0018 and 0019: [1014/1197], H[265], 0.01sec
0003 and 0020: 224 matches, 0.18sec, #2
0003 and 0020: [142/224], H[60], 0.01sec
0012 and 0020: 710 matches, 0.19sec, #1
0000 and 0020: 130 matches, 0.12sec, #0
0012 and 0020: [578/710], H[97], 0.01sec
0000 and 0020: [54/130], H[19], 0.03sec
0001 and 0020: 123 matches, 0.11sec, #0
0001 and 0020: [65/123], H[23], 0.01sec
0004 and 0020: 350 matches, 0.28sec, #2
0013 and 0020: 763 matches, 0.25sec, #1
0002 and 0021: 89 matches, 0.11sec, #0
0004 and 0020: [232/350], H[102], 0.00sec
0013 and 0020: [600/763], H[262], 0.01sec
0002 and 0021: [60/89], H[30], 0.00sec
0003 and 0021: 140 matches, 0.16sec, #0
0003 and 0021: [89/140], H[44], 0.00sec
0014 and 0020: 854 matches, 0.30sec, #1
0004 and 0021: 178 matches, 0.12sec, #0
0014 and 0020: [697/854], H[71], 0.01sec
0004 and 0021: [127/178], H[79], 0.00sec
0005 and 0020: 567 matches, 0.35sec, #2
0005 and 0020: [388/567], H[188], 0.01sec
0005 and 0021: 283 matches, 0.11sec, #0
0005 and 0021: [199/283], H[88], 0.00sec
0015 and 0020: 517 matches, 0.18sec, #1
0015 and 0020: [415/517], H[85], 0.01sec
0006 and 0021: 335 matches, 0.11sec, #0
0006 and 0021: [220/335], H[111], 0.01sec
0006 and 0020: 630 matches, 0.24sec, #2
0006 and 0020: [443/630], H[244], 0.01sec
0007 and 0021: 558 matches, 0.12sec, #0
0007 and 0021: [391/558], H[60], 0.01sec
0016 and 0020: 471 matches, 0.20sec, #1
0016 and 0020: [374/471], H[155], 0.01sec
0008 and 0021: 586 matches, 0.12sec, #0
0008 and 0021: [371/586], H[78], 0.01sec
0007 and 0020: 965 matches, 0.22sec, #2
0017 and 0020: 1180 matches, 0.12sec, #1
0007 and 0020: [690/965], H[77], 0.01sec
0017 and 0020: [790/1180], H[113], 0.01sec
0009 and 0021: 787 matches, 0.11sec, #0
0009 and 0021: [506/787], H[89], 0.01sec
0010 and 0021: 745 matches, 0.12sec, #0
0010 and 0021: [481/745], H[47], 0.01sec
0018 and 0020: 1087 matches, 0.26sec, #1
0008 and 0020: 906 matches, 0.27sec, #2
0018 and 0020: [778/1087], H[165], 0.01sec
0008 and 0020: [571/906], H[288], 0.01sec
0011 and 0021: 696 matches, 0.11sec, #0
0011 and 0021: [470/696], H[72], 0.01sec
0012 and 0021: 545 matches, 0.13sec, #0
0019 and 0020: 1505 matches, 0.23sec, #1
0012 and 0021: [443/545], H[93], 0.00sec
0009 and 0020: 1367 matches, 0.24sec, #2
0019 and 0020: [1387/1505], H[563], 0.01sec
0009 and 0020: [936/1367], H[127], 0.01sec
0013 and 0021: 628 matches, 0.12sec, #0
0013 and 0021: [439/628], H[55], 0.01sec
0000 and 0021: 70 matches, 0.21sec, #1
0000 and 0021: [38/70], H[13], 0.01sec
0014 and 0021: 629 matches, 0.10sec, #0
0010 and 0020: 1085 matches, 0.17sec, #2
0014 and 0021: [515/629], H[58], 0.01sec
0010 and 0020: [787/1085], H[91], 0.01sec
0015 and 0021: 586 matches, 0.19sec, #0
0001 and 0021: 85 matches, 0.22sec, #1
0015 and 0021: [505/586], H[71], 0.01sec
0001 and 0021: [42/85], H[14], 0.01sec
0011 and 0020: 1049 matches, 0.22sec, #2
0011 and 0020: [741/1049], H[266], 0.01sec
0016 and 0021: 394 matches, 0.22sec, #0
0016 and 0021: [337/394], H[42], 0.00sec
0001 and 0022: 147 matches, 0.20sec, #1
0011 and 0022: 789 matches, 0.17sec, #2
0001 and 0022: [91/147], H[63], 0.00sec
0011 and 0022: [572/789], H[53], 0.01sec
0017 and 0021: 1022 matches, 0.10sec, #0
0017 and 0021: [755/1022], H[226], 0.01sec
0018 and 0021: 1056 matches, 0.10sec, #0
0018 and 0021: [826/1056], H[114], 0.01sec
0002 and 0022: 213 matches, 0.23sec, #1
0012 and 0022: 507 matches, 0.22sec, #2
0002 and 0022: [131/213], H[62], 0.00sec
0012 and 0022: [392/507], H[55], 0.00sec
0019 and 0021: 1484 matches, 0.10sec, #0
0019 and 0021: [1378/1484], H[754], 0.01sec
0020 and 0021: 2099 matches, 0.11sec, #0
0020 and 0021: [1965/2099], H[1102], 0.02sec
0003 and 0022: 325 matches, 0.23sec, #1
0013 and 0022: 543 matches, 0.22sec, #2
0003 and 0022: [205/325], H[83], 0.00sec
0013 and 0022: [418/543], H[115], 0.00sec
0000 and 0022: 130 matches, 0.13sec, #0
0000 and 0022: [77/130], H[12], 0.01sec
0021 and 0022: 1973 matches, 0.17sec, #0
0021 and 0022: [1607/1973], H[760], 0.01sec
0004 and 0022: 409 matches, 0.28sec, #1
0014 and 0022: 565 matches, 0.27sec, #2
0004 and 0022: [277/409], H[117], 0.00sec
0014 and 0022: [413/565], H[128], 0.00sec
0000 and 0023: 191 matches, 0.31sec, #0
0000 and 0023: [98/191], H[15], 0.01sec
0015 and 0022: 404 matches, 0.24sec, #2
0005 and 0022: 655 matches, 0.25sec, #1
0015 and 0022: [272/404], H[38], 0.00sec
0005 and 0022: [486/655], H[108], 0.01sec
0001 and 0023: 238 matches, 0.14sec, #0
0001 and 0023: [140/238], H[56], 0.01sec
0016 and 0022: 323 matches, 0.20sec, #2
0016 and 0022: [215/323], H[92], 0.01sec
0006 and 0022: 599 matches, 0.20sec, #1
0002 and 0023: 302 matches, 0.12sec, #0
0006 and 0022: [429/599], H[76], 0.01sec
0002 and 0023: [179/302], H[39], 0.01sec
0003 and 0023: 436 matches, 0.12sec, #0
0003 and 0023: [278/436], H[205], 0.01sec
0017 and 0022: 691 matches, 0.22sec, #2
0007 and 0022: 1001 matches, 0.22sec, #1
0017 and 0022: [454/691], H[85], 0.01sec
0007 and 0022: [767/1001], H[168], 0.01sec
0004 and 0023: 642 matches, 0.12sec, #0
0004 and 0023: [405/642], H[130], 0.01sec
0005 and 0023: 843 matches, 0.12sec, #0
0005 and 0023: [655/843], H[312], 0.01sec
0018 and 0022: 715 matches, 0.23sec, #2
0008 and 0022: 885 matches, 0.23sec, #1
0018 and 0022: [454/715], H[31], 0.01sec
0008 and 0022: [643/885], H[122], 0.01sec
0006 and 0023: 819 matches, 0.14sec, #0
0006 and 0023: [636/819], H[121], 0.01sec
0007 and 0023: 1219 matches, 0.14sec, #0
0007 and 0023: [894/1219], H[107], 0.01sec
0019 and 0022: 1063 matches, 0.24sec, #2
0019 and 0022: [953/1063], H[221], 0.01sec
0009 and 0022: 1095 matches, 0.25sec, #1
0009 and 0022: [853/1095], H[82], 0.01sec
0008 and 0023: 966 matches, 0.26sec, #0
0008 and 0023: [753/966], H[384], 0.01sec
0010 and 0022: 834 matches, 0.17sec, #1
0020 and 0022: 2752 matches, 0.20sec, #2
0010 and 0022: [688/834], H[81], 0.01sec
0020 and 0022: [2587/2752], H[677], 0.01sec
0009 and 0023: 1229 matches, 0.28sec, #0
0009 and 0023: [973/1229], H[136], 0.01sec
0019 and 0023: 911 matches, 0.21sec, #1
0019 and 0023: [783/911], H[91], 0.01sec
0006 and 0024: 991 matches, 0.24sec, #2
0006 and 0024: [659/991], H[460], 0.01sec
0010 and 0023: 903 matches, 0.28sec, #0
0010 and 0023: [739/903], H[103], 0.01sec
0007 and 0024: 1175 matches, 0.20sec, #2
0020 and 0023: 2647 matches, 0.23sec, #1
0007 and 0024: [895/1175], H[123], 0.01sec
0020 and 0023: [2391/2647], H[569], 0.01sec
0011 and 0023: 897 matches, 0.12sec, #0
0011 and 0023: [707/897], H[300], 0.01sec
0012 and 0023: 547 matches, 0.12sec, #0
0012 and 0023: [400/547], H[108], 0.01sec
0021 and 0023: 1317 matches, 0.27sec, #1
0008 and 0024: 834 matches, 0.29sec, #2
0021 and 0023: [1176/1317], H[361], 0.01sec
0008 and 0024: [545/834], H[309], 0.01sec
0013 and 0023: 497 matches, 0.11sec, #0
0013 and 0023: [331/497], H[229], 0.01sec
0014 and 0023: 580 matches, 0.11sec, #0
0014 and 0023: [396/580], H[197], 0.01sec
0022 and 0023: 3254 matches, 0.22sec, #1
0022 and 0023: [3119/3254], H[1300], 0.01sec
0009 and 0024: 898 matches, 0.32sec, #2
0015 and 0023: 365 matches, 0.16sec, #0
0009 and 0024: [572/898], H[79], 0.01sec
0015 and 0023: [266/365], H[36], 0.01sec
0000 and 0024: 274 matches, 0.17sec, #1
0000 and 0024: [148/274], H[27], 0.01sec
0016 and 0023: 314 matches, 0.11sec, #0
0016 and 0023: [203/314], H[23], 0.01sec
0010 and 0024: 682 matches, 0.24sec, #2
0001 and 0024: 376 matches, 0.14sec, #1
0017 and 0023: 673 matches, 0.11sec, #0
0010 and 0024: [507/682], H[203], 0.01sec
0001 and 0024: [238/376], H[126], 0.01sec
0017 and 0023: [419/673], H[35], 0.01sec
0018 and 0023: 655 matches, 0.25sec, #0
0011 and 0024: 695 matches, 0.28sec, #2
0018 and 0023: [444/655], H[72], 0.01sec
0011 and 0024: [518/695], H[240], 0.01sec
0002 and 0024: 494 matches, 0.30sec, #1
0016 and 0024: 209 matches, 0.12sec, #0
0002 and 0024: [346/494], H[189], 0.00sec
0016 and 0024: [149/209], H[66], 0.00sec
0012 and 0024: 359 matches, 0.13sec, #2
0012 and 0024: [257/359], H[137], 0.00sec
0017 and 0024: 464 matches, 0.12sec, #0
0017 and 0024: [280/464], H[55], 0.01sec
0003 and 0024: 621 matches, 0.27sec, #1
0013 and 0024: 315 matches, 0.25sec, #2
0003 and 0024: [446/621], H[184], 0.01sec
0013 and 0024: [216/315], H[131], 0.00sec
0018 and 0024: 394 matches, 0.12sec, #0
0018 and 0024: [239/394], H[87], 0.01sec
0019 and 0024: 549 matches, 0.11sec, #0
0019 and 0024: [434/549], H[60], 0.01sec
0014 and 0024: 358 matches, 0.26sec, #2
0004 and 0024: 853 matches, 0.28sec, #1
0014 and 0024: [218/358], H[111], 0.01sec
0004 and 0024: [603/853], H[185], 0.01sec
0020 and 0024: 1488 matches, 0.12sec, #0
0020 and 0024: [1278/1488], H[286], 0.01sec
0021 and 0024: 750 matches, 0.12sec, #0
0021 and 0024: [607/750], H[109], 0.01sec
0015 and 0024: 222 matches, 0.25sec, #2
0005 and 0024: 1022 matches, 0.24sec, #1
0015 and 0024: [144/222], H[42], 0.00sec
0005 and 0024: [688/1022], H[416], 0.01sec
0022 and 0024: 1903 matches, 0.11sec, #0
0022 and 0024: [1692/1903], H[555], 0.02sec
0023 and 0024: 3015 matches, 0.13sec, #0
0023 and 0024: [2820/3015], H[986], 0.03sec
0012 and 0025: 412 matches, 0.23sec, #1
0002 and 0025: 422 matches, 0.23sec, #2
0012 and 0025: [290/412], H[187], 0.00sec
0002 and 0025: [272/422], H[96], 0.00sec
0000 and 0025: 242 matches, 0.14sec, #0
0000 and 0025: [129/242], H[30], 0.01sec
0001 and 0025: 329 matches, 0.12sec, #0
0001 and 0025: [198/329], H[74], 0.01sec
0003 and 0025: 568 matches, 0.22sec, #2
0013 and 0025: 333 matches, 0.23sec, #1
0003 and 0025: [387/568], H[265], 0.00sec
0013 and 0025: [235/333], H[50], 0.00sec
0022 and 0025: 2237 matches, 0.13sec, #0
0022 and 0025: [1990/2237], H[889], 0.02sec
0023 and 0025: 3317 matches, 0.12sec, #0
0023 and 0025: [3149/3317], H[1561], 0.03sec
0004 and 0025: 816 matches, 0.26sec, #2
0014 and 0025: 435 matches, 0.24sec, #1
0004 and 0025: [611/816], H[397], 0.01sec
0014 and 0025: [276/435], H[79], 0.01sec
0024 and 0025: 4096 matches, 0.27sec, #0
0015 and 0025: 264 matches, 0.19sec, #1
0005 and 0025: 988 matches, 0.21sec, #2
0024 and 0025: [4012/4096], H[2355], 0.02sec
0015 and 0025: [175/264], H[64], 0.00sec
0005 and 0025: [657/988], H[464], 0.01sec
0000 and 0026: 301 matches, 0.17sec, #0
0000 and 0026: [167/301], H[58], 0.01sec
0006 and 0025: 986 matches, 0.21sec, #2
0016 and 0025: 240 matches, 0.22sec, #1
0006 and 0025: [656/986], H[258], 0.01sec
0016 and 0025: [169/240], H[64], 0.00sec
0001 and 0026: 410 matches, 0.11sec, #0
0001 and 0026: [256/410], H[131], 0.01sec
0002 and 0026: 522 matches, 0.12sec, #0
0002 and 0026: [349/522], H[94], 0.01sec
0017 and 0025: 516 matches, 0.22sec, #1
0007 and 0025: 1251 matches, 0.24sec, #2
0017 and 0025: [317/516], H[97], 0.01sec
0007 and 0025: [926/1251], H[132], 0.01sec
0003 and 0026: 669 matches, 0.12sec, #0
0003 and 0026: [484/669], H[199], 0.01sec
0004 and 0026: 872 matches, 0.13sec, #0
0004 and 0026: [618/872], H[348], 0.01sec
0018 and 0025: 494 matches, 0.24sec, #1
0008 and 0025: 899 matches, 0.22sec, #2
0018 and 0025: [320/494], H[87], 0.01sec
0008 and 0025: [702/899], H[155], 0.01sec
0005 and 0026: 1054 matches, 0.32sec, #0
0005 and 0026: [760/1054], H[255], 0.01sec
0009 and 0025: 1010 matches, 0.29sec, #2
0019 and 0025: 635 matches, 0.31sec, #1
0009 and 0025: [644/1010], H[234], 0.01sec
0019 and 0025: [491/635], H[99], 0.00sec
0006 and 0026: 1052 matches, 0.13sec, #0
0006 and 0026: [681/1052], H[326], 0.01sec
0007 and 0026: 1218 matches, 0.21sec, #0
0020 and 0025: 1762 matches, 0.26sec, #1
0007 and 0026: [872/1218], H[192], 0.01sec
0010 and 0025: 794 matches, 0.28sec, #2
0020 and 0025: [1429/1762], H[399], 0.01sec
0010 and 0025: [589/794], H[63], 0.01sec
0008 and 0026: 790 matches, 0.30sec, #0
0008 and 0026: [586/790], H[82], 0.01sec
0021 and 0025: 914 matches, 0.23sec, #1
0021 and 0025: [756/914], H[124], 0.01sec
0011 and 0025: 782 matches, 0.23sec, #2
0011 and 0025: [594/782], H[153], 0.01sec
0009 and 0026: 907 matches, 0.16sec, #0
0009 and 0026: [636/907], H[90], 0.01sec
0010 and 0026: 686 matches, 0.12sec, #0
0017 and 0026: 426 matches, 0.24sec, #1
0001 and 0027: 468 matches, 0.20sec, #2
0010 and 0026: [485/686], H[96], 0.01sec
0017 and 0026: [264/426], H[72], 0.01sec
0001 and 0027: [308/468], H[160], 0.00sec
0011 and 0026: 666 matches, 0.23sec, #0
0011 and 0026: [479/666], H[241], 0.01sec
0018 and 0026: 356 matches, 0.25sec, #1
0002 and 0027: 584 matches, 0.25sec, #2
0018 and 0026: [219/356], H[87], 0.01sec
0002 and 0027: [422/584], H[193], 0.00sec
0012 and 0026: 348 matches, 0.14sec, #0
0012 and 0026: [244/348], H[106], 0.01sec
0013 and 0026: 290 matches, 0.13sec, #0
0013 and 0026: [198/290], H[20], 0.01sec
0019 and 0026: 509 matches, 0.23sec, #1
0003 and 0027: 747 matches, 0.22sec, #2
0019 and 0026: [409/509], H[67], 0.00sec
0003 and 0027: [578/747], H[266], 0.00sec
0014 and 0026: 364 matches, 0.14sec, #0
0014 and 0026: [217/364], H[71], 0.01sec
0015 and 0026: 201 matches, 0.12sec, #0
0015 and 0026: [131/201], H[38], 0.01sec
0020 and 0026: 1404 matches, 0.27sec, #1
0004 and 0027: 812 matches, 0.26sec, #2
0020 and 0026: [1193/1404], H[160], 0.01sec
0004 and 0027: [601/812], H[232], 0.01sec
0016 and 0026: 197 matches, 0.10sec, #0
0016 and 0026: [134/197], H[34], 0.01sec
0011 and 0027: 477 matches, 0.13sec, #0
0011 and 0027: [357/477], H[134], 0.01sec
0021 and 0026: 700 matches, 0.26sec, #1
0005 and 0027: 947 matches, 0.25sec, #2
0021 and 0026: [570/700], H[117], 0.01sec
0005 and 0027: [745/947], H[97], 0.01sec
0012 and 0027: 294 matches, 0.22sec, #0
0012 and 0027: [191/294], H[87], 0.01sec
0022 and 0026: 1737 matches, 0.23sec, #1
0006 and 0027: 1025 matches, 0.24sec, #2
0022 and 0026: [1513/1737], H[564], 0.01sec
0006 and 0027: [764/1025], H[356], 0.01sec
0013 and 0027: 195 matches, 0.14sec, #0
0013 and 0027: [118/195], H[68], 0.01sec
0014 and 0027: 248 matches, 0.11sec, #0
0014 and 0027: [143/248], H[68], 0.01sec
0023 and 0026: 2751 matches, 0.22sec, #1
0007 and 0027: 984 matches, 0.19sec, #2
0007 and 0027: [794/984], H[105], 0.01sec
0023 and 0026: [2551/2751], H[664], 0.01sec
0015 and 0027: 166 matches, 0.10sec, #0
0015 and 0027: [104/166], H[61], 0.01sec
0016 and 0027: 162 matches, 0.10sec, #0
0016 and 0027: [102/162], H[31], 0.01sec
0008 and 0027: 607 matches, 0.25sec, #2
0024 and 0026: 4271 matches, 0.25sec, #1
0008 and 0027: [461/607], H[79], 0.00sec
0024 and 0026: [4145/4271], H[2981], 0.03sec
0017 and 0027: 286 matches, 0.14sec, #0
0017 and 0027: [167/286], H[57], 0.01sec
0018 and 0027: 266 matches, 0.14sec, #0
0018 and 0027: [156/266], H[40], 0.01sec
0009 and 0027: 624 matches, 0.25sec, #2
0025 and 0026: 4001 matches, 0.23sec, #1
0009 and 0027: [470/624], H[124], 0.01sec
0025 and 0026: [3885/4001], H[1912], 0.02sec
0019 and 0027: 386 matches, 0.12sec, #0
0019 and 0027: [288/386], H[104], 0.01sec
0020 and 0027: 917 matches, 0.12sec, #0
0020 and 0027: [690/917], H[74], 0.01sec
0000 and 0027: 391 matches, 0.27sec, #1
0010 and 0027: 532 matches, 0.30sec, #2
0000 and 0027: [219/391], H[48], 0.01sec
0021 and 0027: 472 matches, 0.11sec, #0
0010 and 0027: [407/532], H[167], 0.00sec
0021 and 0027: [367/472], H[52], 0.00sec
0022 and 0027: 1182 matches, 0.21sec, #0
0022 and 0027: [989/1182], H[182], 0.01sec
0014 and 0028: 276 matches, 0.24sec, #2
0004 and 0028: 646 matches, 0.26sec, #1
0014 and 0028: [166/276], H[30], 0.01sec
0004 and 0028: [439/646], H[142], 0.01sec
0023 and 0027: 1766 matches, 0.21sec, #0
0023 and 0027: [1588/1766], H[299], 0.01sec
0015 and 0028: 242 matches, 0.23sec, #2
0005 and 0028: 770 matches, 0.22sec, #1
0015 and 0028: [165/242], H[17], 0.00sec
0024 and 0027: 2700 matches, 0.12sec, #0
0005 and 0028: [552/770], H[317], 0.00sec
0024 and 0027: [2544/2700], H[841], 0.02sec
0025 and 0027: 2431 matches, 0.12sec, #0
0016 and 0028: 249 matches, 0.17sec, #2
0025 and 0027: [2095/2431], H[613], 0.02sec
0016 and 0028: [161/249], H[38], 0.01sec
0006 and 0028: 743 matches, 0.21sec, #1
0006 and 0028: [489/743], H[263], 0.01sec
0026 and 0027: 2888 matches, 0.12sec, #0
0026 and 0027: [2313/2888], H[643], 0.02sec
0017 and 0028: 271 matches, 0.15sec, #2
0017 and 0028: [176/271], H[68], 0.01sec
0007 and 0028: 756 matches, 0.11sec, #1
0007 and 0028: [551/756], H[60], 0.01sec
0000 and 0028: 250 matches, 0.24sec, #0
0000 and 0028: [143/250], H[74], 0.01sec
0018 and 0028: 289 matches, 0.20sec, #2
0008 and 0028: 519 matches, 0.17sec, #1
0018 and 0028: [171/289], H[54], 0.01sec
0008 and 0028: [387/519], H[60], 0.00sec
0001 and 0028: 299 matches, 0.21sec, #0
0001 and 0028: [208/299], H[70], 0.01sec
0019 and 0028: 427 matches, 0.17sec, #2
0009 and 0028: 559 matches, 0.18sec, #1
0019 and 0028: [324/427], H[121], 0.00sec
0009 and 0028: [403/559], H[72], 0.00sec
0002 and 0028: 396 matches, 0.12sec, #0
0002 and 0028: [271/396], H[105], 0.01sec
0003 and 0028: 572 matches, 0.12sec, #0
0003 and 0028: [392/572], H[264], 0.01sec
0010 and 0028: 506 matches, 0.22sec, #1
0020 and 0028: 789 matches, 0.25sec, #2
0010 and 0028: [402/506], H[184], 0.00sec
0020 and 0028: [619/789], H[103], 0.00sec
0024 and 0028: 2509 matches, 0.22sec, #0
0024 and 0028: [2383/2509], H[541], 0.02sec
0011 and 0028: 506 matches, 0.19sec, #1
0021 and 0028: 463 matches, 0.19sec, #2
0011 and 0028: [385/506], H[152], 0.00sec
0021 and 0028: [348/463], H[47], 0.00sec
0025 and 0028: 2196 matches, 0.23sec, #0
0025 and 0028: [2079/2196], H[803], 0.02sec
0012 and 0028: 307 matches, 0.19sec, #1
0022 and 0028: 1037 matches, 0.18sec, #2
0012 and 0028: [214/307], H[70], 0.00sec
0022 and 0028: [854/1037], H[209], 0.00sec
0026 and 0028: 2571 matches, 0.24sec, #0
0026 and 0028: [2420/2571], H[789], 0.02sec
0023 and 0028: 1563 matches, 0.21sec, #2
0013 and 0028: 255 matches, 0.22sec, #1
0023 and 0028: [1369/1563], H[322], 0.01sec
0013 and 0028: [157/255], H[25], 0.00sec
0027 and 0028: 2593 matches, 0.24sec, #0
0027 and 0028: [2435/2593], H[837], 0.02sec
0016 and 0029: 123 matches, 0.17sec, #1
0016 and 0029: [81/123], H[43], 0.00sec
0006 and 0029: 845 matches, 0.19sec, #2
0006 and 0029: [751/845], H[130], 0.01sec
0017 and 0029: 164 matches, 0.10sec, #1
0000 and 0029: 324 matches, 0.13sec, #0
0017 and 0029: [95/164], H[28], 0.01sec
0000 and 0029: [213/324], H[121], 0.01sec
0001 and 0029: 470 matches, 0.12sec, #0
0001 and 0029: [367/470], H[122], 0.00sec
0018 and 0029: 163 matches, 0.24sec, #1
0007 and 0029: 661 matches, 0.28sec, #2
0018 and 0029: [97/163], H[36], 0.00sec
0007 and 0029: [539/661], H[47], 0.00sec
0002 and 0029: 621 matches, 0.15sec, #0
0002 and 0029: [498/621], H[247], 0.01sec
0003 and 0029: 910 matches, 0.12sec, #0
0003 and 0029: [743/910], H[220], 0.01sec
0019 and 0029: 228 matches, 0.28sec, #1
0008 and 0029: 565 matches, 0.28sec, #2
0019 and 0029: [165/228], H[89], 0.00sec
0008 and 0029: [409/565], H[131], 0.00sec
0004 and 0029: 874 matches, 0.13sec, #0
0004 and 0029: [746/874], H[187], 0.01sec
0005 and 0029: 871 matches, 0.18sec, #0
0005 and 0029: [670/871], H[120], 0.01sec
0020 and 0029: 391 matches, 0.25sec, #1
0009 and 0029: 378 matches, 0.26sec, #2
0020 and 0029: [289/391], H[45], 0.01sec
0009 and 0029: [265/378], H[150], 0.00sec
0026 and 0029: 1071 matches, 0.23sec, #0
0026 and 0029: [966/1071], H[169], 0.01sec
0021 and 0029: 254 matches, 0.21sec, #1
0010 and 0029: 391 matches, 0.20sec, #2
0021 and 0029: [173/254], H[59], 0.01sec
0027 and 0029: 1834 matches, 0.12sec, #0
0010 and 0029: [274/391], H[150], 0.00sec
0027 and 0029: [1649/1834], H[315], 0.01sec
0028 and 0029: 1156 matches, 0.17sec, #0
0028 and 0029: [922/1156], H[173], 0.01sec
0022 and 0029: 569 matches, 0.22sec, #1
0011 and 0029: 303 matches, 0.22sec, #2
0022 and 0029: [433/569], H[24], 0.01sec
0011 and 0029: [243/303], H[56], 0.00sec
0000 and 0030: 462 matches, 0.23sec, #0
0000 and 0030: [328/462], H[89], 0.01sec
0023 and 0029: 679 matches, 0.17sec, #1
0012 and 0029: 226 matches, 0.16sec, #2
0023 and 0029: [555/679], H[81], 0.00sec
0012 and 0029: [163/226], H[58], 0.00sec
0001 and 0030: 778 matches, 0.11sec, #0
0001 and 0030: [646/778], H[404], 0.01sec
0002 and 0030: 973 matches, 0.17sec, #0
0024 and 0029: 1038 matches, 0.21sec, #1
0002 and 0030: [851/973], H[487], 0.01sec
0013 and 0029: 167 matches, 0.20sec, #2
0024 and 0029: [927/1038], H[174], 0.01sec
0013 and 0029: [117/167], H[16], 0.00sec
0003 and 0030: 873 matches, 0.14sec, #0
0003 and 0030: [778/873], H[232], 0.01sec
0025 and 0029: 885 matches, 0.18sec, #1
0014 and 0029: 175 matches, 0.11sec, #2
0025 and 0029: [729/885], H[117], 0.01sec
0014 and 0029: [112/175], H[55], 0.00sec
0004 and 0030: 865 matches, 0.15sec, #0
0004 and 0030: [748/865], H[132], 0.01sec
0005 and 0030: 687 matches, 0.13sec, #0
0005 and 0030: [550/687], H[80], 0.00sec
0015 and 0029: 145 matches, 0.22sec, #2
0007 and 0030: 535 matches, 0.23sec, #1
0015 and 0029: [93/145], H[52], 0.00sec
0007 and 0030: [391/535], H[46], 0.01sec
0006 and 0030: 542 matches, 0.14sec, #0
0006 and 0030: [451/542], H[236], 0.01sec
0027 and 0030: 1334 matches, 0.13sec, #0
0027 and 0030: [1124/1334], H[163], 0.01sec
0017 and 0030: 151 matches, 0.22sec, #2
0008 and 0030: 391 matches, 0.20sec, #1
0008 and 0030: [305/391], H[161], 0.00sec
0017 and 0030: [78/151], H[16], 0.01sec
0028 and 0030: 1478 matches, 0.16sec, #0
0028 and 0030: [1182/1478], H[172], 0.01sec
0018 and 0030: 160 matches, 0.21sec, #2
0009 and 0030: 345 matches, 0.23sec, #1
0029 and 0030: 1601 matches, 0.12sec, #0
0009 and 0030: [245/345], H[129], 0.01sec
0018 and 0030: [72/160], H[26], 0.01sec
0029 and 0030: [1508/1601], H[487], 0.01sec
0000 and 0031: 827 matches, 0.16sec, #0
0000 and 0031: [592/827], H[52], 0.01sec
0019 and 0030: 131 matches, 0.19sec, #2
0010 and 0030: 248 matches, 0.20sec, #1
0019 and 0030: [95/131], H[25], 0.00sec
0010 and 0030: [177/248], H[19], 0.00sec
0001 and 0031: 1284 matches, 0.14sec, #0
0001 and 0031: [1139/1284], H[404], 0.01sec
0002 and 0031: 1535 matches, 0.12sec, #0
0002 and 0031: [1402/1535], H[676], 0.01sec
0020 and 0030: 304 matches, 0.24sec, #2
0011 and 0030: 291 matches, 0.23sec, #1
0020 and 0030: [220/304], H[96], 0.00sec
0011 and 0030: [208/291], H[69], 0.00sec
0003 and 0031: 1759 matches, 0.13sec, #0
0003 and 0031: [1606/1759], H[352], 0.02sec
0004 and 0031: 1776 matches, 0.13sec, #0
0004 and 0031: [1463/1776], H[527], 0.01sec
0021 and 0030: 168 matches, 0.28sec, #2
0012 and 0030: 187 matches, 0.28sec, #1
0021 and 0030: [129/168], H[27], 0.00sec
0012 and 0030: [118/187], H[26], 0.01sec
0005 and 0031: 1413 matches, 0.30sec, #0
0005 and 0031: [1149/1413], H[224], 0.01sec
0013 and 0030: 157 matches, 0.24sec, #1
0022 and 0030: 408 matches, 0.25sec, #2
0013 and 0030: [100/157], H[21], 0.00sec
0022 and 0030: [322/408], H[29], 0.00sec
0006 and 0031: 1090 matches, 0.15sec, #0
0006 and 0031: [891/1090], H[147], 0.01sec
0007 and 0031: 804 matches, 0.12sec, #0
0007 and 0031: [625/804], H[176], 0.01sec
0014 and 0030: 175 matches, 0.23sec, #1
0023 and 0030: 564 matches, 0.21sec, #2
0014 and 0030: [103/175], H[14], 0.01sec
0023 and 0030: [434/564], H[98], 0.00sec
0008 and 0031: 603 matches, 0.14sec, #0
0008 and 0031: [443/603], H[159], 0.01sec
0009 and 0031: 433 matches, 0.12sec, #0
0015 and 0030: 137 matches, 0.19sec, #1
0009 and 0031: [293/433], H[121], 0.01sec
0015 and 0030: [67/137], H[34], 0.01sec
0024 and 0030: 875 matches, 0.21sec, #2
0024 and 0030: [739/875], H[100], 0.01sec
0010 and 0031: 290 matches, 0.12sec, #0
0010 and 0031: [173/290], H[56], 0.01sec
0016 and 0030: 133 matches, 0.16sec, #1
0025 and 0030: 760 matches, 0.14sec, #2
0016 and 0030: [69/133], H[26], 0.01sec
0025 and 0030: [605/760], H[113], 0.01sec
0011 and 0031: 279 matches, 0.14sec, #0
0011 and 0031: [160/279], H[44], 0.01sec
0012 and 0031: 184 matches, 0.12sec, #0
0012 and 0031: [108/184], H[21], 0.01sec
0017 and 0031: 145 matches, 0.22sec, #1
0026 and 0030: 951 matches, 0.22sec, #2
0017 and 0031: [80/145], H[29], 0.01sec
0026 and 0030: [787/951], H[83], 0.01sec
0013 and 0031: 147 matches, 0.14sec, #0
0013 and 0031: [89/147], H[31], 0.01sec
0014 and 0031: 145 matches, 0.12sec, #0
0014 and 0031: [77/145], H[24], 0.01sec
0018 and 0031: 159 matches, 0.24sec, #1
0027 and 0031: 1215 matches, 0.23sec, #2
0027 and 0031: [843/1215], H[507], 0.01sec
0018 and 0031: [68/159], H[23], 0.02sec
0015 and 0031: 97 matches, 0.24sec, #0
0015 and 0031: [46/97], H[14], 0.01sec
0019 and 0031: 155 matches, 0.19sec, #1
0028 and 0031: 738 matches, 0.20sec, #2
0019 and 0031: [102/155], H[24], 0.00sec
0028 and 0031: [520/738], H[64], 0.01sec
0016 and 0031: 83 matches, 0.14sec, #0
0016 and 0031: [49/83], H[17], 0.01sec
0020 and 0031: 305 matches, 0.21sec, #1
0006 and 0032: 797 matches, 0.12sec, #0
0029 and 0031: 1523 matches, 0.21sec, #2
0020 and 0031: [218/305], H[98], 0.00sec
0006 and 0032: [618/797], H[261], 0.01sec
0029 and 0031: [1187/1523], H[196], 0.01sec
0007 and 0032: 651 matches, 0.18sec, #0
0007 and 0032: [478/651], H[279], 0.01sec
0021 and 0031: 185 matches, 0.21sec, #1
0030 and 0031: 1734 matches, 0.20sec, #2
0021 and 0031: [132/185], H[59], 0.00sec
0030 and 0031: [1491/1734], H[905], 0.01sec
0008 and 0032: 467 matches, 0.26sec, #0
0008 and 0032: [333/467], H[71], 0.00sec
0000 and 0032: 1217 matches, 0.19sec, #2
0022 and 0031: 431 matches, 0.21sec, #1
0000 and 0032: [962/1217], H[148], 0.01sec
0022 and 0031: [326/431], H[162], 0.00sec
0009 and 0032: 325 matches, 0.25sec, #0
0001 and 0032: 1601 matches, 0.18sec, #2
0009 and 0032: [210/325], H[69], 0.01sec
0023 and 0031: 533 matches, 0.18sec, #1
0001 and 0032: [1447/1601], H[454], 0.01sec
0023 and 0031: [381/533], H[224], 0.01sec
0010 and 0032: 203 matches, 0.12sec, #0
0010 and 0032: [123/203], H[35], 0.01sec
0011 and 0032: 202 matches, 0.12sec, #0
0011 and 0032: [114/202], H[43], 0.01sec
0002 and 0032: 1926 matches, 0.26sec, #2
0024 and 0031: 794 matches, 0.26sec, #1
0024 and 0031: [565/794], H[389], 0.01sec
0002 and 0032: [1773/1926], H[896], 0.01sec
0012 and 0032: 136 matches, 0.11sec, #0
0012 and 0032: [68/136], H[8], 0.02sec
0013 and 0032: 117 matches, 0.12sec, #0
0013 and 0032: [59/117], H[8], 0.02sec
0003 and 0032: 1813 matches, 0.27sec, #2
0025 and 0031: 657 matches, 0.28sec, #1
0003 and 0032: [1582/1813], H[941], 0.01sec
0025 and 0031: [433/657], H[58], 0.01sec
0014 and 0032: 124 matches, 0.11sec, #0
0014 and 0032: [51/124], H[10], 0.04sec
0015 and 0032: 85 matches, 0.11sec, #0
0015 and 0032: [42/85], H[17], 0.02sec
0004 and 0032: 1650 matches, 0.25sec, #2
0026 and 0031: 839 matches, 0.25sec, #1
0004 and 0032: [1432/1650], H[374], 0.01sec
0016 and 0032: 66 matches, 0.10sec, #0
0026 and 0031: [530/839], H[132], 0.01sec
0016 and 0032: [37/66], H[9], 0.01sec
0017 and 0032: 119 matches, 0.11sec, #0
0017 and 0032: [46/119], H[15], 0.05sec
0005 and 0032: 1142 matches, 0.24sec, #2
0026 and 0032: 551 matches, 0.23sec, #1
0005 and 0032: [872/1142], H[130], 0.01sec
0026 and 0032: [343/551], H[173], 0.01sec
0018 and 0032: 122 matches, 0.11sec, #0
0018 and 0032: [58/122], H[20], 0.02sec
0019 and 0032: 121 matches, 0.11sec, #0
0019 and 0032: [63/121], H[28], 0.04sec
0004 and 0033: 1016 matches, 0.20sec, #2
0027 and 0032: 743 matches, 0.20sec, #1
0004 and 0033: [866/1016], H[324], 0.01sec
0027 and 0032: [452/743], H[56], 0.01sec
0020 and 0032: 230 matches, 0.12sec, #0
0020 and 0032: [138/230], H[63], 0.01sec
0021 and 0032: 153 matches, 0.11sec, #0
0021 and 0032: [105/153], H[21], 0.00sec
0028 and 0032: 478 matches, 0.20sec, #1
0005 and 0033: 650 matches, 0.21sec, #2
0028 and 0032: [307/478], H[74], 0.01sec
0005 and 0033: [499/650], H[269], 0.00sec
0022 and 0032: 319 matches, 0.25sec, #0
0022 and 0032: [219/319], H[143], 0.01sec
0029 and 0032: 1064 matches, 0.21sec, #1
0006 and 0033: 628 matches, 0.20sec, #2
0029 and 0032: [752/1064], H[197], 0.01sec
0006 and 0033: [501/628], H[141], 0.01sec
0023 and 0032: 380 matches, 0.21sec, #0
0023 and 0032: [241/380], H[66], 0.01sec
0030 and 0032: 1145 matches, 0.19sec, #1
0007 and 0033: 421 matches, 0.18sec, #2
0030 and 0032: [848/1145], H[337], 0.01sec
0007 and 0033: [311/421], H[121], 0.00sec
0024 and 0032: 564 matches, 0.13sec, #0
0024 and 0032: [378/564], H[90], 0.01sec
0025 and 0032: 470 matches, 0.13sec, #0
0025 and 0032: [305/470], H[28], 0.01sec
0008 and 0033: 291 matches, 0.20sec, #2
0031 and 0032: 3082 matches, 0.22sec, #1
0008 and 0033: [202/291], H[88], 0.00sec
0031 and 0032: [2583/3082], H[728], 0.01sec
0014 and 0033: 80 matches, 0.10sec, #0
0014 and 0033: [43/80], H[14], 0.01sec
0015 and 0033: 59 matches, 0.10sec, #0
0015 and 0033: [29/59], H[11], 0.02sec
0000 and 0033: 1070 matches, 0.19sec, #1
0009 and 0033: 217 matches, 0.21sec, #2
0000 and 0033: [910/1070], H[408], 0.01sec
0009 and 0033: [142/217], H[64], 0.00sec
0016 and 0033: 69 matches, 0.09sec, #0
0016 and 0033: [32/69], H[11], 0.02sec
0017 and 0033: 99 matches, 0.10sec, #0
0017 and 0033: [48/99], H[17], 0.01sec
0001 and 0033: 1334 matches, 0.18sec, #1
0010 and 0033: 201 matches, 0.17sec, #2
0001 and 0033: [1150/1334], H[200], 0.01sec
0010 and 0033: [128/201], H[32], 0.00sec
0018 and 0033: 95 matches, 0.17sec, #0
0018 and 0033: [43/95], H[22], 0.02sec
0002 and 0033: 1527 matches, 0.16sec, #1
0011 and 0033: 183 matches, 0.17sec, #2
0002 and 0033: [1439/1527], H[609], 0.01sec
0011 and 0033: [105/183], H[46], 0.01sec
0019 and 0033: 90 matches, 0.13sec, #0
0019 and 0033: [54/90], H[25], 0.01sec
0020 and 0033: 162 matches, 0.11sec, #0
0020 and 0033: [114/162], H[60], 0.00sec
0012 and 0033: 115 matches, 0.20sec, #2
0003 and 0033: 1359 matches, 0.22sec, #1
0012 and 0033: [73/115], H[21], 0.00sec
0003 and 0033: [1194/1359], H[282], 0.01sec
0021 and 0033: 90 matches, 0.10sec, #0
0021 and 0033: [61/90], H[12], 0.00sec
0022 and 0033: 204 matches, 0.18sec, #0
0013 and 0033: 93 matches, 0.21sec, #2
0022 and 0033: [133/204], H[36], 0.01sec
0013 and 0033: [55/93], H[21], 0.01sec
0024 and 0033: 410 matches, 0.23sec, #1
0024 and 0033: [268/410], H[52], 0.01sec
0023 and 0033: 273 matches, 0.12sec, #0
0023 and 0033: [184/273], H[111], 0.01sec
0001 and 0034: 1892 matches, 0.20sec, #2
0001 and 0034: [1702/1892], H[1139], 0.01sec
0025 and 0033: 354 matches, 0.13sec, #1
0025 and 0033: [228/354], H[23], 0.01sec
0011 and 0034: 163 matches, 0.14sec, #0
0011 and 0034: [84/163], H[24], 0.02sec
0012 and 0034: 122 matches, 0.12sec, #0
0026 and 0033: 421 matches, 0.20sec, #1
0002 and 0034: 2045 matches, 0.23sec, #2
0012 and 0034: [52/122], H[22], 0.02sec
0026 and 0033: [266/421], H[121], 0.00sec
0002 and 0034: [1855/2045], H[977], 0.01sec
0013 and 0034: 105 matches, 0.20sec, #0
0003 and 0034: 1318 matches, 0.21sec, #2
0027 and 0033: 721 matches, 0.23sec, #1
0013 and 0034: [45/105], H[15], 0.02sec
0003 and 0034: [1110/1318], H[245], 0.01sec
0027 and 0033: [493/721], H[232], 0.00sec
0014 and 0034: 114 matches, 0.12sec, #0
0014 and 0034: [43/114], H[16], 0.06sec
0028 and 0033: 467 matches, 0.21sec, #1
0004 and 0034: 1271 matches, 0.22sec, #2
0028 and 0033: [292/467], H[192], 0.00sec
0004 and 0034: [1049/1271], H[190], 0.01sec
0015 and 0034: 69 matches, 0.10sec, #0
0015 and 0034: [26/69], H[9], 0.05sec
0016 and 0034: 64 matches, 0.10sec, #0
0016 and 0034: [30/64], H[8], 0.02sec
0005 and 0034: 718 matches, 0.22sec, #2
0029 and 0033: 890 matches, 0.23sec, #1
0005 and 0034: [524/718], H[202], 0.01sec
0029 and 0033: [630/890], H[108], 0.00sec
0017 and 0034: 114 matches, 0.13sec, #0
0017 and 0034: [41/114], H[11], 0.12sec
0006 and 0034: 474 matches, 0.20sec, #2
0030 and 0033: 1064 matches, 0.19sec, #1
0006 and 0034: [330/474], H[99], 0.00sec
0030 and 0033: [780/1064], H[342], 0.01sec
0018 and 0034: 120 matches, 0.23sec, #0
0031 and 0033: 1656 matches, 0.17sec, #1
0007 and 0034: 425 matches, 0.18sec, #2
0007 and 0034: [281/425], H[106], 0.01sec
0031 and 0033: [1385/1656], H[656], 0.01sec
0018 and 0034: [43/120], H[12], 0.05sec
0019 and 0034: 94 matches, 0.11sec, #0
0019 and 0034: [47/94], H[16], 0.01sec
0032 and 0033: 2301 matches, 0.23sec, #1
0008 and 0034: 297 matches, 0.24sec, #2
0008 and 0034: [198/297], H[46], 0.00sec
0032 and 0033: [2121/2301], H[1040], 0.01sec
0020 and 0034: 159 matches, 0.14sec, #0
0020 and 0034: [89/159], H[33], 0.01sec
0021 and 0034: 97 matches, 0.11sec, #0
0021 and 0034: [54/97], H[33], 0.01sec
0000 and 0034: 1817 matches, 0.21sec, #1
0009 and 0034: 235 matches, 0.23sec, #2
0000 and 0034: [1497/1817], H[314], 0.01sec
0009 and 0034: [126/235], H[55], 0.01sec
0022 and 0034: 200 matches, 0.12sec, #0
0022 and 0034: [126/200], H[25], 0.01sec
0023 and 0034: 273 matches, 0.12sec, #0
0023 and 0034: [151/273], H[69], 0.01sec
0031 and 0034: 1730 matches, 0.20sec, #1
0010 and 0034: 153 matches, 0.19sec, #2
0031 and 0034: [1381/1730], H[322], 0.01sec
0010 and 0034: [80/153], H[29], 0.01sec
0024 and 0034: 384 matches, 0.12sec, #0
0024 and 0034: [236/384], H[64], 0.01sec
0025 and 0034: 326 matches, 0.12sec, #0
0025 and 0034: [191/326], H[53], 0.01sec
0032 and 0034: 2684 matches, 0.22sec, #1
0007 and 0035: 383 matches, 0.21sec, #2
0007 and 0035: [257/383], H[33], 0.01sec
0032 and 0034: [2418/2684], H[981], 0.01sec
0026 and 0034: 410 matches, 0.15sec, #0
0026 and 0034: [239/410], H[63], 0.01sec
0027 and 0034: 487 matches, 0.12sec, #0
0027 and 0034: [322/487], H[119], 0.01sec
0033 and 0034: 2190 matches, 0.23sec, #1
0008 and 0035: 316 matches, 0.24sec, #2
0008 and 0035: [215/316], H[61], 0.00sec
0033 and 0034: [2099/2190], H[1123], 0.01sec
0028 and 0034: 326 matches, 0.14sec, #0
0028 and 0034: [170/326], H[111], 0.01sec
0029 and 0034: 595 matches, 0.16sec, #0
0029 and 0034: [380/595], H[96], 0.01sec
0000 and 0035: 1955 matches, 0.26sec, #1
0009 and 0035: 227 matches, 0.27sec, #2
0000 and 0035: [1605/1955], H[155], 0.01sec
0009 and 0035: [130/227], H[51], 0.01sec
0030 and 0034: 780 matches, 0.15sec, #0
0030 and 0034: [563/780], H[48], 0.01sec
0017 and 0035: 121 matches, 0.11sec, #0
0001 and 0035: 1942 matches, 0.25sec, #1
0010 and 0035: 159 matches, 0.25sec, #2
0001 and 0035: [1716/1942], H[689], 0.01sec
0017 and 0035: [41/121], H[18], 0.07sec
0010 and 0035: [76/159], H[35], 0.01sec
0002 and 0035: 2123 matches, 0.19sec, #1
0018 and 0035: 114 matches, 0.18sec, #0
0002 and 0035: [1912/2123], H[845], 0.02sec
0011 and 0035: 176 matches, 0.20sec, #2
0011 and 0035: [95/176], H[29], 0.02sec
0018 and 0035: [48/114], H[13], 0.15sec
0012 and 0035: 130 matches, 0.14sec, #2
0003 and 0035: 1350 matches, 0.18sec, #1
0012 and 0035: [60/130], H[14], 0.01sec
0003 and 0035: [1179/1350], H[201], 0.01sec
0019 and 0035: 100 matches, 0.24sec, #0
0004 and 0035: 1239 matches, 0.17sec, #1
0019 and 0035: [42/100], H[24], 0.02sec
0013 and 0035: 99 matches, 0.19sec, #2
0004 and 0035: [978/1239], H[471], 0.01sec
0013 and 0035: [53/99], H[21], 0.01sec
0020 and 0035: 165 matches, 0.14sec, #0
0005 and 0035: 722 matches, 0.14sec, #1
0020 and 0035: [82/165], H[49], 0.01sec
0005 and 0035: [537/722], H[166], 0.01sec
0014 and 0035: 128 matches, 0.13sec, #2
0021 and 0035: 109 matches, 0.10sec, #0
0021 and 0035: [63/109], H[9], 0.01sec
0014 and 0035: [51/128], H[16], 0.06sec
0006 and 0035: 486 matches, 0.17sec, #1
0006 and 0035: [334/486], H[134], 0.01sec
0022 and 0035: 189 matches, 0.10sec, #0
0022 and 0035: [125/189], H[62], 0.00sec
0015 and 0035: 72 matches, 0.15sec, #2
0026 and 0035: 412 matches, 0.12sec, #1
0023 and 0035: 236 matches, 0.11sec, #0
0015 and 0035: [29/72], H[7], 0.03sec
0026 and 0035: [244/412], H[145], 0.01sec
0023 and 0035: [134/236], H[73], 0.01sec
0024 and 0035: 410 matches, 0.12sec, #0
0024 and 0035: [259/410], H[104], 0.01sec
0016 and 0035: 74 matches, 0.19sec, #2
0027 and 0035: 506 matches, 0.19sec, #1
0016 and 0035: [33/74], H[14], 0.01sec
0027 and 0035: [345/506], H[178], 0.01sec
0025 and 0035: 317 matches, 0.11sec, #0
0025 and 0035: [196/317], H[34], 0.01sec
0033 and 0035: 1924 matches, 0.11sec, #0
0033 and 0035: [1788/1924], H[442], 0.02sec
0031 and 0035: 1719 matches, 0.22sec, #2
0028 and 0035: 322 matches, 0.21sec, #1
0031 and 0035: [1284/1719], H[589], 0.01sec
0028 and 0035: [182/322], H[80], 0.01sec
0034 and 0035: 3604 matches, 0.11sec, #0
0034 and 0035: [3325/3604], H[2039], 0.03sec
0032 and 0035: 2399 matches, 0.17sec, #2
0029 and 0035: 545 matches, 0.17sec, #1
0029 and 0035: [390/545], H[181], 0.01sec
0032 and 0035: [2138/2399], H[952], 0.01sec
0030 and 0035: 774 matches, 0.09sec, #1
0030 and 0035: [565/774], H[156], 0.01sec

###########-------timing------#########
630 Image Match finished, 50 sec used
#############################

----------------------------------------------------------------
Compute Missing Pairwise Matching, finished
Totally 55.000 seconds used


Run full 3D reconstruction, begin...
621 pairs have two-view models
630 pairs have fundamental matrices
Initialize with sofa (13) and sofa (15)
1482 3D points initialized from two images
PBA library version = 105
PBA: 1482 3D pts, 2 cams and 2964 projs...
PBA: 3.357 -> 0.112 (1 LMs in 0.19sec)
Focal Length : [426.170]->[426.170]
Focal Length : [426.170]->[426.170]

#############################
#3: [sofa (14)] sees 1810 (+2144) 3D points
Estimated Focal Length [426][0.67W]
# 1018 projs (0 pts and 0 merges)
PBA: 1482 3D pts, 3 cams and 3982 projs...
PBA: 1.188 -> 0.161 (2 LMs in 0.01sec)

**************************************
#3/3:  3362 projs and 1018 pts added.
PBA: 2499 3D pts, 3 cams and 6324 projs...
PBA: 0.257 -> 0.190 (4 LMs in 0.01sec)
PBA: 2499 3D pts, 3 cams and 6324 projs...
PBA: 0.190 -> 0.158 (1 LMs in 0.00sec)
Focal Length : [426.170]->[426.170]
Radial Distortion : [0.000 -> 0]

#############################
#4: [sofa (12)] sees 2925 (+1734) 3D points
Estimated Focal Length [426][0.67W]
# 1432 projs (0 pts and 0 merges)
PBA: 2498 3D pts, 4 cams and 7754 projs...
PBA: 1.217 -> 0.271 (90 LMs in 0.83sec)
#points w/ large errors:	3
Focal Length : [426.170]->[426.170]
Radial Distortion : [0.000 -> 0]

#############################
#5: [sofa (11)] sees 3183 (+2518) 3D points
Estimated Focal Length [426][0.67W]
# 1314 projs (0 pts and 0 merges)
PBA: 2490 3D pts, 5 cams and 9049 projs...
PBA: 0.950 -> 0.358 (16 LMs in 0.10sec)
#points w/ large errors:	10

**************************************
#5/5:  5930 projs and 1814 pts added.
PBA: 4208 3D pts, 5 cams and 13623 projs...
PBA: 0.453 -> 0.384 (13 LMs in 0.14sec)
PBA: 4208 3D pts, 5 cams and 13623 projs...
PBA: 0.384 -> 0.384 (12 LMs in 0.13sec)
Focal Length : [426.170]->[426.170]
Radial Distortion : [0.000 -> 0]

#############################
#6: [sofa (10)] sees 4384 (+1999) 3D points
Estimated Focal Length [426][0.67W]
# 4496 projs (1147 pts and 57 merges)
PBA: 5278 3D pts, 6 cams and 18079 projs...
PBA: 0.513 -> 0.334 (30 LMs in 0.14sec)
#points w/ large errors:	29
Focal Length : [426.170]->[426.170]
Radial Distortion : [0.000 -> 0]

#############################
#7: [sofa (9)] sees 4392 (+1820) 3D points
Estimated Focal Length [426][0.67W]
# 3858 projs (850 pts and 53 merges)
PBA: 6021 3D pts, 7 cams and 21788 projs...
PBA: 0.678 -> 0.427 (21 LMs in 0.18sec)
#points w/ large errors:	20

**************************************
#7/7:  4210 projs and 965 pts added.
PBA: 6108 3D pts, 7 cams and 22039 projs...
PBA: 0.456 -> 0.439 (20 LMs in 0.05sec)
PBA: 6108 3D pts, 7 cams and 22039 projs...
PBA: 0.439 -> 0.439 (12 LMs in 0.04sec)
Focal Length : [426.170]->[426.170]
Radial Distortion : [0.000 -> 0]

#############################
#8: [sofa (8)] sees 5624 (+2108) 3D points
Estimated Focal Length [426][0.67W]
# 2346 projs (0 pts and 10 merges)
PBA: 6065 3D pts, 8 cams and 24319 projs...
PBA: 1.078 -> 0.570 (19 LMs in 0.21sec)
#points w/ large errors:	39
Focal Length : [426.170]->[426.170]
Radial Distortion : [0.000 -> 0]

#############################
#9: [sofa (7)] sees 5175 (+2020) 3D points
Estimated Focal Length [426][0.67W]
# 4925 projs (1164 pts and 42 merges)
PBA: 5439 3D pts, 9 cams and 25656 projs...
PBA: 0.779 -> 0.529 (22 LMs in 0.18sec)
#points w/ large errors:	39

**************************************
#9/9:  6996 projs and 1901 pts added.
PBA: 7803 3D pts, 9 cams and 30897 projs...
PBA: 0.452 -> 0.416 (31 LMs in 0.18sec)
PBA: 7803 3D pts, 9 cams and 30897 projs...
PBA: 0.416 -> 0.415 (14 LMs in 0.09sec)
Focal Length : [426.170]->[426.170]
Radial Distortion : [0.000 -> 0]

#############################
#10: [sofa (6)] sees 6762 (+2169) 3D points
Estimated Focal Length [426][0.67W]
# 4936 projs (1004 pts and 61 merges)
PBA: 6480 3D pts, 10 cams and 31301 projs...
PBA: 0.644 -> 0.498 (100 LMs in 1.30sec)
#points w/ large errors:	46
Focal Length : [426.170]->[426.170]
Radial Distortion : [0.000 -> 0]

#############################
#11: [sofa (5)] sees 5502 (+1306) 3D points
Estimated Focal Length [426][0.67W]
# 2088 projs (0 pts and 14 merges)
PBA: 6036 3D pts, 11 cams and 32412 projs...
PBA: 0.850 -> 0.500 (33 LMs in 0.16sec)
#points w/ large errors:	56
Focal Length : [426.170]->[426.170]
Radial Distortion : [0.000 -> 0]

#############################
#12: [sofa (4)] sees 4447 (+1659) 3D points
Estimated Focal Length [426][0.67W]
# 2994 projs (577 pts and 25 merges)
PBA: 6585 3D pts, 12 cams and 35244 projs...
PBA: 0.798 -> 0.544 (19 LMs in 0.28sec)
#points w/ large errors:	33

**************************************
#12/12:  5139 projs and 1378 pts added.
PBA: 9816 3D pts, 12 cams and 42144 projs...
PBA: 0.633 -> 0.597 (13 LMs in 0.13sec)
#points w/ large errors:	1
PBA: 9815 3D pts, 12 cams and 42137 projs...
PBA: 0.637 -> 0.637 (13 LMs in 0.14sec)
Focal Length : [426.170]->[426.170]
Radial Distortion : [0.000 -> 0]

#############################
#13: [sofa (32)] sees 5277 (+1523) 3D points
Estimated Focal Length [426][0.67W]
# 1955 projs (0 pts and 18 merges)
PBA: 6760 3D pts, 13 cams and 38018 projs...
PBA: 1.010 -> 0.849 (20 LMs in 0.08sec)
#points w/ large errors:	93
Focal Length : [426.170]->[426.170]
Radial Distortion : [0.000 -> 0]

#############################
#14: [sofa (33)] sees 5446 (+2263) 3D points
Estimated Focal Length [426][0.67W]
# 4813 projs (1159 pts and 34 merges)
PBA: 7869 3D pts, 14 cams and 42584 projs...
PBA: 0.700 -> 0.557 (66 LMs in 0.28sec)
#points w/ large errors:	26
Focal Length : [426.170]->[426.170]
Radial Distortion : [0.000 -> 0]

#############################
#15: [sofa (35)] sees 5451 (+1733) 3D points
Estimated Focal Length [426][0.67W]
# 2024 projs (0 pts and 6 merges)
PBA: 7428 3D pts, 15 cams and 43666 projs...
PBA: 0.689 -> 0.583 (16 LMs in 0.13sec)
#points w/ large errors:	65
Focal Length : [426.170]->[426.170]
Radial Distortion : [0.000 -> 0]

#############################
#16: [sofa (36)] sees 6589 (+2606) 3D points
Estimated Focal Length [426][0.67W]
# 2126 projs (0 pts and 6 merges)
PBA: 7452 3D pts, 16 cams and 45683 projs...
PBA: 0.777 -> 0.542 (100 LMs in 2.28sec)
#points w/ large errors:	27

**************************************
#16/16:  8872 projs and 2367 pts added.
PBA: 12806 3D pts, 16 cams and 58449 projs...
PBA: 0.768 -> 0.649 (23 LMs in 0.33sec)
#points w/ large errors:	3
PBA: 12803 3D pts, 16 cams and 58434 projs...
PBA: 0.626 -> 0.624 (12 LMs in 0.08sec)
Focal Length : [426.170]->[426.170]
Radial Distortion : [0.000 -> 0]

#############################
#17: [sofa (3)] sees 9991 (+1861) 3D points
Estimated Focal Length [426][0.67W]
# 2951 projs (0 pts and 62 merges)
PBA: 8797 3D pts, 17 cams and 53497 projs...
PBA: 0.963 -> 0.750 (26 LMs in 0.26sec)
#points w/ large errors:	158
Focal Length : [426.170]->[426.170]
Radial Distortion : [0.000 -> 0]

#############################
#18: [sofa (2)] sees 8874 (+1956) 3D points
Estimated Focal Length [426][0.67W]
# 4267 projs (722 pts and 82 merges)
PBA: 9381 3D pts, 18 cams and 57267 projs...
PBA: 0.940 -> 0.734 (22 LMs in 0.09sec)
#points w/ large errors:	48
Focal Length : [426.170]->[426.170]
Radial Distortion : [0.000 -> 0]

#############################
#19: [sofa (34)] sees 11149 (+1767) 3D points
Estimated Focal Length [426][0.67W]
# 4325 projs (599 pts and 97 merges)
PBA: 9697 3D pts, 19 cams and 61036 projs...
PBA: 0.823 -> 0.663 (16 LMs in 0.11sec)
#points w/ large errors:	70
Focal Length : [426.170]->[426.170]
Radial Distortion : [0.000 -> 0]

#############################
#20: [sofa (1)] sees 7457 (+1477) 3D points
Estimated Focal Length [426][0.67W]
# 2180 projs (0 pts and 9 merges)
PBA: 9406 3D pts, 20 cams and 62398 projs...
PBA: 0.839 -> 0.656 (18 LMs in 0.36sec)
#points w/ large errors:	67
Focal Length : [426.170]->[426.170]
Radial Distortion : [0.000 -> 0]

#############################
#21: [sofa (19)] sees 6522 (+1565) 3D points
Estimated Focal Length [426][0.67W]
# 2160 projs (0 pts and 25 merges)
SKIP: 0 cams, 172 points, 352 projs
PBA: 13343 3D pts, 20 cams and 72264 projs...
PBA: 0.678 -> 0.602 (5 LMs in 0.03sec)
#points w/ large errors:	65

**************************************
#21/21:  11367 projs and 3291 pts added.
PBA: 16440 3D pts, 21 cams and 80906 projs...
PBA: 0.775 -> 0.662 (14 LMs in 0.22sec)
#points w/ large errors:	2
PBA: 16438 3D pts, 21 cams and 80882 projs...
PBA: 0.671 -> 0.671 (12 LMs in 0.15sec)
Focal Length : [426.170]->[426.170]
Radial Distortion : [0.000 -> 0]

#############################
#22: [sofa (18)] sees 8008 (+1512) 3D points
Estimated Focal Length [426][0.67W]
# 2725 projs (0 pts and 49 merges)
SKIP: 0 cams, 176 points, 248 projs
PBA: 16199 3D pts, 20 cams and 83227 projs...
PBA: 0.961 -> 0.719 (5 LMs in 0.05sec)
#points w/ large errors:	223
Focal Length : [426.170]->[426.170]
Radial Distortion : [0.000 -> 0]

#############################
#23: [sofa (16)] sees 7886 (+1196) 3D points
Estimated Focal Length [426][0.67W]
# 3432 projs (575 pts and 107 merges)
SKIP: 0 cams, 380 points, 1878 projs
PBA: 16184 3D pts, 20 cams and 85029 projs...
PBA: 0.656 -> 0.624 (5 LMs in 0.11sec)
#points w/ large errors:	29
Focal Length : [426.170]->[426.170]
Radial Distortion : [0.000 -> 0]

#############################
#24: [sofa (17)] sees 8085 (+1306) 3D points
Estimated Focal Length [426][0.67W]
# 2205 projs (0 pts and 29 merges)
SKIP: 0 cams, 698 points, 1583 projs
PBA: 15856 3D pts, 20 cams and 86459 projs...
PBA: 0.711 -> 0.623 (5 LMs in 0.18sec)
#points w/ large errors:	30
Focal Length : [426.170]->[426.170]
Radial Distortion : [0.000 -> 0]

#############################
#25: [sofa (21)] sees 8709 (+1119) 3D points
Estimated Focal Length [426][0.67W]
# 4286 projs (905 pts and 162 merges)
SKIP: 0 cams, 831 points, 2183 projs
PBA: 16350 3D pts, 20 cams and 89986 projs...
PBA: 0.759 -> 0.655 (5 LMs in 0.13sec)
#points w/ large errors:	42
Focal Length : [426.170]->[426.170]
Radial Distortion : [0.000 -> 0]

#############################
#26: [sofa (24)] sees 10454 (+1637) 3D points
Estimated Focal Length [426][0.67W]
# 2770 projs (0 pts and 96 merges)
PBA: 11625 3D pts, 26 cams and 83598 projs...
PBA: 0.833 -> 0.707 (22 LMs in 0.19sec)
#points w/ large errors:	50
Focal Length : [426.170]->[426.170]
Radial Distortion : [0.000 -> 0]

#############################
#27: [sofa (23)] sees 11016 (+2276) 3D points
Estimated Focal Length [426][0.67W]
# 2726 projs (0 pts and 62 merges)
SKIP: 0 cams, 1707 points, 3829 projs
PBA: 15445 3D pts, 20 cams and 93263 projs...
PBA: 0.807 -> 0.665 (5 LMs in 0.05sec)
#points w/ large errors:	22

**************************************
#27/27:  8348 projs and 1898 pts added.
PBA: 18649 3D pts, 27 cams and 102178 projs...
PBA: 0.774 -> 0.700 (15 LMs in 0.11sec)
#points w/ large errors:	2
PBA: 18647 3D pts, 27 cams and 102155 projs...
PBA: 0.718 -> 0.718 (28 LMs in 0.22sec)
#points w/ large errors:	1
Focal Length : [426.170]->[426.170]
Radial Distortion : [0.000 -> 0]

#############################
#28: [sofa (26)] sees 12892 (+2224) 3D points
Estimated Focal Length [426][0.67W]
# 5084 projs (777 pts and 217 merges)
SKIP: 0 cams, 1853 points, 4557 projs
PBA: 17368 3D pts, 20 cams and 102598 projs...
PBA: 0.921 -> 0.805 (5 LMs in 0.19sec)
#points w/ large errors:	133
Focal Length : [426.170]->[426.170]
Radial Distortion : [0.000 -> 0]

#############################
#29: [sofa (25)] sees 15211 (+2512) 3D points
Estimated Focal Length [426][0.67W]
# 3576 projs (0 pts and 106 merges)
SKIP: 0 cams, 2447 points, 6202 projs
PBA: 16743 3D pts, 20 cams and 104394 projs...
PBA: 1.023 -> 0.804 (5 LMs in 0.03sec)
#points w/ large errors:	61
Focal Length : [426.170]->[426.170]
Radial Distortion : [0.000 -> 0]

#############################
#30: [sofa (27)] sees 17117 (+2881) 3D points
Estimated Focal Length [426][0.67W]
# 3636 projs (0 pts and 116 merges)
SKIP: 0 cams, 3167 points, 7605 projs
PBA: 16025 3D pts, 20 cams and 105964 projs...
PBA: 0.928 -> 0.816 (5 LMs in 0.02sec)
#points w/ large errors:	52
Focal Length : [426.170]->[426.170]
Radial Distortion : [0.000 -> 0]

#############################
#31: [sofa (28)] sees 16025 (+1988) 3D points
Estimated Focal Length [426][0.67W]
# 8305 projs (1863 pts and 257 merges)
SKIP: 0 cams, 2953 points, 8679 projs
PBA: 17234 3D pts, 20 cams and 112867 projs...
PBA: 0.962 -> 0.831 (5 LMs in 0.12sec)
#points w/ large errors:	48
Focal Length : [426.170]->[426.170]
Radial Distortion : [0.000 -> 0]

#############################
#32: [sofa (29)] sees 16626 (+1542) 3D points
Estimated Focal Length [426][0.67W]
# 5054 projs (633 pts and 219 merges)
PBA: 14259 3D pts, 32 cams and 113219 projs...
PBA: 0.926 -> 0.843 (32 LMs in 0.21sec)
#points w/ large errors:	76
Focal Length : [426.170]->[426.170]
Radial Distortion : [0.000 -> 0]

#############################
#33: [sofa (30)] sees 14657 (+1181) 3D points
Estimated Focal Length [426][0.67W]
# 5196 projs (998 pts and 287 merges)
SKIP: 0 cams, 3345 points, 9864 projs
PBA: 17739 3D pts, 20 cams and 121007 projs...
PBA: 0.925 -> 0.831 (5 LMs in 0.08sec)
#points w/ large errors:	98
Focal Length : [426.170]->[426.170]
Radial Distortion : [0.000 -> 0]

#############################
#34: [sofa (31)] sees 15620 (+1284) 3D points
Estimated Focal Length [426][0.67W]
# 3090 projs (0 pts and 101 merges)
SKIP: 0 cams, 3806 points, 10685 projs
PBA: 17261 3D pts, 20 cams and 122696 projs...
PBA: 0.935 -> 0.803 (5 LMs in 0.10sec)
#points w/ large errors:	55

**************************************
#34/34:  11412 projs and 2201 pts added.
PBA: 22699 3D pts, 34 cams and 140497 projs...
PBA: 1.062 -> 0.936 (16 LMs in 0.14sec)
#points w/ large errors:	2
PBA: 22697 3D pts, 34 cams and 140490 projs...
PBA: 0.939 -> 0.939 (23 LMs in 0.26sec)
Focal Length : [426.170]->[426.170]
Radial Distortion : [0.000 -> 0]

#############################
#35: [sofa (22)] sees 13392 (+1239) 3D points
Estimated Focal Length [426][0.67W]
# 3975 projs (553 pts and 192 merges)
SKIP: 0 cams, 3756 points, 10426 projs
PBA: 19186 3D pts, 20 cams and 133845 projs...
PBA: 1.077 -> 1.029 (5 LMs in 0.18sec)
#points w/ large errors:	432
Focal Length : [426.170]->[426.170]
Radial Distortion : [0.000 -> 0]

#############################
#36: [sofa (20)] sees 13464 (+1018) 3D points
Estimated Focal Length [426][0.67W]
# 4207 projs (701 pts and 196 merges)
SKIP: 0 cams, 4101 points, 14290 projs
PBA: 18938 3D pts, 20 cams and 134158 projs...
PBA: 0.941 -> 0.871 (5 LMs in 0.02sec)
#points w/ large errors:	74
Focal Length : [426.170]->[426.170]
Radial Distortion : [0.000 -> 0]
END: No more images to add [0 projs]

#############################
Failed to find two images for initialization
Resuming SfM finished, 13 sec used

---------------------------------------------------
36 cams, 23138 pts (3+: 15188)
145673 projections (3+: 129296)
---------------------------------------------------
1 model(s) reconstructed from 36 images;
36 modeled; 0 reused; 0 EXIF; 
5MB(5) used to store feature location.
---------------------------------------------------

########-------timing------#########
Structure-From-Motion finished, 13 sec used
12.1(10.5) seconds on Bundle Adjustment (+)
11.3(10.0) seconds on Bundle Adjustment (*)
#############################
----------------------------------------------------------------
Run full 3D reconstruction, finished
Totally 13.000 seconds used


Run dense reconstruction, begin...
Save to 3+2.nvm ... done

#############################
Undistorting 36 images in model #0
param_undistortion_thread_num = 0
NOTE: using 16 threads...
#00: sofa (13) -> 00000000.jpg, 0.026 sec
#06: sofa (33) -> 00000013.jpg, 0.026 sec
#10: sofa (7) -> 00000008.jpg, 0.027 sec
#15: sofa (3) -> 00000016.jpg, 0.027 sec
#14: sofa (4) -> 00000011.jpg, 0.027 sec
#01: sofa (14) -> 00000002.jpg, 0.028 sec
#12: sofa (6) -> 00000009.jpg, 0.028 sec
#13: sofa (1) -> 00000019.jpg, 0.028 sec
#02: sofa (11) -> 00000004.jpg, 0.029 sec
#03: sofa (9) -> 00000006.jpg, 0.029 sec
#08: sofa (19) -> 00000020.jpg, 0.029 sec
#07: sofa (8) -> 00000007.jpg, 0.030 sec
#11: sofa (34) -> 00000018.jpg, 0.030 sec
#05: sofa (36) -> 00000015.jpg, 0.030 sec
#04: sofa (16) -> 00000022.jpg, 0.031 sec
#09: sofa (2) -> 00000017.jpg, 0.031 sec
#00: sofa (15) -> 00000001.jpg, 0.004 sec
#06: sofa (35) -> 00000014.jpg, 0.002 sec
#10: sofa (17) -> 00000023.jpg, 0.002 sec
#15: sofa (24) -> 00000025.jpg, 0.002 sec
#14: sofa (32) -> 00000012.jpg, 0.002 sec
#01: sofa (12) -> 00000003.jpg, 0.001 sec
#12: sofa (5) -> 00000010.jpg, 0.002 sec
#13: sofa (26) -> 00000027.jpg, 0.002 sec
#02: sofa (10) -> 00000005.jpg, 0.002 sec
#03: sofa (27) -> 00000029.jpg, 0.002 sec
#08: sofa (18) -> 00000021.jpg, 0.002 sec
#07: sofa (29) -> 00000031.jpg, 0.002 sec
#11: sofa (31) -> 00000033.jpg, 0.002 sec
#05: sofa (20) -> 00000035.jpg, 0.001 sec
#10: sofa (21) -> 00000024.jpg, 0.003 sec
#15: sofa (23) -> 00000026.jpg, 0.002 sec
#13: sofa (25) -> 00000028.jpg, 0.003 sec
#03: sofa (28) -> 00000030.jpg, 0.003 sec
#07: sofa (30) -> 00000032.jpg, 0.003 sec
#11: sofa (22) -> 00000034.jpg, 0.002 sec
----------------------------------------------------------------
Running Yasutaka Furukawa's CMVS tool...
cmvs C:\Users\86186\Desktop\VisualSFM_windows_cuda_64bit\\3+2\1\3+2.nvm.cmvs\00\ 50 16
genOption C:\Users\86186\Desktop\VisualSFM_windows_cuda_64bit\\3+2\1\3+2.nvm.cmvs\00\ 1 2 0.700000 7 3 16
1 cluster is generated for pmvs reconstruction.
pmvs2 C:\Users\86186\Desktop\VisualSFM_windows_cuda_64bit\\3+2\1\3+2.nvm.cmvs\00\ option-0000
This may take a little more time, waiting...
6 seconds were used by PMVS
Loading option-0000.ply, 15102 vertices ...

#############################
You can manually remove bad MVS points:
1. Switch to dense MVS points mode;
2. Hit F1 key to enter the selection mode;
3. Select points by dragging a rectangle;
4. Hit DELETE to delete the selected points.

#############################
Save to 3+2.nvm ... done
Save C:\Users\86186\Desktop\VisualSFM_windows_cuda_64bit\\3+2\1\3+2.0.ply ...done
----------------------------------------------------------------
Run dense reconstruction, finished
Totally 10.000 seconds used

