
Modifying Calibration, begin...
fx = 426.169830, cx = 318.996307
fy = 426.169830, cy = 242.324814
radial_distortion = 0.000000
----------------------------------------------------------------
Modifying Calibration, finished
Totally 0.000 seconds used

0: sofa (1)
image_size:	640x480
1: sofa (2)
image_size:	640x480
2: sofa (3)
image_size:	640x480
3: sofa (4)
image_size:	640x480
4: sofa (5)
image_size:	640x480
5: sofa (6)
image_size:	640x480
6: sofa (7)
image_size:	640x480
7: sofa (8)
image_size:	640x480
8: sofa (9)
image_size:	640x480
9: sofa (10)
image_size:	640x480
10: sofa (11)
image_size:	640x480
11: sofa (12)
image_size:	640x480
12: sofa (13)
image_size:	640x480
13: sofa (14)
image_size:	640x480
14: sofa (15)
image_size:	640x480
15: sofa (16)
image_size:	640x480
16: sofa (17)
image_size:	640x480
17: sofa (18)
image_size:	640x480
18: sofa (19)
image_size:	640x480
19: sofa (20)
image_size:	640x480
20: sofa (21)
image_size:	640x480
21: sofa (22)
image_size:	640x480
22: sofa (23)
image_size:	640x480
23: sofa (24)
image_size:	640x480
24: sofa (25)
image_size:	640x480
25: sofa (26)
image_size:	640x480
26: sofa (27)
image_size:	640x480
27: sofa (28)
image_size:	640x480
28: sofa (29)
image_size:	640x480
29: sofa (30)
image_size:	640x480
30: sofa (31)
image_size:	640x480
31: sofa (32)
image_size:	640x480
32: sofa (33)
image_size:	640x480
33: sofa (34)
image_size:	640x480
34: sofa (35)
image_size:	640x480
35: sofa (36)
image_size:	640x480
36: sofa (37)
image_size:	640x480
**************************************
Change the number of pixel-loaded images by 
modifying param_visual_data_budget in nv.ini
Use the PAUSE button to skip the pixel loading
**************************************
Loading image pixel data ...done in 0s

Compute Missing Pairwise Matching, begin...
********* WARNING ***********
More than 112MB of graphic memory may be allocated
under the default settings. If the program halts here,
adjust parameters to save memory and rerun the task: 
    [Tools->Enable GPU->Set Maximum DIM]
Note some octaves may be automatically skipped
SIFT: 0000, 640x480, 	7685, 0.80sec
SIFT: 0001, 640x480, 	7344, 0.12sec
SIFT: 0002, 640x480, 	7598, 0.12sec
SIFT: 0003, 640x480, 	7554, 0.11sec
SIFT: 0004, 640x480, 	8166, 0.13sec
SIFT: 0005, 640x480, 	8327, 0.14sec
SIFT: 0006, 640x480, 	8278, 0.13sec
SIFT: 0007, 640x480, 	8403, 0.13sec
SIFT: 0008, 640x480, 	8356, 0.13sec
SIFT: 0009, 640x480, 	8368, 0.16sec
SIFT: 0010, 640x480, 	7916, 0.16sec
SIFT: 0011, 640x480, 	8118, 0.14sec
SIFT: 0012, 640x480, 	7372, 0.13sec
SIFT: 0013, 640x480, 	7370, 0.12sec
SIFT: 0014, 640x480, 	7295, 0.13sec
SIFT: 0015, 640x480, 	6653, 0.11sec
SIFT: 0016, 640x480, 	6412, 0.12sec
SIFT: 0017, 640x480, 	7087, 0.12sec
SIFT: 0018, 640x480, 	7153, 0.12sec
SIFT: 0019, 640x480, 	6766, 0.11sec
SIFT: 0020, 640x480, 	7578, 0.13sec
SIFT: 0021, 640x480, 	6907, 0.12sec
SIFT: 0022, 640x480, 	7614, 0.13sec
SIFT: 0023, 640x480, 	7993, 0.13sec
SIFT: 0024, 640x480, 	8214, 0.16sec
SIFT: 0025, 640x480, 	8168, 0.15sec
SIFT: 0026, 640x480, 	8255, 0.15sec
SIFT: 0027, 640x480, 	8233, 0.15sec
SIFT: 0028, 640x480, 	8004, 0.14sec
SIFT: 0029, 640x480, 	8057, 0.14sec
SIFT: 0030, 640x480, 	8148, 0.14sec
SIFT: 0031, 640x480, 	8152, 0.13sec
SIFT: 0032, 640x480, 	7979, 0.12sec
SIFT: 0033, 640x480, 	7355, 0.12sec
SIFT: 0034, 640x480, 	7712, 0.13sec
SIFT: 0035, 640x480, 	7719, 0.12sec
SIFT: 0036, 640x480, 	7685, 0.12sec

###########-------timing------#########
37 Feature Detection finished, 6 sec used
#############################

666 pairs to compute match
NOTE: using 3 matching workers
0000 and 0001: 1636 matches, 0.15sec, #1
0001 and 0002: 2669 matches, 0.16sec, #2
0000 and 0001: [1188/1636], H[149], 0.01sec
0001 and 0002: [2418/2669], H[719], 0.01sec
0000 and 0002: 1260 matches, 0.14sec, #1
0001 and 0003: 1391 matches, 0.13sec, #2
0000 and 0002: [898/1260], H[341], 0.01sec
0001 and 0003: [1179/1391], H[434], 0.01sec
0000 and 0003: 657 matches, 0.37sec, #0
0000 and 0003: [505/657], H[51], 0.01sec
0004 and 0005: 2699 matches, 0.17sec, #1
0003 and 0007: 848 matches, 0.14sec, #0
0002 and 0003: 2140 matches, 0.18sec, #2
0003 and 0007: [667/848], H[286], 0.01sec
0004 and 0005: [2375/2699], H[1445], 0.01sec
0002 and 0003: [1921/2140], H[327], 0.01sec
0004 and 0007: 1365 matches, 0.16sec, #0
0004 and 0007: [1159/1365], H[455], 0.01sec
0000 and 0006: 299 matches, 0.19sec, #1
0000 and 0004: 670 matches, 0.19sec, #2
0000 and 0006: [178/299], H[71], 0.01sec
0000 and 0004: [481/670], H[135], 0.01sec
0005 and 0007: 2675 matches, 0.12sec, #0
0005 and 0007: [2453/2675], H[742], 0.06sec
0001 and 0006: 390 matches, 0.15sec, #1
0001 and 0006: [276/390], H[45], 0.00sec
0001 and 0004: 1103 matches, 0.19sec, #2
0006 and 0007: 2856 matches, 0.13sec, #0
0001 and 0004: [872/1103], H[539], 0.01sec
0006 and 0007: [2624/2856], H[684], 0.02sec
0000 and 0008: 202 matches, 0.13sec, #0
0000 and 0008: [109/202], H[31], 0.01sec
0002 and 0006: 566 matches, 0.23sec, #1
0002 and 0004: 1812 matches, 0.22sec, #2
0002 and 0006: [402/566], H[218], 0.01sec
0002 and 0004: [1565/1812], H[337], 0.01sec
0001 and 0008: 268 matches, 0.12sec, #0
0001 and 0008: [158/268], H[39], 0.01sec
0002 and 0008: 381 matches, 0.17sec, #0
0002 and 0008: [276/381], H[31], 0.00sec
0003 and 0006: 993 matches, 0.21sec, #1
0003 and 0006: [787/993], H[174], 0.01sec
0003 and 0004: 2627 matches, 0.33sec, #2
0003 and 0008: 693 matches, 0.15sec, #0
0003 and 0008: [519/693], H[54], 0.01sec
0003 and 0004: [2465/2627], H[677], 0.02sec
0004 and 0006: 1525 matches, 0.16sec, #1
0004 and 0006: [1355/1525], H[393], 0.01sec
0000 and 0005: 403 matches, 0.14sec, #2
0004 and 0008: 1077 matches, 0.16sec, #0
0000 and 0005: [235/403], H[59], 0.01sec
0004 and 0008: [861/1077], H[381], 0.01sec
0005 and 0008: 1953 matches, 0.15sec, #0
0005 and 0008: [1670/1953], H[684], 0.01sec
0005 and 0006: 2993 matches, 0.24sec, #1
0001 and 0005: 600 matches, 0.24sec, #2
0005 and 0006: [2857/2993], H[823], 0.01sec
0006 and 0008: 2233 matches, 0.13sec, #0
0001 and 0005: [428/600], H[142], 0.00sec
0006 and 0008: [1985/2233], H[500], 0.02sec
0007 and 0008: 3310 matches, 0.17sec, #0
0000 and 0007: 271 matches, 0.20sec, #1
0000 and 0007: [158/271], H[39], 0.01sec
0007 and 0008: [3177/3310], H[1606], 0.03sec
0002 and 0005: 976 matches, 0.28sec, #2
0002 and 0005: [763/976], H[485], 0.01sec
0001 and 0007: 346 matches, 0.10sec, #1
0001 and 0007: [214/346], H[53], 0.01sec
0000 and 0009: 208 matches, 0.28sec, #0
0003 and 0005: 1439 matches, 0.17sec, #2
0003 and 0005: [1207/1439], H[403], 0.01sec
0000 and 0009: [103/208], H[29], 0.04sec
0002 and 0007: 525 matches, 0.19sec, #1
0002 and 0007: [393/525], H[175], 0.00sec
0001 and 0009: 219 matches, 0.13sec, #0
0008 and 0009: 2996 matches, 0.14sec, #2
0001 and 0009: [121/219], H[42], 0.01sec
0008 and 0009: [2772/2996], H[1366], 0.03sec
0009 and 0010: 2669 matches, 0.11sec, #1
0002 and 0009: 261 matches, 0.13sec, #0
0000 and 0010: 143 matches, 0.07sec, #2
0002 and 0009: [162/261], H[51], 0.01sec
0009 and 0010: [2492/2669], H[927], 0.02sec
0000 and 0010: [61/143], H[13], 0.03sec
0003 and 0009: 397 matches, 0.14sec, #0
0003 and 0009: [272/397], H[101], 0.01sec
0000 and 0011: 130 matches, 0.19sec, #1
0000 and 0011: [59/130], H[15], 0.02sec
0001 and 0010: 159 matches, 0.10sec, #2
0001 and 0010: [81/159], H[15], 0.02sec
0004 and 0009: 651 matches, 0.16sec, #0
0004 and 0009: [493/651], H[289], 0.01sec
0001 and 0011: 162 matches, 0.15sec, #1
0001 and 0011: [83/162], H[25], 0.02sec
0005 and 0009: 1242 matches, 0.13sec, #0
0005 and 0009: [917/1242], H[658], 0.01sec
0002 and 0010: 191 matches, 0.20sec, #2
0002 and 0010: [97/191], H[25], 0.02sec
0002 and 0011: 188 matches, 0.12sec, #1
0002 and 0011: [113/188], H[15], 0.01sec
0006 and 0009: 1615 matches, 0.12sec, #0
0006 and 0009: [1357/1615], H[229], 0.01sec
0003 and 0010: 273 matches, 0.17sec, #2
0007 and 0009: 2684 matches, 0.13sec, #0
0003 and 0010: [176/273], H[22], 0.01sec
0007 and 0009: [2384/2684], H[688], 0.02sec
0003 and 0011: 279 matches, 0.27sec, #1
0003 and 0011: [163/279], H[32], 0.01sec
0004 and 0010: 342 matches, 0.15sec, #2
0009 and 0011: 2098 matches, 0.13sec, #0
0004 and 0010: [228/342], H[93], 0.01sec
0009 and 0011: [1914/2098], H[688], 0.06sec
0004 and 0011: 342 matches, 0.22sec, #1
0010 and 0011: 3143 matches, 0.16sec, #0
0004 and 0011: [221/342], H[45], 0.01sec
0010 and 0011: [3009/3143], H[1354], 0.02sec
0005 and 0010: 574 matches, 0.34sec, #2
0005 and 0010: [408/574], H[41], 0.01sec
0000 and 0012: 96 matches, 0.12sec, #0
0000 and 0012: [36/96], H[14], 0.11sec
0005 and 0011: 598 matches, 0.26sec, #1
0005 and 0011: [448/598], H[69], 0.01sec
0006 and 0010: 969 matches, 0.17sec, #2
0006 and 0010: [790/969], H[280], 0.01sec
0001 and 0012: 113 matches, 0.13sec, #0
0001 and 0012: [50/113], H[10], 0.06sec
0006 and 0011: 794 matches, 0.25sec, #1
0007 and 0010: 1234 matches, 0.17sec, #2
0006 and 0011: [608/794], H[253], 0.01sec
0007 and 0010: [983/1234], H[130], 0.01sec
0002 and 0012: 128 matches, 0.12sec, #0
0002 and 0012: [53/128], H[16], 0.10sec
0007 and 0011: 1060 matches, 0.19sec, #1
0007 and 0011: [826/1060], H[88], 0.01sec
0003 and 0012: 152 matches, 0.12sec, #0
0003 and 0012: [81/152], H[15], 0.01sec
0008 and 0010: 1457 matches, 0.30sec, #2
0008 and 0011: 1393 matches, 0.15sec, #1
0004 and 0012: 195 matches, 0.13sec, #0
0008 and 0010: [1318/1457], H[244], 0.01sec
0008 and 0011: [1252/1393], H[327], 0.01sec
0004 and 0012: [113/195], H[41], 0.01sec
0005 and 0012: 297 matches, 0.13sec, #0
0005 and 0012: [198/297], H[87], 0.01sec
0008 and 0012: 667 matches, 0.22sec, #2
0006 and 0013: 322 matches, 0.25sec, #1
0008 and 0012: [541/667], H[236], 0.00sec
0006 and 0012: 475 matches, 0.12sec, #0
0006 and 0013: [214/322], H[95], 0.00sec
0006 and 0012: [348/475], H[223], 0.06sec
0007 and 0012: 491 matches, 0.13sec, #0
0009 and 0012: 1055 matches, 0.22sec, #2
0007 and 0012: [385/491], H[131], 0.01sec
0009 and 0012: [963/1055], H[120], 0.01sec
0007 and 0013: 395 matches, 0.27sec, #1
0003 and 0014: 148 matches, 0.12sec, #0
0007 and 0013: [280/395], H[83], 0.01sec
0003 and 0014: [70/148], H[27], 0.05sec
0010 and 0012: 1624 matches, 0.20sec, #2
0008 and 0013: 533 matches, 0.13sec, #1
0010 and 0012: [1499/1624], H[332], 0.01sec
0008 and 0013: [410/533], H[39], 0.00sec
0004 and 0014: 176 matches, 0.11sec, #0
0004 and 0014: [92/176], H[33], 0.01sec
0005 and 0014: 242 matches, 0.13sec, #0
0005 and 0014: [141/242], H[75], 0.01sec
0011 and 0012: 2011 matches, 0.22sec, #2
0009 and 0013: 868 matches, 0.22sec, #1
0011 and 0012: [1833/2011], H[556], 0.01sec
0009 and 0013: [726/868], H[102], 0.01sec
0006 and 0014: 312 matches, 0.11sec, #0
0006 and 0014: [206/312], H[73], 0.01sec
0007 and 0014: 394 matches, 0.12sec, #0
0007 and 0014: [265/394], H[70], 0.01sec
0000 and 0013: 84 matches, 0.19sec, #2
0010 and 0013: 1162 matches, 0.20sec, #1
0010 and 0013: [996/1162], H[163], 0.01sec
0008 and 0014: 537 matches, 0.11sec, #0
0008 and 0014: [339/537], H[167], 0.01sec
0000 and 0013: [31/84], H[7], 0.06sec
0011 and 0013: 1741 matches, 0.10sec, #1
0009 and 0014: 931 matches, 0.12sec, #0
0011 and 0013: [1558/1741], H[234], 0.01sec
0009 and 0014: [743/931], H[96], 0.01sec
0010 and 0014: 1334 matches, 0.12sec, #0
0001 and 0013: 94 matches, 0.18sec, #2
0010 and 0014: [1103/1334], H[61], 0.01sec
0012 and 0013: 2070 matches, 0.16sec, #1
0012 and 0013: [1946/2070], H[590], 0.01sec
0001 and 0013: [37/94], H[11], 0.05sec
0011 and 0014: 1915 matches, 0.11sec, #0
0011 and 0014: [1640/1915], H[296], 0.01sec
0012 and 0014: 1887 matches, 0.10sec, #0
0012 and 0014: [1550/1887], H[396], 0.01sec
0000 and 0014: 113 matches, 0.19sec, #1
0002 and 0013: 118 matches, 0.21sec, #2
0000 and 0014: [39/113], H[17], 0.05sec
0013 and 0014: 2649 matches, 0.10sec, #0
0002 and 0013: [54/118], H[14], 0.02sec
0013 and 0014: [2171/2649], H[917], 0.02sec
0000 and 0015: 64 matches, 0.10sec, #0
0003 and 0013: 163 matches, 0.19sec, #2
0001 and 0014: 91 matches, 0.20sec, #1
0000 and 0015: [19/64], H[7], 0.07sec
0003 and 0013: [85/163], H[27], 0.01sec
0001 and 0014: [43/91], H[15], 0.01sec
0001 and 0015: 65 matches, 0.11sec, #0
0004 and 0013: 173 matches, 0.19sec, #2
0004 and 0013: [99/173], H[32], 0.01sec
0001 and 0015: [24/65], H[10], 0.10sec
0002 and 0014: 125 matches, 0.21sec, #1
0002 and 0014: [54/125], H[14], 0.09sec
0002 and 0015: 60 matches, 0.13sec, #0
0002 and 0015: [30/60], H[8], 0.01sec
0005 and 0013: 238 matches, 0.20sec, #2
0009 and 0015: 441 matches, 0.12sec, #1
0005 and 0013: [163/238], H[77], 0.00sec
0009 and 0015: [314/441], H[48], 0.00sec
0003 and 0015: 90 matches, 0.10sec, #0
0003 and 0015: [44/90], H[16], 0.01sec
0004 and 0015: 98 matches, 0.13sec, #0
0004 and 0016: 87 matches, 0.17sec, #2
0004 and 0015: [52/98], H[21], 0.02sec
0004 and 0016: [48/87], H[19], 0.01sec
0010 and 0015: 712 matches, 0.26sec, #1
0005 and 0016: 119 matches, 0.11sec, #2
0010 and 0015: [588/712], H[115], 0.01sec
0005 and 0015: 124 matches, 0.12sec, #0
0005 and 0016: [77/119], H[29], 0.00sec
0005 and 0015: [77/124], H[31], 0.01sec
0006 and 0015: 178 matches, 0.12sec, #0
0006 and 0015: [101/178], H[40], 0.01sec
0011 and 0015: 929 matches, 0.17sec, #1
0006 and 0016: 155 matches, 0.18sec, #2
0011 and 0015: [778/929], H[78], 0.01sec
0006 and 0016: [100/155], H[38], 0.00sec
0007 and 0015: 211 matches, 0.10sec, #0
0007 and 0015: [143/211], H[21], 0.01sec
0008 and 0015: 266 matches, 0.12sec, #0
0012 and 0015: 1722 matches, 0.15sec, #1
0008 and 0015: [175/266], H[82], 0.01sec
0012 and 0015: [1538/1722], H[273], 0.01sec
0007 and 0016: 191 matches, 0.20sec, #2
0007 and 0016: [125/191], H[47], 0.01sec
0014 and 0016: 1399 matches, 0.09sec, #0
0014 and 0016: [1240/1399], H[450], 0.01sec
0013 and 0015: 1724 matches, 0.13sec, #1
0013 and 0015: [1370/1724], H[734], 0.01sec
0008 and 0016: 223 matches, 0.14sec, #2
0008 and 0016: [159/223], H[38], 0.00sec
0015 and 0016: 2269 matches, 0.14sec, #0
0014 and 0015: 1779 matches, 0.10sec, #1
0015 and 0016: [2123/2269], H[1358], 0.02sec
0014 and 0015: [1644/1779], H[1229], 0.02sec
0000 and 0017: 76 matches, 0.11sec, #0
0009 and 0016: 372 matches, 0.16sec, #2
0009 and 0016: [268/372], H[50], 0.01sec
0000 and 0016: 58 matches, 0.16sec, #1
0000 and 0017: [28/76], H[7], 0.06sec
0000 and 0016: [22/58], H[7], 0.05sec
0010 and 0016: 628 matches, 0.08sec, #2
0010 and 0016: [467/628], H[19], 0.01sec
0001 and 0017: 109 matches, 0.11sec, #0
0001 and 0016: 52 matches, 0.12sec, #1
0001 and 0016: [22/52], H[6], 0.04sec
0001 and 0017: [26/109], H[7], 0.08sec
0011 and 0016: 822 matches, 0.13sec, #2
0002 and 0016: 74 matches, 0.08sec, #1
0011 and 0016: [629/822], H[85], 0.00sec
0002 and 0017: 95 matches, 0.12sec, #0
0002 and 0016: [30/74], H[9], 0.03sec
0002 and 0017: [32/95], H[13], 0.08sec
0012 and 0016: 1284 matches, 0.12sec, #2
0012 and 0016: [1081/1284], H[169], 0.01sec
0003 and 0016: 89 matches, 0.11sec, #1
0003 and 0017: 122 matches, 0.12sec, #0
0013 and 0016: 1269 matches, 0.10sec, #2
0003 and 0016: [38/89], H[15], 0.02sec
0003 and 0017: [58/122], H[21], 0.01sec
0013 and 0016: [851/1269], H[255], 0.01sec
0004 and 0017: 159 matches, 0.16sec, #0
0008 and 0017: 520 matches, 0.17sec, #1
0004 and 0017: [86/159], H[10], 0.01sec
0008 and 0017: [363/520], H[169], 0.01sec
0001 and 0018: 109 matches, 0.17sec, #2
0001 and 0018: [30/109], H[12], 0.11sec
0005 and 0017: 220 matches, 0.12sec, #0
0009 and 0017: 938 matches, 0.12sec, #1
0005 and 0017: [125/220], H[50], 0.01sec
0009 and 0017: [714/938], H[117], 0.01sec
0006 and 0017: 334 matches, 0.13sec, #0
0006 and 0017: [208/334], H[47], 0.01sec
0002 and 0018: 122 matches, 0.16sec, #2
0010 and 0017: 1235 matches, 0.19sec, #1
0002 and 0018: [41/122], H[17], 0.05sec
0010 and 0017: [967/1235], H[251], 0.01sec
0007 and 0017: 454 matches, 0.13sec, #0
0007 and 0017: [287/454], H[97], 0.01sec
0011 and 0018: 1401 matches, 0.15sec, #0
0011 and 0018: [1144/1401], H[210], 0.01sec
0011 and 0017: 1361 matches, 0.23sec, #1
0003 and 0018: 140 matches, 0.24sec, #2
0012 and 0018: 1337 matches, 0.10sec, #0
0011 and 0017: [903/1361], H[282], 0.00sec
0012 and 0018: [1014/1337], H[308], 0.01sec
0003 and 0018: [56/140], H[13], 0.03sec
0013 and 0018: 1753 matches, 0.12sec, #0
0012 and 0017: 1365 matches, 0.16sec, #1
0013 and 0018: [1230/1753], H[497], 0.03sec
0012 and 0017: [960/1365], H[262], 0.01sec
0004 and 0018: 168 matches, 0.19sec, #2
0014 and 0018: 2365 matches, 0.10sec, #0
0004 and 0018: [89/168], H[7], 0.01sec
0014 and 0018: [1842/2365], H[624], 0.01sec
0013 and 0017: 1352 matches, 0.21sec, #1
0015 and 0018: 1745 matches, 0.10sec, #0
0015 and 0018: [1446/1745], H[629], 0.00sec
0013 and 0017: [918/1352], H[144], 0.01sec
0005 and 0018: 248 matches, 0.20sec, #2
0014 and 0017: 1941 matches, 0.08sec, #1
0005 and 0018: [141/248], H[41], 0.01sec
0016 and 0018: 1457 matches, 0.11sec, #0
0014 and 0017: [1504/1941], H[396], 0.01sec
0016 and 0018: [1389/1457], H[520], 0.01sec
0017 and 0018: 2803 matches, 0.10sec, #0
0017 and 0018: [2641/2803], H[1036], 0.00sec
0006 and 0018: 298 matches, 0.18sec, #2
0015 and 0017: 1301 matches, 0.19sec, #1
0006 and 0018: [178/298], H[45], 0.01sec
0000 and 0019: 66 matches, 0.09sec, #0
0015 and 0017: [1133/1301], H[521], 0.01sec
0007 and 0018: 410 matches, 0.14sec, #2
0016 and 0017: 1222 matches, 0.15sec, #1
0007 and 0018: [238/410], H[78], 0.01sec
0016 and 0017: [983/1222], H[305], 0.00sec
0000 and 0019: [22/66], H[8], 0.17sec
0001 and 0019: 82 matches, 0.12sec, #0
0008 and 0018: 491 matches, 0.18sec, #2
0008 and 0018: [301/491], H[101], 0.01sec
0001 and 0019: [27/82], H[14], 0.07sec
0000 and 0018: 102 matches, 0.20sec, #1
0000 and 0018: [33/102], H[11], 0.10sec
0002 and 0019: 88 matches, 0.11sec, #0
0002 and 0019: [37/88], H[10], 0.02sec
0009 and 0018: 854 matches, 0.18sec, #2
0003 and 0019: 124 matches, 0.11sec, #1
0009 and 0018: [532/854], H[102], 0.01sec
0013 and 0019: 611 matches, 0.09sec, #0
0003 and 0019: [69/124], H[10], 0.01sec
0013 and 0019: [464/611], H[110], 0.00sec
0014 and 0019: 822 matches, 0.10sec, #0
0014 and 0019: [718/822], H[80], 0.01sec
0010 and 0018: 1153 matches, 0.16sec, #2
0004 and 0019: 139 matches, 0.18sec, #1
0010 and 0018: [913/1153], H[155], 0.01sec
0015 and 0019: 703 matches, 0.08sec, #0
0004 and 0019: [77/139], H[14], 0.00sec
0015 and 0019: [625/703], H[102], 0.00sec
0016 and 0019: 687 matches, 0.10sec, #0
0016 and 0019: [582/687], H[84], 0.01sec
0004 and 0020: 350 matches, 0.19sec, #2
0005 and 0019: 210 matches, 0.19sec, #1
0004 and 0020: [231/350], H[105], 0.01sec
0017 and 0019: 1514 matches, 0.09sec, #0
0005 and 0019: [133/210], H[30], 0.00sec
0017 and 0019: [1185/1514], H[418], 0.01sec
0018 and 0019: 1197 matches, 0.14sec, #0
0018 and 0019: [1061/1197], H[109], 0.01sec
0005 and 0020: 567 matches, 0.18sec, #2
0005 and 0020: [385/567], H[219], 0.00sec
0006 and 0019: 294 matches, 0.18sec, #1
0006 and 0019: [207/294], H[69], 0.00sec
0006 and 0020: 630 matches, 0.12sec, #2
0000 and 0020: 130 matches, 0.13sec, #0
0006 and 0020: [445/630], H[192], 0.01sec
0000 and 0020: [57/130], H[20], 0.03sec
0007 and 0019: 405 matches, 0.17sec, #1
0001 and 0020: 123 matches, 0.12sec, #0
0007 and 0019: [237/405], H[32], 0.01sec
0001 and 0020: [59/123], H[21], 0.01sec
0007 and 0020: 965 matches, 0.16sec, #2
0008 and 0019: 379 matches, 0.09sec, #1
0007 and 0020: [700/965], H[452], 0.01sec
0008 and 0019: [209/379], H[28], 0.01sec
0002 and 0020: 161 matches, 0.11sec, #0
0002 and 0020: [88/161], H[51], 0.01sec
0003 and 0020: 224 matches, 0.11sec, #0
0003 and 0020: [136/224], H[51], 0.02sec
0008 and 0020: 906 matches, 0.17sec, #2
0008 and 0020: [650/906], H[230], 0.01sec
0009 and 0019: 666 matches, 0.20sec, #1
0014 and 0020: 854 matches, 0.10sec, #0
0014 and 0020: [692/854], H[182], 0.01sec
0009 and 0019: [370/666], H[62], 0.01sec
0015 and 0020: 517 matches, 0.10sec, #0
0015 and 0020: [423/517], H[43], 0.01sec
0010 and 0019: 1227 matches, 0.09sec, #1
0009 and 0020: 1367 matches, 0.20sec, #2
0010 and 0019: [714/1227], H[154], 0.01sec
0016 and 0020: 471 matches, 0.10sec, #0
0009 and 0020: [950/1367], H[197], 0.01sec
0016 and 0020: [368/471], H[38], 0.01sec
0017 and 0020: 1180 matches, 0.12sec, #0
0017 and 0020: [838/1180], H[129], 0.01sec
0011 and 0019: 936 matches, 0.22sec, #1
0010 and 0020: 1085 matches, 0.23sec, #2
0011 and 0019: [568/936], H[98], 0.01sec
0018 and 0020: 1087 matches, 0.11sec, #0
0010 and 0020: [712/1085], H[138], 0.01sec
0018 and 0020: [778/1087], H[100], 0.01sec
0019 and 0020: 1505 matches, 0.12sec, #0
0019 and 0020: [1247/1505], H[455], 0.01sec
0012 and 0019: 843 matches, 0.19sec, #1
0012 and 0019: [542/843], H[146], 0.01sec
0011 and 0020: 1049 matches, 0.20sec, #2
0000 and 0021: 70 matches, 0.11sec, #0
0011 and 0020: [703/1049], H[235], 0.01sec
0000 and 0021: [38/70], H[16], 0.01sec
0001 and 0021: 85 matches, 0.10sec, #0
0001 and 0021: [46/85], H[11], 0.01sec
0004 and 0021: 178 matches, 0.18sec, #1
0012 and 0020: 710 matches, 0.18sec, #2
0002 and 0021: 89 matches, 0.10sec, #0
0004 and 0021: [132/178], H[52], 0.00sec
0012 and 0020: [552/710], H[204], 0.01sec
0002 and 0021: [59/89], H[32], 0.00sec
0003 and 0021: 140 matches, 0.12sec, #0
0003 and 0021: [90/140], H[62], 0.01sec
0005 and 0021: 286 matches, 0.17sec, #1
0013 and 0020: 763 matches, 0.20sec, #2
0005 and 0021: [195/286], H[25], 0.00sec
0014 and 0021: 629 matches, 0.09sec, #0
0013 and 0020: [522/763], H[193], 0.01sec
0014 and 0021: [509/629], H[55], 0.01sec
0015 and 0021: 586 matches, 0.11sec, #0
0015 and 0021: [503/586], H[47], 0.01sec
0006 and 0021: 335 matches, 0.15sec, #1
0003 and 0022: 325 matches, 0.19sec, #2
0006 and 0021: [209/335], H[64], 0.00sec
0003 and 0022: [229/325], H[113], 0.00sec
0016 and 0021: 394 matches, 0.08sec, #0
0016 and 0021: [334/394], H[36], 0.01sec
0017 and 0021: 1022 matches, 0.11sec, #0
0017 and 0021: [828/1022], H[74], 0.01sec
0007 and 0021: 559 matches, 0.18sec, #1
0004 and 0022: 409 matches, 0.20sec, #2
0007 and 0021: [400/559], H[71], 0.00sec
0004 and 0022: [273/409], H[164], 0.00sec
0018 and 0021: 1056 matches, 0.09sec, #0
0018 and 0021: [792/1056], H[136], 0.01sec
0019 and 0021: 1484 matches, 0.10sec, #0
0019 and 0021: [1395/1484], H[731], 0.01sec
0008 and 0021: 585 matches, 0.21sec, #1
0005 and 0022: 655 matches, 0.21sec, #2
0008 and 0021: [362/585], H[52], 0.01sec
0005 and 0022: [506/655], H[218], 0.00sec
0020 and 0021: 2099 matches, 0.10sec, #0
0020 and 0021: [1936/2099], H[1030], 0.02sec
0000 and 0022: 130 matches, 0.11sec, #0
0000 and 0022: [71/130], H[17], 0.01sec
0009 and 0021: 789 matches, 0.19sec, #1
0006 and 0022: 599 matches, 0.21sec, #2
0009 and 0021: [499/789], H[102], 0.01sec
0001 and 0022: 147 matches, 0.11sec, #0
0006 and 0022: [464/599], H[75], 0.00sec
0001 and 0022: [96/147], H[33], 0.00sec
0002 and 0022: 213 matches, 0.13sec, #0
0002 and 0022: [125/213], H[87], 0.01sec
0010 and 0021: 745 matches, 0.16sec, #1
0010 and 0021: [536/745], H[116], 0.01sec
0007 and 0022: 1001 matches, 0.19sec, #2
0007 and 0022: [691/1001], H[81], 0.01sec
0013 and 0022: 543 matches, 0.11sec, #0
0013 and 0022: [406/543], H[185], 0.01sec
0014 and 0022: 565 matches, 0.11sec, #0
0014 and 0022: [390/565], H[110], 0.01sec
0011 and 0021: 696 matches, 0.16sec, #1
0011 and 0021: [455/696], H[96], 0.01sec
0008 and 0022: 885 matches, 0.22sec, #2
0015 and 0022: 404 matches, 0.10sec, #0
0008 and 0022: [610/885], H[60], 0.01sec
0015 and 0022: [288/404], H[40], 0.01sec
0012 and 0021: 545 matches, 0.19sec, #1
0016 and 0022: 323 matches, 0.09sec, #0
0012 and 0021: [469/545], H[58], 0.01sec
0016 and 0022: [215/323], H[24], 0.01sec
0009 and 0022: 1095 matches, 0.19sec, #2
0013 and 0021: 628 matches, 0.10sec, #1
0009 and 0022: [873/1095], H[146], 0.01sec
0013 and 0021: [481/628], H[66], 0.00sec
0017 and 0022: 691 matches, 0.11sec, #0
0017 and 0022: [460/691], H[34], 0.01sec
0018 and 0022: 715 matches, 0.11sec, #0
0018 and 0022: [485/715], H[58], 0.01sec
0010 and 0022: 834 matches, 0.19sec, #2
0010 and 0022: [682/834], H[109], 0.00sec
0001 and 0023: 238 matches, 0.20sec, #1
0001 and 0023: [141/238], H[33], 0.01sec
0019 and 0022: 1063 matches, 0.11sec, #0
0019 and 0022: [926/1063], H[146], 0.06sec
0011 and 0022: 789 matches, 0.17sec, #2
0011 and 0022: [593/789], H[60], 0.01sec
0002 and 0023: 302 matches, 0.11sec, #1
0002 and 0023: [174/302], H[60], 0.01sec
0020 and 0022: 2752 matches, 0.13sec, #0
0012 and 0022: 507 matches, 0.10sec, #2
0020 and 0022: [2545/2752], H[941], 0.02sec
0012 and 0022: [405/507], H[42], 0.07sec
0021 and 0022: 1973 matches, 0.10sec, #0
0021 and 0022: [1760/1973], H[367], 0.02sec
0003 and 0023: 436 matches, 0.17sec, #1
0011 and 0023: 897 matches, 0.14sec, #2
0003 and 0023: [291/436], H[135], 0.00sec
0000 and 0023: 191 matches, 0.11sec, #0
0011 and 0023: [698/897], H[371], 0.00sec
0000 and 0023: [103/191], H[26], 0.01sec
0021 and 0023: 1317 matches, 0.13sec, #0
0021 and 0023: [1156/1317], H[352], 0.01sec
0004 and 0023: 642 matches, 0.22sec, #1
0012 and 0023: 547 matches, 0.22sec, #2
0004 and 0023: [450/642], H[173], 0.00sec
0012 and 0023: [417/547], H[170], 0.00sec
0022 and 0023: 3254 matches, 0.11sec, #0
0022 and 0023: [3112/3254], H[1809], 0.03sec
0000 and 0024: 274 matches, 0.12sec, #0
0000 and 0024: [143/274], H[63], 0.03sec
0005 and 0023: 846 matches, 0.24sec, #1
0013 and 0023: 497 matches, 0.24sec, #2
0001 and 0024: 375 matches, 0.12sec, #0
0005 and 0023: [621/846], H[262], 0.01sec
0013 and 0023: [374/497], H[91], 0.00sec
0001 and 0024: [248/375], H[141], 0.00sec
0002 and 0024: 494 matches, 0.13sec, #0
0002 and 0024: [354/494], H[94], 0.01sec
0006 and 0023: 821 matches, 0.22sec, #1
0014 and 0023: 580 matches, 0.23sec, #2
0006 and 0023: [652/821], H[400], 0.01sec
0003 and 0024: 621 matches, 0.12sec, #0
0014 and 0023: [427/580], H[81], 0.00sec
0003 and 0024: [451/621], H[226], 0.01sec
0004 and 0024: 853 matches, 0.17sec, #0
0015 and 0023: 365 matches, 0.19sec, #2
0004 and 0024: [621/853], H[421], 0.01sec
0007 and 0023: 1223 matches, 0.20sec, #1
0015 and 0023: [253/365], H[62], 0.01sec
0007 and 0023: [891/1223], H[363], 0.01sec
0005 and 0024: 1019 matches, 0.12sec, #0
0005 and 0024: [718/1019], H[419], 0.01sec
0006 and 0024: 985 matches, 0.12sec, #0
0006 and 0024: [761/985], H[185], 0.01sec
0016 and 0023: 314 matches, 0.18sec, #2
0016 and 0023: [206/314], H[127], 0.01sec
0008 and 0023: 967 matches, 0.22sec, #1
0007 and 0024: 1170 matches, 0.12sec, #0
0008 and 0023: [741/967], H[419], 0.01sec
0007 and 0024: [714/1170], H[101], 0.01sec
0008 and 0024: 829 matches, 0.13sec, #0
0008 and 0024: [572/829], H[314], 0.01sec
0017 and 0023: 673 matches, 0.20sec, #2
0009 and 0023: 1228 matches, 0.21sec, #1
0017 and 0023: [430/673], H[173], 0.01sec
0009 and 0023: [960/1228], H[504], 0.01sec
0009 and 0024: 897 matches, 0.12sec, #0
0009 and 0024: [628/897], H[152], 0.01sec
0010 and 0024: 681 matches, 0.12sec, #0
0010 and 0024: [496/681], H[237], 0.01sec
0018 and 0023: 655 matches, 0.21sec, #2
0010 and 0023: 903 matches, 0.24sec, #1
0018 and 0023: [439/655], H[175], 0.01sec
0011 and 0024: 695 matches, 0.12sec, #0
0010 and 0023: [754/903], H[127], 0.01sec
0011 and 0024: [503/695], H[211], 0.01sec
0012 and 0024: 358 matches, 0.12sec, #0
0019 and 0023: 911 matches, 0.14sec, #2
0012 and 0024: [252/358], H[155], 0.01sec
0019 and 0023: [800/911], H[179], 0.01sec
0013 and 0024: 315 matches, 0.11sec, #0
0018 and 0024: 393 matches, 0.26sec, #1
0013 and 0024: [206/315], H[114], 0.00sec
0018 and 0024: [222/393], H[80], 0.01sec
0020 and 0023: 2647 matches, 0.13sec, #2
0020 and 0023: [2416/2647], H[905], 0.02sec
0019 and 0024: 548 matches, 0.10sec, #1
0019 and 0024: [423/548], H[23], 0.01sec
0014 and 0024: 358 matches, 0.12sec, #0
0014 and 0024: [208/358], H[52], 0.01sec
0015 and 0024: 223 matches, 0.14sec, #0
0004 and 0025: 816 matches, 0.19sec, #2
0015 and 0024: [145/223], H[51], 0.01sec
0004 and 0025: [570/816], H[329], 0.01sec
0020 and 0024: 1487 matches, 0.19sec, #1
0005 and 0025: 988 matches, 0.10sec, #2
0020 and 0024: [1258/1487], H[210], 0.01sec
0016 and 0024: 209 matches, 0.12sec, #0
0005 and 0025: [701/988], H[401], 0.01sec
0016 and 0024: [156/209], H[63], 0.00sec
0017 and 0024: 464 matches, 0.12sec, #0
0017 and 0024: [274/464], H[56], 0.01sec
0021 and 0024: 751 matches, 0.17sec, #1
0006 and 0025: 986 matches, 0.19sec, #2
0021 and 0024: [596/751], H[135], 0.00sec
0006 and 0025: [630/986], H[425], 0.01sec
0014 and 0025: 435 matches, 0.11sec, #0
0014 and 0025: [269/435], H[78], 0.01sec
0015 and 0025: 264 matches, 0.12sec, #0
0015 and 0025: [185/264], H[68], 0.01sec
0022 and 0024: 1905 matches, 0.21sec, #1
0007 and 0025: 1251 matches, 0.22sec, #2
0022 and 0024: [1734/1905], H[449], 0.01sec
0007 and 0025: [861/1251], H[204], 0.01sec
0016 and 0025: 240 matches, 0.10sec, #0
0016 and 0025: [176/240], H[60], 0.00sec
0017 and 0025: 516 matches, 0.12sec, #0
0017 and 0025: [317/516], H[131], 0.04sec
0023 and 0024: 3022 matches, 0.22sec, #1
0023 and 0024: [2829/3022], H[777], 0.01sec
0008 and 0025: 899 matches, 0.23sec, #2
0018 and 0025: 494 matches, 0.12sec, #0
0008 and 0025: [710/899], H[170], 0.01sec
0018 and 0025: [324/494], H[130], 0.01sec
0019 and 0025: 635 matches, 0.11sec, #0
0019 and 0025: [498/635], H[54], 0.01sec
0000 and 0025: 242 matches, 0.21sec, #1
0009 and 0025: 1010 matches, 0.24sec, #2
0020 and 0025: 1762 matches, 0.12sec, #0
0000 and 0025: [127/242], H[26], 0.01sec
0009 and 0025: [777/1010], H[274], 0.01sec
0020 and 0025: [1480/1762], H[393], 0.00sec
0021 and 0025: 914 matches, 0.12sec, #0
0021 and 0025: [755/914], H[110], 0.01sec
0010 and 0025: 794 matches, 0.25sec, #2
0001 and 0025: 329 matches, 0.25sec, #1
0010 and 0025: [638/794], H[228], 0.00sec
0022 and 0025: 2237 matches, 0.12sec, #0
0001 and 0025: [214/329], H[82], 0.00sec
0022 and 0025: [2007/2237], H[799], 0.14sec
0011 and 0025: 782 matches, 0.17sec, #2
0002 and 0025: 422 matches, 0.18sec, #1
0023 and 0025: 3317 matches, 0.12sec, #0
0011 and 0025: [603/782], H[250], 0.00sec
0002 and 0025: [277/422], H[34], 0.00sec
0023 and 0025: [2949/3317], H[1820], 0.00sec
0024 and 0025: 4096 matches, 0.13sec, #0
0024 and 0025: [4012/4096], H[1677], 0.04sec
0012 and 0025: 412 matches, 0.23sec, #2
0003 and 0025: 568 matches, 0.23sec, #1
0000 and 0026: 301 matches, 0.11sec, #0
0012 and 0025: [296/412], H[119], 0.00sec
0003 and 0025: [410/568], H[243], 0.00sec
0000 and 0026: [177/301], H[18], 0.01sec
0001 and 0026: 410 matches, 0.13sec, #0
0001 and 0026: [272/410], H[67], 0.01sec
0013 and 0025: 333 matches, 0.20sec, #2
0009 and 0026: 917 matches, 0.21sec, #1
0013 and 0025: [224/333], H[68], 0.01sec
0009 and 0026: [618/917], H[150], 0.01sec
0002 and 0026: 522 matches, 0.12sec, #0
0002 and 0026: [371/522], H[85], 0.01sec
0003 and 0026: 669 matches, 0.13sec, #0
0003 and 0026: [490/669], H[314], 0.01sec
0019 and 0026: 509 matches, 0.17sec, #2
0019 and 0026: [410/509], H[42], 0.00sec
0010 and 0026: 688 matches, 0.27sec, #1
0004 and 0026: 872 matches, 0.12sec, #0
0010 and 0026: [474/688], H[105], 0.01sec
0004 and 0026: [629/872], H[341], 0.01sec
0020 and 0026: 1404 matches, 0.16sec, #2
0020 and 0026: [1138/1404], H[193], 0.01sec
0005 and 0026: 1054 matches, 0.12sec, #0
0011 and 0026: 668 matches, 0.13sec, #1
0005 and 0026: [723/1054], H[187], 0.01sec
0011 and 0026: [500/668], H[130], 0.01sec
0006 and 0026: 1052 matches, 0.12sec, #0
0006 and 0026: [675/1052], H[396], 0.01sec
0021 and 0026: 700 matches, 0.21sec, #2
0012 and 0026: 350 matches, 0.18sec, #1
0021 and 0026: [569/700], H[140], 0.00sec
0012 and 0026: [230/350], H[126], 0.00sec
0007 and 0026: 1218 matches, 0.12sec, #0
0007 and 0026: [931/1218], H[123], 0.01sec
0022 and 0026: 1737 matches, 0.14sec, #2
0022 and 0026: [1545/1737], H[338], 0.02sec
0008 and 0026: 790 matches, 0.17sec, #0
0013 and 0026: 291 matches, 0.20sec, #1
0008 and 0026: [514/790], H[363], 0.01sec
0013 and 0026: [177/291], H[57], 0.01sec
0003 and 0027: 747 matches, 0.12sec, #0
0003 and 0027: [599/747], H[183], 0.01sec
0023 and 0026: 2751 matches, 0.23sec, #2
0014 and 0026: 366 matches, 0.19sec, #1
0014 and 0026: [230/366], H[82], 0.01sec
0023 and 0026: [2539/2751], H[870], 0.01sec
0004 and 0027: 811 matches, 0.12sec, #0
0004 and 0027: [600/811], H[88], 0.01sec
0005 and 0027: 945 matches, 0.13sec, #0
0005 and 0027: [714/945], H[88], 0.01sec
0015 and 0026: 202 matches, 0.20sec, #1
0024 and 0026: 4271 matches, 0.23sec, #2
0015 and 0026: [125/202], H[35], 0.01sec
0006 and 0027: 1023 matches, 0.13sec, #0
0006 and 0027: [771/1023], H[105], 0.01sec
0024 and 0026: [4149/4271], H[3636], 0.03sec
0007 and 0027: 980 matches, 0.15sec, #0
0007 and 0027: [804/980], H[123], 0.01sec
0016 and 0026: 198 matches, 0.20sec, #1
0016 and 0026: [135/198], H[25], 0.00sec
0025 and 0026: 4001 matches, 0.23sec, #2
0008 and 0027: 604 matches, 0.12sec, #0
0008 and 0027: [465/604], H[179], 0.01sec
0025 and 0026: [3849/4001], H[2025], 0.03sec
0017 and 0026: 426 matches, 0.22sec, #1
0009 and 0027: 624 matches, 0.12sec, #0
0017 and 0026: [267/426], H[103], 0.01sec
0009 and 0027: [451/624], H[138], 0.01sec
0000 and 0027: 391 matches, 0.23sec, #2
0000 and 0027: [221/391], H[70], 0.01sec
0010 and 0027: 531 matches, 0.13sec, #0
0010 and 0027: [406/531], H[153], 0.01sec
0018 and 0026: 356 matches, 0.21sec, #1
0001 and 0027: 468 matches, 0.13sec, #2
0018 and 0026: [212/356], H[63], 0.01sec
0001 and 0027: [328/468], H[186], 0.00sec
0011 and 0027: 477 matches, 0.12sec, #0
0011 and 0027: [345/477], H[105], 0.01sec
0013 and 0027: 196 matches, 0.17sec, #1
0013 and 0027: [119/196], H[76], 0.01sec
0012 and 0027: 294 matches, 0.12sec, #0
0002 and 0027: 584 matches, 0.20sec, #2
0012 and 0027: [187/294], H[40], 0.01sec
0002 and 0027: [429/584], H[120], 0.01sec
0023 and 0027: 1766 matches, 0.13sec, #0
0023 and 0027: [1570/1766], H[251], 0.02sec
0014 and 0027: 248 matches, 0.21sec, #1
0006 and 0028: 743 matches, 0.23sec, #2
0014 and 0027: [154/248], H[78], 0.00sec
0024 and 0027: 2700 matches, 0.12sec, #0
0006 and 0028: [507/743], H[68], 0.01sec
0024 and 0027: [2526/2700], H[869], 0.02sec
0025 and 0027: 2431 matches, 0.12sec, #0
0015 and 0027: 166 matches, 0.18sec, #1
0025 and 0027: [2242/2431], H[309], 0.03sec
0015 and 0027: [111/166], H[32], 0.00sec
0007 and 0028: 756 matches, 0.18sec, #2
0007 and 0028: [588/756], H[49], 0.01sec
0016 and 0027: 163 matches, 0.08sec, #1
0026 and 0027: 2888 matches, 0.13sec, #0
0016 and 0027: [97/163], H[32], 0.01sec
0026 and 0027: [2652/2888], H[971], 0.02sec
0000 and 0028: 250 matches, 0.11sec, #0
0000 and 0028: [130/250], H[58], 0.01sec
0008 and 0028: 519 matches, 0.18sec, #2
0008 and 0028: [340/519], H[127], 0.01sec
0017 and 0027: 286 matches, 0.20sec, #1
0017 and 0027: [166/286], H[60], 0.01sec
0001 and 0028: 299 matches, 0.11sec, #0
0001 and 0028: [191/299], H[74], 0.01sec
0002 and 0028: 396 matches, 0.11sec, #0
0002 and 0028: [256/396], H[186], 0.03sec
0009 and 0028: 559 matches, 0.20sec, #2
0009 and 0028: [388/559], H[50], 0.00sec
0018 and 0027: 265 matches, 0.22sec, #1
0003 and 0028: 572 matches, 0.12sec, #0
0010 and 0028: 506 matches, 0.08sec, #2
0018 and 0027: [157/265], H[52], 0.01sec
0003 and 0028: [395/572], H[253], 0.00sec
0010 and 0028: [406/506], H[156], 0.00sec
0004 and 0028: 646 matches, 0.14sec, #0
0004 and 0028: [423/646], H[165], 0.01sec
0019 and 0027: 387 matches, 0.20sec, #1
0011 and 0028: 506 matches, 0.21sec, #2
0005 and 0028: 772 matches, 0.12sec, #0
0019 and 0027: [284/387], H[18], 0.00sec
0011 and 0028: [391/506], H[220], 0.00sec
0005 and 0028: [462/772], H[337], 0.01sec
0016 and 0028: 249 matches, 0.12sec, #0
0016 and 0028: [155/249], H[61], 0.01sec
0012 and 0028: 307 matches, 0.27sec, #2
0017 and 0028: 271 matches, 0.11sec, #0
0020 and 0027: 918 matches, 0.28sec, #1
0012 and 0028: [194/307], H[89], 0.01sec
0017 and 0028: [176/271], H[43], 0.00sec
0020 and 0027: [758/918], H[78], 0.01sec
0018 and 0028: 289 matches, 0.12sec, #0
0018 and 0028: [166/289], H[49], 0.01sec
0013 and 0028: 255 matches, 0.20sec, #2
0021 and 0027: 472 matches, 0.20sec, #1
0019 and 0028: 427 matches, 0.10sec, #0
0013 and 0028: [157/255], H[60], 0.00sec
0021 and 0027: [357/472], H[57], 0.00sec
0019 and 0028: [340/427], H[35], 0.00sec
0020 and 0028: 789 matches, 0.14sec, #0
0020 and 0028: [611/789], H[44], 0.01sec
0014 and 0028: 276 matches, 0.20sec, #2
0022 and 0027: 1182 matches, 0.22sec, #1
0021 and 0028: 463 matches, 0.11sec, #0
0014 and 0028: [179/276], H[82], 0.00sec
0022 and 0027: [949/1182], H[138], 0.01sec
0021 and 0028: [355/463], H[38], 0.00sec
0022 and 0028: 1037 matches, 0.16sec, #0
0022 and 0028: [851/1037], H[185], 0.01sec
0015 and 0028: 242 matches, 0.20sec, #2
0015 and 0028: [159/242], H[56], 0.01sec
0023 and 0028: 1563 matches, 0.12sec, #0
0026 and 0028: 2576 matches, 0.32sec, #1
0023 and 0028: [1412/1563], H[283], 0.01sec
0026 and 0028: [2389/2576], H[1316], 0.02sec
0008 and 0029: 565 matches, 0.23sec, #2
0008 and 0029: [437/565], H[103], 0.01sec
0024 and 0028: 2509 matches, 0.11sec, #0
0024 and 0028: [2358/2509], H[766], 0.02sec
0027 and 0028: 2594 matches, 0.20sec, #1
0009 and 0029: 378 matches, 0.14sec, #2
0027 and 0028: [2480/2594], H[1409], 0.02sec
0009 and 0029: [279/378], H[145], 0.00sec
0025 and 0028: 2196 matches, 0.12sec, #0
0025 and 0028: [2072/2196], H[549], 0.06sec
0018 and 0029: 163 matches, 0.12sec, #0
0018 and 0029: [103/163], H[12], 0.01sec
0000 and 0029: 324 matches, 0.22sec, #1
0000 and 0029: [214/324], H[41], 0.01sec
0010 and 0029: 391 matches, 0.23sec, #2
0019 and 0029: 228 matches, 0.12sec, #0
0010 and 0029: [294/391], H[100], 0.00sec
0019 and 0029: [150/228], H[58], 0.00sec
0001 and 0029: 470 matches, 0.12sec, #1
0001 and 0029: [348/470], H[259], 0.01sec
0020 and 0029: 391 matches, 0.13sec, #0
0020 and 0029: [295/391], H[85], 0.01sec
0011 and 0029: 303 matches, 0.25sec, #2
0002 and 0029: 621 matches, 0.25sec, #1
0021 and 0029: 254 matches, 0.11sec, #0
0011 and 0029: [243/303], H[92], 0.00sec
0002 and 0029: [533/621], H[140], 0.00sec
0021 and 0029: [180/254], H[36], 0.00sec
0022 and 0029: 569 matches, 0.12sec, #0
0022 and 0029: [425/569], H[42], 0.01sec
0012 and 0029: 226 matches, 0.22sec, #2
0003 and 0029: 910 matches, 0.23sec, #1
0023 and 0029: 679 matches, 0.11sec, #0
0012 and 0029: [171/226], H[90], 0.00sec
0003 and 0029: [737/910], H[112], 0.00sec
0023 and 0029: [535/679], H[60], 0.00sec
0024 and 0029: 1038 matches, 0.13sec, #0
0024 and 0029: [905/1038], H[80], 0.01sec
0013 and 0029: 167 matches, 0.21sec, #2
0004 and 0029: 874 matches, 0.25sec, #1
0013 and 0029: [112/167], H[50], 0.00sec
0004 and 0029: [610/874], H[136], 0.01sec
0025 and 0029: 885 matches, 0.12sec, #0
0025 and 0029: [754/885], H[83], 0.01sec
0026 and 0029: 1071 matches, 0.12sec, #0
0026 and 0029: [958/1071], H[143], 0.01sec
0005 and 0029: 871 matches, 0.25sec, #1
0014 and 0029: 175 matches, 0.25sec, #2
0005 and 0029: [749/871], H[85], 0.01sec
0014 and 0029: [111/175], H[16], 0.00sec
0027 and 0029: 1834 matches, 0.12sec, #0
0027 and 0029: [1593/1834], H[328], 0.01sec
0028 and 0029: 1156 matches, 0.12sec, #0
0028 and 0029: [1032/1156], H[44], 0.01sec
0006 and 0029: 845 matches, 0.22sec, #1
0015 and 0029: 145 matches, 0.22sec, #2
0000 and 0030: 462 matches, 0.11sec, #0
0006 and 0029: [713/845], H[102], 0.00sec
0015 and 0029: [90/145], H[49], 0.00sec
0000 and 0030: [335/462], H[90], 0.00sec
0001 and 0030: 778 matches, 0.13sec, #0
0001 and 0030: [591/778], H[457], 0.01sec
0007 and 0029: 661 matches, 0.20sec, #1
0016 and 0029: 123 matches, 0.21sec, #2
0007 and 0029: [538/661], H[59], 0.00sec
0002 and 0030: 973 matches, 0.12sec, #0
0016 and 0029: [82/123], H[23], 0.00sec
0002 and 0030: [821/973], H[458], 0.01sec
0003 and 0030: 873 matches, 0.20sec, #0
0003 and 0030: [783/873], H[347], 0.01sec
0009 and 0030: 345 matches, 0.25sec, #1
0009 and 0030: [258/345], H[67], 0.01sec
0017 and 0029: 164 matches, 0.26sec, #2
0004 and 0030: 865 matches, 0.12sec, #0
0017 and 0029: [92/164], H[33], 0.01sec
0004 and 0030: [754/865], H[188], 0.01sec
0005 and 0030: 687 matches, 0.13sec, #0
0005 and 0030: [554/687], H[81], 0.01sec
0010 and 0030: 248 matches, 0.22sec, #1
0019 and 0030: 131 matches, 0.21sec, #2
0006 and 0030: 542 matches, 0.12sec, #0
0010 and 0030: [184/248], H[27], 0.00sec
0019 and 0030: [96/131], H[43], 0.00sec
0006 and 0030: [424/542], H[228], 0.00sec
0007 and 0030: 535 matches, 0.13sec, #0
0007 and 0030: [385/535], H[205], 0.01sec
0011 and 0030: 291 matches, 0.22sec, #1
0020 and 0030: 304 matches, 0.24sec, #2
0011 and 0030: [198/291], H[92], 0.01sec
0008 and 0030: 388 matches, 0.12sec, #0
0020 and 0030: [222/304], H[71], 0.00sec
0008 and 0030: [297/388], H[108], 0.00sec
0029 and 0030: 1601 matches, 0.15sec, #0
0029 and 0030: [1528/1601], H[696], 0.01sec
0021 and 0030: 168 matches, 0.22sec, #2
0012 and 0030: 187 matches, 0.23sec, #1
0021 and 0030: [133/168], H[42], 0.00sec
0000 and 0031: 827 matches, 0.11sec, #0
0012 and 0030: [119/187], H[14], 0.00sec
0000 and 0031: [597/827], H[284], 0.01sec
0001 and 0031: 1284 matches, 0.12sec, #0
0001 and 0031: [1142/1284], H[371], 0.01sec
0022 and 0030: 408 matches, 0.20sec, #2
0013 and 0030: 157 matches, 0.13sec, #1
0002 and 0031: 1535 matches, 0.11sec, #0
0022 and 0030: [321/408], H[88], 0.00sec
0013 and 0030: [99/157], H[24], 0.00sec
0002 and 0031: [1414/1535], H[677], 0.01sec
0003 and 0031: 1759 matches, 0.12sec, #0
0003 and 0031: [1574/1759], H[720], 0.01sec
0023 and 0030: 564 matches, 0.21sec, #2
0014 and 0030: 175 matches, 0.22sec, #1
0023 and 0030: [413/564], H[138], 0.00sec
0014 and 0030: [101/175], H[38], 0.00sec
0004 and 0031: 1776 matches, 0.12sec, #0
0004 and 0031: [1541/1776], H[315], 0.01sec
0005 and 0031: 1413 matches, 0.12sec, #0
0005 and 0031: [1169/1413], H[272], 0.01sec
0024 and 0030: 875 matches, 0.18sec, #2
0024 and 0030: [737/875], H[231], 0.01sec
0015 and 0030: 137 matches, 0.20sec, #1
0015 and 0030: [70/137], H[35], 0.01sec
0006 and 0031: 1090 matches, 0.12sec, #0
0006 and 0031: [828/1090], H[388], 0.01sec
0007 and 0031: 804 matches, 0.12sec, #0
0007 and 0031: [601/804], H[243], 0.01sec
0025 and 0030: 760 matches, 0.22sec, #2
0016 and 0030: 133 matches, 0.21sec, #1
0008 and 0031: 603 matches, 0.12sec, #0
0025 and 0030: [610/760], H[90], 0.01sec
0016 and 0030: [69/133], H[12], 0.01sec
0008 and 0031: [424/603], H[189], 0.01sec
0009 and 0031: 433 matches, 0.13sec, #0
0009 and 0031: [302/433], H[86], 0.01sec
0017 and 0030: 151 matches, 0.22sec, #1
0026 and 0030: 951 matches, 0.23sec, #2
0017 and 0030: [76/151], H[27], 0.01sec
0026 and 0030: [781/951], H[74], 0.01sec
0010 and 0031: 290 matches, 0.11sec, #0
0010 and 0031: [167/290], H[55], 0.01sec
0011 and 0031: 279 matches, 0.12sec, #0
0011 and 0031: [162/279], H[24], 0.01sec
0018 and 0030: 160 matches, 0.19sec, #1
0027 and 0030: 1335 matches, 0.22sec, #2
0012 and 0031: 184 matches, 0.11sec, #0
0018 and 0030: [80/160], H[25], 0.01sec
0027 and 0030: [1151/1335], H[107], 0.01sec
0012 and 0031: [104/184], H[22], 0.01sec
0013 and 0031: 147 matches, 0.13sec, #0
0013 and 0031: [92/147], H[28], 0.01sec
0019 and 0031: 155 matches, 0.20sec, #1
0028 and 0030: 1478 matches, 0.23sec, #2
0014 and 0031: 145 matches, 0.11sec, #0
0019 and 0031: [99/155], H[50], 0.00sec
0028 and 0030: [1225/1478], H[106], 0.01sec
0014 and 0031: [79/145], H[15], 0.01sec
0015 and 0031: 97 matches, 0.15sec, #0
0020 and 0031: 305 matches, 0.16sec, #1
0020 and 0031: [213/305], H[78], 0.01sec
0015 and 0031: [45/97], H[13], 0.02sec
0029 and 0031: 1523 matches, 0.27sec, #2
0029 and 0031: [1186/1523], H[374], 0.01sec
0016 and 0031: 83 matches, 0.11sec, #0
0016 and 0031: [48/83], H[26], 0.01sec
0021 and 0031: 185 matches, 0.15sec, #1
0017 and 0031: 145 matches, 0.11sec, #0
0021 and 0031: [145/185], H[32], 0.00sec
0017 and 0031: [72/145], H[16], 0.01sec
0030 and 0031: 1734 matches, 0.14sec, #2
0030 and 0031: [1498/1734], H[889], 0.02sec
0022 and 0031: 431 matches, 0.11sec, #1
0022 and 0031: [330/431], H[131], 0.00sec
0018 and 0031: 159 matches, 0.11sec, #0
0018 and 0031: [67/159], H[35], 0.03sec
0008 and 0032: 467 matches, 0.12sec, #0
0000 and 0032: 1217 matches, 0.19sec, #2
0008 and 0032: [323/467], H[81], 0.01sec
0000 and 0032: [916/1217], H[78], 0.01sec
0023 and 0031: 533 matches, 0.22sec, #1
0023 and 0031: [373/533], H[52], 0.00sec
0001 and 0032: 1601 matches, 0.12sec, #2
0009 and 0032: 325 matches, 0.13sec, #0
0009 and 0032: [204/325], H[47], 0.01sec
0001 and 0032: [1388/1601], H[857], 0.01sec
0010 and 0032: 203 matches, 0.15sec, #0
0010 and 0032: [117/203], H[14], 0.01sec
0024 and 0031: 794 matches, 0.20sec, #1
0024 and 0031: [567/794], H[367], 0.01sec
0002 and 0032: 1926 matches, 0.18sec, #2
0002 and 0032: [1778/1926], H[318], 0.01sec
0011 and 0032: 202 matches, 0.13sec, #0
0025 and 0031: 657 matches, 0.11sec, #1
0011 and 0032: [116/202], H[29], 0.01sec
0025 and 0031: [414/657], H[65], 0.01sec
0012 and 0032: 136 matches, 0.13sec, #0
0003 and 0032: 1813 matches, 0.19sec, #2
0012 and 0032: [69/136], H[12], 0.01sec
0003 and 0032: [1592/1813], H[457], 0.01sec
0026 and 0031: 839 matches, 0.21sec, #1
0026 and 0031: [597/839], H[73], 0.01sec
0013 and 0032: 117 matches, 0.12sec, #0
0013 and 0032: [64/117], H[17], 0.01sec
0004 and 0032: 1650 matches, 0.14sec, #2
0004 and 0032: [1364/1650], H[386], 0.02sec
0027 and 0031: 1215 matches, 0.12sec, #1
0014 and 0032: 124 matches, 0.11sec, #0
0027 and 0031: [929/1215], H[469], 0.01sec
0014 and 0032: [50/124], H[12], 0.08sec
0005 and 0032: 1142 matches, 0.18sec, #2
0028 and 0031: 738 matches, 0.16sec, #1
0015 and 0032: 85 matches, 0.10sec, #0
0005 and 0032: [966/1142], H[123], 0.01sec
0028 and 0031: [484/738], H[245], 0.01sec
0015 and 0032: [40/85], H[12], 0.01sec
0016 and 0032: 66 matches, 0.11sec, #0
0016 and 0032: [36/66], H[11], 0.01sec
0018 and 0032: 122 matches, 0.22sec, #1
0006 and 0032: 795 matches, 0.23sec, #2
0006 and 0032: [576/795], H[34], 0.01sec
0017 and 0032: 119 matches, 0.12sec, #0
0018 and 0032: [50/122], H[18], 0.02sec
0017 and 0032: [48/119], H[21], 0.04sec
0028 and 0032: 478 matches, 0.12sec, #0
0028 and 0032: [301/478], H[109], 0.01sec
0019 and 0032: 121 matches, 0.21sec, #1
0007 and 0032: 654 matches, 0.22sec, #2
0029 and 0032: 1064 matches, 0.12sec, #0
0019 and 0032: [64/121], H[23], 0.01sec
0007 and 0032: [474/654], H[126], 0.01sec
0029 and 0032: [749/1064], H[155], 0.01sec
0030 and 0032: 1145 matches, 0.13sec, #0
0030 and 0032: [908/1145], H[260], 0.01sec
0020 and 0032: 230 matches, 0.25sec, #1
0006 and 0033: 628 matches, 0.25sec, #2
0020 and 0032: [136/230], H[68], 0.01sec
0031 and 0032: 3082 matches, 0.13sec, #0
0006 and 0033: [458/628], H[65], 0.00sec
0031 and 0032: [2732/3082], H[1400], 0.02sec
0000 and 0033: 1070 matches, 0.11sec, #0
0000 and 0033: [880/1070], H[161], 0.01sec
0007 and 0033: 421 matches, 0.24sec, #2
0021 and 0032: 153 matches, 0.26sec, #1
0007 and 0033: [313/421], H[174], 0.00sec
0001 and 0033: 1334 matches, 0.11sec, #0
0021 and 0032: [114/153], H[43], 0.00sec
0001 and 0033: [1152/1334], H[274], 0.01sec
0002 and 0033: 1527 matches, 0.11sec, #0
0002 and 0033: [1427/1527], H[644], 0.01sec
0008 and 0033: 291 matches, 0.21sec, #2
0022 and 0032: 319 matches, 0.22sec, #1
0008 and 0033: [203/291], H[113], 0.00sec
0003 and 0033: 1359 matches, 0.10sec, #0
0022 and 0032: [232/319], H[100], 0.00sec
0003 and 0033: [1197/1359], H[302], 0.01sec
0004 and 0033: 1016 matches, 0.12sec, #0
0004 and 0033: [854/1016], H[208], 0.03sec
0009 and 0033: 217 matches, 0.22sec, #2
0023 and 0032: 380 matches, 0.23sec, #1
0009 and 0033: [141/217], H[92], 0.00sec
0023 and 0032: [228/380], H[98], 0.01sec
0005 and 0033: 649 matches, 0.12sec, #0
0005 and 0033: [499/649], H[129], 0.01sec
0016 and 0033: 69 matches, 0.10sec, #0
0016 and 0033: [34/69], H[13], 0.01sec
0010 and 0033: 201 matches, 0.22sec, #2
0010 and 0033: [127/201], H[61], 0.01sec
0017 and 0033: 99 matches, 0.11sec, #0
0017 and 0033: [50/99], H[17], 0.01sec
0024 and 0032: 564 matches, 0.32sec, #1
0024 and 0032: [354/564], H[196], 0.01sec
0011 and 0033: 183 matches, 0.13sec, #2
0018 and 0033: 95 matches, 0.10sec, #0
0011 and 0033: [109/183], H[46], 0.01sec
0018 and 0033: [45/95], H[12], 0.11sec
0025 and 0032: 470 matches, 0.18sec, #1
0025 and 0032: [309/470], H[187], 0.01sec
0012 and 0033: 115 matches, 0.17sec, #2
0019 and 0033: 90 matches, 0.10sec, #0
0012 and 0033: [70/115], H[25], 0.01sec
0019 and 0033: [55/90], H[22], 0.01sec
0020 and 0033: 162 matches, 0.11sec, #0
0020 and 0033: [117/162], H[42], 0.00sec
0026 and 0032: 551 matches, 0.22sec, #1
0013 and 0033: 93 matches, 0.18sec, #2
0021 and 0033: 90 matches, 0.10sec, #0
0026 and 0032: [334/551], H[204], 0.01sec
0021 and 0033: [64/90], H[28], 0.00sec
0013 and 0033: [55/93], H[13], 0.01sec
0022 and 0033: 204 matches, 0.12sec, #0
0022 and 0033: [144/204], H[54], 0.00sec
0014 and 0033: 80 matches, 0.20sec, #2
0027 and 0032: 743 matches, 0.21sec, #1
0014 and 0033: [40/80], H[20], 0.01sec
0027 and 0032: [501/743], H[225], 0.01sec
0023 and 0033: 273 matches, 0.11sec, #0
0023 and 0033: [193/273], H[102], 0.00sec
0024 and 0033: 410 matches, 0.13sec, #0
0024 and 0033: [253/410], H[167], 0.01sec
0015 and 0033: 59 matches, 0.17sec, #2
0015 and 0033: [28/59], H[13], 0.01sec
0026 and 0033: 421 matches, 0.21sec, #1
0026 and 0033: [281/421], H[97], 0.00sec
0025 and 0033: 354 matches, 0.12sec, #0
0025 and 0033: [208/354], H[95], 0.01sec
0013 and 0034: 105 matches, 0.13sec, #0
0003 and 0034: 1318 matches, 0.17sec, #2
0003 and 0034: [1149/1318], H[271], 0.01sec
0013 and 0034: [48/105], H[16], 0.02sec
0027 and 0033: 721 matches, 0.23sec, #1
0027 and 0033: [492/721], H[101], 0.01sec
0014 and 0034: 114 matches, 0.12sec, #0
0014 and 0034: [43/114], H[15], 0.06sec
0004 and 0034: 1271 matches, 0.19sec, #2
0004 and 0034: [1019/1271], H[432], 0.01sec
0028 and 0033: 467 matches, 0.13sec, #1
0015 and 0034: 69 matches, 0.10sec, #0
0028 and 0033: [270/467], H[22], 0.01sec
0015 and 0034: [29/69], H[7], 0.16sec
0005 and 0034: 718 matches, 0.19sec, #2
0029 and 0033: 890 matches, 0.18sec, #1
0005 and 0034: [528/718], H[221], 0.00sec
0029 and 0033: [649/890], H[455], 0.00sec
0016 and 0034: 64 matches, 0.16sec, #0
0016 and 0034: [32/64], H[12], 0.02sec
0017 and 0034: 114 matches, 0.11sec, #0
0030 and 0033: 1064 matches, 0.22sec, #1
0030 and 0033: [792/1064], H[252], 0.01sec
0006 and 0034: 474 matches, 0.25sec, #2
0006 and 0034: [324/474], H[177], 0.01sec
0017 and 0034: [42/114], H[13], 0.04sec
0018 and 0034: 120 matches, 0.11sec, #0
0031 and 0033: 1656 matches, 0.21sec, #1
0018 and 0034: [43/120], H[10], 0.06sec
0031 and 0033: [1372/1656], H[326], 0.01sec
0007 and 0034: 425 matches, 0.21sec, #2
0019 and 0034: 94 matches, 0.10sec, #0
0007 and 0034: [275/425], H[96], 0.01sec
0019 and 0034: [44/94], H[19], 0.01sec
0020 and 0034: 159 matches, 0.11sec, #0
0020 and 0034: [87/159], H[27], 0.01sec
0032 and 0033: 2301 matches, 0.19sec, #1
0032 and 0033: [2128/2301], H[1576], 0.01sec
0008 and 0034: 297 matches, 0.20sec, #2
0021 and 0034: 97 matches, 0.10sec, #0
0008 and 0034: [195/297], H[74], 0.01sec
0021 and 0034: [55/97], H[23], 0.01sec
0022 and 0034: 200 matches, 0.11sec, #0
0022 and 0034: [118/200], H[32], 0.01sec
0000 and 0034: 1817 matches, 0.22sec, #1
0009 and 0034: 235 matches, 0.20sec, #2
0000 and 0034: [1514/1817], H[449], 0.01sec
0009 and 0034: [125/235], H[61], 0.01sec
0023 and 0034: 273 matches, 0.11sec, #0
0023 and 0034: [162/273], H[31], 0.01sec
0001 and 0034: 1892 matches, 0.17sec, #1
0024 and 0034: 384 matches, 0.15sec, #0
0010 and 0034: 153 matches, 0.17sec, #2
0024 and 0034: [240/384], H[62], 0.01sec
0001 and 0034: [1696/1892], H[883], 0.01sec
0010 and 0034: [78/153], H[22], 0.01sec
0025 and 0034: 326 matches, 0.13sec, #0
0025 and 0034: [187/326], H[59], 0.01sec
0002 and 0034: 2045 matches, 0.17sec, #1
0011 and 0034: 163 matches, 0.18sec, #2
0002 and 0034: [1806/2045], H[328], 0.01sec
0011 and 0034: [85/163], H[27], 0.01sec
0026 and 0034: 410 matches, 0.11sec, #0
0026 and 0034: [228/410], H[76], 0.01sec
0027 and 0034: 487 matches, 0.12sec, #0
0027 and 0034: [316/487], H[155], 0.01sec
0033 and 0034: 2190 matches, 0.18sec, #1
0033 and 0034: [2087/2190], H[801], 0.01sec
0012 and 0034: 122 matches, 0.19sec, #2
0028 and 0034: 326 matches, 0.12sec, #0
0028 and 0034: [174/326], H[71], 0.01sec
0000 and 0035: 1955 matches, 0.12sec, #1
0000 and 0035: [1677/1955], H[472], 0.01sec
0012 and 0034: [49/122], H[23], 0.05sec
0029 and 0034: 595 matches, 0.11sec, #0
0029 and 0034: [372/595], H[100], 0.01sec
0030 and 0034: 780 matches, 0.13sec, #0
0001 and 0035: 1942 matches, 0.18sec, #1
0030 and 0034: [543/780], H[308], 0.01sec
0001 and 0035: [1775/1942], H[594], 0.01sec
0009 and 0035: 227 matches, 0.20sec, #2
0009 and 0035: [133/227], H[49], 0.01sec
0031 and 0034: 1730 matches, 0.11sec, #0
0031 and 0034: [1291/1730], H[475], 0.01sec
0002 and 0035: 2123 matches, 0.12sec, #1
0010 and 0035: 159 matches, 0.16sec, #2
0002 and 0035: [1857/2123], H[905], 0.01sec
0032 and 0034: 2684 matches, 0.11sec, #0
0010 and 0035: [77/159], H[35], 0.01sec
0032 and 0034: [2451/2684], H[993], 0.02sec
0019 and 0035: 100 matches, 0.09sec, #0
0003 and 0035: 1350 matches, 0.17sec, #1
0019 and 0035: [43/100], H[19], 0.04sec
0003 and 0035: [1139/1350], H[369], 0.01sec
0011 and 0035: 176 matches, 0.20sec, #2
0011 and 0035: [95/176], H[29], 0.01sec
0020 and 0035: 165 matches, 0.12sec, #0
0020 and 0035: [84/165], H[50], 0.01sec
0004 and 0035: 1239 matches, 0.16sec, #1
0004 and 0035: [1023/1239], H[171], 0.01sec
0021 and 0035: 109 matches, 0.10sec, #0
0012 and 0035: 130 matches, 0.13sec, #2
0021 and 0035: [64/109], H[24], 0.01sec
0012 and 0035: [60/130], H[14], 0.03sec
0022 and 0035: 189 matches, 0.11sec, #0
0022 and 0035: [125/189], H[24], 0.01sec
0005 and 0035: 722 matches, 0.20sec, #1
0013 and 0035: 99 matches, 0.18sec, #2
0005 and 0035: [534/722], H[236], 0.01sec
0023 and 0035: 236 matches, 0.11sec, #0
0013 and 0035: [53/99], H[21], 0.01sec
0023 and 0035: [135/236], H[69], 0.01sec
0024 and 0035: 410 matches, 0.12sec, #0
0024 and 0035: [239/410], H[72], 0.01sec
0006 and 0035: 486 matches, 0.22sec, #1
0014 and 0035: 128 matches, 0.21sec, #2
0006 and 0035: [347/486], H[46], 0.00sec
0025 and 0035: 317 matches, 0.13sec, #0
0025 and 0035: [191/317], H[53], 0.01sec
0014 and 0035: [51/128], H[16], 0.10sec
0026 and 0035: 412 matches, 0.12sec, #0
0026 and 0035: [231/412], H[55], 0.01sec
0007 and 0035: 383 matches, 0.19sec, #1
0015 and 0035: 72 matches, 0.10sec, #2
0027 and 0035: 506 matches, 0.11sec, #0
0007 and 0035: [253/383], H[89], 0.00sec
0027 and 0035: [311/506], H[169], 0.00sec
0015 and 0035: [29/72], H[7], 0.03sec
0028 and 0035: 322 matches, 0.13sec, #0
0028 and 0035: [197/322], H[65], 0.01sec
0008 and 0035: 316 matches, 0.18sec, #1
0008 and 0035: [205/316], H[63], 0.01sec
0016 and 0035: 74 matches, 0.18sec, #2
0029 and 0035: 545 matches, 0.11sec, #0
0029 and 0035: [384/545], H[213], 0.01sec
0016 and 0035: [33/74], H[14], 0.10sec
0004 and 0036: 670 matches, 0.11sec, #1
0030 and 0035: 774 matches, 0.11sec, #0
0004 and 0036: [494/670], H[115], 0.01sec
0030 and 0035: [579/774], H[285], 0.01sec
0031 and 0035: 1719 matches, 0.12sec, #0
0031 and 0035: [1332/1719], H[504], 0.01sec
0017 and 0035: 121 matches, 0.17sec, #2
0005 and 0036: 403 matches, 0.19sec, #1
0017 and 0035: [38/121], H[13], 0.05sec
0005 and 0036: [243/403], H[121], 0.01sec
0032 and 0035: 2399 matches, 0.11sec, #0
0032 and 0035: [2186/2399], H[572], 0.02sec
0033 and 0035: 1924 matches, 0.10sec, #0
0033 and 0035: [1765/1924], H[421], 0.02sec
0018 and 0035: 114 matches, 0.17sec, #2
0006 and 0036: 299 matches, 0.19sec, #1
0018 and 0035: [45/114], H[15], 0.04sec
0006 and 0036: [171/299], H[54], 0.01sec
0034 and 0035: 3604 matches, 0.10sec, #0
0034 and 0035: [3347/3604], H[2243], 0.13sec
0007 and 0036: 271 matches, 0.15sec, #1
0014 and 0036: 113 matches, 0.17sec, #2
0007 and 0036: [152/271], H[49], 0.01sec
0000 and 0036: 7667 matches, 0.11sec, #0
0014 and 0036: [40/113], H[18], 0.07sec
0000 and 0036: [7667/7667], H[7667], 0.06sec
0008 and 0036: 200 matches, 0.16sec, #1
0015 and 0036: 64 matches, 0.11sec, #2
0001 and 0036: 1636 matches, 0.11sec, #0
0008 and 0036: [105/200], H[40], 0.01sec
0001 and 0036: [1185/1636], H[388], 0.00sec
0015 and 0036: [20/64], H[6], 0.13sec
0002 and 0036: 1260 matches, 0.12sec, #0
0002 and 0036: [993/1260], H[108], 0.01sec
0009 and 0036: 210 matches, 0.14sec, #1
0009 and 0036: [94/210], H[24], 0.05sec
0016 and 0036: 58 matches, 0.09sec, #2
0003 and 0036: 657 matches, 0.11sec, #0
0003 and 0036: [477/657], H[56], 0.01sec
0016 and 0036: [21/58], H[10], 0.08sec
0010 and 0036: 143 matches, 0.12sec, #1
0024 and 0036: 274 matches, 0.11sec, #0
0024 and 0036: [148/274], H[50], 0.01sec
0010 and 0036: [63/143], H[6], 0.07sec
0017 and 0036: 76 matches, 0.10sec, #2
0025 and 0036: 242 matches, 0.11sec, #0
0025 and 0036: [131/242], H[57], 0.01sec
0017 and 0036: [29/76], H[13], 0.07sec
0011 and 0036: 130 matches, 0.12sec, #1
0026 and 0036: 301 matches, 0.12sec, #0
0011 and 0036: [57/130], H[20], 0.03sec
0026 and 0036: [163/301], H[48], 0.01sec
0018 and 0036: 102 matches, 0.18sec, #2
0012 and 0036: 96 matches, 0.16sec, #1
0027 and 0036: 391 matches, 0.18sec, #0
0027 and 0036: [216/391], H[35], 0.01sec
0012 and 0036: [37/96], H[13], 0.03sec
0018 and 0036: [32/102], H[13], 0.06sec
0028 and 0036: 250 matches, 0.13sec, #0
0028 and 0036: [132/250], H[46], 0.01sec
0013 and 0036: 84 matches, 0.18sec, #1
0019 and 0036: 66 matches, 0.13sec, #2
0029 and 0036: 324 matches, 0.12sec, #0
0029 and 0036: [212/324], H[61], 0.00sec
0013 and 0036: [30/84], H[11], 0.04sec
0019 and 0036: [23/66], H[6], 0.05sec
0030 and 0036: 462 matches, 0.11sec, #0
0030 and 0036: [331/462], H[50], 0.01sec
0031 and 0036: 827 matches, 0.11sec, #0
0031 and 0036: [621/827], H[206], 0.01sec
0033 and 0036: 1070 matches, 0.18sec, #1
0033 and 0036: [818/1070], H[126], 0.01sec
0020 and 0036: 130 matches, 0.20sec, #2
0032 and 0036: 1217 matches, 0.11sec, #0
0032 and 0036: [928/1217], H[484], 0.01sec
0020 and 0036: [57/130], H[18], 0.03sec
0035 and 0036: 1955 matches, 0.11sec, #0
0035 and 0036: [1543/1955], H[459], 0.02sec
0034 and 0036: 1817 matches, 0.19sec, #1
0021 and 0036: 70 matches, 0.16sec, #2
0034 and 0036: [1421/1817], H[184], 0.01sec
0021 and 0036: [38/70], H[16], 0.01sec
0022 and 0036: 130 matches, 0.09sec, #2
0022 and 0036: [72/130], H[10], 0.01sec
0023 and 0036: 191 matches, 0.10sec, #2
0023 and 0036: [106/191], H[35], 0.01sec

###########-------timing------#########
666 Image Match finished, 47 sec used
#############################

----------------------------------------------------------------
Compute Missing Pairwise Matching, finished
Totally 53.000 seconds used


Run full 3D reconstruction, begin...
650 pairs have two-view models
666 pairs have fundamental matrices
Initialize with sofa (15) and sofa (19)
1665 3D points initialized from two images
PBA library version = 105
PBA: 1665 3D pts, 2 cams and 3330 projs...
PBA: 3.243 -> 0.061 (1 LMs in 0.13sec)
Focal Length : [426.170]->[426.170]
Focal Length : [426.170]->[426.170]

#############################
#3: [sofa (18)] sees 1930 (+1929) 3D points
Estimated Focal Length [426][0.67W]
# 1176 projs (0 pts and 0 merges)
PBA: 1665 3D pts, 3 cams and 4506 projs...
PBA: 1.021 -> 0.167 (1 LMs in 0.00sec)

**************************************
#3/3:  2901 projs and 719 pts added.
PBA: 2382 3D pts, 3 cams and 6227 projs...
PBA: 0.478 -> 0.194 (5 LMs in 0.01sec)
PBA: 2382 3D pts, 3 cams and 6227 projs...
PBA: 0.194 -> 0.182 (1 LMs in 0.00sec)
Focal Length : [426.170]->[426.170]
Radial Distortion : [0.000 -> 0]

#############################
#4: [sofa (16)] sees 2767 (+1172) 3D points
Estimated Focal Length [426][0.67W]
# 1911 projs (317 pts and 0 merges)
PBA: 2698 3D pts, 4 cams and 8136 projs...
PBA: 0.330 -> 0.216 (1 LMs in 0.00sec)
#points w/ large errors:	3
Focal Length : [426.170]->[426.170]
Radial Distortion : [0.000 -> 0]

#############################
#5: [sofa (14)] sees 3464 (+1775) 3D points
Estimated Focal Length [426][0.67W]
# 1625 projs (0 pts and 0 merges)
PBA: 2695 3D pts, 5 cams and 9752 projs...
PBA: 0.724 -> 0.377 (20 LMs in 0.09sec)
#points w/ large errors:	2

**************************************
#5/5:  3524 projs and 732 pts added.
PBA: 3418 3D pts, 5 cams and 11645 projs...
PBA: 0.511 -> 0.478 (31 LMs in 0.10sec)
#points w/ large errors:	1
PBA: 3417 3D pts, 5 cams and 11643 projs...
PBA: 0.470 -> 0.468 (48 LMs in 0.23sec)
Focal Length : [426.170]->[426.170]
Radial Distortion : [0.000 -> 0]

#############################
#6: [sofa (13)] sees 4661 (+1732) 3D points
Estimated Focal Length [426][0.67W]
# 1808 projs (0 pts and 4 merges)
PBA: 3412 3D pts, 6 cams and 13449 projs...
PBA: 0.853 -> 0.582 (62 LMs in 0.44sec)
#points w/ large errors:	17
Focal Length : [426.170]->[426.170]
Radial Distortion : [0.000 -> 0]

#############################
#7: [sofa (12)] sees 5164 (+1816) 3D points
Estimated Focal Length [426][0.67W]
# 1735 projs (0 pts and 3 merges)
PBA: 3390 3D pts, 7 cams and 15141 projs...
PBA: 1.471 -> 0.829 (27 LMs in 0.21sec)
#points w/ large errors:	15

**************************************
#7/7:  7406 projs and 2221 pts added.
PBA: 5553 3D pts, 7 cams and 20746 projs...
PBA: 0.660 -> 0.625 (24 LMs in 0.07sec)
PBA: 5553 3D pts, 7 cams and 20746 projs...
PBA: 0.625 -> 0.625 (14 LMs in 0.04sec)
Focal Length : [426.170]->[426.170]
Radial Distortion : [0.000 -> 0]

#############################
#8: [sofa (11)] sees 6737 (+1968) 3D points
Estimated Focal Length [426][0.67W]
# 2355 projs (0 pts and 22 merges)
PBA: 5519 3D pts, 8 cams and 23077 projs...
PBA: 1.218 -> 0.862 (31 LMs in 0.26sec)
#points w/ large errors:	15
Focal Length : [426.170]->[426.170]
Radial Distortion : [0.000 -> 0]

#############################
#9: [sofa (10)] sees 5721 (+1941) 3D points
Estimated Focal Length [426][0.67W]
# 1931 projs (0 pts and 18 merges)
PBA: 3987 3D pts, 9 cams and 21942 projs...
PBA: 1.479 -> 0.862 (28 LMs in 0.21sec)
#points w/ large errors:	35

**************************************
#9/9:  6474 projs and 1730 pts added.
PBA: 7160 3D pts, 9 cams and 29265 projs...
PBA: 0.731 -> 0.676 (50 LMs in 0.31sec)
#points w/ large errors:	1
PBA: 7159 3D pts, 9 cams and 29262 projs...
PBA: 0.694 -> 0.690 (15 LMs in 0.09sec)
Focal Length : [426.170]->[426.170]
Radial Distortion : [0.000 -> 0]

#############################
#10: [sofa (9)] sees 5478 (+1694) 3D points
Estimated Focal Length [426][0.67W]
# 2086 projs (0 pts and 14 merges)
PBA: 4916 3D pts, 10 cams and 26890 projs...
PBA: 1.149 -> 0.837 (32 LMs in 0.32sec)
#points w/ large errors:	53
Focal Length : [426.170]->[426.170]
Radial Distortion : [0.000 -> 0]

#############################
#11: [sofa (8)] sees 5867 (+2301) 3D points
Estimated Focal Length [426][0.67W]
# 2138 projs (0 pts and 9 merges)
PBA: 4984 3D pts, 11 cams and 29021 projs...
PBA: 1.130 -> 0.807 (23 LMs in 0.11sec)
#points w/ large errors:	20
Focal Length : [426.170]->[426.170]
Radial Distortion : [0.000 -> 0]

#############################
#12: [sofa (7)] sees 5400 (+2138) 3D points
Estimated Focal Length [426][0.67W]
# 1744 projs (0 pts and 10 merges)
PBA: 5010 3D pts, 12 cams and 30744 projs...
PBA: 1.158 -> 0.778 (21 LMs in 0.20sec)
#points w/ large errors:	21

**************************************
#12/12:  9017 projs and 2550 pts added.
PBA: 9487 3D pts, 12 cams and 41826 projs...
PBA: 0.816 -> 0.724 (15 LMs in 0.07sec)
#points w/ large errors:	3
PBA: 9484 3D pts, 12 cams and 41799 projs...
PBA: 0.657 -> 0.656 (19 LMs in 0.09sec)
#points w/ large errors:	4
Focal Length : [426.170]->[426.170]
Radial Distortion : [0.000 -> 0]

#############################
#13: [sofa (6)] sees 7062 (+2277) 3D points
Estimated Focal Length [426][0.67W]
# 2626 projs (0 pts and 24 merges)
PBA: 6628 3D pts, 13 cams and 38736 projs...
PBA: 1.139 -> 0.840 (21 LMs in 0.15sec)
#points w/ large errors:	66
Focal Length : [426.170]->[426.170]
Radial Distortion : [0.000 -> 0]

#############################
#14: [sofa (5)] sees 5214 (+1567) 3D points
Estimated Focal Length [426][0.67W]
# 1807 projs (0 pts and 7 merges)
PBA: 6606 3D pts, 14 cams and 40327 projs...
PBA: 1.151 -> 0.768 (100 LMs in 0.33sec)
#points w/ large errors:	56
Focal Length : [426.170]->[426.170]
Radial Distortion : [0.000 -> 0]

#############################
#15: [sofa (4)] sees 4218 (+1871) 3D points
Estimated Focal Length [426][0.67W]
# 1392 projs (0 pts and 4 merges)
PBA: 6566 3D pts, 15 cams and 41435 projs...
PBA: 0.943 -> 0.739 (16 LMs in 0.08sec)
#points w/ large errors:	31
Focal Length : [426.170]->[426.170]
Radial Distortion : [0.000 -> 0]

#############################
#16: [sofa (32)] sees 4514 (+1834) 3D points
Estimated Focal Length [426][0.67W]
# 4973 projs (1430 pts and 28 merges)
PBA: 7952 3D pts, 16 cams and 46244 projs...
PBA: 0.904 -> 0.726 (29 LMs in 0.32sec)
#points w/ large errors:	22

**************************************
#16/16:  10709 projs and 3355 pts added.
PBA: 12349 3D pts, 16 cams and 56990 projs...
PBA: 0.745 -> 0.683 (13 LMs in 0.04sec)
#points w/ large errors:	1
PBA: 12348 3D pts, 16 cams and 56982 projs...
PBA: 0.672 -> 0.672 (15 LMs in 0.10sec)
Focal Length : [426.170]->[426.170]
Radial Distortion : [0.000 -> 0]

#############################
#17: [sofa (33)] sees 6467 (+2099) 3D points
Estimated Focal Length [426][0.67W]
# 4069 projs (750 pts and 56 merges)
PBA: 9095 3D pts, 17 cams and 53157 projs...
PBA: 0.965 -> 0.837 (29 LMs in 0.24sec)
#points w/ large errors:	139
Focal Length : [426.170]->[426.170]
Radial Distortion : [0.000 -> 0]

#############################
#18: [sofa (3)] sees 6898 (+1812) 3D points
Estimated Focal Length [426][0.67W]
# 2307 projs (0 pts and 17 merges)
PBA: 8676 3D pts, 18 cams and 54420 projs...
PBA: 0.864 -> 0.757 (13 LMs in 0.12sec)
#points w/ large errors:	80
Focal Length : [426.170]->[426.170]
Radial Distortion : [0.000 -> 0]

#############################
#19: [sofa (35)] sees 6650 (+2037) 3D points
Estimated Focal Length [426][0.67W]
# 4943 projs (1112 pts and 36 merges)
PBA: 9782 3D pts, 19 cams and 59163 projs...
PBA: 0.926 -> 0.749 (22 LMs in 0.13sec)
#points w/ large errors:	40
Focal Length : [426.170]->[426.170]
Radial Distortion : [0.000 -> 0]

#############################
#20: [sofa (36)] sees 9262 (+2228) 3D points
Estimated Focal Length [426][0.67W]
# 2920 projs (0 pts and 24 merges)
PBA: 9440 3D pts, 20 cams and 61259 projs...
PBA: 0.917 -> 0.768 (22 LMs in 0.23sec)
#points w/ large errors:	60
Focal Length : [426.170]->[426.170]
Radial Distortion : [0.000 -> 0]

#############################
#21: [sofa (2)] sees 8552 (+2032) 3D points
Estimated Focal Length [426][0.67W]
# 2356 projs (0 pts and 18 merges)
SKIP: 0 cams, 154 points, 259 projs
PBA: 13521 3D pts, 20 cams and 71676 projs...
PBA: 0.901 -> 0.724 (5 LMs in 0.04sec)
#points w/ large errors:	75

**************************************
#21/21:  10169 projs and 2546 pts added.
PBA: 15854 3D pts, 21 cams and 78878 projs...
PBA: 0.893 -> 0.784 (18 LMs in 0.17sec)
#points w/ large errors:	6
PBA: 15848 3D pts, 21 cams and 78837 projs...
PBA: 0.787 -> 0.786 (16 LMs in 0.13sec)
#points w/ large errors:	4
Focal Length : [426.170]->[426.170]
Radial Distortion : [0.000 -> 0]

#############################
#22: [sofa (34)] sees 11916 (+1681) 3D points
Estimated Focal Length [426][0.67W]
# 3877 projs (361 pts and 129 merges)
SKIP: 0 cams, 172 points, 299 projs
PBA: 15876 3D pts, 20 cams and 82287 projs...
PBA: 1.049 -> 0.890 (5 LMs in 0.18sec)
#points w/ large errors:	178
Focal Length : [426.170]->[426.170]
Radial Distortion : [0.000 -> 0]

#############################
#23: [sofa (1)] sees 7910 (+1439) 3D points
Estimated Focal Length [426][0.67W]
# 2313 projs (0 pts and 17 merges)
SKIP: 0 cams, 564 points, 1485 projs
PBA: 15468 3D pts, 20 cams and 83307 projs...
PBA: 0.947 -> 0.808 (5 LMs in 0.02sec)
#points w/ large errors:	131
Focal Length : [426.170]->[426.170]
Radial Distortion : [0.000 -> 0]

#############################
#24: [sofa (37)] sees 10064 (+5298) 3D points
Estimated Focal Length [426][0.67W]
# 2351 projs (0 pts and 3 merges)
SKIP: 0 cams, 889 points, 2024 projs
PBA: 15139 3D pts, 20 cams and 84336 projs...
PBA: 0.794 -> 0.733 (5 LMs in 0.14sec)
#points w/ large errors:	12
Focal Length : [426.170]->[426.170]
Radial Distortion : [0.000 -> 0]

#############################
#25: [sofa (17)] sees 7491 (+1586) 3D points
Estimated Focal Length [426][0.67W]
# 3365 projs (471 pts and 76 merges)
SKIP: 0 cams, 727 points, 1891 projs
PBA: 15301 3D pts, 20 cams and 87083 projs...
PBA: 0.837 -> 0.760 (5 LMs in 0.13sec)
#points w/ large errors:	106
Focal Length : [426.170]->[426.170]
Radial Distortion : [0.000 -> 0]

#############################
#26: [sofa (21)] sees 8688 (+1143) 3D points
Estimated Focal Length [426][0.67W]
# 2321 projs (0 pts and 82 merges)
PBA: 11115 3D pts, 26 cams and 80875 projs...
PBA: 1.008 -> 0.710 (23 LMs in 0.21sec)
#points w/ large errors:	44
Focal Length : [426.170]->[426.170]
Radial Distortion : [0.000 -> 0]

#############################
#27: [sofa (24)] sees 10210 (+1854) 3D points
Estimated Focal Length [426][0.67W]
# 4589 projs (866 pts and 196 merges)
SKIP: 0 cams, 1774 points, 4860 projs
PBA: 14672 3D pts, 20 cams and 89992 projs...
PBA: 0.831 -> 0.694 (5 LMs in 0.05sec)
#points w/ large errors:	31

**************************************
#27/27:  12251 projs and 3088 pts added.
PBA: 18415 3D pts, 27 cams and 101780 projs...
PBA: 0.930 -> 0.796 (16 LMs in 0.27sec)
#points w/ large errors:	2
PBA: 18413 3D pts, 27 cams and 101770 projs...
PBA: 0.815 -> 0.815 (12 LMs in 0.15sec)
Focal Length : [426.170]->[426.170]
Radial Distortion : [0.000 -> 0]

#############################
#28: [sofa (23)] sees 11466 (+2233) 3D points
Estimated Focal Length [426][0.67W]
# 2927 projs (0 pts and 84 merges)
SKIP: 0 cams, 2247 points, 5951 projs
PBA: 16134 3D pts, 20 cams and 98676 projs...
PBA: 1.102 -> 0.968 (5 LMs in 0.09sec)
#points w/ large errors:	228
Focal Length : [426.170]->[426.170]
Radial Distortion : [0.000 -> 0]

#############################
#29: [sofa (26)] sees 12855 (+2221) 3D points
Estimated Focal Length [426][0.67W]
# 3097 projs (0 pts and 93 merges)
SKIP: 0 cams, 2989 points, 8371 projs
PBA: 15391 3D pts, 20 cams and 99327 projs...
PBA: 1.013 -> 0.759 (5 LMs in 0.05sec)
#points w/ large errors:	48
Focal Length : [426.170]->[426.170]
Radial Distortion : [0.000 -> 0]

#############################
#30: [sofa (25)] sees 14345 (+2868) 3D points
Estimated Focal Length [426][0.67W]
# 3206 projs (0 pts and 102 merges)
SKIP: 0 cams, 3454 points, 8388 projs
PBA: 14917 3D pts, 20 cams and 101291 projs...
PBA: 0.913 -> 0.795 (5 LMs in 0.14sec)
#points w/ large errors:	30
Focal Length : [426.170]->[426.170]
Radial Distortion : [0.000 -> 0]

#############################
#31: [sofa (27)] sees 16185 (+3222) 3D points
Estimated Focal Length [426][0.67W]
# 7200 projs (1235 pts and 232 merges)
SKIP: 0 cams, 3308 points, 9452 projs
PBA: 15503 3D pts, 20 cams and 107115 projs...
PBA: 0.999 -> 0.838 (5 LMs in 0.16sec)
#points w/ large errors:	42
Focal Length : [426.170]->[426.170]
Radial Distortion : [0.000 -> 0]

#############################
#32: [sofa (28)] sees 17031 (+1940) 3D points
Estimated Focal Length [426][0.67W]
# 3508 projs (0 pts and 112 merges)
PBA: 13729 3D pts, 32 cams and 109820 projs...
PBA: 1.003 -> 0.865 (21 LMs in 0.26sec)
#points w/ large errors:	75
Focal Length : [426.170]->[426.170]
Radial Distortion : [0.000 -> 0]

#############################
#33: [sofa (29)] sees 15349 (+1977) 3D points
Estimated Focal Length [426][0.67W]
# 2928 projs (0 pts and 35 merges)
SKIP: 0 cams, 4521 points, 12766 projs
PBA: 14282 3D pts, 20 cams and 109644 projs...
PBA: 0.955 -> 0.871 (5 LMs in 0.05sec)
#points w/ large errors:	60
Focal Length : [426.170]->[426.170]
Radial Distortion : [0.000 -> 0]

#############################
#34: [sofa (30)] sees 13873 (+1469) 3D points
Estimated Focal Length [426][0.67W]
# 2748 projs (0 pts and 44 merges)
SKIP: 0 cams, 4919 points, 13770 projs
PBA: 13882 3D pts, 20 cams and 110956 projs...
PBA: 1.109 -> 0.864 (5 LMs in 0.02sec)
#points w/ large errors:	56

**************************************
#34/34:  18040 projs and 4569 pts added.
PBA: 22366 3D pts, 34 cams and 138648 projs...
PBA: 1.153 -> 0.942 (14 LMs in 0.10sec)
#points w/ large errors:	5
PBA: 22361 3D pts, 34 cams and 138609 projs...
PBA: 0.922 -> 0.922 (13 LMs in 0.12sec)
Focal Length : [426.170]->[426.170]
Radial Distortion : [0.000 -> 0]

#############################
#35: [sofa (31)] sees 16120 (+1315) 3D points
Estimated Focal Length [426][0.67W]
# 4702 projs (734 pts and 193 merges)
SKIP: 0 cams, 4588 points, 13767 projs
PBA: 18188 3D pts, 20 cams and 129346 projs...
PBA: 1.130 -> 1.038 (5 LMs in 0.10sec)
#points w/ large errors:	384
Focal Length : [426.170]->[426.170]
Radial Distortion : [0.000 -> 0]

#############################
#36: [sofa (22)] sees 13383 (+1395) 3D points
Estimated Focal Length [426][0.67W]
# 2727 projs (0 pts and 72 merges)
SKIP: 0 cams, 5185 points, 15862 projs
PBA: 17593 3D pts, 20 cams and 129924 projs...
PBA: 1.186 -> 0.900 (5 LMs in 0.20sec)
#points w/ large errors:	167
Focal Length : [426.170]->[426.170]
Radial Distortion : [0.000 -> 0]

#############################
#37: [sofa (20)] sees 12896 (+1175) 3D points
Estimated Focal Length [426][0.67W]
# 2599 projs (0 pts and 87 merges)
SKIP: 0 cams, 5542 points, 15604 projs
PBA: 17232 3D pts, 20 cams and 130706 projs...
PBA: 0.928 -> 0.831 (5 LMs in 0.05sec)
#points w/ large errors:	49
Focal Length : [426.170]->[426.170]
Radial Distortion : [0.000 -> 0]

^^^^^^^^^^^^^^^^^^^^^^^^^^^^^^^^
#37/37:  5890 projs and 1672 pts added.
PBA: 23516 3D pts, 37 cams and 149767 projs...
PBA: 0.939 -> 0.846 (18 LMs in 0.18sec)
#points w/ large errors:	53
PBA: 23463 3D pts, 37 cams and 149254 projs...
PBA: 0.825 -> 0.823 (12 LMs in 0.19sec)
#points w/ large errors:	15
END: No more images to add [0 projs]

#############################
Failed to find two images for initialization
Resuming SfM finished, 11 sec used

---------------------------------------------------
37 cams, 23526 pts (3+: 16091)
149254 projections (3+: 134334)
---------------------------------------------------
1 model(s) reconstructed from 37 images;
37 modeled; 0 reused; 0 EXIF; 
5MB(5) used to store feature location.
---------------------------------------------------

########-------timing------#########
Structure-From-Motion finished, 11 sec used
8.8(7.1) seconds on Bundle Adjustment (+)
7.9(6.5) seconds on Bundle Adjustment (*)
#############################
----------------------------------------------------------------
Run full 3D reconstruction, finished
Totally 11.000 seconds used


Run dense reconstruction, begin...
Save to 3+2.nvm ... done

#############################
Undistorting 37 images in model #0
param_undistortion_thread_num = 0
NOTE: using 16 threads...
#01: sofa (18) -> 00000002.jpg, 0.024 sec
#03: sofa (12) -> 00000006.jpg, 0.025 sec
#12: sofa (7) -> 00000011.jpg, 0.025 sec
#09: sofa (11) -> 00000007.jpg, 0.026 sec
#15: sofa (34) -> 00000021.jpg, 0.026 sec
#14: sofa (2) -> 00000020.jpg, 0.026 sec
#07: sofa (33) -> 00000016.jpg, 0.027 sec
#10: sofa (10) -> 00000008.jpg, 0.027 sec
#11: sofa (9) -> 00000009.jpg, 0.028 sec
#13: sofa (6) -> 00000012.jpg, 0.028 sec
#04: sofa (35) -> 00000018.jpg, 0.028 sec
#05: sofa (5) -> 00000013.jpg, 0.029 sec
#02: sofa (14) -> 00000004.jpg, 0.030 sec
#06: sofa (4) -> 00000014.jpg, 0.030 sec
#00: sofa (15) -> 00000000.jpg, 0.030 sec
#08: sofa (3) -> 00000017.jpg, 0.031 sec
#01: sofa (16) -> 00000003.jpg, 0.002 sec
#03: sofa (37) -> 00000023.jpg, 0.003 sec
#12: sofa (21) -> 00000025.jpg, 0.002 sec
#09: sofa (23) -> 00000027.jpg, 0.002 sec
#15: sofa (1) -> 00000022.jpg, 0.002 sec
#14: sofa (25) -> 00000029.jpg, 0.003 sec
#07: sofa (28) -> 00000031.jpg, 0.002 sec
#10: sofa (30) -> 00000033.jpg, 0.002 sec
#11: sofa (8) -> 00000010.jpg, 0.003 sec
#13: sofa (22) -> 00000035.jpg, 0.003 sec
#04: sofa (36) -> 00000019.jpg, 0.002 sec
#02: sofa (13) -> 00000005.jpg, 0.003 sec
#06: sofa (32) -> 00000015.jpg, 0.002 sec
#00: sofa (19) -> 00000001.jpg, 0.002 sec
#03: sofa (17) -> 00000024.jpg, 0.002 sec
#12: sofa (24) -> 00000026.jpg, 0.003 sec
#09: sofa (26) -> 00000028.jpg, 0.002 sec
#07: sofa (29) -> 00000032.jpg, 0.003 sec
#14: sofa (27) -> 00000030.jpg, 0.002 sec
#10: sofa (31) -> 00000034.jpg, 0.002 sec
#13: sofa (20) -> 00000036.jpg, 0.002 sec
----------------------------------------------------------------
Running Yasutaka Furukawa's CMVS tool...
cmvs C:\Users\86186\Desktop\VisualSFM_windows_cuda_64bit\\3+2\2\3+2.nvm.cmvs\00\ 50 16
genOption C:\Users\86186\Desktop\VisualSFM_windows_cuda_64bit\\3+2\2\3+2.nvm.cmvs\00\ 1 2 0.700000 7 3 16
1 cluster is generated for pmvs reconstruction.
pmvs2 C:\Users\86186\Desktop\VisualSFM_windows_cuda_64bit\\3+2\2\3+2.nvm.cmvs\00\ option-0000
This may take a little more time, waiting...
7 seconds were used by PMVS
Loading option-0000.ply, 16107 vertices ...

#############################
You can manually remove bad MVS points:
1. Switch to dense MVS points mode;
2. Hit F1 key to enter the selection mode;
3. Select points by dragging a rectangle;
4. Hit DELETE to delete the selected points.

#############################
Save to 3+2.nvm ... done
Save C:\Users\86186\Desktop\VisualSFM_windows_cuda_64bit\\3+2\2\3+2.0.ply ...done
----------------------------------------------------------------
Run dense reconstruction, finished
Totally 12.000 seconds used

