
Modifying Calibration, begin...
fx = 429.562531, cx = 323.779724
fy = 429.562531, cy = 244.005173
radial_distortion = 0.000000
----------------------------------------------------------------
Modifying Calibration, finished
Totally 0.000 seconds used

0: sofa (1)
image_size:	640x480
1: sofa (2)
image_size:	640x480
2: sofa (3)
image_size:	640x480
3: sofa (4)
image_size:	640x480
4: sofa (5)
image_size:	640x480
5: sofa (6)
image_size:	640x480
6: sofa (7)
image_size:	640x480
7: sofa (8)
image_size:	640x480
8: sofa (9)
image_size:	640x480
9: sofa (10)
image_size:	640x480
10: sofa (11)
image_size:	640x480
11: sofa (12)
image_size:	640x480
12: sofa (13)
image_size:	640x480
13: sofa (14)
image_size:	640x480
14: sofa (15)
image_size:	640x480
15: sofa (16)
image_size:	640x480
16: sofa (17)
image_size:	640x480
17: sofa (18)
image_size:	640x480
18: sofa (19)
image_size:	640x480
19: sofa (20)
image_size:	640x480
20: sofa (21)
image_size:	640x480
21: sofa (22)
image_size:	640x480
22: sofa (23)
image_size:	640x480
23: sofa (24)
image_size:	640x480
24: sofa (25)
image_size:	640x480
25: sofa (26)
image_size:	640x480
26: sofa (27)
image_size:	640x480
27: sofa (28)
image_size:	640x480
28: sofa (29)
image_size:	640x480
29: sofa (30)
image_size:	640x480
30: sofa (31)
image_size:	640x480
31: sofa (32)
image_size:	640x480
32: sofa (33)
image_size:	640x480
33: sofa (34)
image_size:	640x480
34: sofa (35)
image_size:	640x480
35: sofa (36)
image_size:	640x480
36: sofa (37)
image_size:	640x480
**************************************
Change the number of pixel-loaded images by 
modifying param_visual_data_budget in nv.ini
Use the PAUSE button to skip the pixel loading
**************************************
Loading image pixel data ...done in 0s

Compute Missing Pairwise Matching, begin...
********* WARNING ***********
More than 112MB of graphic memory may be allocated
under the default settings. If the program halts here,
adjust parameters to save memory and rerun the task: 
    [Tools->Enable GPU->Set Maximum DIM]
Note some octaves may be automatically skipped
SIFT: 0000, 640x480, 	7194, 0.80sec
SIFT: 0001, 640x480, 	6803, 0.11sec
SIFT: 0002, 640x480, 	7156, 0.11sec
SIFT: 0003, 640x480, 	7257, 0.13sec
SIFT: 0004, 640x480, 	7598, 0.12sec
SIFT: 0005, 640x480, 	7917, 0.12sec
SIFT: 0006, 640x480, 	7952, 0.11sec
SIFT: 0007, 640x480, 	8062, 0.12sec
SIFT: 0008, 640x480, 	7911, 0.12sec
SIFT: 0009, 640x480, 	7806, 0.13sec
SIFT: 0010, 640x480, 	7407, 0.14sec
SIFT: 0011, 640x480, 	7497, 0.13sec
SIFT: 0012, 640x480, 	7003, 0.11sec
SIFT: 0013, 640x480, 	6861, 0.11sec
SIFT: 0014, 640x480, 	6839, 0.11sec
SIFT: 0015, 640x480, 	6482, 0.11sec
SIFT: 0016, 640x480, 	6383, 0.10sec
SIFT: 0017, 640x480, 	6774, 0.11sec
SIFT: 0018, 640x480, 	6783, 0.11sec
SIFT: 0019, 640x480, 	6578, 0.11sec
SIFT: 0020, 640x480, 	7182, 0.11sec
SIFT: 0021, 640x480, 	6539, 0.10sec
SIFT: 0022, 640x480, 	7208, 0.11sec
SIFT: 0023, 640x480, 	7541, 0.12sec
SIFT: 0024, 640x480, 	7669, 0.13sec
SIFT: 0025, 640x480, 	7548, 0.12sec
SIFT: 0026, 640x480, 	7632, 0.12sec
SIFT: 0027, 640x480, 	7757, 0.12sec
SIFT: 0028, 640x480, 	7807, 0.12sec
SIFT: 0029, 640x480, 	7537, 0.11sec
SIFT: 0030, 640x480, 	7764, 0.11sec
SIFT: 0031, 640x480, 	7439, 0.11sec
SIFT: 0032, 640x480, 	7220, 0.11sec
SIFT: 0033, 640x480, 	7034, 0.11sec
SIFT: 0034, 640x480, 	7139, 0.14sec
SIFT: 0035, 640x480, 	7074, 0.12sec
SIFT: 0036, 640x480, 	7194, 0.12sec

###########-------timing------#########
37 Feature Detection finished, 6 sec used
#############################

666 pairs to compute match
NOTE: using 3 matching workers
0000 and 0001: 1577 matches, 0.11sec, #2
0000 and 0001: [1212/1577], H[387], 0.01sec
0002 and 0004: 1697 matches, 0.13sec, #1
0002 and 0004: [1420/1697], H[391], 0.01sec
0000 and 0002: 1176 matches, 0.11sec, #2
0003 and 0004: 2561 matches, 0.11sec, #1
0000 and 0002: [1027/1176], H[231], 0.01sec
0002 and 0003: 2197 matches, 0.31sec, #0
0003 and 0004: [2336/2561], H[599], 0.01sec
0002 and 0003: [2005/2197], H[844], 0.02sec
0001 and 0002: 2564 matches, 0.15sec, #2
0000 and 0004: 572 matches, 0.12sec, #0
0001 and 0002: [2380/2564], H[839], 0.01sec
0000 and 0004: [420/572], H[193], 0.01sec
0000 and 0005: 392 matches, 0.16sec, #1
0000 and 0005: [240/392], H[39], 0.01sec
0000 and 0003: 635 matches, 0.10sec, #2
0001 and 0004: 1069 matches, 0.11sec, #0
0000 and 0003: [490/635], H[138], 0.01sec
0001 and 0004: [868/1069], H[619], 0.01sec
0001 and 0005: 602 matches, 0.16sec, #1
0001 and 0005: [435/602], H[339], 0.01sec
0004 and 0006: 1436 matches, 0.14sec, #0
0001 and 0003: 1317 matches, 0.15sec, #2
0004 and 0006: [1276/1436], H[574], 0.01sec
0001 and 0003: [1101/1317], H[552], 0.01sec
0005 and 0006: 2924 matches, 0.13sec, #0
0002 and 0005: 950 matches, 0.17sec, #1
0005 and 0006: [2800/2924], H[1454], 0.01sec
0002 and 0005: [761/950], H[439], 0.01sec
0001 and 0008: 245 matches, 0.15sec, #2
0001 and 0008: [168/245], H[51], 0.00sec
0003 and 0005: 1448 matches, 0.10sec, #1
0003 and 0005: [1301/1448], H[484], 0.01sec
0000 and 0007: 266 matches, 0.13sec, #0
0000 and 0007: [162/266], H[48], 0.01sec
0001 and 0007: 323 matches, 0.11sec, #0
0001 and 0007: [218/323], H[60], 0.01sec
0002 and 0008: 375 matches, 0.18sec, #2
0004 and 0005: 2535 matches, 0.18sec, #1
0002 and 0008: [275/375], H[125], 0.00sec
0002 and 0007: 505 matches, 0.11sec, #0
0002 and 0007: [373/505], H[175], 0.01sec
0004 and 0005: [2362/2535], H[832], 0.01sec
0003 and 0007: 847 matches, 0.14sec, #0
0003 and 0007: [725/847], H[538], 0.01sec
0003 and 0008: 676 matches, 0.18sec, #2
0003 and 0008: [556/676], H[139], 0.00sec
0000 and 0006: 276 matches, 0.21sec, #1
0000 and 0006: [160/276], H[56], 0.01sec
0004 and 0007: 1316 matches, 0.13sec, #0
0004 and 0007: [1173/1316], H[337], 0.01sec
0004 and 0008: 1016 matches, 0.19sec, #2
0001 and 0006: 387 matches, 0.10sec, #1
0004 and 0008: [852/1016], H[450], 0.01sec
0001 and 0006: [277/387], H[45], 0.00sec
0005 and 0007: 2563 matches, 0.11sec, #0
0005 and 0007: [2426/2563], H[708], 0.02sec
0006 and 0007: 2972 matches, 0.13sec, #0
0005 and 0008: 1863 matches, 0.18sec, #2
0006 and 0007: [2840/2972], H[944], 0.02sec
0002 and 0006: 605 matches, 0.19sec, #1
0005 and 0008: [1677/1863], H[1062], 0.01sec
0002 and 0006: [456/605], H[174], 0.01sec
0000 and 0008: 187 matches, 0.11sec, #0
0000 and 0008: [108/187], H[34], 0.01sec
0003 and 0009: 392 matches, 0.13sec, #0
0003 and 0009: [289/392], H[73], 0.00sec
0006 and 0008: 2219 matches, 0.18sec, #2
0006 and 0008: [2049/2219], H[642], 0.01sec
0003 and 0006: 1017 matches, 0.18sec, #1
0003 and 0006: [870/1017], H[298], 0.01sec
0004 and 0009: 619 matches, 0.11sec, #0
0004 and 0009: [479/619], H[180], 0.01sec
0005 and 0009: 1220 matches, 0.13sec, #0
0005 and 0009: [1042/1220], H[251], 0.01sec
0007 and 0008: 3178 matches, 0.20sec, #2
0004 and 0010: 319 matches, 0.20sec, #1
0007 and 0008: [3056/3178], H[766], 0.02sec
0004 and 0010: [227/319], H[59], 0.00sec
0006 and 0009: 1640 matches, 0.11sec, #0
0006 and 0009: [1433/1640], H[294], 0.01sec
0007 and 0009: 2538 matches, 0.13sec, #0
0000 and 0009: 180 matches, 0.17sec, #2
0007 and 0009: [2369/2538], H[438], 0.01sec
0000 and 0009: [89/180], H[26], 0.02sec
0005 and 0010: 587 matches, 0.19sec, #1
0001 and 0009: 206 matches, 0.10sec, #2
0005 and 0010: [486/587], H[122], 0.00sec
0001 and 0009: [130/206], H[53], 0.00sec
0008 and 0009: 2811 matches, 0.13sec, #0
0008 and 0009: [2679/2811], H[999], 0.06sec
0000 and 0010: 118 matches, 0.11sec, #0
0002 and 0009: 257 matches, 0.21sec, #2
0002 and 0009: [170/257], H[59], 0.00sec
0000 and 0010: [62/118], H[9], 0.02sec
0006 and 0010: 981 matches, 0.31sec, #1
0006 and 0010: [732/981], H[246], 0.01sec
0001 and 0010: 142 matches, 0.10sec, #0
0001 and 0010: [79/142], H[18], 0.01sec
0004 and 0011: 340 matches, 0.18sec, #2
0004 and 0011: [255/340], H[58], 0.00sec
0002 and 0010: 171 matches, 0.10sec, #0
0002 and 0010: [108/171], H[43], 0.01sec
0007 and 0010: 1224 matches, 0.21sec, #1
0007 and 0010: [1086/1224], H[167], 0.01sec
0003 and 0010: 275 matches, 0.10sec, #0
0005 and 0011: 603 matches, 0.13sec, #2
0003 and 0010: [184/275], H[48], 0.01sec
0005 and 0011: [488/603], H[116], 0.01sec
0003 and 0012: 125 matches, 0.12sec, #0
0003 and 0012: [80/125], H[52], 0.01sec
0008 and 0010: 1366 matches, 0.20sec, #1
0006 and 0011: 827 matches, 0.22sec, #2
0008 and 0010: [1243/1366], H[243], 0.01sec
0004 and 0012: 180 matches, 0.10sec, #0
0006 and 0011: [678/827], H[94], 0.00sec
0004 and 0012: [119/180], H[27], 0.00sec
0005 and 0012: 285 matches, 0.12sec, #0
0005 and 0012: [197/285], H[118], 0.01sec
0009 and 0010: 2411 matches, 0.22sec, #1
0007 and 0011: 1101 matches, 0.22sec, #2
0007 and 0011: [957/1101], H[203], 0.01sec
0009 and 0010: [2309/2411], H[1106], 0.01sec
0006 and 0012: 433 matches, 0.11sec, #0
0006 and 0012: [320/433], H[193], 0.00sec
0007 and 0012: 494 matches, 0.11sec, #0
0007 and 0012: [412/494], H[123], 0.01sec
0008 and 0011: 1330 matches, 0.19sec, #2
0000 and 0011: 111 matches, 0.22sec, #1
0008 and 0011: [1208/1330], H[205], 0.01sec
0008 and 0012: 650 matches, 0.11sec, #0
0008 and 0012: [564/650], H[64], 0.01sec
0000 and 0011: [50/111], H[9], 0.03sec
0009 and 0012: 1011 matches, 0.12sec, #0
0009 and 0012: [932/1011], H[144], 0.01sec
0009 and 0011: 1953 matches, 0.17sec, #2
0009 and 0011: [1790/1953], H[532], 0.01sec
0001 and 0011: 128 matches, 0.13sec, #1
0010 and 0012: 1508 matches, 0.10sec, #0
0010 and 0012: [1429/1508], H[357], 0.01sec
0001 and 0011: [69/128], H[21], 0.06sec
0010 and 0011: 2922 matches, 0.11sec, #2
0011 and 0012: 1933 matches, 0.10sec, #0
0010 and 0011: [2823/2922], H[1349], 0.03sec
0011 and 0012: [1842/1933], H[963], 0.02sec
0000 and 0013: 86 matches, 0.09sec, #0
0002 and 0011: 150 matches, 0.16sec, #1
0002 and 0011: [84/150], H[37], 0.01sec
0000 and 0012: 78 matches, 0.14sec, #2
0000 and 0012: [37/78], H[13], 0.04sec
0000 and 0013: [29/86], H[11], 0.11sec
0003 and 0011: 270 matches, 0.14sec, #1
0003 and 0011: [181/270], H[28], 0.01sec
0001 and 0013: 77 matches, 0.09sec, #0
0001 and 0012: 74 matches, 0.17sec, #2
0001 and 0013: [30/77], H[11], 0.07sec
0001 and 0012: [34/74], H[14], 0.02sec
0011 and 0013: 1677 matches, 0.08sec, #1
0011 and 0013: [1556/1677], H[386], 0.01sec
0002 and 0012: 104 matches, 0.09sec, #2
0002 and 0013: 100 matches, 0.11sec, #0
0002 and 0012: [47/104], H[16], 0.03sec
0002 and 0013: [46/100], H[11], 0.03sec
0012 and 0013: 2011 matches, 0.15sec, #1
0003 and 0013: 117 matches, 0.10sec, #0
0012 and 0013: [1862/2011], H[278], 0.01sec
0003 and 0013: [64/117], H[16], 0.01sec
0008 and 0014: 543 matches, 0.20sec, #2
0008 and 0014: [395/543], H[157], 0.00sec
0000 and 0014: 85 matches, 0.10sec, #1
0004 and 0013: 147 matches, 0.10sec, #0
0004 and 0013: [95/147], H[19], 0.01sec
0000 and 0014: [31/85], H[4], 0.08sec
0005 and 0013: 247 matches, 0.10sec, #0
0005 and 0013: [175/247], H[83], 0.00sec
0009 and 0014: 912 matches, 0.17sec, #2
0001 and 0014: 104 matches, 0.09sec, #1
0009 and 0014: [693/912], H[150], 0.01sec
0006 and 0013: 302 matches, 0.10sec, #0
0006 and 0013: [234/302], H[42], 0.00sec
0001 and 0014: [32/104], H[13], 0.08sec
0010 and 0014: 1294 matches, 0.08sec, #2
0007 and 0013: 387 matches, 0.12sec, #0
0010 and 0014: [1024/1294], H[136], 0.01sec
0007 and 0013: [301/387], H[58], 0.01sec
0008 and 0013: 578 matches, 0.10sec, #0
0008 and 0013: [461/578], H[207], 0.01sec
0002 and 0014: 104 matches, 0.16sec, #1
0002 and 0014: [50/104], H[14], 0.01sec
0011 and 0014: 1889 matches, 0.16sec, #2
0009 and 0013: 857 matches, 0.10sec, #0
0011 and 0014: [1602/1889], H[301], 0.02sec
0009 and 0013: [760/857], H[117], 0.01sec
0010 and 0013: 1132 matches, 0.10sec, #0
0010 and 0013: [977/1132], H[267], 0.01sec
0003 and 0014: 134 matches, 0.17sec, #1
0012 and 0014: 1860 matches, 0.15sec, #2
0003 and 0014: [73/134], H[20], 0.01sec
0004 and 0015: 99 matches, 0.09sec, #0
0012 and 0014: [1640/1860], H[742], 0.01sec
0004 and 0015: [58/99], H[23], 0.01sec
0005 and 0015: 134 matches, 0.11sec, #0
0004 and 0014: 175 matches, 0.13sec, #1
0005 and 0015: [77/134], H[15], 0.01sec
0004 and 0014: [94/175], H[24], 0.01sec
0013 and 0014: 2473 matches, 0.16sec, #2
0006 and 0015: 181 matches, 0.10sec, #0
0013 and 0014: [2277/2473], H[786], 0.02sec
0006 and 0015: [119/181], H[59], 0.01sec
0005 and 0014: 264 matches, 0.14sec, #1
0005 and 0014: [161/264], H[85], 0.01sec
0007 and 0015: 245 matches, 0.10sec, #0
0000 and 0015: 44 matches, 0.12sec, #2
0007 and 0015: [178/245], H[27], 0.01sec
0000 and 0015: [18/44], H[8], 0.08sec
0008 and 0015: 264 matches, 0.10sec, #0
0006 and 0014: 319 matches, 0.12sec, #1
0008 and 0015: [171/264], H[88], 0.01sec
0006 and 0014: [242/319], H[71], 0.04sec
0001 and 0015: 40 matches, 0.09sec, #2
0009 and 0015: 452 matches, 0.09sec, #0
0009 and 0015: [357/452], H[49], 0.01sec
0001 and 0015: [16/40], H[7], 0.04sec
0007 and 0014: 442 matches, 0.10sec, #1
0007 and 0014: [285/442], H[162], 0.01sec
0010 and 0015: 685 matches, 0.10sec, #0
0010 and 0015: [603/685], H[143], 0.01sec
0011 and 0015: 955 matches, 0.09sec, #0
0011 and 0015: [765/955], H[80], 0.01sec
0002 and 0015: 61 matches, 0.14sec, #2
0014 and 0015: 1759 matches, 0.15sec, #1
0002 and 0015: [27/61], H[8], 0.01sec
0014 and 0015: [1657/1759], H[1360], 0.01sec
0012 and 0015: 1664 matches, 0.08sec, #0
0012 and 0015: [1547/1664], H[404], 0.01sec
0013 and 0015: 1648 matches, 0.08sec, #0
0013 and 0015: [1304/1648], H[672], 0.01sec
0003 and 0015: 65 matches, 0.15sec, #2
0003 and 0015: [33/65], H[14], 0.01sec
0000 and 0016: 59 matches, 0.17sec, #1
0009 and 0016: 417 matches, 0.09sec, #0
0009 and 0016: [327/417], H[48], 0.00sec
0000 and 0016: [18/59], H[7], 0.07sec
0003 and 0017: 100 matches, 0.08sec, #2
0003 and 0017: [57/100], H[11], 0.01sec
0010 and 0016: 632 matches, 0.10sec, #0
0010 and 0016: [549/632], H[95], 0.01sec
0001 and 0016: 44 matches, 0.13sec, #1
0004 and 0017: 150 matches, 0.13sec, #2
0011 and 0016: 899 matches, 0.09sec, #0
0001 and 0016: [21/44], H[8], 0.01sec
0004 and 0017: [90/150], H[43], 0.00sec
0011 and 0016: [794/899], H[52], 0.01sec
0012 and 0016: 1279 matches, 0.10sec, #0
0012 and 0016: [1166/1279], H[191], 0.01sec
0002 and 0016: 46 matches, 0.14sec, #1
0002 and 0016: [22/46], H[6], 0.01sec
0005 and 0017: 253 matches, 0.16sec, #2
0013 and 0016: 1309 matches, 0.08sec, #0
0005 and 0017: [143/253], H[69], 0.01sec
0013 and 0016: [880/1309], H[236], 0.01sec
0014 and 0016: 1417 matches, 0.09sec, #0
0014 and 0016: [1271/1417], H[474], 0.01sec
0003 and 0016: 63 matches, 0.14sec, #1
0003 and 0016: [30/63], H[7], 0.01sec
0006 and 0017: 320 matches, 0.15sec, #2
0015 and 0016: 2186 matches, 0.08sec, #0
0006 and 0017: [215/320], H[85], 0.00sec
0015 and 0016: [2097/2186], H[1717], 0.02sec
0004 and 0016: 85 matches, 0.14sec, #1
0004 and 0016: [49/85], H[19], 0.01sec
0000 and 0017: 73 matches, 0.10sec, #0
0007 and 0017: 422 matches, 0.13sec, #2
0007 and 0017: [287/422], H[47], 0.01sec
0000 and 0017: [24/73], H[6], 0.08sec
0005 and 0016: 137 matches, 0.14sec, #1
0005 and 0016: [79/137], H[36], 0.00sec
0001 and 0017: 85 matches, 0.09sec, #0
0008 and 0017: 475 matches, 0.15sec, #2
0008 and 0017: [372/475], H[65], 0.01sec
0001 and 0017: [28/85], H[14], 0.11sec
0006 and 0016: 166 matches, 0.14sec, #1
0006 and 0016: [111/166], H[17], 0.00sec
0009 and 0017: 855 matches, 0.11sec, #2
0009 and 0017: [723/855], H[98], 0.01sec
0002 and 0017: 105 matches, 0.10sec, #0
0007 and 0016: 215 matches, 0.11sec, #1
0007 and 0016: [151/215], H[23], 0.00sec
0002 and 0017: [49/105], H[7], 0.06sec
0010 and 0017: 1146 matches, 0.16sec, #2
0013 and 0017: 1253 matches, 0.09sec, #0
0010 and 0017: [956/1146], H[124], 0.00sec
0008 and 0016: 248 matches, 0.13sec, #1
0013 and 0017: [794/1253], H[137], 0.01sec
0008 and 0016: [185/248], H[27], 0.00sec
0011 and 0017: 1289 matches, 0.12sec, #2
0014 and 0017: 1877 matches, 0.09sec, #0
0011 and 0017: [828/1289], H[139], 0.01sec
0014 and 0017: [1547/1877], H[585], 0.01sec
0006 and 0018: 294 matches, 0.16sec, #1
0006 and 0018: [205/294], H[39], 0.01sec
0015 and 0017: 1251 matches, 0.08sec, #0
0015 and 0017: [1156/1251], H[448], 0.01sec
0012 and 0017: 1361 matches, 0.13sec, #2
0012 and 0017: [831/1361], H[381], 0.01sec
0016 and 0017: 1234 matches, 0.09sec, #0
0016 and 0017: [1158/1234], H[575], 0.01sec
0007 and 0018: 393 matches, 0.16sec, #1
0016 and 0018: 1454 matches, 0.08sec, #2
0007 and 0018: [249/393], H[92], 0.01sec
0000 and 0018: 71 matches, 0.09sec, #0
0016 and 0018: [1356/1454], H[800], 0.01sec
0000 and 0018: [21/71], H[8], 0.09sec
0008 and 0018: 444 matches, 0.12sec, #1
0017 and 0018: 2617 matches, 0.13sec, #2
0008 and 0018: [303/444], H[39], 0.01sec
0017 and 0018: [2498/2617], H[1544], 0.01sec
0001 and 0018: 91 matches, 0.09sec, #0
0001 and 0018: [32/91], H[20], 0.08sec
0009 and 0018: 818 matches, 0.13sec, #1
0000 and 0019: 58 matches, 0.13sec, #2
0009 and 0018: [510/818], H[111], 0.01sec
0002 and 0018: 99 matches, 0.09sec, #0
0000 and 0019: [13/58], H[5], 0.07sec
0010 and 0018: 1064 matches, 0.11sec, #1
0002 and 0018: [44/99], H[9], 0.10sec
0010 and 0018: [909/1064], H[160], 0.01sec
0001 and 0019: 75 matches, 0.11sec, #2
0003 and 0018: 112 matches, 0.09sec, #0
0003 and 0018: [57/112], H[12], 0.01sec
0011 and 0018: 1312 matches, 0.12sec, #1
0001 and 0019: [27/75], H[8], 0.05sec
0011 and 0018: [1173/1312], H[161], 0.01sec
0004 and 0018: 142 matches, 0.10sec, #0
0004 and 0018: [78/142], H[46], 0.01sec
0002 and 0019: 78 matches, 0.12sec, #2
0012 and 0018: 1285 matches, 0.17sec, #1
0002 and 0019: [35/78], H[23], 0.01sec
0005 and 0018: 234 matches, 0.10sec, #0
0012 and 0018: [929/1285], H[270], 0.01sec
0005 and 0018: [136/234], H[31], 0.01sec
0003 and 0019: 118 matches, 0.13sec, #2
0003 and 0019: [62/118], H[17], 0.01sec
0008 and 0019: 385 matches, 0.10sec, #0
0013 and 0018: 1724 matches, 0.15sec, #1
0008 and 0019: [211/385], H[49], 0.01sec
0013 and 0018: [1200/1724], H[268], 0.01sec
0009 and 0019: 714 matches, 0.10sec, #0
0009 and 0019: [390/714], H[126], 0.01sec
0004 and 0019: 122 matches, 0.15sec, #2
0004 and 0019: [73/122], H[33], 0.00sec
0014 and 0018: 2216 matches, 0.15sec, #1
0010 and 0019: 1182 matches, 0.09sec, #0
0014 and 0018: [1757/2216], H[935], 0.02sec
0010 and 0019: [680/1182], H[218], 0.01sec
0011 and 0019: 939 matches, 0.10sec, #0
0011 and 0019: [612/939], H[139], 0.01sec
0005 and 0019: 221 matches, 0.16sec, #2
0005 and 0019: [149/221], H[41], 0.00sec
0015 and 0018: 1732 matches, 0.15sec, #1
0012 and 0019: 804 matches, 0.08sec, #0
0015 and 0018: [1530/1732], H[491], 0.01sec
0012 and 0019: [562/804], H[88], 0.01sec
0013 and 0019: 622 matches, 0.09sec, #0
0006 and 0019: 300 matches, 0.13sec, #2
0013 and 0019: [437/622], H[110], 0.01sec
0006 and 0019: [193/300], H[101], 0.00sec
0018 and 0019: 1130 matches, 0.15sec, #1
0014 and 0019: 822 matches, 0.09sec, #0
0018 and 0019: [1051/1130], H[139], 0.01sec
0014 and 0019: [722/822], H[71], 0.01sec
0007 and 0019: 438 matches, 0.13sec, #2
0015 and 0019: 712 matches, 0.08sec, #0
0007 and 0019: [281/438], H[95], 0.01sec
0015 and 0019: [632/712], H[111], 0.00sec
0000 and 0020: 123 matches, 0.13sec, #1
0016 and 0019: 700 matches, 0.09sec, #0
0016 and 0019: [612/700], H[85], 0.00sec
0000 and 0020: [51/123], H[9], 0.03sec
0009 and 0020: 1346 matches, 0.12sec, #2
0001 and 0020: 112 matches, 0.09sec, #1
0009 and 0020: [828/1346], H[172], 0.01sec
0017 and 0019: 1467 matches, 0.10sec, #0
0001 and 0020: [60/112], H[29], 0.01sec
0017 and 0019: [1066/1467], H[405], 0.01sec
0010 and 0020: 1075 matches, 0.14sec, #2
0010 and 0020: [765/1075], H[144], 0.01sec
0019 and 0020: 1470 matches, 0.09sec, #0
0019 and 0020: [1363/1470], H[405], 0.01sec
0002 and 0020: 148 matches, 0.12sec, #1
0002 and 0020: [88/148], H[22], 0.01sec
0000 and 0021: 72 matches, 0.09sec, #0
0000 and 0021: [35/72], H[9], 0.01sec
0011 and 0020: 1045 matches, 0.17sec, #2
0003 and 0020: 223 matches, 0.09sec, #1
0011 and 0020: [767/1045], H[202], 0.01sec
0003 and 0020: [149/223], H[66], 0.00sec
0001 and 0021: 66 matches, 0.08sec, #0
0001 and 0021: [39/66], H[15], 0.01sec
0002 and 0021: 97 matches, 0.09sec, #0
0002 and 0021: [58/97], H[20], 0.01sec
0012 and 0020: 711 matches, 0.17sec, #2
0004 and 0020: 308 matches, 0.18sec, #1
0012 and 0020: [484/711], H[273], 0.01sec
0003 and 0021: 114 matches, 0.08sec, #0
0004 and 0020: [226/308], H[143], 0.00sec
0003 and 0021: [83/114], H[12], 0.00sec
0004 and 0021: 174 matches, 0.11sec, #0
0004 and 0021: [124/174], H[62], 0.00sec
0013 and 0020: 680 matches, 0.15sec, #2
0005 and 0020: 553 matches, 0.16sec, #1
0013 and 0020: [457/680], H[125], 0.01sec
0005 and 0020: [402/553], H[235], 0.00sec
0005 and 0021: 293 matches, 0.10sec, #0
0005 and 0021: [222/293], H[53], 0.00sec
0006 and 0021: 314 matches, 0.11sec, #0
0006 and 0021: [206/314], H[42], 0.01sec
0014 and 0020: 841 matches, 0.15sec, #2
0014 and 0020: [720/841], H[330], 0.01sec
0006 and 0020: 637 matches, 0.19sec, #1
0006 and 0020: [440/637], H[295], 0.01sec
0007 and 0021: 576 matches, 0.10sec, #0
0007 and 0021: [442/576], H[29], 0.01sec
0008 and 0021: 587 matches, 0.10sec, #0
0008 and 0021: [370/587], H[83], 0.01sec
0015 and 0020: 559 matches, 0.15sec, #2
0007 and 0020: 993 matches, 0.17sec, #1
0015 and 0020: [484/559], H[70], 0.01sec
0009 and 0021: 788 matches, 0.09sec, #0
0007 and 0020: [656/993], H[97], 0.01sec
0009 and 0021: [528/788], H[70], 0.01sec
0010 and 0021: 772 matches, 0.10sec, #0
0010 and 0021: [527/772], H[65], 0.01sec
0016 and 0020: 500 matches, 0.14sec, #2
0016 and 0020: [392/500], H[128], 0.00sec
0008 and 0020: 949 matches, 0.19sec, #1
0011 and 0021: 644 matches, 0.10sec, #0
0008 and 0020: [632/949], H[145], 0.01sec
0011 and 0021: [419/644], H[81], 0.01sec
0017 and 0020: 1093 matches, 0.11sec, #2
0019 and 0021: 1481 matches, 0.07sec, #1
0017 and 0020: [843/1093], H[42], 0.01sec
0012 and 0021: 530 matches, 0.09sec, #0
0019 and 0021: [1422/1481], H[969], 0.01sec
0012 and 0021: [414/530], H[51], 0.00sec
0013 and 0021: 585 matches, 0.09sec, #0
0013 and 0021: [388/585], H[56], 0.01sec
0018 and 0020: 998 matches, 0.13sec, #2
0018 and 0020: [711/998], H[195], 0.01sec
0020 and 0021: 1915 matches, 0.15sec, #1
0014 and 0021: 603 matches, 0.08sec, #0
0020 and 0021: [1842/1915], H[775], 0.01sec
0014 and 0021: [488/603], H[42], 0.01sec
0015 and 0021: 601 matches, 0.08sec, #0
0015 and 0021: [527/601], H[114], 0.01sec
0008 and 0022: 968 matches, 0.17sec, #2
0000 and 0022: 133 matches, 0.16sec, #1
0016 and 0021: 404 matches, 0.08sec, #0
0008 and 0022: [702/968], H[115], 0.01sec
0000 and 0022: [77/133], H[10], 0.01sec
0016 and 0021: [329/404], H[49], 0.00sec
0017 and 0021: 987 matches, 0.09sec, #0
0017 and 0021: [780/987], H[177], 0.01sec
0009 and 0022: 1177 matches, 0.19sec, #2
0009 and 0022: [1051/1177], H[185], 0.01sec
0001 and 0022: 151 matches, 0.28sec, #1
0018 and 0021: 967 matches, 0.11sec, #0
0001 and 0022: [93/151], H[55], 0.01sec
0018 and 0021: [767/967], H[115], 0.01sec
0010 and 0022: 863 matches, 0.19sec, #2
0010 and 0022: [756/863], H[149], 0.01sec
0018 and 0022: 694 matches, 0.10sec, #0
0018 and 0022: [479/694], H[154], 0.01sec
0002 and 0022: 206 matches, 0.16sec, #1
0002 and 0022: [133/206], H[50], 0.00sec
0019 and 0022: 1113 matches, 0.09sec, #0
0019 and 0022: [998/1113], H[243], 0.01sec
0011 and 0022: 855 matches, 0.20sec, #2
0003 and 0022: 327 matches, 0.10sec, #1
0011 and 0022: [646/855], H[84], 0.01sec
0020 and 0022: 2606 matches, 0.09sec, #0
0003 and 0022: [244/327], H[76], 0.00sec
0020 and 0022: [2493/2606], H[1526], 0.02sec
0021 and 0022: 1802 matches, 0.09sec, #0
0021 and 0022: [1718/1802], H[761], 0.02sec
0012 and 0022: 491 matches, 0.22sec, #2
0004 and 0022: 399 matches, 0.22sec, #1
0012 and 0022: [381/491], H[39], 0.00sec
0004 and 0022: [322/399], H[132], 0.00sec
0000 and 0023: 173 matches, 0.11sec, #0
0000 and 0023: [96/173], H[36], 0.01sec
0001 and 0023: 217 matches, 0.12sec, #0
0001 and 0023: [125/217], H[29], 0.01sec
0013 and 0022: 497 matches, 0.21sec, #2
0005 and 0022: 657 matches, 0.21sec, #1
0013 and 0022: [377/497], H[77], 0.00sec
0005 and 0022: [476/657], H[84], 0.00sec
0002 and 0023: 287 matches, 0.10sec, #0
0002 and 0023: [195/287], H[91], 0.00sec
0003 and 0023: 434 matches, 0.11sec, #0
0003 and 0023: [302/434], H[143], 0.01sec
0014 and 0022: 554 matches, 0.18sec, #2
0006 and 0022: 644 matches, 0.20sec, #1
0014 and 0022: [428/554], H[84], 0.00sec
0004 and 0023: 619 matches, 0.11sec, #0
0006 and 0022: [543/644], H[186], 0.01sec
0004 and 0023: [504/619], H[111], 0.01sec
0005 and 0023: 888 matches, 0.13sec, #0
0015 and 0022: 411 matches, 0.15sec, #2
0005 and 0023: [645/888], H[347], 0.01sec
0015 and 0022: [339/411], H[47], 0.01sec
0007 and 0022: 1048 matches, 0.25sec, #1
0007 and 0022: [839/1048], H[108], 0.01sec
0006 and 0023: 896 matches, 0.12sec, #0
0006 and 0023: [767/896], H[424], 0.01sec
0016 and 0022: 329 matches, 0.13sec, #2
0016 and 0022: [239/329], H[142], 0.01sec
0007 and 0023: 1288 matches, 0.12sec, #0
0016 and 0023: 323 matches, 0.16sec, #1
0007 and 0023: [1107/1288], H[140], 0.01sec
0016 and 0023: [243/323], H[98], 0.00sec
0017 and 0022: 631 matches, 0.22sec, #2
0017 and 0022: [429/631], H[79], 0.01sec
0008 and 0023: 998 matches, 0.11sec, #0
0017 and 0023: 612 matches, 0.11sec, #1
0008 and 0023: [879/998], H[124], 0.01sec
0017 and 0023: [402/612], H[65], 0.01sec
0009 and 0023: 1238 matches, 0.11sec, #0
0009 and 0023: [1085/1238], H[127], 0.01sec
0003 and 0024: 596 matches, 0.17sec, #2
0018 and 0023: 613 matches, 0.16sec, #1
0003 and 0024: [444/596], H[260], 0.01sec
0010 and 0023: 939 matches, 0.10sec, #0
0018 and 0023: [433/613], H[122], 0.01sec
0010 and 0023: [837/939], H[199], 0.01sec
0011 and 0023: 935 matches, 0.11sec, #0
0011 and 0023: [727/935], H[95], 0.01sec
0004 and 0024: 872 matches, 0.17sec, #2
0019 and 0023: 911 matches, 0.17sec, #1
0004 and 0024: [653/872], H[246], 0.01sec
0019 and 0023: [837/911], H[140], 0.00sec
0012 and 0023: 525 matches, 0.10sec, #0
0012 and 0023: [419/525], H[60], 0.01sec
0013 and 0023: 464 matches, 0.10sec, #0
0013 and 0023: [329/464], H[68], 0.00sec
0005 and 0024: 1030 matches, 0.19sec, #2
0020 and 0023: 2503 matches, 0.19sec, #1
0005 and 0024: [730/1030], H[427], 0.01sec
0020 and 0023: [2376/2503], H[1075], 0.00sec
0014 and 0023: 578 matches, 0.10sec, #0
0014 and 0023: [381/578], H[87], 0.01sec
0015 and 0023: 385 matches, 0.13sec, #0
0015 and 0023: [299/385], H[97], 0.01sec
0006 and 0024: 989 matches, 0.19sec, #2
0021 and 0023: 1251 matches, 0.19sec, #1
0021 and 0023: [1062/1251], H[155], 0.00sec
0006 and 0024: [743/989], H[210], 0.01sec
0013 and 0024: 300 matches, 0.10sec, #0
0013 and 0024: [227/300], H[85], 0.00sec
0014 and 0024: 394 matches, 0.10sec, #0
0014 and 0024: [272/394], H[102], 0.01sec
0022 and 0023: 3058 matches, 0.17sec, #1
0007 and 0024: 1253 matches, 0.20sec, #2
0007 and 0024: [805/1253], H[106], 0.01sec
0015 and 0024: 246 matches, 0.09sec, #0
0022 and 0023: [2976/3058], H[2172], 0.01sec
0015 and 0024: [171/246], H[89], 0.00sec
0016 and 0024: 224 matches, 0.14sec, #0
0016 and 0024: [166/224], H[93], 0.00sec
0008 and 0024: 818 matches, 0.18sec, #2
0000 and 0024: 234 matches, 0.20sec, #1
0008 and 0024: [565/818], H[267], 0.01sec
0000 and 0024: [140/234], H[82], 0.00sec
0017 and 0024: 394 matches, 0.10sec, #0
0017 and 0024: [270/394], H[46], 0.01sec
0018 and 0024: 384 matches, 0.11sec, #0
0018 and 0024: [256/384], H[85], 0.01sec
0009 and 0024: 896 matches, 0.20sec, #2
0001 and 0024: 319 matches, 0.23sec, #1
0009 and 0024: [571/896], H[159], 0.01sec
0019 and 0024: 552 matches, 0.10sec, #0
0001 and 0024: [219/319], H[110], 0.00sec
0019 and 0024: [472/552], H[74], 0.01sec
0020 and 0024: 1516 matches, 0.11sec, #0
0020 and 0024: [1355/1516], H[355], 0.00sec
0010 and 0024: 757 matches, 0.17sec, #2
0010 and 0024: [513/757], H[151], 0.01sec
0002 and 0024: 478 matches, 0.19sec, #1
0021 and 0024: 759 matches, 0.10sec, #0
0002 and 0024: [315/478], H[224], 0.01sec
0021 and 0024: [691/759], H[156], 0.01sec
0022 and 0024: 1862 matches, 0.10sec, #0
0011 and 0024: 703 matches, 0.18sec, #2
0023 and 0024: 2846 matches, 0.12sec, #1
0011 and 0024: [562/703], H[171], 0.01sec
0022 and 0024: [1780/1862], H[811], 0.01sec
0023 and 0024: [2742/2846], H[1013], 0.02sec
0012 and 0024: 411 matches, 0.10sec, #2
0012 and 0024: [289/411], H[65], 0.00sec
0009 and 0025: 983 matches, 0.12sec, #0
0009 and 0025: [660/983], H[177], 0.01sec
0010 and 0025: 830 matches, 0.11sec, #0
0010 and 0025: [669/830], H[109], 0.01sec
0000 and 0025: 185 matches, 0.16sec, #1
0000 and 0025: [115/185], H[57], 0.00sec
0019 and 0025: 669 matches, 0.17sec, #2
0019 and 0025: [580/669], H[115], 0.00sec
0011 and 0025: 802 matches, 0.11sec, #0
0011 and 0025: [674/802], H[319], 0.01sec
0012 and 0025: 441 matches, 0.10sec, #0
0012 and 0025: [358/441], H[82], 0.01sec
0001 and 0025: 265 matches, 0.16sec, #1
0001 and 0025: [161/265], H[60], 0.01sec
0020 and 0025: 1722 matches, 0.16sec, #2
0013 and 0025: 335 matches, 0.10sec, #0
0020 and 0025: [1586/1722], H[326], 0.00sec
0013 and 0025: [262/335], H[106], 0.00sec
0014 and 0025: 436 matches, 0.10sec, #0
0014 and 0025: [287/436], H[120], 0.01sec
0002 and 0025: 396 matches, 0.17sec, #1
0021 and 0025: 860 matches, 0.15sec, #2
0002 and 0025: [278/396], H[66], 0.00sec
0021 and 0025: [736/860], H[153], 0.01sec
0015 and 0025: 272 matches, 0.09sec, #0
0015 and 0025: [199/272], H[31], 0.02sec
0016 and 0025: 245 matches, 0.09sec, #0
0016 and 0025: [190/245], H[95], 0.00sec
0003 and 0025: 524 matches, 0.17sec, #1
0022 and 0025: 2177 matches, 0.19sec, #2
0003 and 0025: [372/524], H[210], 0.01sec
0017 and 0025: 486 matches, 0.09sec, #0
0022 and 0025: [2057/2177], H[1105], 0.01sec
0017 and 0025: [328/486], H[133], 0.01sec
0018 and 0025: 414 matches, 0.11sec, #0
0018 and 0025: [291/414], H[158], 0.01sec
0004 and 0025: 767 matches, 0.17sec, #1
0023 and 0025: 3184 matches, 0.21sec, #2
0004 and 0025: [554/767], H[322], 0.01sec
0023 and 0025: [3078/3184], H[1902], 0.00sec
0004 and 0026: 867 matches, 0.11sec, #0
0004 and 0026: [649/867], H[342], 0.01sec
0005 and 0026: 1038 matches, 0.12sec, #0
0005 and 0026: [679/1038], H[425], 0.01sec
0005 and 0025: 952 matches, 0.18sec, #1
0024 and 0025: 3825 matches, 0.20sec, #2
0005 and 0025: [690/952], H[150], 0.01sec
0006 and 0026: 1052 matches, 0.12sec, #0
0024 and 0025: [3740/3825], H[2246], 0.02sec
0006 and 0026: [788/1052], H[181], 0.01sec
0007 and 0026: 1251 matches, 0.13sec, #0
0007 and 0026: [825/1251], H[586], 0.01sec
0006 and 0025: 979 matches, 0.18sec, #1
0000 and 0026: 247 matches, 0.19sec, #2
0006 and 0025: [707/979], H[386], 0.01sec
0000 and 0026: [147/247], H[93], 0.01sec
0008 and 0026: 822 matches, 0.11sec, #0
0008 and 0026: [549/822], H[411], 0.01sec
0009 and 0026: 894 matches, 0.11sec, #0
0009 and 0026: [647/894], H[290], 0.01sec
0007 and 0025: 1237 matches, 0.17sec, #1
0007 and 0025: [824/1237], H[82], 0.01sec
0001 and 0026: 352 matches, 0.20sec, #2
0010 and 0026: 696 matches, 0.11sec, #0
0001 and 0026: [239/352], H[70], 0.00sec
0010 and 0026: [533/696], H[85], 0.01sec
0011 and 0026: 659 matches, 0.10sec, #0
0011 and 0026: [553/659], H[193], 0.01sec
0008 and 0025: 901 matches, 0.18sec, #1
0002 and 0026: 513 matches, 0.17sec, #2
0008 and 0025: [588/901], H[348], 0.01sec
0002 and 0026: [344/513], H[197], 0.00sec
0012 and 0026: 352 matches, 0.10sec, #0
0012 and 0026: [279/352], H[156], 0.00sec
0013 and 0026: 274 matches, 0.13sec, #0
0014 and 0026: 341 matches, 0.15sec, #1
0013 and 0026: [200/274], H[51], 0.00sec
0014 and 0026: [255/341], H[138], 0.00sec
0003 and 0026: 649 matches, 0.18sec, #2
0015 and 0026: 203 matches, 0.09sec, #1
0003 and 0026: [486/649], H[274], 0.00sec
0024 and 0026: 4014 matches, 0.13sec, #0
0015 and 0026: [156/203], H[111], 0.00sec
0024 and 0026: [3899/4014], H[3084], 0.03sec
0025 and 0026: 3677 matches, 0.12sec, #0
0025 and 0026: [3476/3677], H[1826], 0.03sec
0008 and 0027: 641 matches, 0.21sec, #2
0016 and 0026: 217 matches, 0.21sec, #1
0008 and 0027: [556/641], H[280], 0.00sec
0016 and 0026: [159/217], H[49], 0.00sec
0000 and 0027: 289 matches, 0.10sec, #0
0000 and 0027: [180/289], H[51], 0.01sec
0001 and 0027: 408 matches, 0.11sec, #0
0001 and 0027: [285/408], H[195], 0.01sec
0009 and 0027: 651 matches, 0.17sec, #2
0017 and 0026: 395 matches, 0.19sec, #1
0002 and 0027: 563 matches, 0.10sec, #0
0009 and 0027: [547/651], H[83], 0.00sec
0017 and 0026: [249/395], H[92], 0.01sec
0002 and 0027: [391/563], H[266], 0.00sec
0003 and 0027: 687 matches, 0.12sec, #0
0003 and 0027: [552/687], H[375], 0.01sec
0010 and 0027: 547 matches, 0.20sec, #2
0018 and 0026: 345 matches, 0.21sec, #1
0004 and 0027: 773 matches, 0.12sec, #0
0010 and 0027: [435/547], H[144], 0.00sec
0018 and 0026: [230/345], H[83], 0.00sec
0004 and 0027: [633/773], H[347], 0.00sec
0005 and 0027: 953 matches, 0.12sec, #0
0005 and 0027: [654/953], H[159], 0.01sec
0011 and 0027: 466 matches, 0.19sec, #2
0019 and 0026: 560 matches, 0.19sec, #1
0011 and 0027: [357/466], H[188], 0.01sec
0019 and 0026: [487/560], H[83], 0.00sec
0006 and 0027: 1029 matches, 0.16sec, #0
0006 and 0027: [831/1029], H[132], 0.01sec
0012 and 0027: 298 matches, 0.16sec, #2
0012 and 0027: [224/298], H[97], 0.00sec
0007 and 0027: 1033 matches, 0.11sec, #0
0007 and 0027: [913/1033], H[184], 0.01sec
0020 and 0026: 1400 matches, 0.20sec, #1
0020 and 0026: [1287/1400], H[206], 0.01sec
0013 and 0027: 190 matches, 0.12sec, #2
0018 and 0027: 229 matches, 0.10sec, #0
0013 and 0027: [127/190], H[63], 0.00sec
0018 and 0027: [155/229], H[42], 0.01sec
0019 and 0027: 403 matches, 0.10sec, #0
0021 and 0026: 679 matches, 0.15sec, #1
0019 and 0027: [341/403], H[147], 0.00sec
0021 and 0026: [618/679], H[118], 0.01sec
0014 and 0027: 243 matches, 0.25sec, #2
0020 and 0027: 923 matches, 0.11sec, #0
0014 and 0027: [173/243], H[30], 0.00sec
0020 and 0027: [808/923], H[107], 0.01sec
0022 and 0026: 1758 matches, 0.19sec, #1
0015 and 0027: 172 matches, 0.10sec, #2
0021 and 0027: 477 matches, 0.10sec, #0
0022 and 0026: [1666/1758], H[415], 0.01sec
0015 and 0027: [113/172], H[42], 0.00sec
0021 and 0027: [429/477], H[70], 0.00sec
0022 and 0027: 1167 matches, 0.11sec, #0
0022 and 0027: [1031/1167], H[206], 0.01sec
0023 and 0026: 2704 matches, 0.15sec, #1
0023 and 0026: [2556/2704], H[582], 0.02sec
0016 and 0027: 175 matches, 0.18sec, #2
0023 and 0027: 1812 matches, 0.11sec, #0
0016 and 0027: [116/175], H[54], 0.00sec
0023 and 0027: [1658/1812], H[294], 0.01sec
0001 and 0028: 298 matches, 0.11sec, #1
0001 and 0028: [188/298], H[96], 0.01sec
0017 and 0027: 263 matches, 0.09sec, #2
0017 and 0027: [159/263], H[29], 0.01sec
0024 and 0027: 2571 matches, 0.19sec, #0
0024 and 0027: [2420/2571], H[867], 0.02sec
0002 and 0028: 422 matches, 0.14sec, #1
0002 and 0028: [273/422], H[86], 0.01sec
0011 and 0028: 547 matches, 0.17sec, #2
0011 and 0028: [456/547], H[142], 0.01sec
0025 and 0027: 2339 matches, 0.11sec, #0
0025 and 0027: [2195/2339], H[467], 0.02sec
0003 and 0028: 557 matches, 0.17sec, #1
0012 and 0028: 320 matches, 0.14sec, #2
0003 and 0028: [381/557], H[117], 0.00sec
0026 and 0027: 2737 matches, 0.11sec, #0
0012 and 0028: [239/320], H[106], 0.00sec
0026 and 0027: [2589/2737], H[713], 0.02sec
0000 and 0028: 203 matches, 0.13sec, #0
0000 and 0028: [125/203], H[18], 0.00sec
0004 and 0028: 665 matches, 0.18sec, #1
0013 and 0028: 248 matches, 0.18sec, #2
0004 and 0028: [441/665], H[239], 0.01sec
0013 and 0028: [168/248], H[59], 0.00sec
0021 and 0028: 433 matches, 0.09sec, #0
0021 and 0028: [395/433], H[75], 0.00sec
0005 and 0028: 837 matches, 0.16sec, #1
0014 and 0028: 269 matches, 0.16sec, #2
0005 and 0028: [559/837], H[77], 0.01sec
0022 and 0028: 1077 matches, 0.10sec, #0
0014 and 0028: [204/269], H[111], 0.00sec
0022 and 0028: [1000/1077], H[192], 0.01sec
0023 and 0028: 1585 matches, 0.11sec, #0
0023 and 0028: [1488/1585], H[373], 0.01sec
0006 and 0028: 821 matches, 0.18sec, #1
0015 and 0028: 232 matches, 0.18sec, #2
0006 and 0028: [536/821], H[122], 0.01sec
0015 and 0028: [182/232], H[61], 0.00sec
0024 and 0028: 2433 matches, 0.11sec, #0
0024 and 0028: [2329/2433], H[1192], 0.02sec
0025 and 0028: 2158 matches, 0.17sec, #0
0007 and 0028: 820 matches, 0.22sec, #1
0016 and 0028: 231 matches, 0.22sec, #2
0007 and 0028: [593/820], H[78], 0.01sec
0016 and 0028: [155/231], H[47], 0.00sec
0025 and 0028: [2046/2158], H[773], 0.01sec
0026 and 0028: 2473 matches, 0.12sec, #0
0008 and 0028: 559 matches, 0.18sec, #1
0026 and 0028: [2367/2473], H[941], 0.02sec
0008 and 0028: [400/559], H[90], 0.01sec
0017 and 0028: 252 matches, 0.22sec, #2
0017 and 0028: [176/252], H[78], 0.01sec
0027 and 0028: 2506 matches, 0.11sec, #0
0027 and 0028: [2372/2506], H[1390], 0.02sec
0009 and 0028: 581 matches, 0.19sec, #1
0009 and 0028: [415/581], H[68], 0.01sec
0018 and 0028: 263 matches, 0.13sec, #2
0000 and 0029: 316 matches, 0.10sec, #0
0018 and 0028: [173/263], H[53], 0.01sec
0000 and 0029: [222/316], H[93], 0.05sec
0001 and 0029: 465 matches, 0.10sec, #0
0019 and 0028: 407 matches, 0.16sec, #2
0010 and 0028: 553 matches, 0.19sec, #1
0001 and 0029: [340/465], H[186], 0.00sec
0019 and 0028: [357/407], H[41], 0.00sec
0010 and 0028: [455/553], H[196], 0.00sec
0002 and 0029: 622 matches, 0.12sec, #0
0002 and 0029: [506/622], H[333], 0.01sec
0020 and 0028: 778 matches, 0.17sec, #2
0020 and 0028: [693/778], H[105], 0.01sec
0003 and 0029: 853 matches, 0.18sec, #1
0003 and 0029: [753/853], H[394], 0.00sec
0013 and 0029: 149 matches, 0.10sec, #0
0013 and 0029: [93/149], H[52], 0.01sec
0014 and 0029: 152 matches, 0.10sec, #0
0014 and 0029: [107/152], H[35], 0.00sec
0023 and 0029: 662 matches, 0.16sec, #2
0023 and 0029: [579/662], H[96], 0.01sec
0004 and 0029: 821 matches, 0.19sec, #1
0004 and 0029: [745/821], H[67], 0.01sec
0015 and 0029: 128 matches, 0.09sec, #0
0015 and 0029: [86/128], H[32], 0.00sec
0016 and 0029: 111 matches, 0.09sec, #0
0024 and 0029: 983 matches, 0.16sec, #2
0016 and 0029: [74/111], H[33], 0.00sec
0024 and 0029: [878/983], H[160], 0.01sec
0005 and 0029: 814 matches, 0.19sec, #1
0005 and 0029: [654/814], H[105], 0.01sec
0017 and 0029: 125 matches, 0.11sec, #0
0017 and 0029: [80/125], H[41], 0.00sec
0025 and 0029: 876 matches, 0.11sec, #2
0025 and 0029: [792/876], H[96], 0.06sec
0018 and 0029: 158 matches, 0.10sec, #0
0006 and 0029: 854 matches, 0.16sec, #1
0018 and 0029: [95/158], H[38], 0.05sec
0006 and 0029: [764/854], H[219], 0.01sec
0026 and 0029: 1075 matches, 0.11sec, #2
0019 and 0029: 237 matches, 0.10sec, #0
0026 and 0029: [988/1075], H[267], 0.01sec
0019 and 0029: [146/237], H[60], 0.00sec
0007 and 0029: 658 matches, 0.19sec, #1
0007 and 0029: [495/658], H[91], 0.01sec
0020 and 0029: 353 matches, 0.10sec, #0
0020 and 0029: [287/353], H[137], 0.01sec
0027 and 0029: 1720 matches, 0.20sec, #2
0027 and 0029: [1561/1720], H[732], 0.01sec
0021 and 0029: 231 matches, 0.09sec, #0
0021 and 0029: [181/231], H[95], 0.01sec
0008 and 0029: 545 matches, 0.15sec, #1
0008 and 0029: [411/545], H[235], 0.00sec
0028 and 0029: 1127 matches, 0.11sec, #2
0022 and 0029: 571 matches, 0.10sec, #0
0028 and 0029: [1015/1127], H[111], 0.01sec
0022 and 0029: [502/571], H[37], 0.01sec
0004 and 0030: 847 matches, 0.11sec, #0
0004 and 0030: [666/847], H[267], 0.01sec
0009 and 0029: 351 matches, 0.17sec, #1
0000 and 0030: 470 matches, 0.17sec, #2
0009 and 0029: [277/351], H[68], 0.00sec
0000 and 0030: [313/470], H[85], 0.01sec
0005 and 0030: 743 matches, 0.11sec, #0
0005 and 0030: [639/743], H[159], 0.01sec
0006 and 0030: 543 matches, 0.12sec, #0
0006 and 0030: [464/543], H[110], 0.01sec
0010 and 0029: 377 matches, 0.17sec, #1
0010 and 0029: [288/377], H[157], 0.00sec
0001 and 0030: 701 matches, 0.19sec, #2
0001 and 0030: [578/701], H[245], 0.01sec
0007 and 0030: 585 matches, 0.12sec, #0
0007 and 0030: [503/585], H[183], 0.01sec
0011 and 0029: 280 matches, 0.15sec, #1
0011 and 0029: [224/280], H[59], 0.00sec
0002 and 0030: 923 matches, 0.17sec, #2
0008 and 0030: 385 matches, 0.11sec, #0
0002 and 0030: [824/923], H[244], 0.01sec
0008 and 0030: [318/385], H[60], 0.01sec
0009 and 0030: 336 matches, 0.11sec, #0
0009 and 0030: [279/336], H[65], 0.01sec
0012 and 0029: 207 matches, 0.15sec, #1
0012 and 0029: [160/207], H[23], 0.00sec
0003 and 0030: 837 matches, 0.23sec, #2
0010 and 0030: 284 matches, 0.11sec, #0
0003 and 0030: [742/837], H[453], 0.01sec
0010 and 0030: [207/284], H[37], 0.00sec
0014 and 0030: 148 matches, 0.20sec, #1
0014 and 0030: [102/148], H[42], 0.00sec
0024 and 0030: 883 matches, 0.11sec, #2
0011 and 0030: 261 matches, 0.11sec, #0
0011 and 0030: [192/261], H[59], 0.01sec
0024 and 0030: [736/883], H[91], 0.05sec
0015 and 0030: 129 matches, 0.07sec, #1
0015 and 0030: [73/129], H[20], 0.01sec
0012 and 0030: 176 matches, 0.11sec, #0
0012 and 0030: [123/176], H[66], 0.00sec
0025 and 0030: 766 matches, 0.16sec, #2
0025 and 0030: [605/766], H[238], 0.01sec
0016 and 0030: 114 matches, 0.10sec, #1
0016 and 0030: [64/114], H[44], 0.01sec
0013 and 0030: 169 matches, 0.10sec, #0
0013 and 0030: [111/169], H[35], 0.01sec
0026 and 0030: 940 matches, 0.18sec, #2
0004 and 0031: 1740 matches, 0.12sec, #0
0026 and 0030: [848/940], H[124], 0.01sec
0017 and 0030: 123 matches, 0.19sec, #1
0004 and 0031: [1580/1740], H[680], 0.01sec
0017 and 0030: [61/123], H[9], 0.01sec
0005 and 0031: 1274 matches, 0.12sec, #0
0005 and 0031: [1135/1274], H[149], 0.01sec
0027 and 0030: 1313 matches, 0.18sec, #2
0027 and 0030: [1190/1313], H[177], 0.01sec
0018 and 0030: 123 matches, 0.14sec, #1
0006 and 0031: 1055 matches, 0.11sec, #0
0018 and 0030: [74/123], H[16], 0.01sec
0006 and 0031: [897/1055], H[133], 0.01sec
0007 and 0031: 728 matches, 0.11sec, #0
0007 and 0031: [589/728], H[273], 0.01sec
0028 and 0030: 1419 matches, 0.22sec, #2
0019 and 0030: 145 matches, 0.20sec, #1
0028 and 0030: [1212/1419], H[219], 0.01sec
0019 and 0030: [104/145], H[38], 0.00sec
0008 and 0031: 598 matches, 0.11sec, #0
0008 and 0031: [438/598], H[120], 0.01sec
0009 and 0031: 415 matches, 0.11sec, #0
0009 and 0031: [280/415], H[94], 0.01sec
0029 and 0030: 1495 matches, 0.23sec, #2
0029 and 0030: [1438/1495], H[683], 0.01sec
0020 and 0030: 324 matches, 0.27sec, #1
0010 and 0031: 280 matches, 0.11sec, #0
0020 and 0030: [250/324], H[135], 0.00sec
0010 and 0031: [173/280], H[79], 0.01sec
0011 and 0031: 272 matches, 0.11sec, #0
0011 and 0031: [176/272], H[75], 0.01sec
0000 and 0031: 759 matches, 0.18sec, #2
0000 and 0031: [559/759], H[324], 0.01sec
0021 and 0030: 173 matches, 0.21sec, #1
0012 and 0031: 172 matches, 0.10sec, #0
0021 and 0030: [144/173], H[62], 0.00sec
0012 and 0031: [109/172], H[21], 0.01sec
0013 and 0031: 135 matches, 0.10sec, #0
0001 and 0031: 1241 matches, 0.16sec, #2
0013 and 0031: [97/135], H[25], 0.01sec
0001 and 0031: [1096/1241], H[658], 0.01sec
0022 and 0030: 387 matches, 0.27sec, #1
0014 and 0031: 168 matches, 0.10sec, #0
0022 and 0030: [332/387], H[147], 0.00sec
0014 and 0031: [91/168], H[25], 0.01sec
0002 and 0031: 1459 matches, 0.15sec, #2
0002 and 0031: [1340/1459], H[457], 0.01sec
0015 and 0031: 92 matches, 0.10sec, #0
0015 and 0031: [51/92], H[16], 0.01sec
0023 and 0030: 581 matches, 0.14sec, #1
0023 and 0030: [492/581], H[110], 0.00sec
0003 and 0031: 1583 matches, 0.10sec, #2
0016 and 0031: 97 matches, 0.09sec, #0
0003 and 0031: [1466/1583], H[785], 0.01sec
0016 and 0031: [49/97], H[26], 0.01sec
0017 and 0031: 139 matches, 0.10sec, #0
0024 and 0031: 766 matches, 0.17sec, #1
0024 and 0031: [537/766], H[161], 0.01sec
0003 and 0032: 1660 matches, 0.16sec, #2
0017 and 0031: [62/139], H[12], 0.02sec
0003 and 0032: [1366/1660], H[667], 0.01sec
0018 and 0031: 143 matches, 0.10sec, #0
0018 and 0031: [71/143], H[21], 0.04sec
0025 and 0031: 650 matches, 0.16sec, #1
0025 and 0031: [491/650], H[132], 0.01sec
0004 and 0032: 1656 matches, 0.17sec, #2
0019 and 0031: 152 matches, 0.10sec, #0
0019 and 0031: [95/152], H[15], 0.00sec
0004 and 0032: [1503/1656], H[304], 0.01sec
0026 and 0031: 799 matches, 0.11sec, #1
0026 and 0031: [610/799], H[324], 0.01sec
0005 and 0032: 1031 matches, 0.10sec, #2
0020 and 0031: 278 matches, 0.11sec, #0
0005 and 0032: [900/1031], H[181], 0.01sec
0020 and 0031: [197/278], H[42], 0.00sec
0021 and 0031: 189 matches, 0.09sec, #0
0021 and 0031: [149/189], H[37], 0.00sec
0027 and 0031: 1188 matches, 0.17sec, #1
0027 and 0031: [807/1188], H[226], 0.01sec
0006 and 0032: 766 matches, 0.17sec, #2
0006 and 0032: [621/766], H[94], 0.01sec
0022 and 0031: 424 matches, 0.10sec, #0
0022 and 0031: [326/424], H[209], 0.00sec
0023 and 0031: 507 matches, 0.10sec, #0
0023 and 0031: [366/507], H[158], 0.01sec
0028 and 0031: 696 matches, 0.17sec, #1
0007 and 0032: 659 matches, 0.18sec, #2
0028 and 0031: [486/696], H[68], 0.01sec
0007 and 0032: [483/659], H[190], 0.01sec
0013 and 0032: 131 matches, 0.09sec, #0
0013 and 0032: [62/131], H[14], 0.06sec
0014 and 0032: 128 matches, 0.09sec, #0
0029 and 0031: 1412 matches, 0.17sec, #1
0014 and 0032: [67/128], H[12], 0.01sec
0008 and 0032: 482 matches, 0.18sec, #2
0029 and 0031: [1290/1412], H[375], 0.01sec
0008 and 0032: [314/482], H[92], 0.00sec
0015 and 0032: 71 matches, 0.11sec, #0
0015 and 0032: [37/71], H[16], 0.01sec
0030 and 0031: 1670 matches, 0.14sec, #1
0030 and 0031: [1436/1670], H[306], 0.01sec
0009 and 0032: 334 matches, 0.10sec, #2
0009 and 0032: [219/334], H[67], 0.01sec
0016 and 0032: 72 matches, 0.09sec, #0
0016 and 0032: [38/72], H[13], 0.01sec
0017 and 0032: 110 matches, 0.09sec, #0
0017 and 0032: [52/110], H[9], 0.02sec
0000 and 0032: 1188 matches, 0.19sec, #1
0000 and 0032: [936/1188], H[151], 0.01sec
0010 and 0032: 212 matches, 0.19sec, #2
0018 and 0032: 112 matches, 0.09sec, #0
0010 and 0032: [132/212], H[53], 0.01sec
0018 and 0032: [56/112], H[5], 0.04sec
0001 and 0032: 1545 matches, 0.15sec, #1
0019 and 0032: 119 matches, 0.10sec, #0
0001 and 0032: [1391/1545], H[826], 0.01sec
0019 and 0032: [63/119], H[16], 0.01sec
0011 and 0032: 191 matches, 0.24sec, #2
0011 and 0032: [123/191], H[46], 0.01sec
0020 and 0032: 227 matches, 0.10sec, #0
0002 and 0032: 1765 matches, 0.12sec, #1
0020 and 0032: [144/227], H[30], 0.01sec
0002 and 0032: [1641/1765], H[829], 0.02sec
0012 and 0032: 136 matches, 0.10sec, #2
0021 and 0032: 165 matches, 0.09sec, #0
0021 and 0032: [124/165], H[65], 0.00sec
0012 and 0032: [74/136], H[11], 0.01sec
0022 and 0032: 305 matches, 0.10sec, #0
0022 and 0032: [209/305], H[69], 0.01sec
0023 and 0032: 342 matches, 0.19sec, #1
0001 and 0033: 1281 matches, 0.17sec, #2
0023 and 0032: [237/342], H[86], 0.00sec
0011 and 0033: 166 matches, 0.10sec, #0
0001 and 0033: [1106/1281], H[599], 0.01sec
0011 and 0033: [109/166], H[43], 0.00sec
0012 and 0033: 122 matches, 0.11sec, #0
0012 and 0033: [72/122], H[43], 0.01sec
0024 and 0032: 529 matches, 0.16sec, #1
0002 and 0033: 1545 matches, 0.18sec, #2
0024 and 0032: [354/529], H[196], 0.01sec
0002 and 0033: [1459/1545], H[491], 0.01sec
0013 and 0033: 93 matches, 0.09sec, #0
0013 and 0033: [51/93], H[20], 0.01sec
0014 and 0033: 93 matches, 0.09sec, #0
0014 and 0033: [51/93], H[20], 0.01sec
0025 and 0032: 431 matches, 0.15sec, #1
0003 and 0033: 1284 matches, 0.20sec, #2
0025 and 0032: [286/431], H[75], 0.00sec
0015 and 0033: 72 matches, 0.09sec, #0
0003 and 0033: [1170/1284], H[456], 0.01sec
0015 and 0033: [33/72], H[11], 0.03sec
0016 and 0033: 68 matches, 0.10sec, #0
0026 and 0032: 569 matches, 0.16sec, #1
0016 and 0033: [33/68], H[14], 0.01sec
0026 and 0032: [360/569], H[92], 0.01sec
0004 and 0033: 963 matches, 0.17sec, #2
0004 and 0033: [779/963], H[298], 0.01sec
0017 and 0033: 102 matches, 0.10sec, #0
0027 and 0032: 682 matches, 0.12sec, #1
0017 and 0033: [44/102], H[19], 0.02sec
0027 and 0032: [438/682], H[92], 0.01sec
0018 and 0033: 92 matches, 0.09sec, #0
0018 and 0033: [45/92], H[18], 0.01sec
0005 and 0033: 660 matches, 0.19sec, #2
0005 and 0033: [544/660], H[171], 0.00sec
0028 and 0032: 428 matches, 0.15sec, #1
0028 and 0032: [269/428], H[162], 0.01sec
0019 and 0033: 116 matches, 0.09sec, #0
0019 and 0033: [69/116], H[22], 0.01sec
0020 and 0033: 165 matches, 0.10sec, #0
0020 and 0033: [106/165], H[41], 0.00sec
0006 and 0033: 631 matches, 0.18sec, #2
0006 and 0033: [503/631], H[325], 0.01sec
0029 and 0032: 941 matches, 0.18sec, #1
0029 and 0032: [632/941], H[153], 0.01sec
0021 and 0033: 107 matches, 0.13sec, #0
0021 and 0033: [75/107], H[24], 0.00sec
0007 and 0033: 419 matches, 0.16sec, #2
0007 and 0033: [319/419], H[193], 0.00sec
0030 and 0032: 1022 matches, 0.15sec, #1
0022 and 0033: 207 matches, 0.09sec, #0
0030 and 0032: [804/1022], H[229], 0.01sec
0022 and 0033: [145/207], H[48], 0.00sec
0023 and 0033: 254 matches, 0.10sec, #0
0023 and 0033: [190/254], H[81], 0.00sec
0008 and 0033: 298 matches, 0.17sec, #2
0031 and 0032: 2805 matches, 0.15sec, #1
0008 and 0033: [215/298], H[51], 0.00sec
0024 and 0033: 405 matches, 0.10sec, #0
0031 and 0032: [2631/2805], H[1387], 0.01sec
0024 and 0033: [278/405], H[154], 0.00sec
0025 and 0033: 336 matches, 0.10sec, #0
0025 and 0033: [213/336], H[107], 0.01sec
0000 and 0033: 1051 matches, 0.17sec, #1
0009 and 0033: 231 matches, 0.19sec, #2
0000 and 0033: [919/1051], H[147], 0.01sec
0009 and 0033: [164/231], H[55], 0.00sec
0026 and 0033: 415 matches, 0.10sec, #0
0026 and 0033: [298/415], H[188], 0.01sec
0027 and 0033: 704 matches, 0.10sec, #0
0027 and 0033: [525/704], H[245], 0.01sec
0031 and 0033: 1581 matches, 0.18sec, #1
0010 and 0033: 209 matches, 0.18sec, #2
0010 and 0033: [147/209], H[40], 0.00sec
0031 and 0033: [1327/1581], H[473], 0.01sec
0028 and 0033: 440 matches, 0.10sec, #0
0028 and 0033: [290/440], H[143], 0.01sec
0029 and 0033: 829 matches, 0.10sec, #0
0029 and 0033: [615/829], H[265], 0.01sec
0008 and 0034: 325 matches, 0.17sec, #2
0032 and 0033: 2137 matches, 0.18sec, #1
0008 and 0034: [222/325], H[63], 0.00sec
0032 and 0033: [2009/2137], H[772], 0.01sec
0030 and 0033: 1037 matches, 0.10sec, #0
0030 and 0033: [778/1037], H[303], 0.01sec
0018 and 0034: 105 matches, 0.09sec, #0
0018 and 0034: [53/105], H[12], 0.01sec
0009 and 0034: 238 matches, 0.16sec, #2
0000 and 0034: 1767 matches, 0.17sec, #1
0009 and 0034: [159/238], H[44], 0.01sec
0019 and 0034: 89 matches, 0.09sec, #0
0000 and 0034: [1552/1767], H[101], 0.01sec
0019 and 0034: [43/89], H[13], 0.02sec
0020 and 0034: 158 matches, 0.09sec, #0
0020 and 0034: [93/158], H[45], 0.01sec
0010 and 0034: 186 matches, 0.16sec, #2
0010 and 0034: [114/186], H[30], 0.01sec
0001 and 0034: 1814 matches, 0.17sec, #1
0021 and 0034: 101 matches, 0.09sec, #0
0001 and 0034: [1655/1814], H[679], 0.01sec
0021 and 0034: [69/101], H[24], 0.00sec
0022 and 0034: 210 matches, 0.10sec, #0
0022 and 0034: [137/210], H[88], 0.01sec
0002 and 0034: 1972 matches, 0.19sec, #1
0011 and 0034: 171 matches, 0.22sec, #2
0023 and 0034: 253 matches, 0.10sec, #0
0011 and 0034: [100/171], H[35], 0.01sec
0002 and 0034: [1805/1972], H[609], 0.01sec
0023 and 0034: [157/253], H[110], 0.00sec
0024 and 0034: 323 matches, 0.11sec, #0
0024 and 0034: [205/323], H[89], 0.01sec
0012 and 0034: 113 matches, 0.15sec, #2
0012 and 0034: [56/113], H[10], 0.01sec
0003 and 0034: 1374 matches, 0.19sec, #1
0025 and 0034: 285 matches, 0.11sec, #0
0003 and 0034: [1224/1374], H[301], 0.01sec
0025 and 0034: [175/285], H[18], 0.01sec
0013 and 0034: 86 matches, 0.17sec, #2
0026 and 0034: 368 matches, 0.11sec, #0
0026 and 0034: [215/368], H[58], 0.01sec
0004 and 0034: 1172 matches, 0.14sec, #1
0013 and 0034: [41/86], H[5], 0.02sec
0004 and 0034: [990/1172], H[297], 0.01sec
0014 and 0034: 116 matches, 0.10sec, #2
0027 and 0034: 451 matches, 0.12sec, #0
0027 and 0034: [280/451], H[200], 0.01sec
0014 and 0034: [47/116], H[17], 0.04sec
0005 and 0034: 669 matches, 0.13sec, #1
0028 and 0034: 304 matches, 0.11sec, #0
0005 and 0034: [506/669], H[109], 0.01sec
0028 and 0034: [187/304], H[111], 0.01sec
0029 and 0034: 550 matches, 0.10sec, #0
0029 and 0034: [389/550], H[49], 0.01sec
0015 and 0034: 75 matches, 0.21sec, #2
0006 and 0034: 485 matches, 0.18sec, #1
0006 and 0034: [332/485], H[98], 0.01sec
0030 and 0034: 714 matches, 0.10sec, #0
0030 and 0034: [476/714], H[216], 0.01sec
0015 and 0034: [28/75], H[7], 0.03sec
0031 and 0034: 1669 matches, 0.10sec, #0
0031 and 0034: [1419/1669], H[214], 0.01sec
0007 and 0034: 434 matches, 0.19sec, #1
0016 and 0034: 64 matches, 0.18sec, #2
0007 and 0034: [293/434], H[137], 0.00sec
0032 and 0034: 2484 matches, 0.10sec, #0
0016 and 0034: [30/64], H[18], 0.01sec
0032 and 0034: [2280/2484], H[951], 0.02sec
0033 and 0034: 2094 matches, 0.10sec, #0
0033 and 0034: [2002/2094], H[378], 0.02sec
0004 and 0035: 1100 matches, 0.16sec, #1
0004 and 0035: [910/1100], H[181], 0.01sec
0017 and 0034: 112 matches, 0.17sec, #2
0017 and 0034: [48/112], H[11], 0.02sec
0000 and 0035: 1849 matches, 0.11sec, #0
0000 and 0035: [1655/1849], H[583], 0.02sec
0005 and 0035: 658 matches, 0.13sec, #1
0005 and 0035: [521/658], H[340], 0.01sec
0014 and 0035: 108 matches, 0.10sec, #2
0001 and 0035: 1804 matches, 0.09sec, #0
0001 and 0035: [1675/1804], H[1067], 0.01sec
0014 and 0035: [47/108], H[12], 0.08sec
0006 and 0035: 436 matches, 0.11sec, #1
0002 and 0035: 1936 matches, 0.09sec, #0
0006 and 0035: [280/436], H[172], 0.01sec
0002 and 0035: [1739/1936], H[892], 0.01sec
0015 and 0035: 58 matches, 0.13sec, #2
0003 and 0035: 1281 matches, 0.09sec, #0
0007 and 0035: 408 matches, 0.11sec, #1
0003 and 0035: [1164/1281], H[363], 0.01sec
0007 and 0035: [278/408], H[134], 0.00sec
0015 and 0035: [27/58], H[6], 0.04sec
0024 and 0035: 334 matches, 0.12sec, #0
0024 and 0035: [220/334], H[59], 0.01sec
0008 and 0035: 325 matches, 0.16sec, #1
0016 and 0035: 62 matches, 0.08sec, #2
0008 and 0035: [202/325], H[34], 0.01sec
0025 and 0035: 292 matches, 0.10sec, #0
0025 and 0035: [197/292], H[37], 0.01sec
0016 and 0035: [25/62], H[9], 0.02sec
0026 and 0035: 352 matches, 0.10sec, #0
0026 and 0035: [225/352], H[132], 0.01sec
0009 and 0035: 228 matches, 0.18sec, #1
0017 and 0035: 92 matches, 0.17sec, #2
0009 and 0035: [143/228], H[37], 0.01sec
0017 and 0035: [43/92], H[8], 0.04sec
0027 and 0035: 483 matches, 0.10sec, #0
0027 and 0035: [307/483], H[69], 0.01sec
0028 and 0035: 297 matches, 0.10sec, #0
0028 and 0035: [186/297], H[92], 0.00sec
0010 and 0035: 147 matches, 0.15sec, #1
0010 and 0035: [88/147], H[22], 0.01sec
0018 and 0035: 113 matches, 0.16sec, #2
0029 and 0035: 523 matches, 0.10sec, #0
0029 and 0035: [383/523], H[105], 0.01sec
0018 and 0035: [51/113], H[13], 0.03sec
0030 and 0035: 708 matches, 0.10sec, #0
0030 and 0035: [488/708], H[233], 0.01sec
0011 and 0035: 164 matches, 0.15sec, #1
0011 and 0035: [94/164], H[27], 0.01sec
0019 and 0035: 92 matches, 0.14sec, #2
0031 and 0035: 1603 matches, 0.10sec, #0
0019 and 0035: [44/92], H[29], 0.01sec
0031 and 0035: [1369/1603], H[178], 0.01sec
0032 and 0035: 2184 matches, 0.10sec, #0
0012 and 0035: 101 matches, 0.15sec, #1
0032 and 0035: [1937/2184], H[995], 0.02sec
0012 and 0035: [47/101], H[9], 0.01sec
0020 and 0035: 170 matches, 0.16sec, #2
0020 and 0035: [104/170], H[11], 0.01sec
0033 and 0035: 1803 matches, 0.10sec, #0
0033 and 0035: [1697/1803], H[878], 0.01sec
0034 and 0035: 3170 matches, 0.10sec, #0
0034 and 0035: [2956/3170], H[2128], 0.02sec
0013 and 0035: 90 matches, 0.18sec, #1
0021 and 0035: 100 matches, 0.17sec, #2
0021 and 0035: [61/100], H[14], 0.00sec
0013 and 0035: [37/90], H[14], 0.02sec
0000 and 0036: 7186 matches, 0.10sec, #0
0000 and 0036: [7186/7186], H[7186], 0.08sec
0022 and 0035: 196 matches, 0.13sec, #2
0009 and 0036: 180 matches, 0.16sec, #1
0022 and 0035: [123/196], H[39], 0.00sec
0009 and 0036: [86/180], H[23], 0.01sec
0001 and 0036: 1577 matches, 0.10sec, #0
0001 and 0036: [1206/1577], H[570], 0.01sec
0002 and 0036: 1176 matches, 0.10sec, #0
0002 and 0036: [1032/1176], H[127], 0.01sec
0010 and 0036: 118 matches, 0.20sec, #1
0023 and 0035: 242 matches, 0.22sec, #2
0023 and 0035: [159/242], H[69], 0.00sec
0010 and 0036: [60/118], H[10], 0.01sec
0003 and 0036: 635 matches, 0.10sec, #0
0003 and 0036: [510/635], H[104], 0.01sec
0004 and 0036: 572 matches, 0.12sec, #0
0019 and 0036: 58 matches, 0.16sec, #2
0004 and 0036: [425/572], H[170], 0.01sec
0011 and 0036: 111 matches, 0.18sec, #1
0019 and 0036: [17/58], H[5], 0.06sec
0011 and 0036: [49/111], H[10], 0.03sec
0005 and 0036: 392 matches, 0.11sec, #0
0005 and 0036: [251/392], H[66], 0.01sec
0006 and 0036: 276 matches, 0.11sec, #0
0020 and 0036: 123 matches, 0.14sec, #2
0006 and 0036: [170/276], H[24], 0.01sec
0012 and 0036: 78 matches, 0.17sec, #1
0020 and 0036: [51/123], H[7], 0.03sec
0012 and 0036: [37/78], H[11], 0.01sec
0007 and 0036: 266 matches, 0.10sec, #0
0007 and 0036: [155/266], H[33], 0.01sec
0008 and 0036: 187 matches, 0.11sec, #0
0021 and 0036: 72 matches, 0.14sec, #2
0008 and 0036: [115/187], H[14], 0.01sec
0021 and 0036: [37/72], H[10], 0.01sec
0013 and 0036: 86 matches, 0.17sec, #1
0028 and 0036: 203 matches, 0.10sec, #0
0028 and 0036: [125/203], H[15], 0.00sec
0022 and 0036: 133 matches, 0.11sec, #2
0022 and 0036: [66/133], H[27], 0.01sec
0013 and 0036: [29/86], H[7], 0.05sec
0029 and 0036: 316 matches, 0.10sec, #0
0029 and 0036: [209/316], H[40], 0.05sec
0023 and 0036: 173 matches, 0.14sec, #2
0014 and 0036: 85 matches, 0.16sec, #1
0023 and 0036: [94/173], H[21], 0.01sec
0030 and 0036: 470 matches, 0.10sec, #0
0030 and 0036: [307/470], H[170], 0.01sec
0014 and 0036: [30/85], H[6], 0.10sec
0024 and 0036: 234 matches, 0.11sec, #2
0024 and 0036: [138/234], H[88], 0.01sec
0031 and 0036: 759 matches, 0.11sec, #0
0031 and 0036: [578/759], H[277], 0.01sec
0032 and 0036: 1188 matches, 0.10sec, #0
0015 and 0036: 44 matches, 0.14sec, #1
0032 and 0036: [945/1188], H[77], 0.01sec
0025 and 0036: 185 matches, 0.15sec, #2
0015 and 0036: [20/44], H[7], 0.04sec
0025 and 0036: [113/185], H[25], 0.01sec
0033 and 0036: 1051 matches, 0.09sec, #0
0033 and 0036: [907/1051], H[276], 0.01sec
0034 and 0036: 1767 matches, 0.10sec, #0
0016 and 0036: 59 matches, 0.14sec, #1
0034 and 0036: [1538/1767], H[563], 0.01sec
0026 and 0036: 247 matches, 0.16sec, #2
0016 and 0036: [20/59], H[5], 0.05sec
0026 and 0036: [142/247], H[52], 0.00sec
0035 and 0036: 1849 matches, 0.09sec, #0
0035 and 0036: [1599/1849], H[434], 0.01sec
0017 and 0036: 73 matches, 0.13sec, #1
0027 and 0036: 289 matches, 0.14sec, #2
0027 and 0036: [174/289], H[69], 0.00sec
0017 and 0036: [24/73], H[14], 0.05sec
0018 and 0036: 71 matches, 0.07sec, #1
0018 and 0036: [24/71], H[9], 0.04sec

###########-------timing------#########
666 Image Match finished, 41 sec used
#############################

----------------------------------------------------------------
Compute Missing Pairwise Matching, finished
Totally 47.000 seconds used


Run full 3D reconstruction, begin...
649 pairs have two-view models
666 pairs have fundamental matrices
Initialize with sofa (1) and sofa (2)
1212 3D points initialized from two images
PBA library version = 105
PBA: 1212 3D pts, 2 cams and 2424 projs...
PBA: 15.255 -> 0.190 (3 LMs in 0.13sec)
Focal Length : [429.563]->[429.563]
Focal Length : [429.563]->[429.563]

#############################
#3: [sofa (37)] sees 2280 (+5974) 3D points
Estimated Focal Length [430][0.67W]
# 1488 projs (138 pts and 0 merges)
PBA: 1350 3D pts, 3 cams and 3912 projs...
PBA: 0.394 -> 0.218 (4 LMs in 0.05sec)

**************************************
#3/3:  1626 projs and 138 pts added.
PBA: 1350 3D pts, 3 cams and 4050 projs...
PBA: 0.257 -> 0.245 (1 LMs in 0.00sec)
PBA: 1350 3D pts, 3 cams and 4050 projs...
PBA: 0.245 -> 0.236 (1 LMs in 0.00sec)
Focal Length : [429.563]->[429.563]
Radial Distortion : [0.000 -> 0]

#############################
#4: [sofa (36)] sees 2025 (+1758) 3D points
Estimated Focal Length [430][0.67W]
# 835 projs (0 pts and 0 merges)
PBA: 1350 3D pts, 4 cams and 4885 projs...
PBA: 0.769 -> 0.266 (45 LMs in 0.74sec)
Focal Length : [429.563]->[429.563]
Radial Distortion : [0.000 -> 0]

#############################
#5: [sofa (3)] sees 2642 (+2367) 3D points
Estimated Focal Length [430][0.67W]
# 962 projs (0 pts and 0 merges)
PBA: 1350 3D pts, 5 cams and 5847 projs...
PBA: 1.145 -> 0.355 (18 LMs in 0.14sec)
#points w/ large errors:	1

**************************************
#5/5:  9276 projs and 3095 pts added.
PBA: 4396 3D pts, 5 cams and 14151 projs...
PBA: 0.698 -> 0.519 (31 LMs in 0.13sec)
PBA: 4396 3D pts, 5 cams and 14151 projs...
PBA: 0.519 -> 0.519 (21 LMs in 0.10sec)
Focal Length : [429.563]->[429.563]
Radial Distortion : [0.000 -> 0]

#############################
#6: [sofa (35)] sees 6824 (+2500) 3D points
Estimated Focal Length [430][0.67W]
# 4427 projs (753 pts and 71 merges)
PBA: 5062 3D pts, 6 cams and 18546 projs...
PBA: 1.097 -> 0.781 (21 LMs in 0.09sec)
#points w/ large errors:	17
Focal Length : [429.563]->[429.563]
Radial Distortion : [0.000 -> 0]

#############################
#7: [sofa (33)] sees 6824 (+1776) 3D points
Estimated Focal Length [430][0.67W]
# 2439 projs (0 pts and 30 merges)
PBA: 5010 3D pts, 7 cams and 20924 projs...
PBA: 0.755 -> 0.481 (22 LMs in 0.22sec)
#points w/ large errors:	12

**************************************
#7/7:  5479 projs and 1183 pts added.
PBA: 6180 3D pts, 7 cams and 23913 projs...
PBA: 0.455 -> 0.426 (21 LMs in 0.17sec)
PBA: 6180 3D pts, 7 cams and 23913 projs...
PBA: 0.426 -> 0.425 (16 LMs in 0.05sec)
Focal Length : [429.563]->[429.563]
Radial Distortion : [0.000 -> 0]

#############################
#8: [sofa (32)] sees 7197 (+1465) 3D points
Estimated Focal Length [430][0.67W]
# 4372 projs (845 pts and 95 merges)
PBA: 5565 3D pts, 8 cams and 25555 projs...
PBA: 0.877 -> 0.720 (18 LMs in 0.11sec)
#points w/ large errors:	27
Focal Length : [429.563]->[429.563]
Radial Distortion : [0.000 -> 0]

#############################
#9: [sofa (34)] sees 9761 (+1215) 3D points
Estimated Focal Length [430][0.67W]
# 3786 projs (371 pts and 72 merges)
PBA: 5554 3D pts, 9 cams and 28650 projs...
PBA: 0.767 -> 0.622 (20 LMs in 0.25sec)
#points w/ large errors:	39

**************************************
#9/9:  4138 projs and 427 pts added.
PBA: 7179 3D pts, 9 cams and 32037 projs...
PBA: 0.591 -> 0.574 (50 LMs in 0.08sec)
PBA: 7179 3D pts, 9 cams and 32037 projs...
PBA: 0.574 -> 0.568 (32 LMs in 0.29sec)
Focal Length : [429.563]->[429.563]
Radial Distortion : [0.000 -> 0]

#############################
#10: [sofa (4)] sees 8834 (+1258) 3D points
Estimated Focal Length [430][0.67W]
# 4277 projs (710 pts and 100 merges)
PBA: 6349 3D pts, 10 cams and 33434 projs...
PBA: 0.833 -> 0.680 (21 LMs in 0.08sec)
#points w/ large errors:	58
Focal Length : [429.563]->[429.563]
Radial Distortion : [0.000 -> 0]

#############################
#11: [sofa (5)] sees 9380 (+1387) 3D points
Estimated Focal Length [430][0.67W]
# 2831 projs (0 pts and 37 merges)
PBA: 6090 3D pts, 11 cams and 35570 projs...
PBA: 1.155 -> 0.738 (21 LMs in 0.14sec)
#points w/ large errors:	39
Focal Length : [429.563]->[429.563]
Radial Distortion : [0.000 -> 0]

#############################
#12: [sofa (6)] sees 6986 (+1496) 3D points
Estimated Focal Length [430][0.67W]
# 2206 projs (0 pts and 19 merges)
PBA: 6160 3D pts, 12 cams and 37779 projs...
PBA: 1.378 -> 0.884 (28 LMs in 0.29sec)
#points w/ large errors:	55

**************************************
#12/12:  6303 projs and 1453 pts added.
PBA: 8960 3D pts, 12 cams and 44261 projs...
PBA: 0.952 -> 0.875 (18 LMs in 0.14sec)
#points w/ large errors:	5
#unstable points removed:	1
PBA: 8954 3D pts, 12 cams and 44230 projs...
PBA: 0.857 -> 0.857 (14 LMs in 0.12sec)
Focal Length : [429.563]->[429.563]
Radial Distortion : [0.000 -> 0]

#############################
#13: [sofa (7)] sees 6803 (+1594) 3D points
Estimated Focal Length [430][0.67W]
# 2205 projs (0 pts and 18 merges)
PBA: 6930 3D pts, 13 cams and 42423 projs...
PBA: 1.449 -> 0.951 (30 LMs in 0.16sec)
#points w/ large errors:	106
Focal Length : [429.563]->[429.563]
Radial Distortion : [0.000 -> 0]

#############################
#14: [sofa (8)] sees 6991 (+2216) 3D points
Estimated Focal Length [430][0.67W]
# 2221 projs (0 pts and 15 merges)
PBA: 6932 3D pts, 14 cams and 44262 projs...
PBA: 1.238 -> 0.803 (59 LMs in 0.31sec)
#points w/ large errors:	58
Focal Length : [429.563]->[429.563]
Radial Distortion : [0.000 -> 0]

#############################
#15: [sofa (9)] sees 6807 (+2357) 3D points
Estimated Focal Length [430][0.67W]
# 2095 projs (0 pts and 9 merges)
PBA: 6918 3D pts, 15 cams and 46039 projs...
PBA: 1.162 -> 0.777 (26 LMs in 0.21sec)
#points w/ large errors:	48
#unstable points removed:	1
Focal Length : [429.563]->[429.563]
Radial Distortion : [0.000 -> 0]

#############################
#16: [sofa (10)] sees 5907 (+2385) 3D points
Estimated Focal Length [430][0.67W]
# 1677 projs (0 pts and 5 merges)
PBA: 6884 3D pts, 16 cams and 47411 projs...
PBA: 0.946 -> 0.778 (74 LMs in 0.34sec)
#points w/ large errors:	40

**************************************
#16/16:  12350 projs and 3604 pts added.
PBA: 12064 3D pts, 16 cams and 61095 projs...
PBA: 0.864 -> 0.783 (15 LMs in 0.17sec)
#points w/ large errors:	5
PBA: 12059 3D pts, 16 cams and 61057 projs...
PBA: 0.820 -> 0.820 (12 LMs in 0.05sec)
Focal Length : [429.563]->[429.563]
Radial Distortion : [0.000 -> 0]

#############################
#17: [sofa (11)] sees 5858 (+1303) 3D points
Estimated Focal Length [430][0.67W]
# 2020 projs (0 pts and 6 merges)
PBA: 8993 3D pts, 17 cams and 56957 projs...
PBA: 1.107 -> 0.905 (27 LMs in 0.17sec)
#points w/ large errors:	183
Focal Length : [429.563]->[429.563]
Radial Distortion : [0.000 -> 0]

#############################
#18: [sofa (12)] sees 6641 (+1999) 3D points
Estimated Focal Length [430][0.67W]
# 2170 projs (0 pts and 16 merges)
PBA: 8914 3D pts, 18 cams and 58460 projs...
PBA: 0.805 -> 0.716 (44 LMs in 0.34sec)
#points w/ large errors:	38
Focal Length : [429.563]->[429.563]
Radial Distortion : [0.000 -> 0]

#############################
#19: [sofa (13)] sees 4394 (+1366) 3D points
Estimated Focal Length [430][0.67W]
# 1350 projs (0 pts and 5 merges)
PBA: 8906 3D pts, 19 cams and 59617 projs...
PBA: 0.764 -> 0.687 (16 LMs in 0.17sec)
#points w/ large errors:	46
#unstable points removed:	6
Focal Length : [429.563]->[429.563]
Radial Distortion : [0.000 -> 0]

#############################
#20: [sofa (14)] sees 4342 (+1669) 3D points
Estimated Focal Length [430][0.67W]
# 1319 projs (0 pts and 2 merges)
PBA: 8872 3D pts, 20 cams and 60624 projs...
PBA: 0.700 -> 0.632 (13 LMs in 0.19sec)
#points w/ large errors:	16
Focal Length : [429.563]->[429.563]
Radial Distortion : [0.000 -> 0]

#############################
#21: [sofa (15)] sees 5056 (+2273) 3D points
Estimated Focal Length [430][0.67W]
# 1484 projs (0 pts and 3 merges)
SKIP: 0 cams, 338 points, 135 projs
PBA: 11658 3D pts, 20 cams and 67583 projs...
PBA: 0.624 -> 0.584 (5 LMs in 0.04sec)
#points w/ large errors:	9

**************************************
#21/21:  11982 projs and 3579 pts added.
PBA: 15076 3D pts, 21 cams and 77874 projs...
PBA: 0.787 -> 0.652 (15 LMs in 0.05sec)
#points w/ large errors:	3
PBA: 15073 3D pts, 21 cams and 77848 projs...
PBA: 0.645 -> 0.645 (13 LMs in 0.04sec)
#points w/ large errors:	1
Focal Length : [429.563]->[429.563]
Radial Distortion : [0.000 -> 0]

#############################
#22: [sofa (19)] sees 6495 (+1369) 3D points
Estimated Focal Length [430][0.67W]
# 2078 projs (0 pts and 37 merges)
SKIP: 0 cams, 66 points, 16 projs
PBA: 14987 3D pts, 20 cams and 79822 projs...
PBA: 0.770 -> 0.726 (5 LMs in 0.05sec)
#points w/ large errors:	150
Focal Length : [429.563]->[429.563]
Radial Distortion : [0.000 -> 0]

#############################
#23: [sofa (18)] sees 7353 (+1773) 3D points
Estimated Focal Length [430][0.67W]
# 2235 projs (0 pts and 20 merges)
SKIP: 0 cams, 393 points, 1166 projs
PBA: 14657 3D pts, 20 cams and 80885 projs...
PBA: 0.897 -> 0.740 (5 LMs in 0.07sec)
#points w/ large errors:	23
Focal Length : [429.563]->[429.563]
Radial Distortion : [0.000 -> 0]

#############################
#24: [sofa (16)] sees 7518 (+1490) 3D points
Estimated Focal Length [430][0.67W]
# 2016 projs (0 pts and 17 merges)
SKIP: 0 cams, 626 points, 1194 projs
PBA: 14420 3D pts, 20 cams and 82167 projs...
PBA: 0.799 -> 0.725 (5 LMs in 0.15sec)
#points w/ large errors:	41
Focal Length : [429.563]->[429.563]
Radial Distortion : [0.000 -> 0]

#############################
#25: [sofa (17)] sees 7541 (+1643) 3D points
Estimated Focal Length [430][0.67W]
# 3762 projs (648 pts and 49 merges)
SKIP: 0 cams, 768 points, 2278 projs
PBA: 14557 3D pts, 20 cams and 84663 projs...
PBA: 0.954 -> 0.855 (5 LMs in 0.04sec)
#points w/ large errors:	16
Focal Length : [429.563]->[429.563]
Radial Distortion : [0.000 -> 0]

#############################
#26: [sofa (24)] sees 9835 (+1062) 3D points
Estimated Focal Length [430][0.67W]
# 4081 projs (796 pts and 140 merges)
PBA: 11991 3D pts, 26 cams and 82738 projs...
PBA: 1.153 -> 1.057 (32 LMs in 0.21sec)
#points w/ large errors:	53
Focal Length : [429.563]->[429.563]
Radial Distortion : [0.000 -> 0]

#############################
#27: [sofa (26)] sees 10545 (+1870) 3D points
Estimated Focal Length [430][0.67W]
# 2759 projs (0 pts and 87 merges)
SKIP: 0 cams, 1815 points, 5274 projs
PBA: 14071 3D pts, 20 cams and 88011 projs...
PBA: 1.132 -> 1.021 (5 LMs in 0.05sec)
#points w/ large errors:	52

**************************************
#27/27:  9425 projs and 2233 pts added.
PBA: 17775 3D pts, 27 cams and 99226 projs...
PBA: 1.005 -> 0.934 (20 LMs in 0.06sec)
#points w/ large errors:	1
PBA: 17774 3D pts, 27 cams and 99223 projs...
PBA: 0.938 -> 0.938 (13 LMs in 0.05sec)
Focal Length : [429.563]->[429.563]
Radial Distortion : [0.000 -> 0]

#############################
#28: [sofa (25)] sees 12498 (+2476) 3D points
Estimated Focal Length [430][0.67W]
# 3100 projs (0 pts and 91 merges)
SKIP: 0 cams, 2234 points, 6361 projs
PBA: 15472 3D pts, 20 cams and 95820 projs...
PBA: 1.299 -> 1.145 (5 LMs in 0.08sec)
#points w/ large errors:	173
Focal Length : [429.563]->[429.563]
Radial Distortion : [0.000 -> 0]

#############################
#29: [sofa (27)] sees 14611 (+2801) 3D points
Estimated Focal Length [430][0.67W]
# 3169 projs (0 pts and 73 merges)
SKIP: 0 cams, 3299 points, 11075 projs
PBA: 14411 3D pts, 20 cams and 94275 projs...
PBA: 1.196 -> 1.029 (5 LMs in 0.04sec)
#points w/ large errors:	45
Focal Length : [429.563]->[429.563]
Radial Distortion : [0.000 -> 0]

#############################
#30: [sofa (28)] sees 14553 (+2073) 3D points
Estimated Focal Length [430][0.67W]
# 8816 projs (2105 pts and 262 merges)
SKIP: 0 cams, 3613 points, 13522 projs
PBA: 15514 3D pts, 20 cams and 99855 projs...
PBA: 1.135 -> 0.976 (5 LMs in 0.03sec)
#points w/ large errors:	81
Focal Length : [429.563]->[429.563]
Radial Distortion : [0.000 -> 0]

#############################
#31: [sofa (23)] sees 16384 (+1780) 3D points
Estimated Focal Length [430][0.67W]
# 4517 projs (532 pts and 185 merges)
SKIP: 0 cams, 4512 points, 17788 projs
PBA: 14894 3D pts, 20 cams and 99702 projs...
PBA: 1.036 -> 0.923 (5 LMs in 0.02sec)
#points w/ large errors:	102
Focal Length : [429.563]->[429.563]
Radial Distortion : [0.000 -> 0]

#############################
#32: [sofa (21)] sees 17081 (+1598) 3D points
Estimated Focal Length [430][0.67W]
# 3536 projs (0 pts and 75 merges)
PBA: 13811 3D pts, 32 cams and 108998 projs...
PBA: 1.374 -> 1.010 (25 LMs in 0.24sec)
#points w/ large errors:	93
Focal Length : [429.563]->[429.563]
Radial Distortion : [0.000 -> 0]

#############################
#33: [sofa (29)] sees 16747 (+1524) 3D points
Estimated Focal Length [430][0.67W]
# 3289 projs (0 pts and 59 merges)
SKIP: 0 cams, 5509 points, 20682 projs
PBA: 13890 3D pts, 20 cams and 102285 projs...
PBA: 1.348 -> 1.052 (5 LMs in 0.02sec)
#points w/ large errors:	81
Focal Length : [429.563]->[429.563]
Radial Distortion : [0.000 -> 0]

#############################
#34: [sofa (30)] sees 14463 (+1033) 3D points
Estimated Focal Length [430][0.67W]
# 5412 projs (988 pts and 239 merges)
SKIP: 0 cams, 5200 points, 20142 projs
PBA: 14426 3D pts, 20 cams and 107513 projs...
PBA: 1.091 -> 0.967 (5 LMs in 0.05sec)
#points w/ large errors:	47

**************************************
#34/34:  13153 projs and 2947 pts added.
PBA: 21163 3D pts, 34 cams and 134030 projs...
PBA: 1.184 -> 1.069 (17 LMs in 0.10sec)
#points w/ large errors:	13
PBA: 21150 3D pts, 34 cams and 133952 projs...
PBA: 1.060 -> 1.060 (14 LMs in 0.13sec)
#points w/ large errors:	3
Focal Length : [429.563]->[429.563]
Radial Distortion : [0.000 -> 0]

#############################
#35: [sofa (31)] sees 15958 (+1072) 3D points
Estimated Focal Length [430][0.67W]
# 4684 projs (719 pts and 268 merges)
SKIP: 0 cams, 5325 points, 19021 projs
PBA: 16188 3D pts, 20 cams and 119445 projs...
PBA: 1.273 -> 1.201 (5 LMs in 0.03sec)
#points w/ large errors:	335
Focal Length : [429.563]->[429.563]
Radial Distortion : [0.000 -> 0]

#############################
#36: [sofa (22)] sees 13584 (+1081) 3D points
Estimated Focal Length [430][0.67W]
# 2555 projs (0 pts and 64 merges)
SKIP: 0 cams, 6219 points, 22538 projs
PBA: 15289 3D pts, 20 cams and 118392 projs...
PBA: 1.300 -> 1.079 (5 LMs in 0.19sec)
#points w/ large errors:	265
Focal Length : [429.563]->[429.563]
Radial Distortion : [0.000 -> 0]

#############################
#37: [sofa (20)] sees 13424 (+1107) 3D points
Estimated Focal Length [430][0.67W]
# 2509 projs (0 pts and 88 merges)
SKIP: 0 cams, 6843 points, 23857 projs
PBA: 14663 3D pts, 20 cams and 117740 projs...
PBA: 1.135 -> 1.036 (5 LMs in 0.03sec)
#points w/ large errors:	62
Focal Length : [429.563]->[429.563]
Radial Distortion : [0.000 -> 0]

^^^^^^^^^^^^^^^^^^^^^^^^^^^^^^^^
#37/37:  5309 projs and 1484 pts added.
PBA: 21947 3D pts, 37 cams and 144122 projs...
PBA: 1.095 -> 1.010 (14 LMs in 0.08sec)
#points w/ large errors:	66
#unstable points removed:	13
PBA: 21868 3D pts, 37 cams and 143393 projs...
PBA: 0.987 -> 0.987 (20 LMs in 0.17sec)
END: No more images to add [0 projs]

#############################
Failed to find two images for initialization
Resuming SfM finished, 10 sec used

---------------------------------------------------
37 cams, 21952 pts (3+: 15350)
143393 projections (3+: 130357)
---------------------------------------------------
1 model(s) reconstructed from 37 images;
37 modeled; 0 reused; 0 EXIF; 
5MB(5) used to store feature location.
---------------------------------------------------

########-------timing------#########
Structure-From-Motion finished, 10 sec used
8.3(7.1) seconds on Bundle Adjustment (+)
7.5(6.6) seconds on Bundle Adjustment (*)
#############################
----------------------------------------------------------------
Run full 3D reconstruction, finished
Totally 10.000 seconds used


Run dense reconstruction, begin...
Save to 3+4.nvm ... done

#############################
Undistorting 37 images in model #0
param_undistortion_thread_num = 0
NOTE: using 16 threads...
#00: sofa (1) -> 00000000.jpg, 0.025 sec
#02: sofa (3) -> 00000004.jpg, 0.026 sec
#07: sofa (33) -> 00000006.jpg, 0.025 sec
#08: sofa (32) -> 00000007.jpg, 0.026 sec
#09: sofa (7) -> 00000012.jpg, 0.026 sec
#05: sofa (35) -> 00000005.jpg, 0.026 sec
#12: sofa (10) -> 00000015.jpg, 0.027 sec
#11: sofa (8) -> 00000013.jpg, 0.027 sec
#10: sofa (34) -> 00000008.jpg, 0.028 sec
#13: sofa (12) -> 00000017.jpg, 0.028 sec
#04: sofa (5) -> 00000010.jpg, 0.028 sec
#06: sofa (6) -> 00000011.jpg, 0.029 sec
#01: sofa (37) -> 00000002.jpg, 0.030 sec
#14: sofa (14) -> 00000019.jpg, 0.030 sec
#03: sofa (4) -> 00000009.jpg, 0.030 sec
#15: sofa (19) -> 00000021.jpg, 0.030 sec
#00: sofa (2) -> 00000001.jpg, 0.003 sec
#02: sofa (16) -> 00000023.jpg, 0.002 sec
#07: sofa (24) -> 00000025.jpg, 0.002 sec
#08: sofa (25) -> 00000027.jpg, 0.002 sec
#09: sofa (28) -> 00000029.jpg, 0.001 sec
#05: sofa (21) -> 00000031.jpg, 0.002 sec
#12: sofa (11) -> 00000016.jpg, 0.002 sec
#11: sofa (9) -> 00000014.jpg, 0.002 sec
#10: sofa (30) -> 00000033.jpg, 0.002 sec
#13: sofa (13) -> 00000018.jpg, 0.002 sec
#04: sofa (22) -> 00000035.jpg, 0.001 sec
#01: sofa (36) -> 00000003.jpg, 0.002 sec
#14: sofa (15) -> 00000020.jpg, 0.002 sec
#15: sofa (18) -> 00000022.jpg, 0.002 sec
#02: sofa (17) -> 00000024.jpg, 0.002 sec
#04: sofa (20) -> 00000036.jpg, 0.003 sec
#07: sofa (26) -> 00000026.jpg, 0.002 sec
#08: sofa (27) -> 00000028.jpg, 0.003 sec
#09: sofa (23) -> 00000030.jpg, 0.003 sec
#05: sofa (29) -> 00000032.jpg, 0.003 sec
#10: sofa (31) -> 00000034.jpg, 0.003 sec
----------------------------------------------------------------
Running Yasutaka Furukawa's CMVS tool...
cmvs C:\Users\86186\Desktop\VisualSFM_windows_cuda_64bit\\3+4\2\3+4.nvm.cmvs\00\ 50 16
genOption C:\Users\86186\Desktop\VisualSFM_windows_cuda_64bit\\3+4\2\3+4.nvm.cmvs\00\ 1 2 0.700000 7 3 16
1 cluster is generated for pmvs reconstruction.
pmvs2 C:\Users\86186\Desktop\VisualSFM_windows_cuda_64bit\\3+4\2\3+4.nvm.cmvs\00\ option-0000
This may take a little more time, waiting...
7 seconds were used by PMVS
Loading option-0000.ply, 14847 vertices ...

#############################
You can manually remove bad MVS points:
1. Switch to dense MVS points mode;
2. Hit F1 key to enter the selection mode;
3. Select points by dragging a rectangle;
4. Hit DELETE to delete the selected points.

#############################
Save to 3+4.nvm ... done
Save C:\Users\86186\Desktop\VisualSFM_windows_cuda_64bit\\3+4\2\3+4.0.ply ...done
----------------------------------------------------------------
Run dense reconstruction, finished
Totally 11.000 seconds used


Run dense reconstruction, begin...

#############################
Undistorting 37 images in model #0
param_undistortion_thread_num = 0
NOTE: using 16 threads...
#01: sofa (37) -> 00000002.jpg, 0.011 sec
#06: sofa (35) -> 00000005.jpg, 0.012 sec
#08: sofa (32) -> 00000007.jpg, 0.012 sec
#07: sofa (33) -> 00000006.jpg, 0.012 sec
#00: sofa (1) -> 00000000.jpg, 0.013 sec
#12: sofa (6) -> 00000011.jpg, 0.013 sec
#09: sofa (34) -> 00000008.jpg, 0.014 sec
#02: sofa (3) -> 00000004.jpg, 0.014 sec
#15: sofa (19) -> 00000021.jpg, 0.014 sec
#13: sofa (13) -> 00000018.jpg, 0.015 sec
#04: sofa (9) -> 00000014.jpg, 0.015 sec
#11: sofa (4) -> 00000009.jpg, 0.016 sec
#14: sofa (7) -> 00000012.jpg, 0.016 sec
#05: sofa (14) -> 00000019.jpg, 0.017 sec
#03: sofa (8) -> 00000013.jpg, 0.017 sec
#10: sofa (11) -> 00000016.jpg, 0.017 sec
#01: sofa (36) -> 00000003.jpg, 0.004 sec
#06: sofa (18) -> 00000022.jpg, 0.002 sec
#08: sofa (17) -> 00000024.jpg, 0.002 sec
#07: sofa (26) -> 00000026.jpg, 0.002 sec
#00: sofa (2) -> 00000001.jpg, 0.003 sec
#12: sofa (27) -> 00000028.jpg, 0.003 sec
#09: sofa (23) -> 00000030.jpg, 0.003 sec
#02: sofa (29) -> 00000032.jpg, 0.002 sec
#15: sofa (31) -> 00000034.jpg, 0.002 sec
#13: sofa (20) -> 00000036.jpg, 0.002 sec
#04: sofa (10) -> 00000015.jpg, 0.002 sec
#11: sofa (5) -> 00000010.jpg, 0.003 sec
#05: sofa (15) -> 00000020.jpg, 0.003 sec
#10: sofa (12) -> 00000017.jpg, 0.003 sec
#06: sofa (16) -> 00000023.jpg, 0.003 sec
#08: sofa (24) -> 00000025.jpg, 0.003 sec
#07: sofa (25) -> 00000027.jpg, 0.003 sec
#12: sofa (28) -> 00000029.jpg, 0.002 sec
#09: sofa (21) -> 00000031.jpg, 0.002 sec
#02: sofa (30) -> 00000033.jpg, 0.003 sec
#15: sofa (22) -> 00000035.jpg, 0.002 sec
----------------------------------------------------------------
Running Yasutaka Furukawa's CMVS tool...
cmvs C:\Users\86186\Desktop\VisualSFM_windows_cuda_64bit\\3+4\2\3+4.nvm.cmvs\00\ 50 16
genOption C:\Users\86186\Desktop\VisualSFM_windows_cuda_64bit\\3+4\2\3+4.nvm.cmvs\00\ 1 2 0.700000 7 3 16
1 cluster is generated for pmvs reconstruction.
pmvs2 C:\Users\86186\Desktop\VisualSFM_windows_cuda_64bit\\3+4\2\3+4.nvm.cmvs\00\ option-0000
This may take a little more time, waiting...
7 seconds were used by PMVS
Loading option-0000.ply, 14335 vertices ...

#############################
You can manually remove bad MVS points:
1. Switch to dense MVS points mode;
2. Hit F1 key to enter the selection mode;
3. Select points by dragging a rectangle;
4. Hit DELETE to delete the selected points.

#############################
Save to 3+4.nvm ... done
Save C:\Users\86186\Desktop\VisualSFM_windows_cuda_64bit\\3+4\2\3+4.0.ply ...done
----------------------------------------------------------------
Run dense reconstruction, finished
Totally 10.000 seconds used

