
Load existing NView match, begin...
Load 3+4.nvm...
fx = 429.562531, cx = 323.779724
fy = 429.562531, cy = 244.005173
radial_distortion = 0.000000

sofa (32)
image_size:	640x480
#sift count:	7439

sofa (35)
image_size:	640x480
#sift count:	7139

sofa (33)
image_size:	640x480
#sift count:	7220

sofa (36)
image_size:	640x480
#sift count:	7074

sofa (3)
image_size:	640x480
#sift count:	7156

sofa (2)
image_size:	640x480
#sift count:	6803

sofa (4)
image_size:	640x480
#sift count:	7257

sofa (5)
image_size:	640x480
#sift count:	7598

sofa (34)
image_size:	640x480
#sift count:	7034

sofa (6)
image_size:	640x480
#sift count:	7917

sofa (7)
image_size:	640x480
#sift count:	7952

sofa (8)
image_size:	640x480
#sift count:	8062

sofa (9)
image_size:	640x480
#sift count:	7911

sofa (10)
image_size:	640x480
#sift count:	7806

sofa (11)
image_size:	640x480
#sift count:	7407

sofa (12)
image_size:	640x480
#sift count:	7497

sofa (1)
image_size:	640x480
#sift count:	7194

sofa (31)
image_size:	640x480
#sift count:	7764

sofa (30)
image_size:	640x480
#sift count:	7537

sofa (28)
image_size:	640x480
#sift count:	7757

sofa (27)
image_size:	640x480
#sift count:	7632

sofa (25)
image_size:	640x480
#sift count:	7669

sofa (26)
image_size:	640x480
#sift count:	7548

sofa (24)
image_size:	640x480
#sift count:	7541

sofa (29)
image_size:	640x480
#sift count:	7807

sofa (23)
image_size:	640x480
#sift count:	7208

sofa (21)
image_size:	640x480
#sift count:	7182

sofa (13)
image_size:	640x480
#sift count:	7003

sofa (14)
image_size:	640x480
#sift count:	6861

sofa (15)
image_size:	640x480
#sift count:	6839

sofa (19)
image_size:	640x480
#sift count:	6783

sofa (18)
image_size:	640x480
#sift count:	6774

sofa (16)
image_size:	640x480
#sift count:	6482

sofa (17)
image_size:	640x480
#sift count:	6383

sofa (22)
image_size:	640x480
#sift count:	6539

sofa (20)
image_size:	640x480
#sift count:	6578

Loading 20700 3D points...
fx = 429.562531, cx = 323.779724
fy = 429.562531, cy = 244.005173
radial_distortion = 0.000000
Loading 3+4.0.ply, 13978 vertices ...
You can view existing dense reconstructions
by using Menu "View->Dense 3D Points"
# images loaded:	36
**************************************
Change the number of pixel-loaded images by 
modifying param_visual_data_budget in nv.ini
Use the PAUSE button to skip the pixel loading
**************************************
Loading image pixel data ...done in 0s
Loading matching records ...done in 0s
----------------------------------------------------------------
Load existing NView match, finished
Totally 1.000 seconds used


Run full 3D reconstruction, begin...
622 pairs have two-view models
630 pairs have fundamental matrices
Initialize with sofa (32) and sofa (35)
1304 3D points initialized from two images
PBA library version = 105
PBA: 1304 3D pts, 2 cams and 2608 projs...
PBA: 15.235 -> 0.025 (1 LMs in 0.12sec)
Focal Length : [429.563]->[429.563]
Focal Length : [429.563]->[429.563]

#############################
#3: [sofa (33)] sees 1730 (+2519) 3D points
Estimated Focal Length [430][0.67W]
# 4138 projs (1498 pts and 0 merges)
PBA: 2802 3D pts, 3 cams and 6746 projs...
PBA: 0.116 -> 0.083 (1 LMs in 0.03sec)

**************************************
#3/3:  4406 projs and 1502 pts added.
PBA: 2802 3D pts, 3 cams and 7006 projs...
PBA: 0.149 -> 0.092 (1 LMs in 0.01sec)
PBA: 2802 3D pts, 3 cams and 7006 projs...
PBA: 0.092 -> 0.087 (1 LMs in 0.00sec)
Focal Length : [429.563]->[429.563]
Radial Distortion : [0.000 -> 0]

#############################
#4: [sofa (36)] sees 3696 (+2208) 3D points
Estimated Focal Length [430][0.67W]
# 3421 projs (717 pts and 24 merges)
PBA: 3490 3D pts, 4 cams and 10417 projs...
PBA: 0.440 -> 0.279 (100 LMs in 0.22sec)
#points w/ large errors:	4
Focal Length : [429.563]->[429.563]
Radial Distortion : [0.000 -> 0]

#############################
#5: [sofa (3)] sees 4041 (+1813) 3D points
Estimated Focal Length [430][0.67W]
# 4749 projs (1339 pts and 49 merges)
PBA: 4766 3D pts, 5 cams and 15137 projs...
PBA: 0.632 -> 0.318 (17 LMs in 0.15sec)
#points w/ large errors:	8

**************************************
#5/5:  5295 projs and 1380 pts added.
PBA: 4790 3D pts, 5 cams and 15646 projs...
PBA: 0.384 -> 0.349 (20 LMs in 0.14sec)
#points w/ large errors:	1
PBA: 4789 3D pts, 5 cams and 15643 projs...
PBA: 0.358 -> 0.357 (15 LMs in 0.15sec)
Focal Length : [429.563]->[429.563]
Radial Distortion : [0.000 -> 0]

#############################
#6: [sofa (2)] sees 5924 (+1692) 3D points
Estimated Focal Length [430][0.67W]
# 2227 projs (0 pts and 9 merges)
PBA: 4765 3D pts, 6 cams and 17840 projs...
PBA: 0.823 -> 0.463 (39 LMs in 0.27sec)
#points w/ large errors:	22
Focal Length : [429.563]->[429.563]
Radial Distortion : [0.000 -> 0]

#############################
#7: [sofa (4)] sees 6150 (+1587) 3D points
Estimated Focal Length [430][0.67W]
# 2118 projs (0 pts and 8 merges)
PBA: 4733 3D pts, 7 cams and 19889 projs...
PBA: 1.210 -> 0.517 (35 LMs in 0.09sec)
#points w/ large errors:	19

**************************************
#7/7:  6150 projs and 1604 pts added.
PBA: 6286 3D pts, 7 cams and 23835 projs...
PBA: 0.593 -> 0.497 (14 LMs in 0.13sec)
PBA: 6286 3D pts, 7 cams and 23835 projs...
PBA: 0.497 -> 0.497 (16 LMs in 0.12sec)
Focal Length : [429.563]->[429.563]
Radial Distortion : [0.000 -> 0]

#############################
#8: [sofa (5)] sees 7626 (+1649) 3D points
Estimated Focal Length [430][0.67W]
# 2648 projs (0 pts and 33 merges)
PBA: 4568 3D pts, 8 cams and 23113 projs...
PBA: 0.814 -> 0.580 (13 LMs in 0.24sec)
#points w/ large errors:	32
Focal Length : [429.563]->[429.563]
Radial Distortion : [0.000 -> 0]

#############################
#9: [sofa (6)] sees 5834 (+1646) 3D points
Estimated Focal Length [430][0.67W]
# 2060 projs (0 pts and 12 merges)
PBA: 4667 3D pts, 9 cams and 25355 projs...
PBA: 1.342 -> 0.646 (17 LMs in 0.27sec)
#points w/ large errors:	23

**************************************
#9/9:  5973 projs and 1510 pts added.
PBA: 7636 3D pts, 9 cams and 32125 projs...
PBA: 0.640 -> 0.592 (22 LMs in 0.17sec)
#points w/ large errors:	4
PBA: 7632 3D pts, 9 cams and 32099 projs...
PBA: 0.585 -> 0.582 (16 LMs in 0.24sec)
#points w/ large errors:	2
Focal Length : [429.563]->[429.563]
Radial Distortion : [0.000 -> 0]

#############################
#10: [sofa (7)] sees 6007 (+1644) 3D points
Estimated Focal Length [430][0.67W]
# 2167 projs (0 pts and 19 merges)
PBA: 5440 3D pts, 10 cams and 29913 projs...
PBA: 1.034 -> 0.719 (38 LMs in 1.00sec)
#points w/ large errors:	48
Focal Length : [429.563]->[429.563]
Radial Distortion : [0.000 -> 0]

#############################
#11: [sofa (8)] sees 6370 (+2271) 3D points
Estimated Focal Length [430][0.67W]
# 5224 projs (1246 pts and 49 merges)
PBA: 6702 3D pts, 11 cams and 35131 projs...
PBA: 1.023 -> 0.779 (13 LMs in 0.23sec)
#points w/ large errors:	37
Focal Length : [429.563]->[429.563]
Radial Distortion : [0.000 -> 0]

#############################
#12: [sofa (9)] sees 7388 (+1932) 3D points
Estimated Focal Length [430][0.67W]
# 2557 projs (0 pts and 29 merges)
PBA: 6246 3D pts, 12 cams and 36713 projs...
PBA: 0.943 -> 0.693 (21 LMs in 0.30sec)
#points w/ large errors:	55

**************************************
#12/12:  6399 projs and 1444 pts added.
PBA: 9928 3D pts, 12 cams and 44882 projs...
PBA: 0.794 -> 0.666 (13 LMs in 0.37sec)
#points w/ large errors:	5
PBA: 9923 3D pts, 12 cams and 44854 projs...
PBA: 0.665 -> 0.665 (12 LMs in 0.25sec)
Focal Length : [429.563]->[429.563]
Radial Distortion : [0.000 -> 0]

#############################
#13: [sofa (10)] sees 7338 (+1619) 3D points
Estimated Focal Length [430][0.67W]
# 2526 projs (0 pts and 16 merges)
PBA: 7044 3D pts, 13 cams and 41654 projs...
PBA: 1.214 -> 0.798 (17 LMs in 0.11sec)
#points w/ large errors:	120
Focal Length : [429.563]->[429.563]
Radial Distortion : [0.000 -> 0]

#############################
#14: [sofa (34)] sees 11318 (+1415) 3D points
Estimated Focal Length [430][0.67W]
# 3911 projs (390 pts and 90 merges)
PBA: 7556 3D pts, 14 cams and 45770 projs...
PBA: 0.813 -> 0.698 (100 LMs in 2.30sec)
#points w/ large errors:	54
Focal Length : [429.563]->[429.563]
Radial Distortion : [0.000 -> 0]

#############################
#15: [sofa (11)] sees 5096 (+1525) 3D points
Estimated Focal Length [430][0.67W]
# 3681 projs (803 pts and 27 merges)
PBA: 8043 3D pts, 15 cams and 48720 projs...
PBA: 0.787 -> 0.695 (46 LMs in 1.02sec)
#points w/ large errors:	67
Focal Length : [429.563]->[429.563]
Radial Distortion : [0.000 -> 0]

#############################
#16: [sofa (12)] sees 6614 (+1844) 3D points
Estimated Focal Length [430][0.67W]
# 5125 projs (1248 pts and 46 merges)
PBA: 8963 3D pts, 16 cams and 53046 projs...
PBA: 0.718 -> 0.606 (20 LMs in 0.17sec)
#points w/ large errors:	47

**************************************
#16/16:  8005 projs and 2137 pts added.
PBA: 12523 3D pts, 16 cams and 61208 projs...
PBA: 0.615 -> 0.577 (24 LMs in 0.48sec)
PBA: 12523 3D pts, 16 cams and 61208 projs...
PBA: 0.577 -> 0.577 (13 LMs in 0.34sec)
Focal Length : [429.563]->[429.563]
Radial Distortion : [0.000 -> 0]

#############################
#17: [sofa (1)] sees 7932 (+1346) 3D points
Estimated Focal Length [430][0.67W]
# 2364 projs (0 pts and 30 merges)
PBA: 8762 3D pts, 17 cams and 56110 projs...
PBA: 1.511 -> 0.883 (30 LMs in 0.24sec)
#points w/ large errors:	153
Focal Length : [429.563]->[429.563]
Radial Distortion : [0.000 -> 0]

#############################
#18: [sofa (31)] sees 8478 (+1078) 3D points
Estimated Focal Length [430][0.67W]
# 3128 projs (473 pts and 80 merges)
PBA: 9158 3D pts, 18 cams and 58868 projs...
PBA: 0.869 -> 0.787 (25 LMs in 0.58sec)
#points w/ large errors:	82
Focal Length : [429.563]->[429.563]
Radial Distortion : [0.000 -> 0]

#############################
#19: [sofa (30)] sees 8846 (+1280) 3D points
Estimated Focal Length [430][0.67W]
# 2281 projs (0 pts and 42 merges)
PBA: 8834 3D pts, 19 cams and 60231 projs...
PBA: 0.978 -> 0.776 (23 LMs in 0.37sec)
#points w/ large errors:	64
Focal Length : [429.563]->[429.563]
Radial Distortion : [0.000 -> 0]

#############################
#20: [sofa (28)] sees 9390 (+1428) 3D points
Estimated Focal Length [430][0.67W]
# 2470 projs (0 pts and 67 merges)
PBA: 8855 3D pts, 20 cams and 62581 projs...
PBA: 1.158 -> 0.809 (22 LMs in 0.43sec)
#points w/ large errors:	61
Focal Length : [429.563]->[429.563]
Radial Distortion : [0.000 -> 0]

#############################
#21: [sofa (27)] sees 9626 (+1902) 3D points
Estimated Focal Length [430][0.67W]
# 2564 projs (0 pts and 55 merges)
SKIP: 0 cams, 385 points, 412 projs
PBA: 12231 3D pts, 20 cams and 71719 projs...
PBA: 0.870 -> 0.727 (5 LMs in 0.18sec)
#points w/ large errors:	43

**************************************
#21/21:  12885 projs and 3990 pts added.
PBA: 16024 3D pts, 21 cams and 81629 projs...
PBA: 0.940 -> 0.830 (23 LMs in 0.47sec)
#points w/ large errors:	6
PBA: 16019 3D pts, 21 cams and 81601 projs...
PBA: 0.842 -> 0.842 (14 LMs in 0.39sec)
Focal Length : [429.563]->[429.563]
Radial Distortion : [0.000 -> 0]

#############################
#22: [sofa (25)] sees 13483 (+1902) 3D points
Estimated Focal Length [430][0.67W]
# 3779 projs (0 pts and 119 merges)
SKIP: 0 cams, 169 points, 86 projs
PBA: 15781 3D pts, 20 cams and 85142 projs...
PBA: 1.027 -> 0.908 (5 LMs in 0.15sec)
#points w/ large errors:	173
Focal Length : [429.563]->[429.563]
Radial Distortion : [0.000 -> 0]

#############################
#23: [sofa (26)] sees 15049 (+2023) 3D points
Estimated Focal Length [430][0.67W]
# 3797 projs (0 pts and 88 merges)
SKIP: 0 cams, 601 points, 1219 projs
PBA: 15354 3D pts, 20 cams and 87794 projs...
PBA: 1.038 -> 0.857 (5 LMs in 0.12sec)
#points w/ large errors:	51
Focal Length : [429.563]->[429.563]
Radial Distortion : [0.000 -> 0]

#############################
#24: [sofa (24)] sees 16226 (+1760) 3D points
Estimated Focal Length [430][0.67W]
# 3595 projs (0 pts and 72 merges)
SKIP: 0 cams, 900 points, 1202 projs
PBA: 15051 3D pts, 20 cams and 90595 projs...
PBA: 1.054 -> 0.857 (5 LMs in 0.32sec)
#points w/ large errors:	73
Focal Length : [429.563]->[429.563]
Radial Distortion : [0.000 -> 0]

#############################
#25: [sofa (29)] sees 16020 (+1781) 3D points
Estimated Focal Length [430][0.67W]
# 3289 projs (0 pts and 45 merges)
SKIP: 0 cams, 1276 points, 2079 projs
PBA: 14675 3D pts, 20 cams and 92645 projs...
PBA: 1.004 -> 0.816 (5 LMs in 0.05sec)
#points w/ large errors:	53
Focal Length : [429.563]->[429.563]
Radial Distortion : [0.000 -> 0]

#############################
#26: [sofa (23)] sees 15231 (+1593) 3D points
Estimated Focal Length [430][0.67W]
# 2977 projs (0 pts and 54 merges)
PBA: 10757 3D pts, 26 cams and 87859 projs...
PBA: 0.960 -> 0.858 (18 LMs in 0.24sec)
#points w/ large errors:	73
Focal Length : [429.563]->[429.563]
Radial Distortion : [0.000 -> 0]

#############################
#27: [sofa (21)] sees 13794 (+1641) 3D points
Estimated Focal Length [430][0.67W]
# 2790 projs (0 pts and 24 merges)
SKIP: 0 cams, 2131 points, 3833 projs
PBA: 13812 3D pts, 20 cams and 95672 projs...
PBA: 1.842 -> 0.851 (5 LMs in 0.12sec)
#points w/ large errors:	68

**************************************
#27/27:  13508 projs and 3173 pts added.
PBA: 17838 3D pts, 27 cams and 108602 projs...
PBA: 1.036 -> 0.929 (22 LMs in 0.71sec)
#points w/ large errors:	20
PBA: 17818 3D pts, 27 cams and 108452 projs...
PBA: 0.925 -> 0.924 (14 LMs in 0.42sec)
#points w/ large errors:	4
Focal Length : [429.563]->[429.563]
Radial Distortion : [0.000 -> 0]

#############################
#28: [sofa (13)] sees 8331 (+1029) 3D points
Estimated Focal Length [430][0.67W]
# 3284 projs (514 pts and 67 merges)
SKIP: 0 cams, 1707 points, 4566 projs
PBA: 16475 3D pts, 20 cams and 107060 projs...
PBA: 1.018 -> 0.982 (5 LMs in 0.24sec)
#points w/ large errors:	338
Focal Length : [429.563]->[429.563]
Radial Distortion : [0.000 -> 0]

#############################
#29: [sofa (15)] sees 8153 (+1152) 3D points
Estimated Focal Length [430][0.67W]
# 4414 projs (1015 pts and 59 merges)
SKIP: 0 cams, 1944 points, 7215 projs
PBA: 16822 3D pts, 20 cams and 108724 projs...
PBA: 0.845 -> 0.795 (5 LMs in 0.09sec)
#points w/ large errors:	72
Focal Length : [429.563]->[429.563]
Radial Distortion : [0.000 -> 0]

#############################
#30: [sofa (14)] sees 9619 (+1332) 3D points
Estimated Focal Length [430][0.67W]
# 4173 projs (681 pts and 78 merges)
SKIP: 0 cams, 2173 points, 6318 projs
PBA: 17089 3D pts, 20 cams and 111697 projs...
PBA: 0.844 -> 0.788 (5 LMs in 0.48sec)
#points w/ large errors:	64
Focal Length : [429.563]->[429.563]
Radial Distortion : [0.000 -> 0]

#############################
#31: [sofa (19)] sees 9431 (+1127) 3D points
Estimated Focal Length [430][0.67W]
# 2417 projs (0 pts and 43 merges)
SKIP: 0 cams, 2645 points, 7080 projs
PBA: 16609 3D pts, 20 cams and 112780 projs...
PBA: 0.987 -> 0.821 (5 LMs in 0.08sec)
#points w/ large errors:	67
Focal Length : [429.563]->[429.563]
Radial Distortion : [0.000 -> 0]

#############################
#32: [sofa (18)] sees 10335 (+1582) 3D points
Estimated Focal Length [430][0.67W]
# 2528 projs (0 pts and 56 merges)
PBA: 12988 3D pts, 32 cams and 109668 projs...
PBA: 1.021 -> 0.925 (14 LMs in 0.34sec)
#points w/ large errors:	44
Focal Length : [429.563]->[429.563]
Radial Distortion : [0.000 -> 0]

#############################
#33: [sofa (16)] sees 9659 (+1251) 3D points
Estimated Focal Length [430][0.67W]
# 3076 projs (403 pts and 47 merges)
SKIP: 0 cams, 3473 points, 10201 projs
PBA: 15806 3D pts, 20 cams and 114529 projs...
PBA: 0.943 -> 0.894 (5 LMs in 0.18sec)
#points w/ large errors:	55
Focal Length : [429.563]->[429.563]
Radial Distortion : [0.000 -> 0]

#############################
#34: [sofa (17)] sees 9626 (+1363) 3D points
Estimated Focal Length [430][0.67W]
# 3715 projs (601 pts and 88 merges)
SKIP: 0 cams, 4148 points, 13114 projs
PBA: 15579 3D pts, 20 cams and 114932 projs...
PBA: 1.066 -> 0.897 (5 LMs in 0.05sec)
#points w/ large errors:	33

**************************************
#34/34:  9371 projs and 2315 pts added.
PBA: 21172 3D pts, 34 cams and 132866 projs...
PBA: 1.050 -> 0.972 (20 LMs in 0.32sec)
#points w/ large errors:	8
PBA: 21164 3D pts, 34 cams and 132793 projs...
PBA: 0.951 -> 0.950 (18 LMs in 0.32sec)
#points w/ large errors:	1
Focal Length : [429.563]->[429.563]
Radial Distortion : [0.000 -> 0]

#############################
#35: [sofa (22)] sees 13923 (+996) 3D points
Estimated Focal Length [430][0.67W]
# 2565 projs (0 pts and 76 merges)
SKIP: 0 cams, 4445 points, 13442 projs
PBA: 16671 3D pts, 20 cams and 121800 projs...
PBA: 1.407 -> 1.106 (5 LMs in 0.52sec)
#points w/ large errors:	297
Focal Length : [429.563]->[429.563]
Radial Distortion : [0.000 -> 0]

#############################
#36: [sofa (20)] sees 13693 (+1071) 3D points
Estimated Focal Length [430][0.67W]
# 2564 projs (0 pts and 78 merges)
SKIP: 0 cams, 5344 points, 16592 projs
PBA: 15782 3D pts, 20 cams and 121221 projs...
PBA: 1.221 -> 1.017 (5 LMs in 0.60sec)
#points w/ large errors:	49
Focal Length : [429.563]->[429.563]
Radial Distortion : [0.000 -> 0]
END: No more images to add [0 projs]

#############################
Failed to find two images for initialization
Resuming SfM finished, 20 sec used

---------------------------------------------------
36 cams, 21176 pts (3+: 14094)
136313 projections (3+: 122836)
---------------------------------------------------
1 model(s) reconstructed from 36 images;
36 modeled; 0 reused; 0 EXIF; 
5MB(5) used to store feature location.
---------------------------------------------------

########-------timing------#########
Structure-From-Motion finished, 20 sec used
17.8(14.3) seconds on Bundle Adjustment (+)
17.0(13.8) seconds on Bundle Adjustment (*)
#############################
----------------------------------------------------------------
Run full 3D reconstruction, finished
Totally 20.000 seconds used


Run dense reconstruction, begin...
Save to 3+4.nvm ... done

#############################
Undistorting 36 images in model #0
param_undistortion_thread_num = 0
NOTE: using 16 threads...
#04: sofa (2) -> 00000005.jpg, 0.023 sec
#00: sofa (32) -> 00000000.jpg, 0.024 sec
#12: sofa (34) -> 00000013.jpg, 0.024 sec
#01: sofa (33) -> 00000002.jpg, 0.025 sec
#11: sofa (9) -> 00000011.jpg, 0.025 sec
#03: sofa (3) -> 00000004.jpg, 0.025 sec
#06: sofa (4) -> 00000006.jpg, 0.026 sec
#15: sofa (12) -> 00000015.jpg, 0.026 sec
#07: sofa (5) -> 00000007.jpg, 0.026 sec
#09: sofa (31) -> 00000017.jpg, 0.027 sec
#02: sofa (36) -> 00000003.jpg, 0.027 sec
#14: sofa (30) -> 00000018.jpg, 0.027 sec
#10: sofa (8) -> 00000010.jpg, 0.028 sec
#13: sofa (11) -> 00000014.jpg, 0.028 sec
#05: sofa (1) -> 00000016.jpg, 0.029 sec
#08: sofa (7) -> 00000009.jpg, 0.029 sec
#04: sofa (27) -> 00000020.jpg, 0.004 sec
#00: sofa (35) -> 00000001.jpg, 0.002 sec
#12: sofa (26) -> 00000022.jpg, 0.003 sec
#01: sofa (29) -> 00000024.jpg, 0.001 sec
#11: sofa (10) -> 00000012.jpg, 0.002 sec
#03: sofa (21) -> 00000026.jpg, 0.002 sec
#06: sofa (15) -> 00000028.jpg, 0.002 sec
#15: sofa (19) -> 00000030.jpg, 0.002 sec
#07: sofa (6) -> 00000008.jpg, 0.002 sec
#09: sofa (16) -> 00000032.jpg, 0.002 sec
#02: sofa (22) -> 00000034.jpg, 0.002 sec
#14: sofa (28) -> 00000019.jpg, 0.002 sec
#04: sofa (25) -> 00000021.jpg, 0.003 sec
#12: sofa (24) -> 00000023.jpg, 0.002 sec
#01: sofa (23) -> 00000025.jpg, 0.002 sec
#03: sofa (13) -> 00000027.jpg, 0.003 sec
#06: sofa (14) -> 00000029.jpg, 0.002 sec
#15: sofa (18) -> 00000031.jpg, 0.003 sec
#09: sofa (17) -> 00000033.jpg, 0.003 sec
#02: sofa (20) -> 00000035.jpg, 0.002 sec
----------------------------------------------------------------
Running Yasutaka Furukawa's CMVS tool...
cmvs C:\Users\86186\Desktop\VisualSFM_windows_cuda_64bit\最终数据\广角数据\3+4\1-36\3+4.nvm.cmvs\00\ 50 16
genOption C:\Users\86186\Desktop\VisualSFM_windows_cuda_64bit\最终数据\广角数据\3+4\1-36\3+4.nvm.cmvs\00\ 1 2 0.700000 7 3 16
1 cluster is generated for pmvs reconstruction.
pmvs2 C:\Users\86186\Desktop\VisualSFM_windows_cuda_64bit\最终数据\广角数据\3+4\1-36\3+4.nvm.cmvs\00\ option-0000
This may take a little more time, waiting...
7 seconds were used by PMVS
Loading option-0000.ply, 14715 vertices ...

#############################
You can manually remove bad MVS points:
1. Switch to dense MVS points mode;
2. Hit F1 key to enter the selection mode;
3. Select points by dragging a rectangle;
4. Hit DELETE to delete the selected points.

#############################
Save to 3+4.nvm ... done
Save C:\Users\86186\Desktop\VisualSFM_windows_cuda_64bit\最终数据\广角数据\3+4\1-36\3+4.0.ply ...done
----------------------------------------------------------------
Run dense reconstruction, finished
Totally 12.000 seconds used


Run full 3D reconstruction, begin...
622 pairs have two-view models
630 pairs have fundamental matrices
Initialize with sofa (32) and sofa (35)
1304 3D points initialized from two images
PBA: 1304 3D pts, 2 cams and 2608 projs...
PBA: 15.235 -> 0.025 (1 LMs in 0.09sec)
Focal Length : [429.563]->[429.563]
Focal Length : [429.563]->[429.563]

#############################
#3: [sofa (33)] sees 1730 (+2519) 3D points
Estimated Focal Length [430][0.67W]
# 4533 projs (1663 pts and 0 merges)
PBA: 2967 3D pts, 3 cams and 7141 projs...
PBA: 0.098 -> 0.060 (1 LMs in 0.01sec)

**************************************
#3/3:  4801 projs and 1707 pts added.
PBA: 3007 3D pts, 3 cams and 7401 projs...
PBA: 0.145 -> 0.102 (1 LMs in 0.03sec)
PBA: 3007 3D pts, 3 cams and 7401 projs...
PBA: 0.102 -> 0.098 (1 LMs in 0.03sec)
Focal Length : [429.563]->[429.563]
Radial Distortion : [0.000 -> 0]

#############################
#4: [sofa (36)] sees 3730 (+2187) 3D points
Estimated Focal Length [430][0.67W]
# 3480 projs (741 pts and 24 merges)
PBA: 3719 3D pts, 4 cams and 10871 projs...
PBA: 0.314 -> 0.231 (11 LMs in 0.10sec)
#points w/ large errors:	4
Focal Length : [429.563]->[429.563]
Radial Distortion : [0.000 -> 0]

#############################
#5: [sofa (3)] sees 4115 (+1773) 3D points
Estimated Focal Length [430][0.67W]
# 1654 projs (0 pts and 4 merges)
PBA: 3708 3D pts, 5 cams and 12510 projs...
PBA: 0.732 -> 0.362 (19 LMs in 0.14sec)
#points w/ large errors:	10

**************************************
#5/5:  4735 projs and 1220 pts added.
PBA: 4918 3D pts, 5 cams and 15560 projs...
PBA: 0.696 -> 0.353 (16 LMs in 0.13sec)
#points w/ large errors:	1
PBA: 4917 3D pts, 5 cams and 15557 projs...
PBA: 0.310 -> 0.310 (13 LMs in 0.05sec)
Focal Length : [429.563]->[429.563]
Radial Distortion : [0.000 -> 0]

#############################
#6: [sofa (2)] sees 5785 (+1695) 3D points
Estimated Focal Length [430][0.67W]
# 2224 projs (0 pts and 7 merges)
PBA: 4896 3D pts, 6 cams and 17753 projs...
PBA: 0.931 -> 0.524 (24 LMs in 0.16sec)
#points w/ large errors:	18
Focal Length : [429.563]->[429.563]
Radial Distortion : [0.000 -> 0]

#############################
#7: [sofa (4)] sees 6116 (+1577) 3D points
Estimated Focal Length [430][0.67W]
# 2137 projs (0 pts and 11 merges)
PBA: 4864 3D pts, 7 cams and 19825 projs...
PBA: 0.904 -> 0.552 (47 LMs in 0.24sec)
#points w/ large errors:	16

**************************************
#7/7:  6270 projs and 1586 pts added.
PBA: 6404 3D pts, 7 cams and 23888 projs...
PBA: 0.511 -> 0.470 (20 LMs in 0.14sec)
PBA: 6404 3D pts, 7 cams and 23888 projs...
PBA: 0.470 -> 0.470 (11 LMs in 0.09sec)
Focal Length : [429.563]->[429.563]
Radial Distortion : [0.000 -> 0]

#############################
#8: [sofa (5)] sees 7612 (+1634) 3D points
Estimated Focal Length [430][0.67W]
# 4521 projs (844 pts and 124 merges)
PBA: 5255 3D pts, 8 cams and 24671 projs...
PBA: 0.839 -> 0.567 (24 LMs in 0.34sec)
#points w/ large errors:	30
Focal Length : [429.563]->[429.563]
Radial Distortion : [0.000 -> 0]

#############################
#9: [sofa (34)] sees 9772 (+1350) 3D points
Estimated Focal Length [430][0.67W]
# 3570 projs (305 pts and 75 merges)
PBA: 5307 3D pts, 9 cams and 27851 projs...
PBA: 0.582 -> 0.528 (17 LMs in 0.12sec)
#points w/ large errors:	21

**************************************
#9/9:  3978 projs and 356 pts added.
PBA: 7299 3D pts, 9 cams and 32099 projs...
PBA: 0.486 -> 0.482 (14 LMs in 0.09sec)
PBA: 7299 3D pts, 9 cams and 32099 projs...
PBA: 0.482 -> 0.475 (12 LMs in 0.19sec)
Focal Length : [429.563]->[429.563]
Radial Distortion : [0.000 -> 0]

#############################
#10: [sofa (6)] sees 6858 (+1413) 3D points
Estimated Focal Length [430][0.67W]
# 2397 projs (0 pts and 24 merges)
PBA: 5408 3D pts, 10 cams and 30762 projs...
PBA: 1.092 -> 0.775 (15 LMs in 0.24sec)
#points w/ large errors:	44
Focal Length : [429.563]->[429.563]
Radial Distortion : [0.000 -> 0]

#############################
#11: [sofa (7)] sees 6112 (+1834) 3D points
Estimated Focal Length [430][0.67W]
# 2006 projs (0 pts and 9 merges)
PBA: 5453 3D pts, 11 cams and 32754 projs...
PBA: 1.326 -> 0.838 (30 LMs in 0.76sec)
#points w/ large errors:	29
Focal Length : [429.563]->[429.563]
Radial Distortion : [0.000 -> 0]

#############################
#12: [sofa (8)] sees 6242 (+2430) 3D points
Estimated Focal Length [430][0.67W]
# 1972 projs (0 pts and 7 merges)
PBA: 5471 3D pts, 12 cams and 34663 projs...
PBA: 1.480 -> 0.968 (26 LMs in 0.26sec)
#points w/ large errors:	31

**************************************
#12/12:  8207 projs and 2305 pts added.
PBA: 9351 3D pts, 12 cams and 43959 projs...
PBA: 0.938 -> 0.842 (16 LMs in 0.32sec)
#points w/ large errors:	4
PBA: 9347 3D pts, 12 cams and 43929 projs...
PBA: 0.849 -> 0.849 (15 LMs in 0.24sec)
Focal Length : [429.563]->[429.563]
Radial Distortion : [0.000 -> 0]

#############################
#13: [sofa (9)] sees 7814 (+1952) 3D points
Estimated Focal Length [430][0.67W]
# 2673 projs (0 pts and 36 merges)
PBA: 6775 3D pts, 13 cams and 41530 projs...
PBA: 1.454 -> 0.823 (100 LMs in 0.31sec)
#points w/ large errors:	130
Focal Length : [429.563]->[429.563]
Radial Distortion : [0.000 -> 0]

#############################
#14: [sofa (10)] sees 6833 (+1932) 3D points
Estimated Focal Length [430][0.67W]
# 2201 projs (0 pts and 15 merges)
PBA: 6760 3D pts, 14 cams and 43264 projs...
PBA: 0.904 -> 0.714 (18 LMs in 0.13sec)
#points w/ large errors:	51
Focal Length : [429.563]->[429.563]
Radial Distortion : [0.000 -> 0]

#############################
#15: [sofa (11)] sees 4689 (+1714) 3D points
Estimated Focal Length [430][0.67W]
# 1447 projs (0 pts and 5 merges)
PBA: 6731 3D pts, 15 cams and 44430 projs...
PBA: 0.750 -> 0.655 (16 LMs in 0.33sec)
#points w/ large errors:	38
Focal Length : [429.563]->[429.563]
Radial Distortion : [0.000 -> 0]

#############################
#16: [sofa (12)] sees 5279 (+2417) 3D points
Estimated Focal Length [430][0.67W]
# 5467 projs (1356 pts and 27 merges)
PBA: 8022 3D pts, 16 cams and 49623 projs...
PBA: 0.810 -> 0.574 (81 LMs in 0.63sec)
#points w/ large errors:	15

**************************************
#16/16:  11569 projs and 3382 pts added.
PBA: 12167 3D pts, 16 cams and 60014 projs...
PBA: 0.731 -> 0.655 (16 LMs in 0.13sec)
PBA: 12167 3D pts, 16 cams and 60014 projs...
PBA: 0.655 -> 0.655 (14 LMs in 0.23sec)
Focal Length : [429.563]->[429.563]
Radial Distortion : [0.000 -> 0]

#############################
#17: [sofa (1)] sees 7778 (+1355) 3D points
Estimated Focal Length [430][0.67W]
# 2358 projs (0 pts and 30 merges)
PBA: 8649 3D pts, 17 cams and 55396 projs...
PBA: 1.324 -> 0.941 (16 LMs in 0.40sec)
#points w/ large errors:	195
Focal Length : [429.563]->[429.563]
Radial Distortion : [0.000 -> 0]

#############################
#18: [sofa (13)] sees 5040 (+1178) 3D points
Estimated Focal Length [430][0.67W]
# 3277 projs (687 pts and 29 merges)
PBA: 9257 3D pts, 18 cams and 58129 projs...
PBA: 0.799 -> 0.737 (35 LMs in 0.75sec)
#points w/ large errors:	95
Focal Length : [429.563]->[429.563]
Radial Distortion : [0.000 -> 0]

#############################
#19: [sofa (14)] sees 5356 (+1221) 3D points
Estimated Focal Length [430][0.67W]
# 1844 projs (0 pts and 12 merges)
PBA: 8909 3D pts, 19 cams and 58801 projs...
PBA: 0.746 -> 0.646 (24 LMs in 0.30sec)
#points w/ large errors:	59
Focal Length : [429.563]->[429.563]
Radial Distortion : [0.000 -> 0]

#############################
#20: [sofa (15)] sees 6223 (+1718) 3D points
Estimated Focal Length [430][0.67W]
# 2037 projs (0 pts and 7 merges)
PBA: 8931 3D pts, 20 cams and 60616 projs...
PBA: 0.774 -> 0.586 (20 LMs in 0.40sec)
#points w/ large errors:	33
Focal Length : [429.563]->[429.563]
Radial Distortion : [0.000 -> 0]

#############################
#21: [sofa (19)] sees 5777 (+1469) 3D points
Estimated Focal Length [430][0.67W]
# 1713 projs (0 pts and 12 merges)
SKIP: 0 cams, 228 points, 242 projs
PBA: 12236 3D pts, 20 cams and 68787 projs...
PBA: 0.724 -> 0.592 (5 LMs in 0.09sec)
#points w/ large errors:	20

**************************************
#21/21:  11251 projs and 3692 pts added.
PBA: 15829 3D pts, 21 cams and 78120 projs...
PBA: 0.785 -> 0.669 (20 LMs in 0.40sec)
#points w/ large errors:	1
PBA: 15828 3D pts, 21 cams and 78114 projs...
PBA: 0.674 -> 0.674 (25 LMs in 0.22sec)
Focal Length : [429.563]->[429.563]
Radial Distortion : [0.000 -> 0]

#############################
#22: [sofa (18)] sees 8033 (+1451) 3D points
Estimated Focal Length [430][0.67W]
# 2604 projs (0 pts and 49 merges)
SKIP: 0 cams, 93 points, 84 projs
PBA: 15685 3D pts, 20 cams and 80530 projs...
PBA: 0.959 -> 0.798 (5 LMs in 0.11sec)
#points w/ large errors:	132
Focal Length : [429.563]->[429.563]
Radial Distortion : [0.000 -> 0]

#############################
#23: [sofa (16)] sees 8193 (+1289) 3D points
Estimated Focal Length [430][0.67W]
# 3543 projs (582 pts and 108 merges)
SKIP: 0 cams, 304 points, 1276 projs
PBA: 15750 3D pts, 20 cams and 82871 projs...
PBA: 0.790 -> 0.719 (5 LMs in 0.30sec)
#points w/ large errors:	57
Focal Length : [429.563]->[429.563]
Radial Distortion : [0.000 -> 0]

#############################
#24: [sofa (17)] sees 8362 (+1283) 3D points
Estimated Focal Length [430][0.67W]
# 3524 projs (542 pts and 99 merges)
SKIP: 0 cams, 547 points, 1558 projs
PBA: 15894 3D pts, 20 cams and 85467 projs...
PBA: 0.874 -> 0.816 (5 LMs in 0.26sec)
#points w/ large errors:	22
Focal Length : [429.563]->[429.563]
Radial Distortion : [0.000 -> 0]

#############################
#25: [sofa (21)] sees 8884 (+1067) 3D points
Estimated Focal Length [430][0.67W]
# 2328 projs (0 pts and 57 merges)
SKIP: 0 cams, 910 points, 1990 projs
PBA: 15527 3D pts, 20 cams and 87008 projs...
PBA: 1.042 -> 0.864 (5 LMs in 0.18sec)
#points w/ large errors:	59
Focal Length : [429.563]->[429.563]
Radial Distortion : [0.000 -> 0]

#############################
#26: [sofa (24)] sees 11041 (+1630) 3D points
Estimated Focal Length [430][0.67W]
# 4392 projs (751 pts and 173 merges)
PBA: 11812 3D pts, 26 cams and 82796 projs...
PBA: 0.911 -> 0.809 (19 LMs in 0.45sec)
#points w/ large errors:	39
Focal Length : [429.563]->[429.563]
Radial Distortion : [0.000 -> 0]

#############################
#27: [sofa (23)] sees 11908 (+2043) 3D points
Estimated Focal Length [430][0.67W]
# 3968 projs (528 pts and 146 merges)
SKIP: 0 cams, 1657 points, 4310 projs
PBA: 15535 3D pts, 20 cams and 92458 projs...
PBA: 0.843 -> 0.788 (5 LMs in 0.36sec)
#points w/ large errors:	46

**************************************
#27/27:  7399 projs and 1638 pts added.
PBA: 18092 3D pts, 27 cams and 99600 projs...
PBA: 0.865 -> 0.791 (22 LMs in 0.20sec)
#points w/ large errors:	5
PBA: 18087 3D pts, 27 cams and 99552 projs...
PBA: 0.770 -> 0.770 (14 LMs in 0.34sec)
Focal Length : [429.563]->[429.563]
Radial Distortion : [0.000 -> 0]

#############################
#28: [sofa (26)] sees 13117 (+1968) 3D points
Estimated Focal Length [430][0.67W]
# 3076 projs (0 pts and 98 merges)
SKIP: 0 cams, 2242 points, 5745 projs
PBA: 15812 3D pts, 20 cams and 96801 projs...
PBA: 1.891 -> 0.983 (5 LMs in 0.54sec)
#points w/ large errors:	166
Focal Length : [429.563]->[429.563]
Radial Distortion : [0.000 -> 0]

#############################
#29: [sofa (25)] sees 14689 (+2483) 3D points
Estimated Focal Length [430][0.67W]
# 3245 projs (0 pts and 92 merges)
SKIP: 0 cams, 3167 points, 9482 projs
PBA: 14883 3D pts, 20 cams and 96279 projs...
PBA: 1.139 -> 0.920 (5 LMs in 0.30sec)
#points w/ large errors:	49
Focal Length : [429.563]->[429.563]
Radial Distortion : [0.000 -> 0]

#############################
#30: [sofa (27)] sees 16515 (+2839) 3D points
Estimated Focal Length [430][0.67W]
# 3253 projs (0 pts and 62 merges)
SKIP: 0 cams, 3568 points, 10054 projs
PBA: 14473 3D pts, 20 cams and 98188 projs...
PBA: 1.035 -> 0.943 (5 LMs in 0.22sec)
#points w/ large errors:	35
Focal Length : [429.563]->[429.563]
Radial Distortion : [0.000 -> 0]

#############################
#31: [sofa (28)] sees 16084 (+2045) 3D points
Estimated Focal Length [430][0.67W]
# 3142 projs (0 pts and 96 merges)
SKIP: 0 cams, 3865 points, 10434 projs
PBA: 14167 3D pts, 20 cams and 100598 projs...
PBA: 1.103 -> 0.992 (5 LMs in 0.07sec)
#points w/ large errors:	61
Focal Length : [429.563]->[429.563]
Radial Distortion : [0.000 -> 0]

#############################
#32: [sofa (29)] sees 14800 (+2245) 3D points
Estimated Focal Length [430][0.67W]
# 2605 projs (0 pts and 30 merges)
PBA: 12063 3D pts, 32 cams and 102459 projs...
PBA: 1.035 -> 0.942 (23 LMs in 0.46sec)
#points w/ large errors:	56
Focal Length : [429.563]->[429.563]
Radial Distortion : [0.000 -> 0]

#############################
#33: [sofa (30)] sees 13219 (+1401) 3D points
Estimated Focal Length [430][0.67W]
# 6137 projs (1241 pts and 164 merges)
SKIP: 0 cams, 3896 points, 12593 projs
PBA: 14414 3D pts, 20 cams and 106511 projs...
PBA: 1.097 -> 0.953 (5 LMs in 0.11sec)
#points w/ large errors:	39
Focal Length : [429.563]->[429.563]
Radial Distortion : [0.000 -> 0]

#############################
#34: [sofa (31)] sees 15050 (+1242) 3D points
Estimated Focal Length [430][0.67W]
# 5149 projs (875 pts and 183 merges)
SKIP: 0 cams, 4173 points, 13067 projs
PBA: 14772 3D pts, 20 cams and 110624 projs...
PBA: 1.082 -> 0.986 (5 LMs in 0.06sec)
#points w/ large errors:	49

**************************************
#34/34:  17194 projs and 4045 pts added.
PBA: 21530 3D pts, 34 cams and 134630 projs...
PBA: 1.233 -> 1.091 (50 LMs in 0.80sec)
#points w/ large errors:	11
PBA: 21519 3D pts, 34 cams and 134523 projs...
PBA: 1.116 -> 1.108 (19 LMs in 0.24sec)
#points w/ large errors:	5
Focal Length : [429.563]->[429.563]
Radial Distortion : [0.000 -> 0]

#############################
#35: [sofa (22)] sees 13753 (+1192) 3D points
Estimated Focal Length [430][0.67W]
# 2620 projs (0 pts and 56 merges)
SKIP: 0 cams, 4452 points, 13390 projs
PBA: 17029 3D pts, 20 cams and 123595 projs...
PBA: 1.507 -> 1.275 (5 LMs in 0.11sec)
#points w/ large errors:	517
Focal Length : [429.563]->[429.563]
Radial Distortion : [0.000 -> 0]

#############################
#36: [sofa (20)] sees 13636 (+1139) 3D points
Estimated Focal Length [430][0.67W]
# 2585 projs (0 pts and 73 merges)
SKIP: 0 cams, 5427 points, 17982 projs
PBA: 16062 3D pts, 20 cams and 121554 projs...
PBA: 1.217 -> 1.040 (5 LMs in 0.42sec)
#points w/ large errors:	82
Focal Length : [429.563]->[429.563]
Radial Distortion : [0.000 -> 0]
END: No more images to add [0 projs]

#############################
Failed to find two images for initialization
Resuming SfM finished, 16 sec used

---------------------------------------------------
36 cams, 21561 pts (3+: 14102)
136313 projections (3+: 122299)
---------------------------------------------------
1 model(s) reconstructed from 36 images;
36 modeled; 0 reused; 0 EXIF; 
5MB(5) used to store feature location.
---------------------------------------------------

########-------timing------#########
Structure-From-Motion finished, 16 sec used
14.5(11.1) seconds on Bundle Adjustment (+)
13.6(10.5) seconds on Bundle Adjustment (*)
#############################
----------------------------------------------------------------
Run full 3D reconstruction, finished
Totally 16.000 seconds used


Run dense reconstruction, begin...
Save to 3+4.nvm ... done

#############################
Undistorting 36 images in model #0
param_undistortion_thread_num = 0
NOTE: using 16 threads...
#00: sofa (32) -> 00000000.jpg, 0.009 sec
#01: sofa (33) -> 00000002.jpg, 0.010 sec
#05: sofa (2) -> 00000005.jpg, 0.011 sec
#08: sofa (34) -> 00000008.jpg, 0.011 sec
#03: sofa (3) -> 00000004.jpg, 0.012 sec
#10: sofa (7) -> 00000010.jpg, 0.012 sec
#13: sofa (9) -> 00000012.jpg, 0.013 sec
#09: sofa (6) -> 00000009.jpg, 0.013 sec
#02: sofa (1) -> 00000016.jpg, 0.013 sec
#14: sofa (11) -> 00000014.jpg, 0.014 sec
#07: sofa (5) -> 00000007.jpg, 0.014 sec
#04: sofa (13) -> 00000017.jpg, 0.014 sec
#06: sofa (4) -> 00000006.jpg, 0.015 sec
#15: sofa (12) -> 00000015.jpg, 0.015 sec
#11: sofa (8) -> 00000011.jpg, 0.015 sec
#12: sofa (14) -> 00000018.jpg, 0.016 sec
#00: sofa (35) -> 00000001.jpg, 0.004 sec
#01: sofa (36) -> 00000003.jpg, 0.002 sec
#05: sofa (15) -> 00000019.jpg, 0.002 sec
#08: sofa (18) -> 00000021.jpg, 0.002 sec
#03: sofa (17) -> 00000023.jpg, 0.002 sec
#10: sofa (24) -> 00000025.jpg, 0.002 sec
#13: sofa (10) -> 00000013.jpg, 0.002 sec
#09: sofa (26) -> 00000027.jpg, 0.002 sec
#02: sofa (27) -> 00000029.jpg, 0.002 sec
#14: sofa (29) -> 00000031.jpg, 0.002 sec
#07: sofa (31) -> 00000033.jpg, 0.002 sec
#04: sofa (20) -> 00000035.jpg, 0.002 sec
#05: sofa (19) -> 00000020.jpg, 0.002 sec
#08: sofa (16) -> 00000022.jpg, 0.001 sec
#03: sofa (21) -> 00000024.jpg, 0.002 sec
#10: sofa (23) -> 00000026.jpg, 0.002 sec
#09: sofa (25) -> 00000028.jpg, 0.003 sec
#02: sofa (28) -> 00000030.jpg, 0.001 sec
#14: sofa (30) -> 00000032.jpg, 0.002 sec
#07: sofa (22) -> 00000034.jpg, 0.003 sec
----------------------------------------------------------------
Running Yasutaka Furukawa's CMVS tool...
cmvs C:\Users\86186\Desktop\VisualSFM_windows_cuda_64bit\最终数据\广角数据\3+4\1-36\3+4.nvm.cmvs\00\ 50 16
genOption C:\Users\86186\Desktop\VisualSFM_windows_cuda_64bit\最终数据\广角数据\3+4\1-36\3+4.nvm.cmvs\00\ 1 2 0.700000 7 3 16
1 cluster is generated for pmvs reconstruction.
pmvs2 C:\Users\86186\Desktop\VisualSFM_windows_cuda_64bit\最终数据\广角数据\3+4\1-36\3+4.nvm.cmvs\00\ option-0000
This may take a little more time, waiting...
6 seconds were used by PMVS
Loading option-0000.ply, 13111 vertices ...

#############################
You can manually remove bad MVS points:
1. Switch to dense MVS points mode;
2. Hit F1 key to enter the selection mode;
3. Select points by dragging a rectangle;
4. Hit DELETE to delete the selected points.

#############################
Save to 3+4.nvm ... done
Save C:\Users\86186\Desktop\VisualSFM_windows_cuda_64bit\最终数据\广角数据\3+4\1-36\3+4.0.ply ...done
----------------------------------------------------------------
Run dense reconstruction, finished
Totally 11.000 seconds used


Run dense reconstruction, begin...

#############################
Undistorting 36 images in model #0
param_undistortion_thread_num = 0
NOTE: using 16 threads...
#00: sofa (32) -> 00000000.jpg, 0.010 sec
#01: sofa (33) -> 00000002.jpg, 0.011 sec
#02: sofa (3) -> 00000004.jpg, 0.012 sec
#05: sofa (2) -> 00000005.jpg, 0.010 sec
#08: sofa (5) -> 00000007.jpg, 0.012 sec
#11: sofa (6) -> 00000009.jpg, 0.012 sec
#07: sofa (4) -> 00000006.jpg, 0.012 sec
#12: sofa (8) -> 00000011.jpg, 0.013 sec
#09: sofa (34) -> 00000008.jpg, 0.013 sec
#15: sofa (10) -> 00000013.jpg, 0.014 sec
#13: sofa (14) -> 00000018.jpg, 0.014 sec
#14: sofa (9) -> 00000012.jpg, 0.015 sec
#06: sofa (13) -> 00000017.jpg, 0.015 sec
#04: sofa (1) -> 00000016.jpg, 0.015 sec
#03: sofa (11) -> 00000014.jpg, 0.016 sec
#10: sofa (19) -> 00000020.jpg, 0.016 sec
#00: sofa (35) -> 00000001.jpg, 0.005 sec
#01: sofa (36) -> 00000003.jpg, 0.002 sec
#02: sofa (18) -> 00000021.jpg, 0.002 sec
#05: sofa (17) -> 00000023.jpg, 0.003 sec
#08: sofa (24) -> 00000025.jpg, 0.002 sec
#11: sofa (7) -> 00000010.jpg, 0.003 sec
#07: sofa (26) -> 00000027.jpg, 0.002 sec
#12: sofa (27) -> 00000029.jpg, 0.003 sec
#09: sofa (29) -> 00000031.jpg, 0.002 sec
#15: sofa (31) -> 00000033.jpg, 0.002 sec
#13: sofa (15) -> 00000019.jpg, 0.003 sec
#14: sofa (20) -> 00000035.jpg, 0.002 sec
#03: sofa (12) -> 00000015.jpg, 0.003 sec
#02: sofa (16) -> 00000022.jpg, 0.003 sec
#05: sofa (21) -> 00000024.jpg, 0.002 sec
#08: sofa (23) -> 00000026.jpg, 0.002 sec
#07: sofa (25) -> 00000028.jpg, 0.003 sec
#12: sofa (28) -> 00000030.jpg, 0.002 sec
#09: sofa (30) -> 00000032.jpg, 0.002 sec
#15: sofa (22) -> 00000034.jpg, 0.002 sec
----------------------------------------------------------------
Running Yasutaka Furukawa's CMVS tool...
cmvs C:\Users\86186\Desktop\VisualSFM_windows_cuda_64bit\最终数据\广角数据\3+4\111.nvm.cmvs\00\ 50 16
genOption C:\Users\86186\Desktop\VisualSFM_windows_cuda_64bit\最终数据\广角数据\3+4\111.nvm.cmvs\00\ 1 2 0.700000 7 3 16
1 cluster is generated for pmvs reconstruction.
pmvs2 C:\Users\86186\Desktop\VisualSFM_windows_cuda_64bit\最终数据\广角数据\3+4\111.nvm.cmvs\00\ option-0000
This may take a little more time, waiting...
5 seconds were used by PMVS
Loading option-0000.ply, 13844 vertices ...

#############################
You can manually remove bad MVS points:
1. Switch to dense MVS points mode;
2. Hit F1 key to enter the selection mode;
3. Select points by dragging a rectangle;
4. Hit DELETE to delete the selected points.

#############################
Save to 111.nvm ... done
Save C:\Users\86186\Desktop\VisualSFM_windows_cuda_64bit\最终数据\广角数据\3+4\111.0.ply ...done
----------------------------------------------------------------
Run dense reconstruction, finished
Totally 10.000 seconds used

