0: sofa (1)
image_size:	640x480
1: sofa (2)
image_size:	640x480
2: sofa (3)
image_size:	640x480
3: sofa (4)
image_size:	640x480
4: sofa (5)
image_size:	640x480
5: sofa (6)
image_size:	640x480
6: sofa (7)
image_size:	640x480
7: sofa (8)
image_size:	640x480
8: sofa (9)
image_size:	640x480
9: sofa (10)
image_size:	640x480
10: sofa (11)
image_size:	640x480
11: sofa (12)
image_size:	640x480
12: sofa (13)
image_size:	640x480
13: sofa (14)
image_size:	640x480
14: sofa (15)
image_size:	640x480
15: sofa (16)
image_size:	640x480
16: sofa (17)
image_size:	640x480
17: sofa (18)
image_size:	640x480
18: sofa (19)
image_size:	640x480
19: sofa (20)
image_size:	640x480
20: sofa (21)
image_size:	640x480
21: sofa (22)
image_size:	640x480
22: sofa (23)
image_size:	640x480
23: sofa (24)
image_size:	640x480
24: sofa (25)
image_size:	640x480
25: sofa (26)
image_size:	640x480
26: sofa (27)
image_size:	640x480
27: sofa (28)
image_size:	640x480
28: sofa (29)
image_size:	640x480
29: sofa (30)
image_size:	640x480
30: sofa (31)
image_size:	640x480
31: sofa (32)
image_size:	640x480
32: sofa (33)
image_size:	640x480
33: sofa (34)
image_size:	640x480
34: sofa (35)
image_size:	640x480
35: sofa (36)
image_size:	640x480
**************************************
Change the number of pixel-loaded images by 
modifying param_visual_data_budget in nv.ini
Use the PAUSE button to skip the pixel loading
**************************************
Loading image pixel data ...done in 0s

Modifying Calibration, begin...
fx = 431.910034, cx = 320.912781
fy = 431.910034, cy = 243.323013
radial_distortion = 0.000000
----------------------------------------------------------------
Modifying Calibration, finished
Totally 0.000 seconds used


Compute Missing Pairwise Matching, begin...
********* WARNING ***********
More than 112MB of graphic memory may be allocated
under the default settings. If the program halts here,
adjust parameters to save memory and rerun the task: 
    [Tools->Enable GPU->Set Maximum DIM]
Note some octaves may be automatically skipped
SIFT: 0000, 640x480, 	6790, 0.86sec
SIFT: 0001, 640x480, 	5773, 0.12sec
SIFT: 0002, 640x480, 	6075, 0.11sec
SIFT: 0003, 640x480, 	6039, 0.11sec
SIFT: 0004, 640x480, 	6673, 0.11sec
SIFT: 0005, 640x480, 	6944, 0.13sec
SIFT: 0006, 640x480, 	6873, 0.11sec
SIFT: 0007, 640x480, 	7310, 0.12sec
SIFT: 0008, 640x480, 	7012, 0.11sec
SIFT: 0009, 640x480, 	7524, 0.13sec
SIFT: 0010, 640x480, 	7182, 0.14sec
SIFT: 0011, 640x480, 	7230, 0.13sec
SIFT: 0012, 640x480, 	6760, 0.12sec
SIFT: 0013, 640x480, 	6781, 0.12sec
SIFT: 0014, 640x480, 	6984, 0.12sec
SIFT: 0015, 640x480, 	5757, 0.10sec
SIFT: 0016, 640x480, 	5542, 0.11sec
SIFT: 0017, 640x480, 	6276, 0.11sec
SIFT: 0018, 640x480, 	6305, 0.11sec
SIFT: 0019, 640x480, 	6298, 0.13sec
SIFT: 0020, 640x480, 	7233, 0.13sec
SIFT: 0021, 640x480, 	6347, 0.12sec
SIFT: 0022, 640x480, 	7496, 0.12sec
SIFT: 0023, 640x480, 	7736, 0.13sec
SIFT: 0024, 640x480, 	7802, 0.12sec
SIFT: 0025, 640x480, 	7829, 0.12sec
SIFT: 0026, 640x480, 	7759, 0.13sec
SIFT: 0027, 640x480, 	7643, 0.14sec
SIFT: 0028, 640x480, 	7114, 0.12sec
SIFT: 0029, 640x480, 	7129, 0.12sec
SIFT: 0030, 640x480, 	7109, 0.12sec
SIFT: 0031, 640x480, 	7140, 0.11sec
SIFT: 0032, 640x480, 	6879, 0.11sec
SIFT: 0033, 640x480, 	6365, 0.11sec
SIFT: 0034, 640x480, 	6685, 0.11sec
SIFT: 0035, 640x480, 	6502, 0.13sec

###########-------timing------#########
36 Feature Detection finished, 6 sec used
#############################

630 pairs to compute match
NOTE: using 3 matching workers
0001 and 0003: 1029 matches, 0.09sec, #1
0001 and 0002: 2128 matches, 0.09sec, #2
0001 and 0003: [923/1029], H[531], 0.01sec
0001 and 0002: [2009/2128], H[1013], 0.01sec
0002 and 0003: 1738 matches, 0.09sec, #1
0000 and 0003: 531 matches, 0.10sec, #2
0002 and 0003: [1629/1738], H[344], 0.01sec
0000 and 0003: [414/531], H[148], 0.00sec
0000 and 0001: 1377 matches, 0.29sec, #0
0000 and 0001: [1220/1377], H[366], 0.01sec
0000 and 0004: 529 matches, 0.11sec, #1
0000 and 0006: 222 matches, 0.13sec, #2
0000 and 0004: [391/529], H[83], 0.00sec
0000 and 0002: 1079 matches, 0.13sec, #0
0000 and 0006: [123/222], H[28], 0.01sec
0000 and 0002: [959/1079], H[509], 0.01sec
0001 and 0004: 867 matches, 0.07sec, #1
0001 and 0004: [722/867], H[462], 0.01sec
0001 and 0006: 316 matches, 0.08sec, #2
0004 and 0007: 1136 matches, 0.13sec, #0
0001 and 0006: [232/316], H[130], 0.00sec
0004 and 0007: [1001/1136], H[323], 0.01sec
0002 and 0004: 1450 matches, 0.10sec, #1
0002 and 0006: 484 matches, 0.09sec, #2
0005 and 0007: 2248 matches, 0.15sec, #0
0002 and 0004: [1283/1450], H[943], 0.01sec
0002 and 0006: [382/484], H[197], 0.00sec
0005 and 0007: [2115/2248], H[359], 0.01sec
0003 and 0004: 2129 matches, 0.10sec, #1
0003 and 0006: 836 matches, 0.12sec, #2
0003 and 0004: [2001/2129], H[1278], 0.01sec
0003 and 0006: [699/836], H[225], 0.01sec
0006 and 0007: 2463 matches, 0.17sec, #0
0006 and 0007: [2370/2463], H[933], 0.02sec
0004 and 0006: 1201 matches, 0.12sec, #2
0000 and 0005: 365 matches, 0.14sec, #1
0004 and 0006: [1071/1201], H[248], 0.01sec
0000 and 0008: 209 matches, 0.15sec, #0
0000 and 0005: [215/365], H[47], 0.01sec
0000 and 0008: [99/209], H[42], 0.02sec
0005 and 0006: 2438 matches, 0.10sec, #2
0001 and 0005: 519 matches, 0.09sec, #1
0005 and 0006: [2328/2438], H[614], 0.01sec
0001 and 0008: 232 matches, 0.13sec, #0
0001 and 0005: [395/519], H[209], 0.00sec
0001 and 0008: [155/232], H[62], 0.00sec
0000 and 0007: 245 matches, 0.11sec, #2
0002 and 0005: 862 matches, 0.11sec, #1
0000 and 0007: [134/245], H[39], 0.01sec
0002 and 0008: 375 matches, 0.11sec, #0
0002 and 0005: [734/862], H[306], 0.01sec
0002 and 0008: [287/375], H[82], 0.00sec
0003 and 0005: 1265 matches, 0.12sec, #1
0001 and 0007: 292 matches, 0.13sec, #2
0003 and 0005: [1125/1265], H[590], 0.01sec
0003 and 0008: 582 matches, 0.16sec, #0
0001 and 0007: [196/292], H[51], 0.00sec
0003 and 0008: [473/582], H[131], 0.00sec
0004 and 0005: 2218 matches, 0.11sec, #1
0002 and 0007: 467 matches, 0.11sec, #2
0004 and 0008: 929 matches, 0.14sec, #0
0004 and 0005: [2073/2218], H[398], 0.01sec
0002 and 0007: [370/467], H[135], 0.00sec
0004 and 0008: [815/929], H[371], 0.00sec
0007 and 0008: 2816 matches, 0.13sec, #1
0003 and 0007: 750 matches, 0.14sec, #2
0005 and 0008: 1624 matches, 0.16sec, #0
0007 and 0008: [2715/2816], H[1427], 0.01sec
0003 and 0007: [630/750], H[356], 0.00sec
0005 and 0008: [1482/1624], H[1083], 0.01sec
0000 and 0009: 185 matches, 0.13sec, #1
0000 and 0010: 114 matches, 0.13sec, #2
0000 and 0009: [83/185], H[40], 0.01sec
0006 and 0008: 1870 matches, 0.16sec, #0
0006 and 0008: [1777/1870], H[619], 0.01sec
0000 and 0010: [50/114], H[13], 0.05sec
0001 and 0009: 191 matches, 0.06sec, #1
0000 and 0011: 121 matches, 0.11sec, #0
0001 and 0009: [105/191], H[18], 0.04sec
0000 and 0011: [54/121], H[9], 0.06sec
0001 and 0010: 120 matches, 0.08sec, #2
0001 and 0010: [66/120], H[20], 0.01sec
0002 and 0009: 268 matches, 0.09sec, #1
0002 and 0010: 143 matches, 0.07sec, #2
0002 and 0009: [176/268], H[66], 0.00sec
0002 and 0010: [80/143], H[23], 0.01sec
0001 and 0011: 137 matches, 0.14sec, #0
0001 and 0011: [70/137], H[22], 0.01sec
0003 and 0009: 329 matches, 0.11sec, #1
0003 and 0010: 232 matches, 0.11sec, #2
0002 and 0011: 191 matches, 0.14sec, #0
0003 and 0009: [244/329], H[139], 0.00sec
0003 and 0010: [151/232], H[45], 0.00sec
0002 and 0011: [115/191], H[25], 0.01sec
0004 and 0009: 528 matches, 0.13sec, #1
0004 and 0009: [420/528], H[223], 0.00sec
0004 and 0010: 244 matches, 0.14sec, #2
0003 and 0011: 252 matches, 0.16sec, #0
0004 and 0010: [184/244], H[64], 0.00sec
0003 and 0011: [170/252], H[46], 0.01sec
0005 and 0009: 1051 matches, 0.13sec, #1
0005 and 0010: 463 matches, 0.12sec, #2
0005 and 0009: [904/1051], H[259], 0.01sec
0004 and 0011: 292 matches, 0.15sec, #0
0005 and 0010: [370/463], H[113], 0.00sec
0004 and 0011: [195/292], H[48], 0.01sec
0006 and 0009: 1328 matches, 0.11sec, #1
0006 and 0010: 760 matches, 0.13sec, #2
0006 and 0009: [1212/1328], H[852], 0.01sec
0005 and 0011: 484 matches, 0.16sec, #0
0006 and 0010: [673/760], H[216], 0.00sec
0005 and 0011: [378/484], H[192], 0.01sec
0007 and 0009: 2218 matches, 0.11sec, #1
0007 and 0010: 942 matches, 0.06sec, #2
0007 and 0009: [2097/2218], H[385], 0.01sec
0006 and 0011: 611 matches, 0.13sec, #0
0007 and 0010: [845/942], H[109], 0.00sec
0006 and 0011: [499/611], H[277], 0.01sec
0008 and 0009: 2461 matches, 0.11sec, #1
0008 and 0010: 1078 matches, 0.14sec, #2
0007 and 0011: 793 matches, 0.16sec, #0
0008 and 0009: [2340/2461], H[605], 0.01sec
0008 and 0010: [997/1078], H[254], 0.01sec
0007 and 0011: [617/793], H[177], 0.01sec
0010 and 0011: 2724 matches, 0.12sec, #1
0009 and 0010: 2220 matches, 0.13sec, #2
0008 and 0011: 1021 matches, 0.16sec, #0
0010 and 0011: [2604/2724], H[1373], 0.01sec
0009 and 0010: [2096/2220], H[253], 0.01sec
0008 and 0011: [914/1021], H[242], 0.01sec
0000 and 0012: 82 matches, 0.11sec, #1
0009 and 0012: 835 matches, 0.12sec, #2
0009 and 0011: 1767 matches, 0.17sec, #0
0009 and 0012: [759/835], H[306], 0.01sec
0009 and 0011: [1651/1767], H[183], 0.01sec
0000 and 0012: [35/82], H[11], 0.07sec
0010 and 0012: 1375 matches, 0.07sec, #2
0001 and 0012: 80 matches, 0.06sec, #1
0007 and 0013: 326 matches, 0.16sec, #0
0010 and 0012: [1307/1375], H[224], 0.01sec
0001 and 0012: [41/80], H[13], 0.01sec
0007 and 0013: [248/326], H[53], 0.00sec
0011 and 0012: 1771 matches, 0.11sec, #2
0002 and 0012: 103 matches, 0.11sec, #1
0008 and 0013: 412 matches, 0.15sec, #0
0011 and 0012: [1668/1771], H[427], 0.01sec
0002 and 0012: [46/103], H[15], 0.01sec
0008 and 0013: [337/412], H[99], 0.00sec
0000 and 0013: 69 matches, 0.11sec, #2
0003 and 0012: 134 matches, 0.11sec, #1
0009 and 0013: 688 matches, 0.16sec, #0
0003 and 0012: [80/134], H[32], 0.00sec
0009 and 0013: [584/688], H[93], 0.00sec
0000 and 0013: [28/69], H[8], 0.04sec
0004 and 0012: 149 matches, 0.05sec, #1
0004 and 0012: [102/149], H[37], 0.00sec
0001 and 0013: 84 matches, 0.05sec, #2
0010 and 0013: 935 matches, 0.13sec, #0
0005 and 0012: 236 matches, 0.06sec, #1
0010 and 0013: [819/935], H[166], 0.01sec
0005 and 0012: [158/236], H[81], 0.00sec
0001 and 0013: [33/84], H[10], 0.03sec
0006 and 0012: 320 matches, 0.11sec, #1
0002 and 0013: 105 matches, 0.11sec, #2
0006 and 0012: [253/320], H[70], 0.00sec
0002 and 0013: [45/105], H[13], 0.02sec
0011 and 0013: 1438 matches, 0.17sec, #0
0007 and 0012: 356 matches, 0.11sec, #1
0011 and 0013: [1302/1438], H[163], 0.01sec
0007 and 0012: [273/356], H[79], 0.00sec
0003 and 0013: 139 matches, 0.11sec, #2
0003 and 0013: [76/139], H[10], 0.01sec
0008 and 0012: 498 matches, 0.07sec, #1
0012 and 0013: 1916 matches, 0.12sec, #0
0008 and 0012: [414/498], H[249], 0.00sec
0012 and 0013: [1828/1916], H[598], 0.01sec
0004 and 0013: 156 matches, 0.12sec, #2
0004 and 0014: 161 matches, 0.07sec, #1
0000 and 0014: 90 matches, 0.10sec, #0
0004 and 0013: [94/156], H[31], 0.00sec
0004 and 0014: [89/161], H[22], 0.01sec
0000 and 0014: [29/90], H[6], 0.06sec
0005 and 0013: 201 matches, 0.09sec, #2
0005 and 0014: 232 matches, 0.07sec, #1
0005 and 0013: [137/201], H[52], 0.00sec
0005 and 0014: [146/232], H[61], 0.00sec
0001 and 0014: 94 matches, 0.14sec, #0
0006 and 0013: 245 matches, 0.14sec, #2
0006 and 0014: 255 matches, 0.13sec, #1
0001 and 0014: [38/94], H[16], 0.02sec
0006 and 0013: [166/245], H[58], 0.00sec
0006 and 0014: [187/255], H[71], 0.00sec
0000 and 0015: 43 matches, 0.11sec, #2
0002 and 0014: 113 matches, 0.15sec, #0
0007 and 0014: 359 matches, 0.14sec, #1
0007 and 0014: [245/359], H[52], 0.00sec
0000 and 0015: [13/43], H[7], 0.07sec
0002 and 0014: [40/113], H[28], 0.05sec
0008 and 0014: 449 matches, 0.12sec, #1
0001 and 0015: 46 matches, 0.10sec, #2
0008 and 0014: [331/449], H[67], 0.00sec
0003 and 0014: 120 matches, 0.11sec, #0
0003 and 0014: [62/120], H[25], 0.01sec
0001 and 0015: [14/46], H[5], 0.07sec
0009 and 0014: 739 matches, 0.10sec, #1
0009 and 0014: [599/739], H[145], 0.00sec
0002 and 0015: 52 matches, 0.07sec, #2
0010 and 0015: 534 matches, 0.14sec, #0
0002 and 0015: [24/52], H[11], 0.02sec
0010 and 0015: [469/534], H[58], 0.01sec
0010 and 0014: 1166 matches, 0.12sec, #1
0010 and 0014: [1022/1166], H[174], 0.01sec
0003 and 0015: 43 matches, 0.09sec, #2
0003 and 0015: [24/43], H[7], 0.01sec
0011 and 0015: 700 matches, 0.11sec, #0
0011 and 0015: [576/700], H[78], 0.01sec
0011 and 0014: 1680 matches, 0.11sec, #1
0004 and 0015: 72 matches, 0.09sec, #2
0011 and 0014: [1511/1680], H[228], 0.01sec
0004 and 0015: [34/72], H[10], 0.01sec
0012 and 0015: 1428 matches, 0.08sec, #0
0012 and 0015: [1326/1428], H[95], 0.01sec
0012 and 0014: 1705 matches, 0.11sec, #1
0012 and 0014: [1598/1705], H[365], 0.01sec
0005 and 0015: 91 matches, 0.13sec, #2
0005 and 0015: [52/91], H[11], 0.01sec
0013 and 0015: 1509 matches, 0.12sec, #0
0013 and 0015: [1441/1509], H[438], 0.01sec
0013 and 0014: 2317 matches, 0.11sec, #1
0006 and 0015: 119 matches, 0.09sec, #2
0013 and 0014: [2236/2317], H[644], 0.01sec
0006 and 0015: [81/119], H[27], 0.00sec
0014 and 0015: 1539 matches, 0.11sec, #0
0014 and 0015: [1483/1539], H[872], 0.01sec
0005 and 0016: 89 matches, 0.09sec, #1
0005 and 0016: [54/89], H[8], 0.00sec
0007 and 0015: 143 matches, 0.10sec, #2
0007 and 0015: [103/143], H[54], 0.00sec
0000 and 0016: 36 matches, 0.12sec, #0
0006 and 0016: 112 matches, 0.11sec, #1
0008 and 0015: 180 matches, 0.10sec, #2
0006 and 0016: [75/112], H[36], 0.00sec
0008 and 0015: [126/180], H[46], 0.00sec
0000 and 0016: [17/36], H[5], 0.04sec
0001 and 0016: 38 matches, 0.09sec, #0
0007 and 0016: 129 matches, 0.13sec, #1
0001 and 0016: [20/38], H[4], 0.01sec
0007 and 0016: [93/129], H[36], 0.00sec
0009 and 0015: 334 matches, 0.14sec, #2
0009 and 0015: [257/334], H[107], 0.01sec
0008 and 0016: 139 matches, 0.10sec, #1
0002 and 0016: 42 matches, 0.11sec, #0
0008 and 0016: [98/139], H[16], 0.00sec
0015 and 0016: 1866 matches, 0.11sec, #2
0002 and 0016: [22/42], H[4], 0.03sec
0015 and 0016: [1790/1866], H[1042], 0.01sec
0009 and 0016: 295 matches, 0.07sec, #1
0003 and 0016: 50 matches, 0.07sec, #0
0009 and 0016: [230/295], H[106], 0.00sec
0003 and 0016: [27/50], H[13], 0.01sec
0000 and 0017: 83 matches, 0.10sec, #2
0010 and 0016: 501 matches, 0.06sec, #1
0010 and 0016: [436/501], H[81], 0.00sec
0004 and 0016: 66 matches, 0.10sec, #0
0000 and 0017: [16/83], H[7], 0.07sec
0004 and 0016: [31/66], H[14], 0.02sec
0011 and 0016: 681 matches, 0.10sec, #1
0011 and 0016: [597/681], H[71], 0.01sec
0001 and 0017: 75 matches, 0.08sec, #2
0012 and 0016: 1061 matches, 0.06sec, #1
0009 and 0017: 702 matches, 0.13sec, #0
0012 and 0016: [974/1061], H[182], 0.01sec
0009 and 0017: [574/702], H[277], 0.00sec
0013 and 0016: 1081 matches, 0.05sec, #1
0001 and 0017: [18/75], H[6], 0.08sec
0013 and 0016: [1005/1081], H[189], 0.01sec
0010 and 0017: 1095 matches, 0.12sec, #0
0002 and 0017: 93 matches, 0.08sec, #2
0010 and 0017: [953/1095], H[275], 0.01sec
0002 and 0017: [33/93], H[7], 0.07sec
0014 and 0016: 1189 matches, 0.08sec, #1
0011 and 0017: 1107 matches, 0.09sec, #0
0011 and 0017: [883/1107], H[144], 0.01sec
0014 and 0016: [1113/1189], H[454], 0.01sec
0003 and 0017: 87 matches, 0.10sec, #2
0002 and 0018: 111 matches, 0.06sec, #1
0003 and 0017: [37/87], H[19], 0.02sec
0012 and 0017: 1232 matches, 0.11sec, #0
0012 and 0017: [1010/1232], H[152], 0.01sec
0002 and 0018: [33/111], H[13], 0.05sec
0004 and 0017: 125 matches, 0.08sec, #2
0013 and 0017: 1042 matches, 0.10sec, #0
0003 and 0018: 94 matches, 0.10sec, #1
0013 and 0017: [878/1042], H[128], 0.01sec
0004 and 0017: [52/125], H[24], 0.02sec
0003 and 0018: [41/94], H[12], 0.01sec
0005 and 0017: 172 matches, 0.12sec, #2
0004 and 0018: 131 matches, 0.12sec, #1
0005 and 0017: [105/172], H[38], 0.00sec
0014 and 0017: 1767 matches, 0.14sec, #0
0004 and 0018: [61/131], H[20], 0.01sec
0014 and 0017: [1621/1767], H[233], 0.01sec
0006 and 0017: 223 matches, 0.10sec, #2
0006 and 0017: [157/223], H[79], 0.00sec
0005 and 0018: 190 matches, 0.13sec, #1
0005 and 0018: [127/190], H[44], 0.00sec
0015 and 0017: 1154 matches, 0.14sec, #0
0015 and 0017: [1086/1154], H[257], 0.01sec
0007 and 0017: 317 matches, 0.11sec, #2
0006 and 0018: 207 matches, 0.10sec, #1
0007 and 0017: [212/317], H[134], 0.00sec
0016 and 0017: 1076 matches, 0.07sec, #0
0006 and 0018: [154/207], H[81], 0.00sec
0016 and 0017: [1000/1076], H[300], 0.01sec
0008 and 0017: 331 matches, 0.11sec, #2
0008 and 0017: [255/331], H[52], 0.00sec
0007 and 0018: 271 matches, 0.11sec, #1
0007 and 0018: [207/271], H[70], 0.00sec
0000 and 0018: 79 matches, 0.12sec, #0
0012 and 0018: 1181 matches, 0.10sec, #2
0012 and 0018: [1099/1181], H[171], 0.01sec
0000 and 0018: [23/79], H[18], 0.09sec
0008 and 0018: 338 matches, 0.10sec, #1
0008 and 0018: [255/338], H[54], 0.00sec
0013 and 0018: 1465 matches, 0.07sec, #2
0001 and 0018: 78 matches, 0.10sec, #0
0013 and 0018: [1364/1465], H[185], 0.01sec
0001 and 0018: [27/78], H[8], 0.06sec
0009 and 0018: 628 matches, 0.13sec, #1
0014 and 0018: 2172 matches, 0.07sec, #2
0009 and 0018: [519/628], H[187], 0.00sec
0004 and 0019: 89 matches, 0.11sec, #0
0014 and 0018: [2052/2172], H[467], 0.01sec
0010 and 0018: 953 matches, 0.09sec, #1
0004 and 0019: [40/89], H[8], 0.10sec
0015 and 0018: 1472 matches, 0.07sec, #2
0010 and 0018: [839/953], H[132], 0.00sec
0015 and 0018: [1399/1472], H[525], 0.01sec
0005 and 0019: 137 matches, 0.12sec, #0
0005 and 0019: [86/137], H[47], 0.01sec
0011 and 0018: 1168 matches, 0.14sec, #1
0016 and 0018: 1165 matches, 0.13sec, #2
0011 and 0018: [1032/1168], H[95], 0.01sec
0016 and 0018: [1104/1165], H[594], 0.01sec
0006 and 0019: 194 matches, 0.09sec, #0
0006 and 0019: [131/194], H[106], 0.00sec
0014 and 0019: 732 matches, 0.12sec, #1
0017 and 0018: 2495 matches, 0.12sec, #2
0014 and 0019: [655/732], H[158], 0.01sec
0007 and 0019: 254 matches, 0.13sec, #0
0017 and 0018: [2415/2495], H[754], 0.01sec
0007 and 0019: [185/254], H[106], 0.00sec
0015 and 0019: 632 matches, 0.09sec, #1
0000 and 0019: 53 matches, 0.12sec, #2
0008 and 0019: 239 matches, 0.12sec, #0
0015 and 0019: [561/632], H[92], 0.00sec
0008 and 0019: [168/239], H[73], 0.00sec
0000 and 0019: [14/53], H[10], 0.06sec
0016 and 0019: 589 matches, 0.07sec, #1
0009 and 0019: 509 matches, 0.11sec, #0
0016 and 0019: [524/589], H[68], 0.00sec
0009 and 0019: [428/509], H[101], 0.01sec
0001 and 0019: 60 matches, 0.09sec, #2
0017 and 0019: 1398 matches, 0.10sec, #1
0001 and 0019: [18/60], H[7], 0.05sec
0017 and 0019: [1287/1398], H[318], 0.01sec
0010 and 0019: 1013 matches, 0.13sec, #0
0010 and 0019: [918/1013], H[141], 0.01sec
0002 and 0019: 73 matches, 0.10sec, #2
0018 and 0019: 1104 matches, 0.11sec, #1
0018 and 0019: [992/1104], H[92], 0.01sec
0002 and 0019: [28/73], H[10], 0.04sec
0011 and 0019: 780 matches, 0.12sec, #0
0011 and 0019: [673/780], H[101], 0.01sec
0003 and 0019: 94 matches, 0.11sec, #2
0000 and 0020: 120 matches, 0.13sec, #1
0012 and 0019: 713 matches, 0.09sec, #0
0003 and 0019: [42/94], H[21], 0.01sec
0000 and 0020: [59/120], H[24], 0.01sec
0012 and 0019: [566/713], H[99], 0.01sec
0005 and 0020: 440 matches, 0.09sec, #2
0001 and 0020: 127 matches, 0.12sec, #1
0005 and 0020: [345/440], H[88], 0.00sec
0013 and 0019: 512 matches, 0.14sec, #0
0001 and 0020: [60/127], H[19], 0.01sec
0013 and 0019: [457/512], H[42], 0.01sec
0006 and 0020: 503 matches, 0.12sec, #2
0002 and 0020: 149 matches, 0.13sec, #1
0015 and 0020: 454 matches, 0.11sec, #0
0006 and 0020: [404/503], H[251], 0.00sec
0002 and 0020: [79/149], H[35], 0.01sec
0015 and 0020: [377/454], H[74], 0.00sec
0016 and 0020: 425 matches, 0.14sec, #0
0007 and 0020: 764 matches, 0.18sec, #2
0003 and 0020: 204 matches, 0.17sec, #1
0016 and 0020: [307/425], H[118], 0.00sec
0007 and 0020: [624/764], H[360], 0.00sec
0003 and 0020: [128/204], H[36], 0.00sec
0017 and 0020: 973 matches, 0.14sec, #0
0008 and 0020: 758 matches, 0.13sec, #2
0017 and 0020: [764/973], H[180], 0.01sec
0008 and 0020: [585/758], H[375], 0.01sec
0004 and 0020: 281 matches, 0.12sec, #1
0004 and 0020: [191/281], H[86], 0.00sec
0018 and 0020: 916 matches, 0.14sec, #0
0018 and 0020: [785/916], H[110], 0.01sec
0009 and 0020: 1160 matches, 0.15sec, #2
0005 and 0021: 211 matches, 0.14sec, #1
0009 and 0020: [1012/1160], H[396], 0.01sec
0005 and 0021: [155/211], H[63], 0.00sec
0010 and 0020: 974 matches, 0.09sec, #2
0019 and 0020: 1506 matches, 0.13sec, #0
0010 and 0020: [877/974], H[80], 0.01sec
0019 and 0020: [1418/1506], H[351], 0.01sec
0006 and 0021: 213 matches, 0.11sec, #1
0006 and 0021: [174/213], H[62], 0.00sec
0011 and 0020: 853 matches, 0.10sec, #2
0000 and 0021: 76 matches, 0.11sec, #0
0011 and 0020: [701/853], H[268], 0.01sec
0000 and 0021: [38/76], H[14], 0.01sec
0001 and 0021: 65 matches, 0.10sec, #0
0007 and 0021: 300 matches, 0.14sec, #1
0001 and 0021: [39/65], H[8], 0.00sec
0007 and 0021: [249/300], H[153], 0.00sec
0012 and 0020: 631 matches, 0.14sec, #2
0008 and 0021: 387 matches, 0.05sec, #1
0002 and 0021: 96 matches, 0.11sec, #0
0012 and 0020: [486/631], H[228], 0.00sec
0008 and 0021: [323/387], H[40], 0.00sec
0002 and 0021: [51/96], H[8], 0.01sec
0013 and 0020: 663 matches, 0.11sec, #2
0009 and 0021: 559 matches, 0.12sec, #1
0003 and 0021: 108 matches, 0.13sec, #0
0013 and 0020: [543/663], H[131], 0.00sec
0009 and 0021: [469/559], H[56], 0.00sec
0003 and 0021: [76/108], H[33], 0.00sec
0004 and 0021: 153 matches, 0.11sec, #0
0004 and 0021: [120/153], H[66], 0.00sec
0010 and 0021: 589 matches, 0.16sec, #1
0014 and 0020: 783 matches, 0.18sec, #2
0015 and 0021: 526 matches, 0.07sec, #0
0010 and 0021: [535/589], H[66], 0.00sec
0014 and 0020: [639/783], H[226], 0.00sec
0015 and 0021: [458/526], H[26], 0.00sec
0011 and 0021: 454 matches, 0.12sec, #1
0016 and 0021: 327 matches, 0.12sec, #0
0011 and 0021: [419/454], H[43], 0.00sec
0016 and 0021: [278/327], H[39], 0.00sec
0004 and 0022: 357 matches, 0.14sec, #2
0012 and 0021: 450 matches, 0.07sec, #1
0017 and 0021: 821 matches, 0.10sec, #0
0004 and 0022: [281/357], H[146], 0.00sec
0012 and 0021: [386/450], H[61], 0.00sec
0017 and 0021: [738/821], H[138], 0.00sec
0005 and 0022: 492 matches, 0.12sec, #2
0013 and 0021: 449 matches, 0.11sec, #1
0018 and 0021: 844 matches, 0.13sec, #0
0005 and 0022: [400/492], H[205], 0.00sec
0013 and 0021: [396/449], H[165], 0.00sec
0018 and 0021: [744/844], H[60], 0.00sec
0006 and 0022: 437 matches, 0.13sec, #2
0014 and 0021: 488 matches, 0.13sec, #1
0006 and 0022: [368/437], H[107], 0.00sec
0019 and 0021: 1408 matches, 0.13sec, #0
0014 and 0021: [418/488], H[67], 0.00sec
0019 and 0021: [1339/1408], H[780], 0.01sec
0007 and 0022: 723 matches, 0.07sec, #2
0007 and 0022: [584/723], H[53], 0.01sec
0014 and 0022: 479 matches, 0.07sec, #1
0020 and 0021: 1913 matches, 0.12sec, #0
0014 and 0022: [342/479], H[199], 0.01sec
0020 and 0021: [1816/1913], H[725], 0.04sec
0015 and 0022: 345 matches, 0.10sec, #1
0008 and 0022: 695 matches, 0.15sec, #2
0015 and 0022: [282/345], H[106], 0.00sec
0000 and 0022: 121 matches, 0.12sec, #0
0008 and 0022: [586/695], H[193], 0.00sec
0000 and 0022: [72/121], H[24], 0.01sec
0016 and 0022: 263 matches, 0.14sec, #1
0001 and 0022: 149 matches, 0.13sec, #0
0016 and 0022: [185/263], H[45], 0.00sec
0009 and 0022: 869 matches, 0.14sec, #2
0001 and 0022: [101/149], H[14], 0.00sec
0009 and 0022: [681/869], H[236], 0.01sec
0017 and 0022: 532 matches, 0.15sec, #1
0002 and 0022: 179 matches, 0.13sec, #0
0017 and 0022: [425/532], H[42], 0.01sec
0010 and 0022: 687 matches, 0.14sec, #2
0002 and 0022: [117/179], H[41], 0.00sec
0010 and 0022: [539/687], H[148], 0.01sec
0018 and 0022: 588 matches, 0.12sec, #1
0018 and 0022: [459/588], H[99], 0.00sec
0011 and 0022: 655 matches, 0.12sec, #2
0003 and 0022: 268 matches, 0.13sec, #0
0011 and 0022: [562/655], H[265], 0.01sec
0003 and 0022: [194/268], H[92], 0.00sec
0019 and 0022: 1034 matches, 0.12sec, #1
0012 and 0022: 398 matches, 0.11sec, #2
0019 and 0022: [948/1034], H[170], 0.01sec
0002 and 0023: 278 matches, 0.11sec, #0
0012 and 0022: [303/398], H[178], 0.00sec
0002 and 0023: [192/278], H[39], 0.00sec
0020 and 0022: 2625 matches, 0.14sec, #1
0013 and 0022: 483 matches, 0.13sec, #2
0003 and 0023: 387 matches, 0.13sec, #0
0020 and 0022: [2541/2625], H[931], 0.01sec
0013 and 0022: [394/483], H[158], 0.00sec
0003 and 0023: [299/387], H[188], 0.00sec
0021 and 0022: 1785 matches, 0.12sec, #1
0012 and 0023: 422 matches, 0.14sec, #2
0021 and 0022: [1695/1785], H[415], 0.01sec
0004 and 0023: 486 matches, 0.15sec, #0
0012 and 0023: [331/422], H[176], 0.00sec
0004 and 0023: [367/486], H[210], 0.01sec
0000 and 0023: 172 matches, 0.07sec, #1
0000 and 0023: [88/172], H[33], 0.02sec
0013 and 0023: 417 matches, 0.11sec, #2
0005 and 0023: 715 matches, 0.13sec, #0
0013 and 0023: [338/417], H[153], 0.00sec
0005 and 0023: [569/715], H[308], 0.01sec
0001 and 0023: 217 matches, 0.12sec, #1
0001 and 0023: [151/217], H[56], 0.01sec
0014 and 0023: 519 matches, 0.12sec, #2
0006 and 0023: 716 matches, 0.14sec, #0
0014 and 0023: [395/519], H[189], 0.01sec
0006 and 0023: [609/716], H[62], 0.01sec
0022 and 0023: 3057 matches, 0.15sec, #1
0015 and 0023: 320 matches, 0.12sec, #2
0022 and 0023: [2977/3057], H[1579], 0.01sec
0015 and 0023: [252/320], H[124], 0.00sec
0007 and 0023: 967 matches, 0.15sec, #0
0007 and 0023: [819/967], H[129], 0.01sec
0016 and 0023: 252 matches, 0.15sec, #2
0008 and 0023: 806 matches, 0.13sec, #0
0016 and 0023: [178/252], H[38], 0.00sec
0000 and 0024: 220 matches, 0.18sec, #1
0008 and 0023: [679/806], H[152], 0.00sec
0000 and 0024: [128/220], H[86], 0.01sec
0017 and 0023: 510 matches, 0.14sec, #2
0001 and 0024: 303 matches, 0.12sec, #1
0017 and 0023: [384/510], H[100], 0.01sec
0009 and 0023: 962 matches, 0.16sec, #0
0001 and 0024: [221/303], H[91], 0.00sec
0009 and 0023: [827/962], H[359], 0.01sec
0018 and 0023: 542 matches, 0.13sec, #2
0002 and 0024: 477 matches, 0.14sec, #1
0018 and 0023: [434/542], H[178], 0.00sec
0010 and 0023: 751 matches, 0.14sec, #0
0002 and 0024: [370/477], H[90], 0.00sec
0010 and 0023: [648/751], H[249], 0.01sec
0019 and 0023: 816 matches, 0.12sec, #2
0003 and 0024: 556 matches, 0.13sec, #1
0019 and 0023: [736/816], H[130], 0.01sec
0011 and 0023: 750 matches, 0.15sec, #0
0003 and 0024: [453/556], H[104], 0.00sec
0011 and 0023: [642/750], H[209], 0.01sec
0020 and 0023: 2464 matches, 0.14sec, #2
0004 and 0024: 742 matches, 0.14sec, #1
0009 and 0024: 730 matches, 0.16sec, #0
0004 and 0024: [612/742], H[260], 0.01sec
0020 and 0023: [2361/2464], H[459], 0.01sec
0009 and 0024: [595/730], H[230], 0.00sec
0005 and 0024: 914 matches, 0.13sec, #1
0021 and 0023: 1165 matches, 0.14sec, #2
0005 and 0024: [763/914], H[279], 0.01sec
0010 and 0024: 604 matches, 0.15sec, #0
0021 and 0023: [1089/1165], H[157], 0.01sec
0010 and 0024: [502/604], H[111], 0.01sec
0006 and 0024: 847 matches, 0.11sec, #1
0006 and 0024: [688/847], H[350], 0.00sec
0019 and 0024: 496 matches, 0.12sec, #2
0011 and 0024: 625 matches, 0.12sec, #0
0019 and 0024: [424/496], H[40], 0.01sec
0011 and 0024: [497/625], H[262], 0.04sec
0007 and 0024: 957 matches, 0.17sec, #1
0020 and 0024: 1461 matches, 0.14sec, #2
0007 and 0024: [788/957], H[290], 0.01sec
0012 and 0024: 340 matches, 0.13sec, #0
0020 and 0024: [1342/1461], H[347], 0.01sec
0012 and 0024: [246/340], H[111], 0.00sec
0008 and 0024: 679 matches, 0.14sec, #1
0021 and 0024: 666 matches, 0.13sec, #2
0008 and 0024: [508/679], H[234], 0.00sec
0013 and 0024: 278 matches, 0.11sec, #0
0021 and 0024: [598/666], H[108], 0.00sec
0013 and 0024: [187/278], H[82], 0.00sec
0005 and 0025: 860 matches, 0.13sec, #1
0022 and 0024: 1876 matches, 0.13sec, #2
0005 and 0025: [694/860], H[112], 0.01sec
0014 and 0024: 357 matches, 0.16sec, #0
0022 and 0024: [1787/1876], H[451], 0.01sec
0014 and 0024: [253/357], H[77], 0.00sec
0006 and 0025: 846 matches, 0.16sec, #1
0015 and 0024: 209 matches, 0.14sec, #0
0006 and 0025: [722/846], H[371], 0.01sec
0015 and 0024: [153/209], H[88], 0.00sec
0023 and 0024: 2876 matches, 0.26sec, #2
0016 and 0024: 184 matches, 0.10sec, #0
0016 and 0024: [133/184], H[71], 0.00sec
0023 and 0024: [2733/2876], H[763], 0.02sec
0007 and 0025: 1004 matches, 0.13sec, #1
0007 and 0025: [863/1004], H[234], 0.01sec
0000 and 0025: 192 matches, 0.09sec, #2
0017 and 0024: 354 matches, 0.13sec, #0
0000 and 0025: [113/192], H[52], 0.01sec
0017 and 0024: [236/354], H[58], 0.01sec
0008 and 0025: 757 matches, 0.08sec, #1
0001 and 0025: 279 matches, 0.08sec, #2
0008 and 0025: [638/757], H[286], 0.00sec
0018 and 0024: 363 matches, 0.11sec, #0
0001 and 0025: [195/279], H[105], 0.00sec
0018 and 0024: [260/363], H[36], 0.01sec
0015 and 0025: 229 matches, 0.12sec, #0
0015 and 0025: [157/229], H[44], 0.00sec
0009 and 0025: 794 matches, 0.17sec, #1
0009 and 0025: [672/794], H[231], 0.00sec
0002 and 0025: 387 matches, 0.17sec, #2
0016 and 0025: 209 matches, 0.08sec, #0
0002 and 0025: [289/387], H[116], 0.00sec
0016 and 0025: [142/209], H[84], 0.00sec
0010 and 0025: 683 matches, 0.14sec, #1
0003 and 0025: 533 matches, 0.12sec, #2
0010 and 0025: [572/683], H[247], 0.00sec
0017 and 0025: 395 matches, 0.13sec, #0
0003 and 0025: [425/533], H[79], 0.00sec
0017 and 0025: [278/395], H[52], 0.01sec
0011 and 0025: 722 matches, 0.16sec, #1
0004 and 0025: 658 matches, 0.15sec, #2
0011 and 0025: [591/722], H[277], 0.00sec
0018 and 0025: 397 matches, 0.14sec, #0
0004 and 0025: [534/658], H[232], 0.00sec
0018 and 0025: [295/397], H[68], 0.00sec
0012 and 0025: 361 matches, 0.14sec, #1
0012 and 0025: [276/361], H[101], 0.00sec
0019 and 0025: 601 matches, 0.13sec, #0
0000 and 0026: 218 matches, 0.15sec, #2
0019 and 0025: [517/601], H[78], 0.01sec
0000 and 0026: [141/218], H[44], 0.01sec
0013 and 0025: 333 matches, 0.09sec, #1
0001 and 0026: 349 matches, 0.06sec, #2
0020 and 0025: 1688 matches, 0.14sec, #0
0013 and 0025: [242/333], H[48], 0.00sec
0001 and 0026: [253/349], H[110], 0.00sec
0020 and 0025: [1574/1688], H[182], 0.01sec
0014 and 0025: 415 matches, 0.14sec, #1
0002 and 0026: 484 matches, 0.13sec, #2
0021 and 0025: 741 matches, 0.14sec, #0
0014 and 0025: [300/415], H[140], 0.00sec
0002 and 0026: [367/484], H[156], 0.00sec
0021 and 0025: [677/741], H[133], 0.00sec
0010 and 0026: 614 matches, 0.14sec, #1
0003 and 0026: 576 matches, 0.14sec, #2
0010 and 0026: [502/614], H[298], 0.00sec
0022 and 0025: 2127 matches, 0.16sec, #0
0003 and 0026: [437/576], H[121], 0.00sec
0022 and 0025: [2044/2127], H[815], 0.02sec
0011 and 0026: 630 matches, 0.14sec, #1
0004 and 0026: 743 matches, 0.13sec, #2
0011 and 0026: [508/630], H[274], 0.01sec
0023 and 0025: 3242 matches, 0.14sec, #0
0004 and 0026: [597/743], H[405], 0.01sec
0023 and 0025: [3149/3242], H[1194], 0.02sec
0012 and 0026: 341 matches, 0.14sec, #1
0012 and 0026: [244/341], H[52], 0.00sec
0005 and 0026: 928 matches, 0.14sec, #2
0024 and 0025: 3986 matches, 0.16sec, #0
0005 and 0026: [795/928], H[311], 0.01sec
0024 and 0025: [3869/3986], H[1969], 0.03sec
0013 and 0026: 262 matches, 0.12sec, #1
0013 and 0026: [185/262], H[53], 0.00sec
0006 and 0026: 893 matches, 0.11sec, #2
0020 and 0026: 1365 matches, 0.12sec, #0
0006 and 0026: [759/893], H[93], 0.01sec
0020 and 0026: [1246/1365], H[236], 0.01sec
0014 and 0026: 331 matches, 0.14sec, #1
0014 and 0026: [223/331], H[91], 0.00sec
0007 and 0026: 975 matches, 0.14sec, #2
0021 and 0026: 645 matches, 0.13sec, #0
0007 and 0026: [819/975], H[509], 0.01sec
0021 and 0026: [583/645], H[108], 0.01sec
0015 and 0026: 186 matches, 0.13sec, #1
0008 and 0026: 641 matches, 0.13sec, #2
0022 and 0026: 1776 matches, 0.15sec, #0
0015 and 0026: [127/186], H[84], 0.00sec
0008 and 0026: [539/641], H[276], 0.00sec
0022 and 0026: [1675/1776], H[347], 0.01sec
0016 and 0026: 166 matches, 0.12sec, #1
0009 and 0026: 798 matches, 0.14sec, #2
0016 and 0026: [119/166], H[51], 0.00sec
0009 and 0026: [615/798], H[98], 0.00sec
0023 and 0026: 2759 matches, 0.16sec, #0
0023 and 0026: [2599/2759], H[560], 0.09sec
0017 and 0026: 333 matches, 0.13sec, #1
0004 and 0027: 672 matches, 0.13sec, #2
0017 and 0026: [229/333], H[95], 0.00sec
0004 and 0027: [547/672], H[219], 0.00sec
0024 and 0026: 4056 matches, 0.11sec, #0
0024 and 0026: [3957/4056], H[2638], 0.03sec
0018 and 0026: 355 matches, 0.14sec, #1
0005 and 0027: 731 matches, 0.14sec, #2
0025 and 0026: 3848 matches, 0.14sec, #0
0018 and 0026: [251/355], H[30], 0.00sec
0005 and 0027: [624/731], H[315], 0.01sec
0025 and 0026: [3695/3848], H[1723], 0.02sec
0019 and 0026: 467 matches, 0.13sec, #1
0019 and 0026: [396/467], H[56], 0.01sec
0006 and 0027: 813 matches, 0.14sec, #2
0000 and 0027: 267 matches, 0.14sec, #0
0006 and 0027: [680/813], H[177], 0.01sec
0000 and 0027: [184/267], H[77], 0.01sec
0014 and 0027: 221 matches, 0.17sec, #1
0001 and 0027: 386 matches, 0.12sec, #0
0007 and 0027: 710 matches, 0.15sec, #2
0014 and 0027: [140/221], H[36], 0.00sec
0001 and 0027: [310/386], H[120], 0.00sec
0007 and 0027: [576/710], H[202], 0.00sec
0015 and 0027: 141 matches, 0.09sec, #1
0002 and 0027: 496 matches, 0.10sec, #0
0015 and 0027: [92/141], H[32], 0.01sec
0002 and 0027: [400/496], H[122], 0.00sec
0016 and 0027: 151 matches, 0.11sec, #1
0008 and 0027: 491 matches, 0.16sec, #2
0003 and 0027: 644 matches, 0.12sec, #0
0016 and 0027: [105/151], H[35], 0.00sec
0008 and 0027: [410/491], H[126], 0.00sec
0003 and 0027: [542/644], H[318], 0.00sec
0017 and 0027: 251 matches, 0.15sec, #1
0017 and 0027: [157/251], H[54], 0.01sec
0024 and 0027: 2536 matches, 0.16sec, #0
0009 and 0027: 534 matches, 0.17sec, #2
0009 and 0027: [387/534], H[75], 0.01sec
0024 and 0027: [2291/2536], H[482], 0.05sec
0018 and 0027: 232 matches, 0.11sec, #1
0010 and 0027: 521 matches, 0.11sec, #2
0025 and 0027: 2267 matches, 0.13sec, #0
0018 and 0027: [136/232], H[31], 0.01sec
0010 and 0027: [389/521], H[195], 0.01sec
0025 and 0027: [2112/2267], H[340], 0.01sec
0019 and 0027: 370 matches, 0.13sec, #1
0019 and 0027: [301/370], H[46], 0.00sec
0011 and 0027: 454 matches, 0.12sec, #2
0026 and 0027: 2757 matches, 0.13sec, #0
0011 and 0027: [331/454], H[135], 0.00sec
0026 and 0027: [2621/2757], H[355], 0.02sec
0020 and 0027: 837 matches, 0.13sec, #1
0020 and 0027: [719/837], H[201], 0.01sec
0012 and 0027: 277 matches, 0.10sec, #2
0000 and 0028: 161 matches, 0.11sec, #0
0012 and 0027: [180/277], H[69], 0.00sec
0000 and 0028: [109/161], H[22], 0.00sec
0021 and 0027: 419 matches, 0.13sec, #1
0001 and 0028: 245 matches, 0.11sec, #0
0021 and 0027: [367/419], H[56], 0.01sec
0001 and 0028: [198/245], H[46], 0.00sec
0013 and 0027: 193 matches, 0.13sec, #2
0013 and 0027: [127/193], H[51], 0.01sec
0022 and 0027: 1094 matches, 0.09sec, #1
0002 and 0028: 362 matches, 0.11sec, #0
0022 and 0027: [982/1094], H[146], 0.01sec
0002 and 0028: [299/362], H[41], 0.00sec
0007 and 0028: 481 matches, 0.13sec, #2
0007 and 0028: [400/481], H[251], 0.00sec
0023 and 0027: 1687 matches, 0.13sec, #1
0023 and 0027: [1513/1687], H[234], 0.01sec
0003 and 0028: 471 matches, 0.09sec, #0
0003 and 0028: [386/471], H[128], 0.00sec
0008 and 0028: 348 matches, 0.14sec, #2
0017 and 0028: 205 matches, 0.11sec, #1
0004 and 0028: 506 matches, 0.10sec, #0
0008 and 0028: [299/348], H[93], 0.00sec
0017 and 0028: [143/205], H[34], 0.00sec
0004 and 0028: [416/506], H[227], 0.00sec
0009 and 0028: 390 matches, 0.15sec, #2
0005 and 0028: 592 matches, 0.13sec, #0
0009 and 0028: [325/390], H[122], 0.00sec
0018 and 0028: 218 matches, 0.15sec, #1
0005 and 0028: [493/592], H[209], 0.00sec
0018 and 0028: [159/218], H[45], 0.00sec
0006 and 0028: 592 matches, 0.11sec, #0
0010 and 0028: 441 matches, 0.15sec, #2
0006 and 0028: [502/592], H[138], 0.01sec
0010 and 0028: [380/441], H[84], 0.00sec
0019 and 0028: 362 matches, 0.13sec, #1
0019 and 0028: [310/362], H[34], 0.01sec
0011 and 0028: 449 matches, 0.11sec, #2
0027 and 0028: 2325 matches, 0.13sec, #0
0011 and 0028: [361/449], H[43], 0.00sec
0027 and 0028: [2235/2325], H[1360], 0.02sec
0020 and 0028: 635 matches, 0.12sec, #1
0020 and 0028: [564/635], H[101], 0.00sec
0012 and 0028: 275 matches, 0.12sec, #2
0000 and 0029: 221 matches, 0.09sec, #0
0012 and 0028: [189/275], H[17], 0.00sec
0000 and 0029: [175/221], H[47], 0.00sec
0021 and 0028: 356 matches, 0.13sec, #1
0021 and 0028: [312/356], H[49], 0.01sec
0001 and 0029: 395 matches, 0.10sec, #0
0013 and 0028: 232 matches, 0.13sec, #2
0001 and 0029: [355/395], H[105], 0.00sec
0013 and 0028: [151/232], H[43], 0.01sec
0022 and 0028: 913 matches, 0.06sec, #1
0002 and 0029: 573 matches, 0.09sec, #0
0022 and 0028: [851/913], H[70], 0.01sec
0002 and 0029: [484/573], H[145], 0.00sec
0014 and 0028: 241 matches, 0.13sec, #2
0014 and 0028: [171/241], H[18], 0.00sec
0023 and 0028: 1391 matches, 0.09sec, #1
0003 and 0029: 786 matches, 0.11sec, #0
0023 and 0028: [1276/1391], H[240], 0.01sec
0003 and 0029: [722/786], H[488], 0.01sec
0015 and 0028: 208 matches, 0.12sec, #2
0015 and 0028: [139/208], H[81], 0.01sec
0024 and 0028: 2203 matches, 0.13sec, #1
0004 and 0029: 790 matches, 0.11sec, #0
0004 and 0029: [722/790], H[287], 0.01sec
0024 and 0028: [2084/2203], H[445], 0.03sec
0016 and 0028: 196 matches, 0.09sec, #2
0016 and 0028: [135/196], H[39], 0.01sec
0005 and 0029: 726 matches, 0.11sec, #0
0005 and 0029: [654/726], H[316], 0.01sec
0025 and 0028: 1939 matches, 0.17sec, #1
0025 and 0028: [1805/1939], H[542], 0.01sec
0009 and 0029: 285 matches, 0.10sec, #2
0009 and 0029: [216/285], H[77], 0.01sec
0006 and 0029: 667 matches, 0.11sec, #0
0006 and 0029: [585/667], H[354], 0.01sec
0010 and 0029: 332 matches, 0.13sec, #2
0026 and 0028: 2303 matches, 0.17sec, #1
0010 and 0029: [264/332], H[59], 0.00sec
0007 and 0029: 485 matches, 0.14sec, #0
0026 and 0028: [2221/2303], H[1134], 0.01sec
0007 and 0029: [391/485], H[204], 0.00sec
0008 and 0029: 392 matches, 0.12sec, #0
0008 and 0029: [315/392], H[132], 0.00sec
0019 and 0029: 190 matches, 0.15sec, #1
0011 and 0029: 234 matches, 0.18sec, #2
0019 and 0029: [130/190], H[35], 0.00sec
0000 and 0030: 361 matches, 0.10sec, #0
0011 and 0029: [193/234], H[93], 0.00sec
0000 and 0030: [289/361], H[154], 0.00sec
0001 and 0030: 638 matches, 0.10sec, #0
0020 and 0029: 294 matches, 0.15sec, #1
0001 and 0030: [539/638], H[250], 0.00sec
0020 and 0029: [246/294], H[126], 0.00sec
0012 and 0029: 199 matches, 0.15sec, #2
0021 and 0029: 207 matches, 0.08sec, #1
0012 and 0029: [152/199], H[37], 0.00sec
0002 and 0030: 859 matches, 0.11sec, #0
0021 and 0029: [157/207], H[17], 0.00sec
0002 and 0030: [759/859], H[96], 0.01sec
0003 and 0030: 798 matches, 0.10sec, #0
0013 and 0029: 139 matches, 0.14sec, #2
0003 and 0030: [699/798], H[322], 0.01sec
0013 and 0029: [106/139], H[28], 0.00sec
0022 and 0029: 447 matches, 0.14sec, #1
0022 and 0029: [359/447], H[111], 0.01sec
0014 and 0029: 152 matches, 0.09sec, #2
0004 and 0030: 764 matches, 0.11sec, #0
0014 and 0029: [103/152], H[48], 0.01sec
0004 and 0030: [644/764], H[151], 0.01sec
0023 and 0029: 548 matches, 0.13sec, #1
0015 and 0029: 98 matches, 0.12sec, #2
0023 and 0029: [484/548], H[35], 0.00sec
0005 and 0030: 564 matches, 0.11sec, #0
0015 and 0029: [55/98], H[10], 0.01sec
0005 and 0030: [441/564], H[41], 0.01sec
0016 and 0029: 74 matches, 0.13sec, #2
0024 and 0029: 843 matches, 0.16sec, #1
0006 and 0030: 424 matches, 0.12sec, #0
0016 and 0029: [56/74], H[24], 0.00sec
0024 and 0029: [788/843], H[103], 0.01sec
0006 and 0030: [339/424], H[189], 0.00sec
0007 and 0030: 397 matches, 0.12sec, #0
0017 and 0029: 109 matches, 0.15sec, #2
0007 and 0030: [319/397], H[224], 0.00sec
0025 and 0029: 798 matches, 0.15sec, #1
0017 and 0029: [64/109], H[18], 0.00sec
0025 and 0029: [706/798], H[76], 0.01sec
0018 and 0029: 117 matches, 0.07sec, #2
0008 and 0030: 277 matches, 0.12sec, #0
0018 and 0029: [79/117], H[26], 0.00sec
0008 and 0030: [225/277], H[41], 0.00sec
0026 and 0029: 931 matches, 0.08sec, #1
0026 and 0029: [864/931], H[110], 0.01sec
0010 and 0030: 248 matches, 0.07sec, #2
0009 and 0030: 268 matches, 0.12sec, #0
0010 and 0030: [189/248], H[43], 0.01sec
0009 and 0030: [203/268], H[90], 0.00sec
0027 and 0029: 1671 matches, 0.14sec, #1
0027 and 0029: [1573/1671], H[241], 0.01sec
0011 and 0030: 242 matches, 0.12sec, #2
0020 and 0030: 251 matches, 0.14sec, #0
0011 and 0030: [183/242], H[57], 0.00sec
0020 and 0030: [186/251], H[26], 0.00sec
0028 and 0029: 911 matches, 0.13sec, #1
0012 and 0030: 163 matches, 0.11sec, #2
0021 and 0030: 181 matches, 0.10sec, #0
0028 and 0029: [861/911], H[80], 0.01sec
0012 and 0030: [110/163], H[30], 0.00sec
0021 and 0030: [137/181], H[55], 0.00sec
0022 and 0030: 342 matches, 0.13sec, #0
0000 and 0031: 739 matches, 0.15sec, #1
0022 and 0030: [292/342], H[108], 0.00sec
0000 and 0031: [624/739], H[234], 0.00sec
0013 and 0030: 143 matches, 0.18sec, #2
0013 and 0030: [84/143], H[22], 0.01sec
0001 and 0031: 1151 matches, 0.08sec, #1
0023 and 0030: 493 matches, 0.12sec, #0
0001 and 0031: [1065/1151], H[560], 0.01sec
0023 and 0030: [417/493], H[80], 0.00sec
0014 and 0030: 146 matches, 0.13sec, #2
0014 and 0030: [94/146], H[35], 0.01sec
0002 and 0031: 1424 matches, 0.09sec, #1
0024 and 0030: 755 matches, 0.13sec, #0
0002 and 0031: [1305/1424], H[261], 0.01sec
0024 and 0030: [637/755], H[148], 0.01sec
0015 and 0030: 113 matches, 0.11sec, #2
0003 and 0031: 1537 matches, 0.10sec, #1
0015 and 0030: [64/113], H[28], 0.01sec
0025 and 0030: 649 matches, 0.12sec, #0
0003 and 0031: [1426/1537], H[538], 0.01sec
0025 and 0030: [521/649], H[169], 0.01sec
0016 and 0030: 101 matches, 0.08sec, #2
0004 and 0031: 1535 matches, 0.09sec, #1
0016 and 0030: [66/101], H[14], 0.00sec
0026 and 0030: 798 matches, 0.11sec, #0
0004 and 0031: [1420/1535], H[497], 0.01sec
0026 and 0030: [708/798], H[342], 0.01sec
0017 and 0030: 104 matches, 0.12sec, #2
0005 and 0031: 1075 matches, 0.11sec, #1
0017 and 0030: [59/104], H[8], 0.01sec
0027 and 0030: 1184 matches, 0.11sec, #0
0005 and 0031: [944/1075], H[104], 0.01sec
0027 and 0030: [1035/1184], H[332], 0.01sec
0018 and 0030: 130 matches, 0.13sec, #2
0006 and 0031: 884 matches, 0.12sec, #1
0018 and 0030: [67/130], H[10], 0.01sec
0028 and 0030: 1317 matches, 0.12sec, #0
0006 and 0031: [730/884], H[293], 0.01sec
0028 and 0030: [1192/1317], H[402], 0.01sec
0019 and 0030: 126 matches, 0.13sec, #2
0007 and 0031: 630 matches, 0.10sec, #1
0019 and 0030: [97/126], H[23], 0.00sec
0029 and 0030: 1273 matches, 0.11sec, #0
0007 and 0031: [517/630], H[315], 0.00sec
0029 and 0030: [1195/1273], H[400], 0.01sec
0020 and 0031: 280 matches, 0.11sec, #0
0020 and 0031: [192/280], H[107], 0.00sec
0010 and 0031: 241 matches, 0.16sec, #2
0008 and 0031: 474 matches, 0.15sec, #1
0010 and 0031: [144/241], H[25], 0.01sec
0021 and 0031: 131 matches, 0.08sec, #0
0008 and 0031: [373/474], H[237], 0.00sec
0021 and 0031: [94/131], H[57], 0.00sec
0011 and 0031: 228 matches, 0.14sec, #2
0022 and 0031: 349 matches, 0.13sec, #0
0009 and 0031: 355 matches, 0.14sec, #1
0011 and 0031: [132/228], H[34], 0.01sec
0022 and 0031: [282/349], H[72], 0.00sec
0009 and 0031: [263/355], H[109], 0.00sec
0012 and 0031: 130 matches, 0.09sec, #2
0012 and 0031: [70/130], H[8], 0.01sec
0023 and 0031: 470 matches, 0.14sec, #0
0030 and 0031: 1520 matches, 0.18sec, #1
0023 and 0031: [378/470], H[170], 0.00sec
0030 and 0031: [1462/1520], H[840], 0.01sec
0013 and 0031: 130 matches, 0.10sec, #2
0000 and 0032: 1098 matches, 0.09sec, #1
0013 and 0031: [73/130], H[19], 0.01sec
0024 and 0031: 669 matches, 0.13sec, #0
0000 and 0032: [935/1098], H[387], 0.01sec
0024 and 0031: [539/669], H[176], 0.00sec
0025 and 0031: 601 matches, 0.12sec, #0
0014 and 0031: 135 matches, 0.16sec, #2
0001 and 0032: 1279 matches, 0.14sec, #1
0025 and 0031: [467/601], H[85], 0.00sec
0014 and 0031: [71/135], H[26], 0.01sec
0001 and 0032: [1169/1279], H[409], 0.01sec
0015 and 0031: 72 matches, 0.07sec, #2
0026 and 0031: 734 matches, 0.14sec, #0
0015 and 0031: [35/72], H[11], 0.01sec
0026 and 0031: [602/734], H[351], 0.01sec
0002 and 0032: 1556 matches, 0.08sec, #1
0016 and 0031: 65 matches, 0.07sec, #2
0027 and 0031: 955 matches, 0.11sec, #0
0002 and 0032: [1450/1556], H[646], 0.01sec
0016 and 0031: [36/65], H[14], 0.01sec
0027 and 0031: [824/955], H[138], 0.01sec
0003 and 0032: 1560 matches, 0.13sec, #1
0028 and 0031: 571 matches, 0.13sec, #0
0003 and 0032: [1443/1560], H[331], 0.01sec
0017 and 0031: 104 matches, 0.14sec, #2
0028 and 0031: [486/571], H[83], 0.00sec
0017 and 0031: [49/104], H[10], 0.02sec
0004 and 0032: 1418 matches, 0.08sec, #1
0029 and 0031: 1133 matches, 0.11sec, #0
0004 and 0032: [1265/1418], H[598], 0.01sec
0029 and 0031: [1079/1133], H[182], 0.01sec
0018 and 0031: 116 matches, 0.13sec, #2
0005 and 0032: 874 matches, 0.11sec, #1
0018 and 0031: [65/116], H[37], 0.01sec
0009 and 0032: 300 matches, 0.11sec, #0
0005 and 0032: [743/874], H[514], 0.00sec
0009 and 0032: [200/300], H[42], 0.00sec
0010 and 0032: 198 matches, 0.10sec, #0
0019 and 0031: 105 matches, 0.14sec, #2
0006 and 0032: 590 matches, 0.13sec, #1
0010 and 0032: [117/198], H[22], 0.01sec
0019 and 0031: [51/105], H[16], 0.01sec
0006 and 0032: [490/590], H[99], 0.00sec
0019 and 0032: 91 matches, 0.07sec, #2
0011 and 0032: 167 matches, 0.12sec, #0
0011 and 0032: [107/167], H[17], 0.01sec
0019 and 0032: [33/91], H[10], 0.05sec
0007 and 0032: 551 matches, 0.10sec, #1
0012 and 0032: 111 matches, 0.09sec, #0
0007 and 0032: [436/551], H[118], 0.01sec
0012 and 0032: [65/111], H[23], 0.01sec
0020 and 0032: 236 matches, 0.12sec, #2
0020 and 0032: [142/236], H[25], 0.01sec
0008 and 0032: 391 matches, 0.11sec, #1
0013 and 0032: 105 matches, 0.10sec, #0
0008 and 0032: [300/391], H[59], 0.00sec
0013 and 0032: [56/105], H[8], 0.01sec
0021 and 0032: 131 matches, 0.15sec, #2
0029 and 0032: 815 matches, 0.13sec, #1
0021 and 0032: [94/131], H[22], 0.00sec
0014 and 0032: 108 matches, 0.12sec, #0
0029 and 0032: [722/815], H[196], 0.00sec
0014 and 0032: [52/108], H[13], 0.02sec
0022 and 0032: 295 matches, 0.14sec, #2
0030 and 0032: 934 matches, 0.12sec, #1
0022 and 0032: [211/295], H[119], 0.00sec
0015 and 0032: 61 matches, 0.08sec, #0
0030 and 0032: [744/934], H[264], 0.01sec
0015 and 0032: [29/61], H[4], 0.02sec
0016 and 0032: 65 matches, 0.09sec, #0
0023 and 0032: 333 matches, 0.16sec, #2
0023 and 0032: [235/333], H[113], 0.00sec
0031 and 0032: 2683 matches, 0.16sec, #1
0031 and 0032: [2541/2683], H[1310], 0.02sec
0016 and 0032: [28/65], H[10], 0.10sec
0024 and 0032: 504 matches, 0.10sec, #2
0024 and 0032: [372/504], H[163], 0.00sec
0000 and 0033: 876 matches, 0.08sec, #1
0017 and 0032: 102 matches, 0.09sec, #0
0000 and 0033: [737/876], H[136], 0.01sec
0017 and 0032: [26/102], H[8], 0.08sec
0001 and 0033: 1025 matches, 0.09sec, #1
0025 and 0032: 435 matches, 0.13sec, #2
0001 and 0033: [953/1025], H[566], 0.01sec
0025 and 0032: [326/435], H[130], 0.00sec
0018 and 0032: 86 matches, 0.09sec, #0
0018 and 0032: [41/86], H[11], 0.02sec
0002 and 0033: 1181 matches, 0.10sec, #1
0002 and 0033: [1115/1181], H[384], 0.01sec
0007 and 0033: 364 matches, 0.11sec, #0
0007 and 0033: [301/364], H[104], 0.00sec
0026 and 0032: 486 matches, 0.20sec, #2
0026 and 0032: [374/486], H[75], 0.00sec
0003 and 0033: 1103 matches, 0.07sec, #1
0008 and 0033: 273 matches, 0.09sec, #0
0008 and 0033: [216/273], H[74], 0.00sec
0003 and 0033: [1026/1103], H[530], 0.04sec
0027 and 0032: 637 matches, 0.11sec, #2
0009 and 0033: 192 matches, 0.11sec, #0
0027 and 0032: [445/637], H[312], 0.01sec
0004 and 0033: 800 matches, 0.10sec, #1
0009 and 0033: [132/192], H[13], 0.00sec
0004 and 0033: [697/800], H[173], 0.01sec
0028 and 0032: 367 matches, 0.13sec, #2
0010 and 0033: 188 matches, 0.10sec, #0
0028 and 0032: [304/367], H[111], 0.00sec
0010 and 0033: [128/188], H[42], 0.00sec
0005 and 0033: 548 matches, 0.10sec, #1
0005 and 0033: [459/548], H[267], 0.01sec
0011 and 0033: 176 matches, 0.10sec, #0
0017 and 0033: 79 matches, 0.12sec, #2
0011 and 0033: [119/176], H[41], 0.00sec
0006 and 0033: 544 matches, 0.11sec, #1
0017 and 0033: [40/79], H[10], 0.01sec
0006 and 0033: [461/544], H[301], 0.00sec
0018 and 0033: 68 matches, 0.07sec, #2
0012 and 0033: 111 matches, 0.10sec, #0
0012 and 0033: [72/111], H[12], 0.01sec
0018 and 0033: [35/68], H[5], 0.05sec
0027 and 0033: 668 matches, 0.10sec, #1
0013 and 0033: 88 matches, 0.08sec, #0
0027 and 0033: [472/668], H[296], 0.01sec
0013 and 0033: [55/88], H[22], 0.01sec
0019 and 0033: 80 matches, 0.11sec, #2
0019 and 0033: [38/80], H[20], 0.01sec
0028 and 0033: 386 matches, 0.10sec, #1
0014 and 0033: 86 matches, 0.10sec, #0
0028 and 0033: [311/386], H[55], 0.00sec
0014 and 0033: [49/86], H[10], 0.01sec
0015 and 0033: 50 matches, 0.08sec, #0
0020 and 0033: 139 matches, 0.14sec, #2
0029 and 0033: 711 matches, 0.11sec, #1
0015 and 0033: [24/50], H[13], 0.01sec
0020 and 0033: [93/139], H[20], 0.00sec
0029 and 0033: [655/711], H[113], 0.00sec
0021 and 0033: 71 matches, 0.05sec, #2
0016 and 0033: 59 matches, 0.10sec, #0
0021 and 0033: [57/71], H[34], 0.00sec
0016 and 0033: [26/59], H[11], 0.02sec
0030 and 0033: 914 matches, 0.12sec, #1
0022 and 0033: 163 matches, 0.10sec, #2
0004 and 0034: 1062 matches, 0.10sec, #0
0030 and 0033: [776/914], H[191], 0.00sec
0022 and 0033: [115/163], H[55], 0.00sec
0004 and 0034: [901/1062], H[185], 0.01sec
0031 and 0033: 1354 matches, 0.12sec, #1
0031 and 0033: [1261/1354], H[686], 0.01sec
0023 and 0033: 233 matches, 0.15sec, #2
0005 and 0034: 640 matches, 0.10sec, #0
0023 and 0033: [173/233], H[102], 0.00sec
0005 and 0034: [466/640], H[103], 0.01sec
0032 and 0033: 1822 matches, 0.13sec, #1
0006 and 0034: 409 matches, 0.10sec, #0
0032 and 0033: [1740/1822], H[422], 0.01sec
0024 and 0033: 332 matches, 0.12sec, #2
0006 and 0034: [287/409], H[70], 0.00sec
0024 and 0033: [265/332], H[77], 0.00sec
0007 and 0034: 400 matches, 0.09sec, #0
0007 and 0034: [268/400], H[104], 0.01sec
0000 and 0034: 1575 matches, 0.14sec, #1
0000 and 0034: [1423/1575], H[738], 0.01sec
0025 and 0033: 307 matches, 0.10sec, #2
0008 and 0034: 295 matches, 0.09sec, #0
0025 and 0033: [225/307], H[115], 0.00sec
0008 and 0034: [181/295], H[40], 0.01sec
0001 and 0034: 1532 matches, 0.11sec, #1
0026 and 0033: 365 matches, 0.09sec, #2
0001 and 0034: [1402/1532], H[417], 0.01sec
0009 and 0034: 237 matches, 0.11sec, #0
0026 and 0033: [274/365], H[74], 0.00sec
0009 and 0034: [144/237], H[27], 0.01sec
0002 and 0034: 1728 matches, 0.10sec, #1
0002 and 0034: [1587/1728], H[653], 0.01sec
0014 and 0034: 90 matches, 0.12sec, #2
0010 and 0034: 138 matches, 0.11sec, #0
0010 and 0034: [79/138], H[17], 0.01sec
0003 and 0034: 1171 matches, 0.07sec, #1
0014 and 0034: [40/90], H[16], 0.06sec
0003 and 0034: [1044/1171], H[147], 0.01sec
0015 and 0034: 47 matches, 0.07sec, #2
0011 and 0034: 167 matches, 0.12sec, #0
0011 and 0034: [84/167], H[28], 0.02sec
0015 and 0034: [19/47], H[10], 0.04sec
0024 and 0034: 349 matches, 0.09sec, #1
0012 and 0034: 93 matches, 0.09sec, #0
0024 and 0034: [240/349], H[139], 0.01sec
0012 and 0034: [38/93], H[15], 0.03sec
0016 and 0034: 55 matches, 0.10sec, #2
0016 and 0034: [22/55], H[8], 0.03sec
0025 and 0034: 296 matches, 0.10sec, #1
0013 and 0034: 84 matches, 0.09sec, #0
0025 and 0034: [189/296], H[58], 0.01sec
0013 and 0034: [42/84], H[13], 0.02sec
0017 and 0034: 100 matches, 0.12sec, #2
0000 and 0035: 1653 matches, 0.10sec, #0
0026 and 0034: 346 matches, 0.13sec, #1
0000 and 0035: [1527/1653], H[239], 0.01sec
0026 and 0034: [249/346], H[51], 0.00sec
0017 and 0034: [23/100], H[7], 0.05sec
0001 and 0035: 1490 matches, 0.10sec, #0
0027 and 0034: 409 matches, 0.10sec, #1
0027 and 0034: [293/409], H[128], 0.01sec
0001 and 0035: [1361/1490], H[205], 0.03sec
0018 and 0034: 102 matches, 0.13sec, #2
0002 and 0035: 1685 matches, 0.08sec, #0
0028 and 0034: 243 matches, 0.10sec, #1
0028 and 0034: [196/243], H[88], 0.00sec
0002 and 0035: [1559/1685], H[490], 0.01sec
0018 and 0034: [43/102], H[18], 0.04sec
0003 and 0035: 1083 matches, 0.09sec, #0
0003 and 0035: [979/1083], H[75], 0.01sec
0029 and 0034: 423 matches, 0.14sec, #1
0029 and 0034: [368/423], H[182], 0.00sec
0019 and 0034: 69 matches, 0.14sec, #2
0004 and 0035: 956 matches, 0.10sec, #0
0004 and 0035: [700/956], H[342], 0.01sec
0019 and 0034: [23/69], H[8], 0.07sec
0030 and 0034: 600 matches, 0.09sec, #1
0030 and 0034: [489/600], H[97], 0.01sec
0020 and 0034: 169 matches, 0.08sec, #2
0005 and 0035: 620 matches, 0.19sec, #0
0020 and 0034: [95/169], H[15], 0.01sec
0005 and 0035: [467/620], H[71], 0.01sec
0021 and 0034: 97 matches, 0.08sec, #2
0031 and 0034: 1501 matches, 0.13sec, #1
0021 and 0034: [61/97], H[19], 0.00sec
0006 and 0035: 371 matches, 0.15sec, #0
0031 and 0034: [1342/1501], H[496], 0.01sec
0006 and 0035: [262/371], H[83], 0.00sec
0022 and 0034: 169 matches, 0.12sec, #2
0032 and 0034: 2335 matches, 0.11sec, #1
0022 and 0034: [112/169], H[32], 0.00sec
0007 and 0035: 365 matches, 0.18sec, #0
0032 and 0034: [2189/2335], H[721], 0.01sec
0007 and 0035: [245/365], H[65], 0.01sec
0023 and 0034: 245 matches, 0.10sec, #2
0033 and 0034: 1756 matches, 0.11sec, #1
0023 and 0034: [169/245], H[48], 0.00sec
0008 and 0035: 300 matches, 0.17sec, #0
0033 and 0034: [1665/1756], H[773], 0.01sec
0008 and 0035: [184/300], H[40], 0.01sec
0010 and 0035: 146 matches, 0.12sec, #2
0020 and 0035: 155 matches, 0.11sec, #1
0010 and 0035: [80/146], H[21], 0.01sec
0009 and 0035: 221 matches, 0.18sec, #0
0020 and 0035: [88/155], H[27], 0.01sec
0009 and 0035: [135/221], H[20], 0.01sec
0021 and 0035: 93 matches, 0.10sec, #1
0011 and 0035: 172 matches, 0.14sec, #2
0021 and 0035: [59/93], H[23], 0.00sec
0028 and 0035: 245 matches, 0.19sec, #0
0011 and 0035: [89/172], H[25], 0.01sec
0028 and 0035: [181/245], H[90], 0.00sec
0022 and 0035: 161 matches, 0.07sec, #1
0022 and 0035: [101/161], H[60], 0.01sec
0012 and 0035: 102 matches, 0.06sec, #2
0029 and 0035: 381 matches, 0.18sec, #0
0029 and 0035: [337/381], H[116], 0.01sec
0012 and 0035: [44/102], H[7], 0.03sec
0023 and 0035: 257 matches, 0.11sec, #1
0013 and 0035: 85 matches, 0.08sec, #2
0030 and 0035: 599 matches, 0.16sec, #0
0023 and 0035: [163/257], H[78], 0.00sec
0030 and 0035: [523/599], H[211], 0.00sec
0013 and 0035: [42/85], H[13], 0.01sec
0024 and 0035: 352 matches, 0.10sec, #1
0014 and 0035: 116 matches, 0.10sec, #2
0024 and 0035: [247/352], H[30], 0.01sec
0031 and 0035: 1459 matches, 0.17sec, #0
0014 and 0035: [56/116], H[20], 0.01sec
0031 and 0035: [1320/1459], H[556], 0.01sec
0025 and 0035: 318 matches, 0.12sec, #1
0015 and 0035: 44 matches, 0.10sec, #2
0025 and 0035: [204/318], H[97], 0.00sec
0032 and 0035: 2012 matches, 0.18sec, #0
0015 and 0035: [20/44], H[9], 0.01sec
0032 and 0035: [1887/2012], H[858], 0.02sec
0026 and 0035: 354 matches, 0.10sec, #1
0016 and 0035: 54 matches, 0.10sec, #2
0026 and 0035: [244/354], H[96], 0.00sec
0033 and 0035: 1571 matches, 0.15sec, #0
0016 and 0035: [24/54], H[9], 0.02sec
0033 and 0035: [1496/1571], H[723], 0.01sec
0027 and 0035: 427 matches, 0.11sec, #1
0017 and 0035: 87 matches, 0.11sec, #2
0027 and 0035: [314/427], H[126], 0.00sec
0034 and 0035: 2894 matches, 0.20sec, #0
0034 and 0035: [2735/2894], H[1907], 0.02sec
0017 and 0035: [31/87], H[10], 0.04sec
0018 and 0035: 98 matches, 0.06sec, #2
0018 and 0035: [43/98], H[30], 0.04sec
0019 and 0035: 69 matches, 0.06sec, #2
0019 and 0035: [27/69], H[12], 0.02sec

###########-------timing------#########
630 Image Match finished, 39 sec used
#############################

----------------------------------------------------------------
Compute Missing Pairwise Matching, finished
Totally 45.000 seconds used


Compute structures from two images, begin...
NOTE: loose thresholds used for manual update
0000 and 0001: [1120/1377], H[408], 0.01sec
----------------------------------------------------------------
Compute structures from two images, finished
Totally 0.000 seconds used


Compute structures from two images, begin...
NOTE: loose thresholds used for manual update
0000 and 0001: [1222/1377], H[294], 0.01sec
----------------------------------------------------------------
Compute structures from two images, finished
Totally 0.000 seconds used


Compute structures from two images, begin...
NOTE: loose thresholds used for manual update
0001 and 0002: [2012/2128], H[793], 0.01sec
----------------------------------------------------------------
Compute structures from two images, finished
Totally 0.000 seconds used


Compute structures from two images, begin...
NOTE: loose thresholds used for manual update
0002 and 0003: [1652/1738], H[692], 0.01sec
----------------------------------------------------------------
Compute structures from two images, finished
Totally 0.000 seconds used


Compute structures from two images, begin...
NOTE: loose thresholds used for manual update
0003 and 0004: [1997/2129], H[731], 0.01sec
----------------------------------------------------------------
Compute structures from two images, finished
Totally 0.000 seconds used


Compute structures from two images, begin...
NOTE: loose thresholds used for manual update
0004 and 0005: [2083/2218], H[1355], 0.01sec
----------------------------------------------------------------
Compute structures from two images, finished
Totally 0.000 seconds used


Compute structures from two images, begin...
NOTE: loose thresholds used for manual update
0005 and 0006: [2328/2438], H[673], 0.01sec
----------------------------------------------------------------
Compute structures from two images, finished
Totally 0.000 seconds used


Compute structures from two images, begin...
NOTE: loose thresholds used for manual update
0006 and 0007: [2366/2463], H[865], 0.01sec
----------------------------------------------------------------
Compute structures from two images, finished
Totally 0.000 seconds used


Compute structures from two images, begin...
NOTE: loose thresholds used for manual update
0007 and 0008: [2714/2816], H[893], 0.01sec
----------------------------------------------------------------
Compute structures from two images, finished
Totally 0.000 seconds used


Compute structures from two images, begin...
NOTE: loose thresholds used for manual update
0008 and 0009: [2348/2461], H[883], 0.01sec
----------------------------------------------------------------
Compute structures from two images, finished
Totally 0.000 seconds used


Compute structures from two images, begin...
NOTE: loose thresholds used for manual update
0009 and 0010: [2094/2220], H[696], 0.01sec
----------------------------------------------------------------
Compute structures from two images, finished
Totally 0.000 seconds used


Compute structures from two images, begin...
NOTE: loose thresholds used for manual update
0010 and 0011: [2622/2724], H[1266], 0.01sec
----------------------------------------------------------------
Compute structures from two images, finished
Totally 0.000 seconds used


Compute structures from two images, begin...
NOTE: loose thresholds used for manual update
0011 and 0012: [1669/1771], H[523], 0.01sec
----------------------------------------------------------------
Compute structures from two images, finished
Totally 0.000 seconds used


Compute structures from two images, begin...
NOTE: loose thresholds used for manual update
0012 and 0013: [1839/1916], H[492], 0.01sec
----------------------------------------------------------------
Compute structures from two images, finished
Totally 0.000 seconds used


Compute structures from two images, begin...
NOTE: loose thresholds used for manual update
0013 and 0014: [2164/2317], H[797], 0.01sec
----------------------------------------------------------------
Compute structures from two images, finished
Totally 0.000 seconds used


Compute structures from two images, begin...
NOTE: loose thresholds used for manual update
0014 and 0015: [1482/1539], H[383], 0.01sec
----------------------------------------------------------------
Compute structures from two images, finished
Totally 0.000 seconds used


Compute structures from two images, begin...
NOTE: loose thresholds used for manual update
0015 and 0016: [1789/1866], H[882], 0.01sec
----------------------------------------------------------------
Compute structures from two images, finished
Totally 0.000 seconds used


Compute structures from two images, begin...
NOTE: loose thresholds used for manual update
0016 and 0017: [985/1076], H[392], 0.01sec
----------------------------------------------------------------
Compute structures from two images, finished
Totally 0.000 seconds used


Compute structures from two images, begin...
NOTE: loose thresholds used for manual update
0017 and 0018: [2412/2495], H[1598], 0.01sec
----------------------------------------------------------------
Compute structures from two images, finished
Totally 0.000 seconds used


Compute structures from two images, begin...
NOTE: loose thresholds used for manual update
0018 and 0019: [1005/1104], H[160], 0.01sec
----------------------------------------------------------------
Compute structures from two images, finished
Totally 0.000 seconds used


Compute structures from two images, begin...
NOTE: loose thresholds used for manual update
0019 and 0020: [1376/1506], H[408], 0.01sec
----------------------------------------------------------------
Compute structures from two images, finished
Totally 0.000 seconds used


Compute structures from two images, begin...
NOTE: loose thresholds used for manual update
0020 and 0021: [1813/1913], H[703], 0.01sec
----------------------------------------------------------------
Compute structures from two images, finished
Totally 0.000 seconds used


Compute structures from two images, begin...
NOTE: loose thresholds used for manual update
0021 and 0022: [1681/1785], H[338], 0.01sec
----------------------------------------------------------------
Compute structures from two images, finished
Totally 0.000 seconds used


Compute structures from two images, begin...
NOTE: loose thresholds used for manual update
0022 and 0023: [2992/3057], H[1269], 0.01sec
----------------------------------------------------------------
Compute structures from two images, finished
Totally 0.000 seconds used


Compute structures from two images, begin...
NOTE: loose thresholds used for manual update
0023 and 0024: [2773/2876], H[1068], 0.01sec
----------------------------------------------------------------
Compute structures from two images, finished
Totally 0.000 seconds used


Compute structures from two images, begin...
NOTE: loose thresholds used for manual update
0024 and 0025: [3873/3986], H[2056], 0.02sec
----------------------------------------------------------------
Compute structures from two images, finished
Totally 0.000 seconds used


Compute structures from two images, begin...
NOTE: loose thresholds used for manual update
0025 and 0026: [3725/3848], H[1976], 0.02sec
----------------------------------------------------------------
Compute structures from two images, finished
Totally 0.000 seconds used


Compute structures from two images, begin...
NOTE: loose thresholds used for manual update
0026 and 0027: [2622/2757], H[630], 0.01sec
----------------------------------------------------------------
Compute structures from two images, finished
Totally 0.000 seconds used


Compute structures from two images, begin...
NOTE: loose thresholds used for manual update
0027 and 0028: [2221/2325], H[1414], 0.01sec
----------------------------------------------------------------
Compute structures from two images, finished
Totally 0.000 seconds used


Compute structures from two images, begin...
NOTE: loose thresholds used for manual update
0028 and 0029: [859/911], H[98], 0.01sec
----------------------------------------------------------------
Compute structures from two images, finished
Totally 0.000 seconds used


Compute structures from two images, begin...
NOTE: loose thresholds used for manual update
0029 and 0030: [1234/1273], H[472], 0.01sec
----------------------------------------------------------------
Compute structures from two images, finished
Totally 0.000 seconds used


Compute structures from two images, begin...
NOTE: loose thresholds used for manual update
0030 and 0031: [1462/1520], H[817], 0.01sec
----------------------------------------------------------------
Compute structures from two images, finished
Totally 0.000 seconds used


Compute structures from two images, begin...
NOTE: loose thresholds used for manual update
0031 and 0032: [2548/2683], H[1000], 0.01sec
----------------------------------------------------------------
Compute structures from two images, finished
Totally 0.000 seconds used


Compute structures from two images, begin...
NOTE: loose thresholds used for manual update
0032 and 0033: [1735/1822], H[958], 0.01sec
----------------------------------------------------------------
Compute structures from two images, finished
Totally 0.000 seconds used


Compute structures from two images, begin...
NOTE: loose thresholds used for manual update
0033 and 0034: [1683/1756], H[679], 0.01sec
----------------------------------------------------------------
Compute structures from two images, finished
Totally 0.000 seconds used


Compute structures from two images, begin...
NOTE: loose thresholds used for manual update
0034 and 0035: [2730/2894], H[2428], 0.01sec
----------------------------------------------------------------
Compute structures from two images, finished
Totally 0.000 seconds used


# features : 6790 and 6502
[NM = 1653] [average scaling 1.132] [cov 1.094]
[NF = 1527] [average scaling 1.131] [cov 1.092]
[index] [2649: 1-6725] [2773: 3-6495]
NH = 239 - 1302
F1 = 431.910034, F2 = 431.910034
C2 = [0.627, 0.027, -0.778]
Rz = [-0.087, -0.103, 0.991]
NS = 1422, AA = 5.468, GE=0.1
SV = 1.000, Forward = 0.829, Z = 0.991

# features : 6790 and 6502
[NM = 1653] [average scaling 1.132] [cov 1.094]
[NF = 1527] [average scaling 1.131] [cov 1.092]
[index] [2649: 1-6725] [2773: 3-6495]
NH = 239 - 1302
F1 = 431.910034, F2 = 431.910034
C2 = [0.627, 0.027, -0.778]
Rz = [-0.087, -0.103, 0.991]
NS = 1422, AA = 5.468, GE=0.1
SV = 1.000, Forward = 0.829, Z = 0.991

sofa (36)
[640 x 480] [F0 = 432 ][6502]

# features : 6790 and 6502
[NM = 1653] [average scaling 1.132] [cov 1.094]
[NF = 1527] [average scaling 1.131] [cov 1.092]
[index] [2649: 1-6725] [2773: 3-6495]
NH = 239 - 1302
F1 = 431.910034, F2 = 431.910034
C2 = [0.627, 0.027, -0.778]
Rz = [-0.087, -0.103, 0.991]
NS = 1422, AA = 5.468, GE=0.1
SV = 1.000, Forward = 0.829, Z = 0.991
Save to 1.nvm ... done

Compute structures from two images, begin...
NOTE: loose thresholds used for manual update
0000 and 0035: [1530/1653], H[322], 0.01sec
----------------------------------------------------------------
Compute structures from two images, finished
Totally 0.000 seconds used


Compute structures from two images, begin...
NOTE: loose thresholds used for manual update
0000 and 0035: [1527/1653], H[551], 0.01sec
----------------------------------------------------------------
Compute structures from two images, finished
Totally 0.000 seconds used


Compute structures from two images, begin...
NOTE: loose thresholds used for manual update
0000 and 0035: [1527/1653], H[551], 0.01sec
----------------------------------------------------------------
Compute structures from two images, finished
Totally 0.000 seconds used


Compute structures from two images, begin...
NOTE: loose thresholds used for manual update
0000 and 0035: [1526/1653], H[481], 0.01sec
----------------------------------------------------------------
Compute structures from two images, finished
Totally 0.000 seconds used


Compute structures from two images, begin...
NOTE: loose thresholds used for manual update
0000 and 0035: [1526/1653], H[481], 0.01sec
----------------------------------------------------------------
Compute structures from two images, finished
Totally 0.000 seconds used


Compute structures from two images, begin...
NOTE: loose thresholds used for manual update
0000 and 0035: [1494/1653], H[349], 0.01sec
----------------------------------------------------------------
Compute structures from two images, finished
Totally 0.000 seconds used


Compute structures from two images, begin...
NOTE: loose thresholds used for manual update
0000 and 0035: [1494/1653], H[349], 0.01sec
----------------------------------------------------------------
Compute structures from two images, finished
Totally 0.000 seconds used


Compute structures from two images, begin...
NOTE: loose thresholds used for manual update
0000 and 0035: [1530/1653], H[235], 0.01sec
----------------------------------------------------------------
Compute structures from two images, finished
Totally 0.000 seconds used


Compute structures from two images, begin...
NOTE: loose thresholds used for manual update
0000 and 0035: [1513/1653], H[551], 0.01sec
----------------------------------------------------------------
Compute structures from two images, finished
Totally 1.000 seconds used


Compute structures from two images, begin...
NOTE: loose thresholds used for manual update
0000 and 0035: [1531/1653], H[364], 0.01sec
----------------------------------------------------------------
Compute structures from two images, finished
Totally 0.000 seconds used


Compute structures from two images, begin...
NOTE: loose thresholds used for manual update
0000 and 0035: [1531/1653], H[364], 0.01sec
----------------------------------------------------------------
Compute structures from two images, finished
Totally 0.000 seconds used


Compute structures from two images, begin...
NOTE: loose thresholds used for manual update
0000 and 0035: [1527/1653], H[536], 0.01sec
----------------------------------------------------------------
Compute structures from two images, finished
Totally 0.000 seconds used


Compute structures from two images, begin...
NOTE: loose thresholds used for manual update
0000 and 0035: [1527/1653], H[536], 0.01sec
----------------------------------------------------------------
Compute structures from two images, finished
Totally 0.000 seconds used


Compute structures from two images, begin...
NOTE: loose thresholds used for manual update
0013 and 0035: [37/85], H[8], 0.02sec
----------------------------------------------------------------
Compute structures from two images, finished
Totally 0.000 seconds used


Compute structures from two images, begin...
NOTE: loose thresholds used for manual update
0013 and 0035: [37/85], H[8], 0.02sec
----------------------------------------------------------------
Compute structures from two images, finished
Totally 0.000 seconds used


Compute structures from two images, begin...
NOTE: loose thresholds used for manual update
0013 and 0035: [37/85], H[8], 0.02sec
----------------------------------------------------------------
Compute structures from two images, finished
Totally 0.000 seconds used


Compute structures from two images, begin...
NOTE: loose thresholds used for manual update
0013 and 0035: [40/85], H[11], 0.02sec
----------------------------------------------------------------
Compute structures from two images, finished
Totally 0.000 seconds used


Compute structures from two images, begin...
NOTE: loose thresholds used for manual update
0013 and 0035: [40/85], H[11], 0.02sec
----------------------------------------------------------------
Compute structures from two images, finished
Totally 0.000 seconds used


Compute structures from two images, begin...
NOTE: loose thresholds used for manual update
0013 and 0035: [36/85], H[9], 0.01sec
----------------------------------------------------------------
Compute structures from two images, finished
Totally 0.000 seconds used


Compute structures from two images, begin...
NOTE: loose thresholds used for manual update
0013 and 0035: [36/85], H[9], 0.02sec
----------------------------------------------------------------
Compute structures from two images, finished
Totally 0.000 seconds used


Compute structures from two images, begin...
NOTE: loose thresholds used for manual update
0013 and 0035: [38/85], H[6], 0.01sec
----------------------------------------------------------------
Compute structures from two images, finished
Totally 0.000 seconds used


Compute structures from two images, begin...
NOTE: loose thresholds used for manual update
0013 and 0035: [38/85], H[6], 0.01sec
----------------------------------------------------------------
Compute structures from two images, finished
Totally 0.000 seconds used


Load existing NView match, begin...
Load 1.nvm...
fx = 431.910034, cx = 320.912781
fy = 431.910034, cy = 243.323013
radial_distortion = 0.000000
fx = 431.910034, cx = 320.912781
fy = 431.910034, cy = 243.323013
radial_distortion = 0.000000
# images loaded:	0
**************************************
Change the number of pixel-loaded images by 
modifying param_visual_data_budget in nv.ini
Use the PAUSE button to skip the pixel loading
**************************************
Loading image pixel data ...done in 0s
Loading matching records ...done in 0s
----------------------------------------------------------------
Load existing NView match, finished
Totally 0.000 seconds used


Run full 3D reconstruction, begin...
613 pairs have two-view models
630 pairs have fundamental matrices
Initialize with sofa (12) and sofa (18)
881 3D points initialized from two images
PBA library version = 105
PBA: 881 3D pts, 2 cams and 1762 projs...
PBA: 6.057 -> 0.109 (4 LMs in 0.19sec)
Focal Length : [431.910]->[431.910]
Focal Length : [431.910]->[431.910]

#############################
#3: [sofa (11)] sees 1107 (+2294) 3D points
Estimated Focal Length [432][0.67W]
# 2124 projs (725 pts and 0 merges)
PBA: 1606 3D pts, 3 cams and 3886 projs...
PBA: 0.229 -> 0.052 (2 LMs in 0.01sec)

**************************************
#3/3:  2263 projs and 727 pts added.
PBA: 1605 3D pts, 3 cams and 4019 projs...
PBA: 0.168 -> 0.075 (1 LMs in 0.00sec)
PBA: 1605 3D pts, 3 cams and 4019 projs...
PBA: 0.075 -> 0.071 (1 LMs in 0.02sec)
Focal Length : [431.910]->[431.910]

#############################
#4: [sofa (10)] sees 1652 (+2064) 3D points
Estimated Focal Length [432][0.67W]
# 4331 projs (1490 pts and 5 merges)
PBA: 3077 3D pts, 4 cams and 8324 projs...
PBA: 0.136 -> 0.097 (1 LMs in 0.03sec)
#points w/ large errors:	1
Focal Length : [431.910]->[431.910]

#############################
#5: [sofa (9)] sees 2447 (+1718) 3D points
Estimated Focal Length [432][0.67W]
# 3079 projs (782 pts and 23 merges)
PBA: 3813 3D pts, 5 cams and 11356 projs...
PBA: 0.263 -> 0.093 (1 LMs in 0.01sec)
#points w/ large errors:	2

**************************************
#5/5:  3433 projs and 932 pts added.
PBA: 3950 3D pts, 5 cams and 11681 projs...
PBA: 0.123 -> 0.114 (1 LMs in 0.00sec)
PBA: 3950 3D pts, 5 cams and 11681 projs...
PBA: 0.114 -> 0.112 (1 LMs in 0.03sec)
Focal Length : [431.910]->[431.910]

#############################
#6: [sofa (8)] sees 3951 (+2015) 3D points
Estimated Focal Length [432][0.67W]
# 4281 projs (1037 pts and 33 merges)
PBA: 4911 3D pts, 6 cams and 15876 projs...
PBA: 0.174 -> 0.093 (1 LMs in 0.03sec)
#points w/ large errors:	6
Focal Length : [431.910]->[431.910]

#############################
#7: [sofa (7)] sees 4714 (+1538) 3D points
Estimated Focal Length [432][0.67W]
# 3982 projs (887 pts and 70 merges)
PBA: 5680 3D pts, 7 cams and 19756 projs...
PBA: 0.249 -> 0.145 (1 LMs in 0.01sec)
#points w/ large errors:	6

**************************************
#7/7:  4155 projs and 937 pts added.
PBA: 5703 3D pts, 7 cams and 19867 projs...
PBA: 0.170 -> 0.163 (4 LMs in 0.01sec)
PBA: 5703 3D pts, 7 cams and 19867 projs...
PBA: 0.163 -> 0.162 (1 LMs in 0.01sec)
#points w/ large errors:	1
Focal Length : [431.910]->[431.910]

#############################
#8: [sofa (6)] sees 5576 (+1653) 3D points
Estimated Focal Length [432][0.67W]
# 2162 projs (0 pts and 11 merges)
PBA: 5630 3D pts, 8 cams and 21905 projs...
PBA: 0.611 -> 0.236 (3 LMs in 0.11sec)
#points w/ large errors:	18
Focal Length : [431.910]->[431.910]

#############################
#9: [sofa (5)] sees 4059 (+1355) 3D points
Estimated Focal Length [432][0.67W]
# 4261 projs (1205 pts and 31 merges)
PBA: 5237 3D pts, 9 cams and 23002 projs...
PBA: 0.308 -> 0.209 (1 LMs in 0.01sec)
#points w/ large errors:	12

**************************************
#9/9:  6245 projs and 1876 pts added.
PBA: 7384 3D pts, 9 cams and 27932 projs...
PBA: 0.255 -> 0.239 (1 LMs in 0.01sec)
PBA: 7384 3D pts, 9 cams and 27932 projs...
PBA: 0.239 -> 0.236 (1 LMs in 0.04sec)
Focal Length : [431.910]->[431.910]

#############################
#10: [sofa (15)] sees 4116 (+1684) 3D points
Estimated Focal Length [432][0.67W]
# 4471 projs (1373 pts and 83 merges)
PBA: 6305 3D pts, 10 cams and 27665 projs...
PBA: 0.261 -> 0.229 (1 LMs in 0.02sec)
#points w/ large errors:	40
Focal Length : [431.910]->[431.910]

#############################
#11: [sofa (19)] sees 5740 (+1704) 3D points
Estimated Focal Length [432][0.67W]
# 3544 projs (668 pts and 61 merges)
PBA: 6422 3D pts, 11 cams and 30159 projs...
PBA: 0.134 -> 0.112 (1 LMs in 0.01sec)
#points w/ large errors:	7
Focal Length : [431.910]->[431.910]

#############################
#12: [sofa (13)] sees 7021 (+1407) 3D points
Estimated Focal Length [432][0.67W]
# 4305 projs (937 pts and 138 merges)
PBA: 7050 3D pts, 12 cams and 34111 projs...
PBA: 0.272 -> 0.157 (1 LMs in 0.01sec)
#points w/ large errors:	7

**************************************
#12/12:  4833 projs and 1029 pts added.
PBA: 9958 3D pts, 12 cams and 40290 projs...
PBA: 0.159 -> 0.153 (1 LMs in 0.01sec)
PBA: 9958 3D pts, 12 cams and 40290 projs...
PBA: 0.153 -> 0.151 (1 LMs in 0.04sec)
Focal Length : [431.910]->[431.910]

#############################
#13: [sofa (14)] sees 8403 (+1342) 3D points
Estimated Focal Length [432][0.67W]
# 4097 projs (697 pts and 114 merges)
PBA: 7472 3D pts, 13 cams and 38249 projs...
PBA: 0.422 -> 0.265 (18 LMs in 0.11sec)
#points w/ large errors:	18
Focal Length : [431.910]->[431.910]

#############################
#14: [sofa (4)] sees 4636 (+1085) 3D points
Estimated Focal Length [432][0.67W]
# 2486 projs (345 pts and 45 merges)
PBA: 7469 3D pts, 14 cams and 40100 projs...
PBA: 0.215 -> 0.206 (1 LMs in 0.01sec)
#points w/ large errors:	43
Focal Length : [431.910]->[431.910]

#############################
#15: [sofa (32)] sees 4789 (+1174) 3D points
Estimated Focal Length [432][0.67W]
# 3321 projs (705 pts and 38 merges)
PBA: 7992 3D pts, 15 cams and 43012 projs...
PBA: 0.200 -> 0.159 (1 LMs in 0.01sec)
#points w/ large errors:	14
Focal Length : [431.910]->[431.910]

#############################
#16: [sofa (33)] sees 5588 (+1792) 3D points
Estimated Focal Length [432][0.67W]
# 3210 projs (507 pts and 43 merges)
PBA: 8195 3D pts, 16 cams and 45692 projs...
PBA: 0.262 -> 0.214 (1 LMs in 0.01sec)
#points w/ large errors:	19

**************************************
#16/16:  3813 projs and 688 pts added.
PBA: 11867 3D pts, 16 cams and 53266 projs...
PBA: 0.236 -> 0.211 (1 LMs in 0.01sec)
#points w/ large errors:	1
PBA: 11866 3D pts, 16 cams and 53263 projs...
PBA: 0.224 -> 0.224 (12 LMs in 0.11sec)
Focal Length : [431.910]->[431.910]

#############################
#17: [sofa (35)] sees 5165 (+1501) 3D points
Estimated Focal Length [432][0.67W]
# 3856 projs (835 pts and 34 merges)
PBA: 8953 3D pts, 17 cams and 49691 projs...
PBA: 0.349 -> 0.298 (18 LMs in 0.15sec)
#points w/ large errors:	87
Focal Length : [431.910]->[431.910]

#############################
#18: [sofa (36)] sees 6729 (+1821) 3D points
Estimated Focal Length [432][0.67W]
# 4156 projs (797 pts and 73 merges)
PBA: 9349 3D pts, 18 cams and 53059 projs...
PBA: 0.284 -> 0.238 (1 LMs in 0.01sec)
#points w/ large errors:	19
Focal Length : [431.910]->[431.910]

#############################
#19: [sofa (3)] sees 8838 (+1533) 3D points
Estimated Focal Length [432][0.67W]
# 4385 projs (808 pts and 128 merges)
PBA: 9827 3D pts, 19 cams and 57003 projs...
PBA: 0.310 -> 0.271 (17 LMs in 0.18sec)
#points w/ large errors:	51
Focal Length : [431.910]->[431.910]

#############################
#20: [sofa (2)] sees 7914 (+1326) 3D points
Estimated Focal Length [432][0.67W]
# 3388 projs (453 pts and 97 merges)
PBA: 9894 3D pts, 20 cams and 59673 projs...
PBA: 0.249 -> 0.228 (1 LMs in 0.03sec)
#points w/ large errors:	29
Focal Length : [431.910]->[431.910]

#############################
#21: [sofa (34)] sees 9954 (+1238) 3D points
Estimated Focal Length [432][0.67W]
# 3210 projs (299 pts and 83 merges)
SKIP: 0 cams, 33 points, 155 projs
PBA: 14243 3D pts, 20 cams and 71082 projs...
PBA: 0.276 -> 0.233 (1 LMs in 0.01sec)
#points w/ large errors:	25

**************************************
#21/21:  4146 projs and 459 pts added.
PBA: 14347 3D pts, 21 cams and 71878 projs...
PBA: 0.293 -> 0.274 (26 LMs in 0.08sec)
#points w/ large errors:	2
PBA: 14345 3D pts, 21 cams and 71874 projs...
PBA: 0.244 -> 0.241 (1 LMs in 0.01sec)
Focal Length : [431.910]->[431.910]

#############################
#22: [sofa (1)] sees 7492 (+1153) 3D points
Estimated Focal Length [432][0.67W]
# 4032 projs (857 pts and 66 merges)
SKIP: 0 cams, 37 points, 124 projs
PBA: 15029 3D pts, 20 cams and 75692 projs...
PBA: 0.319 -> 0.282 (5 LMs in 0.12sec)
#points w/ large errors:	84
Focal Length : [431.910]->[431.910]

#############################
#23: [sofa (21)] sees 7905 (+1006) 3D points
Estimated Focal Length [432][0.67W]
# 3769 projs (711 pts and 149 merges)
SKIP: 0 cams, 184 points, 712 projs
PBA: 15325 3D pts, 20 cams and 78763 projs...
PBA: 0.267 -> 0.232 (1 LMs in 0.01sec)
#points w/ large errors:	55
Focal Length : [431.910]->[431.910]

#############################
#24: [sofa (24)] sees 9462 (+1600) 3D points
Estimated Focal Length [432][0.67W]
# 4703 projs (1059 pts and 169 merges)
SKIP: 0 cams, 489 points, 1360 projs
PBA: 15829 3D pts, 20 cams and 82466 projs...
PBA: 0.181 -> 0.157 (1 LMs in 0.01sec)
#points w/ large errors:	8
Focal Length : [431.910]->[431.910]

#############################
#25: [sofa (26)] sees 11642 (+1803) 3D points
Estimated Focal Length [432][0.67W]
# 4690 projs (713 pts and 203 merges)
SKIP: 0 cams, 740 points, 1609 projs
PBA: 16105 3D pts, 20 cams and 86576 projs...
PBA: 0.206 -> 0.161 (1 LMs in 0.01sec)
#points w/ large errors:	17
Focal Length : [431.910]->[431.910]

#############################
#26: [sofa (25)] sees 13775 (+2271) 3D points
Estimated Focal Length [432][0.67W]
# 5124 projs (704 pts and 190 merges)
PBA: 12090 3D pts, 26 cams and 82778 projs...
PBA: 0.196 -> 0.168 (1 LMs in 0.01sec)
#points w/ large errors:	22
Focal Length : [431.910]->[431.910]

#############################
#27: [sofa (27)] sees 16753 (+2329) 3D points
Estimated Focal Length [432][0.67W]
# 6293 projs (913 pts and 236 merges)
SKIP: 0 cams, 1360 points, 3471 projs
PBA: 16598 3D pts, 20 cams and 95928 projs...
PBA: 0.208 -> 0.173 (1 LMs in 0.01sec)
#points w/ large errors:	17

**************************************
#27/27:  7401 projs and 1198 pts added.
PBA: 18093 3D pts, 27 cams and 100176 projs...
PBA: 0.269 -> 0.229 (1 LMs in 0.01sec)
PBA: 18093 3D pts, 27 cams and 100176 projs...
PBA: 0.229 -> 0.225 (1 LMs in 0.05sec)
Focal Length : [431.910]->[431.910]

#############################
#28: [sofa (23)] sees 16120 (+1567) 3D points
Estimated Focal Length [432][0.67W]
# 4895 projs (577 pts and 178 merges)
SKIP: 0 cams, 1730 points, 4748 projs
PBA: 16664 3D pts, 20 cams and 100157 projs...
PBA: 0.264 -> 0.245 (1 LMs in 0.01sec)
#points w/ large errors:	112
Focal Length : [431.910]->[431.910]

#############################
#29: [sofa (28)] sees 16702 (+1325) 3D points
Estimated Focal Length [432][0.67W]
# 6454 projs (1254 pts and 245 merges)
SKIP: 0 cams, 2043 points, 6187 projs
PBA: 17200 3D pts, 20 cams and 105092 projs...
PBA: 0.250 -> 0.187 (1 LMs in 0.01sec)
#points w/ large errors:	46
Focal Length : [431.910]->[431.910]

#############################
#30: [sofa (29)] sees 15791 (+1078) 3D points
Estimated Focal Length [432][0.67W]
# 4355 projs (499 pts and 150 merges)
SKIP: 0 cams, 2376 points, 6592 projs
PBA: 17179 3D pts, 20 cams and 108479 projs...
PBA: 0.211 -> 0.179 (1 LMs in 0.05sec)
#points w/ large errors:	28
Focal Length : [431.910]->[431.910]

#############################
#31: [sofa (31)] sees 12756 (+1065) 3D points
Estimated Focal Length [432][0.67W]
# 3945 projs (640 pts and 143 merges)
SKIP: 0 cams, 2820 points, 7895 projs
PBA: 17131 3D pts, 20 cams and 110824 projs...
PBA: 0.222 -> 0.203 (4 LMs in 0.02sec)
#points w/ large errors:	45
Focal Length : [431.910]->[431.910]

#############################
#32: [sofa (30)] sees 14592 (+944) 3D points
Estimated Focal Length [432][0.67W]
# 4247 projs (634 pts and 197 merges)
PBA: 14132 3D pts, 32 cams and 110123 projs...
PBA: 0.234 -> 0.185 (1 LMs in 0.01sec)
#points w/ large errors:	48
Focal Length : [431.910]->[431.910]

#############################
#33: [sofa (20)] sees 10845 (+1028) 3D points
Estimated Focal Length [432][0.67W]
# 4185 projs (826 pts and 249 merges)
SKIP: 0 cams, 4474 points, 13686 projs
PBA: 16349 3D pts, 20 cams and 112988 projs...
PBA: 0.213 -> 0.183 (1 LMs in 0.01sec)
#points w/ large errors:	28
Focal Length : [431.910]->[431.910]

#############################
#34: [sofa (22)] sees 13294 (+880) 3D points
Estimated Focal Length [432][0.67W]
# 3634 projs (474 pts and 176 merges)
SKIP: 0 cams, 4522 points, 13666 projs
PBA: 16552 3D pts, 20 cams and 116337 projs...
PBA: 0.252 -> 0.200 (4 LMs in 0.03sec)
#points w/ large errors:	20

**************************************
#34/34:  5501 projs and 823 pts added.
PBA: 21279 3D pts, 34 cams and 131432 projs...
PBA: 0.298 -> 0.250 (1 LMs in 0.01sec)
PBA: 21279 3D pts, 34 cams and 131432 projs...
PBA: 0.250 -> 0.245 (1 LMs in 0.05sec)
Focal Length : [431.910]->[431.910]

#############################
#35: [sofa (16)] sees 10065 (+886) 3D points
Estimated Focal Length [432][0.67W]
# 3414 projs (500 pts and 65 merges)
SKIP: 0 cams, 4117 points, 11831 projs
PBA: 17479 3D pts, 20 cams and 122815 projs...
PBA: 0.287 -> 0.248 (1 LMs in 0.01sec)
#points w/ large errors:	164
Focal Length : [431.910]->[431.910]

#############################
#36: [sofa (17)] sees 9556 (+894) 3D points
Estimated Focal Length [432][0.67W]
# 2939 projs (312 pts and 85 merges)
SKIP: 0 cams, 4148 points, 12543 projs
PBA: 17525 3D pts, 20 cams and 125006 projs...
PBA: 0.199 -> 0.180 (1 LMs in 0.05sec)
#points w/ large errors:	15
Focal Length : [431.910]->[431.910]
END: No more images to add [0 projs]

#############################
Failed to find two images for initialization
Resuming SfM finished, 4 sec used

---------------------------------------------------
36 cams, 21777 pts (3+: 14733)
136968 projections (3+: 122845)
---------------------------------------------------
1 model(s) reconstructed from 36 images;
36 modeled; 0 reused; 0 EXIF; 
4MB(4) used to store feature location.
---------------------------------------------------

########-------timing------#########
Structure-From-Motion finished, 4 sec used
2.6(2.0) seconds on Bundle Adjustment (+)
1.8(1.4) seconds on Bundle Adjustment (*)
#############################
----------------------------------------------------------------
Run full 3D reconstruction, finished
Totally 4.000 seconds used

