
Modifying Calibration, begin...
fx = 423.546234, cx = 329.919403
fy = 423.546234, cy = 252.549683
radial_distortion = 0.000000
----------------------------------------------------------------
Modifying Calibration, finished
Totally 0.000 seconds used

0: sofa (1)
image_size:	640x480
1: sofa (2)
image_size:	640x480
2: sofa (3)
image_size:	640x480
3: sofa (4)
image_size:	640x480
4: sofa (5)
image_size:	640x480
5: sofa (6)
image_size:	640x480
6: sofa (7)
image_size:	640x480
7: sofa (8)
image_size:	640x480
8: sofa (9)
image_size:	640x480
9: sofa (10)
image_size:	640x480
10: sofa (11)
image_size:	640x480
11: sofa (12)
image_size:	640x480
12: sofa (13)
image_size:	640x480
13: sofa (14)
image_size:	640x480
14: sofa (15)
image_size:	640x480
15: sofa (16)
image_size:	640x480
16: sofa (17)
image_size:	640x480
17: sofa (18)
image_size:	640x480
18: sofa (19)
image_size:	640x480
19: sofa (20)
image_size:	640x480
20: sofa (21)
image_size:	640x480
21: sofa (22)
image_size:	640x480
22: sofa (23)
image_size:	640x480
23: sofa (24)
image_size:	640x480
24: sofa (25)
image_size:	640x480
25: sofa (26)
image_size:	640x480
26: sofa (27)
image_size:	640x480
27: sofa (28)
image_size:	640x480
28: sofa (29)
image_size:	640x480
29: sofa (30)
image_size:	640x480
30: sofa (31)
image_size:	640x480
31: sofa (32)
image_size:	640x480
32: sofa (33)
image_size:	640x480
33: sofa (34)
image_size:	640x480
34: sofa (35)
image_size:	640x480
35: sofa (36)
image_size:	640x480
36: sofa (37)
image_size:	640x480
**************************************
Change the number of pixel-loaded images by 
modifying param_visual_data_budget in nv.ini
Use the PAUSE button to skip the pixel loading
**************************************
Loading image pixel data ...done in 0s

Compute Missing Pairwise Matching, begin...
********* WARNING ***********
More than 112MB of graphic memory may be allocated
under the default settings. If the program halts here,
adjust parameters to save memory and rerun the task: 
    [Tools->Enable GPU->Set Maximum DIM]
Note some octaves may be automatically skipped
SIFT: 0000, 640x480, 	7880, 0.79sec
SIFT: 0001, 640x480, 	7189, 0.12sec
SIFT: 0002, 640x480, 	7516, 0.12sec
SIFT: 0003, 640x480, 	7611, 0.12sec
SIFT: 0004, 640x480, 	8251, 0.13sec
SIFT: 0005, 640x480, 	8489, 0.13sec
SIFT: 0006, 640x480, 	8430, 0.13sec
SIFT: 0007, 640x480, 	8612, 0.13sec
SIFT: 0008, 640x480, 	8423, 0.12sec
SIFT: 0009, 640x480, 	8468, 0.15sec
SIFT: 0010, 640x480, 	8205, 0.15sec
SIFT: 0011, 640x480, 	8207, 0.13sec
SIFT: 0012, 640x480, 	7526, 0.12sec
SIFT: 0013, 640x480, 	7528, 0.12sec
SIFT: 0014, 640x480, 	7586, 0.12sec
SIFT: 0015, 640x480, 	6657, 0.11sec
SIFT: 0016, 640x480, 	6402, 0.11sec
SIFT: 0017, 640x480, 	7246, 0.12sec
SIFT: 0018, 640x480, 	7216, 0.12sec
SIFT: 0019, 640x480, 	6916, 0.12sec
SIFT: 0020, 640x480, 	7872, 0.12sec
SIFT: 0021, 640x480, 	7181, 0.12sec
SIFT: 0022, 640x480, 	7980, 0.13sec
SIFT: 0023, 640x480, 	8382, 0.14sec
SIFT: 0024, 640x480, 	8687, 0.15sec
SIFT: 0025, 640x480, 	8632, 0.13sec
SIFT: 0026, 640x480, 	8635, 0.13sec
SIFT: 0027, 640x480, 	8526, 0.14sec
SIFT: 0028, 640x480, 	8236, 0.13sec
SIFT: 0029, 640x480, 	8236, 0.13sec
SIFT: 0030, 640x480, 	8131, 0.13sec
SIFT: 0031, 640x480, 	8519, 0.15sec
SIFT: 0032, 640x480, 	8130, 0.13sec
SIFT: 0033, 640x480, 	7694, 0.13sec
SIFT: 0034, 640x480, 	8012, 0.13sec
SIFT: 0035, 640x480, 	7796, 0.12sec
SIFT: 0036, 640x480, 	7880, 0.12sec

###########-------timing------#########
37 Feature Detection finished, 6 sec used
#############################

666 pairs to compute match
NOTE: using 3 matching workers
0002 and 0005: 827 matches, 0.20sec, #2
0002 and 0004: 1589 matches, 0.20sec, #1
0002 and 0005: [583/827], H[333], 0.01sec
0002 and 0004: [1227/1589], H[145], 0.01sec
0003 and 0005: 1408 matches, 0.16sec, #2
0003 and 0004: 2715 matches, 0.18sec, #1
0003 and 0005: [1144/1408], H[542], 0.01sec
0000 and 0001: 1706 matches, 0.43sec, #0
0003 and 0004: [2417/2715], H[656], 0.01sec
0000 and 0001: [1206/1706], H[587], 0.01sec
0000 and 0002: 1294 matches, 0.13sec, #0
0004 and 0005: 2599 matches, 0.18sec, #2
0000 and 0002: [924/1294], H[171], 0.02sec
0004 and 0005: [2158/2599], H[1252], 0.01sec
0000 and 0005: 376 matches, 0.20sec, #1
0001 and 0002: 2719 matches, 0.10sec, #0
0000 and 0005: [202/376], H[26], 0.01sec
0001 and 0002: [2453/2719], H[561], 0.02sec
0000 and 0003: 752 matches, 0.12sec, #0
0000 and 0003: [534/752], H[90], 0.01sec
0000 and 0006: 283 matches, 0.20sec, #2
0000 and 0006: [144/283], H[19], 0.01sec
0001 and 0005: 485 matches, 0.18sec, #1
0001 and 0005: [305/485], H[144], 0.01sec
0001 and 0003: 1325 matches, 0.10sec, #0
0001 and 0003: [1023/1325], H[136], 0.01sec
0002 and 0003: 2146 matches, 0.12sec, #0
0002 and 0003: [1770/2146], H[411], 0.02sec
0001 and 0006: 296 matches, 0.20sec, #2
0001 and 0006: [163/296], H[42], 0.01sec
0004 and 0007: 1365 matches, 0.21sec, #1
0004 and 0007: [950/1365], H[132], 0.01sec
0000 and 0004: 717 matches, 0.12sec, #0
0000 and 0004: [496/717], H[109], 0.01sec
0001 and 0004: 960 matches, 0.12sec, #0
0001 and 0004: [686/960], H[213], 0.01sec
0002 and 0006: 495 matches, 0.19sec, #2
0002 and 0006: [330/495], H[139], 0.01sec
0007 and 0008: 3217 matches, 0.13sec, #0
0005 and 0007: 2584 matches, 0.30sec, #1
0007 and 0008: [2964/3217], H[1519], 0.02sec
0005 and 0007: [2355/2584], H[617], 0.01sec
0003 and 0006: 980 matches, 0.14sec, #2
0003 and 0006: [707/980], H[172], 0.01sec
0006 and 0007: 2994 matches, 0.12sec, #1
0000 and 0009: 194 matches, 0.15sec, #0
0006 and 0007: [2637/2994], H[1216], 0.02sec
0000 and 0009: [81/194], H[10], 0.06sec
0004 and 0006: 1488 matches, 0.19sec, #2
0004 and 0006: [1212/1488], H[235], 0.01sec
0001 and 0009: 193 matches, 0.13sec, #0
0000 and 0008: 216 matches, 0.20sec, #1
0001 and 0009: [90/193], H[22], 0.02sec
0000 and 0008: [110/216], H[31], 0.02sec
0002 and 0009: 240 matches, 0.12sec, #0
0002 and 0009: [117/240], H[14], 0.02sec
0001 and 0008: 214 matches, 0.19sec, #1
0005 and 0006: 3118 matches, 0.25sec, #2
0003 and 0009: 389 matches, 0.12sec, #0
0001 and 0008: [105/214], H[14], 0.01sec
0003 and 0009: [234/389], H[132], 0.01sec
0005 and 0006: [2904/3118], H[959], 0.01sec
0004 and 0009: 588 matches, 0.15sec, #0
0004 and 0009: [401/588], H[138], 0.01sec
0002 and 0008: 344 matches, 0.20sec, #1
0000 and 0007: 267 matches, 0.20sec, #2
0002 and 0008: [213/344], H[45], 0.00sec
0005 and 0009: 1201 matches, 0.12sec, #0
0000 and 0007: [129/267], H[19], 0.02sec
0005 and 0009: [838/1201], H[390], 0.01sec
0006 and 0009: 1561 matches, 0.14sec, #0
0006 and 0009: [1141/1561], H[284], 0.01sec
0003 and 0008: 606 matches, 0.21sec, #1
0001 and 0007: 320 matches, 0.20sec, #2
0003 and 0008: [445/606], H[132], 0.00sec
0001 and 0007: [157/320], H[33], 0.01sec
0007 and 0009: 2419 matches, 0.12sec, #0
0007 and 0009: [2069/2419], H[410], 0.02sec
0008 and 0009: 2901 matches, 0.13sec, #0
0008 and 0009: [2722/2901], H[1064], 0.03sec
0004 and 0008: 992 matches, 0.29sec, #1
0002 and 0007: 426 matches, 0.28sec, #2
0000 and 0010: 115 matches, 0.13sec, #0
0004 and 0008: [750/992], H[236], 0.01sec
0002 and 0007: [270/426], H[113], 0.01sec
0000 and 0010: [52/115], H[16], 0.02sec
0001 and 0010: 152 matches, 0.12sec, #0
0001 and 0010: [61/152], H[13], 0.04sec
0005 and 0008: 1860 matches, 0.25sec, #1
0003 and 0007: 787 matches, 0.26sec, #2
0005 and 0008: [1443/1860], H[311], 0.01sec
0002 and 0010: 167 matches, 0.12sec, #0
0003 and 0007: [548/787], H[205], 0.01sec
0002 and 0010: [82/167], H[12], 0.02sec
0003 and 0010: 244 matches, 0.12sec, #0
0003 and 0010: [151/244], H[39], 0.01sec
0006 and 0008: 2184 matches, 0.27sec, #1
0000 and 0011: 137 matches, 0.28sec, #2
0004 and 0010: 301 matches, 0.13sec, #0
0006 and 0008: [1660/2184], H[297], 0.01sec
0004 and 0010: [175/301], H[78], 0.01sec
0000 and 0011: [53/137], H[16], 0.05sec
0005 and 0010: 600 matches, 0.13sec, #0
0005 and 0010: [367/600], H[60], 0.01sec
0010 and 0011: 3292 matches, 0.24sec, #1
0001 and 0011: 140 matches, 0.21sec, #2
0010 and 0011: [3166/3292], H[1215], 0.01sec
0006 and 0010: 962 matches, 0.12sec, #0
0006 and 0010: [678/962], H[101], 0.01sec
0001 and 0011: [50/140], H[12], 0.07sec
0007 and 0010: 1263 matches, 0.13sec, #0
0000 and 0012: 82 matches, 0.15sec, #1
0007 and 0010: [967/1263], H[103], 0.01sec
0002 and 0011: 157 matches, 0.12sec, #2
0000 and 0012: [21/82], H[5], 0.09sec
0002 and 0011: [75/157], H[30], 0.01sec
0008 and 0010: 1441 matches, 0.12sec, #0
0008 and 0010: [1279/1441], H[259], 0.01sec
0009 and 0010: 2630 matches, 0.13sec, #0
0009 and 0010: [2461/2630], H[862], 0.02sec
0001 and 0012: 86 matches, 0.19sec, #1
0003 and 0011: 222 matches, 0.22sec, #2
0001 and 0012: [23/86], H[11], 0.06sec
0003 and 0011: [121/222], H[30], 0.01sec
0009 and 0012: 887 matches, 0.12sec, #0
0009 and 0012: [696/887], H[316], 0.01sec
0010 and 0012: 1529 matches, 0.14sec, #0
0010 and 0012: [1296/1529], H[432], 0.01sec
0002 and 0012: 102 matches, 0.20sec, #1
0002 and 0012: [43/102], H[10], 0.02sec
0004 and 0011: 288 matches, 0.22sec, #2
0004 and 0011: [160/288], H[31], 0.01sec
0011 and 0012: 2074 matches, 0.12sec, #0
0011 and 0012: [1755/2074], H[640], 0.02sec
0000 and 0013: 90 matches, 0.11sec, #0
0003 and 0012: 129 matches, 0.17sec, #1
0003 and 0012: [66/129], H[25], 0.01sec
0005 and 0011: 549 matches, 0.25sec, #2
0005 and 0011: [337/549], H[39], 0.01sec
0000 and 0013: [26/90], H[6], 0.12sec
0004 and 0012: 177 matches, 0.16sec, #1
0001 and 0013: 79 matches, 0.10sec, #0
0004 and 0012: [91/177], H[39], 0.01sec
0001 and 0013: [28/79], H[11], 0.09sec
0006 and 0011: 784 matches, 0.21sec, #2
0006 and 0011: [559/784], H[229], 0.01sec
0005 and 0012: 281 matches, 0.20sec, #1
0002 and 0013: 90 matches, 0.11sec, #0
0005 and 0012: [165/281], H[48], 0.01sec
0002 and 0013: [33/90], H[20], 0.05sec
0007 and 0011: 975 matches, 0.21sec, #2
0007 and 0011: [662/975], H[60], 0.01sec
0006 and 0012: 407 matches, 0.15sec, #1
0003 and 0013: 118 matches, 0.11sec, #0
0006 and 0012: [256/407], H[80], 0.01sec
0003 and 0013: [49/118], H[14], 0.06sec
0004 and 0013: 153 matches, 0.13sec, #0
0008 and 0011: 1313 matches, 0.23sec, #2
0004 and 0013: [77/153], H[12], 0.01sec
0008 and 0011: [1103/1313], H[231], 0.01sec
0007 and 0012: 450 matches, 0.21sec, #1
0007 and 0012: [308/450], H[83], 0.00sec
0009 and 0011: 2058 matches, 0.12sec, #2
0005 and 0013: 241 matches, 0.13sec, #0
0009 and 0011: [1688/2058], H[549], 0.01sec
0005 and 0013: [124/241], H[34], 0.01sec
0006 and 0013: 285 matches, 0.12sec, #0
0006 and 0013: [153/285], H[36], 0.01sec
0008 and 0012: 585 matches, 0.21sec, #1
0007 and 0013: 350 matches, 0.21sec, #2
0008 and 0012: [418/585], H[130], 0.01sec
0007 and 0013: [216/350], H[34], 0.01sec
0004 and 0014: 170 matches, 0.12sec, #0
0004 and 0014: [67/170], H[21], 0.10sec
0005 and 0014: 270 matches, 0.12sec, #0
0005 and 0014: [125/270], H[34], 0.02sec
0000 and 0015: 50 matches, 0.27sec, #1
0008 and 0013: 502 matches, 0.27sec, #2
0008 and 0013: [340/502], H[141], 0.01sec
0000 and 0015: [13/50], H[5], 0.04sec
0006 and 0014: 297 matches, 0.12sec, #0
0006 and 0014: [161/297], H[17], 0.01sec
0007 and 0014: 408 matches, 0.12sec, #0
0007 and 0014: [214/408], H[37], 0.01sec
0009 and 0013: 830 matches, 0.18sec, #2
0009 and 0013: [614/830], H[70], 0.01sec
0001 and 0015: 53 matches, 0.19sec, #1
0008 and 0014: 517 matches, 0.12sec, #0
0008 and 0014: [304/517], H[82], 0.01sec
0010 and 0013: 1128 matches, 0.14sec, #2
0009 and 0014: 911 matches, 0.12sec, #0
0001 and 0015: [12/53], H[4], 0.14sec
0010 and 0013: [859/1128], H[138], 0.01sec
0009 and 0014: [575/911], H[134], 0.01sec
0010 and 0014: 1280 matches, 0.12sec, #0
0010 and 0014: [910/1280], H[55], 0.01sec
0011 and 0013: 1679 matches, 0.20sec, #2
0002 and 0015: 42 matches, 0.21sec, #1
0011 and 0013: [1312/1679], H[189], 0.01sec
0011 and 0014: 1766 matches, 0.12sec, #0
0011 and 0014: [1435/1766], H[277], 0.01sec
0012 and 0013: 2094 matches, 0.09sec, #2
0002 and 0015: [16/42], H[5], 0.10sec
0012 and 0014: 1857 matches, 0.11sec, #0
0012 and 0013: [1913/2094], H[521], 0.01sec
0012 and 0014: [1682/1857], H[535], 0.01sec
0013 and 0014: 2757 matches, 0.10sec, #0
0003 and 0015: 71 matches, 0.15sec, #1
0013 and 0014: [2246/2757], H[696], 0.02sec
0000 and 0014: 93 matches, 0.17sec, #2
0003 and 0015: [25/71], H[5], 0.05sec
0010 and 0015: 623 matches, 0.10sec, #0
0010 and 0015: [478/623], H[55], 0.01sec
0004 and 0015: 75 matches, 0.09sec, #1
0000 and 0014: [21/93], H[5], 0.10sec
0011 and 0015: 850 matches, 0.11sec, #0
0004 and 0015: [35/75], H[13], 0.02sec
0011 and 0015: [616/850], H[149], 0.01sec
0012 and 0015: 1641 matches, 0.10sec, #0
0012 and 0015: [1217/1641], H[233], 0.01sec
0001 and 0014: 109 matches, 0.16sec, #2
0005 and 0015: 137 matches, 0.18sec, #1
0001 and 0014: [25/109], H[8], 0.05sec
0013 and 0015: 1710 matches, 0.10sec, #0
0005 and 0015: [71/137], H[15], 0.02sec
0013 and 0015: [1348/1710], H[377], 0.05sec
0002 and 0014: 107 matches, 0.16sec, #2
0014 and 0015: 1804 matches, 0.10sec, #0
0006 and 0015: 164 matches, 0.17sec, #1
0014 and 0015: [1647/1804], H[944], 0.01sec
0006 and 0015: [92/164], H[40], 0.01sec
0002 and 0014: [34/107], H[16], 0.05sec
0007 and 0015: 170 matches, 0.10sec, #1
0007 and 0015: [105/170], H[21], 0.01sec
0000 and 0016: 47 matches, 0.12sec, #0
0000 and 0016: [18/47], H[7], 0.12sec
0003 and 0014: 153 matches, 0.14sec, #2
0008 and 0015: 246 matches, 0.16sec, #1
0003 and 0014: [50/153], H[24], 0.05sec
0001 and 0016: 43 matches, 0.08sec, #0
0008 and 0015: [148/246], H[25], 0.01sec
0001 and 0016: [16/43], H[8], 0.08sec
0005 and 0016: 114 matches, 0.15sec, #2
0005 and 0016: [61/114], H[12], 0.01sec
0009 and 0015: 398 matches, 0.17sec, #1
0002 and 0016: 44 matches, 0.10sec, #0
0009 and 0015: [268/398], H[31], 0.01sec
0002 and 0016: [15/44], H[5], 0.08sec
0006 and 0016: 154 matches, 0.13sec, #2
0015 and 0016: 2348 matches, 0.13sec, #1
0006 and 0016: [89/154], H[14], 0.01sec
0015 and 0016: [2229/2348], H[1544], 0.00sec
0003 and 0016: 65 matches, 0.15sec, #0
0007 and 0016: 179 matches, 0.14sec, #2
0007 and 0016: [106/179], H[39], 0.01sec
0000 and 0017: 104 matches, 0.18sec, #1
0003 and 0016: [21/65], H[5], 0.15sec
0008 and 0016: 207 matches, 0.09sec, #2
0000 and 0017: [19/104], H[6], 0.07sec
0008 and 0016: [114/207], H[40], 0.01sec
0004 and 0016: 71 matches, 0.12sec, #0
0004 and 0016: [34/71], H[12], 0.02sec
0001 and 0017: 83 matches, 0.17sec, #1
0009 and 0016: 342 matches, 0.16sec, #2
0009 and 0017: 744 matches, 0.11sec, #0
0009 and 0016: [211/342], H[28], 0.00sec
0009 and 0017: [512/744], H[34], 0.01sec
0001 and 0017: [19/83], H[10], 0.10sec
0010 and 0016: 553 matches, 0.10sec, #2
0010 and 0016: [387/553], H[51], 0.00sec
0010 and 0017: 1176 matches, 0.12sec, #0
0010 and 0017: [815/1176], H[45], 0.01sec
0002 and 0017: 102 matches, 0.13sec, #1
0011 and 0016: 762 matches, 0.15sec, #2
0011 and 0017: 1391 matches, 0.12sec, #0
0011 and 0016: [492/762], H[93], 0.01sec
0011 and 0017: [885/1391], H[143], 0.01sec
0002 and 0017: [36/102], H[12], 0.04sec
0012 and 0017: 1250 matches, 0.12sec, #0
0012 and 0017: [898/1250], H[223], 0.01sec
0012 and 0016: 1199 matches, 0.18sec, #2
0012 and 0016: [842/1199], H[106], 0.01sec
0003 and 0017: 139 matches, 0.20sec, #1
0013 and 0017: 1236 matches, 0.11sec, #0
0013 and 0017: [810/1236], H[152], 0.01sec
0003 and 0017: [51/139], H[20], 0.07sec
0013 and 0016: 1241 matches, 0.11sec, #2
0014 and 0017: 1981 matches, 0.11sec, #0
0013 and 0016: [953/1241], H[279], 0.01sec
0014 and 0017: [1415/1981], H[259], 0.01sec
0015 and 0017: 1338 matches, 0.09sec, #0
0015 and 0017: [1054/1338], H[392], 0.04sec
0014 and 0016: 1399 matches, 0.19sec, #2
0004 and 0017: 171 matches, 0.22sec, #1
0014 and 0016: [1051/1399], H[128], 0.01sec
0016 and 0017: 1244 matches, 0.10sec, #0
0004 and 0017: [83/171], H[11], 0.01sec
0016 and 0017: [1022/1244], H[308], 0.01sec
0000 and 0018: 75 matches, 0.12sec, #0
0002 and 0018: 105 matches, 0.20sec, #2
0005 and 0017: 257 matches, 0.21sec, #1
0000 and 0018: [17/75], H[6], 0.08sec
0005 and 0017: [120/257], H[38], 0.01sec
0002 and 0018: [34/105], H[11], 0.07sec
0001 and 0018: 87 matches, 0.12sec, #0
0006 and 0017: 308 matches, 0.17sec, #1
0006 and 0017: [176/308], H[59], 0.01sec
0001 and 0018: [23/87], H[5], 0.08sec
0003 and 0018: 134 matches, 0.14sec, #2
0012 and 0018: 1255 matches, 0.10sec, #0
0012 and 0018: [926/1255], H[145], 0.01sec
0003 and 0018: [50/134], H[6], 0.05sec
0007 and 0017: 364 matches, 0.16sec, #1
0013 and 0018: 1722 matches, 0.10sec, #0
0007 and 0017: [218/364], H[67], 0.01sec
0013 and 0018: [1309/1722], H[226], 0.01sec
0004 and 0018: 166 matches, 0.19sec, #2
0014 and 0018: 2468 matches, 0.13sec, #0
0004 and 0018: [72/166], H[23], 0.02sec
0008 and 0017: 403 matches, 0.15sec, #1
0014 and 0018: [1810/2468], H[626], 0.01sec
0008 and 0017: [213/403], H[65], 0.01sec
0015 and 0018: 1726 matches, 0.10sec, #0
0015 and 0018: [1357/1726], H[300], 0.00sec
0005 and 0018: 252 matches, 0.21sec, #2
0016 and 0018: 1424 matches, 0.10sec, #0
0005 and 0018: [119/252], H[18], 0.01sec
0016 and 0018: [1301/1424], H[402], 0.00sec
0004 and 0019: 128 matches, 0.23sec, #1
0004 and 0019: [55/128], H[19], 0.02sec
0017 and 0018: 3010 matches, 0.11sec, #0
0017 and 0018: [2820/3010], H[1085], 0.00sec
0006 and 0018: 298 matches, 0.15sec, #2
0000 and 0019: 60 matches, 0.11sec, #0
0006 and 0018: [155/298], H[40], 0.01sec
0005 and 0019: 184 matches, 0.15sec, #1
0005 and 0019: [97/184], H[31], 0.01sec
0000 and 0019: [16/60], H[5], 0.07sec
0001 and 0019: 57 matches, 0.10sec, #0
0007 and 0018: 363 matches, 0.20sec, #2
0006 and 0019: 299 matches, 0.20sec, #1
0007 and 0018: [178/363], H[56], 0.02sec
0006 and 0019: [157/299], H[32], 0.01sec
0001 and 0019: [18/57], H[8], 0.06sec
0002 and 0019: 76 matches, 0.10sec, #0
0002 and 0019: [31/76], H[7], 0.04sec
0008 and 0018: 403 matches, 0.20sec, #2
0008 and 0018: [229/403], H[91], 0.01sec
0007 and 0019: 381 matches, 0.23sec, #1
0003 and 0019: 96 matches, 0.10sec, #0
0007 and 0019: [226/381], H[18], 0.01sec
0003 and 0019: [44/96], H[10], 0.07sec
0009 and 0018: 712 matches, 0.17sec, #2
0009 and 0018: [443/712], H[76], 0.01sec
0014 and 0019: 900 matches, 0.10sec, #0
0014 and 0019: [711/900], H[123], 0.01sec
0008 and 0019: 343 matches, 0.20sec, #1
0008 and 0019: [176/343], H[101], 0.01sec
0010 and 0018: 1071 matches, 0.10sec, #2
0010 and 0018: [684/1071], H[78], 0.01sec
0015 and 0019: 733 matches, 0.16sec, #0
0015 and 0019: [640/733], H[90], 0.01sec
0016 and 0019: 691 matches, 0.09sec, #0
0009 and 0019: 631 matches, 0.18sec, #1
0016 and 0019: [584/691], H[41], 0.01sec
0009 and 0019: [377/631], H[39], 0.01sec
0011 and 0018: 1344 matches, 0.25sec, #2
0017 and 0019: 1381 matches, 0.10sec, #0
0011 and 0018: [942/1344], H[112], 0.01sec
0017 and 0019: [1031/1381], H[184], 0.01sec
0010 and 0019: 1165 matches, 0.11sec, #1
0010 and 0019: [713/1165], H[99], 0.01sec
0018 and 0019: 1185 matches, 0.11sec, #0
0018 and 0019: [1002/1185], H[221], 0.01sec
0005 and 0020: 519 matches, 0.18sec, #2
0011 and 0019: 973 matches, 0.18sec, #1
0005 and 0020: [322/519], H[76], 0.01sec
0011 and 0019: [602/973], H[41], 0.01sec
0000 and 0020: 113 matches, 0.11sec, #0
0000 and 0020: [42/113], H[11], 0.05sec
0001 and 0020: 123 matches, 0.11sec, #0
0006 and 0020: 574 matches, 0.19sec, #2
0012 and 0019: 801 matches, 0.19sec, #1
0001 and 0020: [51/123], H[19], 0.02sec
0006 and 0020: [364/574], H[222], 0.01sec
0012 and 0019: [583/801], H[109], 0.01sec
0002 and 0020: 139 matches, 0.13sec, #0
0002 and 0020: [75/139], H[34], 0.01sec
0007 and 0020: 843 matches, 0.20sec, #2
0013 and 0019: 628 matches, 0.20sec, #1
0007 and 0020: [548/843], H[88], 0.01sec
0013 and 0019: [392/628], H[79], 0.01sec
0003 and 0020: 203 matches, 0.11sec, #0
0003 and 0020: [127/203], H[57], 0.06sec
0008 and 0020: 821 matches, 0.18sec, #2
0015 and 0020: 488 matches, 0.17sec, #1
0004 and 0020: 292 matches, 0.12sec, #0
0008 and 0020: [564/821], H[241], 0.00sec
0015 and 0020: [363/488], H[37], 0.00sec
0004 and 0020: [194/292], H[80], 0.00sec
0005 and 0021: 280 matches, 0.12sec, #0
0005 and 0021: [163/280], H[37], 0.01sec
0016 and 0020: 456 matches, 0.23sec, #1
0009 and 0020: 1213 matches, 0.26sec, #2
0016 and 0020: [313/456], H[50], 0.00sec
0009 and 0020: [859/1213], H[398], 0.01sec
0006 and 0021: 341 matches, 0.11sec, #0
0006 and 0021: [170/341], H[42], 0.01sec
0007 and 0021: 473 matches, 0.11sec, #0
0007 and 0021: [266/473], H[38], 0.01sec
0017 and 0020: 1042 matches, 0.19sec, #1
0010 and 0020: 1068 matches, 0.22sec, #2
0017 and 0020: [777/1042], H[171], 0.01sec
0010 and 0020: [844/1068], H[156], 0.01sec
0008 and 0021: 553 matches, 0.11sec, #0
0008 and 0021: [301/553], H[76], 0.05sec
0009 and 0021: 734 matches, 0.12sec, #0
0009 and 0021: [446/734], H[69], 0.01sec
0011 and 0020: 984 matches, 0.23sec, #2
0018 and 0020: 917 matches, 0.24sec, #1
0011 and 0020: [739/984], H[212], 0.01sec
0010 and 0021: 815 matches, 0.11sec, #0
0018 and 0020: [579/917], H[76], 0.01sec
0010 and 0021: [440/815], H[80], 0.01sec
0011 and 0021: 701 matches, 0.11sec, #0
0011 and 0021: [392/701], H[97], 0.01sec
0012 and 0020: 665 matches, 0.22sec, #2
0019 and 0020: 1453 matches, 0.22sec, #1
0012 and 0020: [475/665], H[187], 0.01sec
0019 and 0020: [1287/1453], H[504], 0.01sec
0012 and 0021: 541 matches, 0.10sec, #0
0012 and 0021: [395/541], H[73], 0.01sec
0013 and 0021: 551 matches, 0.11sec, #0
0013 and 0021: [344/551], H[53], 0.04sec
0013 and 0020: 629 matches, 0.20sec, #2
0013 and 0020: [426/629], H[171], 0.01sec
0000 and 0021: 60 matches, 0.23sec, #1
0000 and 0021: [30/60], H[10], 0.01sec
0014 and 0021: 634 matches, 0.11sec, #0
0014 and 0021: [521/634], H[90], 0.01sec
0015 and 0021: 595 matches, 0.09sec, #0
0015 and 0021: [443/595], H[57], 0.01sec
0001 and 0021: 80 matches, 0.17sec, #1
0014 and 0020: 847 matches, 0.20sec, #2
0001 and 0021: [40/80], H[9], 0.01sec
0016 and 0021: 391 matches, 0.09sec, #0
0014 and 0020: [663/847], H[135], 0.01sec
0016 and 0021: [281/391], H[44], 0.00sec
0017 and 0021: 917 matches, 0.11sec, #0
0017 and 0021: [544/917], H[79], 0.01sec
0002 and 0021: 88 matches, 0.17sec, #1
0002 and 0021: [52/88], H[22], 0.01sec
0004 and 0022: 361 matches, 0.20sec, #2
0004 and 0022: [216/361], H[97], 0.01sec
0018 and 0021: 998 matches, 0.10sec, #0
0018 and 0021: [646/998], H[91], 0.01sec
0003 and 0021: 124 matches, 0.15sec, #1
0003 and 0021: [67/124], H[26], 0.01sec
0005 and 0022: 604 matches, 0.19sec, #2
0005 and 0022: [408/604], H[244], 0.00sec
0019 and 0021: 1470 matches, 0.26sec, #0
0019 and 0021: [1336/1470], H[664], 0.01sec
0004 and 0021: 183 matches, 0.20sec, #1
0006 and 0022: 576 matches, 0.19sec, #2
0004 and 0021: [102/183], H[51], 0.00sec
0006 and 0022: [363/576], H[126], 0.00sec
0020 and 0021: 2082 matches, 0.11sec, #0
0020 and 0021: [1844/2082], H[637], 0.02sec
0000 and 0022: 138 matches, 0.12sec, #0
0000 and 0022: [65/138], H[13], 0.02sec
0014 and 0022: 513 matches, 0.20sec, #1
0014 and 0022: [318/513], H[39], 0.01sec
0007 and 0022: 888 matches, 0.22sec, #2
0007 and 0022: [646/888], H[167], 0.01sec
0001 and 0022: 151 matches, 0.11sec, #0
0001 and 0022: [85/151], H[27], 0.01sec
0015 and 0022: 354 matches, 0.13sec, #1
0015 and 0022: [239/354], H[22], 0.01sec
0002 and 0022: 197 matches, 0.15sec, #0
0002 and 0022: [113/197], H[47], 0.01sec
0008 and 0022: 846 matches, 0.24sec, #2
0008 and 0022: [632/846], H[324], 0.01sec
0016 and 0022: 250 matches, 0.12sec, #1
0003 and 0022: 299 matches, 0.12sec, #0
0016 and 0022: [150/250], H[35], 0.01sec
0003 and 0022: [202/299], H[112], 0.00sec
0002 and 0023: 282 matches, 0.12sec, #0
0002 and 0023: [169/282], H[66], 0.01sec
0017 and 0022: 561 matches, 0.20sec, #1
0009 and 0022: 1044 matches, 0.25sec, #2
0003 and 0023: 402 matches, 0.12sec, #0
0017 and 0022: [348/561], H[37], 0.01sec
0009 and 0022: [802/1044], H[249], 0.01sec
0003 and 0023: [264/402], H[83], 0.00sec
0004 and 0023: 548 matches, 0.22sec, #0
0004 and 0023: [334/548], H[188], 0.01sec
0018 and 0022: 648 matches, 0.26sec, #1
0010 and 0022: 811 matches, 0.26sec, #2
0005 and 0023: 796 matches, 0.12sec, #0
0018 and 0022: [366/648], H[61], 0.01sec
0010 and 0022: [556/811], H[59], 0.01sec
0005 and 0023: [602/796], H[243], 0.00sec
0006 and 0023: 827 matches, 0.14sec, #0
0006 and 0023: [597/827], H[148], 0.02sec
0019 and 0022: 1033 matches, 0.21sec, #1
0019 and 0022: [790/1033], H[202], 0.01sec
0011 and 0022: 723 matches, 0.22sec, #2
0011 and 0022: [512/723], H[58], 0.01sec
0007 and 0023: 1098 matches, 0.12sec, #0
0007 and 0023: [798/1098], H[473], 0.01sec
0008 and 0023: 922 matches, 0.12sec, #0
0020 and 0022: 2668 matches, 0.20sec, #1
0008 and 0023: [661/922], H[297], 0.01sec
0020 and 0022: [2288/2668], H[773], 0.01sec
0012 and 0022: 398 matches, 0.18sec, #2
0012 and 0022: [297/398], H[36], 0.01sec
0009 and 0023: 1140 matches, 0.12sec, #0
0021 and 0022: 1840 matches, 0.11sec, #1
0009 and 0023: [775/1140], H[202], 0.01sec
0021 and 0022: [1536/1840], H[318], 0.01sec
0010 and 0023: 826 matches, 0.12sec, #0
0010 and 0023: [588/826], H[46], 0.01sec
0013 and 0022: 451 matches, 0.18sec, #2
0000 and 0023: 184 matches, 0.19sec, #1
0013 and 0022: [311/451], H[121], 0.00sec
0000 and 0023: [85/184], H[16], 0.01sec
0011 and 0023: 791 matches, 0.12sec, #0
0011 and 0023: [550/791], H[188], 0.01sec
0022 and 0023: 3348 matches, 0.14sec, #0
0022 and 0023: [3187/3348], H[819], 0.01sec
0001 and 0023: 206 matches, 0.20sec, #1
0012 and 0023: 455 matches, 0.21sec, #2
0012 and 0023: [297/455], H[50], 0.00sec
0001 and 0023: [97/206], H[35], 0.01sec
0000 and 0024: 274 matches, 0.12sec, #0
0000 and 0024: [158/274], H[46], 0.01sec
0001 and 0024: 299 matches, 0.11sec, #0
0013 and 0023: 429 matches, 0.14sec, #2
0001 and 0024: [178/299], H[63], 0.01sec
0013 and 0023: [261/429], H[138], 0.01sec
0002 and 0024: 469 matches, 0.11sec, #0
0002 and 0024: [307/469], H[68], 0.01sec
0009 and 0024: 836 matches, 0.30sec, #1
0014 and 0023: 512 matches, 0.16sec, #2
0009 and 0024: [588/836], H[54], 0.01sec
0014 and 0023: [293/512], H[152], 0.01sec
0003 and 0024: 572 matches, 0.12sec, #0
0003 and 0024: [415/572], H[192], 0.00sec
0004 and 0024: 745 matches, 0.13sec, #0
0004 and 0024: [519/745], H[209], 0.01sec
0010 and 0024: 639 matches, 0.21sec, #1
0015 and 0023: 319 matches, 0.22sec, #2
0010 and 0024: [464/639], H[119], 0.01sec
0015 and 0023: [180/319], H[68], 0.01sec
0005 and 0024: 919 matches, 0.12sec, #0
0005 and 0024: [601/919], H[365], 0.01sec
0006 and 0024: 908 matches, 0.12sec, #0
0006 and 0024: [638/908], H[226], 0.01sec
0011 and 0024: 644 matches, 0.19sec, #1
0011 and 0024: [432/644], H[102], 0.01sec
0016 and 0023: 276 matches, 0.20sec, #2
0007 and 0024: 1112 matches, 0.12sec, #0
0016 and 0023: [150/276], H[27], 0.01sec
0007 and 0024: [746/1112], H[404], 0.01sec
0012 and 0024: 364 matches, 0.20sec, #1
0012 and 0024: [255/364], H[173], 0.00sec
0008 and 0024: 807 matches, 0.12sec, #0
0008 and 0024: [513/807], H[252], 0.01sec
0017 and 0023: 604 matches, 0.15sec, #2
0017 and 0023: [359/604], H[18], 0.02sec
0013 and 0024: 289 matches, 0.13sec, #1
0013 and 0024: [177/289], H[66], 0.01sec
0019 and 0024: 501 matches, 0.11sec, #0
0019 and 0024: [377/501], H[35], 0.01sec
0020 and 0024: 1420 matches, 0.11sec, #0
0020 and 0024: [1150/1420], H[247], 0.01sec
0018 and 0023: 601 matches, 0.20sec, #2
0014 and 0024: 374 matches, 0.20sec, #1
0018 and 0023: [360/601], H[86], 0.01sec
0021 and 0024: 714 matches, 0.11sec, #0
0014 and 0024: [202/374], H[61], 0.01sec
0021 and 0024: [578/714], H[84], 0.01sec
0022 and 0024: 1856 matches, 0.13sec, #0
0022 and 0024: [1504/1856], H[435], 0.01sec
0019 and 0023: 878 matches, 0.18sec, #2
0019 and 0023: [684/878], H[78], 0.01sec
0015 and 0024: 224 matches, 0.19sec, #1
0015 and 0024: [126/224], H[31], 0.01sec
0023 and 0024: 2951 matches, 0.13sec, #0
0023 and 0024: [2478/2951], H[619], 0.02sec
0020 and 0023: 2498 matches, 0.16sec, #2
0020 and 0023: [2146/2498], H[511], 0.02sec
0016 and 0024: 202 matches, 0.10sec, #1
0000 and 0025: 248 matches, 0.12sec, #0
0016 and 0024: [108/202], H[40], 0.01sec
0000 and 0025: [142/248], H[48], 0.01sec
0001 and 0025: 275 matches, 0.12sec, #0
0001 and 0025: [158/275], H[48], 0.01sec
0021 and 0023: 1201 matches, 0.23sec, #2
0017 and 0024: 407 matches, 0.23sec, #1
0002 and 0025: 387 matches, 0.12sec, #0
0021 and 0023: [977/1201], H[208], 0.01sec
0017 and 0024: [238/407], H[67], 0.01sec
0002 and 0025: [261/387], H[51], 0.00sec
0003 and 0025: 522 matches, 0.13sec, #0
0003 and 0025: [377/522], H[229], 0.01sec
0018 and 0024: 413 matches, 0.26sec, #1
0005 and 0025: 938 matches, 0.27sec, #2
0018 and 0024: [215/413], H[27], 0.01sec
0005 and 0025: [599/938], H[220], 0.01sec
0004 and 0025: 694 matches, 0.12sec, #0
0004 and 0025: [495/694], H[244], 0.01sec
0000 and 0026: 287 matches, 0.12sec, #0
0000 and 0026: [174/287], H[72], 0.01sec
0015 and 0025: 216 matches, 0.26sec, #1
0006 and 0025: 930 matches, 0.26sec, #2
0015 and 0025: [121/216], H[30], 0.01sec
0006 and 0025: [658/930], H[258], 0.01sec
0001 and 0026: 299 matches, 0.12sec, #0
0001 and 0026: [193/299], H[46], 0.01sec
0002 and 0026: 479 matches, 0.11sec, #0
0002 and 0026: [326/479], H[104], 0.01sec
0016 and 0025: 208 matches, 0.22sec, #1
0016 and 0025: [118/208], H[10], 0.01sec
0007 and 0025: 1161 matches, 0.25sec, #2
0003 and 0026: 603 matches, 0.12sec, #0
0003 and 0026: [432/603], H[263], 0.01sec
0007 and 0025: [821/1161], H[289], 0.01sec
0017 and 0025: 498 matches, 0.16sec, #1
0017 and 0025: [303/498], H[62], 0.01sec
0004 and 0026: 752 matches, 0.12sec, #0
0004 and 0026: [526/752], H[202], 0.01sec
0005 and 0026: 954 matches, 0.13sec, #0
0008 and 0025: 886 matches, 0.34sec, #2
0005 and 0026: [692/954], H[433], 0.01sec
0008 and 0025: [581/886], H[335], 0.01sec
0018 and 0025: 445 matches, 0.22sec, #1
0018 and 0025: [259/445], H[137], 0.01sec
0006 and 0026: 1006 matches, 0.12sec, #0
0006 and 0026: [688/1006], H[370], 0.01sec
0009 and 0025: 928 matches, 0.21sec, #2
0019 and 0025: 594 matches, 0.14sec, #1
0009 and 0025: [644/928], H[314], 0.01sec
0007 and 0026: 1097 matches, 0.12sec, #0
0019 and 0025: [452/594], H[35], 0.01sec
0007 and 0026: [725/1097], H[331], 0.01sec
0008 and 0026: 760 matches, 0.12sec, #0
0008 and 0026: [540/760], H[153], 0.01sec
0010 and 0025: 730 matches, 0.23sec, #2
0020 and 0025: 1721 matches, 0.26sec, #1
0009 and 0026: 813 matches, 0.12sec, #0
0010 and 0025: [508/730], H[57], 0.01sec
0020 and 0025: [1322/1721], H[232], 0.01sec
0009 and 0026: [534/813], H[184], 0.01sec
0010 and 0026: 663 matches, 0.13sec, #0
0010 and 0026: [427/663], H[183], 0.01sec
0011 and 0025: 740 matches, 0.19sec, #2
0021 and 0025: 843 matches, 0.21sec, #1
0011 and 0025: [516/740], H[178], 0.01sec
0021 and 0025: [666/843], H[67], 0.00sec
0011 and 0026: 620 matches, 0.12sec, #0
0011 and 0026: [443/620], H[196], 0.01sec
0012 and 0026: 331 matches, 0.12sec, #0
0012 and 0026: [219/331], H[118], 0.01sec
0012 and 0025: 378 matches, 0.22sec, #2
0022 and 0025: 2243 matches, 0.25sec, #1
0012 and 0025: [249/378], H[120], 0.00sec
0013 and 0026: 283 matches, 0.11sec, #0
0022 and 0025: [1869/2243], H[297], 0.01sec
0013 and 0026: [174/283], H[50], 0.00sec
0014 and 0026: 356 matches, 0.12sec, #0
0014 and 0026: [210/356], H[95], 0.01sec
0013 and 0025: 332 matches, 0.21sec, #2
0023 and 0025: 3459 matches, 0.22sec, #1
0013 and 0025: [192/332], H[48], 0.01sec
0015 and 0026: 206 matches, 0.10sec, #0
0023 and 0025: [3082/3459], H[1653], 0.01sec
0015 and 0026: [111/206], H[16], 0.08sec
0016 and 0026: 184 matches, 0.10sec, #0
0014 and 0025: 412 matches, 0.20sec, #2
0016 and 0026: [103/184], H[24], 0.01sec
0014 and 0025: [248/412], H[126], 0.01sec
0017 and 0026: 391 matches, 0.11sec, #0
0024 and 0025: 4409 matches, 0.33sec, #1
0017 and 0026: [208/391], H[78], 0.01sec
0024 and 0025: [4289/4409], H[2269], 0.03sec
0020 and 0026: 1388 matches, 0.15sec, #2
0020 and 0026: [1045/1388], H[210], 0.01sec
0018 and 0026: 367 matches, 0.11sec, #0
0018 and 0026: [200/367], H[37], 0.01sec
0019 and 0026: 478 matches, 0.11sec, #0
0019 and 0026: [339/478], H[41], 0.01sec
0004 and 0027: 710 matches, 0.22sec, #1
0021 and 0026: 700 matches, 0.21sec, #2
0004 and 0027: [440/710], H[71], 0.01sec
0014 and 0027: 240 matches, 0.12sec, #0
0021 and 0026: [579/700], H[94], 0.00sec
0014 and 0027: [129/240], H[23], 0.01sec
0015 and 0027: 153 matches, 0.11sec, #0
0015 and 0027: [78/153], H[25], 0.03sec
0022 and 0026: 1718 matches, 0.24sec, #2
0005 and 0027: 826 matches, 0.26sec, #1
0022 and 0026: [1368/1718], H[291], 0.01sec
0016 and 0027: 152 matches, 0.10sec, #0
0005 and 0027: [594/826], H[127], 0.01sec
0016 and 0027: [75/152], H[20], 0.01sec
0017 and 0027: 284 matches, 0.12sec, #0
0017 and 0027: [143/284], H[33], 0.02sec
0023 and 0026: 2755 matches, 0.21sec, #2
0006 and 0027: 974 matches, 0.23sec, #1
0018 and 0027: 239 matches, 0.12sec, #0
0006 and 0027: [673/974], H[374], 0.01sec
0023 and 0026: [2198/2755], H[489], 0.02sec
0018 and 0027: [123/239], H[23], 0.01sec
0019 and 0027: 357 matches, 0.11sec, #0
0019 and 0027: [253/357], H[44], 0.00sec
0020 and 0027: 805 matches, 0.13sec, #0
0020 and 0027: [622/805], H[143], 0.01sec
0007 and 0027: 810 matches, 0.35sec, #1
0024 and 0026: 4646 matches, 0.34sec, #2
0007 and 0027: [541/810], H[120], 0.01sec
0021 and 0027: 414 matches, 0.11sec, #0
0021 and 0027: [287/414], H[44], 0.01sec
0024 and 0026: [4499/4646], H[4139], 0.10sec
0022 and 0027: 1003 matches, 0.12sec, #0
0022 and 0027: [820/1003], H[115], 0.01sec
0008 and 0027: 526 matches, 0.20sec, #1
0008 and 0027: [357/526], H[136], 0.01sec
0025 and 0026: 4142 matches, 0.12sec, #2
0025 and 0026: [3943/4142], H[2162], 0.03sec
0023 and 0027: 1635 matches, 0.17sec, #0
0023 and 0027: [1279/1635], H[155], 0.01sec
0009 and 0027: 562 matches, 0.20sec, #1
0000 and 0027: 315 matches, 0.17sec, #2
0009 and 0027: [377/562], H[207], 0.01sec
0000 and 0027: [210/315], H[106], 0.00sec
0024 and 0027: 2813 matches, 0.12sec, #0
0024 and 0027: [2563/2813], H[596], 0.02sec
0025 and 0027: 2411 matches, 0.12sec, #0
0025 and 0027: [2075/2411], H[552], 0.02sec
0010 and 0027: 493 matches, 0.21sec, #1
0001 and 0027: 360 matches, 0.22sec, #2
0010 and 0027: [312/493], H[106], 0.00sec
0001 and 0027: [250/360], H[95], 0.00sec
0026 and 0027: 3015 matches, 0.12sec, #0
0026 and 0027: [2605/3015], H[521], 0.07sec
0000 and 0028: 220 matches, 0.13sec, #0
0000 and 0028: [144/220], H[75], 0.00sec
0002 and 0027: 502 matches, 0.23sec, #2
0011 and 0027: 450 matches, 0.24sec, #1
0002 and 0027: [318/502], H[113], 0.01sec
0011 and 0027: [298/450], H[67], 0.00sec
0001 and 0028: 249 matches, 0.11sec, #0
0001 and 0028: [169/249], H[64], 0.01sec
0002 and 0028: 353 matches, 0.12sec, #0
0002 and 0028: [251/353], H[122], 0.01sec
0003 and 0027: 696 matches, 0.20sec, #2
0012 and 0027: 265 matches, 0.21sec, #1
0003 and 0028: 534 matches, 0.11sec, #0
0003 and 0027: [517/696], H[172], 0.00sec
0012 and 0027: [151/265], H[48], 0.01sec
0003 and 0028: [369/534], H[187], 0.00sec
0004 and 0028: 583 matches, 0.13sec, #0
0004 and 0028: [377/583], H[41], 0.01sec
0013 and 0027: 172 matches, 0.22sec, #1
0007 and 0028: 670 matches, 0.23sec, #2
0013 and 0027: [97/172], H[32], 0.01sec
0007 and 0028: [464/670], H[102], 0.00sec
0005 and 0028: 692 matches, 0.12sec, #0
0005 and 0028: [422/692], H[40], 0.01sec
0006 and 0028: 714 matches, 0.12sec, #0
0006 and 0028: [507/714], H[269], 0.02sec
0017 and 0028: 242 matches, 0.18sec, #1
0017 and 0028: [136/242], H[53], 0.01sec
0008 and 0028: 450 matches, 0.22sec, #2
0008 and 0028: [309/450], H[79], 0.01sec
0027 and 0028: 2614 matches, 0.12sec, #0
0027 and 0028: [2400/2614], H[810], 0.02sec
0018 and 0028: 243 matches, 0.17sec, #1
0000 and 0029: 317 matches, 0.12sec, #0
0000 and 0029: [205/317], H[52], 0.01sec
0018 and 0028: [132/243], H[45], 0.02sec
0009 and 0028: 471 matches, 0.25sec, #2
0009 and 0028: [287/471], H[93], 0.01sec
0001 and 0029: 396 matches, 0.12sec, #0
0001 and 0029: [281/396], H[80], 0.01sec
0019 and 0028: 379 matches, 0.13sec, #1
0019 and 0028: [285/379], H[63], 0.01sec
0002 and 0029: 610 matches, 0.12sec, #0
0002 and 0029: [452/610], H[250], 0.01sec
0010 and 0028: 478 matches, 0.21sec, #2
0020 and 0028: 687 matches, 0.14sec, #1
0003 and 0029: 897 matches, 0.12sec, #0
0010 and 0028: [334/478], H[167], 0.00sec
0020 and 0028: [532/687], H[53], 0.00sec
0003 and 0029: [682/897], H[224], 0.00sec
0004 and 0029: 850 matches, 0.14sec, #0
0004 and 0029: [584/850], H[191], 0.01sec
0011 and 0028: 480 matches, 0.19sec, #2
0011 and 0028: [319/480], H[84], 0.00sec
0021 and 0028: 394 matches, 0.21sec, #1
0021 and 0028: [289/394], H[18], 0.00sec
0005 and 0029: 834 matches, 0.17sec, #0
0005 and 0029: [657/834], H[68], 0.01sec
0012 and 0028: 280 matches, 0.17sec, #2
0022 and 0028: 899 matches, 0.19sec, #1
0006 and 0029: 793 matches, 0.12sec, #0
0012 and 0028: [187/280], H[94], 0.00sec
0022 and 0028: [668/899], H[75], 0.01sec
0006 and 0029: [618/793], H[113], 0.00sec
0007 and 0029: 571 matches, 0.13sec, #0
0007 and 0029: [411/571], H[124], 0.01sec
0013 and 0028: 230 matches, 0.18sec, #2
0013 and 0028: [148/230], H[47], 0.01sec
0023 and 0028: 1409 matches, 0.22sec, #1
0008 and 0029: 462 matches, 0.12sec, #0
0023 and 0028: [1103/1409], H[147], 0.01sec
0008 and 0029: [298/462], H[79], 0.01sec
0014 and 0028: 242 matches, 0.17sec, #2
0014 and 0028: [158/242], H[37], 0.01sec
0009 and 0029: 317 matches, 0.12sec, #0
0009 and 0029: [205/317], H[87], 0.01sec
0024 and 0028: 2467 matches, 0.20sec, #1
0024 and 0028: [2322/2467], H[794], 0.03sec
0015 and 0028: 208 matches, 0.11sec, #2
0010 and 0029: 350 matches, 0.12sec, #0
0015 and 0028: [120/208], H[38], 0.01sec
0010 and 0029: [226/350], H[91], 0.01sec
0011 and 0029: 261 matches, 0.14sec, #0
0011 and 0029: [178/261], H[81], 0.00sec
0025 and 0028: 2146 matches, 0.21sec, #1
0016 and 0028: 186 matches, 0.18sec, #2
0025 and 0028: [1982/2146], H[223], 0.01sec
0016 and 0028: [104/186], H[42], 0.01sec
0012 and 0029: 194 matches, 0.11sec, #0
0012 and 0029: [122/194], H[45], 0.01sec
0013 and 0029: 132 matches, 0.12sec, #0
0013 and 0029: [74/132], H[31], 0.01sec
0026 and 0028: 2536 matches, 0.21sec, #1
0019 and 0029: 244 matches, 0.21sec, #2
0026 and 0028: [2202/2536], H[934], 0.01sec
0019 and 0029: [139/244], H[35], 0.01sec
0014 and 0029: 150 matches, 0.11sec, #0
0014 and 0029: [81/150], H[18], 0.01sec
0015 and 0029: 126 matches, 0.11sec, #0
0015 and 0029: [60/126], H[10], 0.04sec
0000 and 0030: 450 matches, 0.20sec, #1
0000 and 0030: [304/450], H[106], 0.00sec
0020 and 0029: 325 matches, 0.20sec, #2
0020 and 0029: [212/325], H[58], 0.00sec
0016 and 0029: 96 matches, 0.11sec, #0
0016 and 0029: [53/96], H[27], 0.01sec
0001 and 0030: 703 matches, 0.19sec, #1
0021 and 0029: 241 matches, 0.10sec, #2
0001 and 0030: [512/703], H[225], 0.00sec
0021 and 0029: [138/241], H[34], 0.01sec
0017 and 0029: 126 matches, 0.11sec, #0
0017 and 0029: [59/126], H[8], 0.01sec
0018 and 0029: 135 matches, 0.11sec, #0
0018 and 0029: [64/135], H[10], 0.02sec
0002 and 0030: 947 matches, 0.18sec, #1
0002 and 0030: [707/947], H[108], 0.01sec
0010 and 0030: 235 matches, 0.12sec, #0
0022 and 0029: 476 matches, 0.29sec, #2
0010 and 0030: [158/235], H[54], 0.00sec
0022 and 0029: [320/476], H[98], 0.01sec
0003 and 0030: 915 matches, 0.12sec, #1
0003 and 0030: [779/915], H[332], 0.01sec
0023 and 0029: 588 matches, 0.14sec, #2
0023 and 0029: [408/588], H[59], 0.01sec
0011 and 0030: 229 matches, 0.14sec, #0
0011 and 0030: [145/229], H[79], 0.01sec
0004 and 0030: 839 matches, 0.21sec, #1
0004 and 0030: [653/839], H[166], 0.01sec
0012 and 0030: 154 matches, 0.12sec, #0
0012 and 0030: [86/154], H[37], 0.01sec
0024 and 0029: 973 matches, 0.26sec, #2
0024 and 0029: [835/973], H[80], 0.01sec
0005 and 0030: 646 matches, 0.14sec, #1
0005 and 0030: [512/646], H[82], 0.01sec
0013 and 0030: 134 matches, 0.12sec, #0
0013 and 0030: [70/134], H[20], 0.01sec
0014 and 0030: 141 matches, 0.12sec, #0
0014 and 0030: [75/141], H[9], 0.01sec
0025 and 0029: 873 matches, 0.22sec, #2
0025 and 0029: [737/873], H[83], 0.01sec
0006 and 0030: 482 matches, 0.22sec, #1
0006 and 0030: [362/482], H[53], 0.00sec
0015 and 0030: 103 matches, 0.11sec, #0
0015 and 0030: [49/103], H[21], 0.06sec
0016 and 0030: 83 matches, 0.11sec, #0
0026 and 0029: 1073 matches, 0.21sec, #2
0016 and 0030: [41/83], H[11], 0.01sec
0026 and 0029: [908/1073], H[75], 0.01sec
0007 and 0030: 471 matches, 0.27sec, #1
0017 and 0030: 119 matches, 0.13sec, #0
0007 and 0030: [345/471], H[83], 0.01sec
0017 and 0030: [60/119], H[22], 0.03sec
0027 and 0029: 1822 matches, 0.23sec, #2
0027 and 0029: [1469/1822], H[339], 0.02sec
0018 and 0030: 129 matches, 0.11sec, #0
0018 and 0030: [56/129], H[20], 0.07sec
0008 and 0030: 323 matches, 0.24sec, #1
0008 and 0030: [225/323], H[69], 0.00sec
0028 and 0029: 1141 matches, 0.14sec, #2
0028 and 0029: [974/1141], H[158], 0.01sec
0019 and 0030: 122 matches, 0.17sec, #0
0019 and 0030: [61/122], H[13], 0.04sec
0009 and 0030: 277 matches, 0.19sec, #1
0009 and 0030: [181/277], H[62], 0.01sec
0020 and 0030: 268 matches, 0.21sec, #2
0020 and 0030: [187/268], H[57], 0.00sec
0000 and 0031: 796 matches, 0.13sec, #0
0000 and 0031: [549/796], H[249], 0.01sec
0001 and 0031: 1175 matches, 0.11sec, #0
0001 and 0031: [1011/1175], H[479], 0.03sec
0010 and 0031: 271 matches, 0.22sec, #1
0021 and 0030: 153 matches, 0.20sec, #2
0010 and 0031: [153/271], H[43], 0.01sec
0021 and 0030: [92/153], H[42], 0.01sec
0002 and 0031: 1471 matches, 0.12sec, #0
0002 and 0031: [1352/1471], H[424], 0.01sec
0003 and 0031: 1678 matches, 0.11sec, #0
0003 and 0031: [1460/1678], H[457], 0.01sec
0011 and 0031: 231 matches, 0.20sec, #1
0022 and 0030: 340 matches, 0.21sec, #2
0011 and 0031: [122/231], H[33], 0.01sec
0004 and 0031: 1622 matches, 0.12sec, #0
0022 and 0030: [256/340], H[66], 0.00sec
0004 and 0031: [1187/1622], H[246], 0.01sec
0005 and 0031: 1342 matches, 0.12sec, #0
0012 and 0031: 155 matches, 0.17sec, #1
0005 and 0031: [944/1342], H[407], 0.03sec
0012 and 0031: [72/155], H[17], 0.02sec
0023 and 0030: 477 matches, 0.22sec, #2
0023 and 0030: [352/477], H[196], 0.01sec
0006 and 0031: 1029 matches, 0.12sec, #0
0006 and 0031: [760/1029], H[90], 0.01sec
0013 and 0031: 139 matches, 0.22sec, #1
0007 and 0031: 724 matches, 0.12sec, #0
0007 and 0031: [497/724], H[176], 0.01sec
0013 and 0031: [60/139], H[7], 0.03sec
0024 and 0030: 787 matches, 0.16sec, #2
0014 and 0031: 135 matches, 0.11sec, #1
0024 and 0030: [657/787], H[108], 0.01sec
0008 and 0031: 524 matches, 0.14sec, #0
0008 and 0031: [357/524], H[146], 0.01sec
0014 and 0031: [58/135], H[12], 0.03sec
0025 and 0030: 679 matches, 0.13sec, #2
0009 and 0031: 423 matches, 0.12sec, #0
0025 and 0030: [547/679], H[165], 0.01sec
0009 and 0031: [253/423], H[27], 0.01sec
0020 and 0031: 252 matches, 0.12sec, #0
0020 and 0031: [154/252], H[32], 0.01sec
0015 and 0031: 94 matches, 0.20sec, #1
0026 and 0030: 866 matches, 0.19sec, #2
0026 and 0030: [701/866], H[87], 0.01sec
0021 and 0031: 164 matches, 0.11sec, #0
0021 and 0031: [96/164], H[13], 0.01sec
0015 and 0031: [37/94], H[6], 0.11sec
0022 and 0031: 346 matches, 0.13sec, #0
0022 and 0031: [249/346], H[81], 0.00sec
0027 and 0030: 1251 matches, 0.16sec, #2
0027 and 0030: [982/1251], H[126], 0.01sec
0016 and 0031: 69 matches, 0.11sec, #1
0023 and 0031: 477 matches, 0.12sec, #0
0016 and 0031: [31/69], H[11], 0.02sec
0023 and 0031: [328/477], H[200], 0.01sec
0024 and 0031: 704 matches, 0.12sec, #0
0024 and 0031: [510/704], H[133], 0.01sec
0028 and 0030: 1402 matches, 0.20sec, #2
0017 and 0031: 142 matches, 0.19sec, #1
0028 and 0030: [1207/1402], H[120], 0.01sec
0025 and 0031: 566 matches, 0.12sec, #0
0025 and 0031: [364/566], H[98], 0.01sec
0017 and 0031: [53/142], H[12], 0.04sec
0029 and 0030: 1593 matches, 0.11sec, #2
0029 and 0030: [1460/1593], H[648], 0.01sec
0026 and 0031: 762 matches, 0.12sec, #0
0026 and 0031: [569/762], H[174], 0.01sec
0018 and 0031: 119 matches, 0.19sec, #1
0027 and 0031: 1112 matches, 0.12sec, #0
0018 and 0031: [56/119], H[11], 0.02sec
0027 and 0031: [859/1112], H[325], 0.01sec
0030 and 0031: 1757 matches, 0.28sec, #2
0019 and 0031: 132 matches, 0.12sec, #1
0030 and 0031: [1449/1757], H[489], 0.01sec
0028 and 0031: 644 matches, 0.13sec, #0
0019 and 0031: [61/132], H[24], 0.01sec
0028 and 0031: [440/644], H[74], 0.01sec
0029 and 0031: 1518 matches, 0.12sec, #0
0029 and 0031: [1115/1518], H[175], 0.04sec
0000 and 0032: 1175 matches, 0.23sec, #2
0009 and 0032: 329 matches, 0.23sec, #1
0019 and 0032: 116 matches, 0.11sec, #0
0000 and 0032: [830/1175], H[169], 0.01sec
0009 and 0032: [187/329], H[25], 0.01sec
0019 and 0032: [45/116], H[9], 0.03sec
0020 and 0032: 198 matches, 0.12sec, #0
0020 and 0032: [116/198], H[40], 0.01sec
0001 and 0032: 1535 matches, 0.18sec, #2
0010 and 0032: 201 matches, 0.21sec, #1
0001 and 0032: [1311/1535], H[546], 0.01sec
0021 and 0032: 139 matches, 0.11sec, #0
0010 and 0032: [98/201], H[27], 0.01sec
0021 and 0032: [85/139], H[24], 0.01sec
0022 and 0032: 267 matches, 0.13sec, #0
0022 and 0032: [182/267], H[64], 0.01sec
0002 and 0032: 1796 matches, 0.20sec, #2
0011 and 0032: 205 matches, 0.22sec, #1
0002 and 0032: [1648/1796], H[763], 0.01sec
0011 and 0032: [107/205], H[14], 0.01sec
0023 and 0032: 335 matches, 0.12sec, #0
0023 and 0032: [209/335], H[91], 0.06sec
0003 and 0032: 1680 matches, 0.19sec, #2
0024 and 0032: 514 matches, 0.13sec, #0
0003 and 0032: [1387/1680], H[299], 0.01sec
0024 and 0032: [345/514], H[128], 0.01sec
0012 and 0032: 140 matches, 0.32sec, #1
0025 and 0032: 439 matches, 0.12sec, #0
0012 and 0032: [57/140], H[17], 0.02sec
0025 and 0032: [282/439], H[32], 0.01sec
0004 and 0032: 1609 matches, 0.22sec, #2
0013 and 0032: 110 matches, 0.10sec, #1
0004 and 0032: [1245/1609], H[509], 0.01sec
0026 and 0032: 532 matches, 0.13sec, #0
0013 and 0032: [58/110], H[15], 0.01sec
0026 and 0032: [329/532], H[140], 0.01sec
0027 and 0032: 656 matches, 0.13sec, #0
0027 and 0032: [455/656], H[65], 0.01sec
0014 and 0032: 133 matches, 0.25sec, #1
0005 and 0032: 1164 matches, 0.26sec, #2
0005 and 0032: [851/1164], H[156], 0.01sec
0028 and 0032: 425 matches, 0.12sec, #0
0028 and 0032: [315/425], H[59], 0.01sec
0014 and 0032: [44/133], H[9], 0.08sec
0029 and 0032: 1047 matches, 0.12sec, #0
0029 and 0032: [741/1047], H[106], 0.01sec
0006 and 0032: 754 matches, 0.16sec, #2
0006 and 0032: [517/754], H[165], 0.01sec
0015 and 0032: 81 matches, 0.17sec, #1
0030 and 0032: 1145 matches, 0.16sec, #0
0030 and 0032: [802/1145], H[296], 0.01sec
0007 and 0032: 584 matches, 0.17sec, #2
0015 and 0032: [23/81], H[6], 0.07sec
0031 and 0032: 3284 matches, 0.12sec, #0
0007 and 0032: [365/584], H[133], 0.01sec
0031 and 0032: [2981/3284], H[1829], 0.03sec
0000 and 0033: 1055 matches, 0.11sec, #0
0000 and 0033: [740/1055], H[116], 0.01sec
0016 and 0032: 68 matches, 0.21sec, #1
0008 and 0032: 452 matches, 0.21sec, #2
0008 and 0032: [307/452], H[98], 0.00sec
0001 and 0033: 1221 matches, 0.10sec, #0
0001 and 0033: [1050/1221], H[317], 0.01sec
0016 and 0032: [23/68], H[5], 0.07sec
0002 and 0033: 1408 matches, 0.16sec, #0
0007 and 0033: 374 matches, 0.19sec, #2
0002 and 0033: [1233/1408], H[538], 0.01sec
0007 and 0033: [258/374], H[132], 0.00sec
0017 and 0032: 129 matches, 0.15sec, #1
0008 and 0033: 285 matches, 0.12sec, #2
0003 and 0033: 1250 matches, 0.13sec, #0
0008 and 0033: [185/285], H[91], 0.00sec
0003 and 0033: [1048/1250], H[311], 0.01sec
0017 and 0032: [37/129], H[14], 0.13sec
0009 and 0033: 195 matches, 0.12sec, #2
0004 and 0033: 922 matches, 0.13sec, #0
0009 and 0033: [131/195], H[44], 0.01sec
0004 and 0033: [696/922], H[165], 0.01sec
0005 and 0033: 619 matches, 0.11sec, #0
0005 and 0033: [450/619], H[114], 0.01sec
0018 and 0032: 112 matches, 0.19sec, #1
0010 and 0033: 212 matches, 0.16sec, #2
0018 and 0032: [36/112], H[9], 0.04sec
0010 and 0033: [113/212], H[39], 0.01sec
0006 and 0033: 599 matches, 0.11sec, #0
0006 and 0033: [426/599], H[86], 0.01sec
0027 and 0033: 719 matches, 0.12sec, #0
0027 and 0033: [503/719], H[362], 0.01sec
0017 and 0033: 84 matches, 0.18sec, #1
0011 and 0033: 162 matches, 0.20sec, #2
0017 and 0033: [36/84], H[6], 0.04sec
0011 and 0033: [83/162], H[31], 0.01sec
0028 and 0033: 436 matches, 0.11sec, #0
0028 and 0033: [300/436], H[77], 0.01sec
0018 and 0033: 86 matches, 0.15sec, #1
0012 and 0033: 125 matches, 0.16sec, #2
0029 and 0033: 889 matches, 0.12sec, #0
0029 and 0033: [634/889], H[280], 0.01sec
0012 and 0033: [57/125], H[23], 0.01sec
0018 and 0033: [28/86], H[6], 0.11sec
0030 and 0033: 1072 matches, 0.13sec, #0
0030 and 0033: [773/1072], H[210], 0.01sec
0013 and 0033: 94 matches, 0.16sec, #2
0019 and 0033: 87 matches, 0.12sec, #1
0013 and 0033: [40/94], H[17], 0.06sec
0019 and 0033: [40/87], H[19], 0.01sec
0031 and 0033: 1652 matches, 0.11sec, #0
0031 and 0033: [1372/1652], H[377], 0.01sec
0032 and 0033: 2316 matches, 0.11sec, #0
0032 and 0033: [2060/2316], H[1037], 0.02sec
0014 and 0033: 98 matches, 0.20sec, #2
0020 and 0033: 139 matches, 0.20sec, #1
0014 and 0033: [37/98], H[12], 0.03sec
0020 and 0033: [82/139], H[10], 0.00sec
0000 and 0034: 1847 matches, 0.11sec, #0
0000 and 0034: [1408/1847], H[260], 0.01sec
0001 and 0034: 1813 matches, 0.11sec, #0
0015 and 0033: 60 matches, 0.16sec, #2
0001 and 0034: [1566/1813], H[528], 0.01sec
0015 and 0033: [26/60], H[15], 0.01sec
0021 and 0033: 96 matches, 0.16sec, #1
0016 and 0033: 62 matches, 0.09sec, #2
0021 and 0033: [54/96], H[20], 0.01sec
0002 and 0034: 2017 matches, 0.13sec, #0
0002 and 0034: [1620/2017], H[400], 0.01sec
0016 and 0033: [23/62], H[8], 0.11sec
0022 and 0033: 167 matches, 0.11sec, #1
0003 and 0034: 1353 matches, 0.11sec, #0
0022 and 0033: [111/167], H[60], 0.00sec
0003 and 0034: [1089/1353], H[186], 0.01sec
0014 and 0034: 107 matches, 0.11sec, #0
0004 and 0034: 1259 matches, 0.21sec, #2
0004 and 0034: [949/1259], H[184], 0.01sec
0014 and 0034: [32/107], H[17], 0.08sec
0023 and 0033: 236 matches, 0.27sec, #1
0023 and 0033: [168/236], H[48], 0.00sec
0005 and 0034: 726 matches, 0.13sec, #2
0005 and 0034: [500/726], H[176], 0.01sec
0015 and 0034: 60 matches, 0.17sec, #0
0024 and 0033: 385 matches, 0.17sec, #1
0024 and 0033: [238/385], H[142], 0.01sec
0015 and 0034: [19/60], H[7], 0.12sec
0006 and 0034: 464 matches, 0.19sec, #2
0006 and 0034: [302/464], H[42], 0.01sec
0016 and 0034: 50 matches, 0.09sec, #0
0025 and 0033: 342 matches, 0.14sec, #1
0025 and 0033: [217/342], H[73], 0.01sec
0016 and 0034: [15/50], H[5], 0.11sec
0007 and 0034: 445 matches, 0.18sec, #2
0026 and 0033: 435 matches, 0.18sec, #1
0007 and 0034: [282/445], H[124], 0.01sec
0017 and 0034: 113 matches, 0.11sec, #0
0026 and 0033: [277/435], H[123], 0.00sec
0017 and 0034: [28/113], H[6], 0.09sec
0018 and 0034: 110 matches, 0.11sec, #0
0008 and 0034: 313 matches, 0.24sec, #2
0024 and 0034: 381 matches, 0.23sec, #1
0018 and 0034: [36/110], H[14], 0.06sec
0008 and 0034: [189/313], H[78], 0.01sec
0024 and 0034: [247/381], H[76], 0.01sec
0019 and 0034: 94 matches, 0.14sec, #0
0009 and 0034: 248 matches, 0.19sec, #2
0009 and 0034: [142/248], H[31], 0.01sec
0019 and 0034: [32/94], H[5], 0.07sec
0025 and 0034: 315 matches, 0.23sec, #1
0025 and 0034: [193/315], H[40], 0.01sec
0020 and 0034: 155 matches, 0.11sec, #0
0020 and 0034: [68/155], H[20], 0.02sec
0010 and 0034: 181 matches, 0.21sec, #2
0026 and 0034: 389 matches, 0.11sec, #1
0026 and 0034: [255/389], H[33], 0.00sec
0010 and 0034: [82/181], H[17], 0.02sec
0021 and 0034: 100 matches, 0.11sec, #0
0021 and 0034: [56/100], H[21], 0.01sec
0022 and 0034: 185 matches, 0.11sec, #0
0022 and 0034: [112/185], H[18], 0.01sec
0027 and 0034: 445 matches, 0.21sec, #1
0011 and 0034: 169 matches, 0.21sec, #2
0027 and 0034: [259/445], H[49], 0.01sec
0023 and 0034: 241 matches, 0.11sec, #0
0011 and 0034: [83/169], H[13], 0.01sec
0023 and 0034: [134/241], H[74], 0.01sec
0000 and 0035: 1889 matches, 0.15sec, #0
0000 and 0035: [1369/1889], H[496], 0.01sec
0028 and 0034: 299 matches, 0.20sec, #1
0028 and 0034: [197/299], H[35], 0.00sec
0012 and 0034: 111 matches, 0.21sec, #2
0001 and 0035: 1856 matches, 0.10sec, #0
0001 and 0035: [1636/1856], H[446], 0.01sec
0012 and 0034: [45/111], H[18], 0.03sec
0002 and 0035: 1956 matches, 0.11sec, #0
0002 and 0035: [1518/1956], H[571], 0.02sec
0029 and 0034: 602 matches, 0.22sec, #1
0029 and 0034: [397/602], H[133], 0.01sec
0013 and 0034: 103 matches, 0.17sec, #2
0003 and 0035: 1343 matches, 0.17sec, #0
0013 and 0034: [37/103], H[13], 0.07sec
0003 and 0035: [976/1343], H[341], 0.01sec
0030 and 0034: 688 matches, 0.20sec, #1
0030 and 0034: [464/688], H[48], 0.01sec
0004 and 0035: 1216 matches, 0.13sec, #0
0004 and 0035: [929/1216], H[109], 0.01sec
0010 and 0035: 167 matches, 0.22sec, #2
0010 and 0035: [74/167], H[11], 0.02sec
0031 and 0034: 1815 matches, 0.13sec, #1
0031 and 0034: [1495/1815], H[283], 0.01sec
0005 and 0035: 776 matches, 0.23sec, #0
0005 and 0035: [513/776], H[146], 0.01sec
0011 and 0035: 169 matches, 0.18sec, #2
0032 and 0034: 2855 matches, 0.16sec, #1
0011 and 0035: [84/169], H[17], 0.01sec
0006 and 0035: 513 matches, 0.11sec, #0
0006 and 0035: [300/513], H[64], 0.01sec
0032 and 0034: [2608/2855], H[645], 0.02sec
0007 and 0035: 410 matches, 0.12sec, #0
0007 and 0035: [252/410], H[50], 0.01sec
0012 and 0035: 108 matches, 0.17sec, #2
0012 and 0035: [46/108], H[17], 0.03sec
0033 and 0034: 2247 matches, 0.18sec, #1
0008 and 0035: 286 matches, 0.11sec, #0
0033 and 0034: [2161/2247], H[885], 0.02sec
0008 and 0035: [164/286], H[45], 0.01sec
0009 and 0035: 254 matches, 0.11sec, #0
0013 and 0035: 111 matches, 0.17sec, #2
0009 and 0035: [132/254], H[47], 0.02sec
0020 and 0035: 141 matches, 0.18sec, #1
0013 and 0035: [42/111], H[14], 0.04sec
0020 and 0035: [73/141], H[28], 0.01sec
0030 and 0035: 672 matches, 0.11sec, #0
0030 and 0035: [476/672], H[240], 0.01sec
0031 and 0035: 1706 matches, 0.13sec, #0
0031 and 0035: [1364/1706], H[243], 0.01sec
0014 and 0035: 131 matches, 0.17sec, #2
0021 and 0035: 115 matches, 0.18sec, #1
0014 and 0035: [42/131], H[8], 0.05sec
0021 and 0035: [63/115], H[22], 0.01sec
0032 and 0035: 2532 matches, 0.11sec, #0
0032 and 0035: [2178/2532], H[395], 0.02sec
0015 and 0035: 65 matches, 0.15sec, #2
0033 and 0035: 2034 matches, 0.11sec, #0
0033 and 0035: [1777/2034], H[613], 0.01sec
0022 and 0035: 194 matches, 0.18sec, #1
0015 and 0035: [24/65], H[5], 0.04sec
0022 and 0035: [123/194], H[37], 0.01sec
0034 and 0035: 3671 matches, 0.11sec, #0
0034 and 0035: [3319/3671], H[1795], 0.03sec
0016 and 0035: 55 matches, 0.17sec, #2
0000 and 0036: 7854 matches, 0.12sec, #0
0023 and 0035: 266 matches, 0.19sec, #1
0023 and 0035: [158/266], H[39], 0.01sec
0016 and 0035: [19/55], H[8], 0.05sec
0000 and 0036: [7854/7854], H[7854], 0.13sec
0017 and 0035: 111 matches, 0.17sec, #2
0024 and 0035: 404 matches, 0.20sec, #1
0024 and 0035: [262/404], H[61], 0.00sec
0001 and 0036: 1706 matches, 0.11sec, #0
0001 and 0036: [1299/1706], H[497], 0.01sec
0017 and 0035: [42/111], H[7], 0.10sec
0002 and 0036: 1294 matches, 0.11sec, #0
0002 and 0036: [904/1294], H[430], 0.01sec
0025 and 0035: 335 matches, 0.19sec, #1
0018 and 0035: 110 matches, 0.12sec, #2
0025 and 0035: [192/335], H[92], 0.01sec
0003 and 0036: 752 matches, 0.11sec, #0
0003 and 0036: [511/752], H[105], 0.01sec
0018 and 0035: [39/110], H[12], 0.06sec
0026 and 0035: 416 matches, 0.13sec, #1
0026 and 0035: [240/416], H[93], 0.01sec
0004 and 0036: 717 matches, 0.18sec, #0
0004 and 0036: [513/717], H[143], 0.01sec
0019 and 0035: 84 matches, 0.15sec, #2
0027 and 0035: 499 matches, 0.17sec, #1
0027 and 0035: [320/499], H[47], 0.01sec
0005 and 0036: 366 matches, 0.11sec, #0
0005 and 0036: [195/366], H[36], 0.01sec
0019 and 0035: [30/84], H[7], 0.04sec
0006 and 0036: 277 matches, 0.12sec, #0
0006 and 0036: [142/277], H[36], 0.02sec
0028 and 0035: 300 matches, 0.20sec, #1
0015 and 0036: 50 matches, 0.17sec, #2
0028 and 0035: [191/300], H[36], 0.00sec
0007 and 0036: 263 matches, 0.12sec, #0
0007 and 0036: [125/263], H[20], 0.02sec
0015 and 0036: [12/50], H[4], 0.08sec
0029 and 0035: 554 matches, 0.12sec, #1
0029 and 0035: [376/554], H[75], 0.01sec
0008 and 0036: 214 matches, 0.11sec, #0
0008 and 0036: [112/214], H[35], 0.06sec
0016 and 0036: 47 matches, 0.17sec, #2
0025 and 0036: 251 matches, 0.18sec, #1
0009 and 0036: 194 matches, 0.12sec, #0
0025 and 0036: [138/251], H[40], 0.01sec
0009 and 0036: [79/194], H[15], 0.03sec
0016 and 0036: [14/47], H[7], 0.07sec
0010 and 0036: 115 matches, 0.12sec, #0
0010 and 0036: [47/115], H[6], 0.06sec
0026 and 0036: 292 matches, 0.25sec, #1
0017 and 0036: 104 matches, 0.19sec, #2
0011 and 0036: 137 matches, 0.12sec, #0
0026 and 0036: [167/292], H[25], 0.01sec
0011 and 0036: [52/137], H[15], 0.06sec
0017 and 0036: [20/104], H[7], 0.09sec
0027 and 0036: 315 matches, 0.12sec, #1
0012 and 0036: 82 matches, 0.11sec, #0
0027 and 0036: [200/315], H[44], 0.01sec
0018 and 0036: 75 matches, 0.14sec, #2
0028 and 0036: 219 matches, 0.15sec, #1
0012 and 0036: [21/82], H[9], 0.16sec
0028 and 0036: [139/219], H[34], 0.00sec
0018 and 0036: [15/75], H[7], 0.06sec
0029 and 0036: 318 matches, 0.10sec, #1
0013 and 0036: 90 matches, 0.14sec, #0
0029 and 0036: [214/318], H[84], 0.01sec
0013 and 0036: [29/90], H[5], 0.10sec
0019 and 0036: 60 matches, 0.16sec, #2
0030 and 0036: 450 matches, 0.17sec, #1
0019 and 0036: [14/60], H[4], 0.06sec
0030 and 0036: [305/450], H[157], 0.00sec
0014 and 0036: 93 matches, 0.12sec, #0
0014 and 0036: [23/93], H[5], 0.09sec
0020 and 0036: 113 matches, 0.22sec, #2
0034 and 0036: 1847 matches, 0.11sec, #0
0031 and 0036: 809 matches, 0.23sec, #1
0034 and 0036: [1455/1847], H[174], 0.01sec
0031 and 0036: [545/809], H[203], 0.01sec
0020 and 0036: [45/113], H[22], 0.03sec
0035 and 0036: 1889 matches, 0.14sec, #0
0035 and 0036: [1481/1889], H[189], 0.02sec
0021 and 0036: 60 matches, 0.19sec, #2
0032 and 0036: 1175 matches, 0.20sec, #1
0021 and 0036: [31/60], H[17], 0.01sec
0032 and 0036: [821/1175], H[103], 0.01sec
0022 and 0036: 138 matches, 0.17sec, #2
0033 and 0036: 1055 matches, 0.18sec, #1
0022 and 0036: [65/138], H[8], 0.02sec
0033 and 0036: [737/1055], H[98], 0.01sec
0023 and 0036: 184 matches, 0.11sec, #2
0023 and 0036: [91/184], H[20], 0.01sec
0024 and 0036: 281 matches, 0.11sec, #2
0024 and 0036: [159/281], H[23], 0.01sec

###########-------timing------#########
666 Image Match finished, 48 sec used
#############################

----------------------------------------------------------------
Compute Missing Pairwise Matching, finished
Totally 54.000 seconds used


Run full 3D reconstruction, begin...
638 pairs have two-view models
666 pairs have fundamental matrices
Initialize with sofa (24) and sofa (27)
2039 3D points initialized from two images
PBA library version = 105
PBA: 2039 3D pts, 2 cams and 4078 projs...
PBA: 128.393 -> 0.043 (4 LMs in 0.18sec)
Focal Length : [423.546]->[423.546]
Focal Length : [423.546]->[423.546]

#############################
#3: [sofa (25)] sees 2942 (+3427) 3D points
Estimated Focal Length [424][0.66W]
# 2043 projs (168 pts and 0 merges)
PBA: 2206 3D pts, 3 cams and 6119 projs...
PBA: 0.083 -> 0.051 (1 LMs in 0.00sec)

**************************************
#3/3:  2057 projs and 174 pts added.
PBA: 2211 3D pts, 3 cams and 6131 projs...
PBA: 0.053 -> 0.049 (1 LMs in 0.01sec)
PBA: 2211 3D pts, 3 cams and 6131 projs...
PBA: 0.049 -> 0.049 (1 LMs in 0.00sec)
Focal Length : [423.546]->[423.546]
Radial Distortion : [0.000 -> 0]

#############################
#4: [sofa (26)] sees 4725 (+3986) 3D points
Estimated Focal Length [424][0.66W]
# 1856 projs (10 pts and 0 merges)
PBA: 2219 3D pts, 4 cams and 7983 projs...
PBA: 0.174 -> 0.103 (1 LMs in 0.03sec)
#points w/ large errors:	1
Focal Length : [423.546]->[423.546]
Radial Distortion : [0.000 -> 0]

#############################
#5: [sofa (23)] sees 4538 (+2331) 3D points
Estimated Focal Length [424][0.66W]
# 4142 projs (1013 pts and 1 merges)
PBA: 3226 3D pts, 5 cams and 12114 projs...
PBA: 0.291 -> 0.189 (3 LMs in 0.03sec)
#points w/ large errors:	4

**************************************
#5/5:  5065 projs and 1022 pts added.
PBA: 3226 3D pts, 5 cams and 13014 projs...
PBA: 0.492 -> 0.201 (1 LMs in 0.01sec)
PBA: 3226 3D pts, 5 cams and 13014 projs...
PBA: 0.201 -> 0.182 (1 LMs in 0.00sec)
Focal Length : [423.546]->[423.546]
Radial Distortion : [0.000 -> 0]

#############################
#6: [sofa (28)] sees 5578 (+2436) 3D points
Estimated Focal Length [424][0.66W]
# 1839 projs (0 pts and 0 merges)
PBA: 3217 3D pts, 6 cams and 14835 projs...
PBA: 0.661 -> 0.448 (36 LMs in 0.13sec)
#points w/ large errors:	5
Focal Length : [423.546]->[423.546]
Radial Distortion : [0.000 -> 0]

#############################
#7: [sofa (29)] sees 5729 (+2522) 3D points
Estimated Focal Length [424][0.66W]
# 3753 projs (715 pts and 9 merges)
PBA: 3916 3D pts, 7 cams and 18568 projs...
PBA: 0.516 -> 0.426 (18 LMs in 0.08sec)
#points w/ large errors:	14

**************************************
#7/7:  9181 projs and 2450 pts added.
PBA: 5607 3D pts, 7 cams and 23910 projs...
PBA: 0.620 -> 0.455 (35 LMs in 0.33sec)
PBA: 5607 3D pts, 7 cams and 23910 projs...
PBA: 0.455 -> 0.455 (29 LMs in 0.16sec)
Focal Length : [423.546]->[423.546]
Radial Distortion : [0.000 -> 0]

#############################
#8: [sofa (21)] sees 7093 (+1746) 3D points
Estimated Focal Length [424][0.66W]
# 2190 projs (0 pts and 13 merges)
PBA: 4519 3D pts, 8 cams and 23950 projs...
PBA: 1.054 -> 0.701 (22 LMs in 0.24sec)
#points w/ large errors:	62
Focal Length : [423.546]->[423.546]
Radial Distortion : [0.000 -> 0]

#############################
#9: [sofa (22)] sees 5094 (+1292) 3D points
Estimated Focal Length [424][0.66W]
# 1410 projs (0 pts and 0 merges)
PBA: 4505 3D pts, 9 cams and 25133 projs...
PBA: 1.156 -> 0.785 (29 LMs in 0.28sec)
#points w/ large errors:	51

**************************************
#9/9:  5052 projs and 1398 pts added.
PBA: 6845 3D pts, 9 cams and 30473 projs...
PBA: 0.778 -> 0.677 (23 LMs in 0.21sec)
#points w/ large errors:	15
PBA: 6830 3D pts, 9 cams and 30379 projs...
PBA: 0.647 -> 0.647 (17 LMs in 0.09sec)
#points w/ large errors:	3
Focal Length : [423.546]->[423.546]
Radial Distortion : [0.000 -> 0]

#############################
#10: [sofa (20)] sees 4455 (+1114) 3D points
Estimated Focal Length [424][0.66W]
# 1412 projs (0 pts and 5 merges)
PBA: 5157 3D pts, 10 cams and 28448 projs...
PBA: 1.194 -> 0.899 (45 LMs in 0.24sec)
#points w/ large errors:	82
Focal Length : [423.546]->[423.546]
Radial Distortion : [0.000 -> 0]

#############################
#11: [sofa (30)] sees 4805 (+1056) 3D points
Estimated Focal Length [424][0.66W]
# 1587 projs (0 pts and 5 merges)
PBA: 5175 3D pts, 11 cams and 29727 projs...
PBA: 1.025 -> 0.838 (35 LMs in 0.27sec)
#points w/ large errors:	69
Focal Length : [423.546]->[423.546]
Radial Distortion : [0.000 -> 0]

#############################
#12: [sofa (31)] sees 4551 (+1342) 3D points
Estimated Focal Length [424][0.66W]
# 1427 projs (0 pts and 10 merges)
PBA: 5140 3D pts, 12 cams and 30829 projs...
PBA: 0.992 -> 0.806 (22 LMs in 0.18sec)
#points w/ large errors:	31

**************************************
#12/12:  6784 projs and 1983 pts added.
PBA: 8523 3D pts, 12 cams and 38896 projs...
PBA: 0.797 -> 0.739 (27 LMs in 0.18sec)
#points w/ large errors:	9
PBA: 8514 3D pts, 12 cams and 38845 projs...
PBA: 0.738 -> 0.738 (31 LMs in 0.19sec)
Focal Length : [423.546]->[423.546]
Radial Distortion : [0.000 -> 0]

#############################
#13: [sofa (32)] sees 4578 (+1589) 3D points
Estimated Focal Length [424][0.66W]
# 1656 projs (0 pts and 8 merges)
PBA: 6023 3D pts, 13 cams and 35535 projs...
PBA: 1.128 -> 0.876 (52 LMs in 0.34sec)
#points w/ large errors:	77
Focal Length : [423.546]->[423.546]
Radial Distortion : [0.000 -> 0]

#############################
#14: [sofa (33)] sees 4010 (+2377) 3D points
Estimated Focal Length [424][0.66W]
# 1396 projs (0 pts and 8 merges)
PBA: 5993 3D pts, 14 cams and 36581 projs...
PBA: 1.011 -> 0.732 (87 LMs in 0.36sec)
#points w/ large errors:	31
Focal Length : [423.546]->[423.546]
Radial Distortion : [0.000 -> 0]

#############################
#15: [sofa (35)] sees 3458 (+2248) 3D points
Estimated Focal Length [424][0.66W]
# 1145 projs (0 pts and 4 merges)
PBA: 5982 3D pts, 15 cams and 37556 projs...
PBA: 1.038 -> 0.724 (45 LMs in 0.25sec)
#points w/ large errors:	37
Focal Length : [423.546]->[423.546]
Radial Distortion : [0.000 -> 0]

#############################
#16: [sofa (34)] sees 4633 (+2661) 3D points
Estimated Focal Length [424][0.66W]
# 1388 projs (0 pts and 8 merges)
PBA: 5990 3D pts, 16 cams and 38786 projs...
PBA: 0.845 -> 0.676 (23 LMs in 0.15sec)
#points w/ large errors:	22

**************************************
#16/16:  9379 projs and 2629 pts added.
PBA: 10808 3D pts, 16 cams and 51224 projs...
PBA: 0.842 -> 0.713 (13 LMs in 0.04sec)
PBA: 10808 3D pts, 16 cams and 51224 projs...
PBA: 0.713 -> 0.713 (12 LMs in 0.04sec)
Focal Length : [423.546]->[423.546]
Radial Distortion : [0.000 -> 0]

#############################
#17: [sofa (36)] sees 7419 (+3129) 3D points
Estimated Focal Length [424][0.66W]
# 2399 projs (0 pts and 30 merges)
PBA: 7664 3D pts, 17 cams and 47395 projs...
PBA: 1.032 -> 0.773 (32 LMs in 0.20sec)
#points w/ large errors:	67
Focal Length : [423.546]->[423.546]
Radial Distortion : [0.000 -> 0]

#############################
#18: [sofa (3)] sees 7347 (+1909) 3D points
Estimated Focal Length [424][0.66W]
# 4824 projs (1139 pts and 105 merges)
PBA: 8751 3D pts, 18 cams and 52130 projs...
PBA: 1.071 -> 0.862 (28 LMs in 0.09sec)
#points behind cam :	2
#points w/ large errors:	71
Focal Length : [423.546]->[423.546]
Radial Distortion : [0.000 -> 0]

#############################
#19: [sofa (2)] sees 7806 (+2041) 3D points
Estimated Focal Length [424][0.66W]
# 2287 projs (0 pts and 22 merges)
PBA: 8260 3D pts, 19 cams and 53160 projs...
PBA: 1.096 -> 0.868 (26 LMs in 0.11sec)
#points w/ large errors:	86
Focal Length : [423.546]->[423.546]
Radial Distortion : [0.000 -> 0]

#############################
#20: [sofa (4)] sees 10014 (+1895) 3D points
Estimated Focal Length [424][0.66W]
# 6280 projs (1621 pts and 218 merges)
PBA: 9735 3D pts, 20 cams and 59207 projs...
PBA: 1.139 -> 0.880 (17 LMs in 0.18sec)
#points w/ large errors:	48
#unstable points removed:	4
Focal Length : [423.546]->[423.546]
Radial Distortion : [0.000 -> 0]

#############################
#21: [sofa (5)] sees 11183 (+1777) 3D points
Estimated Focal Length [424][0.66W]
# 5731 projs (1184 pts and 299 merges)
SKIP: 0 cams, 81 points, 385 projs
PBA: 13657 3D pts, 20 cams and 70807 projs...
PBA: 1.068 -> 0.870 (5 LMs in 0.04sec)
#points w/ large errors:	73
#unstable points removed:	1

**************************************
#21/21:  9693 projs and 1990 pts added.
PBA: 14227 3D pts, 21 cams and 74195 projs...
PBA: 1.206 -> 1.079 (18 LMs in 0.15sec)
#points w/ large errors:	2
#unstable points removed:	14
PBA: 14211 3D pts, 21 cams and 74143 projs...
PBA: 1.096 -> 1.094 (18 LMs in 0.06sec)
#points w/ large errors:	3
#unstable points removed:	1
Focal Length : [423.546]->[423.546]
Radial Distortion : [0.000 -> 0]

#############################
#22: [sofa (6)] sees 11064 (+1666) 3D points
Estimated Focal Length [424][0.66W]
# 5751 projs (1359 pts and 262 merges)
SKIP: 0 cams, 57 points, 248 projs
PBA: 15149 3D pts, 20 cams and 79552 projs...
PBA: 1.262 -> 1.120 (5 LMs in 0.08sec)
#points w/ large errors:	284
#unstable points removed:	4
Focal Length : [423.546]->[423.546]
Radial Distortion : [0.000 -> 0]

#############################
#23: [sofa (7)] sees 11121 (+1738) 3D points
Estimated Focal Length [424][0.66W]
# 4929 projs (877 pts and 264 merges)
SKIP: 0 cams, 197 points, 2164 projs
PBA: 15360 3D pts, 20 cams and 82387 projs...
PBA: 1.165 -> 0.969 (5 LMs in 0.10sec)
#points w/ large errors:	173
Focal Length : [423.546]->[423.546]
Radial Distortion : [0.000 -> 0]

#############################
#24: [sofa (8)] sees 12503 (+1793) 3D points
Estimated Focal Length [424][0.66W]
# 3260 projs (0 pts and 124 merges)
SKIP: 0 cams, 563 points, 1461 projs
PBA: 14962 3D pts, 20 cams and 84337 projs...
PBA: 1.102 -> 0.936 (5 LMs in 0.17sec)
#points w/ large errors:	170
Focal Length : [423.546]->[423.546]
Radial Distortion : [0.000 -> 0]

#############################
#25: [sofa (9)] sees 11037 (+1941) 3D points
Estimated Focal Length [424][0.66W]
# 2785 projs (0 pts and 82 merges)
SKIP: 0 cams, 1027 points, 2400 projs
PBA: 14493 3D pts, 20 cams and 85145 projs...
PBA: 0.960 -> 0.855 (5 LMs in 0.06sec)
#points w/ large errors:	122
Focal Length : [423.546]->[423.546]
Radial Distortion : [0.000 -> 0]

#############################
#26: [sofa (10)] sees 11300 (+2105) 3D points
Estimated Focal Length [424][0.66W]
# 6772 projs (1667 pts and 199 merges)
PBA: 11837 3D pts, 26 cams and 83333 projs...
PBA: 1.110 -> 0.932 (30 LMs in 0.22sec)
#points w/ large errors:	87
Focal Length : [423.546]->[423.546]
Radial Distortion : [0.000 -> 0]

#############################
#27: [sofa (11)] sees 10077 (+1593) 3D points
Estimated Focal Length [424][0.66W]
# 2823 projs (0 pts and 61 merges)
SKIP: 0 cams, 1597 points, 5167 projs
PBA: 14519 3D pts, 20 cams and 89545 projs...
PBA: 1.065 -> 0.900 (5 LMs in 0.11sec)
#points w/ large errors:	99

**************************************
#27/27:  13487 projs and 3445 pts added.
PBA: 18955 3D pts, 27 cams and 103595 projs...
PBA: 1.346 -> 1.086 (42 LMs in 0.20sec)
#points w/ large errors:	16
PBA: 18939 3D pts, 27 cams and 103506 projs...
PBA: 1.075 -> 1.074 (19 LMs in 0.14sec)
Focal Length : [423.546]->[423.546]
Radial Distortion : [0.000 -> 0]

#############################
#28: [sofa (12)] sees 11396 (+1746) 3D points
Estimated Focal Length [424][0.66W]
# 3308 projs (0 pts and 58 merges)
SKIP: 0 cams, 1995 points, 5979 projs
PBA: 16791 3D pts, 20 cams and 100495 projs...
PBA: 1.576 -> 1.176 (5 LMs in 0.18sec)
#points w/ large errors:	452
Focal Length : [423.546]->[423.546]
Radial Distortion : [0.000 -> 0]

#############################
#29: [sofa (37)] sees 8515 (+1633) 3D points
Estimated Focal Length [424][0.66W]
# 2386 projs (0 pts and 27 merges)
SKIP: 0 cams, 2900 points, 9614 projs
PBA: 15874 3D pts, 20 cams and 99192 projs...
PBA: 1.197 -> 1.055 (5 LMs in 0.12sec)
#points w/ large errors:	268
Focal Length : [423.546]->[423.546]
Radial Distortion : [0.000 -> 0]

#############################
#30: [sofa (1)] sees 10742 (+5447) 3D points
Estimated Focal Length [424][0.66W]
# 6023 projs (1159 pts and 86 merges)
SKIP: 0 cams, 3038 points, 12470 projs
PBA: 15957 3D pts, 20 cams and 100276 projs...
PBA: 1.151 -> 0.950 (5 LMs in 0.03sec)
#points w/ large errors:	48
Focal Length : [423.546]->[423.546]
Radial Distortion : [0.000 -> 0]

#############################
#31: [sofa (13)] sees 6811 (+1100) 3D points
Estimated Focal Length [424][0.66W]
# 1883 projs (0 pts and 15 merges)
SKIP: 0 cams, 3460 points, 11679 projs
PBA: 15533 3D pts, 20 cams and 100573 projs...
PBA: 1.243 -> 0.997 (5 LMs in 0.02sec)
#points w/ large errors:	239
Focal Length : [423.546]->[423.546]
Radial Distortion : [0.000 -> 0]

#############################
#32: [sofa (15)] sees 6978 (+1441) 3D points
Estimated Focal Length [424][0.66W]
# 2011 projs (0 pts and 29 merges)
PBA: 13044 3D pts, 32 cams and 100478 projs...
PBA: 1.020 -> 0.826 (31 LMs in 0.32sec)
#points w/ large errors:	123
Focal Length : [423.546]->[423.546]
Radial Distortion : [0.000 -> 0]

#############################
#33: [sofa (14)] sees 7203 (+2067) 3D points
Estimated Focal Length [424][0.66W]
# 1904 projs (0 pts and 26 merges)
SKIP: 0 cams, 4534 points, 15145 projs
PBA: 14448 3D pts, 20 cams and 98323 projs...
PBA: 0.853 -> 0.781 (5 LMs in 0.03sec)
#points w/ large errors:	41
Focal Length : [423.546]->[423.546]
Radial Distortion : [0.000 -> 0]

#############################
#34: [sofa (19)] sees 7753 (+1732) 3D points
Estimated Focal Length [424][0.66W]
# 6723 projs (1733 pts and 93 merges)
SKIP: 0 cams, 3971 points, 14207 projs
PBA: 16035 3D pts, 20 cams and 104876 projs...
PBA: 0.917 -> 0.836 (5 LMs in 0.19sec)
#points w/ large errors:	75

**************************************
#34/34:  19079 projs and 5395 pts added.
PBA: 23076 3D pts, 34 cams and 129457 projs...
PBA: 1.282 -> 1.056 (15 LMs in 0.06sec)
#points w/ large errors:	34
PBA: 23042 3D pts, 34 cams and 129240 projs...
PBA: 1.042 -> 1.041 (28 LMs in 0.11sec)
#points w/ large errors:	1
Focal Length : [423.546]->[423.546]
Radial Distortion : [0.000 -> 0]

#############################
#35: [sofa (18)] sees 11597 (+1666) 3D points
Estimated Focal Length [424][0.66W]
# 2984 projs (0 pts and 173 merges)
SKIP: 0 cams, 4181 points, 13353 projs
PBA: 18820 3D pts, 20 cams and 118669 projs...
PBA: 1.869 -> 1.191 (5 LMs in 0.03sec)
#points w/ large errors:	574
Focal Length : [423.546]->[423.546]
Radial Distortion : [0.000 -> 0]

#############################
#36: [sofa (16)] sees 9341 (+1345) 3D points
Estimated Focal Length [424][0.66W]
# 3882 projs (683 pts and 139 merges)
SKIP: 0 cams, 4512 points, 17502 projs
PBA: 18506 3D pts, 20 cams and 118414 projs...
PBA: 1.058 -> 0.962 (5 LMs in 0.07sec)
#points w/ large errors:	118
Focal Length : [423.546]->[423.546]
Radial Distortion : [0.000 -> 0]

#############################
#37: [sofa (17)] sees 8909 (+1379) 3D points
Estimated Focal Length [424][0.66W]
# 2300 projs (0 pts and 38 merges)
SKIP: 0 cams, 5035 points, 16222 projs
PBA: 17970 3D pts, 20 cams and 118512 projs...
PBA: 1.019 -> 0.953 (5 LMs in 0.13sec)
#points w/ large errors:	77
Focal Length : [423.546]->[423.546]
Radial Distortion : [0.000 -> 0]

^^^^^^^^^^^^^^^^^^^^^^^^^^^^^^^^
#37/37:  3978 projs and 1190 pts added.
PBA: 23554 3D pts, 37 cams and 137091 projs...
PBA: 0.976 -> 0.903 (21 LMs in 0.19sec)
#points w/ large errors:	173
PBA: 23381 3D pts, 37 cams and 134980 projs...
PBA: 0.796 -> 0.793 (16 LMs in 0.09sec)
#points w/ large errors:	26
END: No more images to add [0 projs]

#############################
Failed to find two images for initialization
Resuming SfM finished, 9 sec used

---------------------------------------------------
37 cams, 23556 pts (3+: 15772)
134980 projections (3+: 119533)
---------------------------------------------------
1 model(s) reconstructed from 37 images;
37 modeled; 0 reused; 0 EXIF; 
5MB(5) used to store feature location.
---------------------------------------------------

########-------timing------#########
Structure-From-Motion finished, 10 sec used
8.3(6.7) seconds on Bundle Adjustment (+)
7.5(6.2) seconds on Bundle Adjustment (*)
#############################
----------------------------------------------------------------
Run full 3D reconstruction, finished
Totally 10.000 seconds used


Run dense reconstruction, begin...
Save to 20f.nvm ... done

#############################
Undistorting 37 images in model #0
param_undistortion_thread_num = 0
NOTE: using 16 threads...
#11: sofa (30) -> 00000010.jpg, 0.027 sec
#01: sofa (25) -> 00000002.jpg, 0.028 sec
#08: sofa (21) -> 00000007.jpg, 0.028 sec
#07: sofa (2) -> 00000018.jpg, 0.028 sec
#06: sofa (36) -> 00000016.jpg, 0.028 sec
#02: sofa (23) -> 00000004.jpg, 0.029 sec
#00: sofa (24) -> 00000000.jpg, 0.030 sec
#09: sofa (22) -> 00000008.jpg, 0.030 sec
#13: sofa (4) -> 00000019.jpg, 0.030 sec
#12: sofa (31) -> 00000011.jpg, 0.030 sec
#05: sofa (5) -> 00000020.jpg, 0.030 sec
#03: sofa (29) -> 00000006.jpg, 0.031 sec
#04: sofa (35) -> 00000014.jpg, 0.032 sec
#15: sofa (33) -> 00000013.jpg, 0.032 sec
#10: sofa (20) -> 00000009.jpg, 0.032 sec
#14: sofa (32) -> 00000012.jpg, 0.033 sec
#11: sofa (6) -> 00000021.jpg, 0.004 sec
#01: sofa (26) -> 00000003.jpg, 0.002 sec
#08: sofa (8) -> 00000023.jpg, 0.003 sec
#07: sofa (10) -> 00000025.jpg, 0.002 sec
#06: sofa (3) -> 00000017.jpg, 0.002 sec
#02: sofa (28) -> 00000005.jpg, 0.002 sec
#00: sofa (27) -> 00000001.jpg, 0.002 sec
#09: sofa (12) -> 00000027.jpg, 0.002 sec
#13: sofa (1) -> 00000029.jpg, 0.002 sec
#12: sofa (15) -> 00000031.jpg, 0.002 sec
#05: sofa (19) -> 00000033.jpg, 0.002 sec
#03: sofa (16) -> 00000035.jpg, 0.003 sec
#04: sofa (34) -> 00000015.jpg, 0.002 sec
#11: sofa (7) -> 00000022.jpg, 0.003 sec
#08: sofa (9) -> 00000024.jpg, 0.002 sec
#07: sofa (11) -> 00000026.jpg, 0.002 sec
#13: sofa (13) -> 00000030.jpg, 0.002 sec
#09: sofa (37) -> 00000028.jpg, 0.002 sec
#12: sofa (14) -> 00000032.jpg, 0.002 sec
#05: sofa (18) -> 00000034.jpg, 0.003 sec
#03: sofa (17) -> 00000036.jpg, 0.003 sec
----------------------------------------------------------------
Running Yasutaka Furukawa's CMVS tool...
cmvs C:\Users\86186\Desktop\VisualSFM_windows_cuda_64bit\\20free\2\20f.nvm.cmvs\00\ 50 16
genOption C:\Users\86186\Desktop\VisualSFM_windows_cuda_64bit\\20free\2\20f.nvm.cmvs\00\ 1 2 0.700000 7 3 16
1 cluster is generated for pmvs reconstruction.
pmvs2 C:\Users\86186\Desktop\VisualSFM_windows_cuda_64bit\\20free\2\20f.nvm.cmvs\00\ option-0000
This may take a little more time, waiting...
8 seconds were used by PMVS
Loading option-0000.ply, 18644 vertices ...

#############################
You can manually remove bad MVS points:
1. Switch to dense MVS points mode;
2. Hit F1 key to enter the selection mode;
3. Select points by dragging a rectangle;
4. Hit DELETE to delete the selected points.

#############################
Save to 20f.nvm ... done
Save C:\Users\86186\Desktop\VisualSFM_windows_cuda_64bit\\20free\2\20f.0.ply ...done
----------------------------------------------------------------
Run dense reconstruction, finished
Totally 13.000 seconds used


Run dense reconstruction, begin...

#############################
Undistorting 37 images in model #0
param_undistortion_thread_num = 0
NOTE: using 16 threads...
#00: sofa (24) -> 00000000.jpg, 0.003 sec
#01: sofa (25) -> 00000002.jpg, 0.011 sec
#04: sofa (23) -> 00000004.jpg, 0.013 sec
#02: sofa (34) -> 00000015.jpg, 0.013 sec
#06: sofa (29) -> 00000006.jpg, 0.014 sec
#13: sofa (33) -> 00000013.jpg, 0.014 sec
#05: sofa (28) -> 00000005.jpg, 0.015 sec
#07: sofa (21) -> 00000007.jpg, 0.015 sec
#15: sofa (35) -> 00000014.jpg, 0.015 sec
#09: sofa (22) -> 00000008.jpg, 0.016 sec
#14: sofa (4) -> 00000019.jpg, 0.016 sec
#03: sofa (5) -> 00000020.jpg, 0.016 sec
#10: sofa (30) -> 00000010.jpg, 0.017 sec
#11: sofa (31) -> 00000011.jpg, 0.017 sec
#08: sofa (3) -> 00000017.jpg, 0.017 sec
#12: sofa (32) -> 00000012.jpg, 0.018 sec
#00: sofa (27) -> 00000001.jpg, 0.009 sec
#01: sofa (26) -> 00000003.jpg, 0.003 sec
#04: sofa (7) -> 00000022.jpg, 0.002 sec
#02: sofa (36) -> 00000016.jpg, 0.002 sec
#06: sofa (9) -> 00000024.jpg, 0.002 sec
#13: sofa (11) -> 00000026.jpg, 0.001 sec
#05: sofa (37) -> 00000028.jpg, 0.002 sec
#07: sofa (13) -> 00000030.jpg, 0.002 sec
#15: sofa (14) -> 00000032.jpg, 0.003 sec
#09: sofa (20) -> 00000009.jpg, 0.002 sec
#14: sofa (18) -> 00000034.jpg, 0.002 sec
#03: sofa (6) -> 00000021.jpg, 0.003 sec
#10: sofa (17) -> 00000036.jpg, 0.002 sec
#08: sofa (2) -> 00000018.jpg, 0.003 sec
#04: sofa (8) -> 00000023.jpg, 0.003 sec
#06: sofa (10) -> 00000025.jpg, 0.003 sec
#13: sofa (12) -> 00000027.jpg, 0.001 sec
#05: sofa (1) -> 00000029.jpg, 0.002 sec
#07: sofa (15) -> 00000031.jpg, 0.002 sec
#15: sofa (19) -> 00000033.jpg, 0.002 sec
#14: sofa (16) -> 00000035.jpg, 0.003 sec
----------------------------------------------------------------
Running Yasutaka Furukawa's CMVS tool...
cmvs C:\Users\86186\Desktop\VisualSFM_windows_cuda_64bit\\20free\2\20f.nvm.cmvs\00\ 50 16
genOption C:\Users\86186\Desktop\VisualSFM_windows_cuda_64bit\\20free\2\20f.nvm.cmvs\00\ 1 2 0.700000 7 3 16
1 cluster is generated for pmvs reconstruction.
pmvs2 C:\Users\86186\Desktop\VisualSFM_windows_cuda_64bit\\20free\2\20f.nvm.cmvs\00\ option-0000
This may take a little more time, waiting...
8 seconds were used by PMVS
Loading option-0000.ply, 18400 vertices ...

#############################
You can manually remove bad MVS points:
1. Switch to dense MVS points mode;
2. Hit F1 key to enter the selection mode;
3. Select points by dragging a rectangle;
4. Hit DELETE to delete the selected points.

#############################
Save to 20f.nvm ... done
Save C:\Users\86186\Desktop\VisualSFM_windows_cuda_64bit\\20free\2\20f.0.ply ...done
----------------------------------------------------------------
Run dense reconstruction, finished
Totally 12.000 seconds used

