
Modifying Calibration, begin...
fx = 534.782227, cx = 332.352325
fy = 534.782227, cy = 197.641251
radial_distortion = -0.001473
----------------------------------------------------------------
Modifying Calibration, finished
Totally 0.000 seconds used

0: WIN_20220328_11_58_13_Pro
image_size:	640x480
1: WIN_20220328_11_58_15_Pro
image_size:	640x480
2: WIN_20220328_11_58_16_Pro
image_size:	640x480
3: WIN_20220328_11_58_17_Pro
image_size:	640x480
4: WIN_20220328_11_58_18_Pro
image_size:	640x480
5: WIN_20220328_11_58_19_Pro
image_size:	640x480
6: WIN_20220328_11_58_20_Pro
image_size:	640x480
7: WIN_20220328_11_58_21_Pro
image_size:	640x480
8: WIN_20220328_11_58_22_Pro
image_size:	640x480
9: WIN_20220328_11_58_23_Pro
image_size:	640x480
10: WIN_20220328_11_58_24_Pro
image_size:	640x480
11: WIN_20220328_11_58_25_Pro
image_size:	640x480
12: WIN_20220328_11_58_26_Pro
image_size:	640x480
13: WIN_20220328_11_58_29_Pro
image_size:	640x480
14: WIN_20220328_11_58_30_Pro
image_size:	640x480
15: WIN_20220328_11_58_31_Pro
image_size:	640x480
16: WIN_20220328_11_58_32_Pro
image_size:	640x480
17: WIN_20220328_11_58_33_Pro (2)
image_size:	640x480
18: WIN_20220328_11_58_33_Pro
image_size:	640x480
19: WIN_20220328_11_58_35_Pro
image_size:	640x480
20: WIN_20220328_11_58_36_Pro (2)
image_size:	640x480
21: WIN_20220328_11_58_36_Pro
image_size:	640x480
22: WIN_20220328_11_58_37_Pro
image_size:	640x480
23: WIN_20220328_11_58_38_Pro
image_size:	640x480
24: WIN_20220328_11_58_39_Pro (2)
image_size:	640x480
25: WIN_20220328_11_58_39_Pro
image_size:	640x480
26: WIN_20220328_11_58_40_Pro
image_size:	640x480
27: WIN_20220328_11_58_41_Pro (2)
image_size:	640x480
28: WIN_20220328_11_58_41_Pro
image_size:	640x480
29: WIN_20220328_11_58_42_Pro
image_size:	640x480
30: WIN_20220328_11_58_43_Pro
image_size:	640x480
31: WIN_20220328_11_58_44_Pro
image_size:	640x480
32: WIN_20220328_11_58_45_Pro
image_size:	640x480
33: WIN_20220328_11_58_46_Pro
image_size:	640x480
34: WIN_20220328_11_58_47_Pro
image_size:	640x480
35: WIN_20220328_11_58_48_Pro
image_size:	640x480
**************************************
Change the number of pixel-loaded images by 
modifying param_visual_data_budget in nv.ini
Use the PAUSE button to skip the pixel loading
**************************************
Loading image pixel data ...done in 0s

Compute Missing Pairwise Matching, begin...
********* WARNING ***********
More than 112MB of graphic memory may be allocated
under the default settings. If the program halts here,
adjust parameters to save memory and rerun the task: 
    [Tools->Enable GPU->Set Maximum DIM]
Note some octaves may be automatically skipped
SIFT: 0000, 640x480, 	8168, 0.92sec
SIFT: 0001, 640x480, 	7531, 0.12sec
SIFT: 0002, 640x480, 	7943, 0.12sec
SIFT: 0003, 640x480, 	7947, 0.12sec
SIFT: 0004, 640x480, 	8603, 0.14sec
SIFT: 0005, 640x480, 	8852, 0.13sec
SIFT: 0006, 640x480, 	7695, 0.12sec
SIFT: 0007, 640x480, 	9035, 0.12sec
SIFT: 0008, 640x480, 	8843, 0.13sec
SIFT: 0009, 640x480, 	8922, 0.17sec
SIFT: 0010, 640x480, 	8616, 0.15sec
SIFT: 0011, 640x480, 	8622, 0.14sec
SIFT: 0012, 640x480, 	7814, 0.13sec
SIFT: 0013, 640x480, 	7802, 0.12sec
SIFT: 0014, 640x480, 	7978, 0.12sec
SIFT: 0015, 640x480, 	6855, 0.11sec
SIFT: 0016, 640x480, 	6659, 0.11sec
SIFT: 0017, 640x480, 	7721, 0.12sec
SIFT: 0018, 640x480, 	7665, 0.12sec
SIFT: 0019, 640x480, 	7372, 0.12sec
SIFT: 0020, 640x480, 	8485, 0.13sec
SIFT: 0021, 640x480, 	7527, 0.12sec
SIFT: 0022, 640x480, 	8546, 0.14sec
SIFT: 0023, 640x480, 	8952, 0.17sec
SIFT: 0024, 640x480, 	9258, 0.17sec
SIFT: 0025, 640x480, 	9163, 0.13sec
SIFT: 0026, 640x480, 	9223, 0.14sec
SIFT: 0027, 640x480, 	9100, 0.13sec
SIFT: 0028, 640x480, 	8708, 0.13sec
SIFT: 0029, 640x480, 	8653, 0.14sec
SIFT: 0030, 640x480, 	8462, 0.13sec
SIFT: 0031, 640x480, 	8833, 0.13sec
SIFT: 0032, 640x480, 	8443, 0.12sec
SIFT: 0033, 640x480, 	8016, 0.12sec
SIFT: 0034, 640x480, 	8272, 0.13sec
SIFT: 0035, 640x480, 	8072, 0.11sec

###########-------timing------#########
36 Feature Detection finished, 6 sec used
#############################

630 pairs to compute match
NOTE: using 3 matching workers
0000 and 0001: 2099 matches, 0.14sec, #1
0000 and 0001: [1402/2099], H[152], 0.01sec
0002 and 0004: 1650 matches, 0.17sec, #2
0002 and 0004: [1155/1650], H[242], 0.01sec
0000 and 0002: 1475 matches, 0.15sec, #1
0000 and 0002: [1017/1475], H[183], 0.01sec
0003 and 0004: 2894 matches, 0.16sec, #2
0003 and 0004: [2658/2894], H[619], 0.02sec
0002 and 0003: 2146 matches, 0.49sec, #0
0002 and 0003: [1787/2146], H[214], 0.01sec
0001 and 0002: 2917 matches, 0.14sec, #1
0001 and 0002: [2640/2917], H[832], 0.02sec
0000 and 0005: 417 matches, 0.14sec, #2
0000 and 0004: 695 matches, 0.12sec, #0
0000 and 0005: [223/417], H[31], 0.01sec
0000 and 0004: [405/695], H[128], 0.01sec
0000 and 0003: 779 matches, 0.14sec, #1
0001 and 0005: 492 matches, 0.14sec, #2
0000 and 0003: [465/779], H[51], 0.01sec
0001 and 0004: 954 matches, 0.17sec, #0
0001 and 0005: [259/492], H[55], 0.01sec
0001 and 0004: [599/954], H[160], 0.01sec
0001 and 0003: 1295 matches, 0.13sec, #1
0002 and 0005: 804 matches, 0.14sec, #2
0001 and 0003: [957/1295], H[114], 0.01sec
0002 and 0005: [504/804], H[63], 0.01sec
0005 and 0006: 3014 matches, 0.20sec, #0
0005 and 0006: [2896/3014], H[840], 0.02sec
0000 and 0007: 278 matches, 0.22sec, #0
0002 and 0008: 330 matches, 0.29sec, #1
0000 and 0007: [132/278], H[25], 0.01sec
0002 and 0008: [171/330], H[33], 0.01sec
0003 and 0005: 1519 matches, 0.38sec, #2
0003 and 0008: 596 matches, 0.12sec, #1
0003 and 0005: [1177/1519], H[364], 0.01sec
0001 and 0007: 269 matches, 0.17sec, #0
0003 and 0008: [375/596], H[122], 0.01sec
0001 and 0007: [136/269], H[43], 0.01sec
0002 and 0007: 444 matches, 0.20sec, #0
0002 and 0007: [251/444], H[59], 0.01sec
0004 and 0008: 943 matches, 0.30sec, #1
0004 and 0005: 2971 matches, 0.32sec, #2
0003 and 0007: 802 matches, 0.13sec, #0
0004 and 0008: [670/943], H[51], 0.01sec
0003 and 0007: [497/802], H[200], 0.01sec
0004 and 0005: [2819/2971], H[553], 0.02sec
0005 and 0008: 1860 matches, 0.14sec, #1
0004 and 0007: 1379 matches, 0.19sec, #0
0005 and 0008: [1552/1860], H[382], 0.01sec
0004 and 0007: [1035/1379], H[191], 0.01sec
0000 and 0006: 257 matches, 0.15sec, #2
0006 and 0008: 2207 matches, 0.19sec, #1
0000 and 0006: [137/257], H[24], 0.01sec
0005 and 0007: 2628 matches, 0.21sec, #0
0006 and 0008: [1958/2207], H[508], 0.01sec
0005 and 0007: [2048/2628], H[696], 0.02sec
0001 and 0006: 322 matches, 0.16sec, #2
0001 and 0006: [153/322], H[27], 0.01sec
0006 and 0007: 3000 matches, 0.18sec, #0
0006 and 0007: [2798/3000], H[743], 0.02sec
0007 and 0008: 3668 matches, 0.27sec, #1
0002 and 0006: 450 matches, 0.13sec, #2
0002 and 0006: [257/450], H[72], 0.01sec
0007 and 0008: [3498/3668], H[1776], 0.02sec
0000 and 0008: 214 matches, 0.14sec, #0
0000 and 0008: [103/214], H[8], 0.05sec
0003 and 0006: 984 matches, 0.17sec, #2
0003 and 0006: [669/984], H[87], 0.01sec
0000 and 0009: 193 matches, 0.22sec, #1
0001 and 0008: 216 matches, 0.17sec, #0
0001 and 0008: [106/216], H[29], 0.05sec
0004 and 0006: 1534 matches, 0.11sec, #2
0000 and 0009: [64/193], H[34], 0.10sec
0004 and 0006: [1354/1534], H[305], 0.01sec
0004 and 0009: 580 matches, 0.12sec, #0
0004 and 0009: [374/580], H[102], 0.01sec
0001 and 0009: 174 matches, 0.16sec, #1
0005 and 0010: 568 matches, 0.20sec, #2
0005 and 0010: [400/568], H[68], 0.01sec
0005 and 0009: 1081 matches, 0.20sec, #0
0005 and 0009: [853/1081], H[158], 0.01sec
0001 and 0009: [72/174], H[19], 0.07sec
0006 and 0010: 989 matches, 0.10sec, #2
0006 and 0010: [729/989], H[97], 0.01sec
0006 and 0009: 1381 matches, 0.15sec, #0
0006 and 0009: [996/1381], H[184], 0.01sec
0002 and 0009: 249 matches, 0.19sec, #1
0007 and 0010: 1280 matches, 0.21sec, #2
0002 and 0009: [101/249], H[30], 0.02sec
0007 and 0009: 2385 matches, 0.16sec, #0
0007 and 0010: [1030/1280], H[178], 0.01sec
0007 and 0009: [2132/2385], H[280], 0.02sec
0008 and 0009: 2980 matches, 0.17sec, #0
0003 and 0009: 378 matches, 0.22sec, #1
0003 and 0009: [206/378], H[57], 0.01sec
0008 and 0009: [2543/2980], H[1339], 0.02sec
0008 and 0010: 1604 matches, 0.22sec, #2
0008 and 0010: [1381/1604], H[237], 0.01sec
0005 and 0011: 595 matches, 0.16sec, #1
0000 and 0010: 105 matches, 0.17sec, #0
0005 and 0011: [399/595], H[56], 0.01sec
0000 and 0010: [27/105], H[9], 0.19sec
0009 and 0010: 2722 matches, 0.23sec, #2
0006 and 0011: 753 matches, 0.22sec, #1
0001 and 0010: 140 matches, 0.12sec, #0
0006 and 0011: [544/753], H[119], 0.01sec
0009 and 0010: [2501/2722], H[589], 0.01sec
0001 and 0010: [43/140], H[10], 0.06sec
0002 and 0010: 147 matches, 0.19sec, #0
0007 and 0011: 1069 matches, 0.25sec, #1
0000 and 0011: 110 matches, 0.26sec, #2
0007 and 0011: [817/1069], H[129], 0.01sec
0002 and 0010: [56/147], H[9], 0.06sec
0000 and 0011: [40/110], H[10], 0.06sec
0003 and 0010: 266 matches, 0.14sec, #0
0008 and 0011: 1392 matches, 0.23sec, #1
0003 and 0010: [136/266], H[22], 0.02sec
0008 and 0011: [1019/1392], H[222], 0.01sec
0001 and 0011: 125 matches, 0.18sec, #2
0001 and 0011: [46/125], H[7], 0.09sec
0009 and 0011: 2185 matches, 0.13sec, #1
0004 and 0010: 299 matches, 0.17sec, #0
0009 and 0011: [1803/2185], H[152], 0.01sec
0004 and 0010: [173/299], H[37], 0.01sec
0002 and 0011: 130 matches, 0.15sec, #2
0010 and 0011: 3356 matches, 0.12sec, #1
0002 and 0011: [61/130], H[12], 0.02sec
0004 and 0012: 146 matches, 0.15sec, #0
0010 and 0011: [3169/3356], H[1707], 0.02sec
0004 and 0012: [80/146], H[23], 0.01sec
0003 and 0011: 242 matches, 0.18sec, #2
0000 and 0012: 73 matches, 0.20sec, #1
0003 and 0011: [119/242], H[15], 0.01sec
0005 and 0012: 275 matches, 0.15sec, #0
0005 and 0012: [174/275], H[29], 0.01sec
0000 and 0012: [19/73], H[7], 0.10sec
0004 and 0011: 318 matches, 0.12sec, #2
0006 and 0012: 386 matches, 0.14sec, #0
0004 and 0011: [176/318], H[42], 0.01sec
0006 and 0012: [263/386], H[125], 0.01sec
0001 and 0012: 88 matches, 0.14sec, #1
0007 and 0012: 398 matches, 0.16sec, #0
0007 and 0012: [304/398], H[71], 0.00sec
0002 and 0013: 85 matches, 0.17sec, #2
0001 and 0012: [19/88], H[5], 0.05sec
0002 and 0013: [20/85], H[5], 0.04sec
0008 and 0012: 563 matches, 0.11sec, #0
0008 and 0012: [406/563], H[59], 0.01sec
0003 and 0013: 125 matches, 0.17sec, #2
0002 and 0012: 79 matches, 0.19sec, #1
0009 and 0012: 839 matches, 0.18sec, #0
0009 and 0012: [679/839], H[117], 0.01sec
0003 and 0013: [50/125], H[8], 0.03sec
0002 and 0012: [21/79], H[10], 0.05sec
0004 and 0013: 143 matches, 0.09sec, #2
0010 and 0012: 1471 matches, 0.16sec, #0
0010 and 0012: [1303/1471], H[384], 0.01sec
0004 and 0013: [70/143], H[13], 0.05sec
0003 and 0012: 116 matches, 0.10sec, #1
0011 and 0012: 1962 matches, 0.14sec, #0
0011 and 0012: [1803/1962], H[846], 0.02sec
0003 and 0012: [53/116], H[11], 0.04sec
0005 and 0013: 241 matches, 0.19sec, #2
0005 and 0013: [137/241], H[23], 0.01sec
0000 and 0013: 83 matches, 0.16sec, #0
0012 and 0013: 2107 matches, 0.20sec, #1
0012 and 0013: [1775/2107], H[608], 0.01sec
0000 and 0013: [19/83], H[5], 0.08sec
0006 and 0013: 238 matches, 0.11sec, #2
0000 and 0014: 98 matches, 0.11sec, #1
0006 and 0013: [152/238], H[21], 0.01sec
0001 and 0013: 74 matches, 0.13sec, #0
0000 and 0014: [19/98], H[6], 0.07sec
0001 and 0013: [15/74], H[4], 0.08sec
0001 and 0014: 99 matches, 0.17sec, #1
0007 and 0013: 348 matches, 0.25sec, #2
0009 and 0014: 853 matches, 0.17sec, #0
0007 and 0013: [223/348], H[70], 0.01sec
0009 and 0014: [589/853], H[273], 0.01sec
0001 and 0014: [18/99], H[4], 0.07sec
0008 and 0013: 493 matches, 0.12sec, #2
0008 and 0013: [281/493], H[83], 0.01sec
0010 and 0014: 1200 matches, 0.16sec, #0
0010 and 0014: [831/1200], H[87], 0.01sec
0011 and 0014: 1698 matches, 0.15sec, #0
0011 and 0014: [1145/1698], H[198], 0.01sec
0002 and 0014: 116 matches, 0.22sec, #1
0009 and 0013: 795 matches, 0.22sec, #2
0002 and 0014: [23/116], H[6], 0.04sec
0009 and 0013: [500/795], H[73], 0.01sec
0012 and 0014: 1877 matches, 0.11sec, #0
0012 and 0014: [1549/1877], H[179], 0.05sec
0010 and 0013: 1108 matches, 0.17sec, #2
0003 and 0014: 140 matches, 0.20sec, #1
0010 and 0013: [889/1108], H[95], 0.01sec
0013 and 0014: 2984 matches, 0.15sec, #0
0003 and 0014: [50/140], H[12], 0.04sec
0013 and 0014: [2849/2984], H[822], 0.02sec
0000 and 0015: 40 matches, 0.14sec, #0
0011 and 0013: 1706 matches, 0.22sec, #2
0011 and 0013: [1473/1706], H[356], 0.01sec
0000 and 0015: [12/40], H[4], 0.11sec
0004 and 0014: 194 matches, 0.26sec, #1
0004 and 0014: [76/194], H[9], 0.03sec
0005 and 0015: 106 matches, 0.11sec, #2
0005 and 0015: [52/106], H[6], 0.01sec
0001 and 0015: 46 matches, 0.11sec, #0
0001 and 0015: [13/46], H[6], 0.07sec
0006 and 0015: 136 matches, 0.19sec, #2
0005 and 0014: 281 matches, 0.21sec, #1
0002 and 0015: 49 matches, 0.11sec, #0
0006 and 0015: [67/136], H[9], 0.01sec
0005 and 0014: [142/281], H[17], 0.01sec
0002 and 0015: [15/49], H[5], 0.07sec
0007 and 0015: 169 matches, 0.18sec, #2
0006 and 0014: 280 matches, 0.20sec, #1
0007 and 0015: [76/169], H[15], 0.01sec
0006 and 0014: [177/280], H[44], 0.01sec
0003 and 0015: 85 matches, 0.16sec, #0
0003 and 0015: [27/85], H[7], 0.08sec
0008 and 0015: 252 matches, 0.18sec, #2
0008 and 0015: [127/252], H[33], 0.01sec
0007 and 0014: 397 matches, 0.23sec, #1
0004 and 0015: 88 matches, 0.13sec, #0
0007 and 0014: [247/397], H[45], 0.01sec
0004 and 0015: [35/88], H[16], 0.03sec
0009 and 0015: 360 matches, 0.17sec, #2
0000 and 0016: 33 matches, 0.14sec, #0
0009 and 0015: [222/360], H[24], 0.01sec
0008 and 0014: 512 matches, 0.24sec, #1
0008 and 0014: [300/512], H[85], 0.01sec
0000 and 0016: [11/33], H[5], 0.08sec
0010 and 0015: 538 matches, 0.14sec, #2
0010 and 0016: 518 matches, 0.12sec, #1
0010 and 0015: [418/538], H[37], 0.00sec
0010 and 0016: [378/518], H[60], 0.00sec
0001 and 0016: 36 matches, 0.13sec, #0
0001 and 0016: [12/36], H[6], 0.08sec
0011 and 0015: 787 matches, 0.15sec, #2
0011 and 0016: 713 matches, 0.17sec, #1
0011 and 0015: [623/787], H[60], 0.00sec
0011 and 0016: [616/713], H[95], 0.00sec
0002 and 0016: 48 matches, 0.11sec, #0
0002 and 0016: [18/48], H[5], 0.12sec
0012 and 0015: 1585 matches, 0.15sec, #2
0012 and 0015: [1467/1585], H[377], 0.01sec
0012 and 0016: 1184 matches, 0.17sec, #1
0003 and 0016: 64 matches, 0.11sec, #0
0012 and 0016: [1027/1184], H[244], 0.01sec
0003 and 0016: [28/64], H[5], 0.02sec
0013 and 0015: 1729 matches, 0.14sec, #2
0013 and 0016: 1201 matches, 0.16sec, #1
0013 and 0015: [1332/1729], H[366], 0.01sec
0004 and 0016: 73 matches, 0.15sec, #0
0013 and 0016: [847/1201], H[238], 0.01sec
0004 and 0016: [36/73], H[18], 0.01sec
0005 and 0016: 95 matches, 0.13sec, #0
0005 and 0016: [45/95], H[26], 0.01sec
0014 and 0015: 1754 matches, 0.20sec, #2
0014 and 0016: 1296 matches, 0.20sec, #1
0014 and 0016: [944/1296], H[403], 0.00sec
0014 and 0015: [1483/1754], H[726], 0.01sec
0006 and 0016: 118 matches, 0.10sec, #0
0006 and 0016: [73/118], H[23], 0.01sec
0007 and 0016: 134 matches, 0.13sec, #0
0015 and 0016: 2212 matches, 0.16sec, #1
0007 and 0016: [80/134], H[14], 0.01sec
0015 and 0016: [2126/2212], H[1703], 0.02sec
0004 and 0017: 145 matches, 0.28sec, #2
0008 and 0016: 188 matches, 0.12sec, #0
0008 and 0016: [111/188], H[34], 0.01sec
0000 and 0017: 89 matches, 0.13sec, #1
0004 and 0017: [62/145], H[23], 0.04sec
0000 and 0017: [16/89], H[6], 0.04sec
0009 and 0016: 281 matches, 0.10sec, #0
0009 and 0016: [180/281], H[51], 0.00sec
0014 and 0017: 2424 matches, 0.17sec, #0
0005 and 0017: 237 matches, 0.21sec, #2
0001 and 0017: 103 matches, 0.21sec, #1
0014 and 0017: [1529/2424], H[209], 0.01sec
0005 and 0017: [115/237], H[15], 0.03sec
0001 and 0017: [19/103], H[5], 0.06sec
0015 and 0017: 1307 matches, 0.10sec, #0
0015 and 0017: [827/1307], H[259], 0.01sec
0016 and 0017: 1179 matches, 0.13sec, #0
0006 and 0017: 264 matches, 0.17sec, #2
0016 and 0017: [878/1179], H[330], 0.01sec
0006 and 0017: [152/264], H[64], 0.01sec
0002 and 0017: 97 matches, 0.20sec, #1
0007 and 0017: 372 matches, 0.12sec, #2
0007 and 0017: [222/372], H[41], 0.01sec
0000 and 0018: 75 matches, 0.14sec, #0
0000 and 0018: [15/75], H[6], 0.08sec
0002 and 0017: [25/97], H[5], 0.10sec
0008 and 0017: 423 matches, 0.17sec, #2
0008 and 0017: [280/423], H[120], 0.01sec
0003 and 0017: 127 matches, 0.11sec, #1
0001 and 0018: 94 matches, 0.14sec, #0
0003 and 0017: [56/127], H[23], 0.07sec
0001 and 0018: [18/94], H[11], 0.10sec
0009 and 0017: 760 matches, 0.17sec, #2
0009 and 0017: [546/760], H[132], 0.01sec
0007 and 0018: 357 matches, 0.14sec, #1
0007 and 0018: [215/357], H[46], 0.01sec
0002 and 0018: 110 matches, 0.12sec, #0
0002 and 0018: [21/110], H[5], 0.10sec
0010 and 0017: 1137 matches, 0.17sec, #2
0008 and 0018: 451 matches, 0.17sec, #1
0010 and 0017: [970/1137], H[97], 0.01sec
0003 and 0018: 119 matches, 0.12sec, #0
0008 and 0018: [240/451], H[56], 0.01sec
0003 and 0018: [49/119], H[9], 0.06sec
0011 and 0017: 1474 matches, 0.18sec, #2
0011 and 0017: [1083/1474], H[99], 0.01sec
0004 and 0018: 144 matches, 0.14sec, #0
0009 and 0018: 703 matches, 0.21sec, #1
0009 and 0018: [408/703], H[84], 0.01sec
0004 and 0018: [66/144], H[16], 0.06sec
0012 and 0017: 1421 matches, 0.19sec, #2
0005 and 0018: 203 matches, 0.13sec, #0
0012 and 0017: [885/1421], H[148], 0.01sec
0010 and 0018: 992 matches, 0.21sec, #1
0010 and 0018: [807/992], H[65], 0.01sec
0005 and 0018: [96/203], H[31], 0.13sec
0013 and 0017: 1495 matches, 0.21sec, #2
0011 and 0018: 1408 matches, 0.22sec, #1
0011 and 0018: [1242/1408], H[144], 0.01sec
0013 and 0017: [735/1495], H[30], 0.02sec
0006 and 0018: 225 matches, 0.15sec, #0
0006 and 0018: [126/225], H[20], 0.01sec
0009 and 0019: 566 matches, 0.14sec, #0
0012 and 0018: 1338 matches, 0.17sec, #1
0009 and 0019: [314/566], H[32], 0.01sec
0012 and 0018: [1110/1338], H[182], 0.01sec
0017 and 0018: 3323 matches, 0.20sec, #2
0010 and 0019: 1112 matches, 0.13sec, #0
0017 and 0018: [3211/3323], H[1326], 0.02sec
0013 and 0018: 1975 matches, 0.13sec, #1
0010 and 0019: [707/1112], H[148], 0.01sec
0013 and 0018: [1178/1975], H[280], 0.02sec
0011 and 0019: 981 matches, 0.13sec, #0
0011 and 0019: [747/981], H[87], 0.02sec
0000 and 0019: 56 matches, 0.21sec, #2
0014 and 0018: 2761 matches, 0.21sec, #1
0012 and 0019: 780 matches, 0.11sec, #0
0014 and 0018: [1712/2761], H[408], 0.02sec
0012 and 0019: [533/780], H[83], 0.02sec
0000 and 0019: [16/56], H[7], 0.07sec
0015 and 0018: 1639 matches, 0.10sec, #1
0013 and 0019: 618 matches, 0.12sec, #0
0015 and 0018: [1311/1639], H[251], 0.01sec
0013 and 0019: [361/618], H[99], 0.02sec
0001 and 0019: 56 matches, 0.12sec, #2
0016 and 0018: 1402 matches, 0.09sec, #1
0016 and 0018: [1061/1402], H[491], 0.00sec
0014 and 0019: 827 matches, 0.12sec, #0
0014 and 0019: [570/827], H[70], 0.01sec
0001 and 0019: [15/56], H[9], 0.11sec
0000 and 0020: 134 matches, 0.12sec, #1
0015 and 0019: 662 matches, 0.12sec, #0
0015 and 0019: [572/662], H[115], 0.01sec
0002 and 0019: 66 matches, 0.10sec, #2
0000 and 0020: [47/134], H[16], 0.09sec
0016 and 0019: 679 matches, 0.11sec, #0
0016 and 0019: [523/679], H[87], 0.01sec
0002 and 0019: [27/66], H[11], 0.06sec
0001 and 0020: 165 matches, 0.11sec, #1
0001 and 0020: [64/165], H[22], 0.04sec
0017 and 0019: 1501 matches, 0.15sec, #0
0017 and 0019: [909/1501], H[144], 0.02sec
0003 and 0019: 111 matches, 0.15sec, #2
0003 and 0019: [48/111], H[30], 0.02sec
0018 and 0019: 1271 matches, 0.14sec, #0
0018 and 0019: [900/1271], H[118], 0.01sec
0002 and 0020: 186 matches, 0.24sec, #1
0004 and 0019: 112 matches, 0.09sec, #2
0002 and 0020: [80/186], H[35], 0.02sec
0004 and 0019: [58/112], H[23], 0.01sec
0010 and 0020: 992 matches, 0.13sec, #0
0010 and 0020: [565/992], H[96], 0.01sec
0011 and 0020: 946 matches, 0.14sec, #0
0011 and 0020: [541/946], H[42], 0.01sec
0003 and 0020: 252 matches, 0.22sec, #1
0005 and 0019: 193 matches, 0.23sec, #2
0003 and 0020: [140/252], H[28], 0.01sec
0012 and 0020: 608 matches, 0.12sec, #0
0005 and 0019: [112/193], H[41], 0.00sec
0012 and 0020: [356/608], H[63], 0.01sec
0004 and 0020: 344 matches, 0.17sec, #1
0013 and 0020: 583 matches, 0.17sec, #0
0006 and 0019: 254 matches, 0.18sec, #2
0004 and 0020: [222/344], H[67], 0.00sec
0006 and 0019: [156/254], H[31], 0.00sec
0013 and 0020: [284/583], H[41], 0.01sec
0014 and 0020: 756 matches, 0.15sec, #0
0014 and 0020: [540/756], H[76], 0.01sec
0005 and 0020: 564 matches, 0.24sec, #1
0007 and 0019: 320 matches, 0.26sec, #2
0005 and 0020: [398/564], H[94], 0.00sec
0007 and 0019: [192/320], H[18], 0.01sec
0015 and 0020: 479 matches, 0.12sec, #0
0015 and 0020: [320/479], H[55], 0.01sec
0016 and 0020: 421 matches, 0.14sec, #0
0016 and 0020: [298/421], H[36], 0.01sec
0006 and 0020: 526 matches, 0.18sec, #1
0006 and 0020: [357/526], H[59], 0.01sec
0008 and 0019: 354 matches, 0.20sec, #2
0017 and 0020: 1144 matches, 0.12sec, #0
0008 and 0019: [213/354], H[40], 0.02sec
0017 and 0020: [659/1144], H[91], 0.07sec
0007 and 0020: 845 matches, 0.19sec, #1
0000 and 0021: 71 matches, 0.18sec, #2
0007 and 0020: [528/845], H[94], 0.01sec
0000 and 0021: [33/71], H[15], 0.01sec
0018 and 0020: 1012 matches, 0.13sec, #0
0018 and 0020: [549/1012], H[99], 0.01sec
0008 and 0020: 885 matches, 0.11sec, #1
0001 and 0021: 73 matches, 0.17sec, #2
0008 and 0020: [550/885], H[228], 0.01sec
0001 and 0021: [35/73], H[15], 0.03sec
0019 and 0020: 1493 matches, 0.14sec, #0
0019 and 0020: [1386/1493], H[268], 0.01sec
0010 and 0021: 776 matches, 0.15sec, #0
0010 and 0021: [481/776], H[76], 0.01sec
0002 and 0021: 69 matches, 0.27sec, #2
0009 and 0020: 1131 matches, 0.30sec, #1
0002 and 0021: [37/69], H[16], 0.01sec
0011 and 0021: 774 matches, 0.12sec, #0
0009 and 0020: [647/1131], H[90], 0.02sec
0011 and 0021: [459/774], H[90], 0.01sec
0012 and 0021: 491 matches, 0.18sec, #0
0012 and 0021: [272/491], H[27], 0.01sec
0003 and 0021: 114 matches, 0.22sec, #2
0003 and 0021: [70/114], H[26], 0.01sec
0020 and 0021: 2306 matches, 0.23sec, #1
0013 and 0021: 606 matches, 0.11sec, #0
0013 and 0021: [352/606], H[109], 0.01sec
0020 and 0021: [2191/2306], H[887], 0.01sec
0004 and 0021: 177 matches, 0.13sec, #2
0004 and 0021: [105/177], H[32], 0.01sec
0000 and 0022: 144 matches, 0.13sec, #1
0014 and 0021: 645 matches, 0.16sec, #0
0000 and 0022: [66/144], H[8], 0.02sec
0014 and 0021: [499/645], H[74], 0.01sec
0015 and 0021: 525 matches, 0.12sec, #0
0015 and 0021: [372/525], H[28], 0.01sec
0005 and 0021: 258 matches, 0.25sec, #2
0001 and 0022: 150 matches, 0.23sec, #1
0005 and 0021: [172/258], H[61], 0.00sec
0016 and 0021: 380 matches, 0.12sec, #0
0001 and 0022: [71/150], H[16], 0.01sec
0016 and 0021: [244/380], H[29], 0.01sec
0017 and 0021: 1022 matches, 0.13sec, #0
0017 and 0021: [581/1022], H[76], 0.02sec
0006 and 0021: 252 matches, 0.18sec, #2
0006 and 0021: [168/252], H[44], 0.01sec
0002 and 0022: 186 matches, 0.21sec, #1
0018 and 0021: 1067 matches, 0.11sec, #0
0002 and 0022: [105/186], H[51], 0.01sec
0018 and 0021: [560/1067], H[95], 0.02sec
0019 and 0021: 1523 matches, 0.13sec, #0
0019 and 0021: [1438/1523], H[432], 0.01sec
0007 and 0021: 400 matches, 0.20sec, #2
0007 and 0021: [240/400], H[43], 0.01sec
0003 and 0022: 320 matches, 0.20sec, #1
0009 and 0022: 1032 matches, 0.12sec, #0
0003 and 0022: [189/320], H[83], 0.01sec
0009 and 0022: [855/1032], H[23], 0.01sec
0010 and 0022: 778 matches, 0.17sec, #0
0008 and 0021: 518 matches, 0.20sec, #2
0010 and 0022: [656/778], H[83], 0.00sec
0008 and 0021: [294/518], H[32], 0.01sec
0004 and 0022: 417 matches, 0.30sec, #1
0009 and 0021: 743 matches, 0.11sec, #2
0004 and 0022: [278/417], H[155], 0.00sec
0009 and 0021: [432/743], H[84], 0.01sec
0011 and 0022: 678 matches, 0.15sec, #0
0011 and 0022: [473/678], H[60], 0.01sec
0012 and 0022: 399 matches, 0.14sec, #0
0012 and 0022: [258/399], H[52], 0.01sec
0019 and 0022: 1080 matches, 0.20sec, #2
0019 and 0022: [964/1080], H[154], 0.01sec
0005 and 0022: 619 matches, 0.32sec, #1
0020 and 0022: 3185 matches, 0.12sec, #2
0013 and 0022: 396 matches, 0.14sec, #0
0005 and 0022: [456/619], H[136], 0.00sec
0013 and 0022: [233/396], H[70], 0.01sec
0020 and 0022: [2832/3185], H[1310], 0.02sec
0014 and 0022: 466 matches, 0.14sec, #0
0014 and 0022: [306/466], H[122], 0.01sec
0006 and 0022: 574 matches, 0.18sec, #1
0006 and 0022: [420/574], H[63], 0.00sec
0021 and 0022: 2068 matches, 0.19sec, #2
0007 and 0022: 918 matches, 0.11sec, #1
0007 and 0022: [685/918], H[87], 0.01sec
0021 and 0022: [1912/2068], H[368], 0.01sec
0015 and 0022: 325 matches, 0.14sec, #0
0015 and 0022: [185/325], H[36], 0.01sec
0008 and 0022: 920 matches, 0.20sec, #1
0000 and 0023: 201 matches, 0.20sec, #2
0008 and 0022: [676/920], H[64], 0.01sec
0016 and 0022: 259 matches, 0.12sec, #0
0000 and 0023: [98/201], H[42], 0.01sec
0016 and 0022: [149/259], H[40], 0.01sec
0017 and 0022: 613 matches, 0.14sec, #0
0007 and 0023: 1121 matches, 0.20sec, #1
0007 and 0023: [795/1121], H[129], 0.01sec
0017 and 0022: [320/613], H[106], 0.05sec
0008 and 0023: 985 matches, 0.11sec, #1
0001 and 0023: 231 matches, 0.33sec, #2
0008 and 0023: [674/985], H[119], 0.01sec
0001 and 0023: [110/231], H[19], 0.01sec
0018 and 0022: 688 matches, 0.15sec, #0
0018 and 0022: [364/688], H[48], 0.01sec
0017 and 0023: 562 matches, 0.13sec, #0
0017 and 0023: [283/562], H[83], 0.02sec
0009 and 0023: 1185 matches, 0.23sec, #1
0002 and 0023: 277 matches, 0.26sec, #2
0018 and 0023: 583 matches, 0.13sec, #0
0009 and 0023: [863/1185], H[172], 0.01sec
0002 and 0023: [159/277], H[22], 0.01sec
0018 and 0023: [280/583], H[67], 0.01sec
0010 and 0023: 815 matches, 0.24sec, #1
0003 and 0023: 439 matches, 0.24sec, #2
0010 and 0023: [638/815], H[82], 0.00sec
0003 and 0023: [274/439], H[114], 0.00sec
0019 and 0023: 807 matches, 0.12sec, #0
0019 and 0023: [720/807], H[76], 0.01sec
0020 and 0023: 2791 matches, 0.16sec, #0
0020 and 0023: [2475/2791], H[923], 0.02sec
0011 and 0023: 743 matches, 0.25sec, #1
0011 and 0023: [563/743], H[91], 0.01sec
0004 and 0023: 630 matches, 0.23sec, #2
0004 and 0023: [400/630], H[70], 0.01sec
0012 and 0023: 409 matches, 0.13sec, #1
0021 and 0023: 1340 matches, 0.15sec, #0
0012 and 0023: [265/409], H[94], 0.01sec
0021 and 0023: [1276/1340], H[307], 0.01sec
0005 and 0023: 836 matches, 0.11sec, #2
0013 and 0023: 422 matches, 0.12sec, #1
0005 and 0023: [506/836], H[251], 0.01sec
0013 and 0023: [231/422], H[37], 0.01sec
0022 and 0023: 3486 matches, 0.15sec, #0
0022 and 0023: [3386/3486], H[1593], 0.07sec
0006 and 0023: 789 matches, 0.18sec, #2
0006 and 0023: [588/789], H[100], 0.01sec
0014 and 0023: 476 matches, 0.21sec, #1
0014 and 0023: [275/476], H[48], 0.01sec
0000 and 0024: 259 matches, 0.21sec, #0
0000 and 0024: [136/259], H[28], 0.01sec
0015 and 0023: 283 matches, 0.19sec, #1
0004 and 0024: 841 matches, 0.21sec, #2
0015 and 0023: [148/283], H[51], 0.01sec
0004 and 0024: [500/841], H[140], 0.01sec
0001 and 0024: 309 matches, 0.13sec, #0
0001 and 0024: [160/309], H[68], 0.01sec
0002 and 0024: 419 matches, 0.14sec, #0
0002 and 0024: [235/419], H[149], 0.01sec
0016 and 0023: 263 matches, 0.20sec, #1
0016 and 0023: [157/263], H[24], 0.01sec
0005 and 0024: 983 matches, 0.22sec, #2
0003 and 0024: 608 matches, 0.11sec, #0
0005 and 0024: [537/983], H[116], 0.01sec
0003 and 0024: [360/608], H[42], 0.01sec
0014 and 0024: 347 matches, 0.21sec, #1
0006 and 0024: 946 matches, 0.13sec, #2
0014 and 0024: [174/347], H[37], 0.01sec
0006 and 0024: [569/946], H[78], 0.01sec
0000 and 0025: 236 matches, 0.15sec, #0
0000 and 0025: [127/236], H[24], 0.06sec
0015 and 0024: 175 matches, 0.18sec, #1
0015 and 0024: [102/175], H[22], 0.01sec
0001 and 0025: 285 matches, 0.13sec, #0
0007 and 0024: 1103 matches, 0.21sec, #2
0007 and 0024: [563/1103], H[113], 0.02sec
0001 and 0025: [134/285], H[32], 0.07sec
0016 and 0024: 167 matches, 0.20sec, #1
0016 and 0024: [94/167], H[32], 0.01sec
0002 and 0025: 370 matches, 0.14sec, #0
0002 and 0025: [207/370], H[59], 0.01sec
0008 and 0024: 875 matches, 0.29sec, #2
0008 and 0024: [473/875], H[57], 0.01sec
0017 and 0024: 380 matches, 0.13sec, #1
0017 and 0024: [191/380], H[57], 0.02sec
0003 and 0025: 549 matches, 0.33sec, #0
0003 and 0025: [329/549], H[79], 0.01sec
0009 and 0024: 879 matches, 0.21sec, #2
0009 and 0024: [478/879], H[158], 0.01sec
0018 and 0024: 364 matches, 0.21sec, #1
0004 and 0025: 762 matches, 0.13sec, #0
0004 and 0025: [460/762], H[67], 0.01sec
0018 and 0024: [172/364], H[17], 0.01sec
0005 and 0025: 835 matches, 0.14sec, #0
0005 and 0025: [556/835], H[172], 0.02sec
0010 and 0024: 595 matches, 0.31sec, #2
0019 and 0024: 495 matches, 0.28sec, #1
0010 and 0024: [383/595], H[137], 0.01sec
0006 and 0025: 863 matches, 0.13sec, #0
0019 and 0024: [366/495], H[54], 0.00sec
0006 and 0025: [480/863], H[158], 0.01sec
0007 and 0025: 1051 matches, 0.21sec, #0
0007 and 0025: [623/1051], H[81], 0.01sec
0020 and 0024: 1562 matches, 0.25sec, #1
0011 and 0024: 579 matches, 0.27sec, #2
0020 and 0024: [1374/1562], H[162], 0.01sec
0011 and 0024: [373/579], H[60], 0.01sec
0008 and 0025: 878 matches, 0.12sec, #0
0008 and 0025: [469/878], H[179], 0.01sec
0009 and 0025: 866 matches, 0.14sec, #0
0009 and 0025: [520/866], H[93], 0.01sec
0021 and 0024: 734 matches, 0.24sec, #1
0012 and 0024: 301 matches, 0.23sec, #2
0021 and 0024: [612/734], H[116], 0.01sec
0010 and 0025: 654 matches, 0.13sec, #0
0012 and 0024: [189/301], H[52], 0.00sec
0010 and 0025: [391/654], H[92], 0.01sec
0011 and 0025: 599 matches, 0.17sec, #0
0011 and 0025: [429/599], H[32], 0.01sec
0022 and 0024: 2109 matches, 0.23sec, #1
0013 and 0024: 269 matches, 0.24sec, #2
0022 and 0024: [1916/2109], H[556], 0.01sec
0012 and 0025: 333 matches, 0.11sec, #0
0013 and 0024: [150/269], H[36], 0.01sec
0012 and 0025: [215/333], H[74], 0.01sec
0013 and 0025: 291 matches, 0.15sec, #0
0013 and 0025: [171/291], H[40], 0.01sec
0023 and 0024: 3443 matches, 0.20sec, #1
0020 and 0025: 1910 matches, 0.26sec, #2
0020 and 0025: [1646/1910], H[418], 0.01sec
0014 and 0025: 398 matches, 0.11sec, #0
0023 and 0024: [3255/3443], H[1374], 0.02sec
0014 and 0025: [232/398], H[39], 0.01sec
0015 and 0025: 185 matches, 0.14sec, #0
0015 and 0025: [100/185], H[21], 0.01sec
0021 and 0025: 907 matches, 0.23sec, #2
0005 and 0026: 977 matches, 0.25sec, #1
0021 and 0025: [755/907], H[117], 0.00sec
0016 and 0025: 182 matches, 0.10sec, #0
0005 and 0026: [513/977], H[113], 0.01sec
0016 and 0025: [109/182], H[38], 0.01sec
0017 and 0025: 434 matches, 0.15sec, #0
0017 and 0025: [208/434], H[51], 0.03sec
0022 and 0025: 2575 matches, 0.23sec, #2
0006 and 0026: 991 matches, 0.24sec, #1
0022 and 0025: [2477/2575], H[580], 0.01sec
0018 and 0025: 386 matches, 0.11sec, #0
0006 and 0026: [629/991], H[185], 0.01sec
0018 and 0025: [207/386], H[64], 0.01sec
0019 and 0025: 566 matches, 0.14sec, #0
0019 and 0025: [466/566], H[80], 0.01sec
0023 and 0025: 4023 matches, 0.22sec, #2
0007 and 0026: 1152 matches, 0.27sec, #1
0015 and 0026: 173 matches, 0.11sec, #0
0023 and 0025: [3895/4023], H[1713], 0.02sec
0015 and 0026: [91/173], H[17], 0.01sec
0007 and 0026: [616/1152], H[105], 0.01sec
0016 and 0026: 132 matches, 0.14sec, #0
0016 and 0026: [76/132], H[24], 0.01sec
0024 and 0025: 4661 matches, 0.27sec, #2
0008 and 0026: 858 matches, 0.18sec, #1
0017 and 0026: 339 matches, 0.12sec, #0
0008 and 0026: [473/858], H[75], 0.01sec
0024 and 0025: [4479/4661], H[3139], 0.02sec
0017 and 0026: [179/339], H[22], 0.01sec
0018 and 0026: 315 matches, 0.15sec, #0
0018 and 0026: [139/315], H[42], 0.06sec
0009 and 0026: 795 matches, 0.25sec, #1
0009 and 0026: [469/795], H[69], 0.01sec
0000 and 0026: 314 matches, 0.28sec, #2
0019 and 0026: 421 matches, 0.13sec, #0
0000 and 0026: [178/314], H[94], 0.01sec
0019 and 0026: [319/421], H[45], 0.00sec
0020 and 0026: 1328 matches, 0.16sec, #0
0020 and 0026: [1165/1328], H[252], 0.01sec
0010 and 0026: 589 matches, 0.31sec, #1
0001 and 0026: 375 matches, 0.31sec, #2
0021 and 0026: 614 matches, 0.14sec, #0
0010 and 0026: [351/589], H[167], 0.01sec
0021 and 0026: [476/614], H[110], 0.00sec
0001 and 0026: [174/375], H[65], 0.01sec
0022 and 0026: 1743 matches, 0.16sec, #0
0022 and 0026: [1633/1743], H[379], 0.02sec
0011 and 0026: 561 matches, 0.29sec, #1
0002 and 0026: 479 matches, 0.28sec, #2
0011 and 0026: [389/561], H[161], 0.01sec
0023 and 0026: 2856 matches, 0.13sec, #0
0002 and 0026: [253/479], H[65], 0.01sec
0023 and 0026: [2663/2856], H[699], 0.02sec
0024 and 0026: 4389 matches, 0.13sec, #0
0024 and 0026: [4268/4389], H[3069], 0.04sec
0012 and 0026: 313 matches, 0.23sec, #1
0003 and 0026: 651 matches, 0.23sec, #2
0012 and 0026: [181/313], H[53], 0.01sec
0003 and 0026: [389/651], H[166], 0.01sec
0025 and 0026: 4145 matches, 0.12sec, #0
0025 and 0026: [3729/4145], H[1286], 0.01sec
0000 and 0027: 342 matches, 0.17sec, #0
0000 and 0027: [212/342], H[19], 0.01sec
0013 and 0026: 260 matches, 0.24sec, #1
0004 and 0026: 888 matches, 0.25sec, #2
0013 and 0026: [140/260], H[38], 0.01sec
0004 and 0026: [556/888], H[92], 0.01sec
0001 and 0027: 402 matches, 0.12sec, #0
0001 and 0027: [234/402], H[40], 0.01sec
0002 and 0027: 570 matches, 0.15sec, #0
0002 and 0027: [344/570], H[214], 0.01sec
0014 and 0026: 351 matches, 0.23sec, #1
0009 and 0027: 510 matches, 0.25sec, #2
0003 and 0027: 779 matches, 0.12sec, #0
0014 and 0026: [170/351], H[25], 0.01sec
0009 and 0027: [358/510], H[107], 0.01sec
0003 and 0027: [542/779], H[210], 0.01sec
0004 and 0027: 870 matches, 0.14sec, #0
0004 and 0027: [608/870], H[167], 0.01sec
0019 and 0027: 341 matches, 0.24sec, #1
0010 and 0027: 475 matches, 0.28sec, #2
0019 and 0027: [223/341], H[62], 0.01sec
0010 and 0027: [300/475], H[156], 0.01sec
0005 and 0027: 874 matches, 0.13sec, #0
0005 and 0027: [664/874], H[113], 0.01sec
0006 and 0027: 985 matches, 0.17sec, #0
0006 and 0027: [718/985], H[252], 0.01sec
0020 and 0027: 693 matches, 0.22sec, #1
0020 and 0027: [540/693], H[69], 0.01sec
0011 and 0027: 414 matches, 0.27sec, #2
0007 and 0027: 840 matches, 0.14sec, #0
0011 and 0027: [231/414], H[49], 0.01sec
0007 and 0027: [673/840], H[100], 0.01sec
0021 and 0027: 372 matches, 0.14sec, #1
0021 and 0027: [262/372], H[40], 0.01sec
0008 and 0027: 570 matches, 0.16sec, #0
0008 and 0027: [413/570], H[98], 0.01sec
0012 and 0027: 243 matches, 0.27sec, #2
0022 and 0027: 1070 matches, 0.27sec, #1
0012 and 0027: [118/243], H[34], 0.01sec
0022 and 0027: [855/1070], H[85], 0.01sec
0002 and 0028: 392 matches, 0.13sec, #0
0002 and 0028: [228/392], H[37], 0.01sec
0003 and 0028: 524 matches, 0.15sec, #0
0003 and 0028: [350/524], H[76], 0.01sec
0013 and 0027: 160 matches, 0.31sec, #2
0023 and 0027: 1645 matches, 0.32sec, #1
0004 and 0028: 595 matches, 0.13sec, #0
0013 and 0027: [70/160], H[27], 0.02sec
0023 and 0027: [1282/1645], H[205], 0.01sec
0004 and 0028: [366/595], H[165], 0.01sec
0005 and 0028: 693 matches, 0.24sec, #0
0005 and 0028: [382/693], H[71], 0.01sec
0014 and 0027: 224 matches, 0.34sec, #2
0024 and 0027: 2971 matches, 0.34sec, #1
0014 and 0027: [117/224], H[29], 0.01sec
0006 and 0028: 774 matches, 0.13sec, #0
0024 and 0027: [2418/2971], H[602], 0.02sec
0006 and 0028: [489/774], H[139], 0.01sec
0007 and 0028: 648 matches, 0.16sec, #0
0007 and 0028: [409/648], H[66], 0.01sec
0015 and 0027: 129 matches, 0.24sec, #2
0025 and 0027: 2552 matches, 0.24sec, #1
0015 and 0027: [64/129], H[19], 0.01sec
0025 and 0027: [2007/2552], H[341], 0.01sec
0008 and 0028: 481 matches, 0.12sec, #0
0008 and 0028: [322/481], H[28], 0.01sec
0009 and 0028: 448 matches, 0.15sec, #0
0009 and 0028: [277/448], H[30], 0.01sec
0016 and 0027: 137 matches, 0.23sec, #2
0026 and 0027: 3197 matches, 0.26sec, #1
0016 and 0027: [74/137], H[17], 0.01sec
0010 and 0028: 405 matches, 0.12sec, #0
0010 and 0028: [283/405], H[66], 0.01sec
0026 and 0027: [2805/3197], H[536], 0.02sec
0011 and 0028: 371 matches, 0.13sec, #0
0011 and 0028: [227/371], H[99], 0.01sec
0017 and 0027: 283 matches, 0.23sec, #2
0000 and 0028: 243 matches, 0.16sec, #1
0017 and 0027: [149/283], H[33], 0.01sec
0012 and 0028: 219 matches, 0.13sec, #0
0000 and 0028: [144/243], H[51], 0.00sec
0012 and 0028: [137/219], H[53], 0.01sec
0013 and 0028: 210 matches, 0.14sec, #0
0018 and 0027: 203 matches, 0.18sec, #2
0013 and 0028: [113/210], H[49], 0.03sec
0018 and 0027: [97/203], H[32], 0.01sec
0001 and 0028: 277 matches, 0.22sec, #1
0022 and 0028: 925 matches, 0.11sec, #2
0001 and 0028: [154/277], H[43], 0.01sec
0022 and 0028: [837/925], H[81], 0.01sec
0014 and 0028: 199 matches, 0.14sec, #0
0014 and 0028: [96/199], H[42], 0.04sec
0015 and 0028: 168 matches, 0.12sec, #0
0015 and 0028: [102/168], H[39], 0.01sec
0004 and 0029: 1093 matches, 0.24sec, #1
0023 and 0028: 1489 matches, 0.27sec, #2
0004 and 0029: [896/1093], H[173], 0.01sec
0016 and 0028: 187 matches, 0.11sec, #0
0023 and 0028: [1350/1489], H[277], 0.01sec
0016 and 0028: [105/187], H[21], 0.01sec
0017 and 0028: 196 matches, 0.17sec, #0
0017 and 0028: [104/196], H[35], 0.01sec
0005 and 0029: 1027 matches, 0.25sec, #1
0024 and 0028: 2480 matches, 0.26sec, #2
0005 and 0029: [755/1027], H[175], 0.01sec
0018 and 0028: 183 matches, 0.12sec, #0
0024 and 0028: [2332/2480], H[859], 0.01sec
0018 and 0028: [99/183], H[25], 0.01sec
0019 and 0028: 310 matches, 0.13sec, #0
0019 and 0028: [232/310], H[23], 0.00sec
0006 and 0029: 919 matches, 0.23sec, #1
0025 and 0028: 2143 matches, 0.25sec, #2
0020 and 0028: 627 matches, 0.11sec, #0
0006 and 0029: [749/919], H[110], 0.01sec
0020 and 0028: [518/627], H[79], 0.00sec
0025 and 0028: [2029/2143], H[820], 0.01sec
0021 and 0028: 344 matches, 0.15sec, #0
0021 and 0028: [265/344], H[39], 0.00sec
0026 and 0028: 2557 matches, 0.24sec, #2
0007 and 0029: 685 matches, 0.27sec, #1
0007 and 0029: [577/685], H[123], 0.01sec
0026 and 0028: [2411/2557], H[1205], 0.01sec
0014 and 0029: 109 matches, 0.20sec, #0
0014 and 0029: [58/109], H[21], 0.01sec
0008 and 0029: 507 matches, 0.26sec, #1
0015 and 0029: 92 matches, 0.14sec, #0
0008 and 0029: [354/507], H[76], 0.01sec
0015 and 0029: [42/92], H[14], 0.01sec
0027 and 0028: 2754 matches, 0.40sec, #2
0016 and 0029: 73 matches, 0.14sec, #0
0027 and 0028: [2599/2754], H[1282], 0.02sec
0016 and 0029: [37/73], H[9], 0.01sec
0009 and 0029: 319 matches, 0.28sec, #1
0009 and 0029: [199/319], H[49], 0.01sec
0017 and 0029: 109 matches, 0.16sec, #0
0017 and 0029: [56/109], H[13], 0.01sec
0000 and 0029: 340 matches, 0.27sec, #2
0018 and 0029: 117 matches, 0.12sec, #0
0000 and 0029: [242/340], H[94], 0.00sec
0010 and 0029: 282 matches, 0.20sec, #1
0018 and 0029: [56/117], H[11], 0.04sec
0010 and 0029: [178/282], H[80], 0.01sec
0001 and 0029: 483 matches, 0.12sec, #2
0019 and 0029: 207 matches, 0.12sec, #0
0001 and 0029: [277/483], H[60], 0.01sec
0019 and 0029: [131/207], H[45], 0.01sec
0020 and 0029: 277 matches, 0.14sec, #0
0020 and 0029: [172/277], H[41], 0.01sec
0011 and 0029: 215 matches, 0.25sec, #1
0011 and 0029: [143/215], H[66], 0.01sec
0002 and 0029: 739 matches, 0.18sec, #2
0002 and 0029: [475/739], H[38], 0.01sec
0021 and 0029: 204 matches, 0.12sec, #0
0021 and 0029: [118/204], H[44], 0.01sec
0012 and 0029: 150 matches, 0.19sec, #1
0012 and 0029: [85/150], H[15], 0.01sec
0003 and 0029: 1054 matches, 0.21sec, #2
0003 and 0029: [842/1054], H[83], 0.01sec
0022 and 0029: 480 matches, 0.14sec, #0
0022 and 0029: [363/480], H[31], 0.01sec
0023 and 0029: 549 matches, 0.15sec, #0
0023 and 0029: [439/549], H[48], 0.00sec
0013 and 0029: 111 matches, 0.22sec, #1
0013 and 0029: [47/111], H[6], 0.03sec
0024 and 0029: 962 matches, 0.22sec, #2
0024 and 0029: [822/962], H[62], 0.01sec
0005 and 0030: 758 matches, 0.12sec, #0
0005 and 0030: [614/758], H[170], 0.01sec
0006 and 0030: 558 matches, 0.12sec, #0
0006 and 0030: [460/558], H[76], 0.01sec
0015 and 0030: 100 matches, 0.23sec, #1
0025 and 0029: 858 matches, 0.25sec, #2
0007 and 0030: 491 matches, 0.12sec, #0
0015 and 0030: [42/100], H[8], 0.02sec
0025 and 0029: [562/858], H[140], 0.01sec
0007 and 0030: [382/491], H[131], 0.00sec
0008 and 0030: 336 matches, 0.14sec, #0
0008 and 0030: [247/336], H[39], 0.01sec
0016 and 0030: 81 matches, 0.19sec, #1
0026 and 0029: 1048 matches, 0.24sec, #2
0016 and 0030: [44/81], H[20], 0.01sec
0026 and 0029: [798/1048], H[146], 0.01sec
0009 and 0030: 276 matches, 0.12sec, #0
0009 and 0030: [198/276], H[44], 0.01sec
0010 and 0030: 193 matches, 0.13sec, #0
0010 and 0030: [134/193], H[24], 0.01sec
0017 and 0030: 120 matches, 0.22sec, #1
0027 and 0029: 1928 matches, 0.23sec, #2
0017 and 0030: [56/120], H[30], 0.01sec
0011 and 0030: 189 matches, 0.11sec, #0
0027 and 0029: [1823/1928], H[604], 0.01sec
0011 and 0030: [118/189], H[9], 0.01sec
0018 and 0030: 117 matches, 0.17sec, #1
0012 and 0030: 132 matches, 0.13sec, #0
0018 and 0030: [53/117], H[14], 0.02sec
0028 and 0029: 1105 matches, 0.21sec, #2
0012 and 0030: [64/132], H[19], 0.01sec
0028 and 0029: [962/1105], H[74], 0.01sec
0013 and 0030: 117 matches, 0.13sec, #0
0013 and 0030: [54/117], H[16], 0.02sec
0019 and 0030: 114 matches, 0.25sec, #1
0000 and 0030: 544 matches, 0.25sec, #2
0019 and 0030: [77/114], H[46], 0.00sec
0000 and 0030: [366/544], H[189], 0.00sec
0014 and 0030: 129 matches, 0.12sec, #0
0014 and 0030: [59/129], H[20], 0.07sec
0025 and 0030: 590 matches, 0.14sec, #0
0025 and 0030: [426/590], H[110], 0.01sec
0020 and 0030: 225 matches, 0.26sec, #1
0001 and 0030: 796 matches, 0.25sec, #2
0020 and 0030: [138/225], H[51], 0.01sec
0001 and 0030: [510/796], H[81], 0.01sec
0026 and 0030: 742 matches, 0.12sec, #0
0026 and 0030: [558/742], H[49], 0.01sec
0027 and 0030: 1210 matches, 0.13sec, #0
0027 and 0030: [986/1210], H[87], 0.01sec
0021 and 0030: 134 matches, 0.23sec, #1
0002 and 0030: 1125 matches, 0.24sec, #2
0021 and 0030: [92/134], H[28], 0.00sec
0002 and 0030: [880/1125], H[320], 0.01sec
0028 and 0030: 1316 matches, 0.12sec, #0
0028 and 0030: [862/1316], H[103], 0.01sec
0029 and 0030: 1533 matches, 0.13sec, #0
0029 and 0030: [1478/1533], H[499], 0.01sec
0022 and 0030: 283 matches, 0.26sec, #1
0003 and 0030: 998 matches, 0.26sec, #2
0022 and 0030: [211/283], H[87], 0.00sec
0003 and 0030: [841/998], H[263], 0.01sec
0000 and 0031: 857 matches, 0.12sec, #0
0000 and 0031: [567/857], H[170], 0.01sec
0001 and 0031: 1265 matches, 0.12sec, #0
0001 and 0031: [926/1265], H[265], 0.01sec
0023 and 0030: 395 matches, 0.27sec, #1
0023 and 0030: [284/395], H[120], 0.01sec
0004 and 0030: 967 matches, 0.29sec, #2
0002 and 0031: 1687 matches, 0.12sec, #0
0002 and 0031: [1511/1687], H[520], 0.01sec
0004 and 0030: [725/967], H[64], 0.08sec
0024 and 0030: 728 matches, 0.13sec, #1
0024 and 0030: [499/728], H[167], 0.01sec
0003 and 0031: 1787 matches, 0.14sec, #0
0003 and 0031: [1446/1787], H[580], 0.01sec
0005 and 0031: 1641 matches, 0.24sec, #2
0015 and 0031: 77 matches, 0.14sec, #1
0005 and 0031: [1246/1641], H[166], 0.01sec
0004 and 0031: 1789 matches, 0.12sec, #0
0004 and 0031: [1389/1789], H[333], 0.01sec
0015 and 0031: [33/77], H[7], 0.09sec
0006 and 0031: 1180 matches, 0.17sec, #2
0006 and 0031: [811/1180], H[155], 0.01sec
0025 and 0031: 596 matches, 0.13sec, #0
0025 and 0031: [365/596], H[169], 0.01sec
0016 and 0031: 73 matches, 0.15sec, #1
0026 and 0031: 822 matches, 0.12sec, #0
0007 and 0031: 876 matches, 0.14sec, #2
0026 and 0031: [479/822], H[108], 0.01sec
0007 and 0031: [495/876], H[166], 0.01sec
0016 and 0031: [27/73], H[12], 0.04sec
0027 and 0031: 1177 matches, 0.14sec, #0
0027 and 0031: [664/1177], H[70], 0.01sec
0008 and 0031: 564 matches, 0.20sec, #2
0017 and 0031: 134 matches, 0.14sec, #1
0008 and 0031: [329/564], H[72], 0.01sec
0028 and 0031: 666 matches, 0.12sec, #0
0028 and 0031: [348/666], H[82], 0.01sec
0017 and 0031: [45/134], H[13], 0.14sec
0009 and 0031: 367 matches, 0.13sec, #2
0029 and 0031: 1627 matches, 0.12sec, #0
0009 and 0031: [183/367], H[58], 0.01sec
0029 and 0031: [1066/1627], H[173], 0.07sec
0018 and 0031: 117 matches, 0.23sec, #1
0030 and 0031: 1885 matches, 0.15sec, #0
0030 and 0031: [1555/1885], H[524], 0.01sec
0010 and 0031: 257 matches, 0.25sec, #2
0018 and 0031: [46/117], H[11], 0.04sec
0010 and 0031: [118/257], H[23], 0.01sec
0000 and 0032: 1308 matches, 0.13sec, #0
0000 and 0032: [848/1308], H[180], 0.01sec
0001 and 0032: 1743 matches, 0.12sec, #0
0001 and 0032: [1355/1743], H[490], 0.01sec
0019 and 0031: 106 matches, 0.25sec, #1
0019 and 0031: [59/106], H[14], 0.01sec
0011 and 0031: 236 matches, 0.26sec, #2
0002 and 0032: 2023 matches, 0.12sec, #0
0002 and 0032: [1566/2023], H[489], 0.02sec
0011 and 0031: [120/236], H[26], 0.04sec
0020 and 0031: 266 matches, 0.22sec, #1
0012 and 0031: 154 matches, 0.19sec, #2
0020 and 0031: [159/266], H[86], 0.01sec
0003 and 0032: 1817 matches, 0.15sec, #0
0012 and 0031: [56/154], H[12], 0.07sec
0003 and 0032: [1365/1817], H[442], 0.02sec
0004 and 0032: 1757 matches, 0.13sec, #0
0004 and 0032: [1183/1757], H[174], 0.02sec
0021 and 0031: 148 matches, 0.26sec, #1
0013 and 0031: 115 matches, 0.21sec, #2
0005 and 0032: 1238 matches, 0.13sec, #0
0021 and 0031: [92/148], H[14], 0.00sec
0005 and 0032: [803/1238], H[97], 0.01sec
0013 and 0031: [43/115], H[13], 0.05sec
0006 and 0032: 781 matches, 0.12sec, #0
0006 and 0032: [482/781], H[111], 0.01sec
0022 and 0031: 331 matches, 0.15sec, #1
0022 and 0031: [203/331], H[116], 0.01sec
0014 and 0031: 135 matches, 0.17sec, #2
0007 and 0032: 608 matches, 0.20sec, #0
0007 and 0032: [312/608], H[65], 0.01sec
0014 and 0031: [47/135], H[7], 0.09sec
0023 and 0031: 495 matches, 0.13sec, #1
0023 and 0031: [259/495], H[60], 0.01sec
0008 and 0032: 435 matches, 0.12sec, #0
0008 and 0032: [214/435], H[61], 0.02sec
0009 and 0032: 294 matches, 0.12sec, #0
0014 and 0032: 119 matches, 0.21sec, #2
0009 and 0032: [140/294], H[21], 0.06sec
0024 and 0031: 753 matches, 0.22sec, #1
0024 and 0031: [403/753], H[61], 0.01sec
0014 and 0032: [37/119], H[9], 0.05sec
0010 and 0032: 217 matches, 0.12sec, #0
0010 and 0032: [101/217], H[15], 0.08sec
0024 and 0032: 578 matches, 0.18sec, #1
0024 and 0032: [289/578], H[132], 0.01sec
0015 and 0032: 68 matches, 0.11sec, #2
0011 and 0032: 200 matches, 0.14sec, #0
0011 and 0032: [84/200], H[14], 0.02sec
0025 and 0032: 462 matches, 0.15sec, #1
0015 and 0032: [22/68], H[9], 0.06sec
0025 and 0032: [224/462], H[65], 0.01sec
0016 and 0032: 56 matches, 0.08sec, #2
0012 and 0032: 119 matches, 0.14sec, #0
0012 and 0032: [43/119], H[5], 0.08sec
0016 and 0032: [23/56], H[12], 0.10sec
0026 and 0032: 548 matches, 0.20sec, #1
0026 and 0032: [302/548], H[87], 0.02sec
0017 and 0032: 115 matches, 0.12sec, #2
0013 and 0032: 97 matches, 0.14sec, #0
0013 and 0032: [34/97], H[8], 0.07sec
0017 and 0032: [31/115], H[14], 0.09sec
0027 and 0032: 803 matches, 0.21sec, #1
0002 and 0033: 1491 matches, 0.13sec, #0
0027 and 0032: [415/803], H[94], 0.01sec
0002 and 0033: [1217/1491], H[484], 0.01sec
0018 and 0032: 93 matches, 0.16sec, #2
0003 and 0033: 1318 matches, 0.13sec, #0
0028 and 0032: 463 matches, 0.14sec, #1
0003 and 0033: [1081/1318], H[166], 0.01sec
0028 and 0032: [248/463], H[47], 0.01sec
0018 and 0032: [25/93], H[8], 0.05sec
0004 and 0033: 1008 matches, 0.14sec, #0
0004 and 0033: [673/1008], H[106], 0.01sec
0029 and 0032: 1202 matches, 0.20sec, #1
0029 and 0032: [681/1202], H[144], 0.01sec
0019 and 0032: 78 matches, 0.11sec, #2
0019 and 0032: [37/78], H[23], 0.01sec
0005 and 0033: 661 matches, 0.11sec, #0
0005 and 0033: [418/661], H[50], 0.01sec
0030 and 0032: 1242 matches, 0.20sec, #1
0006 and 0033: 626 matches, 0.12sec, #0
0030 and 0032: [779/1242], H[100], 0.01sec
0006 and 0033: [386/626], H[91], 0.01sec
0020 and 0032: 222 matches, 0.32sec, #2
0007 and 0033: 416 matches, 0.14sec, #0
0020 and 0032: [125/222], H[69], 0.01sec
0007 and 0033: [243/416], H[27], 0.01sec
0031 and 0032: 3634 matches, 0.28sec, #1
0021 and 0032: 106 matches, 0.14sec, #2
0031 and 0032: [3315/3634], H[975], 0.02sec
0021 and 0032: [57/106], H[17], 0.01sec
0008 and 0033: 275 matches, 0.13sec, #0
0008 and 0033: [140/275], H[26], 0.01sec
0009 and 0033: 176 matches, 0.13sec, #0
0009 and 0033: [97/176], H[22], 0.01sec
0000 and 0033: 1074 matches, 0.26sec, #1
0022 and 0032: 250 matches, 0.28sec, #2
0010 and 0033: 184 matches, 0.12sec, #0
0000 and 0033: [671/1074], H[133], 0.01sec
0022 and 0032: [140/250], H[21], 0.01sec
0010 and 0033: [81/184], H[20], 0.02sec
0011 and 0033: 168 matches, 0.13sec, #0
0001 and 0033: 1348 matches, 0.23sec, #1
0001 and 0033: [1195/1348], H[589], 0.01sec
0011 and 0033: [81/168], H[18], 0.09sec
0023 and 0032: 362 matches, 0.24sec, #2
0023 and 0032: [179/362], H[46], 0.01sec
0022 and 0033: 165 matches, 0.12sec, #0
0022 and 0033: [97/165], H[40], 0.01sec
0012 and 0033: 98 matches, 0.20sec, #1
0032 and 0033: 2526 matches, 0.14sec, #2
0023 and 0033: 252 matches, 0.12sec, #0
0032 and 0033: [2365/2526], H[1109], 0.02sec
0012 and 0033: [40/98], H[9], 0.03sec
0023 and 0033: [130/252], H[59], 0.02sec
0024 and 0033: 386 matches, 0.12sec, #0
0024 and 0033: [213/386], H[30], 0.01sec
0000 and 0034: 1880 matches, 0.23sec, #2
0013 and 0033: 78 matches, 0.24sec, #1
0000 and 0034: [1323/1880], H[78], 0.01sec
0025 and 0033: 311 matches, 0.14sec, #0
0025 and 0033: [174/311], H[69], 0.01sec
0013 and 0033: [31/78], H[12], 0.03sec
0001 and 0034: 2139 matches, 0.15sec, #2
0001 and 0034: [1835/2139], H[331], 0.01sec
0014 and 0033: 90 matches, 0.17sec, #1
0002 and 0034: 2373 matches, 0.09sec, #2
0026 and 0033: 388 matches, 0.33sec, #0
0002 and 0034: [1830/2373], H[685], 0.01sec
0026 and 0033: [216/388], H[37], 0.01sec
0014 and 0033: [32/90], H[7], 0.11sec
0003 and 0034: 1494 matches, 0.16sec, #2
0015 and 0033: 59 matches, 0.17sec, #1
0003 and 0034: [1174/1494], H[109], 0.01sec
0027 and 0033: 652 matches, 0.23sec, #0
0027 and 0033: [370/652], H[63], 0.01sec
0004 and 0034: 1392 matches, 0.09sec, #2
0015 and 0033: [18/59], H[7], 0.11sec
0004 and 0034: [965/1392], H[136], 0.01sec
0028 and 0033: 447 matches, 0.18sec, #0
0028 and 0033: [238/447], H[18], 0.03sec
0016 and 0033: 58 matches, 0.14sec, #1
0005 and 0034: 775 matches, 0.17sec, #2
0005 and 0034: [431/775], H[102], 0.01sec
0016 and 0033: [25/58], H[15], 0.02sec
0029 and 0033: 896 matches, 0.19sec, #0
0029 and 0033: [519/896], H[88], 0.01sec
0006 and 0034: 447 matches, 0.15sec, #2
0017 and 0033: 67 matches, 0.16sec, #1
0006 and 0034: [261/447], H[30], 0.01sec
0030 and 0033: 1176 matches, 0.29sec, #0
0017 and 0033: [24/67], H[8], 0.10sec
0030 and 0033: [730/1176], H[164], 0.01sec
0007 and 0034: 447 matches, 0.10sec, #2
0007 and 0034: [218/447], H[40], 0.02sec
0018 and 0033: 80 matches, 0.08sec, #1
0031 and 0033: 1743 matches, 0.22sec, #0
0031 and 0033: [1342/1743], H[449], 0.01sec
0018 and 0033: [18/80], H[9], 0.08sec
0008 and 0034: 321 matches, 0.15sec, #2
0009 and 0034: 222 matches, 0.22sec, #0
0008 and 0034: [150/321], H[26], 0.02sec
0009 and 0034: [97/222], H[15], 0.03sec
0019 and 0033: 67 matches, 0.15sec, #1
0019 and 0034: 61 matches, 0.15sec, #2
0019 and 0033: [37/67], H[15], 0.01sec
0010 and 0034: 143 matches, 0.22sec, #0
0010 and 0034: [55/143], H[10], 0.07sec
0019 and 0034: [20/61], H[5], 0.08sec
0020 and 0033: 155 matches, 0.18sec, #1
0020 and 0034: 173 matches, 0.12sec, #2
0020 and 0033: [84/155], H[45], 0.01sec
0011 and 0034: 138 matches, 0.24sec, #0
0011 and 0034: [60/138], H[21], 0.03sec
0020 and 0034: [70/173], H[27], 0.08sec
0021 and 0033: 76 matches, 0.08sec, #1
0021 and 0033: [42/76], H[21], 0.01sec
0012 and 0034: 80 matches, 0.14sec, #0
0012 and 0034: [21/80], H[6], 0.11sec
0021 and 0034: 93 matches, 0.15sec, #2
0021 and 0034: [38/93], H[13], 0.02sec
0029 and 0034: 656 matches, 0.16sec, #1
0029 and 0034: [328/656], H[52], 0.02sec
0013 and 0034: 89 matches, 0.19sec, #0
0022 and 0034: 184 matches, 0.16sec, #2
0013 and 0034: [25/89], H[7], 0.11sec
0022 and 0034: [88/184], H[26], 0.01sec
0030 and 0034: 814 matches, 0.18sec, #1
0023 and 0034: 267 matches, 0.10sec, #2
0030 and 0034: [460/814], H[24], 0.01sec
0014 and 0034: 92 matches, 0.20sec, #0
0023 and 0034: [127/267], H[31], 0.01sec
0014 and 0034: [19/92], H[4], 0.14sec
0031 and 0034: 2016 matches, 0.19sec, #1
0024 and 0034: 382 matches, 0.20sec, #2
0031 and 0034: [1706/2016], H[305], 0.01sec
0024 and 0034: [182/382], H[53], 0.01sec
0015 and 0034: 60 matches, 0.20sec, #0
0015 and 0034: [13/60], H[6], 0.14sec
0032 and 0034: 3021 matches, 0.19sec, #1
0025 and 0034: 329 matches, 0.23sec, #2
0016 and 0034: 41 matches, 0.10sec, #0
0032 and 0034: [2765/3021], H[851], 0.02sec
0025 and 0034: [167/329], H[44], 0.08sec
0033 and 0034: 2235 matches, 0.15sec, #1
0016 and 0034: [15/41], H[6], 0.17sec
0033 and 0034: [2136/2235], H[672], 0.02sec
0026 and 0034: 404 matches, 0.15sec, #2
0017 and 0034: 98 matches, 0.12sec, #0
0000 and 0035: 1875 matches, 0.13sec, #1
0026 and 0034: [210/404], H[58], 0.03sec
0000 and 0035: [1169/1875], H[138], 0.02sec
0017 and 0034: [16/98], H[5], 0.07sec
0018 and 0034: 96 matches, 0.12sec, #0
0027 and 0034: 524 matches, 0.21sec, #2
0027 and 0034: [251/524], H[103], 0.01sec
0001 and 0035: 2181 matches, 0.20sec, #1
0001 and 0035: [1837/2181], H[795], 0.02sec
0018 and 0034: [22/96], H[6], 0.11sec
0005 and 0035: 702 matches, 0.12sec, #0
0002 and 0035: 2475 matches, 0.20sec, #1
0028 and 0034: 314 matches, 0.22sec, #2
0005 and 0035: [403/702], H[36], 0.01sec
0028 and 0034: [181/314], H[65], 0.01sec
0002 and 0035: [2099/2475], H[219], 0.01sec
0006 and 0035: 486 matches, 0.13sec, #0
0006 and 0035: [219/486], H[32], 0.03sec
0015 and 0035: 48 matches, 0.17sec, #2
0003 and 0035: 1496 matches, 0.20sec, #1
0015 and 0035: [13/48], H[5], 0.04sec
0003 and 0035: [1049/1496], H[300], 0.01sec
0007 and 0035: 398 matches, 0.11sec, #0
0007 and 0035: [190/398], H[37], 0.03sec
0016 and 0035: 52 matches, 0.16sec, #2
0008 and 0035: 311 matches, 0.13sec, #0
0016 and 0035: [21/52], H[11], 0.04sec
0004 and 0035: 1293 matches, 0.23sec, #1
0008 and 0035: [145/311], H[24], 0.06sec
0004 and 0035: [884/1293], H[312], 0.01sec
0009 and 0035: 229 matches, 0.13sec, #0
0017 and 0035: 99 matches, 0.20sec, #2
0009 and 0035: [81/229], H[18], 0.09sec
0025 and 0035: 356 matches, 0.22sec, #1
0017 and 0035: [21/99], H[6], 0.08sec
0025 and 0035: [177/356], H[34], 0.03sec
0010 and 0035: 133 matches, 0.12sec, #0
0010 and 0035: [50/133], H[11], 0.18sec
0018 and 0035: 107 matches, 0.19sec, #2
0026 and 0035: 443 matches, 0.24sec, #1
0018 and 0035: [22/107], H[5], 0.05sec
0026 and 0035: [229/443], H[58], 0.01sec
0011 and 0035: 132 matches, 0.12sec, #0
0011 and 0035: [47/132], H[10], 0.16sec
0019 and 0035: 75 matches, 0.19sec, #2
0027 and 0035: 523 matches, 0.23sec, #1
0019 and 0035: [29/75], H[10], 0.06sec
0027 and 0035: [264/523], H[82], 0.01sec
0012 and 0035: 87 matches, 0.12sec, #0
0020 and 0035: 179 matches, 0.17sec, #2
0020 and 0035: [85/179], H[16], 0.01sec
0012 and 0035: [21/87], H[6], 0.08sec
0028 and 0035: 341 matches, 0.23sec, #1
0028 and 0035: [197/341], H[85], 0.01sec
0013 and 0035: 79 matches, 0.13sec, #0
0021 and 0035: 99 matches, 0.20sec, #2
0029 and 0035: 662 matches, 0.15sec, #1
0029 and 0035: [373/662], H[58], 0.01sec
0013 and 0035: [21/79], H[7], 0.05sec
0021 and 0035: [41/99], H[9], 0.05sec
0014 and 0035: 102 matches, 0.12sec, #0
0030 and 0035: 801 matches, 0.19sec, #1
0030 and 0035: [504/801], H[49], 0.01sec
0014 and 0035: [20/102], H[5], 0.10sec
0022 and 0035: 183 matches, 0.23sec, #2
0022 and 0035: [93/183], H[27], 0.01sec
0031 and 0035: 1941 matches, 0.15sec, #1
0033 and 0035: 2029 matches, 0.13sec, #0
0031 and 0035: [1448/1941], H[172], 0.02sec
0033 and 0035: [1942/2029], H[959], 0.02sec
0034 and 0035: 3920 matches, 0.12sec, #0
0034 and 0035: [3726/3920], H[1404], 0.04sec
0023 and 0035: 271 matches, 0.23sec, #2
0023 and 0035: [143/271], H[21], 0.01sec
0032 and 0035: 2785 matches, 0.28sec, #1
0032 and 0035: [2273/2785], H[894], 0.01sec
0024 and 0035: 413 matches, 0.12sec, #2
0024 and 0035: [201/413], H[73], 0.01sec

###########-------timing------#########
630 Image Match finished, 51 sec used
#############################

----------------------------------------------------------------
Compute Missing Pairwise Matching, finished
Totally 57.000 seconds used


Run full 3D reconstruction, begin...
571 pairs have two-view models
630 pairs have fundamental matrices
Initialize with WIN..9_Pro and WIN..1_Pro
2040 3D points initialized from two images
PBA library version = 105
PBA: 2040 3D pts, 2 cams and 4080 projs...
PBA: 970.939 -> 0.039 (3 LMs in 0.11sec)
Focal Length : [534.782]->[534.782]
Focal Length : [534.782]->[534.782]

#############################
#3: [WIN..0_Pro] sees 2617 (+2504) 3D points
Estimated Focal Length [535][0.84N]
# 2626 projs (515 pts and 0 merges)
PBA: 2555 3D pts, 3 cams and 6706 projs...
PBA: 0.320 -> 0.178 (4 LMs in 0.01sec)

**************************************
#3/3:  3704 projs and 1046 pts added.
PBA: 3084 3D pts, 3 cams and 7780 projs...
PBA: 0.161 -> 0.158 (1 LMs in 0.00sec)
PBA: 3084 3D pts, 3 cams and 7780 projs...
PBA: 0.158 -> 0.157 (1 LMs in 0.01sec)
Focal Length : [534.782]->[534.782]
Radial Distortion : [-0.001 -> -1]

#############################
#4: [WIN..2_Pro] sees 3862 (+2516) 3D points
Estimated Focal Length [535][0.84N]
# 5351 projs (1492 pts and 54 merges)
PBA: 4514 3D pts, 4 cams and 13115 projs...
PBA: 0.411 -> 0.257 (47 LMs in 0.25sec)
#points w/ large errors:	14
Focal Length : [534.782]->[534.782]
Radial Distortion : [-0.001 -> -1]

#############################
#5: [WIN..3_Pro] sees 4594 (+1620) 3D points
Estimated Focal Length [535][0.84N]
# 5562 projs (1585 pts and 112 merges)
PBA: 5948 3D pts, 5 cams and 18585 projs...
PBA: 0.479 -> 0.278 (18 LMs in 0.15sec)
#points w/ large errors:	15

**************************************
#5/5:  6673 projs and 1992 pts added.
PBA: 6317 3D pts, 5 cams and 19626 projs...
PBA: 0.226 -> 0.209 (1 LMs in 0.01sec)
PBA: 6317 3D pts, 5 cams and 19626 projs...
PBA: 0.209 -> 0.209 (1 LMs in 0.00sec)
Focal Length : [534.782]->[534.782]
Radial Distortion : [-0.001 -> -1]

#############################
#6: [WIN..8_Pro] sees 4616 (+1744) 3D points
Estimated Focal Length [535][0.84N]
# 2171 projs (0 pts and 14 merges)
PBA: 6275 3D pts, 6 cams and 21741 projs...
PBA: 0.946 -> 0.443 (21 LMs in 0.09sec)
#points w/ large errors:	26
Focal Length : [534.782]->[534.782]
Radial Distortion : [-0.001 -> -1]

#############################
#7: [WIN..7_Pro] sees 3460 (+1808) 3D points
Estimated Focal Length [535][0.84N]
# 1598 projs (0 pts and 1 merges)
PBA: 6243 3D pts, 7 cams and 23248 projs...
PBA: 0.786 -> 0.522 (16 LMs in 0.12sec)
#points w/ large errors:	17

**************************************
#7/7:  7313 projs and 2428 pts added.
PBA: 8642 3D pts, 7 cams and 28889 projs...
PBA: 0.553 -> 0.496 (13 LMs in 0.15sec)
#points w/ large errors:	1
PBA: 8641 3D pts, 7 cams and 28885 projs...
PBA: 0.501 -> 0.498 (13 LMs in 0.07sec)
Focal Length : [534.782]->[534.782]
Radial Distortion : [-0.001 -> -1]

#############################
#8: [WIN..4_Pro] sees 5010 (+1280) 3D points
Estimated Focal Length [535][0.84N]
# 2286 projs (0 pts and 16 merges)
PBA: 5128 3D pts, 8 cams and 24177 projs...
PBA: 0.942 -> 0.798 (29 LMs in 0.11sec)
#points w/ large errors:	36
Focal Length : [534.782]->[534.782]
Radial Distortion : [-0.001 -> -1]

#############################
#9: [WIN..5_Pro] sees 5455 (+2101) 3D points
Estimated Focal Length [535][0.84N]
# 2186 projs (0 pts and 11 merges)
PBA: 5229 3D pts, 9 cams and 26521 projs...
PBA: 1.948 -> 0.974 (17 LMs in 0.08sec)
#points w/ large errors:	34

**************************************
#9/9:  6212 projs and 1580 pts added.
PBA: 10048 3D pts, 9 cams and 36934 projs...
PBA: 0.901 -> 0.817 (20 LMs in 0.13sec)
#points w/ large errors:	7
PBA: 10041 3D pts, 9 cams and 36905 projs...
PBA: 0.797 -> 0.796 (13 LMs in 0.04sec)
#points w/ large errors:	1
Focal Length : [534.782]->[534.782]
Radial Distortion : [-0.001 -> -1]

#############################
#10: [WIN..4_Pro] sees 4892 (+1320) 3D points
Estimated Focal Length [535][0.84N]
# 2232 projs (0 pts and 38 merges)
PBA: 6240 3D pts, 10 cams and 31609 projs...
PBA: 1.825 -> 1.293 (22 LMs in 0.14sec)
#points w/ large errors:	116
Focal Length : [534.782]->[534.782]
Radial Distortion : [-0.001 -> -1]

#############################
#11: [WIN..5_Pro] sees 5130 (+2330) 3D points
Estimated Focal Length [535][0.84N]
# 2276 projs (0 pts and 16 merges)
PBA: 6314 3D pts, 11 cams and 33634 projs...
PBA: 1.876 -> 1.468 (24 LMs in 0.14sec)
#points w/ large errors:	63
Focal Length : [534.782]->[534.782]
Radial Distortion : [-0.001 -> -1]

#############################
#12: [WIN..7_Pro] sees 4899 (+2110) 3D points
Estimated Focal Length [535][0.84N]
# 1919 projs (0 pts and 6 merges)
PBA: 6359 3D pts, 12 cams and 35412 projs...
PBA: 2.061 -> 1.738 (21 LMs in 0.22sec)
#points w/ large errors:	102

**************************************
#12/12:  7639 projs and 2124 pts added.
PBA: 11670 3D pts, 12 cams and 47083 projs...
PBA: 1.661 -> 1.529 (13 LMs in 0.10sec)
#points w/ large errors:	8
PBA: 11662 3D pts, 12 cams and 47037 projs...
PBA: 1.536 -> 1.535 (19 LMs in 0.16sec)
#points w/ large errors:	1
Focal Length : [534.782]->[534.782]
Radial Distortion : [-0.001 -> -1]

#############################
#13: [WIN..8_Pro] sees 7132 (+2527) 3D points
Estimated Focal Length [535][0.84N]
# 2787 projs (0 pts and 25 merges)
PBA: 7579 3D pts, 13 cams and 41702 projs...
PBA: 2.641 -> 1.839 (20 LMs in 0.21sec)
#points w/ large errors:	165
Focal Length : [534.782]->[534.782]
Radial Distortion : [-0.001 -> -1]

#############################
#14: [WIN..6_Pro] sees 7957 (+2048) 3D points
Estimated Focal Length [535][0.84N]
# 2690 projs (0 pts and 39 merges)
PBA: 7622 3D pts, 14 cams and 44080 projs...
PBA: 2.418 -> 1.902 (60 LMs in 0.75sec)
#points w/ large errors:	210
Focal Length : [534.782]->[534.782]
Radial Distortion : [-0.001 -> -1]

#############################
#15: [WIN..5_Pro] sees 7036 (+2294) 3D points
Estimated Focal Length [535][0.84N]
# 2162 projs (0 pts and 17 merges)
PBA: 7476 3D pts, 15 cams and 44735 projs...
PBA: 2.307 -> 1.815 (23 LMs in 0.29sec)
#points w/ large errors:	174
Focal Length : [534.782]->[534.782]
Radial Distortion : [-0.001 -> -1]

#############################
#16: [WIN..6_Pro] sees 8375 (+2118) 3D points
Estimated Focal Length [535][0.84N]
# 2302 projs (0 pts and 32 merges)
PBA: 7384 3D pts, 16 cams and 46051 projs...
PBA: 2.042 -> 1.737 (19 LMs in 0.17sec)
#points w/ large errors:	104

**************************************
#16/16:  13519 projs and 3410 pts added.
PBA: 14035 3D pts, 16 cams and 63470 projs...
PBA: 2.189 -> 1.820 (22 LMs in 0.17sec)
#points w/ large errors:	20
#unstable points removed:	1
PBA: 14014 3D pts, 16 cams and 63357 projs...
PBA: 1.857 -> 1.855 (21 LMs in 0.16sec)
#points w/ large errors:	9
Focal Length : [534.782]->[534.782]
Radial Distortion : [-0.001 -> -1]

#############################
#17: [WIN..3_Pro] sees 7064 (+1576) 3D points
Estimated Focal Length [535][0.84N]
# 2342 projs (0 pts and 22 merges)
PBA: 9245 3D pts, 17 cams and 56149 projs...
PBA: 2.763 -> 2.530 (19 LMs in 0.16sec)
#points w/ large errors:	600
Focal Length : [534.782]->[534.782]
Radial Distortion : [-0.001 -> -1]

#############################
#18: [WIN..3_Pro] sees 6920 (+1386) 3D points
Estimated Focal Length [535][0.84N]
# 1899 projs (0 pts and 35 merges)
PBA: 8845 3D pts, 18 cams and 55093 projs...
PBA: 2.268 -> 1.972 (30 LMs in 0.22sec)
#points w/ large errors:	346
Focal Length : [534.782]->[534.782]
Radial Distortion : [-0.001 -> -1]

#############################
#19: [WIN..2_Pro] sees 7333 (+1463) 3D points
Estimated Focal Length [535][0.84N]
# 2147 projs (0 pts and 22 merges)
PBA: 8598 3D pts, 19 cams and 55134 projs...
PBA: 2.115 -> 1.722 (20 LMs in 0.16sec)
#points w/ large errors:	160
Focal Length : [534.782]->[534.782]
Radial Distortion : [-0.001 -> -1]

#############################
#20: [WIN..o (2)] sees 7296 (+1486) 3D points
Estimated Focal Length [535][0.84N]
# 2073 projs (0 pts and 38 merges)
PBA: 8514 3D pts, 20 cams and 56301 projs...
PBA: 1.941 -> 1.724 (23 LMs in 0.17sec)
#points w/ large errors:	161
Focal Length : [534.782]->[534.782]
Radial Distortion : [-0.001 -> -1]

#############################
#21: [WIN..0_Pro] sees 7004 (+2167) 3D points
Estimated Focal Length [535][0.84N]
# 2181 projs (0 pts and 40 merges)
SKIP: 0 cams, 1472 points, 1182 projs
PBA: 12505 3D pts, 20 cams and 65686 projs...
PBA: 1.706 -> 1.456 (5 LMs in 0.12sec)
#points w/ large errors:	134

**************************************
#21/21:  19798 projs and 5950 pts added.
PBA: 17921 3D pts, 21 cams and 82020 projs...
PBA: 2.640 -> 1.967 (19 LMs in 0.20sec)
#points w/ large errors:	19
PBA: 17902 3D pts, 21 cams and 81882 projs...
PBA: 1.994 -> 1.994 (14 LMs in 0.13sec)
Focal Length : [534.782]->[534.782]
Radial Distortion : [-0.001 -> -1]

#############################
#22: [WIN..o (2)] sees 11346 (+2337) 3D points
Estimated Focal Length [535][0.84N]
# 3804 projs (0 pts and 99 merges)
SKIP: 0 cams, 224 points, 210 projs
PBA: 17622 3D pts, 20 cams and 85324 projs...
PBA: 2.563 -> 2.087 (5 LMs in 0.09sec)
#points w/ large errors:	716
Focal Length : [534.782]->[534.782]
Radial Distortion : [-0.001 -> -1]

#############################
#23: [WIN..9_Pro] sees 12676 (+2735) 3D points
Estimated Focal Length [535][0.84N]
# 3785 projs (0 pts and 73 merges)
SKIP: 0 cams, 1287 points, 4016 projs
PBA: 16565 3D pts, 20 cams and 85279 projs...
PBA: 2.067 -> 1.785 (5 LMs in 0.10sec)
#points w/ large errors:	177
Focal Length : [534.782]->[534.782]
Radial Distortion : [-0.001 -> -1]

#############################
#24: [WIN..8_Pro] sees 13664 (+2404) 3D points
Estimated Focal Length [535][0.84N]
# 3540 projs (0 pts and 80 merges)
SKIP: 0 cams, 2208 points, 3460 projs
PBA: 15639 3D pts, 20 cams and 86139 projs...
PBA: 2.122 -> 1.825 (5 LMs in 0.15sec)
#points w/ large errors:	139
Focal Length : [534.782]->[534.782]
Radial Distortion : [-0.001 -> -1]

#############################
#25: [WIN..7_Pro] sees 12275 (+2085) 3D points
Estimated Focal Length [535][0.84N]
# 2836 projs (0 pts and 41 merges)
SKIP: 0 cams, 3059 points, 5139 projs
PBA: 14785 3D pts, 20 cams and 86146 projs...
PBA: 2.132 -> 1.788 (5 LMs in 0.05sec)
#points w/ large errors:	206
Focal Length : [534.782]->[534.782]
Radial Distortion : [-0.001 -> -1]

#############################
#26: [WIN..o (2)] sees 10731 (+2157) 3D points
Estimated Focal Length [535][0.84N]
# 2665 projs (0 pts and 34 merges)
PBA: 10529 3D pts, 26 cams and 79669 projs...
PBA: 2.068 -> 1.867 (53 LMs in 0.44sec)
#points w/ large errors:	227
Focal Length : [534.782]->[534.782]
Radial Distortion : [-0.001 -> -1]

#############################
#27: [WIN..1_Pro] sees 13451 (+2028) 3D points
Estimated Focal Length [535][0.84N]
# 2893 projs (0 pts and 26 merges)
SKIP: 0 cams, 4445 points, 8355 projs
PBA: 13399 3D pts, 20 cams and 85611 projs...
PBA: 1.946 -> 1.651 (5 LMs in 0.03sec)
#points w/ large errors:	221

**************************************
#27/27:  26357 projs and 7085 pts added.
PBA: 21901 3D pts, 27 cams and 113177 projs...
PBA: 2.303 -> 1.728 (35 LMs in 0.32sec)
#points w/ large errors:	57
PBA: 21844 3D pts, 27 cams and 112933 projs...
PBA: 1.753 -> 1.751 (30 LMs in 0.26sec)
#points w/ large errors:	23
Focal Length : [534.782]->[534.782]
Radial Distortion : [-0.001 -> -1]

#############################
#28: [WIN..6_Pro] sees 9654 (+1526) 3D points
Estimated Focal Length [535][0.84N]
# 2297 projs (0 pts and 46 merges)
SKIP: 0 cams, 3271 points, 7902 projs
PBA: 18445 3D pts, 20 cams and 106956 projs...
PBA: 2.247 -> 1.940 (5 LMs in 0.21sec)
#points w/ large errors:	843
Focal Length : [534.782]->[534.782]
Radial Distortion : [-0.001 -> -1]

#############################
#29: [WIN..5_Pro] sees 6797 (+1378) 3D points
Estimated Focal Length [535][0.84N]
# 1903 projs (0 pts and 31 merges)
SKIP: 0 cams, 5053 points, 17149 projs
PBA: 16704 3D pts, 20 cams and 99576 projs...
PBA: 1.890 -> 1.571 (5 LMs in 0.03sec)
#points w/ large errors:	263
Focal Length : [534.782]->[534.782]
Radial Distortion : [-0.001 -> -1]

#############################
#30: [WIN..6_Pro] sees 5544 (+1232) 3D points
Estimated Focal Length [535][0.84N]
# 1641 projs (0 pts and 9 merges)
SKIP: 0 cams, 5258 points, 12750 projs
PBA: 16500 3D pts, 20 cams and 99387 projs...
PBA: 1.805 -> 1.601 (5 LMs in 0.05sec)
#points w/ large errors:	261
Focal Length : [534.782]->[534.782]
Radial Distortion : [-0.001 -> -1]

#############################
#31: [WIN..0_Pro] sees 5626 (+1475) 3D points
Estimated Focal Length [535][0.84N]
# 1519 projs (0 pts and 9 merges)
SKIP: 0 cams, 5648 points, 13422 projs
PBA: 16095 3D pts, 20 cams and 97965 projs...
PBA: 1.795 -> 1.482 (5 LMs in 0.12sec)
#points w/ large errors:	269
Focal Length : [534.782]->[534.782]
Radial Distortion : [-0.001 -> -1]

#############################
#32: [WIN..9_Pro] sees 5790 (+2432) 3D points
Estimated Focal Length [535][0.84N]
# 1796 projs (0 pts and 7 merges)
PBA: 12371 3D pts, 32 cams and 93217 projs...
PBA: 1.628 -> 1.468 (29 LMs in 0.41sec)
#points w/ large errors:	248
Focal Length : [534.782]->[534.782]
Radial Distortion : [-0.001 -> -1]

#############################
#33: [WIN..3_Pro] sees 6304 (+2066) 3D points
Estimated Focal Length [535][0.84N]
# 1604 projs (0 pts and 28 merges)
SKIP: 0 cams, 6615 points, 13806 projs
PBA: 15118 3D pts, 20 cams and 96069 projs...
PBA: 1.673 -> 1.415 (5 LMs in 0.03sec)
#points w/ large errors:	177
Focal Length : [534.782]->[534.782]
Radial Distortion : [-0.001 -> -1]

#############################
#34: [WIN..o (2)] sees 7248 (+2702) 3D points
Estimated Focal Length [535][0.84N]
# 2015 projs (0 pts and 21 merges)
SKIP: 0 cams, 7150 points, 14843 projs
PBA: 14581 3D pts, 20 cams and 95380 projs...
PBA: 1.663 -> 1.427 (5 LMs in 0.03sec)
#points w/ large errors:	65

**************************************
#34/34:  31893 projs and 8549 pts added.
PBA: 26846 3D pts, 34 cams and 136617 projs...
PBA: 3.323 -> 1.897 (22 LMs in 0.23sec)
#points w/ large errors:	103
PBA: 26743 3D pts, 34 cams and 135434 projs...
PBA: 1.871 -> 1.866 (22 LMs in 0.24sec)
#points w/ large errors:	27
Focal Length : [534.782]->[534.782]
Radial Distortion : [-0.001 -> -1]

#############################
#35: [WIN..1_Pro] sees 8675 (+1746) 3D points
Estimated Focal Length [535][0.84N]
# 2624 projs (0 pts and 106 merges)
SKIP: 0 cams, 5880 points, 15777 projs
PBA: 20918 3D pts, 20 cams and 122049 projs...
PBA: 2.390 -> 2.088 (5 LMs in 0.03sec)
#points w/ large errors:	1142
Focal Length : [534.782]->[534.782]
Radial Distortion : [-0.001 -> -1]

#############################
#36: [WIN..2_Pro] sees 7981 (+1503) 3D points
Estimated Focal Length [535][0.84N]
# 2266 projs (0 pts and 44 merges)
SKIP: 0 cams, 7673 points, 24791 projs
PBA: 19152 3D pts, 20 cams and 114994 projs...
PBA: 1.904 -> 1.766 (5 LMs in 0.12sec)
#points w/ large errors:	298
Focal Length : [534.782]->[534.782]
Radial Distortion : [-0.001 -> -1]
END: No more images to add [0 projs]

#############################
Failed to find two images for initialization
Resuming SfM finished, 10 sec used

---------------------------------------------------
36 cams, 26914 pts (3+: 15215)
133142 projections (3+: 110593)
---------------------------------------------------
1 model(s) reconstructed from 36 images;
36 modeled; 0 reused; 0 EXIF; 
5MB(5) used to store feature location.
---------------------------------------------------

########-------timing------#########
Structure-From-Motion finished, 10 sec used
8.8(7.4) seconds on Bundle Adjustment (+)
7.9(6.8) seconds on Bundle Adjustment (*)
#############################
----------------------------------------------------------------
Run full 3D reconstruction, finished
Totally 10.000 seconds used


WIN_20220328_11_58_36_Pro (2)
[640 x 480] [F0 = 535 ][8485]
F = 535, D = [-0.001 -> -1] < [4465]

# features : 8603 and 8485
[NM = 344] [average scaling 1.138] [cov 1.149]
[NF = 222] [average scaling 1.172] [cov 1.115]
[index] [2217: 6-8384] [2757: 15-8313]
NH = 67 - 198
F1 = 534.782227, F2 = 534.782227
C2 = [0.830, 0.557, -0.037]
Rz = [-0.240, -0.163, 0.957]
NS = 222, AA = 36.952, GE=0.1
SV = 1.000, Forward = 0.325, Z = 0.957

# features : 8168 and 8072
[NM = 1875] [average scaling 1.109] [cov 1.093]
[NF = 1169] [average scaling 1.115] [cov 1.084]
[index] [3106: 2-8091] [3378: 9-8008]
NH = 138 - 1242
F1 = 534.782227, F2 = 534.782227
C2 = [0.848, 0.186, -0.496]
Rz = [-0.190, -0.122, 0.974]
NS = 1168, AA = 13.578, GE=0.2
SV = 1.000, Forward = 0.667, Z = 0.974
