
Modifying Calibration, begin...
fx = 426.169830, cx = 318.996307
fy = 426.169830, cy = 242.324814
radial_distortion = 0.000000
----------------------------------------------------------------
Modifying Calibration, finished
Totally 0.000 seconds used

0: sofa (1)
image_size:	640x480
1: sofa (2)
image_size:	640x480
2: sofa (3)
image_size:	640x480
3: sofa (4)
image_size:	640x480
4: sofa (5)
image_size:	640x480
5: sofa (6)
image_size:	640x480
6: sofa (7)
image_size:	640x480
7: sofa (8)
image_size:	640x480
8: sofa (9)
image_size:	640x480
9: sofa (10)
image_size:	640x480
10: sofa (11)
image_size:	640x480
11: sofa (12)
image_size:	640x480
12: sofa (13)
image_size:	640x480
13: sofa (14)
image_size:	640x480
14: sofa (15)
image_size:	640x480
15: sofa (16)
image_size:	640x480
16: sofa (17)
image_size:	640x480
17: sofa (18)
image_size:	640x480
18: sofa (19)
image_size:	640x480
19: sofa (20)
image_size:	640x480
20: sofa (21)
image_size:	640x480
21: sofa (22)
image_size:	640x480
22: sofa (23)
image_size:	640x480
23: sofa (24)
image_size:	640x480
24: sofa (25)
image_size:	640x480
25: sofa (26)
image_size:	640x480
26: sofa (27)
image_size:	640x480
27: sofa (28)
image_size:	640x480
28: sofa (29)
image_size:	640x480
29: sofa (30)
image_size:	640x480
30: sofa (31)
image_size:	640x480
31: sofa (32)
image_size:	640x480
32: sofa (33)
image_size:	640x480
33: sofa (34)
image_size:	640x480
34: sofa (35)
image_size:	640x480
35: sofa (36)
image_size:	640x480
36: sofa (37)
image_size:	640x480
**************************************
Change the number of pixel-loaded images by 
modifying param_visual_data_budget in nv.ini
Use the PAUSE button to skip the pixel loading
**************************************
Loading image pixel data ...done in 0s

Compute Missing Pairwise Matching, begin...
********* WARNING ***********
More than 112MB of graphic memory may be allocated
under the default settings. If the program halts here,
adjust parameters to save memory and rerun the task: 
    [Tools->Enable GPU->Set Maximum DIM]
Note some octaves may be automatically skipped
SIFT: 0000, 640x480, 	7685, 0.83sec
SIFT: 0001, 640x480, 	7344, 0.13sec
SIFT: 0002, 640x480, 	7598, 0.13sec
SIFT: 0003, 640x480, 	7554, 0.12sec
SIFT: 0004, 640x480, 	8166, 0.14sec
SIFT: 0005, 640x480, 	8327, 0.13sec
SIFT: 0006, 640x480, 	8278, 0.13sec
SIFT: 0007, 640x480, 	8403, 0.14sec
SIFT: 0008, 640x480, 	8356, 0.13sec
SIFT: 0009, 640x480, 	8368, 0.20sec
SIFT: 0010, 640x480, 	7916, 0.18sec
SIFT: 0011, 640x480, 	8118, 0.15sec
SIFT: 0012, 640x480, 	7372, 0.13sec
SIFT: 0013, 640x480, 	7370, 0.12sec
SIFT: 0014, 640x480, 	7295, 0.12sec
SIFT: 0015, 640x480, 	6653, 0.12sec
SIFT: 0016, 640x480, 	6412, 0.12sec
SIFT: 0017, 640x480, 	7087, 0.12sec
SIFT: 0018, 640x480, 	7153, 0.12sec
SIFT: 0019, 640x480, 	6766, 0.12sec
SIFT: 0020, 640x480, 	7578, 0.14sec
SIFT: 0021, 640x480, 	6907, 0.12sec
SIFT: 0022, 640x480, 	7614, 0.13sec
SIFT: 0023, 640x480, 	7993, 0.13sec
SIFT: 0024, 640x480, 	8214, 0.13sec
SIFT: 0025, 640x480, 	8168, 0.13sec
SIFT: 0026, 640x480, 	8255, 0.13sec
SIFT: 0027, 640x480, 	8233, 0.14sec
SIFT: 0028, 640x480, 	8004, 0.13sec
SIFT: 0029, 640x480, 	8057, 0.14sec
SIFT: 0030, 640x480, 	8148, 0.19sec
SIFT: 0031, 640x480, 	8152, 0.16sec
SIFT: 0032, 640x480, 	7979, 0.16sec
SIFT: 0033, 640x480, 	7355, 0.12sec
SIFT: 0034, 640x480, 	7712, 0.13sec
SIFT: 0035, 640x480, 	7719, 0.13sec
SIFT: 0036, 640x480, 	7685, 0.13sec

###########-------timing------#########
37 Feature Detection finished, 6 sec used
#############################

666 pairs to compute match
NOTE: using 3 matching workers
0001 and 0004: 1103 matches, 0.17sec, #1
0000 and 0001: 1636 matches, 0.19sec, #2
0001 and 0004: [861/1103], H[605], 0.01sec
0000 and 0001: [1188/1636], H[149], 0.01sec
0002 and 0004: 1812 matches, 0.15sec, #1
0002 and 0004: [1551/1812], H[1009], 0.01sec
0000 and 0002: 1260 matches, 0.16sec, #2
0000 and 0002: [898/1260], H[341], 0.01sec
0001 and 0003: 1391 matches, 0.50sec, #0
0001 and 0003: [1124/1391], H[448], 0.01sec
0003 and 0004: 2627 matches, 0.15sec, #1
0003 and 0004: [2471/2627], H[1104], 0.01sec
0001 and 0002: 2669 matches, 0.13sec, #2
0002 and 0003: 2140 matches, 0.10sec, #0
0001 and 0002: [2448/2669], H[955], 0.02sec
0002 and 0003: [1884/2140], H[951], 0.02sec
0000 and 0004: 670 matches, 0.11sec, #0
0000 and 0005: 403 matches, 0.18sec, #1
0000 and 0004: [498/670], H[50], 0.01sec
0000 and 0005: [241/403], H[64], 0.01sec
0000 and 0003: 657 matches, 0.19sec, #2
0003 and 0006: 987 matches, 0.11sec, #0
0000 and 0003: [492/657], H[125], 0.01sec
0003 and 0006: [817/987], H[379], 0.01sec
0001 and 0005: 600 matches, 0.20sec, #1
0000 and 0008: 200 matches, 0.09sec, #2
0001 and 0005: [435/600], H[202], 0.00sec
0004 and 0006: 1515 matches, 0.13sec, #0
0000 and 0008: [110/200], H[25], 0.01sec
0004 and 0006: [1329/1515], H[70], 0.01sec
0005 and 0006: 2969 matches, 0.12sec, #0
0005 and 0006: [2809/2969], H[981], 0.03sec
0002 and 0005: 976 matches, 0.19sec, #1
0002 and 0005: [762/976], H[591], 0.01sec
0001 and 0008: 268 matches, 0.20sec, #2
0000 and 0007: 272 matches, 0.11sec, #0
0001 and 0008: [164/268], H[29], 0.01sec
0000 and 0007: [160/272], H[37], 0.01sec
0001 and 0007: 342 matches, 0.11sec, #0
0001 and 0007: [224/342], H[107], 0.01sec
0003 and 0005: 1439 matches, 0.18sec, #1
0002 and 0008: 385 matches, 0.20sec, #2
0003 and 0005: [1223/1439], H[691], 0.01sec
0002 and 0007: 518 matches, 0.10sec, #0
0002 and 0008: [277/385], H[74], 0.00sec
0002 and 0007: [384/518], H[168], 0.01sec
0003 and 0007: 848 matches, 0.12sec, #0
0003 and 0007: [680/848], H[78], 0.01sec
0004 and 0005: 2699 matches, 0.22sec, #1
0003 and 0008: 703 matches, 0.22sec, #2
0004 and 0005: [2402/2699], H[478], 0.01sec
0003 and 0008: [537/703], H[266], 0.00sec
0004 and 0007: 1365 matches, 0.11sec, #0
0004 and 0007: [1147/1365], H[395], 0.01sec
0000 and 0006: 299 matches, 0.17sec, #1
0004 and 0008: 1089 matches, 0.18sec, #2
0000 and 0006: [176/299], H[16], 0.01sec
0005 and 0007: 2675 matches, 0.12sec, #0
0004 and 0008: [882/1089], H[160], 0.01sec
0005 and 0007: [2458/2675], H[441], 0.02sec
0006 and 0007: 2856 matches, 0.11sec, #0
0001 and 0006: 390 matches, 0.17sec, #1
0001 and 0006: [274/390], H[32], 0.01sec
0006 and 0007: [2705/2856], H[1280], 0.02sec
0005 and 0008: 1978 matches, 0.27sec, #2
0002 and 0009: 261 matches, 0.11sec, #0
0005 and 0008: [1686/1978], H[246], 0.01sec
0002 and 0006: 566 matches, 0.12sec, #1
0002 and 0009: [162/261], H[36], 0.01sec
0002 and 0006: [409/566], H[172], 0.01sec
0003 and 0009: 397 matches, 0.12sec, #0
0003 and 0009: [281/397], H[82], 0.01sec
0006 and 0008: 2252 matches, 0.17sec, #2
0003 and 0010: 273 matches, 0.19sec, #1
0004 and 0009: 651 matches, 0.11sec, #0
0003 and 0010: [170/273], H[76], 0.01sec
0006 and 0008: [1904/2252], H[586], 0.01sec
0004 and 0009: [461/651], H[220], 0.01sec
0005 and 0009: 1242 matches, 0.12sec, #0
0005 and 0009: [975/1242], H[612], 0.01sec
0004 and 0010: 342 matches, 0.19sec, #1
0004 and 0010: [222/342], H[67], 0.01sec
0007 and 0008: 3358 matches, 0.23sec, #2
0006 and 0009: 1615 matches, 0.12sec, #0
0006 and 0009: [1400/1615], H[281], 0.01sec
0007 and 0008: [3202/3358], H[1531], 0.03sec
0007 and 0009: 2684 matches, 0.12sec, #0
0007 and 0009: [2317/2684], H[650], 0.02sec
0005 and 0010: 574 matches, 0.21sec, #1
0000 and 0009: 210 matches, 0.13sec, #2
0005 and 0010: [416/574], H[194], 0.01sec
0008 and 0009: 2959 matches, 0.12sec, #0
0000 and 0009: [106/210], H[25], 0.04sec
0008 and 0009: [2743/2959], H[1240], 0.07sec
0006 and 0010: 969 matches, 0.20sec, #1
0000 and 0010: 143 matches, 0.11sec, #0
0006 and 0010: [729/969], H[185], 0.01sec
0000 and 0010: [62/143], H[9], 0.03sec
0001 and 0009: 224 matches, 0.28sec, #2
0007 and 0010: 1234 matches, 0.13sec, #1
0001 and 0010: 159 matches, 0.10sec, #0
0001 and 0009: [120/224], H[35], 0.01sec
0007 and 0010: [952/1234], H[156], 0.01sec
0001 and 0010: [75/159], H[22], 0.01sec
0002 and 0010: 191 matches, 0.12sec, #0
0002 and 0010: [102/191], H[13], 0.01sec
0003 and 0011: 279 matches, 0.22sec, #2
0008 and 0010: 1457 matches, 0.23sec, #1
0003 and 0011: [163/279], H[24], 0.01sec
0002 and 0012: 128 matches, 0.10sec, #0
0008 and 0010: [1137/1457], H[175], 0.01sec
0002 and 0012: [49/128], H[21], 0.08sec
0004 and 0011: 342 matches, 0.22sec, #2
0003 and 0012: 152 matches, 0.11sec, #0
0004 and 0011: [232/342], H[94], 0.01sec
0003 and 0012: [84/152], H[28], 0.01sec
0009 and 0010: 2669 matches, 0.32sec, #1
0004 and 0012: 195 matches, 0.11sec, #0
0009 and 0010: [2498/2669], H[639], 0.02sec
0004 and 0012: [112/195], H[27], 0.01sec
0005 and 0011: 598 matches, 0.16sec, #2
0005 and 0011: [418/598], H[98], 0.01sec
0005 and 0012: 297 matches, 0.11sec, #0
0000 and 0011: 130 matches, 0.12sec, #1
0005 and 0012: [197/297], H[101], 0.01sec
0000 and 0011: [59/130], H[8], 0.09sec
0006 and 0012: 475 matches, 0.10sec, #0
0006 and 0012: [340/475], H[142], 0.05sec
0006 and 0011: 794 matches, 0.18sec, #2
0006 and 0011: [577/794], H[264], 0.01sec
0001 and 0011: 162 matches, 0.10sec, #1
0007 and 0012: 491 matches, 0.10sec, #0
0007 and 0012: [376/491], H[144], 0.01sec
0001 and 0011: [76/162], H[15], 0.02sec
0008 and 0012: 661 matches, 0.11sec, #0
0008 and 0012: [488/661], H[124], 0.01sec
0007 and 0011: 1060 matches, 0.21sec, #2
0002 and 0011: 188 matches, 0.19sec, #1
0007 and 0011: [836/1060], H[139], 0.01sec
0009 and 0012: 1049 matches, 0.10sec, #0
0002 and 0011: [115/188], H[34], 0.01sec
0009 and 0012: [936/1049], H[129], 0.01sec
0010 and 0012: 1624 matches, 0.11sec, #0
0010 and 0012: [1501/1624], H[407], 0.01sec
0008 and 0011: 1393 matches, 0.19sec, #2
0000 and 0013: 84 matches, 0.19sec, #1
0008 and 0011: [1173/1393], H[303], 0.01sec
0011 and 0012: 2011 matches, 0.10sec, #0
0011 and 0012: [1719/2011], H[769], 0.02sec
0000 and 0013: [30/84], H[9], 0.11sec
0009 and 0011: 2108 matches, 0.11sec, #2
0010 and 0013: 1162 matches, 0.10sec, #0
0010 and 0013: [957/1162], H[195], 0.01sec
0009 and 0011: [1936/2108], H[501], 0.02sec
0011 and 0013: 1741 matches, 0.11sec, #0
0011 and 0013: [1567/1741], H[302], 0.01sec
0001 and 0013: 94 matches, 0.17sec, #1
0010 and 0011: 3143 matches, 0.16sec, #2
0001 and 0013: [36/94], H[4], 0.05sec
0012 and 0013: 2070 matches, 0.09sec, #0
0010 and 0011: [3019/3143], H[1180], 0.02sec
0012 and 0013: [1907/2070], H[557], 0.02sec
0000 and 0014: 113 matches, 0.11sec, #0
0002 and 0013: 118 matches, 0.16sec, #1
0002 and 0013: [57/118], H[16], 0.01sec
0000 and 0014: [38/113], H[14], 0.07sec
0000 and 0012: 96 matches, 0.22sec, #2
0003 and 0013: 163 matches, 0.09sec, #1
0000 and 0012: [36/96], H[7], 0.04sec
0001 and 0014: 91 matches, 0.09sec, #0
0003 and 0013: [88/163], H[20], 0.01sec
0001 and 0014: [42/91], H[17], 0.02sec
0002 and 0014: 125 matches, 0.10sec, #0
0001 and 0012: 113 matches, 0.16sec, #2
0002 and 0014: [53/125], H[16], 0.05sec
0004 and 0013: 173 matches, 0.18sec, #1
0001 and 0012: [49/113], H[21], 0.02sec
0004 and 0013: [95/173], H[29], 0.01sec
0003 and 0014: 148 matches, 0.11sec, #0
0003 and 0014: [76/148], H[23], 0.03sec
0007 and 0014: 395 matches, 0.19sec, #2
0007 and 0014: [264/395], H[152], 0.00sec
0005 and 0013: 238 matches, 0.13sec, #1
0004 and 0014: 176 matches, 0.11sec, #0
0005 and 0013: [161/238], H[77], 0.01sec
0004 and 0014: [84/176], H[22], 0.02sec
0005 and 0014: 242 matches, 0.12sec, #0
0005 and 0014: [143/242], H[54], 0.01sec
0006 and 0013: 322 matches, 0.21sec, #1
0006 and 0013: [209/322], H[107], 0.01sec
0008 and 0014: 535 matches, 0.26sec, #2
0006 and 0014: 312 matches, 0.11sec, #0
0008 and 0014: [376/535], H[83], 0.01sec
0006 and 0014: [203/312], H[22], 0.01sec
0003 and 0015: 90 matches, 0.10sec, #0
0003 and 0015: [47/90], H[14], 0.01sec
0007 and 0013: 395 matches, 0.25sec, #1
0009 and 0014: 930 matches, 0.24sec, #2
0007 and 0013: [280/395], H[114], 0.01sec
0009 and 0014: [669/930], H[65], 0.01sec
0004 and 0015: 98 matches, 0.11sec, #0
0004 and 0015: [50/98], H[20], 0.01sec
0005 and 0015: 124 matches, 0.11sec, #0
0005 and 0015: [77/124], H[34], 0.01sec
0010 and 0014: 1334 matches, 0.24sec, #2
0008 and 0013: 533 matches, 0.25sec, #1
0010 and 0014: [1113/1334], H[142], 0.01sec
0006 and 0015: 178 matches, 0.12sec, #0
0008 and 0013: [413/533], H[43], 0.00sec
0006 and 0015: [110/178], H[42], 0.01sec
0007 and 0015: 211 matches, 0.12sec, #0
0007 and 0015: [136/211], H[25], 0.01sec
0011 and 0014: 1915 matches, 0.20sec, #2
0011 and 0014: [1629/1915], H[330], 0.02sec
0009 and 0013: 868 matches, 0.24sec, #1
0009 and 0013: [720/868], H[92], 0.01sec
0008 and 0015: 266 matches, 0.19sec, #0
0008 and 0015: [187/266], H[86], 0.01sec
0013 and 0015: 1724 matches, 0.17sec, #1
0012 and 0014: 1887 matches, 0.19sec, #2
0013 and 0015: [1272/1724], H[553], 0.01sec
0009 and 0015: 438 matches, 0.13sec, #0
0012 and 0014: [1731/1887], H[459], 0.01sec
0009 and 0015: [340/438], H[45], 0.01sec
0010 and 0015: 712 matches, 0.10sec, #0
0014 and 0015: 1779 matches, 0.13sec, #1
0010 and 0015: [615/712], H[104], 0.01sec
0014 and 0015: [1623/1779], H[809], 0.00sec
0013 and 0014: 2649 matches, 0.21sec, #2
0011 and 0015: 929 matches, 0.11sec, #0
0000 and 0016: 58 matches, 0.12sec, #1
0013 and 0014: [2381/2649], H[1642], 0.02sec
0011 and 0015: [779/929], H[97], 0.01sec
0000 and 0016: [22/58], H[7], 0.04sec
0000 and 0015: 64 matches, 0.10sec, #2
0012 and 0015: 1722 matches, 0.10sec, #0
0012 and 0015: [1416/1722], H[556], 0.01sec
0001 and 0016: 52 matches, 0.10sec, #1
0000 and 0015: [17/64], H[9], 0.09sec
0008 and 0016: 222 matches, 0.09sec, #0
0008 and 0016: [159/222], H[77], 0.04sec
0001 and 0016: [21/52], H[6], 0.07sec
0001 and 0015: 65 matches, 0.11sec, #2
0002 and 0016: 74 matches, 0.09sec, #1
0009 and 0016: 371 matches, 0.10sec, #0
0009 and 0016: [278/371], H[28], 0.01sec
0002 and 0016: [29/74], H[7], 0.03sec
0001 and 0015: [24/65], H[8], 0.04sec
0010 and 0016: 628 matches, 0.12sec, #0
0010 and 0016: [491/628], H[74], 0.01sec
0003 and 0016: 89 matches, 0.12sec, #1
0002 and 0015: 60 matches, 0.14sec, #2
0003 and 0016: [40/89], H[17], 0.01sec
0011 and 0016: 822 matches, 0.09sec, #0
0002 and 0015: [28/60], H[10], 0.01sec
0011 and 0016: [642/822], H[73], 0.01sec
0012 and 0016: 1284 matches, 0.10sec, #0
0004 and 0016: 87 matches, 0.14sec, #1
0012 and 0016: [1064/1284], H[269], 0.01sec
0004 and 0016: [50/87], H[10], 0.01sec
0002 and 0017: 95 matches, 0.14sec, #2
0005 and 0016: 119 matches, 0.08sec, #1
0013 and 0016: 1269 matches, 0.11sec, #0
0005 and 0016: [71/119], H[24], 0.01sec
0013 and 0016: [986/1269], H[237], 0.01sec
0002 and 0017: [30/95], H[11], 0.08sec
0006 and 0016: 155 matches, 0.10sec, #1
0014 and 0016: 1399 matches, 0.10sec, #0
0006 and 0016: [102/155], H[30], 0.00sec
0014 and 0016: [1211/1399], H[440], 0.01sec
0015 and 0016: 2269 matches, 0.09sec, #0
0015 and 0016: [2152/2269], H[1151], 0.00sec
0003 and 0017: 122 matches, 0.15sec, #2
0007 and 0016: 191 matches, 0.17sec, #1
0003 and 0017: [58/122], H[12], 0.05sec
0007 and 0016: [128/191], H[58], 0.00sec
0000 and 0017: 76 matches, 0.09sec, #0
0000 and 0017: [27/76], H[11], 0.12sec
0004 and 0017: 159 matches, 0.13sec, #2
0004 and 0017: [89/159], H[19], 0.01sec
0012 and 0017: 1365 matches, 0.15sec, #1
0001 and 0017: 109 matches, 0.09sec, #0
0012 and 0017: [962/1365], H[318], 0.01sec
0005 and 0017: 222 matches, 0.13sec, #2
0005 and 0017: [128/222], H[34], 0.01sec
0013 and 0017: 1352 matches, 0.13sec, #1
0013 and 0017: [920/1352], H[186], 0.01sec
0001 and 0017: [26/109], H[6], 0.18sec
0014 and 0017: 1941 matches, 0.13sec, #1
0006 and 0017: 337 matches, 0.16sec, #2
0005 and 0018: 246 matches, 0.11sec, #0
0006 and 0017: [212/337], H[50], 0.01sec
0014 and 0017: [1483/1941], H[325], 0.01sec
0005 and 0018: [146/246], H[37], 0.01sec
0007 and 0017: 457 matches, 0.09sec, #2
0006 and 0018: 297 matches, 0.13sec, #0
0007 and 0017: [287/457], H[55], 0.01sec
0006 and 0018: [180/297], H[32], 0.01sec
0015 and 0017: 1301 matches, 0.16sec, #1
0015 and 0017: [1184/1301], H[204], 0.01sec
0008 and 0017: 520 matches, 0.11sec, #2
0007 and 0018: 404 matches, 0.12sec, #0
0008 and 0017: [359/520], H[141], 0.01sec
0007 and 0018: [242/404], H[126], 0.01sec
0008 and 0018: 487 matches, 0.12sec, #0
0008 and 0018: [290/487], H[57], 0.01sec
0016 and 0017: 1222 matches, 0.19sec, #1
0016 and 0017: [1146/1222], H[423], 0.01sec
0009 and 0017: 938 matches, 0.22sec, #2
0009 and 0018: 855 matches, 0.12sec, #0
0009 and 0017: [712/938], H[104], 0.01sec
0009 and 0018: [572/855], H[53], 0.01sec
0010 and 0018: 1153 matches, 0.12sec, #0
0000 and 0018: 102 matches, 0.16sec, #1
0010 and 0018: [926/1153], H[181], 0.01sec
0010 and 0017: 1235 matches, 0.18sec, #2
0000 and 0018: [32/102], H[14], 0.07sec
0010 and 0017: [927/1235], H[209], 0.01sec
0011 and 0018: 1401 matches, 0.10sec, #0
0011 and 0018: [1084/1401], H[121], 0.01sec
0012 and 0018: 1337 matches, 0.11sec, #0
0012 and 0018: [1066/1337], H[331], 0.01sec
0001 and 0018: 109 matches, 0.17sec, #1
0011 and 0017: 1361 matches, 0.20sec, #2
0001 and 0018: [29/109], H[8], 0.06sec
0013 and 0018: 1753 matches, 0.10sec, #0
0011 and 0017: [832/1361], H[168], 0.01sec
0013 and 0018: [1191/1753], H[415], 0.01sec
0014 and 0018: 2365 matches, 0.11sec, #0
0002 and 0018: 122 matches, 0.15sec, #1
0014 and 0018: [1953/2365], H[806], 0.02sec
0015 and 0018: 1745 matches, 0.17sec, #2
0015 and 0018: [1591/1745], H[649], 0.01sec
0002 and 0018: [42/122], H[14], 0.05sec
0007 and 0019: 406 matches, 0.11sec, #0
0007 and 0019: [228/406], H[32], 0.01sec
0016 and 0018: 1457 matches, 0.12sec, #2
0016 and 0018: [1333/1457], H[541], 0.00sec
0008 and 0019: 379 matches, 0.12sec, #0
0003 and 0018: 140 matches, 0.15sec, #1
0008 and 0019: [204/379], H[121], 0.01sec
0003 and 0018: [56/140], H[11], 0.06sec
0017 and 0018: 2803 matches, 0.10sec, #2
0009 and 0019: 664 matches, 0.10sec, #0
0017 and 0018: [2664/2803], H[1431], 0.00sec
0009 and 0019: [359/664], H[86], 0.01sec
0010 and 0019: 1227 matches, 0.12sec, #0
0004 and 0018: 168 matches, 0.18sec, #1
0010 and 0019: [711/1227], H[111], 0.01sec
0004 and 0018: [84/168], H[25], 0.01sec
0000 and 0019: 66 matches, 0.17sec, #2
0017 and 0019: 1514 matches, 0.09sec, #1
0011 and 0019: 936 matches, 0.12sec, #0
0017 and 0019: [1275/1514], H[238], 0.01sec
0011 and 0019: [562/936], H[42], 0.01sec
0000 and 0019: [24/66], H[5], 0.07sec
0018 and 0019: 1197 matches, 0.09sec, #1
0012 and 0019: 843 matches, 0.10sec, #0
0018 and 0019: [1047/1197], H[259], 0.01sec
0012 and 0019: [577/843], H[71], 0.01sec
0001 and 0019: 82 matches, 0.13sec, #2
0013 and 0019: 611 matches, 0.11sec, #0
0013 and 0019: [405/611], H[83], 0.01sec
0000 and 0020: 130 matches, 0.15sec, #1
0001 and 0019: [29/82], H[7], 0.06sec
0014 and 0019: 822 matches, 0.09sec, #0
0014 and 0019: [707/822], H[108], 0.01sec
0000 and 0020: [54/130], H[21], 0.03sec
0015 and 0019: 703 matches, 0.10sec, #0
0015 and 0019: [622/703], H[80], 0.01sec
0002 and 0019: 88 matches, 0.14sec, #2
0002 and 0019: [36/88], H[10], 0.03sec
0001 and 0020: 123 matches, 0.15sec, #1
0016 and 0019: 687 matches, 0.08sec, #0
0001 and 0020: [61/123], H[22], 0.01sec
0016 and 0019: [603/687], H[91], 0.01sec
0003 and 0019: 124 matches, 0.13sec, #2
0003 and 0019: [72/124], H[24], 0.01sec
0008 and 0020: 903 matches, 0.12sec, #0
0008 and 0020: [582/903], H[396], 0.01sec
0002 and 0020: 161 matches, 0.16sec, #1
0002 and 0020: [92/161], H[45], 0.01sec
0004 and 0019: 139 matches, 0.10sec, #2
0009 and 0020: 1362 matches, 0.11sec, #0
0004 and 0019: [75/139], H[27], 0.01sec
0009 and 0020: [1021/1362], H[190], 0.05sec
0003 and 0020: 224 matches, 0.15sec, #1
0005 and 0019: 210 matches, 0.16sec, #2
0003 and 0020: [136/224], H[66], 0.01sec
0005 and 0019: [137/210], H[55], 0.00sec
0010 and 0020: 1085 matches, 0.13sec, #0
0010 and 0020: [718/1085], H[157], 0.01sec
0004 and 0020: 350 matches, 0.14sec, #1
0006 and 0019: 294 matches, 0.15sec, #2
0004 and 0020: [240/350], H[125], 0.00sec
0006 and 0019: [202/294], H[72], 0.00sec
0011 and 0020: 1049 matches, 0.12sec, #0
0011 and 0020: [774/1049], H[97], 0.01sec
0012 and 0020: 710 matches, 0.11sec, #0
0012 and 0020: [535/710], H[26], 0.01sec
0005 and 0020: 567 matches, 0.16sec, #1
0018 and 0020: 1087 matches, 0.16sec, #2
0005 and 0020: [414/567], H[247], 0.00sec
0013 and 0020: 763 matches, 0.09sec, #0
0018 and 0020: [699/1087], H[111], 0.01sec
0013 and 0020: [535/763], H[125], 0.01sec
0014 and 0020: 854 matches, 0.10sec, #0
0014 and 0020: [694/854], H[314], 0.01sec
0006 and 0020: 630 matches, 0.15sec, #1
0019 and 0020: 1505 matches, 0.14sec, #2
0006 and 0020: [429/630], H[131], 0.01sec
0019 and 0020: [1384/1505], H[470], 0.01sec
0015 and 0020: 517 matches, 0.09sec, #0
0015 and 0020: [423/517], H[50], 0.01sec
0007 and 0020: 965 matches, 0.16sec, #1
0016 and 0020: 471 matches, 0.14sec, #0
0000 and 0021: 70 matches, 0.17sec, #2
0007 and 0020: [665/965], H[87], 0.01sec
0016 and 0020: [345/471], H[48], 0.00sec
0000 and 0021: [34/70], H[12], 0.01sec
0017 and 0020: 1180 matches, 0.12sec, #0
0017 and 0020: [831/1180], H[144], 0.01sec
0001 and 0021: 85 matches, 0.16sec, #2
0008 and 0021: 585 matches, 0.18sec, #1
0001 and 0021: [46/85], H[24], 0.01sec
0018 and 0021: 1056 matches, 0.11sec, #0
0008 and 0021: [357/585], H[82], 0.01sec
0018 and 0021: [842/1056], H[176], 0.01sec
0019 and 0021: 1484 matches, 0.10sec, #0
0019 and 0021: [1385/1484], H[478], 0.01sec
0002 and 0021: 89 matches, 0.16sec, #2
0009 and 0021: 789 matches, 0.20sec, #1
0020 and 0021: 2099 matches, 0.09sec, #0
0002 and 0021: [58/89], H[34], 0.00sec
0009 and 0021: [502/789], H[39], 0.01sec
0020 and 0021: [1958/2099], H[1102], 0.01sec
0003 and 0021: 140 matches, 0.17sec, #2
0003 and 0021: [93/140], H[22], 0.00sec
0000 and 0022: 130 matches, 0.18sec, #0
0010 and 0021: 745 matches, 0.20sec, #1
0000 and 0022: [68/130], H[25], 0.01sec
0010 and 0021: [530/745], H[60], 0.01sec
0004 and 0021: 178 matches, 0.11sec, #2
0004 and 0021: [123/178], H[33], 0.00sec
0001 and 0022: 147 matches, 0.17sec, #0
0001 and 0022: [94/147], H[57], 0.01sec
0011 and 0021: 696 matches, 0.20sec, #1
0011 and 0021: [483/696], H[71], 0.01sec
0005 and 0021: 286 matches, 0.21sec, #2
0002 and 0022: 213 matches, 0.12sec, #0
0005 and 0021: [192/286], H[62], 0.01sec
0002 and 0022: [128/213], H[49], 0.01sec
0003 and 0022: 325 matches, 0.12sec, #0
0003 and 0022: [217/325], H[60], 0.01sec
0012 and 0021: 545 matches, 0.17sec, #1
0012 and 0021: [449/545], H[60], 0.01sec
0006 and 0021: 335 matches, 0.20sec, #2
0004 and 0022: 409 matches, 0.12sec, #0
0006 and 0021: [209/335], H[28], 0.01sec
0004 and 0022: [288/409], H[130], 0.00sec
0013 and 0021: 628 matches, 0.14sec, #1
0005 and 0022: 654 matches, 0.12sec, #0
0013 and 0021: [467/628], H[95], 0.01sec
0005 and 0022: [489/654], H[238], 0.01sec
0007 and 0021: 559 matches, 0.23sec, #2
0007 and 0021: [417/559], H[39], 0.01sec
0014 and 0021: 629 matches, 0.11sec, #1
0006 and 0022: 599 matches, 0.13sec, #0
0014 and 0021: [505/629], H[36], 0.01sec
0006 and 0022: [434/599], H[281], 0.01sec
0017 and 0022: 691 matches, 0.11sec, #0
0017 and 0022: [437/691], H[57], 0.01sec
0007 and 0022: 1001 matches, 0.17sec, #2
0015 and 0021: 586 matches, 0.11sec, #1
0007 and 0022: [657/1001], H[231], 0.01sec
0015 and 0021: [437/586], H[94], 0.00sec
0018 and 0022: 715 matches, 0.11sec, #0
0018 and 0022: [493/715], H[115], 0.01sec
0019 and 0022: 1063 matches, 0.12sec, #0
0019 and 0022: [940/1063], H[219], 0.01sec
0016 and 0021: 394 matches, 0.19sec, #1
0008 and 0022: 885 matches, 0.21sec, #2
0020 and 0022: 2752 matches, 0.11sec, #0
0016 and 0021: [324/394], H[40], 0.00sec
0008 and 0022: [619/885], H[162], 0.01sec
0020 and 0022: [2540/2752], H[1059], 0.02sec
0017 and 0021: 1022 matches, 0.14sec, #1
0017 and 0021: [798/1022], H[114], 0.01sec
0009 and 0022: 1095 matches, 0.17sec, #2
0021 and 0022: 1973 matches, 0.11sec, #0
0009 and 0022: [861/1095], H[92], 0.01sec
0021 and 0022: [1760/1973], H[462], 0.02sec
0000 and 0023: 191 matches, 0.13sec, #0
0000 and 0023: [102/191], H[40], 0.01sec
0005 and 0023: 846 matches, 0.21sec, #1
0010 and 0022: 834 matches, 0.19sec, #2
0005 and 0023: [661/846], H[294], 0.01sec
0001 and 0023: 238 matches, 0.10sec, #0
0010 and 0022: [666/834], H[59], 0.01sec
0001 and 0023: [138/238], H[78], 0.01sec
0002 and 0023: 302 matches, 0.13sec, #0
0002 and 0023: [181/302], H[84], 0.01sec
0006 and 0023: 821 matches, 0.17sec, #1
0006 and 0023: [613/821], H[348], 0.01sec
0011 and 0022: 789 matches, 0.18sec, #2
0003 and 0023: 436 matches, 0.11sec, #0
0011 and 0022: [653/789], H[131], 0.01sec
0003 and 0023: [287/436], H[150], 0.01sec
0007 and 0023: 1223 matches, 0.14sec, #1
0012 and 0022: 507 matches, 0.10sec, #2
0007 and 0023: [919/1223], H[122], 0.01sec
0012 and 0022: [414/507], H[55], 0.00sec
0004 and 0023: 642 matches, 0.12sec, #0
0004 and 0023: [427/642], H[107], 0.01sec
0015 and 0023: 365 matches, 0.11sec, #0
0015 and 0023: [241/365], H[122], 0.01sec
0008 and 0023: 967 matches, 0.16sec, #1
0013 and 0022: 543 matches, 0.18sec, #2
0008 and 0023: [760/967], H[463], 0.01sec
0016 and 0023: 314 matches, 0.09sec, #0
0013 and 0022: [450/543], H[248], 0.01sec
0016 and 0023: [219/314], H[56], 0.01sec
0017 and 0023: 673 matches, 0.12sec, #0
0017 and 0023: [443/673], H[65], 0.01sec
0009 and 0023: 1228 matches, 0.19sec, #1
0014 and 0022: 565 matches, 0.19sec, #2
0018 and 0023: 655 matches, 0.12sec, #0
0009 and 0023: [948/1228], H[94], 0.01sec
0014 and 0022: [429/565], H[90], 0.01sec
0018 and 0023: [435/655], H[81], 0.01sec
0019 and 0023: 911 matches, 0.12sec, #0
0019 and 0023: [793/911], H[191], 0.02sec
0010 and 0023: 903 matches, 0.16sec, #1
0010 and 0023: [705/903], H[99], 0.01sec
0015 and 0022: 404 matches, 0.20sec, #2
0020 and 0023: 2647 matches, 0.11sec, #0
0015 and 0022: [308/404], H[40], 0.01sec
0020 and 0023: [2436/2647], H[1019], 0.02sec
0021 and 0023: 1317 matches, 0.12sec, #0
0021 and 0023: [1190/1317], H[220], 0.01sec
0011 and 0023: 897 matches, 0.18sec, #1
0016 and 0022: 323 matches, 0.18sec, #2
0011 and 0023: [643/897], H[440], 0.01sec
0016 and 0022: [222/323], H[62], 0.00sec
0022 and 0023: 3254 matches, 0.11sec, #0
0022 and 0023: [3173/3254], H[1920], 0.03sec
0012 and 0023: 547 matches, 0.17sec, #1
0012 and 0023: [418/547], H[197], 0.01sec
0002 and 0024: 494 matches, 0.22sec, #2
0002 and 0024: [351/494], H[107], 0.01sec
0000 and 0024: 274 matches, 0.33sec, #0
0000 and 0024: [141/274], H[45], 0.01sec
0013 and 0023: 497 matches, 0.16sec, #1
0013 and 0023: [376/497], H[106], 0.01sec
0003 and 0024: 621 matches, 0.17sec, #2
0001 and 0024: 375 matches, 0.11sec, #0
0003 and 0024: [445/621], H[256], 0.01sec
0001 and 0024: [239/375], H[52], 0.01sec
0012 and 0024: 358 matches, 0.11sec, #0
0012 and 0024: [252/358], H[98], 0.01sec
0014 and 0023: 580 matches, 0.17sec, #1
0014 and 0023: [412/580], H[100], 0.01sec
0004 and 0024: 853 matches, 0.19sec, #2
0013 and 0024: 315 matches, 0.11sec, #0
0004 and 0024: [611/853], H[322], 0.01sec
0013 and 0024: [207/315], H[113], 0.01sec
0014 and 0024: 358 matches, 0.11sec, #0
0014 and 0024: [217/358], H[43], 0.01sec
0022 and 0024: 1905 matches, 0.19sec, #1
0005 and 0024: 1022 matches, 0.19sec, #2
0015 and 0024: 223 matches, 0.09sec, #0
0022 and 0024: [1707/1905], H[642], 0.01sec
0015 and 0024: [154/223], H[48], 0.00sec
0005 and 0024: [760/1022], H[154], 0.01sec
0016 and 0024: 209 matches, 0.12sec, #0
0016 and 0024: [159/209], H[88], 0.04sec
0023 and 0024: 3022 matches, 0.18sec, #1
0023 and 0024: [2694/3022], H[820], 0.02sec
0006 and 0024: 991 matches, 0.20sec, #2
0006 and 0024: [781/991], H[268], 0.01sec
0017 and 0024: 464 matches, 0.11sec, #0
0017 and 0024: [268/464], H[36], 0.01sec
0018 and 0024: 394 matches, 0.11sec, #0
0018 and 0024: [226/394], H[70], 0.01sec
0000 and 0025: 242 matches, 0.19sec, #1
0000 and 0025: [134/242], H[53], 0.01sec
0007 and 0024: 1175 matches, 0.27sec, #2
0019 and 0024: 549 matches, 0.12sec, #0
0007 and 0024: [758/1175], H[362], 0.01sec
0001 and 0025: 329 matches, 0.10sec, #1
0019 and 0024: [435/549], H[87], 0.00sec
0001 and 0025: [217/329], H[31], 0.01sec
0020 and 0024: 1488 matches, 0.12sec, #0
0020 and 0024: [1272/1488], H[176], 0.02sec
0002 and 0025: 422 matches, 0.19sec, #1
0008 and 0024: 834 matches, 0.21sec, #2
0002 and 0025: [279/422], H[101], 0.00sec
0008 and 0024: [531/834], H[166], 0.01sec
0021 and 0024: 750 matches, 0.10sec, #0
0021 and 0024: [612/750], H[135], 0.01sec
0003 and 0025: 568 matches, 0.19sec, #1
0008 and 0025: 894 matches, 0.16sec, #0
0003 and 0025: [399/568], H[52], 0.00sec
0008 and 0025: [669/894], H[301], 0.01sec
0009 and 0024: 898 matches, 0.23sec, #2
0004 and 0025: 816 matches, 0.11sec, #1
0009 and 0024: [645/898], H[297], 0.01sec
0004 and 0025: [587/816], H[161], 0.01sec
0009 and 0025: 1009 matches, 0.13sec, #0
0009 and 0025: [795/1009], H[276], 0.01sec
0010 and 0025: 794 matches, 0.12sec, #0
0010 and 0025: [616/794], H[240], 0.01sec
0010 and 0024: 682 matches, 0.18sec, #2
0010 and 0024: [477/682], H[280], 0.01sec
0005 and 0025: 988 matches, 0.21sec, #1
0011 and 0025: 782 matches, 0.11sec, #0
0005 and 0025: [717/988], H[404], 0.01sec
0011 and 0025: [589/782], H[121], 0.01sec
0012 and 0025: 412 matches, 0.11sec, #0
0012 and 0025: [270/412], H[141], 0.01sec
0011 and 0024: 695 matches, 0.21sec, #2
0011 and 0024: [512/695], H[289], 0.01sec
0006 and 0025: 986 matches, 0.21sec, #1
0013 and 0025: 333 matches, 0.11sec, #0
0006 and 0025: [731/986], H[280], 0.01sec
0013 and 0025: [242/333], H[89], 0.01sec
0018 and 0025: 494 matches, 0.17sec, #2
0014 and 0025: 435 matches, 0.12sec, #0
0018 and 0025: [297/494], H[56], 0.01sec
0014 and 0025: [262/435], H[48], 0.01sec
0007 and 0025: 1251 matches, 0.15sec, #1
0007 and 0025: [978/1251], H[175], 0.01sec
0015 and 0025: 264 matches, 0.11sec, #0
0015 and 0025: [176/264], H[16], 0.01sec
0019 and 0025: 635 matches, 0.21sec, #2
0019 and 0025: [507/635], H[74], 0.01sec
0016 and 0025: 240 matches, 0.10sec, #0
0016 and 0025: [179/240], H[43], 0.00sec
0003 and 0026: 673 matches, 0.17sec, #1
0003 and 0026: [481/673], H[228], 0.01sec
0017 and 0025: 516 matches, 0.11sec, #0
0017 and 0025: [309/516], H[103], 0.01sec
0020 and 0025: 1762 matches, 0.21sec, #2
0013 and 0026: 290 matches, 0.12sec, #0
0020 and 0025: [1540/1762], H[361], 0.01sec
0004 and 0026: 874 matches, 0.16sec, #1
0013 and 0026: [199/290], H[41], 0.00sec
0004 and 0026: [624/874], H[240], 0.01sec
0014 and 0026: 364 matches, 0.12sec, #0
0014 and 0026: [215/364], H[34], 0.01sec
0021 and 0025: 914 matches, 0.20sec, #2
0021 and 0025: [756/914], H[186], 0.01sec
0005 and 0026: 1057 matches, 0.21sec, #1
0015 and 0026: 201 matches, 0.11sec, #0
0005 and 0026: [717/1057], H[358], 0.01sec
0015 and 0026: [129/201], H[49], 0.01sec
0016 and 0026: 197 matches, 0.15sec, #0
0022 and 0025: 2237 matches, 0.18sec, #2
0016 and 0026: [135/197], H[87], 0.01sec
0022 and 0025: [1957/2237], H[518], 0.02sec
0006 and 0026: 1055 matches, 0.23sec, #1
0017 and 0026: 423 matches, 0.11sec, #0
0006 and 0026: [837/1055], H[501], 0.01sec
0017 and 0026: [245/423], H[81], 0.01sec
0018 and 0026: 355 matches, 0.11sec, #0
0018 and 0026: [211/355], H[47], 0.01sec
0023 and 0025: 3317 matches, 0.28sec, #2
0019 and 0026: 508 matches, 0.11sec, #0
0023 and 0025: [3017/3317], H[884], 0.00sec
0007 and 0026: 1225 matches, 0.27sec, #1
0019 and 0026: [385/508], H[73], 0.01sec
0007 and 0026: [825/1225], H[151], 0.01sec
0020 and 0026: 1399 matches, 0.13sec, #0
0020 and 0026: [1149/1399], H[188], 0.01sec
0024 and 0025: 4101 matches, 0.22sec, #2
0008 and 0026: 794 matches, 0.23sec, #1
0024 and 0025: [3986/4101], H[3122], 0.04sec
0008 and 0026: [553/794], H[370], 0.01sec
0021 and 0026: 698 matches, 0.10sec, #0
0021 and 0026: [567/698], H[84], 0.01sec
0022 and 0026: 1736 matches, 0.12sec, #0
0022 and 0026: [1561/1736], H[379], 0.02sec
0000 and 0026: 304 matches, 0.26sec, #2
0009 and 0026: 917 matches, 0.26sec, #1
0000 and 0026: [164/304], H[89], 0.01sec
0023 and 0026: 2749 matches, 0.12sec, #0
0009 and 0026: [645/917], H[164], 0.01sec
0023 and 0026: [2521/2749], H[505], 0.02sec
0024 and 0026: 4262 matches, 0.13sec, #0
0001 and 0026: 410 matches, 0.19sec, #2
0001 and 0026: [262/410], H[106], 0.01sec
0024 and 0026: [4147/4262], H[3568], 0.04sec
0010 and 0026: 688 matches, 0.23sec, #1
0002 and 0026: 525 matches, 0.11sec, #2
0010 and 0026: [518/688], H[256], 0.00sec
0002 and 0026: [354/525], H[92], 0.01sec
0025 and 0026: 3995 matches, 0.13sec, #0
0025 and 0026: [3847/3995], H[1927], 0.03sec
0000 and 0027: 391 matches, 0.12sec, #0
0011 and 0026: 668 matches, 0.20sec, #1
0000 and 0027: [223/391], H[125], 0.01sec
0011 and 0026: [508/668], H[194], 0.01sec
0007 and 0027: 984 matches, 0.30sec, #2
0001 and 0027: 468 matches, 0.12sec, #0
0007 and 0027: [774/984], H[112], 0.01sec
0012 and 0026: 350 matches, 0.12sec, #1
0001 and 0027: [325/468], H[107], 0.00sec
0012 and 0026: [237/350], H[96], 0.01sec
0002 and 0027: 584 matches, 0.12sec, #0
0002 and 0027: [415/584], H[122], 0.01sec
0008 and 0027: 607 matches, 0.19sec, #2
0017 and 0027: 286 matches, 0.19sec, #1
0008 and 0027: [431/607], H[206], 0.01sec
0003 and 0027: 747 matches, 0.10sec, #0
0017 and 0027: [176/286], H[49], 0.01sec
0003 and 0027: [591/747], H[214], 0.01sec
0004 and 0027: 811 matches, 0.13sec, #0
0004 and 0027: [625/811], H[190], 0.01sec
0009 and 0027: 624 matches, 0.19sec, #2
0009 and 0027: [467/624], H[272], 0.01sec
0018 and 0027: 265 matches, 0.21sec, #1
0005 and 0027: 945 matches, 0.11sec, #0
0018 and 0027: [157/265], H[51], 0.01sec
0005 and 0027: [725/945], H[420], 0.01sec
0006 and 0027: 1023 matches, 0.12sec, #0
0010 and 0027: 532 matches, 0.16sec, #2
0006 and 0027: [794/1023], H[269], 0.01sec
0010 and 0027: [391/532], H[163], 0.01sec
0019 and 0027: 387 matches, 0.25sec, #1
0000 and 0028: 250 matches, 0.12sec, #0
0019 and 0027: [285/387], H[50], 0.01sec
0011 and 0027: 476 matches, 0.13sec, #2
0000 and 0028: [138/250], H[25], 0.01sec
0011 and 0027: [352/476], H[221], 0.01sec
0001 and 0028: 299 matches, 0.11sec, #0
0001 and 0028: [189/299], H[111], 0.01sec
0020 and 0027: 918 matches, 0.21sec, #1
0012 and 0027: 294 matches, 0.21sec, #2
0020 and 0027: [710/918], H[83], 0.01sec
0002 and 0028: 396 matches, 0.11sec, #0
0012 and 0027: [180/294], H[62], 0.01sec
0002 and 0028: [254/396], H[143], 0.01sec
0003 and 0028: 572 matches, 0.12sec, #0
0003 and 0028: [388/572], H[197], 0.01sec
0021 and 0027: 472 matches, 0.23sec, #1
0013 and 0027: 196 matches, 0.23sec, #2
0004 and 0028: 646 matches, 0.12sec, #0
0021 and 0027: [387/472], H[51], 0.01sec
0013 and 0027: [117/196], H[65], 0.00sec
0004 and 0028: [462/646], H[121], 0.00sec
0005 and 0028: 772 matches, 0.13sec, #0
0005 and 0028: [523/772], H[106], 0.01sec
0014 and 0027: 248 matches, 0.24sec, #2
0022 and 0027: 1182 matches, 0.27sec, #1
0006 and 0028: 741 matches, 0.12sec, #0
0014 and 0027: [148/248], H[77], 0.00sec
0022 and 0027: [1018/1182], H[155], 0.01sec
0006 and 0028: [565/741], H[50], 0.01sec
0007 and 0028: 753 matches, 0.13sec, #0
0007 and 0028: [564/753], H[77], 0.01sec
0015 and 0027: 166 matches, 0.23sec, #2
0023 and 0027: 1769 matches, 0.24sec, #1
0015 and 0027: [110/166], H[21], 0.00sec
0008 and 0028: 517 matches, 0.12sec, #0
0023 and 0027: [1586/1769], H[252], 0.01sec
0008 and 0028: [350/517], H[128], 0.01sec
0009 and 0028: 555 matches, 0.14sec, #0
0009 and 0028: [390/555], H[89], 0.01sec
0016 and 0027: 163 matches, 0.18sec, #2
0016 and 0027: [97/163], H[36], 0.01sec
0024 and 0027: 2703 matches, 0.21sec, #1
0010 and 0028: 506 matches, 0.11sec, #0
0010 and 0028: [399/506], H[116], 0.01sec
0024 and 0027: [2522/2703], H[705], 0.02sec
0011 and 0028: 506 matches, 0.13sec, #0
0011 and 0028: [399/506], H[217], 0.01sec
0020 and 0028: 789 matches, 0.17sec, #2
0020 and 0028: [644/789], H[93], 0.01sec
0025 and 0027: 2433 matches, 0.19sec, #1
0012 and 0028: 307 matches, 0.10sec, #0
0012 and 0028: [207/307], H[92], 0.01sec
0025 and 0027: [2256/2433], H[718], 0.02sec
0013 and 0028: 255 matches, 0.14sec, #0
0021 and 0028: 463 matches, 0.17sec, #2
0013 and 0028: [157/255], H[38], 0.01sec
0021 and 0028: [354/463], H[38], 0.01sec
0026 and 0027: 2898 matches, 0.21sec, #1
0014 and 0028: 276 matches, 0.11sec, #0
0026 and 0027: [2720/2898], H[325], 0.02sec
0014 and 0028: [179/276], H[62], 0.01sec
0022 and 0028: 1037 matches, 0.12sec, #2
0022 and 0028: [864/1037], H[70], 0.01sec
0002 and 0029: 621 matches, 0.11sec, #1
0015 and 0028: 242 matches, 0.11sec, #0
0002 and 0029: [518/621], H[166], 0.01sec
0015 and 0028: [166/242], H[93], 0.00sec
0016 and 0028: 249 matches, 0.10sec, #0
0016 and 0028: [157/249], H[39], 0.01sec
0023 and 0028: 1563 matches, 0.19sec, #2
0003 and 0029: 910 matches, 0.19sec, #1
0017 and 0028: 271 matches, 0.10sec, #0
0023 and 0028: [1359/1563], H[147], 0.01sec
0003 and 0029: [741/910], H[191], 0.01sec
0017 and 0028: [165/271], H[68], 0.00sec
0018 and 0028: 289 matches, 0.13sec, #0
0018 and 0028: [171/289], H[99], 0.01sec
0024 and 0028: 2510 matches, 0.19sec, #2
0004 and 0029: 874 matches, 0.20sec, #1
0019 and 0028: 427 matches, 0.09sec, #0
0004 and 0029: [741/874], H[107], 0.01sec
0024 and 0028: [2388/2510], H[903], 0.02sec
0019 and 0028: [346/427], H[49], 0.00sec
0012 and 0029: 226 matches, 0.13sec, #0
0012 and 0029: [169/226], H[63], 0.01sec
0005 and 0029: 871 matches, 0.22sec, #1
0025 and 0028: 2196 matches, 0.24sec, #2
0005 and 0029: [679/871], H[83], 0.01sec
0013 and 0029: 167 matches, 0.10sec, #0
0025 and 0028: [2087/2196], H[860], 0.01sec
0013 and 0029: [117/167], H[33], 0.00sec
0014 and 0029: 175 matches, 0.11sec, #0
0014 and 0029: [118/175], H[60], 0.01sec
0006 and 0029: 845 matches, 0.20sec, #1
0026 and 0028: 2576 matches, 0.22sec, #2
0006 and 0029: [740/845], H[113], 0.01sec
0015 and 0029: 145 matches, 0.09sec, #0
0015 and 0029: [88/145], H[35], 0.01sec
0026 and 0028: [2368/2576], H[1336], 0.02sec
0016 and 0029: 123 matches, 0.10sec, #0
0016 and 0029: [72/123], H[24], 0.01sec
0007 and 0029: 661 matches, 0.19sec, #1
0027 and 0028: 2594 matches, 0.20sec, #2
0007 and 0029: [523/661], H[95], 0.01sec
0017 and 0029: 164 matches, 0.10sec, #0
0017 and 0029: [95/164], H[24], 0.01sec
0027 and 0028: [2488/2594], H[1109], 0.02sec
0018 and 0029: 163 matches, 0.17sec, #0
0018 and 0029: [97/163], H[40], 0.01sec
0000 and 0029: 324 matches, 0.20sec, #2
0008 and 0029: 565 matches, 0.23sec, #1
0000 and 0029: [219/324], H[61], 0.00sec
0008 and 0029: [383/565], H[122], 0.00sec
0019 and 0029: 228 matches, 0.11sec, #0
0019 and 0029: [156/228], H[76], 0.00sec
0020 and 0029: 391 matches, 0.11sec, #0
0020 and 0029: [286/391], H[148], 0.01sec
0001 and 0029: 470 matches, 0.21sec, #2
0009 and 0029: 378 matches, 0.22sec, #1
0021 and 0029: 254 matches, 0.10sec, #0
0001 and 0029: [365/470], H[177], 0.00sec
0009 and 0029: [286/378], H[115], 0.00sec
0021 and 0029: [180/254], H[31], 0.00sec
0003 and 0030: 873 matches, 0.12sec, #0
0003 and 0030: [779/873], H[413], 0.01sec
0022 and 0029: 569 matches, 0.21sec, #2
0022 and 0029: [424/569], H[43], 0.01sec
0010 and 0029: 391 matches, 0.25sec, #1
0010 and 0029: [282/391], H[145], 0.00sec
0004 and 0030: 865 matches, 0.12sec, #0
0004 and 0030: [709/865], H[136], 0.01sec
0005 and 0030: 687 matches, 0.13sec, #0
0005 and 0030: [565/687], H[151], 0.01sec
0023 and 0029: 679 matches, 0.22sec, #2
0011 and 0029: 303 matches, 0.21sec, #1
0006 and 0030: 542 matches, 0.12sec, #0
0023 and 0029: [516/679], H[72], 0.01sec
0011 and 0029: [243/303], H[127], 0.00sec
0006 and 0030: [437/542], H[147], 0.00sec
0007 and 0030: 535 matches, 0.14sec, #0
0024 and 0029: 1038 matches, 0.17sec, #2
0007 and 0030: [442/535], H[133], 0.01sec
0024 and 0029: [883/1038], H[124], 0.01sec
0013 and 0030: 157 matches, 0.24sec, #1
0013 and 0030: [98/157], H[50], 0.00sec
0008 and 0030: 388 matches, 0.13sec, #0
0025 and 0029: 885 matches, 0.12sec, #2
0008 and 0030: [310/388], H[100], 0.01sec
0025 and 0029: [754/885], H[72], 0.01sec
0009 and 0030: 345 matches, 0.12sec, #0
0009 and 0030: [245/345], H[70], 0.01sec
0014 and 0030: 175 matches, 0.20sec, #1
0026 and 0029: 1073 matches, 0.20sec, #2
0014 and 0030: [99/175], H[47], 0.01sec
0010 and 0030: 248 matches, 0.11sec, #0
0026 and 0029: [928/1073], H[208], 0.01sec
0010 and 0030: [186/248], H[42], 0.00sec
0011 and 0030: 291 matches, 0.13sec, #0
0011 and 0030: [188/291], H[97], 0.01sec
0027 and 0029: 1836 matches, 0.18sec, #2
0015 and 0030: 137 matches, 0.20sec, #1
0027 and 0029: [1601/1836], H[373], 0.01sec
0012 and 0030: 187 matches, 0.10sec, #0
0015 and 0030: [69/137], H[41], 0.01sec
0012 and 0030: [124/187], H[44], 0.01sec
0023 and 0030: 564 matches, 0.12sec, #0
0023 and 0030: [451/564], H[94], 0.01sec
0028 and 0029: 1156 matches, 0.19sec, #2
0016 and 0030: 133 matches, 0.20sec, #1
0028 and 0029: [1020/1156], H[239], 0.01sec
0024 and 0030: 874 matches, 0.11sec, #0
0016 and 0030: [72/133], H[17], 0.01sec
0024 and 0030: [700/874], H[106], 0.01sec
0025 and 0030: 760 matches, 0.14sec, #0
0000 and 0030: 462 matches, 0.17sec, #2
0025 and 0030: [623/760], H[245], 0.01sec
0000 and 0030: [328/462], H[149], 0.00sec
0017 and 0030: 151 matches, 0.26sec, #1
0001 and 0030: 778 matches, 0.11sec, #2
0026 and 0030: 946 matches, 0.12sec, #0
0017 and 0030: [76/151], H[7], 0.01sec
0001 and 0030: [596/778], H[501], 0.01sec
0026 and 0030: [815/946], H[68], 0.01sec
0027 and 0030: 1334 matches, 0.14sec, #0
0018 and 0030: 160 matches, 0.16sec, #1
0027 and 0030: [1097/1334], H[127], 0.01sec
0018 and 0030: [76/160], H[35], 0.02sec
0002 and 0030: 973 matches, 0.20sec, #2
0028 and 0030: 1478 matches, 0.11sec, #0
0002 and 0030: [845/973], H[226], 0.01sec
0028 and 0030: [1317/1478], H[273], 0.01sec
0029 and 0030: 1601 matches, 0.11sec, #0
0029 and 0030: [1502/1601], H[773], 0.02sec
0019 and 0030: 131 matches, 0.18sec, #1
0019 and 0030: [92/131], H[18], 0.00sec
0003 and 0031: 1759 matches, 0.19sec, #2
0000 and 0031: 827 matches, 0.11sec, #0
0003 and 0031: [1595/1759], H[267], 0.01sec
0000 and 0031: [581/827], H[278], 0.01sec
0001 and 0031: 1284 matches, 0.15sec, #0
0020 and 0030: 304 matches, 0.19sec, #1
0001 and 0031: [1150/1284], H[599], 0.01sec
0020 and 0030: [206/304], H[73], 0.00sec
0004 and 0031: 1776 matches, 0.26sec, #2
0002 and 0031: 1535 matches, 0.11sec, #0
0004 and 0031: [1545/1776], H[469], 0.01sec
0021 and 0030: 168 matches, 0.12sec, #1
0002 and 0031: [1415/1535], H[389], 0.01sec
0021 and 0030: [131/168], H[66], 0.00sec
0013 and 0031: 147 matches, 0.12sec, #0
0013 and 0031: [87/147], H[14], 0.01sec
0005 and 0031: 1417 matches, 0.21sec, #2
0005 and 0031: [1005/1417], H[320], 0.01sec
0022 and 0030: 408 matches, 0.22sec, #1
0014 and 0031: 145 matches, 0.10sec, #0
0022 and 0030: [325/408], H[90], 0.01sec
0014 and 0031: [77/145], H[16], 0.01sec
0015 and 0031: 97 matches, 0.10sec, #0
0015 and 0031: [46/97], H[22], 0.02sec
0006 and 0031: 1091 matches, 0.23sec, #2
0006 and 0031: [858/1091], H[167], 0.01sec
0023 and 0031: 533 matches, 0.24sec, #1
0016 and 0031: 83 matches, 0.10sec, #0
0023 and 0031: [370/533], H[271], 0.01sec
0016 and 0031: [48/83], H[18], 0.01sec
0017 and 0031: 145 matches, 0.11sec, #0
0017 and 0031: [75/145], H[44], 0.01sec
0007 and 0031: 806 matches, 0.25sec, #2
0018 and 0031: 159 matches, 0.11sec, #0
0007 and 0031: [555/806], H[207], 0.01sec
0018 and 0031: [70/159], H[20], 0.03sec
0024 and 0031: 794 matches, 0.36sec, #1
0024 and 0031: [577/794], H[257], 0.01sec
0019 and 0031: 155 matches, 0.10sec, #0
0019 and 0031: [89/155], H[26], 0.01sec
0008 and 0031: 609 matches, 0.16sec, #2
0008 and 0031: [425/609], H[130], 0.01sec
0020 and 0031: 305 matches, 0.11sec, #0
0020 and 0031: [198/305], H[35], 0.01sec
0025 and 0031: 657 matches, 0.23sec, #1
0021 and 0031: 185 matches, 0.11sec, #0
0025 and 0031: [428/657], H[264], 0.01sec
0021 and 0031: [124/185], H[64], 0.01sec
0009 and 0031: 434 matches, 0.26sec, #2
0009 and 0031: [287/434], H[124], 0.01sec
0022 and 0031: 431 matches, 0.12sec, #0
0022 and 0031: [332/431], H[168], 0.01sec
0026 and 0031: 839 matches, 0.17sec, #1
0026 and 0031: [584/839], H[129], 0.05sec
0002 and 0032: 1926 matches, 0.11sec, #0
0002 and 0032: [1775/1926], H[1135], 0.01sec
0010 and 0031: 290 matches, 0.18sec, #2
0027 and 0031: 1215 matches, 0.14sec, #1
0010 and 0031: [171/290], H[42], 0.01sec
0003 and 0032: 1813 matches, 0.10sec, #0
0027 and 0031: [799/1215], H[122], 0.01sec
0003 and 0032: [1607/1813], H[703], 0.01sec
0004 and 0032: 1650 matches, 0.12sec, #0
0004 and 0032: [1439/1650], H[268], 0.02sec
0011 and 0031: 279 matches, 0.23sec, #2
0028 and 0031: 738 matches, 0.24sec, #1
0011 and 0031: [154/279], H[66], 0.01sec
0005 and 0032: 1139 matches, 0.11sec, #0
0028 and 0031: [505/738], H[217], 0.01sec
0005 and 0032: [866/1139], H[122], 0.01sec
0012 and 0031: 184 matches, 0.18sec, #2
0006 and 0032: 797 matches, 0.16sec, #0
0012 and 0031: [108/184], H[25], 0.01sec
0006 and 0032: [570/797], H[229], 0.01sec
0029 and 0031: 1523 matches, 0.22sec, #1
0029 and 0031: [1216/1523], H[255], 0.01sec
0012 and 0032: 136 matches, 0.11sec, #2
0007 and 0032: 651 matches, 0.13sec, #0
0007 and 0032: [480/651], H[124], 0.01sec
0012 and 0032: [64/136], H[5], 0.03sec
0008 and 0032: 467 matches, 0.11sec, #0
0008 and 0032: [324/467], H[84], 0.01sec
0030 and 0031: 1734 matches, 0.21sec, #1
0013 and 0032: 117 matches, 0.19sec, #2
0030 and 0031: [1431/1734], H[584], 0.01sec
0009 and 0032: 325 matches, 0.11sec, #0
0013 and 0032: [60/117], H[11], 0.01sec
0009 and 0032: [212/325], H[107], 0.01sec
0010 and 0032: 203 matches, 0.12sec, #0
0010 and 0032: [122/203], H[28], 0.01sec
0000 and 0032: 1217 matches, 0.19sec, #1
0014 and 0032: 124 matches, 0.23sec, #2
0000 and 0032: [943/1217], H[445], 0.01sec
0011 and 0032: 202 matches, 0.11sec, #0
0011 and 0032: [122/202], H[27], 0.01sec
0014 and 0032: [53/124], H[20], 0.08sec
0001 and 0032: 1601 matches, 0.12sec, #1
0022 and 0032: 319 matches, 0.11sec, #0
0022 and 0032: [211/319], H[68], 0.01sec
0001 and 0032: [1392/1601], H[778], 0.02sec
0023 and 0032: 380 matches, 0.11sec, #0
0023 and 0032: [226/380], H[98], 0.01sec
0015 and 0032: 85 matches, 0.16sec, #2
0015 and 0032: [39/85], H[15], 0.02sec
0000 and 0033: 1070 matches, 0.16sec, #1
0024 and 0032: 564 matches, 0.11sec, #0
0000 and 0033: [866/1070], H[90], 0.01sec
0024 and 0032: [356/564], H[211], 0.01sec
0025 and 0032: 470 matches, 0.11sec, #0
0025 and 0032: [310/470], H[28], 0.01sec
0016 and 0032: 66 matches, 0.17sec, #2
0016 and 0032: [35/66], H[10], 0.01sec
0001 and 0033: 1334 matches, 0.17sec, #1
0026 and 0032: 548 matches, 0.11sec, #0
0001 and 0033: [1194/1334], H[485], 0.01sec
0026 and 0032: [327/548], H[151], 0.01sec
0027 and 0032: 743 matches, 0.12sec, #0
0027 and 0032: [469/743], H[125], 0.01sec
0017 and 0032: 119 matches, 0.19sec, #2
0002 and 0033: 1527 matches, 0.19sec, #1
0017 and 0032: [46/119], H[12], 0.03sec
0028 and 0032: 478 matches, 0.12sec, #0
0002 and 0033: [1416/1527], H[580], 0.01sec
0028 and 0032: [296/478], H[133], 0.01sec
0029 and 0032: 1064 matches, 0.17sec, #0
0018 and 0032: 122 matches, 0.20sec, #2
0029 and 0032: [744/1064], H[103], 0.01sec
0003 and 0033: 1359 matches, 0.22sec, #1
0018 and 0032: [50/122], H[20], 0.03sec
0030 and 0032: 1145 matches, 0.11sec, #0
0003 and 0033: [1185/1359], H[256], 0.01sec
0030 and 0032: [905/1145], H[166], 0.01sec
0031 and 0032: 3082 matches, 0.11sec, #0
0031 and 0032: [2850/3082], H[919], 0.04sec
0019 and 0032: 121 matches, 0.20sec, #2
0019 and 0032: [60/121], H[23], 0.01sec
0004 and 0033: 1016 matches, 0.22sec, #1
0010 and 0033: 201 matches, 0.10sec, #0
0004 and 0033: [786/1016], H[393], 0.01sec
0010 and 0033: [121/201], H[16], 0.01sec
0011 and 0033: 183 matches, 0.11sec, #0
0011 and 0033: [110/183], H[39], 0.01sec
0020 and 0032: 230 matches, 0.19sec, #2
0020 and 0032: [143/230], H[83], 0.01sec
0005 and 0033: 650 matches, 0.23sec, #1
0012 and 0033: 115 matches, 0.11sec, #0
0005 and 0033: [510/650], H[123], 0.01sec
0012 and 0033: [70/115], H[31], 0.01sec
0021 and 0032: 153 matches, 0.20sec, #2
0013 and 0033: 93 matches, 0.09sec, #0
0021 and 0032: [99/153], H[14], 0.01sec
0013 and 0033: [52/93], H[10], 0.01sec
0006 and 0033: 628 matches, 0.16sec, #1
0006 and 0033: [466/628], H[197], 0.01sec
0014 and 0033: 80 matches, 0.09sec, #0
0020 and 0033: 162 matches, 0.12sec, #2
0014 and 0033: [41/80], H[14], 0.02sec
0020 and 0033: [109/162], H[38], 0.00sec
0015 and 0033: 59 matches, 0.09sec, #0
0015 and 0033: [31/59], H[13], 0.03sec
0007 and 0033: 421 matches, 0.19sec, #1
0021 and 0033: 90 matches, 0.16sec, #2
0007 and 0033: [319/421], H[112], 0.01sec
0016 and 0033: 69 matches, 0.08sec, #0
0021 and 0033: [61/90], H[19], 0.00sec
0016 and 0033: [31/69], H[4], 0.02sec
0017 and 0033: 99 matches, 0.10sec, #0
0017 and 0033: [46/99], H[17], 0.03sec
0008 and 0033: 291 matches, 0.19sec, #1
0008 and 0033: [208/291], H[111], 0.01sec
0022 and 0033: 204 matches, 0.20sec, #2
0022 and 0033: [141/204], H[68], 0.00sec
0018 and 0033: 95 matches, 0.09sec, #0
0018 and 0033: [45/95], H[20], 0.02sec
0019 and 0033: 90 matches, 0.12sec, #0
0019 and 0033: [55/90], H[23], 0.01sec
0009 and 0033: 217 matches, 0.19sec, #1
0009 and 0033: [149/217], H[66], 0.00sec
0023 and 0033: 273 matches, 0.23sec, #2
0030 and 0033: 1064 matches, 0.10sec, #0
0023 and 0033: [174/273], H[84], 0.01sec
0030 and 0033: [848/1064], H[248], 0.01sec
0007 and 0034: 425 matches, 0.21sec, #1
0007 and 0034: [270/425], H[41], 0.01sec
0031 and 0033: 1656 matches, 0.10sec, #0
0031 and 0033: [1362/1656], H[330], 0.01sec
0024 and 0033: 410 matches, 0.17sec, #2
0024 and 0033: [261/410], H[102], 0.01sec
0032 and 0033: 2301 matches, 0.10sec, #0
0008 and 0034: 297 matches, 0.13sec, #1
0008 and 0034: [197/297], H[32], 0.01sec
0032 and 0033: [2181/2301], H[679], 0.02sec
0000 and 0034: 1817 matches, 0.11sec, #0
0000 and 0034: [1503/1817], H[268], 0.03sec
0025 and 0033: 354 matches, 0.20sec, #2
0025 and 0033: [221/354], H[116], 0.01sec
0009 and 0034: 235 matches, 0.20sec, #1
0001 and 0034: 1892 matches, 0.10sec, #0
0001 and 0034: [1716/1892], H[367], 0.02sec
0009 and 0034: [120/235], H[55], 0.08sec
0002 and 0034: 2045 matches, 0.10sec, #0
0002 and 0034: [1851/2045], H[639], 0.02sec
0026 and 0033: 421 matches, 0.18sec, #2
0026 and 0033: [271/421], H[85], 0.01sec
0010 and 0034: 153 matches, 0.13sec, #1
0003 and 0034: 1318 matches, 0.10sec, #0
0010 and 0034: [81/153], H[25], 0.01sec
0003 and 0034: [1127/1318], H[455], 0.01sec
0004 and 0034: 1271 matches, 0.11sec, #0
0004 and 0034: [1004/1271], H[250], 0.02sec
0027 and 0033: 721 matches, 0.21sec, #2
0011 and 0034: 163 matches, 0.20sec, #1
0027 and 0033: [545/721], H[302], 0.01sec
0005 and 0034: 711 matches, 0.10sec, #0
0011 and 0034: [87/163], H[19], 0.01sec
0005 and 0034: [534/711], H[189], 0.01sec
0006 and 0034: 471 matches, 0.12sec, #0
0006 and 0034: [334/471], H[77], 0.01sec
0028 and 0033: 467 matches, 0.17sec, #2
0028 and 0033: [270/467], H[133], 0.01sec
0012 and 0034: 122 matches, 0.19sec, #1
0017 and 0034: 114 matches, 0.09sec, #0
0012 and 0034: [52/122], H[26], 0.04sec
0017 and 0034: [45/114], H[15], 0.08sec
0029 and 0033: 890 matches, 0.19sec, #2
0013 and 0034: 105 matches, 0.14sec, #1
0029 and 0033: [657/890], H[503], 0.01sec
0018 and 0034: 120 matches, 0.10sec, #0
0013 and 0034: [46/105], H[9], 0.02sec
0018 and 0034: [43/120], H[12], 0.09sec
0027 and 0034: 487 matches, 0.18sec, #2
0014 and 0034: 114 matches, 0.19sec, #1
0019 and 0034: 94 matches, 0.10sec, #0
0027 and 0034: [310/487], H[154], 0.01sec
0019 and 0034: [46/94], H[15], 0.01sec
0014 and 0034: [46/114], H[15], 0.04sec
0020 and 0034: 159 matches, 0.12sec, #0
0028 and 0034: 326 matches, 0.13sec, #2
0020 and 0034: [87/159], H[34], 0.01sec
0028 and 0034: [167/326], H[65], 0.02sec
0015 and 0034: 69 matches, 0.11sec, #1
0021 and 0034: 97 matches, 0.10sec, #0
0021 and 0034: [55/97], H[16], 0.01sec
0015 and 0034: [29/69], H[4], 0.09sec
0029 and 0034: 595 matches, 0.13sec, #2
0022 and 0034: 200 matches, 0.11sec, #0
0029 and 0034: [412/595], H[127], 0.01sec
0022 and 0034: [127/200], H[53], 0.01sec
0023 and 0034: 273 matches, 0.13sec, #0
0016 and 0034: 64 matches, 0.17sec, #1
0023 and 0034: [153/273], H[45], 0.01sec
0016 and 0034: [32/64], H[8], 0.02sec
0030 and 0034: 780 matches, 0.25sec, #2
0030 and 0034: [553/780], H[336], 0.01sec
0024 and 0034: 384 matches, 0.12sec, #0
0003 and 0035: 1350 matches, 0.12sec, #1
0024 and 0034: [241/384], H[92], 0.01sec
0003 and 0035: [1178/1350], H[188], 0.01sec
0025 and 0034: 326 matches, 0.12sec, #0
0025 and 0034: [180/326], H[44], 0.01sec
0031 and 0034: 1730 matches, 0.20sec, #2
0031 and 0034: [1435/1730], H[484], 0.01sec
0004 and 0035: 1239 matches, 0.20sec, #1
0026 and 0034: 410 matches, 0.11sec, #0
0004 and 0035: [1030/1239], H[445], 0.01sec
0026 and 0034: [252/410], H[56], 0.01sec
0013 and 0035: 99 matches, 0.11sec, #0
0013 and 0035: [51/99], H[18], 0.02sec
0032 and 0034: 2684 matches, 0.20sec, #2
0005 and 0035: 722 matches, 0.19sec, #1
0005 and 0035: [536/722], H[167], 0.01sec
0032 and 0034: [2420/2684], H[1005], 0.01sec
0014 and 0035: 128 matches, 0.10sec, #0
0014 and 0035: [51/128], H[11], 0.05sec
0015 and 0035: 72 matches, 0.10sec, #0
0006 and 0035: 486 matches, 0.19sec, #1
0006 and 0035: [327/486], H[91], 0.01sec
0033 and 0034: 2190 matches, 0.20sec, #2
0033 and 0034: [2101/2190], H[1207], 0.02sec
0015 and 0035: [28/72], H[10], 0.09sec
0007 and 0035: 383 matches, 0.17sec, #1
0016 and 0035: 74 matches, 0.10sec, #0
0007 and 0035: [243/383], H[68], 0.01sec
0016 and 0035: [35/74], H[10], 0.02sec
0000 and 0035: 1955 matches, 0.17sec, #2
0000 and 0035: [1642/1955], H[376], 0.02sec
0008 and 0035: 316 matches, 0.16sec, #1
0001 and 0035: 1942 matches, 0.13sec, #2
0008 and 0035: [202/316], H[37], 0.01sec
0017 and 0035: 121 matches, 0.16sec, #0
0001 and 0035: [1764/1942], H[977], 0.01sec
0017 and 0035: [39/121], H[17], 0.08sec
0009 and 0035: 227 matches, 0.17sec, #1
0002 and 0035: 2123 matches, 0.19sec, #2
0018 and 0035: 114 matches, 0.10sec, #0
0009 and 0035: [126/227], H[45], 0.01sec
0002 and 0035: [1939/2123], H[584], 0.01sec
0018 and 0035: [47/114], H[10], 0.13sec
0010 and 0035: 159 matches, 0.15sec, #1
0023 and 0035: 236 matches, 0.18sec, #2
0023 and 0035: [128/236], H[36], 0.01sec
0010 and 0035: [80/159], H[11], 0.01sec
0019 and 0035: 100 matches, 0.09sec, #0
0019 and 0035: [45/100], H[20], 0.02sec
0020 and 0035: 165 matches, 0.11sec, #0
0020 and 0035: [89/165], H[50], 0.01sec
0024 and 0035: 411 matches, 0.19sec, #2
0024 and 0035: [238/411], H[137], 0.01sec
0011 and 0035: 176 matches, 0.20sec, #1
0021 and 0035: 109 matches, 0.09sec, #0
0021 and 0035: [65/109], H[23], 0.01sec
0011 and 0035: [92/176], H[29], 0.07sec
0025 and 0035: 317 matches, 0.14sec, #2
0022 and 0035: 189 matches, 0.12sec, #0
0025 and 0035: [187/317], H[48], 0.01sec
0022 and 0035: [127/189], H[45], 0.00sec
0012 and 0035: 130 matches, 0.13sec, #1
0033 and 0035: 1924 matches, 0.11sec, #0
0026 and 0035: 412 matches, 0.13sec, #2
0012 and 0035: [59/130], H[23], 0.02sec
0033 and 0035: [1782/1924], H[891], 0.01sec
0026 and 0035: [237/412], H[83], 0.01sec
0034 and 0035: 3604 matches, 0.14sec, #0
0034 and 0035: [3163/3604], H[2303], 0.03sec
0008 and 0036: 200 matches, 0.18sec, #1
0008 and 0036: [109/200], H[18], 0.01sec
0027 and 0035: 506 matches, 0.21sec, #2
0000 and 0036: 7667 matches, 0.10sec, #0
0027 and 0035: [315/506], H[162], 0.01sec
0000 and 0036: [7667/7667], H[7667], 0.07sec
0009 and 0036: 210 matches, 0.18sec, #1
0001 and 0036: 1636 matches, 0.11sec, #0
0028 and 0035: 322 matches, 0.18sec, #2
0009 and 0036: [96/210], H[17], 0.02sec
0001 and 0036: [1337/1636], H[304], 0.01sec
0028 and 0035: [193/322], H[66], 0.01sec
0002 and 0036: 1260 matches, 0.14sec, #0
0002 and 0036: [918/1260], H[330], 0.01sec
0029 and 0035: 545 matches, 0.21sec, #2
0010 and 0036: 143 matches, 0.23sec, #1
0003 and 0036: 657 matches, 0.12sec, #0
0029 and 0035: [388/545], H[103], 0.00sec
0003 and 0036: [494/657], H[39], 0.01sec
0010 and 0036: [59/143], H[10], 0.11sec
0030 and 0035: 774 matches, 0.13sec, #2
0004 and 0036: 670 matches, 0.14sec, #0
0030 and 0035: [553/774], H[75], 0.01sec
0004 and 0036: [458/670], H[77], 0.01sec
0005 and 0036: 396 matches, 0.14sec, #0
0005 and 0036: [229/396], H[93], 0.01sec
0011 and 0036: 130 matches, 0.19sec, #1
0031 and 0035: 1719 matches, 0.20sec, #2
0011 and 0036: [59/130], H[10], 0.02sec
0031 and 0035: [1328/1719], H[511], 0.01sec
0006 and 0036: 296 matches, 0.13sec, #0
0006 and 0036: [167/296], H[53], 0.01sec
0012 and 0036: 96 matches, 0.15sec, #1
0032 and 0035: 2399 matches, 0.17sec, #2
0007 and 0036: 272 matches, 0.16sec, #0
0007 and 0036: [158/272], H[28], 0.01sec
0032 and 0035: [2180/2399], H[515], 0.01sec
0012 and 0036: [39/96], H[9], 0.03sec
0018 and 0036: 102 matches, 0.12sec, #0
0027 and 0036: 391 matches, 0.19sec, #2
0027 and 0036: [217/391], H[122], 0.01sec
0013 and 0036: 84 matches, 0.20sec, #1
0018 and 0036: [32/102], H[17], 0.08sec
0013 and 0036: [30/84], H[8], 0.09sec
0028 and 0036: 250 matches, 0.11sec, #2
0019 and 0036: 66 matches, 0.12sec, #0
0028 and 0036: [134/250], H[23], 0.01sec
0019 and 0036: [25/66], H[9], 0.14sec
0014 and 0036: 113 matches, 0.15sec, #1
0029 and 0036: 324 matches, 0.17sec, #2
0014 and 0036: [40/113], H[9], 0.06sec
0029 and 0036: [219/324], H[97], 0.00sec
0020 and 0036: 130 matches, 0.10sec, #0
0020 and 0036: [55/130], H[12], 0.12sec
0015 and 0036: 64 matches, 0.14sec, #1
0030 and 0036: 462 matches, 0.17sec, #2
0015 and 0036: [19/64], H[5], 0.05sec
0030 and 0036: [323/462], H[76], 0.00sec
0021 and 0036: 70 matches, 0.09sec, #0
0021 and 0036: [38/70], H[11], 0.01sec
0016 and 0036: 58 matches, 0.14sec, #1
0022 and 0036: 130 matches, 0.14sec, #0
0022 and 0036: [69/130], H[23], 0.01sec
0031 and 0036: 827 matches, 0.18sec, #2
0031 and 0036: [591/827], H[426], 0.01sec
0016 and 0036: [21/58], H[8], 0.04sec
0023 and 0036: 191 matches, 0.11sec, #0
0023 and 0036: [101/191], H[15], 0.01sec
0024 and 0036: 274 matches, 0.14sec, #0
0032 and 0036: 1217 matches, 0.19sec, #2
0017 and 0036: 76 matches, 0.18sec, #1
0024 and 0036: [146/274], H[72], 0.01sec
0032 and 0036: [933/1217], H[223], 0.01sec
0017 and 0036: [27/76], H[6], 0.08sec
0033 and 0036: 1070 matches, 0.12sec, #2
0025 and 0036: 242 matches, 0.13sec, #0
0033 and 0036: [896/1070], H[118], 0.01sec
0025 and 0036: [139/242], H[37], 0.01sec
0034 and 0036: 1817 matches, 0.16sec, #1
0026 and 0036: 301 matches, 0.14sec, #0
0035 and 0036: 1955 matches, 0.15sec, #2
0034 and 0036: [1443/1817], H[499], 0.01sec
0026 and 0036: [172/301], H[41], 0.01sec
0035 and 0036: [1663/1955], H[415], 0.01sec

###########-------timing------#########
666 Image Match finished, 46 sec used
#############################

----------------------------------------------------------------
Compute Missing Pairwise Matching, finished
Totally 52.000 seconds used


Run full 3D reconstruction, begin...
646 pairs have two-view models
666 pairs have fundamental matrices
Initialize with sofa (15) and sofa (18)
1483 3D points initialized from two images
PBA library version = 105
PBA: 1483 3D pts, 2 cams and 2966 projs...
PBA: 3.231 -> 0.077 (1 LMs in 0.15sec)
Focal Length : [426.170]->[426.170]
Focal Length : [426.170]->[426.170]

#############################
#3: [sofa (19)] sees 2104 (+2176) 3D points
Estimated Focal Length [426][0.67W]
# 3324 projs (926 pts and 0 merges)
PBA: 2407 3D pts, 3 cams and 6286 projs...
PBA: 0.392 -> 0.155 (1 LMs in 0.01sec)

**************************************
#3/3:  3324 projs and 926 pts added.
PBA: 2407 3D pts, 3 cams and 6286 projs...
PBA: 0.155 -> 0.145 (1 LMs in 0.02sec)
PBA: 2407 3D pts, 3 cams and 6286 projs...
PBA: 0.145 -> 0.144 (1 LMs in 0.00sec)
Focal Length : [426.170]->[426.170]
Radial Distortion : [0.000 -> 0]

#############################
#4: [sofa (14)] sees 2808 (+1641) 3D points
Estimated Focal Length [426][0.67W]
# 1488 projs (0 pts and 0 merges)
PBA: 2406 3D pts, 4 cams and 7772 projs...
PBA: 1.288 -> 0.291 (21 LMs in 0.14sec)
#points w/ large errors:	2
Focal Length : [426.170]->[426.170]
Radial Distortion : [0.000 -> 0]

#############################
#5: [sofa (13)] sees 3109 (+1845) 3D points
Estimated Focal Length [426][0.67W]
# 5334 projs (1683 pts and 4 merges)
PBA: 4082 3D pts, 5 cams and 13099 projs...
PBA: 0.661 -> 0.393 (25 LMs in 0.14sec)
#points w/ large errors:	1

**************************************
#5/5:  6326 projs and 2033 pts added.
PBA: 4426 3D pts, 5 cams and 14083 projs...
PBA: 0.470 -> 0.450 (26 LMs in 0.12sec)
PBA: 4426 3D pts, 5 cams and 14083 projs...
PBA: 0.450 -> 0.450 (11 LMs in 0.03sec)
Focal Length : [426.170]->[426.170]
Radial Distortion : [0.000 -> 0]

#############################
#6: [sofa (12)] sees 5125 (+1497) 3D points
Estimated Focal Length [426][0.67W]
# 2108 projs (0 pts and 13 merges)
PBA: 4398 3D pts, 6 cams and 16161 projs...
PBA: 0.994 -> 0.597 (33 LMs in 0.17sec)
#points w/ large errors:	16
Focal Length : [426.170]->[426.170]
Radial Distortion : [0.000 -> 0]

#############################
#7: [sofa (11)] sees 5496 (+2253) 3D points
Estimated Focal Length [426][0.67W]
# 1962 projs (0 pts and 9 merges)
PBA: 4370 3D pts, 7 cams and 18075 projs...
PBA: 1.199 -> 0.843 (25 LMs in 0.17sec)
#points w/ large errors:	16

**************************************
#7/7:  5917 projs and 1513 pts added.
PBA: 5828 3D pts, 7 cams and 21965 projs...
PBA: 0.801 -> 0.754 (17 LMs in 0.07sec)
#points w/ large errors:	1
PBA: 5827 3D pts, 7 cams and 21963 projs...
PBA: 0.749 -> 0.746 (24 LMs in 0.11sec)
Focal Length : [426.170]->[426.170]
Radial Distortion : [0.000 -> 0]

#############################
#8: [sofa (10)] sees 5786 (+1850) 3D points
Estimated Focal Length [426][0.67W]
# 2116 projs (0 pts and 25 merges)
PBA: 5785 3D pts, 8 cams and 24045 projs...
PBA: 1.364 -> 0.905 (25 LMs in 0.29sec)
#points w/ large errors:	55
Focal Length : [426.170]->[426.170]
Radial Distortion : [0.000 -> 0]

#############################
#9: [sofa (9)] sees 4284 (+2058) 3D points
Estimated Focal Length [426][0.67W]
# 1575 projs (0 pts and 5 merges)
PBA: 4076 3D pts, 9 cams and 22073 projs...
PBA: 1.284 -> 0.829 (21 LMs in 0.19sec)
#points w/ large errors:	31

**************************************
#9/9:  6675 projs and 1918 pts added.
PBA: 7587 3D pts, 9 cams and 30288 projs...
PBA: 0.778 -> 0.700 (14 LMs in 0.18sec)
PBA: 7587 3D pts, 9 cams and 30288 projs...
PBA: 0.700 -> 0.700 (12 LMs in 0.10sec)
Focal Length : [426.170]->[426.170]
Radial Distortion : [0.000 -> 0]

#############################
#10: [sofa (8)] sees 6288 (+2085) 3D points
Estimated Focal Length [426][0.67W]
# 2463 projs (0 pts and 17 merges)
PBA: 5213 3D pts, 10 cams and 28037 projs...
PBA: 1.205 -> 0.824 (24 LMs in 0.21sec)
#points w/ large errors:	46
Focal Length : [426.170]->[426.170]
Radial Distortion : [0.000 -> 0]

#############################
#11: [sofa (7)] sees 5696 (+1971) 3D points
Estimated Focal Length [426][0.67W]
# 1965 projs (0 pts and 14 merges)
PBA: 5249 3D pts, 11 cams and 29975 projs...
PBA: 1.058 -> 0.754 (24 LMs in 0.12sec)
#points w/ large errors:	42
Focal Length : [426.170]->[426.170]
Radial Distortion : [0.000 -> 0]

#############################
#12: [sofa (6)] sees 5516 (+2648) 3D points
Estimated Focal Length [426][0.67W]
# 6308 projs (1665 pts and 46 merges)
PBA: 6856 3D pts, 12 cams and 36100 projs...
PBA: 0.920 -> 0.748 (20 LMs in 0.10sec)
#points w/ large errors:	16

**************************************
#12/12:  10017 projs and 2797 pts added.
PBA: 10050 3D pts, 12 cams and 43950 projs...
PBA: 0.708 -> 0.666 (13 LMs in 0.15sec)
PBA: 10050 3D pts, 12 cams and 43950 projs...
PBA: 0.666 -> 0.666 (12 LMs in 0.13sec)
Focal Length : [426.170]->[426.170]
Radial Distortion : [0.000 -> 0]

#############################
#13: [sofa (5)] sees 5690 (+1345) 3D points
Estimated Focal Length [426][0.67W]
# 2009 projs (0 pts and 12 merges)
PBA: 6975 3D pts, 13 cams and 39833 projs...
PBA: 1.648 -> 0.842 (23 LMs in 0.21sec)
#points w/ large errors:	120
Focal Length : [426.170]->[426.170]
Radial Distortion : [0.000 -> 0]

#############################
#14: [sofa (4)] sees 4626 (+1729) 3D points
Estimated Focal Length [426][0.67W]
# 1599 projs (0 pts and 5 merges)
PBA: 6924 3D pts, 14 cams and 41034 projs...
PBA: 0.906 -> 0.705 (35 LMs in 0.17sec)
#points w/ large errors:	41
Focal Length : [426.170]->[426.170]
Radial Distortion : [0.000 -> 0]

#############################
#15: [sofa (32)] sees 4683 (+1671) 3D points
Estimated Focal Length [426][0.67W]
# 1663 projs (0 pts and 8 merges)
PBA: 6926 3D pts, 15 cams and 42588 projs...
PBA: 0.824 -> 0.703 (28 LMs in 0.11sec)
#points w/ large errors:	23
Focal Length : [426.170]->[426.170]
Radial Distortion : [0.000 -> 0]

#############################
#16: [sofa (33)] sees 4848 (+2644) 3D points
Estimated Focal Length [426][0.67W]
# 1565 projs (0 pts and 3 merges)
PBA: 6919 3D pts, 16 cams and 44045 projs...
PBA: 0.792 -> 0.674 (33 LMs in 0.17sec)
#points w/ large errors:	23

**************************************
#16/16:  9806 projs and 2925 pts added.
PBA: 12509 3D pts, 16 cams and 57725 projs...
PBA: 0.768 -> 0.689 (14 LMs in 0.15sec)
#points w/ large errors:	1
PBA: 12508 3D pts, 16 cams and 57718 projs...
PBA: 0.705 -> 0.705 (28 LMs in 0.18sec)
Focal Length : [426.170]->[426.170]
Radial Distortion : [0.000 -> 0]

#############################
#17: [sofa (3)] sees 6898 (+1807) 3D points
Estimated Focal Length [426][0.67W]
# 2320 projs (0 pts and 15 merges)
PBA: 8518 3D pts, 17 cams and 52088 projs...
PBA: 0.944 -> 0.827 (24 LMs in 0.22sec)
#points w/ large errors:	131
Focal Length : [426.170]->[426.170]
Radial Distortion : [0.000 -> 0]

#############################
#18: [sofa (35)] sees 6747 (+2049) 3D points
Estimated Focal Length [426][0.67W]
# 6190 projs (1687 pts and 52 merges)
PBA: 10125 3D pts, 18 cams and 57925 projs...
PBA: 0.824 -> 0.746 (15 LMs in 0.12sec)
#points w/ large errors:	34
Focal Length : [426.170]->[426.170]
Radial Distortion : [0.000 -> 0]

#############################
#19: [sofa (36)] sees 9726 (+2073) 3D points
Estimated Focal Length [426][0.67W]
# 5801 projs (1124 pts and 174 merges)
PBA: 10516 3D pts, 19 cams and 62441 projs...
PBA: 0.966 -> 0.778 (16 LMs in 0.13sec)
#points w/ large errors:	71
Focal Length : [426.170]->[426.170]
Radial Distortion : [0.000 -> 0]

#############################
#20: [sofa (2)] sees 9430 (+1732) 3D points
Estimated Focal Length [426][0.67W]
# 2746 projs (0 pts and 41 merges)
PBA: 10084 3D pts, 20 cams and 64231 projs...
PBA: 0.999 -> 0.794 (18 LMs in 0.17sec)
#points w/ large errors:	112
Focal Length : [426.170]->[426.170]
Radial Distortion : [0.000 -> 0]

#############################
#21: [sofa (34)] sees 11486 (+1544) 3D points
Estimated Focal Length [426][0.67W]
# 4222 projs (511 pts and 128 merges)
SKIP: 0 cams, 56 points, 616 projs
PBA: 14835 3D pts, 20 cams and 76847 projs...
PBA: 0.728 -> 0.668 (5 LMs in 0.06sec)
#points w/ large errors:	33

**************************************
#21/21:  7964 projs and 1617 pts added.
PBA: 15789 3D pts, 21 cams and 80259 projs...
PBA: 0.953 -> 0.788 (15 LMs in 0.09sec)
#points w/ large errors:	20
PBA: 15769 3D pts, 21 cams and 80122 projs...
PBA: 0.784 -> 0.780 (17 LMs in 0.16sec)
Focal Length : [426.170]->[426.170]
Radial Distortion : [0.000 -> 0]

#############################
#22: [sofa (1)] sees 8070 (+1306) 3D points
Estimated Focal Length [426][0.67W]
# 2381 projs (0 pts and 20 merges)
SKIP: 0 cams, 144 points, 204 projs
PBA: 15569 3D pts, 20 cams and 82143 projs...
PBA: 0.945 -> 0.878 (5 LMs in 0.02sec)
#points w/ large errors:	239
Focal Length : [426.170]->[426.170]
Radial Distortion : [0.000 -> 0]

#############################
#23: [sofa (37)] sees 10457 (+5253) 3D points
Estimated Focal Length [426][0.67W]
# 2380 projs (0 pts and 1 merges)
SKIP: 0 cams, 697 points, 2081 projs
PBA: 15016 3D pts, 20 cams and 82644 projs...
PBA: 0.986 -> 0.753 (5 LMs in 0.05sec)
#points w/ large errors:	14
Focal Length : [426.170]->[426.170]
Radial Distortion : [0.000 -> 0]

#############################
#24: [sofa (16)] sees 7901 (+1283) 3D points
Estimated Focal Length [426][0.67W]
# 3607 projs (547 pts and 51 merges)
SKIP: 0 cams, 549 points, 1377 projs
PBA: 15358 3D pts, 20 cams and 85844 projs...
PBA: 0.809 -> 0.767 (5 LMs in 0.18sec)
#points w/ large errors:	121
Focal Length : [426.170]->[426.170]
Radial Distortion : [0.000 -> 0]

#############################
#25: [sofa (17)] sees 8127 (+1303) 3D points
Estimated Focal Length [426][0.67W]
# 2962 projs (313 pts and 65 merges)
SKIP: 0 cams, 1041 points, 3532 projs
PBA: 14989 3D pts, 20 cams and 86595 projs...
PBA: 0.718 -> 0.652 (5 LMs in 0.05sec)
#points w/ large errors:	41
Focal Length : [426.170]->[426.170]
Radial Distortion : [0.000 -> 0]

#############################
#26: [sofa (31)] sees 9205 (+1228) 3D points
Estimated Focal Length [426][0.67W]
# 3458 projs (581 pts and 85 merges)
PBA: 11848 3D pts, 26 cams and 82961 projs...
PBA: 0.801 -> 0.725 (37 LMs in 0.21sec)
#points w/ large errors:	41
Focal Length : [426.170]->[426.170]
Radial Distortion : [0.000 -> 0]

#############################
#27: [sofa (30)] sees 9783 (+1442) 3D points
Estimated Focal Length [426][0.67W]
# 2368 projs (0 pts and 42 merges)
SKIP: 0 cams, 2022 points, 5296 projs
PBA: 14425 3D pts, 20 cams and 89229 projs...
PBA: 0.863 -> 0.692 (5 LMs in 0.03sec)
#points w/ large errors:	71
#unstable points removed:	1

**************************************
#27/27:  9723 projs and 2140 pts added.
PBA: 18293 3D pts, 27 cams and 101173 projs...
PBA: 1.082 -> 0.801 (22 LMs in 0.25sec)
#points w/ large errors:	6
#unstable points removed:	1
PBA: 18286 3D pts, 27 cams and 101130 projs...
PBA: 0.784 -> 0.783 (14 LMs in 0.15sec)
Focal Length : [426.170]->[426.170]
Radial Distortion : [0.000 -> 0]

#############################
#28: [sofa (28)] sees 10682 (+1421) 3D points
Estimated Focal Length [426][0.67W]
# 2609 projs (0 pts and 79 merges)
SKIP: 0 cams, 2541 points, 6488 projs
PBA: 15728 3D pts, 20 cams and 97201 projs...
PBA: 1.082 -> 0.886 (5 LMs in 0.19sec)
#points w/ large errors:	227
Focal Length : [426.170]->[426.170]
Radial Distortion : [0.000 -> 0]

#############################
#29: [sofa (27)] sees 11291 (+2057) 3D points
Estimated Focal Length [426][0.67W]
# 2816 projs (0 pts and 100 merges)
SKIP: 0 cams, 3155 points, 8544 projs
PBA: 15106 3D pts, 20 cams and 97939 projs...
PBA: 0.978 -> 0.781 (5 LMs in 0.09sec)
#points w/ large errors:	45
Focal Length : [426.170]->[426.170]
Radial Distortion : [0.000 -> 0]

#############################
#30: [sofa (25)] sees 12875 (+2990) 3D points
Estimated Focal Length [426][0.67W]
# 2989 projs (0 pts and 78 merges)
SKIP: 0 cams, 3656 points, 8919 projs
PBA: 14597 3D pts, 20 cams and 99314 projs...
PBA: 0.900 -> 0.826 (5 LMs in 0.02sec)
#points w/ large errors:	28
Focal Length : [426.170]->[426.170]
Radial Distortion : [0.000 -> 0]

#############################
#31: [sofa (26)] sees 15062 (+3173) 3D points
Estimated Focal Length [426][0.67W]
# 3234 projs (0 pts and 53 merges)
SKIP: 0 cams, 4074 points, 9883 projs
PBA: 14177 3D pts, 20 cams and 101237 projs...
PBA: 1.123 -> 0.813 (5 LMs in 0.12sec)
#points w/ large errors:	29
Focal Length : [426.170]->[426.170]
Radial Distortion : [0.000 -> 0]

#############################
#32: [sofa (24)] sees 15610 (+2549) 3D points
Estimated Focal Length [426][0.67W]
# 7731 projs (1536 pts and 290 merges)
PBA: 14252 3D pts, 32 cams and 109231 projs...
PBA: 0.905 -> 0.828 (19 LMs in 0.16sec)
#points w/ large errors:	48
Focal Length : [426.170]->[426.170]
Radial Distortion : [0.000 -> 0]

#############################
#33: [sofa (29)] sees 15745 (+2222) 3D points
Estimated Focal Length [426][0.67W]
# 3168 projs (0 pts and 69 merges)
SKIP: 0 cams, 4370 points, 12549 projs
PBA: 14485 3D pts, 20 cams and 108926 projs...
PBA: 0.979 -> 0.831 (5 LMs in 0.06sec)
#points w/ large errors:	73
Focal Length : [426.170]->[426.170]
Radial Distortion : [0.000 -> 0]

#############################
#34: [sofa (23)] sees 16830 (+1691) 3D points
Estimated Focal Length [426][0.67W]
# 6089 projs (1053 pts and 315 merges)
SKIP: 0 cams, 4308 points, 13053 projs
PBA: 15038 3D pts, 20 cams and 114146 projs...
PBA: 0.962 -> 0.833 (5 LMs in 0.10sec)
#points w/ large errors:	70

**************************************
#34/34:  19519 projs and 4840 pts added.
PBA: 22411 3D pts, 34 cams and 138994 projs...
PBA: 1.084 -> 0.909 (16 LMs in 0.11sec)
#points w/ large errors:	11
PBA: 22400 3D pts, 34 cams and 138890 projs...
PBA: 0.913 -> 0.913 (13 LMs in 0.11sec)
Focal Length : [426.170]->[426.170]
Radial Distortion : [0.000 -> 0]

#############################
#35: [sofa (21)] sees 18593 (+1551) 3D points
Estimated Focal Length [426][0.67W]
# 3824 projs (0 pts and 152 merges)
SKIP: 0 cams, 4452 points, 12343 projs
PBA: 17872 3D pts, 20 cams and 130193 projs...
PBA: 1.236 -> 1.048 (5 LMs in 0.03sec)
#points w/ large errors:	379
Focal Length : [426.170]->[426.170]
Radial Distortion : [0.000 -> 0]

#############################
#36: [sofa (22)] sees 13507 (+1072) 3D points
Estimated Focal Length [426][0.67W]
# 2711 projs (0 pts and 112 merges)
SKIP: 0 cams, 5125 points, 15377 projs
PBA: 17208 3D pts, 20 cams and 129874 projs...
PBA: 0.903 -> 0.849 (5 LMs in 0.07sec)
#points w/ large errors:	113
Focal Length : [426.170]->[426.170]
Radial Distortion : [0.000 -> 0]

#############################
#37: [sofa (20)] sees 13106 (+1110) 3D points
Estimated Focal Length [426][0.67W]
# 2627 projs (0 pts and 96 merges)
SKIP: 0 cams, 5485 points, 14335 projs
PBA: 16843 3D pts, 20 cams and 130884 projs...
PBA: 0.916 -> 0.843 (5 LMs in 0.03sec)
#points w/ large errors:	57
Focal Length : [426.170]->[426.170]
Radial Distortion : [0.000 -> 0]

^^^^^^^^^^^^^^^^^^^^^^^^^^^^^^^^
#37/37:  7089 projs and 2104 pts added.
PBA: 23337 3D pts, 37 cams and 150414 projs...
PBA: 0.948 -> 0.858 (28 LMs in 0.25sec)
#points w/ large errors:	77
PBA: 23260 3D pts, 37 cams and 149468 projs...
PBA: 0.820 -> 0.820 (13 LMs in 0.10sec)
#points w/ large errors:	3
END: No more images to add [0 projs]

#############################
Failed to find two images for initialization
Resuming SfM finished, 10 sec used

---------------------------------------------------
37 cams, 23345 pts (3+: 16271)
149468 projections (3+: 135477)
---------------------------------------------------
1 model(s) reconstructed from 37 images;
37 modeled; 0 reused; 0 EXIF; 
5MB(5) used to store feature location.
---------------------------------------------------

########-------timing------#########
Structure-From-Motion finished, 10 sec used
7.8(6.4) seconds on Bundle Adjustment (+)
6.9(5.8) seconds on Bundle Adjustment (*)
#############################
----------------------------------------------------------------
Run full 3D reconstruction, finished
Totally 10.000 seconds used


Run dense reconstruction, begin...
Save to sofa3+2.nvm ... done

#############################
Undistorting 37 images in model #0
param_undistortion_thread_num = 0
NOTE: using 16 threads...
#15: sofa (32) -> 00000014.jpg, 0.025 sec
#04: sofa (13) -> 00000004.jpg, 0.025 sec
#06: sofa (3) -> 00000016.jpg, 0.026 sec
#02: sofa (2) -> 00000019.jpg, 0.026 sec
#08: sofa (9) -> 00000008.jpg, 0.026 sec
#12: sofa (5) -> 00000012.jpg, 0.027 sec
#01: sofa (19) -> 00000002.jpg, 0.027 sec
#13: sofa (35) -> 00000017.jpg, 0.027 sec
#09: sofa (8) -> 00000009.jpg, 0.028 sec
#07: sofa (10) -> 00000007.jpg, 0.028 sec
#14: sofa (4) -> 00000013.jpg, 0.028 sec
#00: sofa (15) -> 00000000.jpg, 0.029 sec
#10: sofa (7) -> 00000010.jpg, 0.029 sec
#05: sofa (11) -> 00000006.jpg, 0.029 sec
#11: sofa (6) -> 00000011.jpg, 0.029 sec
#15: sofa (33) -> 00000015.jpg, 0.002 sec
#03: sofa (14) -> 00000003.jpg, 0.030 sec
#04: sofa (12) -> 00000005.jpg, 0.002 sec
#06: sofa (34) -> 00000020.jpg, 0.001 sec
#02: sofa (37) -> 00000022.jpg, 0.002 sec
#08: sofa (17) -> 00000024.jpg, 0.002 sec
#12: sofa (30) -> 00000026.jpg, 0.002 sec
#01: sofa (27) -> 00000028.jpg, 0.002 sec
#13: sofa (36) -> 00000018.jpg, 0.002 sec
#09: sofa (26) -> 00000030.jpg, 0.002 sec
#07: sofa (29) -> 00000032.jpg, 0.003 sec
#14: sofa (21) -> 00000034.jpg, 0.002 sec
#00: sofa (18) -> 00000001.jpg, 0.002 sec
#10: sofa (20) -> 00000036.jpg, 0.002 sec
#06: sofa (1) -> 00000021.jpg, 0.003 sec
#02: sofa (16) -> 00000023.jpg, 0.002 sec
#08: sofa (31) -> 00000025.jpg, 0.003 sec
#12: sofa (28) -> 00000027.jpg, 0.003 sec
#01: sofa (25) -> 00000029.jpg, 0.002 sec
#09: sofa (24) -> 00000031.jpg, 0.002 sec
#14: sofa (22) -> 00000035.jpg, 0.002 sec
#07: sofa (23) -> 00000033.jpg, 0.002 sec
----------------------------------------------------------------
Running Yasutaka Furukawa's CMVS tool...
cmvs C:\Users\86186\Desktop\VisualSFM_windows_cuda_64bit\\3+2\sofa3+2.nvm.cmvs\00\ 50 16
genOption C:\Users\86186\Desktop\VisualSFM_windows_cuda_64bit\\3+2\sofa3+2.nvm.cmvs\00\ 1 2 0.700000 7 3 16
1 cluster is generated for pmvs reconstruction.
pmvs2 C:\Users\86186\Desktop\VisualSFM_windows_cuda_64bit\\3+2\sofa3+2.nvm.cmvs\00\ option-0000
This may take a little more time, waiting...
7 seconds were used by PMVS
Loading option-0000.ply, 16080 vertices ...
