0: WIN_20220328_11_22_41_Pro
image_size:	640x480
1: WIN_20220328_11_22_43_Pro
image_size:	640x480
2: WIN_20220328_11_22_45_Pro
image_size:	640x480
3: WIN_20220328_11_22_46_Pro
image_size:	640x480
4: WIN_20220328_11_22_47_Pro
image_size:	640x480
5: WIN_20220328_11_22_48_Pro
image_size:	640x480
6: WIN_20220328_11_22_49_Pro
image_size:	640x480
7: WIN_20220328_11_22_50_Pro
image_size:	640x480
8: WIN_20220328_11_22_51_Pro
image_size:	640x480
9: WIN_20220328_11_22_52_Pro
image_size:	640x480
10: WIN_20220328_11_22_53_Pro
image_size:	640x480
11: WIN_20220328_11_22_54_Pro
image_size:	640x480
12: WIN_20220328_11_22_55_Pro
image_size:	640x480
13: WIN_20220328_11_22_56_Pro
image_size:	640x480
14: WIN_20220328_11_22_57_Pro (2)
image_size:	640x480
15: WIN_20220328_11_22_57_Pro
image_size:	640x480
16: WIN_20220328_11_22_58_Pro
image_size:	640x480
17: WIN_20220328_11_22_59_Pro
image_size:	640x480
18: WIN_20220328_11_23_00_Pro (2)
image_size:	640x480
19: WIN_20220328_11_23_00_Pro
image_size:	640x480
20: WIN_20220328_11_23_01_Pro
image_size:	640x480
21: WIN_20220328_11_23_02_Pro
image_size:	640x480
22: WIN_20220328_11_23_03_Pro (2)
image_size:	640x480
23: WIN_20220328_11_23_03_Pro
image_size:	640x480
24: WIN_20220328_11_23_04_Pro
image_size:	640x480
25: WIN_20220328_11_23_05_Pro (2)
image_size:	640x480
26: WIN_20220328_11_23_05_Pro
image_size:	640x480
27: WIN_20220328_11_23_06_Pro
image_size:	640x480
28: WIN_20220328_11_23_07_Pro
image_size:	640x480
29: WIN_20220328_11_23_08_Pro
image_size:	640x480
30: WIN_20220328_11_23_09_Pro (2)
image_size:	640x480
31: WIN_20220328_11_23_09_Pro
image_size:	640x480
32: WIN_20220328_11_23_10_Pro
image_size:	640x480
33: WIN_20220328_11_23_11_Pro
image_size:	640x480
34: WIN_20220328_11_23_12_Pro
image_size:	640x480
35: WIN_20220328_11_23_13_Pro (2)
image_size:	640x480
36: WIN_20220328_11_23_13_Pro
image_size:	640x480
37: WIN_20220328_11_23_15_Pro
image_size:	640x480
38: WIN_20220328_11_23_16_Pro
image_size:	640x480
39: WIN_20220328_11_23_17_Pro
image_size:	640x480
40: WIN_20220328_11_23_18_Pro
image_size:	640x480
41: WIN_20220328_11_23_19_Pro
image_size:	640x480
42: WIN_20220328_11_23_21_Pro
image_size:	640x480
43: WIN_20220328_11_23_23_Pro
image_size:	640x480
**************************************
Change the number of pixel-loaded images by 
modifying param_visual_data_budget in nv.ini
Use the PAUSE button to skip the pixel loading
**************************************
Loading image pixel data ...done in 0s

Modifying Calibration, begin...
fx = 431.910034, cx = 320.912781
fy = 431.910034, cy = 243.323013
radial_distortion = -0.356716
----------------------------------------------------------------
Modifying Calibration, finished
Totally 0.000 seconds used


Compute Missing Pairwise Matching, begin...
********* WARNING ***********
More than 112MB of graphic memory may be allocated
under the default settings. If the program halts here,
adjust parameters to save memory and rerun the task: 
    [Tools->Enable GPU->Set Maximum DIM]
Note some octaves may be automatically skipped
SIFT: 0000, 640x480, 	1178, 0.79sec
SIFT: 0001, 640x480, 	1009, 0.06sec
SIFT: 0002, 640x480, 	1020, 0.07sec
SIFT: 0003, 640x480, 	858, 0.07sec
SIFT: 0004, 640x480, 	964, 0.07sec
SIFT: 0005, 640x480, 	1014, 0.07sec
SIFT: 0006, 640x480, 	1142, 0.06sec
SIFT: 0007, 640x480, 	1142, 0.07sec
SIFT: 0008, 640x480, 	1037, 0.07sec
SIFT: 0009, 640x480, 	1078, 0.07sec
SIFT: 0010, 640x480, 	1068, 0.07sec
SIFT: 0011, 640x480, 	1151, 0.07sec
SIFT: 0012, 640x480, 	1163, 0.07sec
SIFT: 0013, 640x480, 	1089, 0.07sec
SIFT: 0014, 640x480, 	1064, 0.07sec
SIFT: 0015, 640x480, 	1151, 0.07sec
SIFT: 0016, 640x480, 	1058, 0.11sec
SIFT: 0017, 640x480, 	1149, 0.09sec
SIFT: 0018, 640x480, 	1253, 0.07sec
SIFT: 0019, 640x480, 	1199, 0.08sec
SIFT: 0020, 640x480, 	1305, 0.07sec
SIFT: 0021, 640x480, 	1299, 0.08sec
SIFT: 0022, 640x480, 	1353, 0.06sec
SIFT: 0023, 640x480, 	1199, 0.07sec
SIFT: 0024, 640x480, 	1281, 0.07sec
SIFT: 0025, 640x480, 	1007, 0.07sec
SIFT: 0026, 640x480, 	1308, 0.07sec
SIFT: 0027, 640x480, 	1291, 0.07sec
SIFT: 0028, 640x480, 	1246, 0.07sec
SIFT: 0029, 640x480, 	1186, 0.07sec
SIFT: 0030, 640x480, 	1022, 0.07sec
SIFT: 0031, 640x480, 	1044, 0.07sec
SIFT: 0032, 640x480, 	917, 0.06sec
SIFT: 0033, 640x480, 	1087, 0.06sec
SIFT: 0034, 640x480, 	935, 0.06sec
SIFT: 0035, 640x480, 	1010, 0.07sec
SIFT: 0036, 640x480, 	879, 0.07sec
SIFT: 0037, 640x480, 	899, 0.06sec
SIFT: 0038, 640x480, 	809, 0.06sec
SIFT: 0039, 640x480, 	953, 0.06sec
SIFT: 0040, 640x480, 	1070, 0.06sec
SIFT: 0041, 640x480, 	1005, 0.06sec
SIFT: 0042, 640x480, 	1034, 0.07sec
SIFT: 0043, 640x480, 	1057, 0.07sec

###########-------timing------#########
44 Feature Detection finished, 4 sec used
#############################

946 pairs to compute match
NOTE: using 3 matching workers
0002 and 0003: 129 matches, 0.01sec, #2
0000 and 0003: 78 matches, 0.01sec, #1
0002 and 0003: [103/129], H[34], 0.00sec
0000 and 0003: [60/78], H[14], 0.00sec
0000 and 0004: 69 matches, 0.01sec, #2
0001 and 0003: 96 matches, 0.01sec, #1
0000 and 0004: [49/69], H[14], 0.00sec
0001 and 0003: [74/96], H[36], 0.00sec
0001 and 0004: 87 matches, 0.01sec, #2
0001 and 0006: 68 matches, 0.01sec, #1
0001 and 0004: [61/87], H[24], 0.00sec
0001 and 0006: [46/68], H[15], 0.00sec
0002 and 0004: 82 matches, 0.01sec, #2
0000 and 0001: 169 matches, 0.12sec, #0
0002 and 0006: 94 matches, 0.01sec, #1
0002 and 0004: [52/82], H[41], 0.00sec
0000 and 0001: [139/169], H[30], 0.00sec
0002 and 0006: [71/94], H[22], 0.00sec
0003 and 0004: 135 matches, 0.01sec, #2
0000 and 0002: 107 matches, 0.01sec, #0
0003 and 0004: [98/135], H[36], 0.00sec
0003 and 0006: 99 matches, 0.01sec, #1
0000 and 0002: [83/107], H[18], 0.00sec
0003 and 0006: [74/99], H[21], 0.00sec
0000 and 0005: 87 matches, 0.01sec, #2
0001 and 0002: 132 matches, 0.00sec, #0
0000 and 0005: [58/87], H[14], 0.00sec
0004 and 0006: 159 matches, 0.01sec, #1
0001 and 0002: [89/132], H[36], 0.00sec
0004 and 0006: [111/159], H[11], 0.00sec
0001 and 0005: 87 matches, 0.01sec, #2
0005 and 0007: 194 matches, 0.01sec, #0
0001 and 0005: [67/87], H[58], 0.00sec
0005 and 0007: [148/194], H[22], 0.00sec
0005 and 0006: 237 matches, 0.01sec, #1
0005 and 0006: [184/237], H[23], 0.00sec
0002 and 0005: 95 matches, 0.01sec, #2
0006 and 0007: 307 matches, 0.01sec, #0
0002 and 0005: [62/95], H[53], 0.00sec
0000 and 0007: 66 matches, 0.01sec, #1
0006 and 0007: [251/307], H[88], 0.00sec
0000 and 0007: [49/66], H[21], 0.00sec
0003 and 0005: 121 matches, 0.01sec, #2
0000 and 0008: 80 matches, 0.01sec, #0
0003 and 0005: [80/121], H[68], 0.00sec
0001 and 0007: 86 matches, 0.01sec, #1
0000 and 0008: [53/80], H[34], 0.00sec
0001 and 0007: [62/86], H[16], 0.00sec
0004 and 0005: 212 matches, 0.01sec, #2
0001 and 0008: 77 matches, 0.01sec, #0
0004 and 0005: [164/212], H[38], 0.00sec
0002 and 0007: 128 matches, 0.01sec, #1
0001 and 0008: [59/77], H[50], 0.00sec
0002 and 0007: [103/128], H[86], 0.00sec
0000 and 0006: 59 matches, 0.01sec, #2
0002 and 0008: 88 matches, 0.01sec, #0
0000 and 0006: [40/59], H[25], 0.00sec
0002 and 0008: [67/88], H[50], 0.00sec
0003 and 0007: 95 matches, 0.01sec, #1
0003 and 0007: [70/95], H[22], 0.00sec
0000 and 0009: 44 matches, 0.01sec, #2
0003 and 0008: 90 matches, 0.01sec, #0
0003 and 0008: [68/90], H[21], 0.00sec
0004 and 0007: 129 matches, 0.01sec, #1
0000 and 0009: [24/44], H[8], 0.01sec
0004 and 0008: 120 matches, 0.00sec, #0
0004 and 0007: [95/129], H[9], 0.00sec
0004 and 0008: [82/120], H[28], 0.00sec
0001 and 0009: 34 matches, 0.01sec, #2
0001 and 0010: 52 matches, 0.01sec, #1
0001 and 0009: [23/34], H[8], 0.00sec
0005 and 0008: 182 matches, 0.01sec, #0
0001 and 0010: [39/52], H[34], 0.00sec
0005 and 0008: [137/182], H[21], 0.00sec
0002 and 0009: 61 matches, 0.01sec, #2
0002 and 0009: [47/61], H[27], 0.00sec
0002 and 0010: 39 matches, 0.01sec, #1
0006 and 0008: 201 matches, 0.00sec, #0
0002 and 0010: [25/39], H[21], 0.00sec
0006 and 0008: [149/201], H[40], 0.00sec
0003 and 0009: 43 matches, 0.01sec, #2
0003 and 0009: [29/43], H[12], 0.00sec
0003 and 0010: 60 matches, 0.01sec, #1
0007 and 0008: 288 matches, 0.01sec, #0
0003 and 0010: [42/60], H[9], 0.00sec
0007 and 0008: [231/288], H[36], 0.00sec
0004 and 0009: 60 matches, 0.01sec, #2
0004 and 0010: 86 matches, 0.01sec, #1
0001 and 0011: 57 matches, 0.01sec, #0
0004 and 0009: [34/60], H[10], 0.01sec
0004 and 0010: [58/86], H[15], 0.00sec
0001 and 0011: [43/57], H[30], 0.00sec
0005 and 0009: 104 matches, 0.01sec, #2
0002 and 0011: 68 matches, 0.01sec, #0
0005 and 0010: 114 matches, 0.01sec, #1
0005 and 0009: [68/104], H[20], 0.00sec
0002 and 0011: [46/68], H[37], 0.00sec
0005 and 0010: [72/114], H[21], 0.00sec
0006 and 0009: 163 matches, 0.01sec, #2
0003 and 0011: 65 matches, 0.01sec, #0
0006 and 0010: 126 matches, 0.01sec, #1
0006 and 0009: [109/163], H[23], 0.00sec
0003 and 0011: [48/65], H[36], 0.00sec
0006 and 0010: [87/126], H[24], 0.00sec
0004 and 0011: 71 matches, 0.01sec, #0
0007 and 0009: 214 matches, 0.01sec, #2
0007 and 0010: 183 matches, 0.01sec, #1
0004 and 0011: [49/71], H[13], 0.00sec
0007 and 0009: [152/214], H[34], 0.00sec
0007 and 0010: [121/183], H[12], 0.00sec
0005 and 0011: 112 matches, 0.01sec, #0
0008 and 0009: 249 matches, 0.01sec, #2
0005 and 0011: [73/112], H[27], 0.00sec
0008 and 0009: [194/249], H[40], 0.00sec
0008 and 0010: 200 matches, 0.01sec, #1
0006 and 0011: 125 matches, 0.01sec, #0
0008 and 0010: [143/200], H[31], 0.00sec
0000 and 0010: 44 matches, 0.01sec, #2
0006 and 0011: [77/125], H[17], 0.00sec
0000 and 0010: [28/44], H[23], 0.00sec
0009 and 0010: 225 matches, 0.01sec, #1
0007 and 0011: 166 matches, 0.01sec, #0
0009 and 0010: [145/225], H[46], 0.00sec
0000 and 0012: 44 matches, 0.01sec, #2
0007 and 0011: [112/166], H[17], 0.00sec
0000 and 0011: 51 matches, 0.01sec, #1
0000 and 0012: [26/44], H[17], 0.01sec
0008 and 0011: 152 matches, 0.01sec, #0
0000 and 0011: [32/51], H[17], 0.00sec
0008 and 0011: [113/152], H[23], 0.00sec
0001 and 0012: 49 matches, 0.01sec, #2
0010 and 0012: 200 matches, 0.01sec, #1
0009 and 0011: 173 matches, 0.01sec, #0
0001 and 0012: [37/49], H[10], 0.00sec
0009 and 0011: [123/173], H[34], 0.00sec
0010 and 0012: [114/200], H[48], 0.01sec
0002 and 0012: 46 matches, 0.01sec, #2
0010 and 0011: 279 matches, 0.01sec, #0
0002 and 0012: [30/46], H[16], 0.00sec
0011 and 0012: 287 matches, 0.01sec, #1
0010 and 0011: [179/279], H[40], 0.00sec
0011 and 0012: [193/287], H[61], 0.00sec
0003 and 0012: 63 matches, 0.01sec, #2
0008 and 0013: 111 matches, 0.01sec, #0
0003 and 0012: [40/63], H[21], 0.00sec
0000 and 0013: 36 matches, 0.01sec, #1
0008 and 0013: [66/111], H[10], 0.00sec
0000 and 0013: [21/36], H[16], 0.00sec
0004 and 0012: 72 matches, 0.01sec, #2
0009 and 0013: 117 matches, 0.01sec, #0
0004 and 0012: [45/72], H[29], 0.00sec
0001 and 0013: 46 matches, 0.01sec, #1
0009 and 0013: [70/117], H[17], 0.01sec
0001 and 0013: [33/46], H[19], 0.00sec
0005 and 0012: 84 matches, 0.01sec, #2
0010 and 0013: 172 matches, 0.01sec, #0
0005 and 0012: [50/84], H[13], 0.00sec
0002 and 0013: 30 matches, 0.01sec, #1
0010 and 0013: [93/172], H[30], 0.01sec
0002 and 0013: [20/30], H[9], 0.00sec
0006 and 0012: 96 matches, 0.01sec, #2
0011 and 0013: 259 matches, 0.01sec, #0
0006 and 0012: [50/96], H[12], 0.01sec
0003 and 0013: 53 matches, 0.01sec, #1
0011 and 0013: [181/259], H[40], 0.00sec
0003 and 0013: [36/53], H[33], 0.00sec
0007 and 0012: 127 matches, 0.01sec, #2
0012 and 0013: 324 matches, 0.01sec, #0
0012 and 0013: [245/324], H[54], 0.00sec
0004 and 0013: 67 matches, 0.01sec, #1
0007 and 0012: [68/127], H[21], 0.01sec
0004 and 0013: [45/67], H[29], 0.00sec
0000 and 0014: 33 matches, 0.01sec, #0
0008 and 0012: 135 matches, 0.01sec, #2
0005 and 0013: 83 matches, 0.01sec, #1
0000 and 0014: [18/33], H[9], 0.01sec
0008 and 0012: [80/135], H[30], 0.01sec
0005 and 0013: [50/83], H[30], 0.00sec
0001 and 0014: 35 matches, 0.01sec, #0
0001 and 0014: [18/35], H[9], 0.01sec
0006 and 0013: 82 matches, 0.01sec, #1
0009 and 0012: 130 matches, 0.02sec, #2
0002 and 0014: 33 matches, 0.01sec, #0
0002 and 0014: [19/33], H[6], 0.01sec
0006 and 0013: [47/82], H[18], 0.01sec
0009 and 0012: [70/130], H[16], 0.02sec
0003 and 0014: 55 matches, 0.00sec, #0
0003 and 0014: [37/55], H[25], 0.00sec
0007 and 0013: 111 matches, 0.02sec, #1
0005 and 0014: 67 matches, 0.01sec, #2
0004 and 0014: 76 matches, 0.01sec, #0
0007 and 0013: [67/111], H[25], 0.01sec
0005 and 0014: [36/67], H[21], 0.01sec
0004 and 0014: [41/76], H[33], 0.01sec
0001 and 0015: 46 matches, 0.01sec, #1
0006 and 0014: 79 matches, 0.01sec, #2
0011 and 0015: 237 matches, 0.01sec, #0
0001 and 0015: [33/46], H[14], 0.00sec
0011 and 0015: [162/237], H[17], 0.00sec
0002 and 0015: 43 matches, 0.01sec, #1
0006 and 0014: [45/79], H[8], 0.02sec
0012 and 0015: 287 matches, 0.01sec, #0
0002 and 0015: [27/43], H[11], 0.00sec
0012 and 0015: [249/287], H[103], 0.00sec
0007 and 0014: 89 matches, 0.01sec, #2
0003 and 0015: 67 matches, 0.01sec, #1
0013 and 0015: 345 matches, 0.01sec, #0
0007 and 0014: [53/89], H[16], 0.01sec
0003 and 0015: [41/67], H[21], 0.00sec
0013 and 0015: [310/345], H[121], 0.00sec
0008 and 0014: 92 matches, 0.01sec, #2
0004 and 0015: 75 matches, 0.01sec, #1
0014 and 0015: 295 matches, 0.01sec, #0
0004 and 0015: [49/75], H[26], 0.00sec
0014 and 0015: [269/295], H[74], 0.00sec
0008 and 0014: [53/92], H[16], 0.01sec
0005 and 0015: 94 matches, 0.01sec, #1
0000 and 0016: 21 matches, 0.01sec, #0
0009 and 0014: 94 matches, 0.01sec, #2
0005 and 0015: [51/94], H[41], 0.00sec
0001 and 0016: 32 matches, 0.01sec, #0
0009 and 0014: [48/94], H[7], 0.01sec
0001 and 0016: [17/32], H[5], 0.01sec
0006 and 0015: 89 matches, 0.01sec, #1
0010 and 0014: 132 matches, 0.01sec, #2
0002 and 0016: 36 matches, 0.00sec, #0
0006 and 0015: [47/89], H[9], 0.01sec
0010 and 0014: [69/132], H[27], 0.01sec
0002 and 0016: [19/36], H[13], 0.01sec
0007 and 0015: 120 matches, 0.01sec, #1
0003 and 0016: 51 matches, 0.01sec, #0
0011 and 0014: 166 matches, 0.01sec, #2
0007 and 0015: [64/120], H[16], 0.01sec
0003 and 0016: [32/51], H[24], 0.00sec
0011 and 0014: [104/166], H[17], 0.00sec
0008 and 0015: 129 matches, 0.01sec, #1
0004 and 0016: 62 matches, 0.01sec, #0
0012 and 0014: 221 matches, 0.01sec, #2
0008 and 0015: [75/129], H[14], 0.00sec
0004 and 0016: [36/62], H[24], 0.00sec
0012 and 0014: [179/221], H[43], 0.00sec
0009 and 0015: 112 matches, 0.01sec, #1
0005 and 0016: 53 matches, 0.01sec, #0
0013 and 0014: 256 matches, 0.01sec, #2
0005 and 0016: [31/53], H[11], 0.00sec
0013 and 0014: [225/256], H[45], 0.00sec
0009 and 0015: [63/112], H[17], 0.01sec
0006 and 0016: 89 matches, 0.01sec, #0
0000 and 0015: 33 matches, 0.01sec, #2
0010 and 0015: 167 matches, 0.01sec, #1
0000 and 0015: [18/33], H[5], 0.01sec
0010 and 0015: [92/167], H[25], 0.01sec
0006 and 0016: [46/89], H[8], 0.02sec
0007 and 0016: 79 matches, 0.01sec, #0
0000 and 0017: 30 matches, 0.01sec, #2
0010 and 0017: 128 matches, 0.01sec, #1
0000 and 0017: [17/30], H[9], 0.01sec
0010 and 0017: [75/128], H[27], 0.00sec
0007 and 0016: [42/79], H[9], 0.02sec
0001 and 0017: 46 matches, 0.01sec, #2
0011 and 0017: 159 matches, 0.01sec, #1
0008 and 0016: 93 matches, 0.01sec, #0
0001 and 0017: [25/46], H[12], 0.01sec
0011 and 0017: [106/159], H[13], 0.00sec
0008 and 0016: [60/93], H[13], 0.01sec
0002 and 0017: 37 matches, 0.01sec, #2
0012 and 0017: 184 matches, 0.01sec, #1
0009 and 0016: 90 matches, 0.01sec, #0
0002 and 0017: [23/37], H[16], 0.00sec
0012 and 0017: [145/184], H[30], 0.00sec
0009 and 0016: [47/90], H[5], 0.01sec
0003 and 0017: 55 matches, 0.01sec, #2
0013 and 0017: 201 matches, 0.01sec, #1
0010 and 0016: 124 matches, 0.01sec, #0
0003 and 0017: [42/55], H[28], 0.00sec
0013 and 0017: [145/201], H[34], 0.00sec
0010 and 0016: [66/124], H[17], 0.01sec
0004 and 0017: 69 matches, 0.01sec, #2
0014 and 0017: 288 matches, 0.01sec, #1
0011 and 0016: 164 matches, 0.01sec, #0
0004 and 0017: [41/69], H[33], 0.00sec
0014 and 0017: [238/288], H[68], 0.00sec
0011 and 0016: [97/164], H[7], 0.00sec
0005 and 0017: 55 matches, 0.01sec, #2
0015 and 0017: 222 matches, 0.01sec, #1
0012 and 0016: 202 matches, 0.01sec, #0
0005 and 0017: [38/55], H[23], 0.00sec
0015 and 0017: [179/222], H[58], 0.00sec
0012 and 0016: [161/202], H[12], 0.00sec
0006 and 0017: 70 matches, 0.01sec, #2
0016 and 0017: 321 matches, 0.01sec, #1
0013 and 0016: 221 matches, 0.01sec, #0
0016 and 0017: [288/321], H[79], 0.00sec
0013 and 0016: [181/221], H[37], 0.00sec
0006 and 0017: [34/70], H[6], 0.01sec
0000 and 0018: 31 matches, 0.01sec, #1
0014 and 0016: 311 matches, 0.01sec, #0
0007 and 0017: 99 matches, 0.01sec, #2
0014 and 0016: [271/311], H[117], 0.00sec
0000 and 0018: [17/31], H[11], 0.01sec
0015 and 0016: 256 matches, 0.01sec, #0
0007 and 0017: [43/99], H[10], 0.01sec
0015 and 0016: [184/256], H[65], 0.00sec
0001 and 0018: 38 matches, 0.01sec, #1
0008 and 0017: 88 matches, 0.01sec, #2
0003 and 0018: 52 matches, 0.00sec, #0
0001 and 0018: [20/38], H[6], 0.01sec
0003 and 0018: [31/52], H[12], 0.00sec
0008 and 0017: [45/88], H[12], 0.01sec
0002 and 0018: 41 matches, 0.01sec, #1
0004 and 0018: 53 matches, 0.01sec, #0
0009 and 0017: 88 matches, 0.01sec, #2
0004 and 0018: [35/53], H[20], 0.00sec
0005 and 0018: 61 matches, 0.01sec, #0
0009 and 0017: [50/88], H[16], 0.01sec
0002 and 0018: [20/41], H[10], 0.03sec
0005 and 0018: [34/61], H[13], 0.01sec
0013 and 0018: 145 matches, 0.01sec, #2
0005 and 0019: 70 matches, 0.01sec, #1
0006 and 0018: 82 matches, 0.01sec, #0
0013 and 0018: [91/145], H[11], 0.00sec
0005 and 0019: [40/70], H[6], 0.00sec
0014 and 0018: 188 matches, 0.01sec, #2
0006 and 0019: 79 matches, 0.01sec, #1
0014 and 0018: [136/188], H[31], 0.00sec
0006 and 0018: [41/82], H[10], 0.03sec
0006 and 0019: [46/79], H[21], 0.00sec
0015 and 0018: 184 matches, 0.01sec, #2
0007 and 0018: 73 matches, 0.01sec, #0
0015 and 0018: [121/184], H[22], 0.00sec
0007 and 0019: 92 matches, 0.01sec, #1
0007 and 0019: [51/92], H[19], 0.01sec
0016 and 0018: 232 matches, 0.01sec, #2
0016 and 0018: [166/232], H[37], 0.00sec
0008 and 0019: 77 matches, 0.01sec, #1
0008 and 0019: [49/77], H[20], 0.00sec
0007 and 0018: [34/73], H[7], 0.04sec
0017 and 0018: 260 matches, 0.01sec, #2
0008 and 0018: 84 matches, 0.01sec, #0
0009 and 0019: 81 matches, 0.01sec, #1
0017 and 0018: [187/260], H[68], 0.00sec
0008 and 0018: [43/84], H[9], 0.01sec
0000 and 0019: 40 matches, 0.01sec, #2
0009 and 0018: 75 matches, 0.01sec, #0
0009 and 0019: [44/81], H[9], 0.02sec
0009 and 0018: [35/75], H[10], 0.01sec
0010 and 0019: 101 matches, 0.01sec, #1
0010 and 0019: [63/101], H[18], 0.00sec
0010 and 0018: 111 matches, 0.01sec, #0
0000 and 0019: [18/40], H[6], 0.04sec
0011 and 0019: 133 matches, 0.01sec, #1
0010 and 0018: [56/111], H[8], 0.01sec
0001 and 0019: 47 matches, 0.01sec, #2
0011 and 0019: [82/133], H[6], 0.00sec
0001 and 0019: [27/47], H[17], 0.00sec
0011 and 0018: 125 matches, 0.01sec, #0
0011 and 0018: [75/125], H[16], 0.00sec
0012 and 0019: 171 matches, 0.01sec, #1
0002 and 0019: 47 matches, 0.01sec, #2
0012 and 0019: [122/171], H[24], 0.00sec
0012 and 0018: 171 matches, 0.01sec, #0
0002 and 0019: [23/47], H[7], 0.01sec
0012 and 0018: [107/171], H[17], 0.00sec
0013 and 0019: 164 matches, 0.01sec, #1
0003 and 0019: 59 matches, 0.01sec, #2
0013 and 0019: [124/164], H[15], 0.00sec
0015 and 0019: 190 matches, 0.01sec, #0
0003 and 0019: [37/59], H[16], 0.00sec
0015 and 0019: [147/190], H[25], 0.00sec
0014 and 0019: 222 matches, 0.01sec, #1
0004 and 0019: 60 matches, 0.01sec, #2
0016 and 0019: 260 matches, 0.01sec, #0
0014 and 0019: [168/222], H[30], 0.00sec
0004 and 0019: [36/60], H[10], 0.00sec
0016 and 0019: [210/260], H[73], 0.00sec
0017 and 0019: 293 matches, 0.01sec, #0
0006 and 0020: 77 matches, 0.01sec, #1
0016 and 0020: 210 matches, 0.01sec, #2
0017 and 0019: [224/293], H[127], 0.00sec
0016 and 0020: [136/210], H[44], 0.00sec
0006 and 0020: [40/77], H[7], 0.01sec
0018 and 0019: 307 matches, 0.01sec, #0
0018 and 0019: [269/307], H[83], 0.00sec
0017 and 0020: 211 matches, 0.01sec, #2
0007 and 0020: 78 matches, 0.01sec, #1
0017 and 0020: [148/211], H[30], 0.00sec
0000 and 0020: 34 matches, 0.01sec, #0
0007 and 0020: [44/78], H[7], 0.01sec
0018 and 0020: 340 matches, 0.01sec, #2
0000 and 0020: [16/34], H[6], 0.01sec
0018 and 0020: [295/340], H[167], 0.00sec
0008 and 0020: 95 matches, 0.01sec, #1
0001 and 0020: 51 matches, 0.01sec, #0
0019 and 0020: 252 matches, 0.01sec, #2
0008 and 0020: [51/95], H[9], 0.01sec
0001 and 0020: [28/51], H[11], 0.01sec
0019 and 0020: [209/252], H[46], 0.00sec
0009 and 0020: 66 matches, 0.01sec, #1
0002 and 0020: 48 matches, 0.01sec, #0
0000 and 0021: 26 matches, 0.01sec, #2
0009 and 0020: [36/66], H[11], 0.00sec
0000 and 0021: [13/26], H[6], 0.01sec
0010 and 0020: 104 matches, 0.01sec, #1
0001 and 0021: 47 matches, 0.01sec, #2
0010 and 0020: [60/104], H[14], 0.01sec
0001 and 0021: [24/47], H[8], 0.01sec
0011 and 0020: 133 matches, 0.01sec, #1
0002 and 0020: [21/48], H[6], 0.04sec
0002 and 0021: 43 matches, 0.01sec, #2
0011 and 0020: [82/133], H[14], 0.00sec
0003 and 0020: 58 matches, 0.00sec, #0
0012 and 0020: 147 matches, 0.01sec, #1
0003 and 0020: [35/58], H[26], 0.00sec
0002 and 0021: [23/43], H[4], 0.01sec
0012 and 0020: [96/147], H[15], 0.00sec
0004 and 0020: 61 matches, 0.01sec, #0
0003 and 0021: 51 matches, 0.01sec, #2
0004 and 0020: [40/61], H[23], 0.00sec
0013 and 0020: 132 matches, 0.01sec, #1
0003 and 0021: [34/51], H[20], 0.00sec
0013 and 0020: [89/132], H[10], 0.00sec
0005 and 0020: 70 matches, 0.01sec, #0
0005 and 0020: [40/70], H[9], 0.00sec
0004 and 0021: 65 matches, 0.01sec, #2
0014 and 0020: 188 matches, 0.01sec, #1
0004 and 0021: [45/65], H[18], 0.00sec
0006 and 0021: 72 matches, 0.01sec, #0
0014 and 0020: [119/188], H[20], 0.00sec
0005 and 0021: 62 matches, 0.01sec, #2
0006 and 0021: [36/72], H[8], 0.01sec
0015 and 0020: 155 matches, 0.01sec, #1
0005 and 0021: [32/62], H[5], 0.01sec
0007 and 0021: 74 matches, 0.01sec, #0
0015 and 0020: [104/155], H[16], 0.00sec
0016 and 0021: 169 matches, 0.01sec, #2
0007 and 0021: [36/74], H[10], 0.01sec
0016 and 0021: [106/169], H[18], 0.00sec
0005 and 0022: 91 matches, 0.01sec, #1
0008 and 0021: 85 matches, 0.01sec, #0
0005 and 0022: [52/91], H[18], 0.01sec
0017 and 0021: 194 matches, 0.01sec, #2
0008 and 0021: [42/85], H[8], 0.01sec
0017 and 0021: [117/194], H[19], 0.00sec
0006 and 0022: 87 matches, 0.01sec, #1
0009 and 0021: 92 matches, 0.01sec, #0
0018 and 0021: 285 matches, 0.01sec, #2
0006 and 0022: [45/87], H[6], 0.01sec
0018 and 0021: [222/285], H[73], 0.00sec
0009 and 0021: [52/92], H[8], 0.01sec
0010 and 0021: 99 matches, 0.01sec, #0
0007 and 0022: 105 matches, 0.01sec, #1
0019 and 0021: 245 matches, 0.01sec, #2
0007 and 0022: [66/105], H[10], 0.01sec
0019 and 0021: [195/245], H[40], 0.00sec
0010 and 0021: [49/99], H[8], 0.01sec
0008 and 0022: 90 matches, 0.01sec, #1
0020 and 0021: 322 matches, 0.01sec, #2
0011 and 0021: 130 matches, 0.01sec, #0
0008 and 0022: [58/90], H[9], 0.00sec
0020 and 0021: [277/322], H[140], 0.00sec
0011 and 0021: [85/130], H[12], 0.00sec
0000 and 0022: 45 matches, 0.01sec, #2
0009 and 0022: 94 matches, 0.01sec, #1
0012 and 0021: 146 matches, 0.01sec, #0
0000 and 0022: [25/45], H[8], 0.00sec
0009 and 0022: [60/94], H[22], 0.00sec
0012 and 0021: [83/146], H[16], 0.00sec
0001 and 0022: 46 matches, 0.01sec, #2
0013 and 0021: 123 matches, 0.01sec, #0
0010 and 0022: 123 matches, 0.01sec, #1
0001 and 0022: [30/46], H[22], 0.00sec
0013 and 0021: [71/123], H[9], 0.00sec
0010 and 0022: [70/123], H[13], 0.01sec
0002 and 0022: 52 matches, 0.01sec, #2
0014 and 0021: 153 matches, 0.01sec, #0
0011 and 0022: 128 matches, 0.01sec, #1
0014 and 0021: [93/153], H[19], 0.00sec
0011 and 0022: [67/128], H[11], 0.01sec
0002 and 0022: [24/52], H[7], 0.02sec
0015 and 0021: 137 matches, 0.01sec, #0
0015 and 0021: [75/137], H[17], 0.01sec
0003 and 0022: 54 matches, 0.01sec, #2
0012 and 0022: 122 matches, 0.01sec, #1
0015 and 0022: 137 matches, 0.01sec, #0
0003 and 0022: [31/54], H[15], 0.01sec
0015 and 0022: [77/137], H[12], 0.01sec
0012 and 0022: [70/122], H[12], 0.01sec
0004 and 0022: 77 matches, 0.01sec, #2
0016 and 0022: 138 matches, 0.01sec, #0
0004 and 0022: [49/77], H[38], 0.00sec
0013 and 0022: 107 matches, 0.01sec, #1
0016 and 0022: [86/138], H[17], 0.00sec
0013 and 0022: [63/107], H[11], 0.01sec
0003 and 0023: 62 matches, 0.01sec, #2
0017 and 0022: 166 matches, 0.01sec, #0
0003 and 0023: [42/62], H[32], 0.00sec
0014 and 0022: 134 matches, 0.01sec, #1
0017 and 0022: [104/166], H[24], 0.00sec
0014 and 0022: [75/134], H[17], 0.01sec
0004 and 0023: 67 matches, 0.01sec, #2
0018 and 0022: 171 matches, 0.01sec, #0
0004 and 0023: [45/67], H[38], 0.00sec
0013 and 0023: 106 matches, 0.01sec, #1
0018 and 0022: [114/171], H[38], 0.00sec
0005 and 0023: 80 matches, 0.01sec, #2
0013 and 0023: [56/106], H[7], 0.01sec
0019 and 0022: 153 matches, 0.01sec, #0
0005 and 0023: [47/80], H[11], 0.00sec
0019 and 0022: [102/153], H[14], 0.00sec
0014 and 0023: 130 matches, 0.01sec, #1
0006 and 0023: 73 matches, 0.01sec, #2
0020 and 0022: 216 matches, 0.01sec, #0
0014 and 0023: [74/130], H[19], 0.00sec
0020 and 0022: [138/216], H[22], 0.00sec
0006 and 0023: [39/73], H[7], 0.01sec
0015 and 0023: 116 matches, 0.01sec, #1
0021 and 0022: 234 matches, 0.01sec, #0
0007 and 0023: 84 matches, 0.01sec, #2
0021 and 0022: [155/234], H[34], 0.00sec
0015 and 0023: [61/116], H[12], 0.01sec
0007 and 0023: [51/84], H[11], 0.01sec
0000 and 0023: 35 matches, 0.01sec, #0
0016 and 0023: 161 matches, 0.01sec, #1
0008 and 0023: 92 matches, 0.01sec, #2
0016 and 0023: [96/161], H[18], 0.00sec
0008 and 0023: [57/92], H[14], 0.00sec
0000 and 0023: [18/35], H[8], 0.02sec
0017 and 0023: 160 matches, 0.01sec, #1
0009 and 0023: 82 matches, 0.01sec, #2
0001 and 0023: 35 matches, 0.01sec, #0
0017 and 0023: [108/160], H[14], 0.00sec
0009 and 0023: [46/82], H[13], 0.01sec
0001 and 0023: [20/35], H[9], 0.01sec
0018 and 0023: 233 matches, 0.01sec, #1
0010 and 0023: 97 matches, 0.01sec, #2
0002 and 0023: 48 matches, 0.01sec, #0
0018 and 0023: [157/233], H[43], 0.00sec
0010 and 0023: [54/97], H[11], 0.00sec
0019 and 0023: 197 matches, 0.01sec, #1
0011 and 0023: 121 matches, 0.01sec, #2
0019 and 0023: [121/197], H[48], 0.00sec
0002 and 0023: [25/48], H[15], 0.02sec
0011 and 0023: [77/121], H[15], 0.01sec
0000 and 0024: 49 matches, 0.01sec, #0
0020 and 0023: 258 matches, 0.01sec, #1
0012 and 0023: 111 matches, 0.01sec, #2
0020 and 0023: [195/258], H[64], 0.00sec
0000 and 0024: [27/49], H[13], 0.01sec
0012 and 0023: [57/111], H[10], 0.01sec
0021 and 0023: 301 matches, 0.01sec, #1
0001 and 0024: 52 matches, 0.01sec, #0
0021 and 0023: [221/301], H[100], 0.00sec
0010 and 0024: 111 matches, 0.01sec, #2
0001 and 0024: [29/52], H[9], 0.00sec
0010 and 0024: [64/111], H[13], 0.01sec
0022 and 0023: 284 matches, 0.01sec, #1
0002 and 0024: 43 matches, 0.01sec, #0
0022 and 0023: [204/284], H[43], 0.00sec
0011 and 0024: 103 matches, 0.01sec, #2
0002 and 0024: [25/43], H[8], 0.01sec
0020 and 0024: 196 matches, 0.01sec, #1
0011 and 0024: [52/103], H[11], 0.01sec
0003 and 0024: 66 matches, 0.01sec, #0
0020 and 0024: [118/196], H[27], 0.01sec
0003 and 0024: [49/66], H[22], 0.00sec
0012 and 0024: 110 matches, 0.01sec, #2
0021 and 0024: 228 matches, 0.01sec, #1
0004 and 0024: 94 matches, 0.01sec, #0
0012 and 0024: [59/110], H[14], 0.01sec
0021 and 0024: [143/228], H[39], 0.00sec
0004 and 0024: [73/94], H[18], 0.00sec
0013 and 0024: 91 matches, 0.01sec, #2
0005 and 0024: 108 matches, 0.01sec, #0
0022 and 0024: 311 matches, 0.01sec, #1
0013 and 0024: [51/91], H[5], 0.01sec
0005 and 0024: [73/108], H[36], 0.00sec
0022 and 0024: [257/311], H[93], 0.00sec
0014 and 0024: 137 matches, 0.01sec, #2
0006 and 0024: 102 matches, 0.01sec, #0
0023 and 0024: 238 matches, 0.01sec, #1
0014 and 0024: [76/137], H[13], 0.01sec
0023 and 0024: [177/238], H[49], 0.00sec
0006 and 0024: [58/102], H[11], 0.01sec
0015 and 0024: 113 matches, 0.01sec, #2
0007 and 0024: 115 matches, 0.01sec, #0
0000 and 0025: 35 matches, 0.01sec, #1
0015 and 0024: [61/113], H[12], 0.01sec
0007 and 0024: [75/115], H[9], 0.00sec
0016 and 0024: 133 matches, 0.01sec, #2
0008 and 0024: 93 matches, 0.01sec, #0
0016 and 0024: [85/133], H[11], 0.01sec
0008 and 0024: [64/93], H[4], 0.00sec
0017 and 0024: 133 matches, 0.01sec, #2
0009 and 0024: 104 matches, 0.01sec, #0
0000 and 0025: [17/35], H[5], 0.04sec
0017 and 0024: [76/133], H[14], 0.00sec
0009 and 0024: [65/104], H[20], 0.00sec
0001 and 0025: 44 matches, 0.01sec, #1
0006 and 0025: 67 matches, 0.01sec, #0
0018 and 0024: 166 matches, 0.01sec, #2
0018 and 0024: [98/166], H[42], 0.00sec
0006 and 0025: [33/67], H[18], 0.01sec
0001 and 0025: [21/44], H[4], 0.01sec
0019 and 0024: 156 matches, 0.01sec, #2
0007 and 0025: 65 matches, 0.01sec, #0
0002 and 0025: 49 matches, 0.01sec, #1
0019 and 0024: [88/156], H[15], 0.00sec
0007 and 0025: [43/65], H[11], 0.00sec
0016 and 0025: 51 matches, 0.01sec, #2
0008 and 0025: 72 matches, 0.01sec, #0
0002 and 0025: [21/49], H[5], 0.01sec
0008 and 0025: [45/72], H[13], 0.00sec
0016 and 0025: [25/51], H[7], 0.01sec
0009 and 0025: 54 matches, 0.01sec, #0
0003 and 0025: 36 matches, 0.01sec, #1
0017 and 0025: 62 matches, 0.01sec, #2
0009 and 0025: [32/54], H[7], 0.01sec
0003 and 0025: [19/36], H[14], 0.01sec
0017 and 0025: [30/62], H[18], 0.01sec
0010 and 0025: 56 matches, 0.01sec, #0
0004 and 0025: 49 matches, 0.01sec, #1
0018 and 0025: 58 matches, 0.01sec, #2
0010 and 0025: [29/56], H[9], 0.01sec
0004 and 0025: [29/49], H[9], 0.01sec
0011 and 0025: 54 matches, 0.01sec, #0
0005 and 0025: 58 matches, 0.01sec, #1
0018 and 0025: [26/58], H[5], 0.01sec
0005 and 0025: [33/58], H[8], 0.01sec
0011 and 0025: [26/54], H[7], 0.01sec
0019 and 0025: 53 matches, 0.01sec, #2
0001 and 0026: 80 matches, 0.01sec, #1
0012 and 0025: 62 matches, 0.01sec, #0
0001 and 0026: [47/80], H[30], 0.00sec
0019 and 0025: [25/53], H[7], 0.01sec
0012 and 0025: [31/62], H[12], 0.01sec
0002 and 0026: 70 matches, 0.01sec, #1
0013 and 0025: 52 matches, 0.01sec, #0
0020 and 0025: 74 matches, 0.01sec, #2
0002 and 0026: [42/70], H[16], 0.00sec
0013 and 0025: [27/52], H[9], 0.01sec
0003 and 0026: 71 matches, 0.01sec, #1
0014 and 0025: 46 matches, 0.01sec, #0
0003 and 0026: [50/71], H[13], 0.00sec
0020 and 0025: [37/74], H[8], 0.03sec
0014 and 0025: [23/46], H[8], 0.01sec
0004 and 0026: 102 matches, 0.01sec, #1
0021 and 0025: 75 matches, 0.01sec, #2
0004 and 0026: [69/102], H[23], 0.00sec
0015 and 0025: 53 matches, 0.00sec, #0
0005 and 0026: 127 matches, 0.01sec, #1
0005 and 0026: [87/127], H[20], 0.00sec
0015 and 0025: [26/53], H[4], 0.01sec
0021 and 0025: [44/75], H[5], 0.02sec
0011 and 0026: 107 matches, 0.01sec, #0
0006 and 0026: 124 matches, 0.01sec, #1
0022 and 0025: 135 matches, 0.01sec, #2
0011 and 0026: [58/107], H[14], 0.01sec
0006 and 0026: [79/124], H[9], 0.01sec
0022 and 0025: [72/135], H[16], 0.01sec
0012 and 0026: 94 matches, 0.01sec, #0
0007 and 0026: 130 matches, 0.01sec, #1
0023 and 0025: 83 matches, 0.01sec, #2
0012 and 0026: [53/94], H[8], 0.01sec
0007 and 0026: [98/130], H[15], 0.00sec
0013 and 0026: 92 matches, 0.01sec, #0
0023 and 0025: [39/83], H[9], 0.01sec
0008 and 0026: 127 matches, 0.01sec, #1
0013 and 0026: [53/92], H[13], 0.01sec
0008 and 0026: [82/127], H[21], 0.00sec
0024 and 0025: 109 matches, 0.01sec, #2
0014 and 0026: 99 matches, 0.01sec, #0
0024 and 0025: [65/109], H[17], 0.00sec
0009 and 0026: 92 matches, 0.01sec, #1
0014 and 0026: [53/99], H[10], 0.01sec
0009 and 0026: [65/92], H[13], 0.00sec
0000 and 0026: 70 matches, 0.01sec, #2
0015 and 0026: 97 matches, 0.01sec, #0
0000 and 0026: [47/70], H[7], 0.00sec
0010 and 0026: 124 matches, 0.01sec, #1
0015 and 0026: [53/97], H[17], 0.01sec
0021 and 0026: 162 matches, 0.01sec, #2
0010 and 0026: [75/124], H[13], 0.01sec
0016 and 0026: 100 matches, 0.01sec, #0
0021 and 0026: [89/162], H[33], 0.01sec
0005 and 0027: 114 matches, 0.01sec, #1
0016 and 0026: [52/100], H[9], 0.01sec
0005 and 0027: [76/114], H[13], 0.00sec
0022 and 0026: 239 matches, 0.01sec, #2
0017 and 0026: 114 matches, 0.01sec, #0
0022 and 0026: [161/239], H[21], 0.00sec
0006 and 0027: 151 matches, 0.01sec, #1
0017 and 0026: [63/114], H[21], 0.01sec
0006 and 0027: [106/151], H[52], 0.00sec
0023 and 0026: 188 matches, 0.01sec, #2
0018 and 0026: 134 matches, 0.01sec, #0
0023 and 0026: [116/188], H[19], 0.00sec
0007 and 0027: 187 matches, 0.01sec, #1
0018 and 0026: [73/134], H[16], 0.01sec
0007 and 0027: [147/187], H[35], 0.00sec
0024 and 0026: 284 matches, 0.01sec, #2
0019 and 0026: 126 matches, 0.01sec, #0
0024 and 0026: [216/284], H[26], 0.00sec
0008 and 0027: 125 matches, 0.01sec, #1
0019 and 0026: [67/126], H[12], 0.01sec
0008 and 0027: [88/125], H[31], 0.00sec
0025 and 0026: 152 matches, 0.01sec, #2
0020 and 0026: 157 matches, 0.01sec, #0
0025 and 0026: [102/152], H[18], 0.00sec
0009 and 0027: 95 matches, 0.01sec, #1
0020 and 0026: [85/157], H[20], 0.01sec
0009 and 0027: [65/95], H[7], 0.00sec
0000 and 0027: 80 matches, 0.01sec, #2
0015 and 0027: 67 matches, 0.01sec, #0
0000 and 0027: [46/80], H[7], 0.01sec
0010 and 0027: 89 matches, 0.01sec, #1
0015 and 0027: [35/67], H[16], 0.01sec
0001 and 0027: 81 matches, 0.01sec, #2
0016 and 0027: 58 matches, 0.01sec, #0
0001 and 0027: [55/81], H[27], 0.00sec
0010 and 0027: [50/89], H[10], 0.01sec
0016 and 0027: [32/58], H[20], 0.01sec
0002 and 0027: 148 matches, 0.01sec, #2
0011 and 0027: 80 matches, 0.01sec, #1
0002 and 0027: [113/148], H[37], 0.00sec
0017 and 0027: 80 matches, 0.01sec, #0
0011 and 0027: [45/80], H[7], 0.00sec
0003 and 0027: 85 matches, 0.01sec, #2
0017 and 0027: [43/80], H[8], 0.01sec
0003 and 0027: [59/85], H[25], 0.00sec
0012 and 0027: 70 matches, 0.01sec, #1
0018 and 0027: 88 matches, 0.01sec, #0
0004 and 0027: 74 matches, 0.01sec, #2
0012 and 0027: [35/70], H[11], 0.01sec
0004 and 0027: [53/74], H[14], 0.00sec
0018 and 0027: [56/88], H[12], 0.01sec
0013 and 0027: 58 matches, 0.01sec, #1
0025 and 0027: 159 matches, 0.01sec, #2
0019 and 0027: 96 matches, 0.01sec, #0
0025 and 0027: [114/159], H[55], 0.00sec
0019 and 0027: [55/96], H[11], 0.00sec
0026 and 0027: 214 matches, 0.01sec, #2
0013 and 0027: [33/58], H[9], 0.02sec
0020 and 0027: 108 matches, 0.01sec, #0
0026 and 0027: [148/214], H[56], 0.00sec
0014 and 0027: 61 matches, 0.01sec, #1
0000 and 0028: 79 matches, 0.01sec, #2
0020 and 0027: [64/108], H[9], 0.01sec
0000 and 0028: [51/79], H[33], 0.00sec
0014 and 0027: [29/61], H[12], 0.01sec
0021 and 0027: 107 matches, 0.01sec, #0
0001 and 0028: 96 matches, 0.01sec, #2
0001 and 0028: [65/96], H[53], 0.00sec
0008 and 0028: 140 matches, 0.01sec, #1
0021 and 0027: [59/107], H[9], 0.01sec
0008 and 0028: [111/140], H[62], 0.00sec
0002 and 0028: 112 matches, 0.01sec, #2
0022 and 0027: 138 matches, 0.01sec, #0
0002 and 0028: [78/112], H[68], 0.00sec
0009 and 0028: 74 matches, 0.01sec, #1
0022 and 0027: [74/138], H[16], 0.01sec
0009 and 0028: [48/74], H[9], 0.00sec
0003 and 0028: 121 matches, 0.01sec, #2
0023 and 0027: 118 matches, 0.01sec, #0
0003 and 0028: [79/121], H[41], 0.00sec
0010 and 0028: 91 matches, 0.01sec, #1
0023 and 0027: [62/118], H[18], 0.01sec
0010 and 0028: [55/91], H[26], 0.00sec
0004 and 0028: 108 matches, 0.01sec, #2
0024 and 0027: 167 matches, 0.01sec, #0
0004 and 0028: [77/108], H[63], 0.00sec
0011 and 0028: 93 matches, 0.01sec, #1
0024 and 0027: [103/167], H[26], 0.00sec
0011 and 0028: [61/93], H[25], 0.00sec
0005 and 0028: 153 matches, 0.01sec, #2
0018 and 0028: 99 matches, 0.01sec, #0
0005 and 0028: [112/153], H[26], 0.00sec
0012 and 0028: 85 matches, 0.01sec, #1
0018 and 0028: [55/99], H[21], 0.00sec
0012 and 0028: [52/85], H[22], 0.00sec
0006 and 0028: 134 matches, 0.01sec, #2
0019 and 0028: 108 matches, 0.01sec, #0
0006 and 0028: [93/134], H[30], 0.00sec
0013 and 0028: 91 matches, 0.01sec, #1
0019 and 0028: [69/108], H[31], 0.00sec
0013 and 0028: [64/91], H[32], 0.00sec
0007 and 0028: 162 matches, 0.01sec, #2
0020 and 0028: 115 matches, 0.01sec, #0
0007 and 0028: [113/162], H[16], 0.00sec
0014 and 0028: 92 matches, 0.01sec, #1
0020 and 0028: [68/115], H[25], 0.01sec
0014 and 0028: [54/92], H[23], 0.00sec
0000 and 0029: 58 matches, 0.01sec, #2
0021 and 0028: 98 matches, 0.01sec, #0
0000 and 0029: [34/58], H[10], 0.01sec
0015 and 0028: 98 matches, 0.01sec, #1
0021 and 0028: [63/98], H[13], 0.01sec
0001 and 0029: 60 matches, 0.01sec, #2
0015 and 0028: [56/98], H[30], 0.01sec
0022 and 0028: 124 matches, 0.01sec, #0
0001 and 0029: [37/60], H[29], 0.00sec
0016 and 0028: 78 matches, 0.01sec, #1
0022 and 0028: [66/124], H[14], 0.01sec
0016 and 0028: [47/78], H[16], 0.00sec
0002 and 0029: 117 matches, 0.01sec, #2
0023 and 0028: 115 matches, 0.01sec, #0
0002 and 0029: [86/117], H[44], 0.00sec
0017 and 0028: 87 matches, 0.01sec, #1
0023 and 0028: [65/115], H[16], 0.00sec
0017 and 0028: [51/87], H[39], 0.00sec
0003 and 0029: 71 matches, 0.01sec, #2
0024 and 0028: 169 matches, 0.01sec, #0
0003 and 0029: [43/71], H[20], 0.00sec
0010 and 0029: 80 matches, 0.01sec, #1
0024 and 0028: [92/169], H[21], 0.00sec
0010 and 0029: [56/80], H[15], 0.00sec
0004 and 0029: 73 matches, 0.01sec, #2
0025 and 0028: 134 matches, 0.01sec, #0
0004 and 0029: [47/73], H[10], 0.00sec
0011 and 0029: 82 matches, 0.01sec, #1
0025 and 0028: [80/134], H[16], 0.00sec
0005 and 0029: 94 matches, 0.01sec, #2
0011 and 0029: [42/82], H[7], 0.01sec
0005 and 0029: [64/94], H[16], 0.00sec
0026 and 0028: 197 matches, 0.01sec, #0
0026 and 0028: [122/197], H[35], 0.00sec
0012 and 0029: 67 matches, 0.01sec, #1
0006 and 0029: 124 matches, 0.01sec, #2
0027 and 0028: 229 matches, 0.01sec, #0
0006 and 0029: [88/124], H[17], 0.00sec
0027 and 0028: [191/229], H[69], 0.00sec
0012 and 0029: [36/67], H[13], 0.01sec
0007 and 0029: 142 matches, 0.01sec, #2
0020 and 0029: 68 matches, 0.01sec, #0
0007 and 0029: [106/142], H[15], 0.00sec
0013 and 0029: 56 matches, 0.01sec, #1
0020 and 0029: [34/68], H[8], 0.01sec
0008 and 0029: 109 matches, 0.01sec, #2
0013 and 0029: [30/56], H[15], 0.01sec
0008 and 0029: [78/109], H[17], 0.00sec
0021 and 0029: 84 matches, 0.01sec, #0
0014 and 0029: 68 matches, 0.01sec, #1
0009 and 0029: 140 matches, 0.01sec, #2
0009 and 0029: [105/140], H[24], 0.00sec
0014 and 0029: [35/68], H[7], 0.01sec
0021 and 0029: [53/84], H[10], 0.02sec
0001 and 0030: 94 matches, 0.01sec, #2
0022 and 0029: 98 matches, 0.01sec, #0
0015 and 0029: 64 matches, 0.01sec, #1
0001 and 0030: [69/94], H[61], 0.00sec
0022 and 0029: [49/98], H[7], 0.01sec
0015 and 0029: [32/64], H[5], 0.01sec
0002 and 0030: 80 matches, 0.01sec, #2
0023 and 0029: 80 matches, 0.01sec, #0
0002 and 0030: [59/80], H[26], 0.00sec
0016 and 0029: 78 matches, 0.01sec, #1
0003 and 0030: 125 matches, 0.01sec, #2
0003 and 0030: [89/125], H[38], 0.00sec
0016 and 0029: [39/78], H[15], 0.01sec
0023 and 0029: [47/80], H[4], 0.02sec
0024 and 0029: 99 matches, 0.01sec, #0
0004 and 0030: 130 matches, 0.01sec, #2
0017 and 0029: 69 matches, 0.01sec, #1
0024 and 0029: [63/99], H[15], 0.00sec
0004 and 0030: [96/130], H[34], 0.00sec
0025 and 0029: 105 matches, 0.01sec, #0
0005 and 0030: 166 matches, 0.01sec, #2
0025 and 0029: [69/105], H[16], 0.00sec
0005 and 0030: [117/166], H[47], 0.00sec
0017 and 0029: [35/69], H[7], 0.02sec
0026 and 0029: 132 matches, 0.01sec, #0
0026 and 0029: [79/132], H[11], 0.00sec
0006 and 0030: 161 matches, 0.01sec, #2
0018 and 0029: 64 matches, 0.01sec, #1
0006 and 0030: [104/161], H[30], 0.00sec
0027 and 0029: 195 matches, 0.01sec, #0
0027 and 0029: [157/195], H[38], 0.00sec
0007 and 0030: 181 matches, 0.01sec, #2
0028 and 0029: 190 matches, 0.01sec, #0
0007 and 0030: [126/181], H[99], 0.00sec
0028 and 0029: [153/190], H[32], 0.00sec
0018 and 0029: [34/64], H[8], 0.02sec
0008 and 0030: 152 matches, 0.01sec, #2
0000 and 0030: 81 matches, 0.01sec, #0
0008 and 0030: [110/152], H[70], 0.00sec
0019 and 0029: 88 matches, 0.01sec, #1
0000 and 0030: [56/81], H[48], 0.00sec
0009 and 0030: 88 matches, 0.01sec, #2
0011 and 0030: 118 matches, 0.01sec, #0
0019 and 0029: [50/88], H[8], 0.01sec
0009 and 0030: [53/88], H[15], 0.01sec
0011 and 0030: [66/118], H[51], 0.01sec
0021 and 0030: 90 matches, 0.01sec, #1
0012 and 0030: 95 matches, 0.01sec, #0
0010 and 0030: 131 matches, 0.01sec, #2
0021 and 0030: [52/90], H[24], 0.00sec
0012 and 0030: [56/95], H[43], 0.00sec
0010 and 0030: [84/131], H[26], 0.00sec
0022 and 0030: 87 matches, 0.01sec, #1
0013 and 0030: 82 matches, 0.01sec, #0
0001 and 0031: 57 matches, 0.01sec, #2
0022 and 0030: [54/87], H[19], 0.00sec
0013 and 0030: [47/82], H[12], 0.00sec
0001 and 0031: [40/57], H[10], 0.00sec
0023 and 0030: 96 matches, 0.01sec, #1
0014 and 0030: 83 matches, 0.01sec, #0
0002 and 0031: 84 matches, 0.01sec, #2
0023 and 0030: [61/96], H[17], 0.00sec
0014 and 0030: [51/83], H[32], 0.00sec
0002 and 0031: [57/84], H[27], 0.00sec
0024 and 0030: 108 matches, 0.01sec, #1
0015 and 0030: 113 matches, 0.01sec, #0
0003 and 0031: 80 matches, 0.01sec, #2
0024 and 0030: [66/108], H[9], 0.00sec
0003 and 0031: [53/80], H[31], 0.00sec
0015 and 0030: [59/113], H[23], 0.01sec
0016 and 0030: 77 matches, 0.01sec, #0
0025 and 0030: 87 matches, 0.01sec, #1
0004 and 0031: 94 matches, 0.01sec, #2
0016 and 0030: [47/77], H[12], 0.00sec
0004 and 0031: [62/94], H[24], 0.00sec
0025 and 0030: [49/87], H[13], 0.00sec
0017 and 0030: 92 matches, 0.01sec, #0
0017 and 0030: [60/92], H[34], 0.00sec
0005 and 0031: 115 matches, 0.01sec, #2
0026 and 0030: 134 matches, 0.01sec, #1
0018 and 0030: 76 matches, 0.01sec, #0
0005 and 0031: [76/115], H[15], 0.00sec
0026 and 0030: [80/134], H[17], 0.00sec
0018 and 0030: [45/76], H[26], 0.01sec
0019 and 0030: 78 matches, 0.01sec, #0
0006 and 0031: 151 matches, 0.01sec, #2
0027 and 0030: 142 matches, 0.01sec, #1
0019 and 0030: [47/78], H[12], 0.00sec
0006 and 0031: [101/151], H[21], 0.00sec
0027 and 0030: [99/142], H[19], 0.00sec
0020 and 0030: 83 matches, 0.01sec, #0
0020 and 0030: [54/83], H[44], 0.00sec
0007 and 0031: 143 matches, 0.01sec, #2
0028 and 0030: 209 matches, 0.01sec, #1
0007 and 0031: [108/143], H[23], 0.00sec
0011 and 0031: 96 matches, 0.01sec, #0
0028 and 0030: [158/209], H[74], 0.00sec
0011 and 0031: [62/96], H[15], 0.00sec
0008 and 0031: 113 matches, 0.01sec, #2
0029 and 0030: 123 matches, 0.01sec, #1
0012 and 0031: 64 matches, 0.01sec, #0
0008 and 0031: [81/113], H[19], 0.00sec
0029 and 0030: [86/123], H[29], 0.00sec
0012 and 0031: [41/64], H[11], 0.00sec
0013 and 0031: 68 matches, 0.01sec, #0
0009 and 0031: 98 matches, 0.01sec, #2
0000 and 0031: 52 matches, 0.01sec, #1
0009 and 0031: [69/98], H[11], 0.00sec
0000 and 0031: [38/52], H[20], 0.00sec
0013 and 0031: [37/68], H[9], 0.01sec
0010 and 0031: 98 matches, 0.01sec, #2
0021 and 0031: 82 matches, 0.01sec, #1
0014 and 0031: 83 matches, 0.01sec, #0
0010 and 0031: [65/98], H[13], 0.00sec
0014 and 0031: [41/83], H[9], 0.01sec
0000 and 0032: 41 matches, 0.01sec, #2
0021 and 0031: [43/82], H[15], 0.01sec
0000 and 0032: [25/41], H[7], 0.00sec
0015 and 0031: 72 matches, 0.01sec, #0
0001 and 0032: 46 matches, 0.01sec, #2
0022 and 0031: 94 matches, 0.01sec, #1
0015 and 0031: [36/72], H[8], 0.01sec
0001 and 0032: [32/46], H[13], 0.00sec
0016 and 0031: 84 matches, 0.01sec, #0
0022 and 0031: [53/94], H[12], 0.01sec
0002 and 0032: 57 matches, 0.01sec, #2
0016 and 0031: [43/84], H[9], 0.01sec
0002 and 0032: [35/57], H[12], 0.00sec
0023 and 0031: 80 matches, 0.01sec, #1
0017 and 0031: 75 matches, 0.01sec, #0
0003 and 0032: 72 matches, 0.01sec, #2
0023 and 0031: [47/80], H[11], 0.01sec
0017 and 0031: [49/75], H[13], 0.01sec
0003 and 0032: [47/72], H[8], 0.00sec
0018 and 0031: 90 matches, 0.01sec, #0
0024 and 0031: 105 matches, 0.01sec, #1
0004 and 0032: 114 matches, 0.01sec, #2
0018 and 0031: [43/90], H[29], 0.01sec
0004 and 0032: [67/114], H[11], 0.01sec
0024 and 0031: [60/105], H[10], 0.01sec
0019 and 0031: 76 matches, 0.01sec, #0
0005 and 0032: 117 matches, 0.01sec, #2
0025 and 0031: 92 matches, 0.01sec, #1
0019 and 0031: [49/76], H[12], 0.01sec
0005 and 0032: [65/117], H[16], 0.01sec
0025 and 0031: [61/92], H[10], 0.00sec
0020 and 0031: 81 matches, 0.01sec, #0
0006 and 0032: 130 matches, 0.01sec, #2
0026 and 0031: 116 matches, 0.01sec, #1
0020 and 0031: [39/81], H[13], 0.01sec
0006 and 0032: [78/130], H[24], 0.00sec
0026 and 0031: [65/116], H[7], 0.01sec
0010 and 0032: 97 matches, 0.01sec, #0
0010 and 0032: [60/97], H[25], 0.00sec
0007 and 0032: 128 matches, 0.01sec, #2
0027 and 0031: 166 matches, 0.01sec, #1
0011 and 0032: 78 matches, 0.00sec, #0
0007 and 0032: [77/128], H[35], 0.00sec
0027 and 0031: [124/166], H[24], 0.00sec
0011 and 0032: [44/78], H[31], 0.01sec
0008 and 0032: 122 matches, 0.01sec, #2
0012 and 0032: 82 matches, 0.01sec, #0
0028 and 0031: 145 matches, 0.01sec, #1
0008 and 0032: [87/122], H[24], 0.00sec
0028 and 0031: [114/145], H[27], 0.00sec
0012 and 0032: [47/82], H[13], 0.01sec
0009 and 0032: 70 matches, 0.01sec, #2
0013 and 0032: 91 matches, 0.01sec, #0
0029 and 0031: 202 matches, 0.01sec, #1
0009 and 0032: [38/70], H[12], 0.01sec
0013 and 0032: [64/91], H[32], 0.00sec
0029 and 0031: [174/202], H[57], 0.00sec
0020 and 0032: 65 matches, 0.01sec, #2
0014 and 0032: 86 matches, 0.01sec, #0
0030 and 0031: 175 matches, 0.01sec, #1
0020 and 0032: [35/65], H[8], 0.01sec
0014 and 0032: [52/86], H[19], 0.00sec
0030 and 0031: [118/175], H[50], 0.00sec
0021 and 0032: 61 matches, 0.01sec, #2
0015 and 0032: 84 matches, 0.01sec, #0
0030 and 0032: 180 matches, 0.01sec, #1
0021 and 0032: [34/61], H[11], 0.01sec
0015 and 0032: [56/84], H[24], 0.00sec
0030 and 0032: [143/180], H[56], 0.00sec
0016 and 0032: 61 matches, 0.01sec, #0
0022 and 0032: 117 matches, 0.01sec, #2
0016 and 0032: [37/61], H[28], 0.00sec
0031 and 0032: 138 matches, 0.01sec, #1
0022 and 0032: [74/117], H[28], 0.00sec
0031 and 0032: [90/138], H[25], 0.00sec
0017 and 0032: 76 matches, 0.01sec, #0
0023 and 0032: 75 matches, 0.01sec, #2
0017 and 0032: [43/76], H[32], 0.01sec
0000 and 0033: 78 matches, 0.01sec, #1
0023 and 0032: [38/75], H[8], 0.01sec
0000 and 0033: [60/78], H[44], 0.00sec
0018 and 0032: 55 matches, 0.01sec, #0
0018 and 0032: [30/55], H[14], 0.01sec
0024 and 0032: 112 matches, 0.02sec, #2
0001 and 0033: 81 matches, 0.01sec, #1
0019 and 0032: 70 matches, 0.01sec, #0
0024 and 0032: [64/112], H[28], 0.01sec
0001 and 0033: [67/81], H[54], 0.00sec
0019 and 0032: [42/70], H[20], 0.01sec
0025 and 0032: 93 matches, 0.01sec, #2
0002 and 0033: 83 matches, 0.01sec, #1
0008 and 0033: 161 matches, 0.01sec, #0
0025 and 0032: [53/93], H[20], 0.01sec
0002 and 0033: [63/83], H[58], 0.00sec
0008 and 0033: [110/161], H[51], 0.00sec
0026 and 0032: 97 matches, 0.01sec, #2
0009 and 0033: 83 matches, 0.01sec, #0
0003 and 0033: 127 matches, 0.01sec, #1
0026 and 0032: [52/97], H[8], 0.01sec
0009 and 0033: [52/83], H[18], 0.00sec
0003 and 0033: [97/127], H[78], 0.00sec
0010 and 0033: 106 matches, 0.01sec, #0
0027 and 0032: 108 matches, 0.01sec, #2
0010 and 0033: [64/106], H[25], 0.00sec
0004 and 0033: 140 matches, 0.01sec, #1
0027 and 0032: [65/108], H[19], 0.00sec
0004 and 0033: [101/140], H[65], 0.00sec
0011 and 0033: 97 matches, 0.01sec, #0
0011 and 0033: [67/97], H[34], 0.00sec
0028 and 0032: 123 matches, 0.01sec, #2
0005 and 0033: 194 matches, 0.01sec, #1
0012 and 0033: 73 matches, 0.01sec, #0
0028 and 0032: [75/123], H[32], 0.00sec
0005 and 0033: [137/194], H[20], 0.00sec
0012 and 0033: [45/73], H[34], 0.00sec
0029 and 0032: 101 matches, 0.01sec, #2
0013 and 0033: 81 matches, 0.01sec, #0
0006 and 0033: 223 matches, 0.01sec, #1
0029 and 0032: [62/101], H[18], 0.00sec
0013 and 0033: [50/81], H[22], 0.00sec
0006 and 0033: [149/223], H[62], 0.00sec
0018 and 0033: 71 matches, 0.01sec, #2
0014 and 0033: 62 matches, 0.01sec, #0
0018 and 0033: [47/71], H[25], 0.00sec
0007 and 0033: 191 matches, 0.01sec, #1
0014 and 0033: [42/62], H[24], 0.00sec
0007 and 0033: [122/191], H[95], 0.00sec
0019 and 0033: 79 matches, 0.01sec, #2
0015 and 0033: 92 matches, 0.00sec, #0
0019 and 0033: [52/79], H[37], 0.00sec
0028 and 0033: 177 matches, 0.01sec, #1
0015 and 0033: [60/92], H[24], 0.00sec
0028 and 0033: [123/177], H[93], 0.00sec
0020 and 0033: 74 matches, 0.01sec, #2
0016 and 0033: 69 matches, 0.01sec, #0
0020 and 0033: [49/74], H[19], 0.00sec
0016 and 0033: [48/69], H[32], 0.00sec
0029 and 0033: 138 matches, 0.01sec, #1
0021 and 0033: 73 matches, 0.01sec, #2
0017 and 0033: 73 matches, 0.01sec, #0
0029 and 0033: [82/138], H[31], 0.00sec
0021 and 0033: [40/73], H[12], 0.01sec
0017 and 0033: [47/73], H[36], 0.00sec
0030 and 0033: 217 matches, 0.01sec, #1
0022 and 0033: 84 matches, 0.01sec, #2
0005 and 0034: 198 matches, 0.01sec, #0
0030 and 0033: [171/217], H[44], 0.00sec
0022 and 0033: [58/84], H[15], 0.00sec
0005 and 0034: [136/198], H[42], 0.00sec
0031 and 0033: 159 matches, 0.01sec, #1
0006 and 0034: 160 matches, 0.01sec, #0
0023 and 0033: 86 matches, 0.01sec, #2
0031 and 0033: [103/159], H[16], 0.00sec
0006 and 0034: [106/160], H[63], 0.00sec
0023 and 0033: [53/86], H[15], 0.00sec
0007 and 0034: 144 matches, 0.00sec, #0
0032 and 0033: 185 matches, 0.01sec, #1
0007 and 0034: [97/144], H[25], 0.00sec
0024 and 0033: 107 matches, 0.01sec, #2
0032 and 0033: [161/185], H[78], 0.00sec
0008 and 0034: 128 matches, 0.00sec, #0
0024 and 0033: [68/107], H[19], 0.00sec
0008 and 0034: [91/128], H[49], 0.00sec
0000 and 0034: 79 matches, 0.01sec, #1
0025 and 0033: 86 matches, 0.01sec, #2
0000 and 0034: [61/79], H[34], 0.00sec
0009 and 0034: 64 matches, 0.01sec, #0
0025 and 0033: [45/86], H[20], 0.01sec
0001 and 0034: 81 matches, 0.01sec, #1
0009 and 0034: [33/64], H[8], 0.01sec
0026 and 0033: 125 matches, 0.01sec, #2
0001 and 0034: [64/81], H[28], 0.00sec
0026 and 0033: [87/125], H[26], 0.00sec
0010 and 0034: 94 matches, 0.01sec, #0
0010 and 0034: [66/94], H[56], 0.00sec
0002 and 0034: 78 matches, 0.01sec, #1
0027 and 0033: 149 matches, 0.01sec, #2
0011 and 0034: 77 matches, 0.01sec, #0
0002 and 0034: [48/78], H[22], 0.00sec
0027 and 0033: [107/149], H[38], 0.00sec
0011 and 0034: [48/77], H[24], 0.00sec
0003 and 0034: 133 matches, 0.01sec, #1
0015 and 0034: 72 matches, 0.01sec, #2
0003 and 0034: [96/133], H[40], 0.00sec
0012 and 0034: 65 matches, 0.01sec, #0
0015 and 0034: [47/72], H[25], 0.00sec
0012 and 0034: [41/65], H[22], 0.00sec
0004 and 0034: 205 matches, 0.01sec, #1
0004 and 0034: [166/205], H[33], 0.00sec
0016 and 0034: 61 matches, 0.01sec, #2
0013 and 0034: 64 matches, 0.01sec, #0
0016 and 0034: [41/61], H[37], 0.00sec
0025 and 0034: 64 matches, 0.01sec, #1
0013 and 0034: [40/64], H[34], 0.00sec
0017 and 0034: 72 matches, 0.01sec, #2
0025 and 0034: [36/64], H[6], 0.01sec
0014 and 0034: 66 matches, 0.01sec, #0
0017 and 0034: [42/72], H[28], 0.00sec
0014 and 0034: [42/66], H[36], 0.00sec
0026 and 0034: 127 matches, 0.01sec, #1
0018 and 0034: 69 matches, 0.01sec, #2
0001 and 0035: 88 matches, 0.00sec, #0
0026 and 0034: [79/127], H[21], 0.00sec
0001 and 0035: [66/88], H[50], 0.00sec
0018 and 0034: [40/69], H[25], 0.00sec
0027 and 0034: 114 matches, 0.01sec, #1
0002 and 0035: 85 matches, 0.01sec, #0
0019 and 0034: 65 matches, 0.01sec, #2
0027 and 0034: [69/114], H[7], 0.00sec
0002 and 0035: [56/85], H[31], 0.00sec
0019 and 0034: [37/65], H[18], 0.00sec
0003 and 0035: 138 matches, 0.01sec, #0
0028 and 0034: 145 matches, 0.01sec, #1
0020 and 0034: 72 matches, 0.01sec, #2
0003 and 0035: [108/138], H[28], 0.00sec
0028 and 0034: [93/145], H[69], 0.00sec
0020 and 0034: [45/72], H[28], 0.00sec
0004 and 0035: 239 matches, 0.01sec, #0
0029 and 0034: 101 matches, 0.01sec, #1
0004 and 0035: [173/239], H[41], 0.00sec
0021 and 0034: 66 matches, 0.01sec, #2
0029 and 0034: [56/101], H[15], 0.01sec
0021 and 0034: [40/66], H[20], 0.00sec
0005 and 0035: 203 matches, 0.01sec, #0
0030 and 0034: 190 matches, 0.01sec, #1
0005 and 0035: [148/203], H[69], 0.00sec
0022 and 0034: 85 matches, 0.01sec, #2
0030 and 0034: [142/190], H[54], 0.00sec
0006 and 0035: 163 matches, 0.01sec, #0
0022 and 0034: [54/85], H[16], 0.00sec
0006 and 0035: [107/163], H[16], 0.00sec
0031 and 0034: 130 matches, 0.02sec, #1
0023 and 0034: 73 matches, 0.01sec, #2
0007 and 0035: 146 matches, 0.01sec, #0
0031 and 0034: [77/130], H[17], 0.00sec
0023 and 0034: [53/73], H[33], 0.00sec
0007 and 0035: [96/146], H[42], 0.00sec
0032 and 0034: 160 matches, 0.02sec, #1
0008 and 0035: 123 matches, 0.01sec, #0
0024 and 0034: 98 matches, 0.01sec, #2
0032 and 0034: [112/160], H[37], 0.00sec
0008 and 0035: [79/123], H[26], 0.00sec
0024 and 0034: [77/98], H[24], 0.00sec
0009 and 0035: 74 matches, 0.01sec, #0
0033 and 0034: 235 matches, 0.01sec, #1
0011 and 0035: 84 matches, 0.01sec, #2
0033 and 0034: [204/235], H[46], 0.00sec
0009 and 0035: [38/74], H[10], 0.01sec
0011 and 0035: [55/84], H[20], 0.00sec
0010 and 0035: 99 matches, 0.01sec, #0
0000 and 0035: 77 matches, 0.01sec, #1
0010 and 0035: [64/99], H[30], 0.00sec
0012 and 0035: 78 matches, 0.01sec, #2
0000 and 0035: [48/77], H[36], 0.00sec
0012 and 0035: [47/78], H[20], 0.00sec
0021 and 0035: 70 matches, 0.01sec, #0
0021 and 0035: [41/70], H[24], 0.00sec
0031 and 0035: 104 matches, 0.01sec, #1
0013 and 0035: 66 matches, 0.01sec, #2
0022 and 0035: 88 matches, 0.01sec, #0
0031 and 0035: [68/104], H[16], 0.00sec
0013 and 0035: [47/66], H[37], 0.00sec
0022 and 0035: [62/88], H[30], 0.00sec
0032 and 0035: 119 matches, 0.01sec, #1
0023 and 0035: 86 matches, 0.01sec, #0
0014 and 0035: 75 matches, 0.01sec, #2
0032 and 0035: [78/119], H[10], 0.00sec
0023 and 0035: [53/86], H[31], 0.00sec
0014 and 0035: [45/75], H[22], 0.00sec
0033 and 0035: 158 matches, 0.01sec, #1
0024 and 0035: 112 matches, 0.01sec, #0
0033 and 0035: [121/158], H[47], 0.00sec
0015 and 0035: 73 matches, 0.01sec, #2
0024 and 0035: [70/112], H[64], 0.00sec
0015 and 0035: [53/73], H[46], 0.00sec
0034 and 0035: 205 matches, 0.01sec, #1
0025 and 0035: 55 matches, 0.01sec, #0
0034 and 0035: [172/205], H[45], 0.00sec
0016 and 0035: 61 matches, 0.01sec, #2
0016 and 0035: [38/61], H[26], 0.00sec
0025 and 0035: [27/55], H[5], 0.01sec
0000 and 0036: 55 matches, 0.01sec, #1
0017 and 0035: 68 matches, 0.01sec, #2
0000 and 0036: [37/55], H[10], 0.00sec
0026 and 0035: 103 matches, 0.01sec, #0
0017 and 0035: [44/68], H[37], 0.00sec
0026 and 0035: [69/103], H[32], 0.00sec
0001 and 0036: 63 matches, 0.01sec, #1
0018 and 0035: 63 matches, 0.01sec, #2
0001 and 0036: [39/63], H[20], 0.00sec
0027 and 0035: 95 matches, 0.01sec, #0
0018 and 0035: [39/63], H[31], 0.00sec
0027 and 0035: [62/95], H[35], 0.00sec
0002 and 0036: 60 matches, 0.01sec, #1
0019 and 0035: 77 matches, 0.01sec, #2
0002 and 0036: [42/60], H[16], 0.00sec
0028 and 0035: 119 matches, 0.01sec, #0
0019 and 0035: [47/77], H[26], 0.00sec
0028 and 0035: [84/119], H[69], 0.00sec
0003 and 0036: 110 matches, 0.01sec, #1
0003 and 0036: [81/110], H[38], 0.00sec
0020 and 0035: 77 matches, 0.01sec, #2
0029 and 0035: 82 matches, 0.01sec, #0
0020 and 0035: [48/77], H[21], 0.00sec
0004 and 0036: 167 matches, 0.01sec, #1
0029 and 0035: [47/82], H[12], 0.00sec
0004 and 0036: [131/167], H[41], 0.00sec
0006 and 0036: 125 matches, 0.01sec, #2
0030 and 0035: 155 matches, 0.01sec, #0
0006 and 0036: [70/125], H[21], 0.01sec
0005 and 0036: 165 matches, 0.01sec, #1
0030 and 0035: [110/155], H[23], 0.00sec
0005 and 0036: [115/165], H[40], 0.00sec
0007 and 0036: 104 matches, 0.01sec, #2
0016 and 0036: 60 matches, 0.00sec, #0
0007 and 0036: [73/104], H[17], 0.00sec
0026 and 0036: 83 matches, 0.01sec, #1
0016 and 0036: [38/60], H[33], 0.00sec
0026 and 0036: [60/83], H[14], 0.00sec
0008 and 0036: 118 matches, 0.01sec, #2
0017 and 0036: 65 matches, 0.00sec, #0
0008 and 0036: [74/118], H[44], 0.00sec
0017 and 0036: [47/65], H[22], 0.00sec
0027 and 0036: 66 matches, 0.01sec, #1
0009 and 0036: 64 matches, 0.01sec, #2
0018 and 0036: 72 matches, 0.01sec, #0
0027 and 0036: [37/66], H[8], 0.01sec
0018 and 0036: [40/72], H[25], 0.01sec
0028 and 0036: 100 matches, 0.01sec, #1
0019 and 0036: 64 matches, 0.01sec, #0
0028 and 0036: [61/100], H[36], 0.00sec
0009 and 0036: [32/64], H[13], 0.02sec
0019 and 0036: [39/64], H[32], 0.00sec
0029 and 0036: 77 matches, 0.01sec, #1
0020 and 0036: 64 matches, 0.01sec, #0
0010 and 0036: 89 matches, 0.01sec, #2
0029 and 0036: [46/77], H[15], 0.00sec
0020 and 0036: [42/64], H[31], 0.00sec
0010 and 0036: [54/89], H[15], 0.00sec
0030 and 0036: 130 matches, 0.01sec, #1
0021 and 0036: 58 matches, 0.01sec, #0
0030 and 0036: [89/130], H[28], 0.00sec
0011 and 0036: 73 matches, 0.01sec, #2
0021 and 0036: [35/58], H[26], 0.00sec
0011 and 0036: [48/73], H[15], 0.00sec
0031 and 0036: 98 matches, 0.01sec, #1
0022 and 0036: 95 matches, 0.01sec, #0
0031 and 0036: [65/98], H[25], 0.00sec
0012 and 0036: 62 matches, 0.01sec, #2
0022 and 0036: [65/95], H[31], 0.00sec
0012 and 0036: [39/62], H[7], 0.00sec
0032 and 0036: 185 matches, 0.01sec, #1
0023 and 0036: 65 matches, 0.00sec, #0
0032 and 0036: [139/185], H[44], 0.00sec
0023 and 0036: [45/65], H[28], 0.00sec
0013 and 0036: 83 matches, 0.01sec, #2
0013 and 0036: [58/83], H[27], 0.00sec
0033 and 0036: 147 matches, 0.01sec, #1
0024 and 0036: 93 matches, 0.00sec, #0
0033 and 0036: [113/147], H[16], 0.00sec
0024 and 0036: [64/93], H[52], 0.00sec
0014 and 0036: 68 matches, 0.01sec, #2
0034 and 0036: 189 matches, 0.01sec, #1
0025 and 0036: 62 matches, 0.00sec, #0
0014 and 0036: [41/68], H[19], 0.00sec
0034 and 0036: [158/189], H[39], 0.00sec
0025 and 0036: [36/62], H[6], 0.01sec
0015 and 0036: 70 matches, 0.01sec, #2
0000 and 0037: 69 matches, 0.01sec, #0
0035 and 0036: 229 matches, 0.01sec, #1
0015 and 0036: [48/70], H[41], 0.00sec
0000 and 0037: [43/69], H[21], 0.00sec
0035 and 0036: [187/229], H[74], 0.00sec
0010 and 0037: 76 matches, 0.01sec, #2
0001 and 0037: 91 matches, 0.01sec, #0
0020 and 0037: 59 matches, 0.01sec, #1
0010 and 0037: [46/76], H[13], 0.00sec
0001 and 0037: [63/91], H[29], 0.00sec
0020 and 0037: [37/59], H[26], 0.00sec
0002 and 0037: 74 matches, 0.01sec, #0
0011 and 0037: 79 matches, 0.01sec, #2
0002 and 0037: [49/74], H[27], 0.00sec
0021 and 0037: 55 matches, 0.01sec, #1
0011 and 0037: [45/79], H[20], 0.00sec
0021 and 0037: [37/55], H[19], 0.00sec
0003 and 0037: 119 matches, 0.00sec, #0
0003 and 0037: [82/119], H[41], 0.00sec
0012 and 0037: 58 matches, 0.01sec, #2
0022 and 0037: 63 matches, 0.01sec, #1
0004 and 0037: 164 matches, 0.00sec, #0
0012 and 0037: [35/58], H[14], 0.00sec
0022 and 0037: [43/63], H[7], 0.00sec
0004 and 0037: [108/164], H[38], 0.00sec
0005 and 0037: 139 matches, 0.01sec, #0
0013 and 0037: 63 matches, 0.01sec, #2
0023 and 0037: 56 matches, 0.01sec, #1
0005 and 0037: [97/139], H[38], 0.00sec
0013 and 0037: [41/63], H[31], 0.00sec
0023 and 0037: [40/56], H[18], 0.00sec
0006 and 0037: 133 matches, 0.01sec, #0
0006 and 0037: [81/133], H[52], 0.00sec
0014 and 0037: 60 matches, 0.01sec, #2
0024 and 0037: 93 matches, 0.01sec, #1
0014 and 0037: [40/60], H[23], 0.00sec
0007 and 0037: 132 matches, 0.00sec, #0
0024 and 0037: [61/93], H[26], 0.00sec
0007 and 0037: [82/132], H[41], 0.00sec
0015 and 0037: 62 matches, 0.01sec, #2
0025 and 0037: 37 matches, 0.01sec, #1
0008 and 0037: 101 matches, 0.00sec, #0
0015 and 0037: [36/62], H[18], 0.00sec
0025 and 0037: [25/37], H[4], 0.01sec
0008 and 0037: [66/101], H[27], 0.00sec
0016 and 0037: 54 matches, 0.01sec, #2
0009 and 0037: 73 matches, 0.01sec, #0
0026 and 0037: 87 matches, 0.01sec, #1
0016 and 0037: [33/54], H[18], 0.00sec
0026 and 0037: [60/87], H[43], 0.00sec
0009 and 0037: [34/73], H[13], 0.01sec
0017 and 0037: 50 matches, 0.01sec, #2
0030 and 0037: 127 matches, 0.01sec, #0
0027 and 0037: 86 matches, 0.01sec, #1
0017 and 0037: [34/50], H[23], 0.00sec
0030 and 0037: [90/127], H[37], 0.00sec
0027 and 0037: [56/86], H[29], 0.00sec
0031 and 0037: 94 matches, 0.01sec, #0
0018 and 0037: 50 matches, 0.01sec, #2
0031 and 0037: [65/94], H[16], 0.00sec
0028 and 0037: 99 matches, 0.01sec, #1
0018 and 0037: [34/50], H[23], 0.00sec
0028 and 0037: [75/99], H[18], 0.00sec
0032 and 0037: 105 matches, 0.00sec, #0
0032 and 0037: [69/105], H[32], 0.00sec
0019 and 0037: 64 matches, 0.01sec, #2
0029 and 0037: 66 matches, 0.01sec, #1
0033 and 0037: 138 matches, 0.01sec, #0
0019 and 0037: [40/64], H[18], 0.01sec
0029 and 0037: [40/66], H[10], 0.00sec
0033 and 0037: [97/138], H[47], 0.00sec
0034 and 0037: 165 matches, 0.01sec, #0
0003 and 0038: 84 matches, 0.01sec, #2
0013 and 0038: 26 matches, 0.01sec, #1
0034 and 0037: [125/165], H[40], 0.00sec
0003 and 0038: [54/84], H[19], 0.00sec
0035 and 0037: 229 matches, 0.00sec, #0
0013 and 0038: [15/26], H[4], 0.01sec
0035 and 0037: [172/229], H[108], 0.00sec
0004 and 0038: 68 matches, 0.01sec, #2
0014 and 0038: 33 matches, 0.01sec, #1
0036 and 0037: 169 matches, 0.01sec, #0
0004 and 0038: [34/68], H[10], 0.01sec
0036 and 0037: [124/169], H[52], 0.00sec
0005 and 0038: 85 matches, 0.01sec, #2
0000 and 0038: 44 matches, 0.01sec, #0
0005 and 0038: [49/85], H[17], 0.00sec
0000 and 0038: [23/44], H[7], 0.01sec
0014 and 0038: [16/33], H[4], 0.04sec
0006 and 0038: 81 matches, 0.01sec, #2
0001 and 0038: 47 matches, 0.01sec, #0
0006 and 0038: [52/81], H[25], 0.00sec
0015 and 0038: 37 matches, 0.01sec, #1
0001 and 0038: [28/47], H[8], 0.00sec
0007 and 0038: 89 matches, 0.01sec, #2
0002 and 0038: 85 matches, 0.01sec, #0
0007 and 0038: [54/89], H[28], 0.00sec
0002 and 0038: [55/85], H[11], 0.00sec
0015 and 0038: [19/37], H[6], 0.02sec
0008 and 0038: 74 matches, 0.01sec, #2
0023 and 0038: 26 matches, 0.01sec, #0
0008 and 0038: [49/74], H[16], 0.00sec
0016 and 0038: 26 matches, 0.01sec, #1
0009 and 0038: 110 matches, 0.01sec, #2
0009 and 0038: [75/110], H[31], 0.00sec
0016 and 0038: [13/26], H[4], 0.02sec
0010 and 0038: 48 matches, 0.01sec, #2
0023 and 0038: [13/26], H[6], 0.03sec
0017 and 0038: 27 matches, 0.01sec, #1
0010 and 0038: [22/48], H[8], 0.01sec
0024 and 0038: 30 matches, 0.01sec, #0
0011 and 0038: 33 matches, 0.01sec, #2
0024 and 0038: [15/30], H[6], 0.01sec
0011 and 0038: [16/33], H[8], 0.01sec
0025 and 0038: 44 matches, 0.00sec, #0
0012 and 0038: 37 matches, 0.01sec, #2
0025 and 0038: [23/44], H[7], 0.01sec
0017 and 0038: [12/27], H[4], 0.05sec
0026 and 0038: 45 matches, 0.01sec, #0
0012 and 0038: [19/37], H[7], 0.02sec
0018 and 0038: 16 matches, 0.01sec, #1
0026 and 0038: [24/45], H[5], 0.01sec
0033 and 0038: 100 matches, 0.01sec, #2
0019 and 0038: 34 matches, 0.01sec, #1
0027 and 0038: 87 matches, 0.01sec, #0
0033 and 0038: [59/100], H[20], 0.00sec
0027 and 0038: [51/87], H[9], 0.00sec
0034 and 0038: 106 matches, 0.01sec, #2
0028 and 0038: 77 matches, 0.01sec, #0
0034 and 0038: [66/106], H[21], 0.00sec
0028 and 0038: [42/77], H[9], 0.00sec
0035 and 0038: 92 matches, 0.01sec, #2
0019 and 0038: [14/34], H[4], 0.04sec
0029 and 0038: 121 matches, 0.00sec, #0
0035 and 0038: [55/92], H[16], 0.00sec
0029 and 0038: [87/121], H[24], 0.00sec
0020 and 0038: 28 matches, 0.01sec, #1
0036 and 0038: 108 matches, 0.01sec, #2
0030 and 0038: 96 matches, 0.00sec, #0
0036 and 0038: [68/108], H[29], 0.00sec
0030 and 0038: [60/96], H[15], 0.00sec
0020 and 0038: [15/28], H[7], 0.01sec
0037 and 0038: 116 matches, 0.01sec, #2
0031 and 0038: 71 matches, 0.01sec, #0
0037 and 0038: [85/116], H[20], 0.00sec
0021 and 0038: 35 matches, 0.01sec, #1
0031 and 0038: [42/71], H[10], 0.01sec
0000 and 0039: 78 matches, 0.01sec, #2
0032 and 0038: 92 matches, 0.00sec, #0
0000 and 0039: [50/78], H[32], 0.00sec
0032 and 0038: [56/92], H[17], 0.00sec
0001 and 0039: 76 matches, 0.01sec, #2
0005 and 0039: 131 matches, 0.01sec, #0
0001 and 0039: [54/76], H[20], 0.00sec
0005 and 0039: [80/131], H[61], 0.00sec
0021 and 0038: [14/35], H[6], 0.04sec
0002 and 0039: 152 matches, 0.01sec, #2
0006 and 0039: 129 matches, 0.01sec, #0
0002 and 0039: [113/152], H[63], 0.00sec
0022 and 0038: 29 matches, 0.01sec, #1
0006 and 0039: [88/129], H[28], 0.00sec
0003 and 0039: 116 matches, 0.01sec, #2
0007 and 0039: 148 matches, 0.01sec, #0
0003 and 0039: [79/116], H[16], 0.00sec
0007 and 0039: [101/148], H[26], 0.00sec
0004 and 0039: 89 matches, 0.01sec, #2
0008 and 0039: 118 matches, 0.01sec, #0
0022 and 0038: [14/29], H[5], 0.03sec
0004 and 0039: [56/89], H[17], 0.00sec
0008 and 0039: [88/118], H[49], 0.00sec
0015 and 0039: 61 matches, 0.01sec, #1
0009 and 0039: 75 matches, 0.01sec, #0
0025 and 0039: 61 matches, 0.01sec, #2
0009 and 0039: [57/75], H[44], 0.00sec
0015 and 0039: [34/61], H[28], 0.01sec
0025 and 0039: [36/61], H[7], 0.01sec
0010 and 0039: 63 matches, 0.01sec, #0
0010 and 0039: [38/63], H[22], 0.00sec
0016 and 0039: 57 matches, 0.01sec, #1
0026 and 0039: 92 matches, 0.01sec, #2
0011 and 0039: 82 matches, 0.01sec, #0
0026 and 0039: [58/92], H[24], 0.00sec
0011 and 0039: [52/82], H[40], 0.00sec
0016 and 0039: [31/57], H[9], 0.01sec
0027 and 0039: 174 matches, 0.01sec, #2
0012 and 0039: 52 matches, 0.01sec, #0
0027 and 0039: [112/174], H[22], 0.00sec
0012 and 0039: [36/52], H[32], 0.00sec
0017 and 0039: 54 matches, 0.01sec, #1
0013 and 0039: 48 matches, 0.01sec, #0
0017 and 0039: [35/54], H[9], 0.00sec
0028 and 0039: 176 matches, 0.01sec, #2
0013 and 0039: [30/48], H[8], 0.00sec
0028 and 0039: [128/176], H[32], 0.00sec
0018 and 0039: 47 matches, 0.01sec, #1
0014 and 0039: 51 matches, 0.01sec, #0
0029 and 0039: 153 matches, 0.01sec, #2
0014 and 0039: [32/51], H[12], 0.00sec
0018 and 0039: [24/47], H[10], 0.01sec
0029 and 0039: [106/153], H[9], 0.00sec
0035 and 0039: 89 matches, 0.01sec, #0
0035 and 0039: [59/89], H[23], 0.00sec
0019 and 0039: 58 matches, 0.01sec, #1
0030 and 0039: 148 matches, 0.01sec, #2
0019 and 0039: [39/58], H[26], 0.00sec
0036 and 0039: 96 matches, 0.01sec, #0
0030 and 0039: [116/148], H[53], 0.00sec
0036 and 0039: [74/96], H[30], 0.00sec
0020 and 0039: 46 matches, 0.01sec, #1
0031 and 0039: 123 matches, 0.01sec, #2
0037 and 0039: 93 matches, 0.01sec, #0
0020 and 0039: [29/46], H[14], 0.00sec
0031 and 0039: [82/123], H[35], 0.00sec
0037 and 0039: [55/93], H[32], 0.01sec
0038 and 0039: 133 matches, 0.01sec, #0
0032 and 0039: 94 matches, 0.01sec, #2
0021 and 0039: 49 matches, 0.01sec, #1
0038 and 0039: [106/133], H[24], 0.00sec
0032 and 0039: [64/94], H[24], 0.00sec
0021 and 0039: [29/49], H[11], 0.00sec
0000 and 0040: 80 matches, 0.01sec, #0
0000 and 0040: [51/80], H[26], 0.00sec
0033 and 0039: 142 matches, 0.01sec, #2
0022 and 0039: 58 matches, 0.01sec, #1
0033 and 0039: [117/142], H[28], 0.00sec
0001 and 0040: 90 matches, 0.00sec, #0
0001 and 0040: [54/90], H[20], 0.00sec
0034 and 0039: 128 matches, 0.01sec, #2
0022 and 0039: [31/58], H[7], 0.01sec
0034 and 0039: [100/128], H[37], 0.00sec
0002 and 0040: 143 matches, 0.01sec, #0
0002 and 0040: [106/143], H[61], 0.00sec
0023 and 0039: 58 matches, 0.01sec, #1
0006 and 0040: 122 matches, 0.01sec, #2
0003 and 0040: 86 matches, 0.01sec, #0
0023 and 0039: [31/58], H[8], 0.01sec
0006 and 0040: [83/122], H[50], 0.00sec
0003 and 0040: [53/86], H[24], 0.00sec
0024 and 0039: 62 matches, 0.01sec, #1
0004 and 0040: 88 matches, 0.01sec, #0
0007 and 0040: 153 matches, 0.01sec, #2
0024 and 0039: [34/62], H[10], 0.01sec
0004 and 0040: [64/88], H[15], 0.00sec
0007 and 0040: [117/153], H[38], 0.00sec
0005 and 0040: 109 matches, 0.01sec, #0
0016 and 0040: 46 matches, 0.01sec, #1
0008 and 0040: 113 matches, 0.01sec, #2
0005 and 0040: [75/109], H[27], 0.00sec
0016 and 0040: [26/46], H[6], 0.01sec
0008 and 0040: [85/113], H[23], 0.00sec
0026 and 0040: 125 matches, 0.01sec, #0
0026 and 0040: [74/125], H[15], 0.01sec
0017 and 0040: 65 matches, 0.01sec, #1
0009 and 0040: 63 matches, 0.01sec, #2
0017 and 0040: [42/65], H[19], 0.00sec
0027 and 0040: 221 matches, 0.01sec, #0
0009 and 0040: [41/63], H[11], 0.00sec
0027 and 0040: [165/221], H[91], 0.00sec
0018 and 0040: 67 matches, 0.01sec, #1
0010 and 0040: 71 matches, 0.01sec, #2
0018 and 0040: [39/67], H[7], 0.00sec
0028 and 0040: 173 matches, 0.01sec, #0
0010 and 0040: [44/71], H[19], 0.00sec
0028 and 0040: [115/173], H[46], 0.00sec
0019 and 0040: 67 matches, 0.01sec, #1
0011 and 0040: 75 matches, 0.01sec, #2
0019 and 0040: [45/67], H[22], 0.00sec
0029 and 0040: 147 matches, 0.01sec, #0
0011 and 0040: [51/75], H[22], 0.00sec
0029 and 0040: [97/147], H[63], 0.00sec
0020 and 0040: 75 matches, 0.01sec, #1
0030 and 0040: 124 matches, 0.01sec, #0
0012 and 0040: 60 matches, 0.01sec, #2
0020 and 0040: [39/75], H[20], 0.01sec
0030 and 0040: [86/124], H[21], 0.00sec
0012 and 0040: [38/60], H[19], 0.00sec
0021 and 0040: 71 matches, 0.01sec, #1
0031 and 0040: 116 matches, 0.01sec, #0
0013 and 0040: 59 matches, 0.01sec, #2
0031 and 0040: [77/116], H[35], 0.00sec
0021 and 0040: [37/71], H[24], 0.01sec
0013 and 0040: [39/59], H[20], 0.00sec
0032 and 0040: 91 matches, 0.00sec, #0
0032 and 0040: [57/91], H[11], 0.00sec
0014 and 0040: 61 matches, 0.01sec, #2
0022 and 0040: 86 matches, 0.01sec, #1
0033 and 0040: 139 matches, 0.01sec, #0
0014 and 0040: [35/61], H[18], 0.01sec
0033 and 0040: [107/139], H[42], 0.00sec
0022 and 0040: [50/86], H[10], 0.01sec
0034 and 0040: 110 matches, 0.01sec, #0
0015 and 0040: 51 matches, 0.01sec, #2
0034 and 0040: [82/110], H[15], 0.00sec
0023 and 0040: 76 matches, 0.01sec, #1
0015 and 0040: [35/51], H[10], 0.00sec
0035 and 0040: 85 matches, 0.01sec, #0
0023 and 0040: [43/76], H[18], 0.00sec
0035 and 0040: [60/85], H[22], 0.00sec
0036 and 0040: 73 matches, 0.01sec, #2
0036 and 0040: [60/73], H[15], 0.00sec
0024 and 0040: 96 matches, 0.01sec, #1
0006 and 0041: 73 matches, 0.01sec, #0
0006 and 0041: [56/73], H[24], 0.00sec
0037 and 0040: 93 matches, 0.01sec, #2
0024 and 0040: [50/96], H[16], 0.01sec
0007 and 0041: 69 matches, 0.01sec, #0
0037 and 0040: [63/93], H[19], 0.00sec
0007 and 0041: [52/69], H[15], 0.00sec
0025 and 0040: 95 matches, 0.01sec, #1
0038 and 0040: 103 matches, 0.01sec, #2
0008 and 0041: 75 matches, 0.01sec, #0
0025 and 0040: [56/95], H[18], 0.00sec
0038 and 0040: [71/103], H[17], 0.00sec
0008 and 0041: [52/75], H[35], 0.00sec
0016 and 0041: 43 matches, 0.01sec, #1
0009 and 0041: 38 matches, 0.01sec, #0
0039 and 0040: 170 matches, 0.01sec, #2
0016 and 0041: [29/43], H[11], 0.00sec
0009 and 0041: [27/38], H[10], 0.00sec
0039 and 0040: [127/170], H[34], 0.00sec
0010 and 0041: 59 matches, 0.01sec, #0
0017 and 0041: 54 matches, 0.01sec, #1
0000 and 0041: 104 matches, 0.01sec, #2
0010 and 0041: [45/59], H[16], 0.00sec
0017 and 0041: [38/54], H[33], 0.00sec
0000 and 0041: [64/104], H[11], 0.00sec
0011 and 0041: 55 matches, 0.01sec, #0
0018 and 0041: 77 matches, 0.01sec, #1
0011 and 0041: [42/55], H[16], 0.00sec
0001 and 0041: 106 matches, 0.01sec, #2
0018 and 0041: [47/77], H[15], 0.00sec
0001 and 0041: [71/106], H[27], 0.00sec
0012 and 0041: 47 matches, 0.01sec, #0
0012 and 0041: [35/47], H[20], 0.00sec
0019 and 0041: 60 matches, 0.01sec, #1
0002 and 0041: 87 matches, 0.01sec, #2
0013 and 0041: 54 matches, 0.00sec, #0
0019 and 0041: [40/60], H[32], 0.00sec
0013 and 0041: [38/54], H[28], 0.00sec
0002 and 0041: [49/87], H[17], 0.01sec
0020 and 0041: 78 matches, 0.01sec, #1
0014 and 0041: 52 matches, 0.01sec, #0
0003 and 0041: 85 matches, 0.01sec, #2
0020 and 0041: [46/78], H[40], 0.00sec
0014 and 0041: [33/52], H[8], 0.00sec
0003 and 0041: [63/85], H[31], 0.00sec
0021 and 0041: 72 matches, 0.01sec, #1
0015 and 0041: 52 matches, 0.01sec, #0
0021 and 0041: [49/72], H[10], 0.00sec
0004 and 0041: 84 matches, 0.01sec, #2
0015 and 0041: [34/52], H[14], 0.00sec
0004 and 0041: [63/84], H[58], 0.00sec
0022 and 0041: 107 matches, 0.01sec, #1
0026 and 0041: 126 matches, 0.01sec, #0
0022 and 0041: [73/107], H[34], 0.00sec
0005 and 0041: 82 matches, 0.01sec, #2
0026 and 0041: [80/126], H[13], 0.00sec
0005 and 0041: [57/82], H[29], 0.00sec
0023 and 0041: 81 matches, 0.01sec, #1
0027 and 0041: 101 matches, 0.01sec, #0
0023 and 0041: [54/81], H[30], 0.00sec
0036 and 0041: 89 matches, 0.01sec, #2
0027 and 0041: [66/101], H[19], 0.00sec
0036 and 0041: [60/89], H[35], 0.00sec
0024 and 0041: 135 matches, 0.01sec, #1
0028 and 0041: 120 matches, 0.01sec, #0
0024 and 0041: [92/135], H[32], 0.00sec
0037 and 0041: 82 matches, 0.01sec, #2
0028 and 0041: [93/120], H[74], 0.00sec
0037 and 0041: [62/82], H[30], 0.00sec
0025 and 0041: 73 matches, 0.01sec, #1
0029 and 0041: 59 matches, 0.01sec, #0
0025 and 0041: [44/73], H[13], 0.00sec
0038 and 0041: 32 matches, 0.01sec, #2
0029 and 0041: [40/59], H[32], 0.00sec
0038 and 0041: [20/32], H[7], 0.00sec
0005 and 0042: 91 matches, 0.01sec, #1
0030 and 0041: 98 matches, 0.00sec, #0
0005 and 0042: [70/91], H[49], 0.00sec
0030 and 0041: [78/98], H[63], 0.00sec
0039 and 0041: 84 matches, 0.01sec, #2
0006 and 0042: 102 matches, 0.01sec, #1
0039 and 0041: [56/84], H[22], 0.00sec
0031 and 0041: 94 matches, 0.01sec, #0
0006 and 0042: [74/102], H[67], 0.00sec
0031 and 0041: [62/94], H[33], 0.00sec
0040 and 0041: 104 matches, 0.01sec, #2
0007 and 0042: 93 matches, 0.01sec, #1
0040 and 0041: [85/104], H[26], 0.00sec
0032 and 0041: 93 matches, 0.01sec, #0
0007 and 0042: [76/93], H[42], 0.00sec
0032 and 0041: [62/93], H[26], 0.00sec
0000 and 0042: 128 matches, 0.01sec, #2
0000 and 0042: [88/128], H[28], 0.00sec
0033 and 0041: 91 matches, 0.01sec, #0
0008 and 0042: 80 matches, 0.01sec, #1
0033 and 0041: [71/91], H[37], 0.00sec
0008 and 0042: [57/80], H[28], 0.00sec
0001 and 0042: 130 matches, 0.01sec, #2
0034 and 0041: 109 matches, 0.01sec, #0
0001 and 0042: [93/130], H[14], 0.00sec
0034 and 0041: [87/109], H[34], 0.00sec
0009 and 0042: 47 matches, 0.01sec, #1
0009 and 0042: [34/47], H[19], 0.00sec
0002 and 0042: 97 matches, 0.01sec, #2
0035 and 0041: 95 matches, 0.01sec, #0
0002 and 0042: [75/97], H[38], 0.00sec
0035 and 0041: [81/95], H[74], 0.00sec
0010 and 0042: 48 matches, 0.01sec, #1
0010 and 0042: [34/48], H[32], 0.00sec
0003 and 0042: 90 matches, 0.01sec, #2
0015 and 0042: 49 matches, 0.01sec, #0
0003 and 0042: [69/90], H[41], 0.00sec
0015 and 0042: [33/49], H[25], 0.00sec
0011 and 0042: 61 matches, 0.01sec, #1
0011 and 0042: [43/61], H[15], 0.00sec
0004 and 0042: 78 matches, 0.01sec, #2
0016 and 0042: 36 matches, 0.00sec, #0
0004 and 0042: [58/78], H[28], 0.00sec
0012 and 0042: 50 matches, 0.01sec, #1
0016 and 0042: [19/36], H[11], 0.01sec
0012 and 0042: [31/50], H[18], 0.00sec
0025 and 0042: 47 matches, 0.01sec, #2
0017 and 0042: 50 matches, 0.01sec, #0
0013 and 0042: 39 matches, 0.01sec, #1
0025 and 0042: [26/47], H[6], 0.01sec
0017 and 0042: [28/50], H[12], 0.00sec
0013 and 0042: [23/39], H[7], 0.00sec
0026 and 0042: 93 matches, 0.01sec, #2
0018 and 0042: 51 matches, 0.01sec, #0
0014 and 0042: 46 matches, 0.01sec, #1
0026 and 0042: [60/93], H[29], 0.00sec
0018 and 0042: [30/51], H[17], 0.01sec
0014 and 0042: [29/46], H[22], 0.00sec
0019 and 0042: 56 matches, 0.01sec, #0
0027 and 0042: 108 matches, 0.01sec, #2
0035 and 0042: 71 matches, 0.01sec, #1
0019 and 0042: [32/56], H[16], 0.00sec
0027 and 0042: [77/108], H[47], 0.00sec
0035 and 0042: [54/71], H[47], 0.00sec
0020 and 0042: 53 matches, 0.01sec, #0
0020 and 0042: [32/53], H[22], 0.00sec
0028 and 0042: 111 matches, 0.01sec, #2
0036 and 0042: 55 matches, 0.01sec, #1
0028 and 0042: [88/111], H[55], 0.00sec
0021 and 0042: 46 matches, 0.01sec, #0
0036 and 0042: [35/55], H[24], 0.00sec
0029 and 0042: 86 matches, 0.01sec, #2
0021 and 0042: [24/46], H[13], 0.01sec
0037 and 0042: 70 matches, 0.01sec, #1
0029 and 0042: [55/86], H[40], 0.00sec
0037 and 0042: [57/70], H[50], 0.00sec
0022 and 0042: 56 matches, 0.01sec, #0
0022 and 0042: [35/56], H[11], 0.00sec
0030 and 0042: 101 matches, 0.01sec, #2
0038 and 0042: 46 matches, 0.01sec, #1
0030 and 0042: [75/101], H[49], 0.00sec
0023 and 0042: 50 matches, 0.01sec, #0
0038 and 0042: [32/46], H[10], 0.00sec
0023 and 0042: [30/50], H[17], 0.00sec
0031 and 0042: 92 matches, 0.01sec, #2
0039 and 0042: 118 matches, 0.01sec, #1
0031 and 0042: [69/92], H[21], 0.00sec
0024 and 0042: 86 matches, 0.01sec, #0
0039 and 0042: [82/118], H[23], 0.00sec
0024 and 0042: [48/86], H[30], 0.01sec
0032 and 0042: 54 matches, 0.01sec, #2
0032 and 0042: [36/54], H[12], 0.00sec
0040 and 0042: 127 matches, 0.01sec, #1
0003 and 0043: 90 matches, 0.01sec, #0
0040 and 0042: [80/127], H[14], 0.00sec
0003 and 0043: [66/90], H[39], 0.00sec
0033 and 0042: 114 matches, 0.01sec, #2
0033 and 0042: [95/114], H[56], 0.00sec
0004 and 0043: 71 matches, 0.00sec, #0
0041 and 0042: 147 matches, 0.01sec, #1
0004 and 0043: [54/71], H[18], 0.00sec
0034 and 0042: 91 matches, 0.01sec, #2
0041 and 0042: [111/147], H[23], 0.00sec
0034 and 0042: [62/91], H[46], 0.00sec
0005 and 0043: 78 matches, 0.00sec, #0
0005 and 0043: [61/78], H[30], 0.00sec
0000 and 0043: 158 matches, 0.01sec, #1
0013 and 0043: 36 matches, 0.01sec, #2
0006 and 0043: 76 matches, 0.01sec, #0
0000 and 0043: [101/158], H[19], 0.00sec
0013 and 0043: [20/36], H[6], 0.00sec
0006 and 0043: [66/76], H[59], 0.00sec
0001 and 0043: 157 matches, 0.01sec, #1
0007 and 0043: 80 matches, 0.01sec, #0
0014 and 0043: 44 matches, 0.01sec, #2
0001 and 0043: [106/157], H[32], 0.00sec
0007 and 0043: [62/80], H[37], 0.00sec
0014 and 0043: [27/44], H[10], 0.00sec
0002 and 0043: 105 matches, 0.01sec, #1
0008 and 0043: 68 matches, 0.01sec, #0
0002 and 0043: [75/105], H[32], 0.00sec
0015 and 0043: 44 matches, 0.01sec, #2
0008 and 0043: [55/68], H[38], 0.00sec
0015 and 0043: [26/44], H[18], 0.00sec
0023 and 0043: 65 matches, 0.01sec, #1
0009 and 0043: 41 matches, 0.01sec, #0
0023 and 0043: [37/65], H[9], 0.00sec
0016 and 0043: 39 matches, 0.01sec, #2
0009 and 0043: [26/41], H[18], 0.00sec
0024 and 0043: 66 matches, 0.01sec, #1
0024 and 0043: [42/66], H[29], 0.00sec
0010 and 0043: 42 matches, 0.01sec, #0
0016 and 0043: [21/39], H[8], 0.01sec
0010 and 0043: [33/42], H[21], 0.00sec
0025 and 0043: 46 matches, 0.01sec, #1
0011 and 0043: 53 matches, 0.01sec, #0
0017 and 0043: 39 matches, 0.01sec, #2
0011 and 0043: [38/53], H[21], 0.00sec
0017 and 0043: [21/39], H[14], 0.01sec
0012 and 0043: 39 matches, 0.01sec, #0
0018 and 0043: 46 matches, 0.01sec, #2
0012 and 0043: [26/39], H[13], 0.00sec
0018 and 0043: [25/46], H[4], 0.01sec
0033 and 0043: 88 matches, 0.01sec, #0
0033 and 0043: [72/88], H[41], 0.00sec
0025 and 0043: [19/46], H[4], 0.04sec
0019 and 0043: 50 matches, 0.01sec, #2
0034 and 0043: 79 matches, 0.01sec, #0
0019 and 0043: [27/50], H[17], 0.01sec
0034 and 0043: [57/79], H[47], 0.00sec
0026 and 0043: 76 matches, 0.01sec, #1
0035 and 0043: 72 matches, 0.01sec, #0
0020 and 0043: 54 matches, 0.01sec, #2
0026 and 0043: [48/76], H[15], 0.00sec
0035 and 0043: [57/72], H[43], 0.00sec
0020 and 0043: [28/54], H[10], 0.01sec
0027 and 0043: 89 matches, 0.01sec, #1
0036 and 0043: 52 matches, 0.00sec, #0
0027 and 0043: [56/89], H[27], 0.00sec
0021 and 0043: 43 matches, 0.01sec, #2
0036 and 0043: [40/52], H[33], 0.00sec
0028 and 0043: 101 matches, 0.01sec, #1
0037 and 0043: 66 matches, 0.01sec, #0
0028 and 0043: [72/101], H[23], 0.00sec
0037 and 0043: [52/66], H[43], 0.00sec
0021 and 0043: [23/43], H[5], 0.01sec
0029 and 0043: 57 matches, 0.01sec, #1
0038 and 0043: 41 matches, 0.01sec, #0
0022 and 0043: 60 matches, 0.01sec, #2
0029 and 0043: [37/57], H[20], 0.00sec
0038 and 0043: [23/41], H[7], 0.00sec
0022 and 0043: [30/60], H[8], 0.01sec
0030 and 0043: 92 matches, 0.01sec, #1
0039 and 0043: 87 matches, 0.01sec, #0
0030 and 0043: [71/92], H[68], 0.00sec
0039 and 0043: [62/87], H[51], 0.00sec
0041 and 0043: 133 matches, 0.01sec, #2
0031 and 0043: 62 matches, 0.01sec, #1
0040 and 0043: 101 matches, 0.01sec, #0
0041 and 0043: [95/133], H[24], 0.00sec
0031 and 0043: [43/62], H[35], 0.00sec
0040 and 0043: [59/101], H[8], 0.00sec
0032 and 0043: 51 matches, 0.01sec, #1
0042 and 0043: 211 matches, 0.01sec, #2
0032 and 0043: [35/51], H[21], 0.00sec
0042 and 0043: [184/211], H[75], 0.00sec

###########-------timing------#########
946 Image Match finished, 8 sec used
#############################

----------------------------------------------------------------
Compute Missing Pairwise Matching, finished
Totally 12.000 seconds used


Run full 3D reconstruction, begin...
844 pairs have two-view models
944 pairs have fundamental matrices
Initialize with WIN..o (2) and WIN..3_Pro
67 3D points initialized from two images
PBA library version = 105
PBA: 67 3D pts, 2 cams and 134 projs...
PBA: 6.149 -> 0.078 (6 LMs in 0.12sec)
Focal Length : [431.910]->[431.910]
Focal Length : [431.910]->[431.910]

#############################
#3: [WIN..4_Pro] sees 90 (+275) 3D points
Estimated Focal Length [432][0.67W]
# 45 projs (0 pts and 0 merges)
PBA: 67 3D pts, 3 cams and 179 projs...
PBA: 18.596 -> 0.250 (14 LMs in 0.07sec)

**************************************
#3/3:  517 projs and 221 pts added.
PBA: 283 3D pts, 3 cams and 641 projs...
PBA: 170.422 -> 5.344 (40 LMs in 0.11sec)
PBA: 283 3D pts, 3 cams and 641 projs...
PBA: 5.344 -> 5.340 (31 LMs in 0.06sec)
Focal Length : [431.910]->[431.910]
Radial Distortion : [-0.357 -> -63]

#############################
#4: [WIN..5_Pro] sees 288 (+209) 3D points
Estimated Focal Length [432][0.67W]
# 48 projs (0 pts and 0 merges)
PBA: 180 3D pts, 4 cams and 483 projs...
PBA: 9.477 -> 3.947 (24 LMs in 0.14sec)
#points w/ large errors:	75
#unstable points removed:	15
Focal Length : [431.910]->[431.910]
Radial Distortion : [-0.357 -> -63]

#############################
#5: [WIN..9_Pro] sees 153 (+86) 3D points
Estimated Focal Length [432][0.67W]
# 216 projs (59 pts and 0 merges)
PBA: 180 3D pts, 5 cams and 561 projs...
PBA: 3.992 -> 1.267 (20 LMs in 0.07sec)
#points w/ large errors:	15
#unstable points removed:	1

**************************************
#5/5:  461 projs and 155 pts added.
PBA: 269 3D pts, 5 cams and 790 projs...
PBA: 28.959 -> 3.922 (50 LMs in 0.28sec)
#points w/ large errors:	7
#unstable points removed:	3
PBA: 259 3D pts, 5 cams and 770 projs...
PBA: 3.159 -> 3.155 (13 LMs in 0.06sec)
Focal Length : [431.910]->[431.910]
Radial Distortion : [-0.357 -> -63]

#############################
#6: [WIN..7_Pro] sees 284 (+130) 3D points
Estimated Focal Length [432][0.67W]
# 87 projs (0 pts and 0 merges)
PBA: 246 3D pts, 6 cams and 831 projs...
PBA: 4.727 -> 3.364 (43 LMs in 0.09sec)
#points w/ large errors:	52
Focal Length : [431.910]->[431.910]
Radial Distortion : [-0.357 -> -63]

#############################
#7: [WIN..o (2)] sees 289 (+156) 3D points
Estimated Focal Length [432][0.67W]
# 74 projs (0 pts and 0 merges)
PBA: 196 3D pts, 7 cams and 777 projs...
PBA: 1.779 -> 1.056 (16 LMs in 0.10sec)
#points w/ large errors:	4

**************************************
#7/7:  228 projs and 71 pts added.
PBA: 264 3D pts, 7 cams and 923 projs...
PBA: 19.792 -> 5.440 (50 LMs in 0.12sec)
#points w/ large errors:	9
#unstable points removed:	3
PBA: 252 3D pts, 7 cams and 884 projs...
PBA: 4.472 -> 2.615 (29 LMs in 0.12sec)
#points w/ large errors:	2
Focal Length : [431.910]->[431.910]
Radial Distortion : [-0.357 -> -63]

#############################
#8: [WIN..1_Pro] sees 376 (+164) 3D points
Estimated Focal Length [432][0.67W]
# 99 projs (0 pts and 0 merges)
PBA: 245 3D pts, 8 cams and 966 projs...
PBA: 2.757 -> 1.403 (39 LMs in 0.10sec)
#points w/ large errors:	8
Focal Length : [431.910]->[431.910]
Radial Distortion : [-0.357 -> -63]

#############################
#9: [WIN..2_Pro] sees 454 (+194) 3D points
Estimated Focal Length [432][0.67W]
# 285 projs (79 pts and 8 merges)
PBA: 301 3D pts, 9 cams and 1216 projs...
PBA: 4.121 -> 1.319 (60 LMs in 0.24sec)
#points w/ large errors:	7
#unstable points removed:	10

**************************************
#9/9:  433 projs and 144 pts added.
PBA: 341 3D pts, 9 cams and 1313 projs...
PBA: 2.717 -> 1.278 (22 LMs in 0.04sec)
#points w/ large errors:	1
#unstable points removed:	1
PBA: 339 3D pts, 9 cams and 1308 projs...
PBA: 1.018 -> 1.013 (26 LMs in 0.06sec)
Focal Length : [431.910]->[431.910]
Radial Distortion : [-0.357 -> -63]

#############################
#10: [WIN..o (2)] sees 571 (+183) 3D points
Estimated Focal Length [432][0.67W]
# 218 projs (45 pts and 5 merges)
PBA: 359 3D pts, 10 cams and 1486 projs...
PBA: 2.461 -> 0.854 (66 LMs in 0.22sec)
#points w/ large errors:	7
Focal Length : [431.910]->[431.910]
Radial Distortion : [-0.357 -> -63]

#############################
#11: [WIN..3_Pro] sees 533 (+213) 3D points
Estimated Focal Length [432][0.67W]
# 189 projs (36 pts and 5 merges)
PBA: 384 3D pts, 11 cams and 1658 projs...
PBA: 1.894 -> 0.889 (100 LMs in 0.33sec)
#points w/ large errors:	10
Focal Length : [431.910]->[431.910]
Radial Distortion : [-0.357 -> -63]

#############################
#12: [WIN..5_Pro] sees 610 (+195) 3D points
Estimated Focal Length [432][0.67W]
# 207 projs (42 pts and 8 merges)
PBA: 401 3D pts, 12 cams and 1825 projs...
PBA: 2.250 -> 0.863 (71 LMs in 0.32sec)
#points w/ large errors:	6

**************************************
#12/12:  503 projs and 154 pts added.
PBA: 506 3D pts, 12 cams and 2106 projs...
PBA: 4.541 -> 0.893 (21 LMs in 0.14sec)
#points w/ large errors:	4
PBA: 502 3D pts, 12 cams and 2096 projs...
PBA: 0.883 -> 0.843 (50 LMs in 0.29sec)
#points w/ large errors:	1
#unstable points removed:	5
Focal Length : [431.910]->[431.910]
Radial Distortion : [-0.357 -> -63]

#############################
#13: [WIN..0_Pro] sees 667 (+221) 3D points
Estimated Focal Length [432][0.67W]
# 97 projs (0 pts and 0 merges)
PBA: 474 3D pts, 13 cams and 2137 projs...
PBA: 1.103 -> 0.918 (49 LMs in 0.11sec)
#points w/ large errors:	8
Focal Length : [431.910]->[431.910]
Radial Distortion : [-0.357 -> -63]

#############################
#14: [WIN..9_Pro] sees 668 (+206) 3D points
Estimated Focal Length [432][0.67W]
# 212 projs (40 pts and 1 merges)
PBA: 501 3D pts, 14 cams and 2312 projs...
PBA: 2.073 -> 0.926 (29 LMs in 0.17sec)
#points w/ large errors:	2
#unstable points removed:	3
Focal Length : [431.910]->[431.910]
Radial Distortion : [-0.357 -> -63]

#############################
#15: [WIN..6_Pro] sees 690 (+254) 3D points
Estimated Focal Length [432][0.67W]
# 263 projs (64 pts and 1 merges)
PBA: 551 3D pts, 15 cams and 2543 projs...
PBA: 3.878 -> 0.931 (95 LMs in 0.20sec)
#points w/ large errors:	16
Focal Length : [431.910]->[431.910]
Radial Distortion : [-0.357 -> -63]

#############################
#16: [WIN..0_Pro] sees 979 (+235) 3D points
Estimated Focal Length [432][0.67W]
# 299 projs (60 pts and 8 merges)
PBA: 587 3D pts, 16 cams and 2795 projs...
PBA: 1.707 -> 1.048 (32 LMs in 0.20sec)
#points w/ large errors:	6
#unstable points removed:	1

**************************************
#16/16:  900 projs and 288 pts added.
PBA: 793 3D pts, 16 cams and 3346 projs...
PBA: 17.531 -> 4.532 (50 LMs in 0.14sec)
#points w/ large errors:	19
#unstable points removed:	12
PBA: 762 3D pts, 16 cams and 3264 projs...
PBA: 4.437 -> 3.332 (50 LMs in 0.19sec)
#points w/ large errors:	2
#unstable points removed:	19
Focal Length : [431.910]->[431.910]
Radial Distortion : [-0.357 -> -63]

#############################
#17: [WIN..8_Pro] sees 1192 (+214) 3D points
Estimated Focal Length [432][0.67W]
# 242 projs (36 pts and 4 merges)
PBA: 737 3D pts, 17 cams and 3391 projs...
PBA: 3.582 -> 3.183 (18 LMs in 0.13sec)
#points w/ large errors:	80
#unstable points removed:	18
Focal Length : [431.910]->[431.910]
Radial Distortion : [-0.357 -> -63]

#############################
#18: [WIN..1_Pro] sees 1037 (+219) 3D points
Estimated Focal Length [432][0.67W]
# 163 projs (0 pts and 1 merges)
PBA: 634 3D pts, 18 cams and 3180 projs...
PBA: 1.908 -> 1.506 (16 LMs in 0.07sec)
#points w/ large errors:	18
#unstable points removed:	1
Focal Length : [431.910]->[431.910]
Radial Distortion : [-0.357 -> -63]

#############################
#19: [WIN..7_Pro] sees 1121 (+215) 3D points
Estimated Focal Length [432][0.67W]
# 225 projs (49 pts and 10 merges)
PBA: 641 3D pts, 19 cams and 3308 projs...
PBA: 1.512 -> 1.292 (47 LMs in 0.10sec)
#points w/ large errors:	18
Focal Length : [431.910]->[431.910]
Radial Distortion : [-0.357 -> -63]

#############################
#20: [WIN..8_Pro] sees 622 (+234) 3D points
Estimated Focal Length [432][0.67W]
# 171 projs (31 pts and 1 merges)
PBA: 639 3D pts, 20 cams and 3371 projs...
PBA: 1.407 -> 1.091 (18 LMs in 0.16sec)
#points w/ large errors:	19
#unstable points removed:	2
Focal Length : [431.910]->[431.910]
Radial Distortion : [-0.357 -> -63]

#############################
#21: [WIN..9_Pro] sees 858 (+255) 3D points
Estimated Focal Length [432][0.67W]
# 228 projs (47 pts and 7 merges)
SKIP: 0 cams, 85 points, 78 projs
PBA: 646 3D pts, 20 cams and 3511 projs...
PBA: 1.283 -> 0.955 (5 LMs in 0.05sec)
#points w/ large errors:	7

**************************************
#21/21:  1312 projs and 469 pts added.
PBA: 1052 3D pts, 21 cams and 4559 projs...
PBA: 32.640 -> 8.293 (50 LMs in 1.03sec)
#points w/ large errors:	62
#unstable points removed:	16
PBA: 974 3D pts, 21 cams and 4275 projs...
PBA: 11.157 -> 10.349 (27 LMs in 0.05sec)
#points w/ large errors:	17
#unstable points removed:	6
Focal Length : [431.910]->[431.910]
Radial Distortion : [-0.357 -> -63]

#############################
#22: [WIN..2_Pro] sees 675 (+299) 3D points
Estimated Focal Length [432][0.67W]
# 175 projs (41 pts and 0 merges)
SKIP: 0 cams, 66 points, 75 projs
PBA: 920 3D pts, 20 cams and 4241 projs...
PBA: 10.357 -> 8.837 (5 LMs in 0.03sec)
#points w/ large errors:	220
Focal Length : [431.910]->[431.910]
Radial Distortion : [-0.357 -> -63]

#############################
#23: [WIN..0_Pro] sees 726 (+255) 3D points
Estimated Focal Length [432][0.67W]
# 305 projs (62 pts and 2 merges)
SKIP: 0 cams, 246 points, 735 projs
PBA: 765 3D pts, 20 cams and 3863 projs...
PBA: 5.631 -> 1.182 (5 LMs in 0.10sec)
#points w/ large errors:	21
#unstable points removed:	2
Focal Length : [431.910]->[431.910]
Radial Distortion : [-0.357 -> -63]

#############################
#24: [WIN..o (2)] sees 784 (+359) 3D points
Estimated Focal Length [432][0.67W]
# 309 projs (79 pts and 0 merges)
SKIP: 0 cams, 203 points, 115 projs
PBA: 798 3D pts, 20 cams and 4062 projs...
PBA: 3.390 -> 1.307 (5 LMs in 0.05sec)
#points w/ large errors:	21
#unstable points removed:	1
Focal Length : [431.910]->[431.910]
Radial Distortion : [-0.357 -> -63]

#############################
#25: [WIN..7_Pro] sees 830 (+249) 3D points
Estimated Focal Length [432][0.67W]
# 232 projs (45 pts and 7 merges)
SKIP: 0 cams, 199 points, 138 projs
PBA: 796 3D pts, 20 cams and 4178 projs...
PBA: 1.767 -> 1.026 (5 LMs in 0.08sec)
#points w/ large errors:	29
#unstable points removed:	10
Focal Length : [431.910]->[431.910]
Radial Distortion : [-0.357 -> -63]

#############################
#26: [WIN..1_Pro] sees 997 (+419) 3D points
Estimated Focal Length [432][0.67W]
# 325 projs (91 pts and 3 merges)
PBA: 841 3D pts, 26 cams and 4370 projs...
PBA: 3.645 -> 0.888 (68 LMs in 0.21sec)
#points w/ large errors:	21
#unstable points removed:	14
Focal Length : [431.910]->[431.910]
Radial Distortion : [-0.357 -> -63]

#############################
#27: [WIN..4_Pro] sees 922 (+285) 3D points
Estimated Focal Length [432][0.67W]
# 250 projs (51 pts and 3 merges)
SKIP: 0 cams, 170 points, 155 projs
PBA: 829 3D pts, 20 cams and 4469 projs...
PBA: 1.646 -> 0.961 (5 LMs in 0.07sec)
#points w/ large errors:	15
#unstable points removed:	24

**************************************
#27/27:  1866 projs and 513 pts added.
PBA: 1229 3D pts, 27 cams and 5972 projs...
PBA: 21.053 -> 4.744 (29 LMs in 0.15sec)
#points w/ large errors:	36
#unstable points removed:	37
PBA: 1156 3D pts, 27 cams and 5799 projs...
PBA: 4.386 -> 4.205 (31 LMs in 0.07sec)
#points w/ large errors:	2
Focal Length : [431.910]->[431.910]
Radial Distortion : [-0.357 -> -63]

#############################
#28: [WIN..6_Pro] sees 1263 (+368) 3D points
Estimated Focal Length [432][0.67W]
# 145 projs (0 pts and 5 merges)
SKIP: 0 cams, 99 points, 42 projs
PBA: 1082 3D pts, 20 cams and 5804 projs...
PBA: 4.728 -> 4.534 (5 LMs in 0.11sec)
#points w/ large errors:	258
Focal Length : [431.910]->[431.910]
Radial Distortion : [-0.357 -> -63]

#############################
#29: [WIN..3_Pro] sees 1030 (+281) 3D points
Estimated Focal Length [432][0.67W]
# 182 projs (22 pts and 5 merges)
SKIP: 0 cams, 348 points, 1167 projs
PBA: 838 3D pts, 20 cams and 4865 projs...
PBA: 1.505 -> 1.011 (5 LMs in 0.05sec)
#points w/ large errors:	21
Focal Length : [431.910]->[431.910]
Radial Distortion : [-0.357 -> -63]

#############################
#30: [WIN..9_Pro] sees 1136 (+372) 3D points
Estimated Focal Length [432][0.67W]
# 413 projs (75 pts and 0 merges)
SKIP: 0 cams, 305 points, 146 projs
PBA: 887 3D pts, 20 cams and 5186 projs...
PBA: 3.028 -> 2.865 (5 LMs in 0.12sec)
#points w/ large errors:	7
Focal Length : [431.910]->[431.910]
Radial Distortion : [-0.357 -> -63]

#############################
#31: [WIN..o (2)] sees 1168 (+388) 3D points
Estimated Focal Length [432][0.67W]
# 132 projs (0 pts and 5 merges)
SKIP: 0 cams, 329 points, 107 projs
PBA: 845 3D pts, 20 cams and 5229 projs...
PBA: 3.127 -> 2.356 (5 LMs in 0.13sec)
#points w/ large errors:	83
Focal Length : [431.910]->[431.910]
Radial Distortion : [-0.357 -> -63]

#############################
#32: [WIN..8_Pro] sees 1012 (+448) 3D points
Estimated Focal Length [432][0.67W]
# 240 projs (54 pts and 5 merges)
PBA: 846 3D pts, 32 cams and 5214 projs...
PBA: 2.827 -> 0.979 (48 LMs in 0.31sec)
#points w/ large errors:	18
#unstable points removed:	3
Focal Length : [431.910]->[431.910]
Radial Distortion : [-0.357 -> -63]

#############################
#33: [WIN..5_Pro] sees 1180 (+428) 3D points
Estimated Focal Length [432][0.67W]
# 202 projs (26 pts and 7 merges)
SKIP: 0 cams, 401 points, 257 projs
PBA: 769 3D pts, 20 cams and 5149 projs...
PBA: 1.484 -> 1.026 (5 LMs in 0.03sec)
#points w/ large errors:	15
#unstable points removed:	1
Focal Length : [431.910]->[431.910]
Radial Distortion : [-0.357 -> -63]

#############################
#34: [WIN..2_Pro] sees 548 (+319) 3D points
Estimated Focal Length [432][0.67W]
# 210 projs (41 pts and 1 merges)
SKIP: 0 cams, 386 points, 205 projs
PBA: 779 3D pts, 20 cams and 5285 projs...
PBA: 1.230 -> 1.088 (5 LMs in 0.03sec)
#points w/ large errors:	15

**************************************
#34/34:  3133 projs and 872 pts added.
PBA: 1498 3D pts, 34 cams and 8082 projs...
PBA: 11.478 -> 3.248 (50 LMs in 0.22sec)
#points w/ large errors:	22
PBA: 1476 3D pts, 34 cams and 8029 projs...
PBA: 3.234 -> 2.247 (50 LMs in 0.17sec)
#points w/ large errors:	14
#unstable points removed:	15
Focal Length : [431.910]->[431.910]
Radial Distortion : [-0.357 -> -63]

#############################
#35: [WIN..7_Pro] sees 1529 (+183) 3D points
Estimated Focal Length [432][0.67W]
# 319 projs (53 pts and 14 merges)
SKIP: 0 cams, 102 points, 322 projs
PBA: 1386 3D pts, 20 cams and 8004 projs...
PBA: 2.689 -> 2.392 (5 LMs in 0.04sec)
#points w/ large errors:	195
#unstable points removed:	7
Focal Length : [431.910]->[431.910]
Radial Distortion : [-0.357 -> -63]

#############################
#36: [WIN..8_Pro] sees 1731 (+187) 3D points
Estimated Focal Length [432][0.67W]
# 348 projs (58 pts and 6 merges)
SKIP: 0 cams, 272 points, 1332 projs
PBA: 1212 3D pts, 20 cams and 7198 projs...
PBA: 2.343 -> 1.530 (5 LMs in 0.11sec)
#points w/ large errors:	33
Focal Length : [431.910]->[431.910]
Radial Distortion : [-0.357 -> -63]

#############################
#37: [WIN..6_Pro] sees 543 (+207) 3D points
Estimated Focal Length [432][0.67W]
# 167 projs (34 pts and 1 merges)
SKIP: 0 cams, 309 points, 496 projs
PBA: 1161 3D pts, 20 cams and 7057 projs...
PBA: 1.453 -> 1.276 (5 LMs in 0.03sec)
#points w/ large errors:	32
Focal Length : [431.910]->[431.910]
Radial Distortion : [-0.357 -> -63]

#############################
#38: [WIN..o (2)] sees 489 (+232) 3D points
Estimated Focal Length [432][0.67W]
# 76 projs (0 pts and 0 merges)
SKIP: 0 cams, 352 points, 589 projs
PBA: 1101 3D pts, 20 cams and 6832 projs...
PBA: 1.756 -> 1.211 (5 LMs in 0.04sec)
#points w/ large errors:	12
Focal Length : [431.910]->[431.910]
Radial Distortion : [-0.357 -> -63]

#############################
#39: [WIN..5_Pro] sees 1367 (+146) 3D points
Estimated Focal Length [432][0.67W]
# 294 projs (53 pts and 2 merges)
PBA: 1270 3D pts, 39 cams and 7414 projs...
PBA: 1.203 -> 0.783 (33 LMs in 0.22sec)
#points w/ large errors:	12
#unstable points removed:	4
Focal Length : [431.910]->[431.910]
Radial Distortion : [-0.357 -> -63]

#############################
#40: [WIN..6_Pro] sees 1733 (+160) 3D points
Estimated Focal Length [432][0.67W]
# 346 projs (53 pts and 7 merges)
SKIP: 0 cams, 339 points, 546 projs
PBA: 1131 3D pts, 20 cams and 7252 projs...
PBA: 1.247 -> 0.906 (5 LMs in 0.13sec)
#points w/ large errors:	10
Focal Length : [431.910]->[431.910]
Radial Distortion : [-0.357 -> -63]

#############################
#41: [WIN..1_Pro] sees 1731 (+147) 3D points
Estimated Focal Length [432][0.67W]
# 285 projs (46 pts and 5 merges)
SKIP: 0 cams, 337 points, 575 projs
PBA: 1132 3D pts, 20 cams and 7422 projs...
PBA: 1.434 -> 1.091 (5 LMs in 0.10sec)
#points w/ large errors:	13
Focal Length : [431.910]->[431.910]
Radial Distortion : [-0.357 -> -63]

#############################
#42: [WIN..3_Pro] sees 1526 (+201) 3D points
Estimated Focal Length [432][0.67W]
# 233 projs (36 pts and 4 merges)
SKIP: 0 cams, 329 points, 603 projs
PBA: 1134 3D pts, 20 cams and 7562 projs...
PBA: 1.395 -> 1.196 (5 LMs in 0.04sec)
#points w/ large errors:	18
#unstable points removed:	1
Focal Length : [431.910]->[431.910]
Radial Distortion : [-0.357 -> -63]

#############################
#43: [WIN..1_Pro] sees 1220 (+186) 3D points
Estimated Focal Length [432][0.67W]
# 175 projs (32 pts and 0 merges)
SKIP: 0 cams, 329 points, 650 projs
PBA: 1133 3D pts, 20 cams and 7609 projs...
PBA: 1.874 -> 1.121 (5 LMs in 0.01sec)
#points w/ large errors:	17
#unstable points removed:	3

**************************************
#43/43:  735 projs and 231 pts added.
PBA: 1495 3D pts, 43 cams and 8561 projs...
PBA: 1.749 -> 1.183 (22 LMs in 0.19sec)
#points w/ large errors:	7
#unstable points removed:	2
PBA: 1486 3D pts, 43 cams and 8532 projs...
PBA: 1.109 -> 1.107 (15 LMs in 0.10sec)
#points w/ large errors:	1
Focal Length : [431.910]->[431.910]
Radial Distortion : [-0.357 -> -63]

#############################
#44: [WIN..3_Pro] sees 1697 (+198) 3D points
Estimated Focal Length [432][0.67W]
# 214 projs (34 pts and 1 merges)
SKIP: 0 cams, 195 points, 503 projs
PBA: 1289 3D pts, 20 cams and 8185 projs...
PBA: 1.618 -> 1.070 (5 LMs in 0.07sec)
#points w/ large errors:	27
#unstable points removed:	3
Focal Length : [431.910]->[431.910]
Radial Distortion : [-0.357 -> -63]
END: No more images to add [0 projs]

#############################
Failed to find two images for initialization
Resuming SfM finished, 10 sec used

---------------------------------------------------
44 cams, 1514 pts (3+: 823)
8734 projections (3+: 7216)
---------------------------------------------------
1 model(s) reconstructed from 44 images;
44 modeled; 0 reused; 0 EXIF; 
0MB(0) used to store feature location.
---------------------------------------------------

########-------timing------#########
Structure-From-Motion finished, 11 sec used
9.4(7.7) seconds on Bundle Adjustment (+)
8.7(7.3) seconds on Bundle Adjustment (*)
#############################
----------------------------------------------------------------
Run full 3D reconstruction, finished
Totally 11.000 seconds used

