
Modifying Calibration, begin...
fx = 429.562531, cx = 323.779724
fy = 429.562531, cy = 244.005173
radial_distortion = 0.000000
----------------------------------------------------------------
Modifying Calibration, finished
Totally 0.000 seconds used

0: sofa (1)
image_size:	640x480
1: sofa (2)
image_size:	640x480
2: sofa (3)
image_size:	640x480
3: sofa (4)
image_size:	640x480
4: sofa (5)
image_size:	640x480
5: sofa (6)
image_size:	640x480
6: sofa (7)
image_size:	640x480
7: sofa (8)
image_size:	640x480
8: sofa (9)
image_size:	640x480
9: sofa (10)
image_size:	640x480
10: sofa (11)
image_size:	640x480
11: sofa (12)
image_size:	640x480
12: sofa (13)
image_size:	640x480
13: sofa (14)
image_size:	640x480
14: sofa (15)
image_size:	640x480
15: sofa (16)
image_size:	640x480
16: sofa (17)
image_size:	640x480
17: sofa (18)
image_size:	640x480
18: sofa (19)
image_size:	640x480
19: sofa (20)
image_size:	640x480
20: sofa (21)
image_size:	640x480
21: sofa (22)
image_size:	640x480
22: sofa (23)
image_size:	640x480
23: sofa (24)
image_size:	640x480
24: sofa (25)
image_size:	640x480
25: sofa (26)
image_size:	640x480
26: sofa (27)
image_size:	640x480
27: sofa (28)
image_size:	640x480
28: sofa (29)
image_size:	640x480
29: sofa (30)
image_size:	640x480
30: sofa (31)
image_size:	640x480
31: sofa (32)
image_size:	640x480
32: sofa (33)
image_size:	640x480
33: sofa (34)
image_size:	640x480
34: sofa (35)
image_size:	640x480
35: sofa (36)
image_size:	640x480
**************************************
Change the number of pixel-loaded images by 
modifying param_visual_data_budget in nv.ini
Use the PAUSE button to skip the pixel loading
**************************************
Loading image pixel data ...done in 0s

Compute Missing Pairwise Matching, begin...
********* WARNING ***********
More than 112MB of graphic memory may be allocated
under the default settings. If the program halts here,
adjust parameters to save memory and rerun the task: 
    [Tools->Enable GPU->Set Maximum DIM]
Note some octaves may be automatically skipped
SIFT: 0000, 640x480, 	7194, 0.83sec
SIFT: 0001, 640x480, 	6803, 0.12sec
SIFT: 0002, 640x480, 	7156, 0.12sec
SIFT: 0003, 640x480, 	7257, 0.12sec
SIFT: 0004, 640x480, 	7598, 0.12sec
SIFT: 0005, 640x480, 	7917, 0.12sec
SIFT: 0006, 640x480, 	7952, 0.12sec
SIFT: 0007, 640x480, 	8062, 0.13sec
SIFT: 0008, 640x480, 	7911, 0.13sec
SIFT: 0009, 640x480, 	7806, 0.13sec
SIFT: 0010, 640x480, 	7407, 0.14sec
SIFT: 0011, 640x480, 	7497, 0.14sec
SIFT: 0012, 640x480, 	7003, 0.12sec
SIFT: 0013, 640x480, 	6861, 0.12sec
SIFT: 0014, 640x480, 	6839, 0.12sec
SIFT: 0015, 640x480, 	6482, 0.11sec
SIFT: 0016, 640x480, 	6383, 0.11sec
SIFT: 0017, 640x480, 	6774, 0.11sec
SIFT: 0018, 640x480, 	6783, 0.12sec
SIFT: 0019, 640x480, 	6578, 0.11sec
SIFT: 0020, 640x480, 	7182, 0.12sec
SIFT: 0021, 640x480, 	6539, 0.12sec
SIFT: 0022, 640x480, 	7208, 0.12sec
SIFT: 0023, 640x480, 	7541, 0.13sec
SIFT: 0024, 640x480, 	7669, 0.13sec
SIFT: 0025, 640x480, 	7548, 0.13sec
SIFT: 0026, 640x480, 	7632, 0.13sec
SIFT: 0027, 640x480, 	7757, 0.13sec
SIFT: 0028, 640x480, 	7807, 0.13sec
SIFT: 0029, 640x480, 	7537, 0.12sec
SIFT: 0030, 640x480, 	7764, 0.12sec
SIFT: 0031, 640x480, 	7439, 0.12sec
SIFT: 0032, 640x480, 	7220, 0.13sec
SIFT: 0033, 640x480, 	7034, 0.13sec
SIFT: 0034, 640x480, 	7139, 0.13sec
SIFT: 0035, 640x480, 	7074, 0.12sec

###########-------timing------#########
36 Feature Detection finished, 6 sec used
#############################

630 pairs to compute match
NOTE: using 3 matching workers
0000 and 0001: 1577 matches, 0.12sec, #1
0000 and 0001: [1212/1577], H[387], 0.01sec
0002 and 0004: 1697 matches, 0.14sec, #2
0002 and 0004: [1420/1697], H[391], 0.01sec
0000 and 0002: 1176 matches, 0.14sec, #1
0000 and 0002: [1027/1176], H[231], 0.01sec
0003 and 0004: 2561 matches, 0.14sec, #2
0002 and 0003: 2197 matches, 0.33sec, #0
0003 and 0004: [2336/2561], H[599], 0.02sec
0002 and 0003: [2005/2197], H[844], 0.02sec
0001 and 0002: 2564 matches, 0.13sec, #1
0000 and 0005: 392 matches, 0.12sec, #2
0000 and 0004: 572 matches, 0.11sec, #0
0001 and 0002: [2380/2564], H[839], 0.01sec
0000 and 0005: [240/392], H[39], 0.01sec
0000 and 0004: [420/572], H[193], 0.01sec
0001 and 0004: 1069 matches, 0.13sec, #0
0000 and 0003: 635 matches, 0.16sec, #1
0001 and 0004: [868/1069], H[619], 0.01sec
0001 and 0005: 602 matches, 0.16sec, #2
0000 and 0003: [490/635], H[138], 0.00sec
0001 and 0005: [435/602], H[339], 0.00sec
0001 and 0003: 1317 matches, 0.07sec, #1
0005 and 0006: 2924 matches, 0.15sec, #0
0001 and 0003: [1101/1317], H[552], 0.01sec
0005 and 0006: [2818/2924], H[1385], 0.05sec
0002 and 0005: 950 matches, 0.15sec, #2
0002 and 0005: [761/950], H[439], 0.01sec
0002 and 0008: 375 matches, 0.16sec, #1
0000 and 0007: 266 matches, 0.11sec, #0
0002 and 0008: [251/375], H[85], 0.00sec
0000 and 0007: [150/266], H[48], 0.01sec
0001 and 0007: 323 matches, 0.13sec, #0
0001 and 0007: [218/323], H[60], 0.00sec
0003 and 0005: 1448 matches, 0.17sec, #2
0003 and 0005: [1301/1448], H[484], 0.01sec
0003 and 0008: 676 matches, 0.17sec, #1
0003 and 0008: [561/676], H[381], 0.00sec
0002 and 0007: 505 matches, 0.11sec, #0
0002 and 0007: [373/505], H[175], 0.01sec
0004 and 0005: 2535 matches, 0.17sec, #2
0003 and 0007: 847 matches, 0.15sec, #0
0004 and 0005: [2362/2535], H[832], 0.02sec
0003 and 0007: [725/847], H[538], 0.01sec
0004 and 0008: 1016 matches, 0.18sec, #1
0004 and 0008: [877/1016], H[548], 0.01sec
0000 and 0006: 276 matches, 0.09sec, #2
0000 and 0006: [160/276], H[56], 0.01sec
0004 and 0007: 1316 matches, 0.13sec, #0
0004 and 0007: [1173/1316], H[337], 0.01sec
0005 and 0008: 1863 matches, 0.16sec, #1
0001 and 0006: 387 matches, 0.15sec, #2
0005 and 0008: [1685/1863], H[219], 0.01sec
0005 and 0007: 2563 matches, 0.17sec, #0
0001 and 0006: [277/387], H[45], 0.00sec
0005 and 0007: [2426/2563], H[708], 0.02sec
0006 and 0007: 2972 matches, 0.14sec, #0
0006 and 0008: 2219 matches, 0.17sec, #1
0006 and 0007: [2840/2972], H[944], 0.01sec
0006 and 0008: [2093/2219], H[391], 0.01sec
0002 and 0006: 605 matches, 0.27sec, #2
0007 and 0008: 3178 matches, 0.11sec, #1
0002 and 0006: [456/605], H[174], 0.00sec
0000 and 0008: 187 matches, 0.13sec, #0
0007 and 0008: [3057/3178], H[1905], 0.02sec
0000 and 0008: [108/187], H[34], 0.01sec
0001 and 0008: 245 matches, 0.12sec, #0
0001 and 0008: [167/245], H[53], 0.00sec
0003 and 0006: 1017 matches, 0.16sec, #2
0003 and 0006: [870/1017], H[298], 0.01sec
0000 and 0009: 180 matches, 0.17sec, #1
0004 and 0009: 619 matches, 0.11sec, #0
0004 and 0009: [489/619], H[168], 0.01sec
0000 and 0009: [89/180], H[19], 0.08sec
0004 and 0006: 1436 matches, 0.11sec, #2
0005 and 0009: 1220 matches, 0.13sec, #0
0004 and 0006: [1286/1436], H[402], 0.01sec
0005 and 0009: [1071/1220], H[174], 0.01sec
0006 and 0009: 1640 matches, 0.11sec, #0
0001 and 0009: 206 matches, 0.18sec, #1
0006 and 0009: [1451/1640], H[218], 0.01sec
0001 and 0009: [130/206], H[51], 0.01sec
0005 and 0010: 587 matches, 0.23sec, #2
0002 and 0009: 257 matches, 0.11sec, #1
0005 and 0010: [470/587], H[159], 0.00sec
0002 and 0009: [166/257], H[27], 0.00sec
0007 and 0009: 2538 matches, 0.14sec, #0
0007 and 0009: [2325/2538], H[799], 0.02sec
0008 and 0009: 2811 matches, 0.12sec, #0
0008 and 0009: [2672/2811], H[1356], 0.02sec
0006 and 0010: 981 matches, 0.21sec, #2
0003 and 0009: 392 matches, 0.22sec, #1
0006 and 0010: [824/981], H[246], 0.01sec
0003 and 0009: [286/392], H[120], 0.00sec
0000 and 0010: 118 matches, 0.10sec, #0
0000 and 0010: [57/118], H[9], 0.02sec
0001 and 0010: 142 matches, 0.10sec, #0
0001 and 0010: [79/142], H[18], 0.01sec
0007 and 0010: 1224 matches, 0.19sec, #2
0005 and 0011: 603 matches, 0.20sec, #1
0002 and 0010: 171 matches, 0.11sec, #0
0007 and 0010: [1064/1224], H[138], 0.01sec
0005 and 0011: [491/603], H[144], 0.00sec
0002 and 0010: [108/171], H[43], 0.00sec
0003 and 0010: 275 matches, 0.14sec, #0
0003 and 0010: [184/275], H[48], 0.01sec
0008 and 0010: 1366 matches, 0.20sec, #2
0006 and 0011: 827 matches, 0.22sec, #1
0004 and 0010: 319 matches, 0.11sec, #0
0008 and 0010: [1247/1366], H[518], 0.01sec
0006 and 0011: [671/827], H[323], 0.00sec
0004 and 0010: [227/319], H[68], 0.00sec
0004 and 0012: 180 matches, 0.12sec, #0
0004 and 0012: [123/180], H[18], 0.02sec
0007 and 0011: 1101 matches, 0.22sec, #1
0009 and 0010: 2411 matches, 0.23sec, #2
0007 and 0011: [910/1101], H[119], 0.01sec
0009 and 0010: [2307/2411], H[860], 0.01sec
0005 and 0012: 285 matches, 0.12sec, #0
0005 and 0012: [219/285], H[123], 0.00sec
0006 and 0012: 433 matches, 0.12sec, #0
0006 and 0012: [358/433], H[172], 0.00sec
0008 and 0011: 1330 matches, 0.20sec, #1
0000 and 0011: 111 matches, 0.20sec, #2
0007 and 0012: 494 matches, 0.11sec, #0
0008 and 0011: [1226/1330], H[211], 0.01sec
0007 and 0012: [409/494], H[141], 0.00sec
0000 and 0011: [51/111], H[10], 0.09sec
0009 and 0011: 1953 matches, 0.13sec, #1
0008 and 0012: 650 matches, 0.13sec, #0
0009 and 0011: [1793/1953], H[503], 0.02sec
0008 and 0012: [580/650], H[305], 0.01sec
0009 and 0012: 1011 matches, 0.11sec, #0
0009 and 0012: [938/1011], H[104], 0.01sec
0001 and 0011: 128 matches, 0.16sec, #2
0001 and 0011: [66/128], H[9], 0.01sec
0010 and 0011: 2922 matches, 0.17sec, #1
0010 and 0012: 1508 matches, 0.13sec, #0
0002 and 0011: 150 matches, 0.10sec, #2
0010 and 0012: [1429/1508], H[569], 0.01sec
0010 and 0011: [2821/2922], H[1783], 0.01sec
0002 and 0011: [84/150], H[8], 0.01sec
0000 and 0012: 78 matches, 0.08sec, #1
0011 and 0012: 1933 matches, 0.13sec, #0
0000 and 0012: [37/78], H[13], 0.02sec
0011 and 0012: [1837/1933], H[715], 0.02sec
0000 and 0013: 86 matches, 0.09sec, #0
0003 and 0011: 270 matches, 0.16sec, #2
0003 and 0011: [168/270], H[66], 0.01sec
0001 and 0012: 74 matches, 0.14sec, #1
0000 and 0013: [28/86], H[11], 0.07sec
0001 and 0012: [34/74], H[14], 0.06sec
0004 and 0011: 340 matches, 0.12sec, #2
0004 and 0011: [248/340], H[85], 0.00sec
0001 and 0013: 77 matches, 0.10sec, #0
0002 and 0012: 104 matches, 0.11sec, #1
0002 and 0012: [47/104], H[16], 0.02sec
0001 and 0013: [28/77], H[7], 0.06sec
0002 and 0013: 100 matches, 0.11sec, #2
0003 and 0012: 125 matches, 0.10sec, #1
0012 and 0013: 2011 matches, 0.10sec, #0
0003 and 0012: [80/125], H[39], 0.00sec
0002 and 0013: [44/100], H[19], 0.02sec
0012 and 0013: [1900/2011], H[707], 0.01sec
0009 and 0014: 912 matches, 0.12sec, #1
0009 and 0014: [666/912], H[126], 0.01sec
0000 and 0014: 85 matches, 0.14sec, #0
0003 and 0013: 117 matches, 0.18sec, #2
0003 and 0013: [61/117], H[35], 0.01sec
0000 and 0014: [28/85], H[4], 0.08sec
0010 and 0014: 1294 matches, 0.10sec, #1
0010 and 0014: [1045/1294], H[127], 0.01sec
0004 and 0013: 147 matches, 0.09sec, #2
0004 and 0013: [95/147], H[22], 0.00sec
0001 and 0014: 104 matches, 0.09sec, #0
0001 and 0014: [34/104], H[19], 0.11sec
0011 and 0014: 1889 matches, 0.14sec, #1
0005 and 0013: 247 matches, 0.13sec, #2
0005 and 0013: [173/247], H[103], 0.00sec
0011 and 0014: [1652/1889], H[340], 0.01sec
0002 and 0014: 104 matches, 0.09sec, #0
0002 and 0014: [51/104], H[18], 0.02sec
0006 and 0013: 302 matches, 0.15sec, #2
0003 and 0014: 134 matches, 0.12sec, #0
0006 and 0013: [236/302], H[61], 0.00sec
0012 and 0014: 1860 matches, 0.15sec, #1
0003 and 0014: [67/134], H[31], 0.01sec
0012 and 0014: [1485/1860], H[626], 0.01sec
0004 and 0014: 175 matches, 0.12sec, #0
0004 and 0014: [103/175], H[46], 0.01sec
0007 and 0013: 387 matches, 0.16sec, #2
0013 and 0014: 2473 matches, 0.15sec, #1
0007 and 0013: [309/387], H[142], 0.00sec
0005 and 0014: 264 matches, 0.10sec, #0
0013 and 0014: [2082/2473], H[1330], 0.01sec
0005 and 0014: [146/264], H[42], 0.01sec
0006 and 0014: 319 matches, 0.12sec, #0
0006 and 0014: [238/319], H[116], 0.00sec
0000 and 0015: 44 matches, 0.15sec, #1
0008 and 0013: 578 matches, 0.16sec, #2
0000 and 0015: [21/44], H[7], 0.01sec
0007 and 0014: 442 matches, 0.11sec, #0
0008 and 0013: [454/578], H[250], 0.00sec
0007 and 0014: [306/442], H[77], 0.01sec
0008 and 0014: 543 matches, 0.11sec, #0
0008 and 0014: [429/543], H[92], 0.01sec
0001 and 0015: 40 matches, 0.16sec, #1
0009 and 0013: 857 matches, 0.17sec, #2
0001 and 0015: [17/40], H[8], 0.02sec
0005 and 0015: 134 matches, 0.10sec, #0
0009 and 0013: [737/857], H[117], 0.01sec
0005 and 0015: [86/134], H[27], 0.01sec
0002 and 0015: 61 matches, 0.14sec, #1
0006 and 0015: 181 matches, 0.13sec, #0
0002 and 0015: [29/61], H[13], 0.01sec
0006 and 0015: [127/181], H[50], 0.00sec
0010 and 0013: 1132 matches, 0.22sec, #2
0003 and 0015: 65 matches, 0.09sec, #1
0007 and 0015: 245 matches, 0.11sec, #0
0010 and 0013: [890/1132], H[356], 0.01sec
0003 and 0015: [35/65], H[8], 0.01sec
0007 and 0015: [163/245], H[80], 0.00sec
0008 and 0015: 264 matches, 0.11sec, #0
0008 and 0015: [184/264], H[72], 0.01sec
0011 and 0013: 1677 matches, 0.17sec, #2
0004 and 0015: 99 matches, 0.20sec, #1
0011 and 0013: [1550/1677], H[507], 0.01sec
0009 and 0015: 452 matches, 0.10sec, #0
0004 and 0015: [54/99], H[21], 0.01sec
0009 and 0015: [356/452], H[55], 0.01sec
0000 and 0016: 59 matches, 0.13sec, #2
0010 and 0015: 685 matches, 0.13sec, #0
0010 and 0015: [612/685], H[162], 0.01sec
0010 and 0016: 632 matches, 0.15sec, #1
0010 and 0016: [549/632], H[56], 0.00sec
0000 and 0016: [20/59], H[5], 0.05sec
0011 and 0015: 955 matches, 0.10sec, #0
0011 and 0015: [869/955], H[183], 0.01sec
0012 and 0015: 1664 matches, 0.10sec, #0
0011 and 0016: 899 matches, 0.15sec, #1
0012 and 0015: [1551/1664], H[181], 0.02sec
0011 and 0016: [793/899], H[134], 0.01sec
0001 and 0016: 44 matches, 0.23sec, #2
0012 and 0016: 1279 matches, 0.09sec, #1
0013 and 0015: 1648 matches, 0.10sec, #0
0001 and 0016: [20/44], H[5], 0.01sec
0012 and 0016: [1057/1279], H[301], 0.01sec
0013 and 0015: [1257/1648], H[561], 0.01sec
0014 and 0015: 1759 matches, 0.10sec, #0
0002 and 0016: 46 matches, 0.13sec, #2
0014 and 0015: [1664/1759], H[676], 0.01sec
0002 and 0016: [25/46], H[9], 0.01sec
0013 and 0016: 1309 matches, 0.15sec, #1
0004 and 0017: 150 matches, 0.10sec, #0
0013 and 0016: [933/1309], H[234], 0.01sec
0004 and 0017: [92/150], H[34], 0.01sec
0005 and 0017: 253 matches, 0.10sec, #0
0003 and 0016: 63 matches, 0.14sec, #2
0005 and 0017: [143/253], H[76], 0.01sec
0014 and 0016: 1417 matches, 0.13sec, #1
0014 and 0016: [1159/1417], H[558], 0.01sec
0003 and 0016: [30/63], H[8], 0.03sec
0015 and 0016: 2186 matches, 0.09sec, #1
0006 and 0017: 320 matches, 0.12sec, #0
0006 and 0017: [221/320], H[44], 0.01sec
0015 and 0016: [2091/2186], H[1166], 0.02sec
0007 and 0017: 422 matches, 0.11sec, #0
0007 and 0017: [292/422], H[45], 0.01sec
0004 and 0016: 85 matches, 0.16sec, #2
0000 and 0017: 73 matches, 0.14sec, #1
0008 and 0017: 475 matches, 0.10sec, #0
0004 and 0016: [46/85], H[11], 0.01sec
0008 and 0017: [364/475], H[74], 0.01sec
0000 and 0017: [26/73], H[13], 0.06sec
0005 and 0016: 137 matches, 0.09sec, #2
0009 and 0017: 855 matches, 0.12sec, #0
0005 and 0016: [86/137], H[39], 0.00sec
0009 and 0017: [718/855], H[90], 0.01sec
0010 and 0017: 1146 matches, 0.12sec, #0
0001 and 0017: 85 matches, 0.14sec, #1
0010 and 0017: [976/1146], H[71], 0.01sec
0006 and 0016: 166 matches, 0.15sec, #2
0001 and 0017: [30/85], H[12], 0.04sec
0006 and 0016: [118/166], H[19], 0.00sec
0011 and 0017: 1289 matches, 0.09sec, #0
0011 and 0017: [828/1289], H[260], 0.01sec
0012 and 0017: 1361 matches, 0.10sec, #0
0002 and 0017: 105 matches, 0.14sec, #1
0012 and 0017: [857/1361], H[431], 0.01sec
0002 and 0017: [50/105], H[13], 0.01sec
0007 and 0016: 215 matches, 0.16sec, #2
0007 and 0016: [158/215], H[53], 0.01sec
0013 and 0017: 1253 matches, 0.09sec, #0
0013 and 0017: [803/1253], H[236], 0.05sec
0003 and 0017: 100 matches, 0.14sec, #1
0003 and 0017: [56/100], H[25], 0.01sec
0008 and 0016: 248 matches, 0.09sec, #2
0008 and 0016: [177/248], H[17], 0.00sec
0007 and 0018: 393 matches, 0.09sec, #1
0014 and 0017: 1877 matches, 0.10sec, #0
0007 and 0018: [259/393], H[114], 0.01sec
0014 and 0017: [1421/1877], H[591], 0.01sec
0015 and 0017: 1251 matches, 0.08sec, #0
0015 and 0017: [1129/1251], H[210], 0.01sec
0009 and 0016: 417 matches, 0.16sec, #2
0008 and 0018: 444 matches, 0.16sec, #1
0009 and 0016: [341/417], H[48], 0.00sec
0016 and 0017: 1234 matches, 0.08sec, #0
0008 and 0018: [301/444], H[172], 0.01sec
0016 and 0017: [1144/1234], H[465], 0.01sec
0000 and 0018: 71 matches, 0.10sec, #0
0017 and 0018: 2617 matches, 0.14sec, #2
0017 and 0018: [2499/2617], H[1102], 0.02sec
0009 and 0018: 818 matches, 0.16sec, #1
0009 and 0018: [552/818], H[98], 0.01sec
0000 and 0018: [22/71], H[4], 0.11sec
0000 and 0019: 58 matches, 0.11sec, #2
0010 and 0018: 1064 matches, 0.12sec, #1
0010 and 0018: [803/1064], H[56], 0.01sec
0001 and 0018: 91 matches, 0.09sec, #0
0000 and 0019: [14/58], H[5], 0.06sec
0001 and 0018: [31/91], H[12], 0.08sec
0011 and 0018: 1312 matches, 0.13sec, #1
0011 and 0018: [1171/1312], H[251], 0.01sec
0001 and 0019: 75 matches, 0.11sec, #2
0002 and 0018: 99 matches, 0.10sec, #0
0001 and 0019: [27/75], H[5], 0.06sec
0012 and 0018: 1285 matches, 0.11sec, #1
0002 and 0018: [43/99], H[26], 0.05sec
0012 and 0018: [960/1285], H[165], 0.01sec
0003 and 0018: 112 matches, 0.10sec, #0
0003 and 0018: [54/112], H[17], 0.01sec
0002 and 0019: 78 matches, 0.15sec, #2
0013 and 0018: 1724 matches, 0.14sec, #1
0004 and 0018: 142 matches, 0.10sec, #0
0013 and 0018: [1257/1724], H[358], 0.01sec
0004 and 0018: [79/142], H[39], 0.01sec
0002 and 0019: [34/78], H[9], 0.01sec
0005 and 0018: 234 matches, 0.13sec, #0
0014 and 0018: 2216 matches, 0.14sec, #1
0005 and 0018: [142/234], H[59], 0.01sec
0003 and 0019: 118 matches, 0.15sec, #2
0014 and 0018: [1789/2216], H[620], 0.01sec
0003 and 0019: [64/118], H[28], 0.01sec
0006 and 0018: 294 matches, 0.10sec, #0
0006 and 0018: [202/294], H[99], 0.01sec
0009 and 0019: 714 matches, 0.10sec, #0
0015 and 0018: 1732 matches, 0.13sec, #1
0009 and 0019: [411/714], H[32], 0.01sec
0015 and 0018: [1484/1732], H[903], 0.01sec
0004 and 0019: 122 matches, 0.20sec, #2
0010 and 0019: 1182 matches, 0.10sec, #0
0004 and 0019: [78/122], H[23], 0.00sec
0016 and 0018: 1454 matches, 0.10sec, #1
0010 and 0019: [694/1182], H[229], 0.01sec
0016 and 0018: [1359/1454], H[809], 0.06sec
0011 and 0019: 939 matches, 0.10sec, #0
0011 and 0019: [585/939], H[157], 0.01sec
0005 and 0019: 221 matches, 0.15sec, #2
0000 and 0020: 123 matches, 0.12sec, #1
0005 and 0019: [142/221], H[34], 0.00sec
0012 and 0019: 804 matches, 0.09sec, #0
0012 and 0019: [530/804], H[84], 0.01sec
0000 and 0020: [51/123], H[5], 0.07sec
0006 and 0019: 300 matches, 0.11sec, #2
0013 and 0019: 622 matches, 0.09sec, #0
0006 and 0019: [193/300], H[82], 0.00sec
0013 and 0019: [485/622], H[79], 0.01sec
0014 and 0019: 822 matches, 0.09sec, #0
0014 and 0019: [730/822], H[81], 0.01sec
0001 and 0020: 112 matches, 0.15sec, #1
0001 and 0020: [57/112], H[27], 0.01sec
0007 and 0019: 438 matches, 0.17sec, #2
0015 and 0019: 712 matches, 0.08sec, #0
0007 and 0019: [275/438], H[22], 0.01sec
0015 and 0019: [630/712], H[94], 0.01sec
0016 and 0019: 700 matches, 0.11sec, #0
0016 and 0019: [624/700], H[105], 0.01sec
0002 and 0020: 148 matches, 0.15sec, #1
0002 and 0020: [85/148], H[43], 0.01sec
0008 and 0019: 385 matches, 0.16sec, #2
0017 and 0019: 1467 matches, 0.08sec, #0
0008 and 0019: [212/385], H[66], 0.01sec
0017 and 0019: [1190/1467], H[322], 0.01sec
0018 and 0019: 1130 matches, 0.09sec, #0
0018 and 0019: [1016/1130], H[272], 0.01sec
0003 and 0020: 223 matches, 0.16sec, #1
0010 and 0020: 1075 matches, 0.16sec, #2
0003 and 0020: [149/223], H[78], 0.00sec
0010 and 0020: [745/1075], H[161], 0.01sec
0000 and 0021: 72 matches, 0.09sec, #0
0000 and 0021: [35/72], H[7], 0.01sec
0001 and 0021: 66 matches, 0.09sec, #0
0001 and 0021: [41/66], H[22], 0.01sec
0004 and 0020: 308 matches, 0.16sec, #1
0004 and 0020: [224/308], H[141], 0.00sec
0011 and 0020: 1045 matches, 0.16sec, #2
0002 and 0021: 97 matches, 0.08sec, #0
0011 and 0020: [721/1045], H[101], 0.01sec
0002 and 0021: [58/97], H[16], 0.01sec
0003 and 0021: 114 matches, 0.10sec, #0
0003 and 0021: [84/114], H[41], 0.00sec
0005 and 0020: 553 matches, 0.16sec, #1
0012 and 0020: 711 matches, 0.16sec, #2
0005 and 0020: [410/553], H[197], 0.00sec
0012 and 0020: [529/711], H[72], 0.00sec
0004 and 0021: 174 matches, 0.09sec, #0
0004 and 0021: [132/174], H[82], 0.00sec
0005 and 0021: 293 matches, 0.11sec, #0
0005 and 0021: [211/293], H[78], 0.00sec
0006 and 0020: 637 matches, 0.14sec, #1
0006 and 0020: [435/637], H[254], 0.00sec
0013 and 0020: 680 matches, 0.24sec, #2
0013 and 0020: [504/680], H[168], 0.01sec
0006 and 0021: 314 matches, 0.12sec, #0
0007 and 0020: 993 matches, 0.11sec, #1
0006 and 0021: [219/314], H[22], 0.01sec
0007 and 0020: [721/993], H[164], 0.01sec
0007 and 0021: 576 matches, 0.10sec, #0
0007 and 0021: [430/576], H[80], 0.01sec
0014 and 0020: 841 matches, 0.15sec, #2
0008 and 0020: 949 matches, 0.17sec, #1
0014 and 0020: [715/841], H[364], 0.01sec
0008 and 0020: [613/949], H[320], 0.01sec
0008 and 0021: 587 matches, 0.10sec, #0
0008 and 0021: [413/587], H[59], 0.01sec
0009 and 0021: 788 matches, 0.11sec, #0
0015 and 0020: 559 matches, 0.14sec, #2
0009 and 0021: [493/788], H[154], 0.01sec
0015 and 0020: [438/559], H[55], 0.01sec
0009 and 0020: 1346 matches, 0.18sec, #1
0010 and 0021: 772 matches, 0.09sec, #0
0009 and 0020: [896/1346], H[136], 0.01sec
0010 and 0021: [537/772], H[113], 0.01sec
0016 and 0020: 500 matches, 0.17sec, #2
0020 and 0021: 1915 matches, 0.09sec, #1
0016 and 0020: [397/500], H[40], 0.00sec
0011 and 0021: 644 matches, 0.09sec, #0
0020 and 0021: [1808/1915], H[865], 0.01sec
0011 and 0021: [478/644], H[115], 0.01sec
0012 and 0021: 530 matches, 0.11sec, #0
0017 and 0020: 1093 matches, 0.14sec, #2
0012 and 0021: [445/530], H[56], 0.01sec
0017 and 0020: [850/1093], H[123], 0.01sec
0000 and 0022: 133 matches, 0.14sec, #1
0013 and 0021: 585 matches, 0.08sec, #0
0000 and 0022: [74/133], H[11], 0.01sec
0013 and 0021: [464/585], H[62], 0.01sec
0014 and 0021: 603 matches, 0.09sec, #0
0014 and 0021: [492/603], H[104], 0.01sec
0001 and 0022: 151 matches, 0.14sec, #1
0018 and 0020: 998 matches, 0.16sec, #2
0001 and 0022: [88/151], H[59], 0.01sec
0018 and 0020: [748/998], H[134], 0.01sec
0015 and 0021: 601 matches, 0.08sec, #0
0015 and 0021: [522/601], H[78], 0.01sec
0016 and 0021: 404 matches, 0.08sec, #0
0016 and 0021: [317/404], H[55], 0.01sec
0002 and 0022: 206 matches, 0.16sec, #1
0019 and 0020: 1470 matches, 0.16sec, #2
0017 and 0021: 987 matches, 0.09sec, #0
0002 and 0022: [131/206], H[50], 0.00sec
0019 and 0020: [1398/1470], H[468], 0.01sec
0017 and 0021: [820/987], H[136], 0.01sec
0018 and 0021: 967 matches, 0.09sec, #0
0018 and 0021: [751/967], H[136], 0.01sec
0003 and 0022: 327 matches, 0.16sec, #1
0009 and 0022: 1177 matches, 0.20sec, #2
0019 and 0021: 1481 matches, 0.09sec, #0
0003 and 0022: [247/327], H[99], 0.00sec
0009 and 0022: [925/1177], H[190], 0.01sec
0019 and 0021: [1408/1481], H[830], 0.01sec
0019 and 0022: 1113 matches, 0.11sec, #0
0019 and 0022: [1013/1113], H[163], 0.01sec
0004 and 0022: 399 matches, 0.18sec, #1
0010 and 0022: 863 matches, 0.20sec, #2
0020 and 0022: 2606 matches, 0.10sec, #0
0004 and 0022: [318/399], H[121], 0.00sec
0010 and 0022: [761/863], H[94], 0.01sec
0020 and 0022: [2480/2606], H[1199], 0.01sec
0021 and 0022: 1802 matches, 0.10sec, #0
0021 and 0022: [1725/1802], H[488], 0.01sec
0005 and 0022: 657 matches, 0.21sec, #1
0011 and 0022: 855 matches, 0.20sec, #2
0005 and 0022: [539/657], H[158], 0.00sec
0000 and 0023: 173 matches, 0.10sec, #0
0011 and 0022: [744/855], H[71], 0.01sec
0000 and 0023: [90/173], H[12], 0.01sec
0001 and 0023: 217 matches, 0.10sec, #0
0001 and 0023: [124/217], H[56], 0.01sec
0012 and 0022: 491 matches, 0.17sec, #2
0006 and 0022: 644 matches, 0.19sec, #1
0002 and 0023: 287 matches, 0.10sec, #0
0012 and 0022: [421/491], H[49], 0.00sec
0006 and 0022: [539/644], H[262], 0.00sec
0002 and 0023: [188/287], H[69], 0.00sec
0003 and 0023: 434 matches, 0.12sec, #0
0003 and 0023: [314/434], H[97], 0.00sec
0013 and 0022: 497 matches, 0.21sec, #2
0007 and 0022: 1048 matches, 0.23sec, #1
0013 and 0022: [374/497], H[255], 0.00sec
0004 and 0023: 619 matches, 0.11sec, #0
0007 and 0022: [738/1048], H[77], 0.01sec
0004 and 0023: [465/619], H[158], 0.01sec
0005 and 0023: 888 matches, 0.12sec, #0
0005 and 0023: [624/888], H[347], 0.01sec
0014 and 0022: 554 matches, 0.18sec, #2
0008 and 0022: 968 matches, 0.18sec, #1
0014 and 0022: [444/554], H[186], 0.00sec
0006 and 0023: 896 matches, 0.11sec, #0
0008 and 0022: [746/968], H[430], 0.01sec
0006 and 0023: [687/896], H[332], 0.01sec
0017 and 0023: 612 matches, 0.10sec, #0
0017 and 0023: [387/612], H[27], 0.01sec
0015 and 0022: 411 matches, 0.15sec, #2
0015 and 0022: [303/411], H[44], 0.01sec
0007 and 0023: 1288 matches, 0.23sec, #1
0018 and 0023: 613 matches, 0.10sec, #0
0007 and 0023: [1100/1288], H[376], 0.01sec
0018 and 0023: [422/613], H[96], 0.01sec
0016 and 0022: 329 matches, 0.18sec, #2
0019 and 0023: 911 matches, 0.11sec, #0
0016 and 0022: [259/329], H[106], 0.00sec
0019 and 0023: [816/911], H[103], 0.00sec
0008 and 0023: 998 matches, 0.12sec, #1
0008 and 0023: [876/998], H[136], 0.01sec
0020 and 0023: 2503 matches, 0.11sec, #0
0017 and 0022: 631 matches, 0.15sec, #2
0020 and 0023: [2365/2503], H[658], 0.02sec
0017 and 0022: [420/631], H[69], 0.01sec
0009 and 0023: 1238 matches, 0.23sec, #1
0021 and 0023: 1251 matches, 0.10sec, #0
0009 and 0023: [1017/1238], H[87], 0.01sec
0021 and 0023: [1095/1251], H[219], 0.01sec
0018 and 0022: 694 matches, 0.19sec, #2
0018 and 0022: [499/694], H[118], 0.01sec
0010 and 0023: 939 matches, 0.12sec, #1
0022 and 0023: 3058 matches, 0.11sec, #0
0010 and 0023: [837/939], H[78], 0.01sec
0022 and 0023: [2973/3058], H[1934], 0.03sec
0000 and 0024: 234 matches, 0.11sec, #0
0000 and 0024: [134/234], H[83], 0.01sec
0004 and 0024: 872 matches, 0.17sec, #2
0004 and 0024: [649/872], H[349], 0.01sec
0011 and 0023: 935 matches, 0.18sec, #1
0011 and 0023: [822/935], H[409], 0.01sec
0001 and 0024: 319 matches, 0.10sec, #0
0001 and 0024: [204/319], H[122], 0.01sec
0002 and 0024: 478 matches, 0.10sec, #0
0002 and 0024: [325/478], H[185], 0.01sec
0005 and 0024: 1030 matches, 0.16sec, #2
0012 and 0023: 525 matches, 0.17sec, #1
0003 and 0024: 596 matches, 0.10sec, #0
0005 and 0024: [741/1030], H[123], 0.01sec
0012 and 0023: [448/525], H[143], 0.00sec
0003 and 0024: [457/596], H[333], 0.00sec
0014 and 0024: 394 matches, 0.11sec, #0
0014 and 0024: [264/394], H[51], 0.01sec
0006 and 0024: 989 matches, 0.16sec, #2
0013 and 0023: 464 matches, 0.19sec, #1
0015 and 0024: 246 matches, 0.10sec, #0
0006 and 0024: [668/989], H[253], 0.01sec
0013 and 0023: [365/464], H[123], 0.00sec
0015 and 0024: [175/246], H[72], 0.00sec
0016 and 0024: 224 matches, 0.12sec, #0
0016 and 0024: [165/224], H[48], 0.00sec
0007 and 0024: 1253 matches, 0.22sec, #2
0014 and 0023: 578 matches, 0.22sec, #1
0007 and 0024: [782/1253], H[170], 0.01sec
0017 and 0024: 394 matches, 0.10sec, #0
0014 and 0023: [427/578], H[78], 0.00sec
0017 and 0024: [263/394], H[40], 0.01sec
0018 and 0024: 384 matches, 0.10sec, #0
0018 and 0024: [245/384], H[131], 0.01sec
0008 and 0024: 818 matches, 0.21sec, #2
0015 and 0023: 385 matches, 0.20sec, #1
0019 and 0024: 552 matches, 0.11sec, #0
0008 and 0024: [538/818], H[392], 0.01sec
0015 and 0023: [279/385], H[40], 0.00sec
0019 and 0024: [481/552], H[97], 0.00sec
0020 and 0024: 1516 matches, 0.12sec, #0
0020 and 0024: [1357/1516], H[231], 0.01sec
0009 and 0024: 896 matches, 0.20sec, #2
0016 and 0023: 323 matches, 0.20sec, #1
0021 and 0024: 759 matches, 0.10sec, #0
0009 and 0024: [580/896], H[88], 0.01sec
0016 and 0023: [244/323], H[110], 0.00sec
0021 and 0024: [700/759], H[102], 0.00sec
0022 and 0024: 1862 matches, 0.11sec, #0
0022 and 0024: [1796/1862], H[722], 0.02sec
0010 and 0024: 757 matches, 0.17sec, #2
0010 and 0024: [548/757], H[121], 0.01sec
0000 and 0025: 185 matches, 0.20sec, #1
0023 and 0024: 2846 matches, 0.12sec, #0
0000 and 0025: [115/185], H[52], 0.01sec
0023 and 0024: [2754/2846], H[1214], 0.05sec
0011 and 0024: 703 matches, 0.17sec, #2
0001 and 0025: 265 matches, 0.16sec, #1
0011 and 0024: [589/703], H[246], 0.00sec
0010 and 0025: 830 matches, 0.10sec, #0
0001 and 0025: [167/265], H[59], 0.00sec
0010 and 0025: [592/830], H[191], 0.01sec
0011 and 0025: 802 matches, 0.11sec, #0
0011 and 0025: [671/802], H[302], 0.01sec
0012 and 0024: 411 matches, 0.15sec, #2
0012 and 0024: [313/411], H[60], 0.00sec
0002 and 0025: 396 matches, 0.16sec, #1
0002 and 0025: [251/396], H[178], 0.01sec
0012 and 0025: 441 matches, 0.10sec, #0
0012 and 0025: [347/441], H[195], 0.01sec
0013 and 0024: 300 matches, 0.13sec, #2
0013 and 0024: [227/300], H[82], 0.00sec
0003 and 0025: 524 matches, 0.11sec, #1
0013 and 0025: 335 matches, 0.09sec, #0
0003 and 0025: [375/524], H[216], 0.01sec
0013 and 0025: [265/335], H[106], 0.00sec
0014 and 0025: 436 matches, 0.10sec, #0
0014 and 0025: [315/436], H[158], 0.01sec
0020 and 0025: 1722 matches, 0.16sec, #2
0004 and 0025: 767 matches, 0.17sec, #1
0020 and 0025: [1580/1722], H[580], 0.00sec
0004 and 0025: [523/767], H[282], 0.00sec
0015 and 0025: 272 matches, 0.09sec, #0
0015 and 0025: [178/272], H[56], 0.01sec
0016 and 0025: 245 matches, 0.11sec, #0
0016 and 0025: [191/245], H[104], 0.01sec
0021 and 0025: 860 matches, 0.14sec, #2
0021 and 0025: [796/860], H[167], 0.01sec
0005 and 0025: 952 matches, 0.23sec, #1
0017 and 0025: 486 matches, 0.09sec, #0
0005 and 0025: [672/952], H[516], 0.01sec
0017 and 0025: [325/486], H[134], 0.01sec
0022 and 0025: 2177 matches, 0.16sec, #2
0018 and 0025: 414 matches, 0.10sec, #0
0022 and 0025: [2071/2177], H[1072], 0.01sec
0018 and 0025: [282/414], H[151], 0.00sec
0006 and 0025: 979 matches, 0.19sec, #1
0023 and 0025: 3184 matches, 0.10sec, #2
0006 and 0025: [668/979], H[512], 0.01sec
0019 and 0025: 669 matches, 0.10sec, #0
0019 and 0025: [583/669], H[91], 0.01sec
0023 and 0025: [3068/3184], H[1542], 0.02sec
0005 and 0026: 1038 matches, 0.11sec, #0
0005 and 0026: [719/1038], H[455], 0.01sec
0007 and 0025: 1237 matches, 0.16sec, #1
0007 and 0025: [844/1237], H[121], 0.01sec
0024 and 0025: 3825 matches, 0.17sec, #2
0006 and 0026: 1052 matches, 0.11sec, #0
0024 and 0025: [3723/3825], H[3236], 0.03sec
0006 and 0026: [700/1052], H[153], 0.01sec
0007 and 0026: 1251 matches, 0.12sec, #0
0008 and 0025: 901 matches, 0.17sec, #1
0007 and 0026: [840/1251], H[126], 0.01sec
0008 and 0025: [598/901], H[471], 0.01sec
0000 and 0026: 247 matches, 0.20sec, #2
0000 and 0026: [148/247], H[32], 0.01sec
0008 and 0026: 822 matches, 0.13sec, #0
0008 and 0026: [522/822], H[399], 0.01sec
0009 and 0025: 983 matches, 0.17sec, #1
0001 and 0026: 352 matches, 0.11sec, #2
0009 and 0025: [619/983], H[101], 0.01sec
0001 and 0026: [234/352], H[95], 0.00sec
0009 and 0026: 894 matches, 0.10sec, #0
0009 and 0026: [671/894], H[359], 0.01sec
0015 and 0026: 203 matches, 0.08sec, #1
0015 and 0026: [162/203], H[47], 0.00sec
0010 and 0026: 696 matches, 0.11sec, #0
0010 and 0026: [512/696], H[311], 0.01sec
0002 and 0026: 513 matches, 0.22sec, #2
0002 and 0026: [359/513], H[175], 0.00sec
0016 and 0026: 217 matches, 0.12sec, #1
0011 and 0026: 659 matches, 0.10sec, #0
0016 and 0026: [147/217], H[100], 0.00sec
0011 and 0026: [512/659], H[264], 0.01sec
0012 and 0026: 352 matches, 0.11sec, #0
0012 and 0026: [263/352], H[133], 0.01sec
0003 and 0026: 649 matches, 0.16sec, #2
0003 and 0026: [493/649], H[381], 0.00sec
0017 and 0026: 395 matches, 0.16sec, #1
0013 and 0026: 274 matches, 0.10sec, #0
0017 and 0026: [242/395], H[126], 0.01sec
0013 and 0026: [190/274], H[84], 0.01sec
0014 and 0026: 341 matches, 0.10sec, #0
0014 and 0026: [232/341], H[92], 0.01sec
0004 and 0026: 867 matches, 0.17sec, #2
0004 and 0026: [628/867], H[389], 0.01sec
0018 and 0026: 345 matches, 0.18sec, #1
0025 and 0026: 3677 matches, 0.11sec, #0
0018 and 0026: [218/345], H[105], 0.01sec
0025 and 0026: [3571/3677], H[2120], 0.06sec
0009 and 0027: 651 matches, 0.17sec, #2
0009 and 0027: [544/651], H[229], 0.01sec
0019 and 0026: 560 matches, 0.17sec, #1
0000 and 0027: 289 matches, 0.11sec, #0
0019 and 0026: [499/560], H[115], 0.01sec
0000 and 0027: [178/289], H[112], 0.01sec
0001 and 0027: 408 matches, 0.10sec, #0
0001 and 0027: [272/408], H[163], 0.01sec
0010 and 0027: 547 matches, 0.20sec, #2
0020 and 0026: 1400 matches, 0.20sec, #1
0002 and 0027: 563 matches, 0.11sec, #0
0010 and 0027: [433/547], H[172], 0.00sec
0020 and 0026: [1262/1400], H[236], 0.01sec
0002 and 0027: [365/563], H[188], 0.00sec
0003 and 0027: 687 matches, 0.12sec, #0
0003 and 0027: [544/687], H[348], 0.01sec
0011 and 0027: 466 matches, 0.20sec, #2
0021 and 0026: 679 matches, 0.20sec, #1
0004 and 0027: 773 matches, 0.11sec, #0
0011 and 0027: [369/466], H[68], 0.00sec
0021 and 0026: [586/679], H[139], 0.00sec
0004 and 0027: [624/773], H[74], 0.00sec
0005 and 0027: 953 matches, 0.12sec, #0
0005 and 0027: [735/953], H[143], 0.01sec
0012 and 0027: 298 matches, 0.18sec, #2
0022 and 0026: 1758 matches, 0.20sec, #1
0006 and 0027: 1029 matches, 0.11sec, #0
0012 and 0027: [220/298], H[102], 0.00sec
0022 and 0026: [1625/1758], H[173], 0.01sec
0006 and 0027: [864/1029], H[446], 0.01sec
0007 and 0027: 1033 matches, 0.12sec, #0
0007 and 0027: [920/1033], H[187], 0.01sec
0013 and 0027: 190 matches, 0.19sec, #2
0023 and 0026: 2704 matches, 0.19sec, #1
0008 and 0027: 641 matches, 0.11sec, #0
0013 and 0027: [126/190], H[22], 0.00sec
0008 and 0027: [559/641], H[164], 0.00sec
0023 and 0026: [2558/2704], H[901], 0.01sec
0019 and 0027: 403 matches, 0.11sec, #0
0019 and 0027: [344/403], H[28], 0.01sec
0014 and 0027: 243 matches, 0.17sec, #2
0024 and 0026: 4014 matches, 0.18sec, #1
0014 and 0027: [161/243], H[69], 0.00sec
0020 and 0027: 923 matches, 0.10sec, #0
0020 and 0027: [757/923], H[150], 0.01sec
0024 and 0026: [3906/4014], H[2060], 0.02sec
0021 and 0027: 477 matches, 0.10sec, #0
0021 and 0027: [429/477], H[91], 0.01sec
0015 and 0027: 172 matches, 0.16sec, #2
0002 and 0028: 422 matches, 0.17sec, #1
0022 and 0027: 1167 matches, 0.10sec, #0
0015 and 0027: [123/172], H[63], 0.00sec
0002 and 0028: [291/422], H[210], 0.00sec
0022 and 0027: [1085/1167], H[210], 0.01sec
0023 and 0027: 1812 matches, 0.12sec, #0
0016 and 0027: 175 matches, 0.15sec, #2
0023 and 0027: [1660/1812], H[287], 0.01sec
0016 and 0027: [123/175], H[38], 0.00sec
0003 and 0028: 557 matches, 0.24sec, #1
0003 and 0028: [389/557], H[112], 0.00sec
0024 and 0027: 2571 matches, 0.11sec, #0
0024 and 0027: [2427/2571], H[846], 0.02sec
0017 and 0027: 263 matches, 0.17sec, #2
0004 and 0028: 665 matches, 0.10sec, #1
0017 and 0027: [177/263], H[21], 0.01sec
0004 and 0028: [461/665], H[192], 0.00sec
0025 and 0027: 2339 matches, 0.11sec, #0
0025 and 0027: [2061/2339], H[494], 0.02sec
0026 and 0027: 2737 matches, 0.11sec, #0
0018 and 0027: 229 matches, 0.17sec, #2
0026 and 0027: [2567/2737], H[1042], 0.02sec
0018 and 0027: [153/229], H[33], 0.00sec
0005 and 0028: 837 matches, 0.22sec, #1
0005 and 0028: [570/837], H[138], 0.01sec
0000 and 0028: 203 matches, 0.10sec, #0
0000 and 0028: [125/203], H[63], 0.01sec
0012 and 0028: 320 matches, 0.19sec, #2
0012 and 0028: [271/320], H[87], 0.00sec
0001 and 0028: 298 matches, 0.10sec, #0
0006 and 0028: 821 matches, 0.12sec, #1
0001 and 0028: [199/298], H[111], 0.00sec
0006 and 0028: [557/821], H[100], 0.06sec
0013 and 0028: 248 matches, 0.10sec, #2
0022 and 0028: 1077 matches, 0.11sec, #0
0013 and 0028: [162/248], H[36], 0.01sec
0022 and 0028: [1010/1077], H[292], 0.05sec
0007 and 0028: 820 matches, 0.15sec, #1
0014 and 0028: 269 matches, 0.16sec, #2
0007 and 0028: [595/820], H[68], 0.01sec
0023 and 0028: 1585 matches, 0.12sec, #0
0014 and 0028: [210/269], H[84], 0.00sec
0023 and 0028: [1475/1585], H[415], 0.01sec
0024 and 0028: 2433 matches, 0.12sec, #0
0024 and 0028: [2334/2433], H[873], 0.02sec
0008 and 0028: 559 matches, 0.17sec, #1
0008 and 0028: [414/559], H[56], 0.01sec
0015 and 0028: 232 matches, 0.19sec, #2
0015 and 0028: [167/232], H[51], 0.00sec
0025 and 0028: 2158 matches, 0.11sec, #0
0025 and 0028: [2045/2158], H[858], 0.02sec
0009 and 0028: 581 matches, 0.17sec, #1
0026 and 0028: 2473 matches, 0.11sec, #0
0009 and 0028: [423/581], H[162], 0.01sec
0016 and 0028: 231 matches, 0.17sec, #2
0026 and 0028: [2376/2473], H[847], 0.02sec
0016 and 0028: [166/231], H[98], 0.01sec
0027 and 0028: 2506 matches, 0.11sec, #0
0027 and 0028: [2420/2506], H[1367], 0.02sec
0010 and 0028: 553 matches, 0.20sec, #1
0017 and 0028: 252 matches, 0.17sec, #2
0010 and 0028: [454/553], H[91], 0.00sec
0000 and 0029: 316 matches, 0.11sec, #0
0017 and 0028: [165/252], H[81], 0.00sec
0000 and 0029: [221/316], H[51], 0.00sec
0001 and 0029: 465 matches, 0.12sec, #0
0001 and 0029: [339/465], H[275], 0.01sec
0011 and 0028: 547 matches, 0.17sec, #1
0018 and 0028: 263 matches, 0.19sec, #2
0011 and 0028: [458/547], H[272], 0.00sec
0002 and 0029: 622 matches, 0.10sec, #0
0018 and 0028: [171/263], H[31], 0.00sec
0002 and 0029: [510/622], H[270], 0.01sec
0003 and 0029: 853 matches, 0.11sec, #0
0003 and 0029: [761/853], H[510], 0.01sec
0004 and 0029: 821 matches, 0.17sec, #1
0004 and 0029: [651/821], H[64], 0.00sec
0019 and 0028: 407 matches, 0.17sec, #2
0014 and 0029: 152 matches, 0.10sec, #0
0019 and 0028: [344/407], H[45], 0.00sec
0014 and 0029: [104/152], H[40], 0.00sec
0015 and 0029: 128 matches, 0.10sec, #0
0015 and 0029: [86/128], H[53], 0.00sec
0005 and 0029: 814 matches, 0.20sec, #1
0020 and 0028: 778 matches, 0.19sec, #2
0005 and 0029: [672/814], H[189], 0.00sec
0016 and 0029: 111 matches, 0.09sec, #0
0020 and 0028: [677/778], H[104], 0.01sec
0016 and 0029: [80/111], H[45], 0.00sec
0017 and 0029: 125 matches, 0.10sec, #0
0017 and 0029: [78/125], H[26], 0.01sec
0006 and 0029: 854 matches, 0.19sec, #1
0021 and 0028: 433 matches, 0.19sec, #2
0018 and 0029: 158 matches, 0.10sec, #0
0006 and 0029: [760/854], H[126], 0.00sec
0021 and 0028: [367/433], H[66], 0.00sec
0018 and 0029: [99/158], H[36], 0.01sec
0019 and 0029: 237 matches, 0.11sec, #0
0019 and 0029: [158/237], H[77], 0.01sec
0020 and 0029: 353 matches, 0.11sec, #0
0007 and 0029: 658 matches, 0.25sec, #1
0020 and 0029: [286/353], H[28], 0.00sec
0024 and 0029: 983 matches, 0.26sec, #2
0007 and 0029: [555/658], H[64], 0.01sec
0024 and 0029: [845/983], H[141], 0.01sec
0021 and 0029: 231 matches, 0.12sec, #0
0021 and 0029: [185/231], H[21], 0.00sec
0008 and 0029: 545 matches, 0.20sec, #1
0008 and 0029: [423/545], H[136], 0.00sec
0025 and 0029: 876 matches, 0.12sec, #2
0022 and 0029: 571 matches, 0.10sec, #0
0025 and 0029: [786/876], H[149], 0.01sec
0022 and 0029: [504/571], H[98], 0.01sec
0023 and 0029: 662 matches, 0.11sec, #0
0023 and 0029: [579/662], H[112], 0.01sec
0009 and 0029: 351 matches, 0.21sec, #1
0026 and 0029: 1075 matches, 0.20sec, #2
0005 and 0030: 743 matches, 0.11sec, #0
0009 and 0029: [285/351], H[73], 0.00sec
0026 and 0029: [966/1075], H[207], 0.01sec
0005 and 0030: [611/743], H[272], 0.01sec
0006 and 0030: 543 matches, 0.12sec, #0
0006 and 0030: [465/543], H[156], 0.01sec
0010 and 0029: 377 matches, 0.18sec, #1
0027 and 0029: 1720 matches, 0.21sec, #2
0010 and 0029: [307/377], H[77], 0.00sec
0007 and 0030: 585 matches, 0.12sec, #0
0027 and 0029: [1543/1720], H[515], 0.01sec
0007 and 0030: [494/585], H[239], 0.01sec
0008 and 0030: 385 matches, 0.11sec, #0
0008 and 0030: [326/385], H[79], 0.01sec
0011 and 0029: 280 matches, 0.18sec, #1
0028 and 0029: 1127 matches, 0.20sec, #2
0011 and 0029: [227/280], H[72], 0.00sec
0028 and 0029: [986/1127], H[84], 0.01sec
0009 and 0030: 336 matches, 0.11sec, #0
0009 and 0030: [277/336], H[64], 0.01sec
0010 and 0030: 284 matches, 0.12sec, #0
0010 and 0030: [214/284], H[66], 0.01sec
0012 and 0029: 207 matches, 0.17sec, #1
0000 and 0030: 470 matches, 0.22sec, #2
0012 and 0029: [157/207], H[60], 0.00sec
0000 and 0030: [321/470], H[162], 0.00sec
0011 and 0030: 261 matches, 0.11sec, #0
0011 and 0030: [196/261], H[64], 0.01sec
0012 and 0030: 176 matches, 0.10sec, #0
0012 and 0030: [118/176], H[20], 0.01sec
0013 and 0029: 149 matches, 0.17sec, #1
0001 and 0030: 701 matches, 0.21sec, #2
0013 and 0030: 169 matches, 0.10sec, #0
0013 and 0029: [100/149], H[40], 0.00sec
0001 and 0030: [568/701], H[257], 0.00sec
0013 and 0030: [105/169], H[35], 0.00sec
0014 and 0030: 148 matches, 0.11sec, #0
0014 and 0030: [99/148], H[20], 0.01sec
0015 and 0030: 129 matches, 0.16sec, #1
0002 and 0030: 923 matches, 0.18sec, #2
0015 and 0030: [78/129], H[46], 0.00sec
0002 and 0030: [823/923], H[237], 0.00sec
0025 and 0030: 766 matches, 0.11sec, #0
0025 and 0030: [639/766], H[312], 0.01sec
0026 and 0030: 940 matches, 0.11sec, #0
0026 and 0030: [853/940], H[132], 0.01sec
0016 and 0030: 114 matches, 0.16sec, #1
0016 and 0030: [60/114], H[36], 0.01sec
0003 and 0030: 837 matches, 0.26sec, #2
0027 and 0030: 1313 matches, 0.11sec, #0
0003 and 0030: [767/837], H[432], 0.01sec
0027 and 0030: [1043/1313], H[222], 0.01sec
0017 and 0030: 123 matches, 0.16sec, #1
0017 and 0030: [62/123], H[32], 0.01sec
0028 and 0030: 1419 matches, 0.11sec, #0
0028 and 0030: [1272/1419], H[167], 0.01sec
0004 and 0030: 847 matches, 0.19sec, #2
0018 and 0030: 123 matches, 0.10sec, #1
0004 and 0030: [734/847], H[232], 0.01sec
0029 and 0030: 1495 matches, 0.11sec, #0
0018 and 0030: [69/123], H[8], 0.01sec
0029 and 0030: [1436/1495], H[664], 0.01sec
0000 and 0031: 759 matches, 0.10sec, #0
0000 and 0031: [576/759], H[180], 0.01sec
0019 and 0030: 145 matches, 0.19sec, #1
0005 and 0031: 1274 matches, 0.21sec, #2
0001 and 0031: 1241 matches, 0.09sec, #0
0019 and 0030: [105/145], H[56], 0.00sec
0005 and 0031: [1089/1274], H[200], 0.01sec
0001 and 0031: [1100/1241], H[674], 0.01sec
0002 and 0031: 1459 matches, 0.11sec, #0
0002 and 0031: [1345/1459], H[198], 0.01sec
0020 and 0030: 324 matches, 0.18sec, #1
0006 and 0031: 1055 matches, 0.18sec, #2
0020 and 0030: [249/324], H[57], 0.00sec
0003 and 0031: 1583 matches, 0.10sec, #0
0006 and 0031: [871/1055], H[111], 0.01sec
0003 and 0031: [1466/1583], H[668], 0.01sec
0004 and 0031: 1740 matches, 0.10sec, #0
0021 and 0030: 173 matches, 0.15sec, #1
0004 and 0031: [1585/1740], H[503], 0.02sec
0021 and 0030: [141/173], H[50], 0.00sec
0007 and 0031: 728 matches, 0.22sec, #2
0007 and 0031: [552/728], H[105], 0.01sec
0015 and 0031: 92 matches, 0.09sec, #0
0015 and 0031: [52/92], H[16], 0.01sec
0022 and 0030: 387 matches, 0.18sec, #1
0022 and 0030: [327/387], H[90], 0.01sec
0016 and 0031: 97 matches, 0.09sec, #0
0016 and 0031: [50/97], H[14], 0.01sec
0008 and 0031: 598 matches, 0.21sec, #2
0008 and 0031: [465/598], H[237], 0.01sec
0023 and 0030: 581 matches, 0.12sec, #1
0017 and 0031: 139 matches, 0.09sec, #0
0023 and 0030: [487/581], H[284], 0.01sec
0017 and 0031: [64/139], H[8], 0.09sec
0009 and 0031: 415 matches, 0.14sec, #2
0024 and 0030: 883 matches, 0.15sec, #1
0009 and 0031: [280/415], H[89], 0.01sec
0024 and 0030: [791/883], H[83], 0.01sec
0018 and 0031: 143 matches, 0.09sec, #0
0018 and 0031: [72/143], H[23], 0.04sec
0010 and 0031: 280 matches, 0.14sec, #2
0010 and 0031: [174/280], H[93], 0.01sec
0019 and 0031: 152 matches, 0.09sec, #0
0019 and 0031: [97/152], H[22], 0.01sec
0025 and 0031: 650 matches, 0.19sec, #1
0011 and 0031: 272 matches, 0.10sec, #2
0025 and 0031: [432/650], H[139], 0.01sec
0011 and 0031: [180/272], H[46], 0.01sec
0020 and 0031: 278 matches, 0.10sec, #0
0020 and 0031: [198/278], H[49], 0.00sec
0021 and 0031: 189 matches, 0.10sec, #0
0021 and 0031: [148/189], H[20], 0.00sec
0026 and 0031: 799 matches, 0.16sec, #1
0026 and 0031: [551/799], H[141], 0.01sec
0022 and 0031: 424 matches, 0.10sec, #0
0022 and 0031: [331/424], H[35], 0.01sec
0012 and 0031: 172 matches, 0.26sec, #2
0027 and 0031: 1188 matches, 0.09sec, #1
0012 and 0031: [105/172], H[21], 0.01sec
0023 and 0031: 507 matches, 0.10sec, #0
0027 and 0031: [802/1188], H[269], 0.01sec
0023 and 0031: [363/507], H[160], 0.00sec
0024 and 0031: 766 matches, 0.11sec, #0
0024 and 0031: [536/766], H[275], 0.01sec
0013 and 0031: 135 matches, 0.15sec, #2
0013 and 0031: [94/135], H[36], 0.00sec
0028 and 0031: 696 matches, 0.24sec, #1
0004 and 0032: 1656 matches, 0.10sec, #0
0028 and 0031: [490/696], H[156], 0.01sec
0004 and 0032: [1504/1656], H[453], 0.01sec
0014 and 0031: 168 matches, 0.13sec, #2
0014 and 0031: [92/168], H[39], 0.01sec
0005 and 0032: 1031 matches, 0.11sec, #0
0029 and 0031: 1412 matches, 0.12sec, #1
0029 and 0031: [1170/1412], H[345], 0.01sec
0005 and 0032: [906/1031], H[143], 0.04sec
0014 and 0032: 128 matches, 0.14sec, #2
0014 and 0032: [71/128], H[26], 0.01sec
0006 and 0032: 766 matches, 0.11sec, #0
0030 and 0031: 1670 matches, 0.14sec, #1
0006 and 0032: [634/766], H[253], 0.01sec
0030 and 0031: [1381/1670], H[809], 0.01sec
0007 and 0032: 659 matches, 0.11sec, #0
0015 and 0032: 71 matches, 0.14sec, #2
0007 and 0032: [518/659], H[115], 0.01sec
0015 and 0032: [34/71], H[9], 0.01sec
0000 and 0032: 1188 matches, 0.16sec, #1
0000 and 0032: [950/1188], H[288], 0.01sec
0016 and 0032: 72 matches, 0.09sec, #2
0008 and 0032: 482 matches, 0.11sec, #0
0008 and 0032: [334/482], H[38], 0.01sec
0016 and 0032: [36/72], H[14], 0.06sec
0001 and 0032: 1545 matches, 0.09sec, #1
0009 and 0032: 333 matches, 0.11sec, #0
0009 and 0032: [224/333], H[67], 0.01sec
0001 and 0032: [1301/1545], H[822], 0.04sec
0017 and 0032: 110 matches, 0.09sec, #2
0010 and 0032: 212 matches, 0.10sec, #0
0017 and 0032: [50/110], H[9], 0.02sec
0010 and 0032: [139/212], H[42], 0.01sec
0011 and 0032: 191 matches, 0.10sec, #0
0011 and 0032: [126/191], H[44], 0.01sec
0002 and 0032: 1765 matches, 0.15sec, #1
0002 and 0032: [1654/1765], H[500], 0.01sec
0018 and 0032: 112 matches, 0.15sec, #2
0012 and 0032: 136 matches, 0.09sec, #0
0018 and 0032: [54/112], H[9], 0.03sec
0012 and 0032: [77/136], H[34], 0.01sec
0013 and 0032: 131 matches, 0.09sec, #0
0013 and 0032: [64/131], H[20], 0.01sec
0003 and 0032: 1660 matches, 0.17sec, #1
0019 and 0032: 119 matches, 0.14sec, #2
0024 and 0032: 529 matches, 0.10sec, #0
0003 and 0032: [1352/1660], H[640], 0.01sec
0024 and 0032: [330/529], H[184], 0.01sec
0019 and 0032: [64/119], H[12], 0.01sec
0025 and 0032: 431 matches, 0.12sec, #0
0025 and 0032: [293/431], H[129], 0.01sec
0002 and 0033: 1545 matches, 0.16sec, #1
0002 and 0033: [1454/1545], H[844], 0.01sec
0020 and 0032: 227 matches, 0.18sec, #2
0026 and 0032: 569 matches, 0.10sec, #0
0020 and 0032: [136/227], H[53], 0.01sec
0026 and 0032: [344/569], H[246], 0.01sec
0027 and 0032: 682 matches, 0.10sec, #0
0027 and 0032: [418/682], H[86], 0.01sec
0003 and 0033: 1284 matches, 0.17sec, #1
0021 and 0032: 165 matches, 0.16sec, #2
0028 and 0032: 428 matches, 0.11sec, #0
0003 and 0033: [1167/1284], H[694], 0.01sec
0021 and 0032: [122/165], H[29], 0.00sec
0028 and 0032: [273/428], H[88], 0.00sec
0029 and 0032: 941 matches, 0.11sec, #0
0029 and 0032: [662/941], H[166], 0.01sec
0004 and 0033: 963 matches, 0.17sec, #1
0022 and 0032: 305 matches, 0.19sec, #2
0030 and 0032: 1022 matches, 0.11sec, #0
0004 and 0033: [806/963], H[236], 0.00sec
0022 and 0032: [193/305], H[154], 0.00sec
0030 and 0032: [779/1022], H[239], 0.01sec
0031 and 0032: 2805 matches, 0.11sec, #0
0031 and 0032: [2554/2805], H[1455], 0.02sec
0023 and 0032: 342 matches, 0.20sec, #2
0005 and 0033: 660 matches, 0.22sec, #1
0023 and 0032: [235/342], H[152], 0.00sec
0005 and 0033: [530/660], H[130], 0.00sec
0000 and 0033: 1051 matches, 0.10sec, #0
0000 and 0033: [836/1051], H[152], 0.03sec
0001 and 0033: 1281 matches, 0.09sec, #0
0001 and 0033: [1048/1281], H[360], 0.01sec
0012 and 0033: 122 matches, 0.17sec, #2
0012 and 0033: [74/122], H[36], 0.01sec
0022 and 0033: 207 matches, 0.09sec, #0
0006 and 0033: 631 matches, 0.26sec, #1
0022 and 0033: [137/207], H[106], 0.00sec
0006 and 0033: [519/631], H[173], 0.01sec
0013 and 0033: 93 matches, 0.19sec, #2
0023 and 0033: 254 matches, 0.10sec, #0
0013 and 0033: [56/93], H[26], 0.01sec
0023 and 0033: [176/254], H[119], 0.00sec
0007 and 0033: 419 matches, 0.14sec, #1
0014 and 0033: 93 matches, 0.09sec, #2
0007 and 0033: [296/419], H[102], 0.00sec
0014 and 0033: [54/93], H[21], 0.01sec
0024 and 0033: 405 matches, 0.11sec, #0
0024 and 0033: [255/405], H[161], 0.01sec
0025 and 0033: 336 matches, 0.10sec, #0
0025 and 0033: [234/336], H[139], 0.01sec
0008 and 0033: 298 matches, 0.17sec, #1
0008 and 0033: [206/298], H[52], 0.01sec
0015 and 0033: 72 matches, 0.19sec, #2
0026 and 0033: 415 matches, 0.11sec, #0
0026 and 0033: [282/415], H[111], 0.01sec
0015 and 0033: [34/72], H[15], 0.02sec
0027 and 0033: 704 matches, 0.11sec, #0
0027 and 0033: [510/704], H[309], 0.00sec
0009 and 0033: 231 matches, 0.17sec, #1
0009 and 0033: [161/231], H[79], 0.00sec
0016 and 0033: 68 matches, 0.15sec, #2
0028 and 0033: 440 matches, 0.10sec, #0
0028 and 0033: [298/440], H[31], 0.01sec
0016 and 0033: [34/68], H[25], 0.01sec
0029 and 0033: 829 matches, 0.10sec, #0
0029 and 0033: [592/829], H[247], 0.01sec
0010 and 0033: 209 matches, 0.14sec, #1
0010 and 0033: [145/209], H[45], 0.00sec
0030 and 0033: 1037 matches, 0.10sec, #0
0017 and 0033: 102 matches, 0.22sec, #2
0030 and 0033: [795/1037], H[184], 0.01sec
0017 and 0033: [44/102], H[16], 0.02sec
0011 and 0033: 166 matches, 0.12sec, #1
0031 and 0033: 1581 matches, 0.10sec, #0
0011 and 0033: [109/166], H[40], 0.01sec
0031 and 0033: [1299/1581], H[575], 0.01sec
0009 and 0034: 238 matches, 0.10sec, #0
0018 and 0033: 92 matches, 0.14sec, #2
0009 and 0034: [161/238], H[37], 0.01sec
0018 and 0033: [48/92], H[16], 0.01sec
0032 and 0033: 2137 matches, 0.20sec, #1
0019 and 0033: 116 matches, 0.09sec, #2
0010 and 0034: 186 matches, 0.10sec, #0
0032 and 0033: [2009/2137], H[1404], 0.02sec
0019 and 0033: [63/116], H[22], 0.01sec
0010 and 0034: [111/186], H[23], 0.01sec
0011 and 0034: 171 matches, 0.11sec, #0
0000 and 0034: 1767 matches, 0.14sec, #1
0011 and 0034: [97/171], H[26], 0.01sec
0000 and 0034: [1434/1767], H[266], 0.01sec
0020 and 0033: 165 matches, 0.16sec, #2
0020 and 0033: [109/165], H[61], 0.01sec
0012 and 0034: 113 matches, 0.09sec, #0
0012 and 0034: [58/113], H[14], 0.01sec
0001 and 0034: 1814 matches, 0.15sec, #1
0021 and 0033: 107 matches, 0.09sec, #2
0021 and 0033: [69/107], H[28], 0.00sec
0001 and 0034: [1653/1814], H[729], 0.01sec
0013 and 0034: 86 matches, 0.09sec, #0
0013 and 0034: [42/86], H[21], 0.03sec
0014 and 0034: 116 matches, 0.09sec, #0
0019 and 0034: 89 matches, 0.13sec, #2
0019 and 0034: [42/89], H[10], 0.01sec
0014 and 0034: [50/116], H[26], 0.02sec
0002 and 0034: 1972 matches, 0.16sec, #1
0002 and 0034: [1797/1972], H[1053], 0.02sec
0020 and 0034: 158 matches, 0.09sec, #2
0015 and 0034: 75 matches, 0.10sec, #0
0020 and 0034: [93/158], H[42], 0.01sec
0015 and 0034: [29/75], H[8], 0.05sec
0003 and 0034: 1374 matches, 0.16sec, #1
0016 and 0034: 64 matches, 0.09sec, #0
0003 and 0034: [1222/1374], H[201], 0.01sec
0021 and 0034: 101 matches, 0.16sec, #2
0016 and 0034: [32/64], H[7], 0.01sec
0021 and 0034: [69/101], H[24], 0.00sec
0017 and 0034: 112 matches, 0.10sec, #0
0004 and 0034: 1172 matches, 0.17sec, #1
0017 and 0034: [53/112], H[17], 0.06sec
0004 and 0034: [973/1172], H[85], 0.01sec
0022 and 0034: 210 matches, 0.19sec, #2
0022 and 0034: [135/210], H[74], 0.01sec
0018 and 0034: 105 matches, 0.10sec, #0
0018 and 0034: [50/105], H[18], 0.02sec
0005 and 0034: 669 matches, 0.15sec, #1
0023 and 0034: 253 matches, 0.12sec, #2
0029 and 0034: 550 matches, 0.10sec, #0
0005 and 0034: [520/669], H[261], 0.00sec
0023 and 0034: [157/253], H[82], 0.00sec
0029 and 0034: [378/550], H[64], 0.00sec
0030 and 0034: 714 matches, 0.12sec, #0
0030 and 0034: [473/714], H[204], 0.01sec
0006 and 0034: 485 matches, 0.17sec, #1
0006 and 0034: [347/485], H[159], 0.01sec
0024 and 0034: 323 matches, 0.22sec, #2
0031 and 0034: 1669 matches, 0.10sec, #0
0024 and 0034: [202/323], H[17], 0.01sec
0031 and 0034: [1304/1669], H[273], 0.01sec
0032 and 0034: 2484 matches, 0.10sec, #0
0032 and 0034: [2153/2484], H[761], 0.02sec
0007 and 0034: 434 matches, 0.19sec, #1
0025 and 0034: 285 matches, 0.18sec, #2
0033 and 0034: 2094 matches, 0.09sec, #0
0007 and 0034: [291/434], H[113], 0.00sec
0025 and 0034: [184/285], H[36], 0.00sec
0033 and 0034: [2002/2094], H[821], 0.01sec
0000 and 0035: 1849 matches, 0.11sec, #0
0000 and 0035: [1608/1849], H[313], 0.01sec
0008 and 0034: 325 matches, 0.18sec, #1
0008 and 0034: [215/325], H[43], 0.01sec
0026 and 0034: 368 matches, 0.20sec, #2
0001 and 0035: 1804 matches, 0.09sec, #0
0026 and 0034: [221/368], H[40], 0.01sec
0001 and 0035: [1667/1804], H[1051], 0.01sec
0002 and 0035: 1936 matches, 0.10sec, #0
0002 and 0035: [1813/1936], H[738], 0.02sec
0005 and 0035: 658 matches, 0.18sec, #1
0027 and 0034: 451 matches, 0.18sec, #2
0005 and 0035: [514/658], H[273], 0.00sec
0027 and 0034: [264/451], H[128], 0.01sec
0003 and 0035: 1281 matches, 0.10sec, #0
0003 and 0035: [1161/1281], H[366], 0.01sec
0004 and 0035: 1100 matches, 0.10sec, #0
0004 and 0035: [879/1100], H[191], 0.01sec
0006 and 0035: 436 matches, 0.17sec, #1
0006 and 0035: [302/436], H[73], 0.00sec
0028 and 0034: 304 matches, 0.18sec, #2
0028 and 0034: [188/304], H[63], 0.01sec
0015 and 0035: 58 matches, 0.09sec, #0
0015 and 0035: [25/58], H[5], 0.04sec
0007 and 0035: 408 matches, 0.16sec, #1
0007 and 0035: [278/408], H[112], 0.00sec
0016 and 0035: 62 matches, 0.09sec, #0
0016 and 0035: [26/62], H[6], 0.04sec
0025 and 0035: 292 matches, 0.19sec, #2
0025 and 0035: [195/292], H[47], 0.00sec
0008 and 0035: 325 matches, 0.10sec, #1
0008 and 0035: [208/325], H[81], 0.00sec
0017 and 0035: 92 matches, 0.09sec, #0
0017 and 0035: [38/92], H[18], 0.06sec
0026 and 0035: 352 matches, 0.14sec, #2
0018 and 0035: 113 matches, 0.09sec, #0
0026 and 0035: [229/352], H[138], 0.00sec
0009 and 0035: 228 matches, 0.18sec, #1
0009 and 0035: [145/228], H[25], 0.01sec
0018 and 0035: [45/113], H[20], 0.03sec
0019 and 0035: 92 matches, 0.09sec, #0
0019 and 0035: [45/92], H[26], 0.01sec
0027 and 0035: 483 matches, 0.15sec, #2
0027 and 0035: [305/483], H[181], 0.01sec
0010 and 0035: 147 matches, 0.18sec, #1
0020 and 0035: 170 matches, 0.09sec, #0
0010 and 0035: [88/147], H[40], 0.02sec
0020 and 0035: [101/170], H[33], 0.01sec
0021 and 0035: 100 matches, 0.09sec, #0
0021 and 0035: [60/100], H[38], 0.00sec
0028 and 0035: 297 matches, 0.20sec, #2
0028 and 0035: [191/297], H[86], 0.00sec
0011 and 0035: 164 matches, 0.12sec, #1
0022 and 0035: 196 matches, 0.09sec, #0
0011 and 0035: [86/164], H[27], 0.01sec
0022 and 0035: [121/196], H[42], 0.01sec
0023 and 0035: 242 matches, 0.10sec, #0
0023 and 0035: [150/242], H[41], 0.01sec
0029 and 0035: 523 matches, 0.18sec, #2
0012 and 0035: 101 matches, 0.16sec, #1
0029 and 0035: [360/523], H[68], 0.00sec
0024 and 0035: 334 matches, 0.10sec, #0
0012 and 0035: [46/101], H[19], 0.01sec
0024 and 0035: [227/334], H[153], 0.01sec
0033 and 0035: 1803 matches, 0.10sec, #0
0033 and 0035: [1698/1803], H[622], 0.02sec
0030 and 0035: 708 matches, 0.14sec, #2
0030 and 0035: [492/708], H[231], 0.01sec
0013 and 0035: 90 matches, 0.15sec, #1
0034 and 0035: 3170 matches, 0.10sec, #0
0034 and 0035: [2971/3170], H[1407], 0.02sec
0013 and 0035: [36/90], H[14], 0.04sec
0031 and 0035: 1603 matches, 0.12sec, #2
0031 and 0035: [1285/1603], H[854], 0.01sec
0014 and 0035: 108 matches, 0.11sec, #1
0032 and 0035: 2184 matches, 0.10sec, #2
0014 and 0035: [46/108], H[18], 0.02sec
0032 and 0035: [1999/2184], H[718], 0.01sec

###########-------timing------#########
630 Image Match finished, 38 sec used
#############################

----------------------------------------------------------------
Compute Missing Pairwise Matching, finished
Totally 45.000 seconds used


Run full 3D reconstruction, begin...
622 pairs have two-view models
630 pairs have fundamental matrices
Initialize with sofa (32) and sofa (35)
1304 3D points initialized from two images
PBA library version = 105
PBA: 1304 3D pts, 2 cams and 2608 projs...
PBA: 15.235 -> 0.025 (1 LMs in 0.13sec)
Focal Length : [429.563]->[429.563]
Focal Length : [429.563]->[429.563]

#############################
#3: [sofa (33)] sees 1730 (+2519) 3D points
Estimated Focal Length [430][0.67W]
# 3629 projs (1283 pts and 0 merges)
PBA: 2587 3D pts, 3 cams and 6237 projs...
PBA: 0.177 -> 0.113 (1 LMs in 0.00sec)

**************************************
#3/3:  4098 projs and 1340 pts added.
PBA: 2642 3D pts, 3 cams and 6702 projs...
PBA: 0.314 -> 0.117 (1 LMs in 0.01sec)
PBA: 2642 3D pts, 3 cams and 6702 projs...
PBA: 0.117 -> 0.110 (1 LMs in 0.01sec)
Focal Length : [429.563]->[429.563]
Radial Distortion : [0.000 -> 0]

#############################
#4: [sofa (36)] sees 3679 (+2228) 3D points
Estimated Focal Length [430][0.67W]
# 3545 projs (784 pts and 28 merges)
PBA: 3395 3D pts, 4 cams and 10241 projs...
PBA: 0.401 -> 0.242 (4 LMs in 0.12sec)
#points w/ large errors:	5
Focal Length : [429.563]->[429.563]
Radial Distortion : [0.000 -> 0]

#############################
#5: [sofa (3)] sees 4050 (+1813) 3D points
Estimated Focal Length [430][0.67W]
# 1595 projs (0 pts and 5 merges)
PBA: 3381 3D pts, 5 cams and 11815 projs...
PBA: 0.647 -> 0.322 (64 LMs in 0.20sec)
#points w/ large errors:	9

**************************************
#5/5:  4946 projs and 1328 pts added.
PBA: 4700 3D pts, 5 cams and 15140 projs...
PBA: 0.620 -> 0.326 (37 LMs in 0.13sec)
#points w/ large errors:	1
PBA: 4699 3D pts, 5 cams and 15137 projs...
PBA: 0.326 -> 0.320 (22 LMs in 0.12sec)
Focal Length : [429.563]->[429.563]
Radial Distortion : [0.000 -> 0]

#############################
#6: [sofa (2)] sees 5851 (+1676) 3D points
Estimated Focal Length [430][0.67W]
# 2243 projs (0 pts and 7 merges)
PBA: 4678 3D pts, 6 cams and 17352 projs...
PBA: 0.834 -> 0.447 (30 LMs in 0.29sec)
#points w/ large errors:	15
Focal Length : [429.563]->[429.563]
Radial Distortion : [0.000 -> 0]

#############################
#7: [sofa (4)] sees 6032 (+1610) 3D points
Estimated Focal Length [430][0.67W]
# 4473 projs (1088 pts and 74 merges)
PBA: 5666 3D pts, 7 cams and 21759 projs...
PBA: 0.742 -> 0.621 (23 LMs in 0.04sec)
#points w/ large errors:	25

**************************************
#7/7:  6887 projs and 1891 pts added.
PBA: 6410 3D pts, 7 cams and 24065 projs...
PBA: 0.598 -> 0.445 (21 LMs in 0.17sec)
PBA: 6410 3D pts, 7 cams and 24065 projs...
PBA: 0.445 -> 0.445 (12 LMs in 0.11sec)
Focal Length : [429.563]->[429.563]
Radial Distortion : [0.000 -> 0]

#############################
#8: [sofa (5)] sees 7608 (+1660) 3D points
Estimated Focal Length [430][0.67W]
# 4631 projs (898 pts and 123 merges)
PBA: 5381 3D pts, 8 cams and 25088 projs...
PBA: 1.004 -> 0.548 (27 LMs in 0.14sec)
#points w/ large errors:	29
Focal Length : [429.563]->[429.563]
Radial Distortion : [0.000 -> 0]

#############################
#9: [sofa (34)] sees 9816 (+1372) 3D points
Estimated Focal Length [430][0.67W]
# 3683 projs (356 pts and 84 merges)
PBA: 5423 3D pts, 9 cams and 28276 projs...
PBA: 0.606 -> 0.557 (18 LMs in 0.16sec)
#points w/ large errors:	17

**************************************
#9/9:  4044 projs and 394 pts added.
PBA: 7387 3D pts, 9 cams and 32461 projs...
PBA: 0.479 -> 0.474 (16 LMs in 0.11sec)
#points w/ large errors:	1
PBA: 7386 3D pts, 9 cams and 32455 projs...
PBA: 0.477 -> 0.477 (13 LMs in 0.11sec)
Focal Length : [429.563]->[429.563]
Radial Distortion : [0.000 -> 0]

#############################
#10: [sofa (6)] sees 6817 (+1447) 3D points
Estimated Focal Length [430][0.67W]
# 2362 projs (0 pts and 26 merges)
PBA: 5470 3D pts, 10 cams and 31037 projs...
PBA: 0.974 -> 0.769 (19 LMs in 0.19sec)
#points w/ large errors:	49
Focal Length : [429.563]->[429.563]
Radial Distortion : [0.000 -> 0]

#############################
#11: [sofa (7)] sees 6051 (+1864) 3D points
Estimated Focal Length [430][0.67W]
# 1971 projs (0 pts and 10 merges)
PBA: 5507 3D pts, 11 cams and 32958 projs...
PBA: 1.156 -> 0.770 (17 LMs in 0.15sec)
#points w/ large errors:	25
Focal Length : [429.563]->[429.563]
Radial Distortion : [0.000 -> 0]

#############################
#12: [sofa (8)] sees 6207 (+2454) 3D points
Estimated Focal Length [430][0.67W]
# 1949 projs (0 pts and 10 merges)
PBA: 5529 3D pts, 12 cams and 34869 projs...
PBA: 1.121 -> 0.888 (39 LMs in 0.50sec)
#points w/ large errors:	23

**************************************
#12/12:  8300 projs and 2341 pts added.
PBA: 9468 3D pts, 12 cams and 44370 projs...
PBA: 0.928 -> 0.836 (19 LMs in 0.13sec)
#points w/ large errors:	6
PBA: 9462 3D pts, 12 cams and 44324 projs...
PBA: 0.839 -> 0.839 (14 LMs in 0.11sec)
Focal Length : [429.563]->[429.563]
Radial Distortion : [0.000 -> 0]

#############################
#13: [sofa (9)] sees 7814 (+1961) 3D points
Estimated Focal Length [430][0.67W]
# 2675 projs (0 pts and 37 merges)
PBA: 6865 3D pts, 13 cams and 41879 projs...
PBA: 1.183 -> 0.869 (69 LMs in 0.30sec)
#points w/ large errors:	121
Focal Length : [429.563]->[429.563]
Radial Distortion : [0.000 -> 0]

#############################
#14: [sofa (10)] sees 6838 (+1930) 3D points
Estimated Focal Length [430][0.67W]
# 2203 projs (0 pts and 15 merges)
PBA: 6859 3D pts, 14 cams and 43642 projs...
PBA: 0.890 -> 0.641 (26 LMs in 0.23sec)
#points w/ large errors:	56
Focal Length : [429.563]->[429.563]
Radial Distortion : [0.000 -> 0]

#############################
#15: [sofa (11)] sees 4700 (+1712) 3D points
Estimated Focal Length [430][0.67W]
# 4459 projs (1162 pts and 21 merges)
PBA: 7958 3D pts, 15 cams and 47754 projs...
PBA: 0.691 -> 0.589 (18 LMs in 0.22sec)
#points w/ large errors:	30
Focal Length : [429.563]->[429.563]
Radial Distortion : [0.000 -> 0]

#############################
#16: [sofa (12)] sees 6612 (+1825) 3D points
Estimated Focal Length [430][0.67W]
# 4857 projs (1111 pts and 69 merges)
PBA: 8635 3D pts, 16 cams and 51733 projs...
PBA: 0.750 -> 0.617 (32 LMs in 0.22sec)
#points w/ large errors:	41

**************************************
#16/16:  9173 projs and 2545 pts added.
PBA: 12493 3D pts, 16 cams and 60897 projs...
PBA: 0.745 -> 0.660 (24 LMs in 0.18sec)
#points w/ large errors:	1
PBA: 12492 3D pts, 16 cams and 60890 projs...
PBA: 0.652 -> 0.652 (17 LMs in 0.15sec)
Focal Length : [429.563]->[429.563]
Radial Distortion : [0.000 -> 0]

#############################
#17: [sofa (1)] sees 7854 (+1336) 3D points
Estimated Focal Length [430][0.67W]
# 2393 projs (0 pts and 30 merges)
PBA: 8779 3D pts, 17 cams and 55917 projs...
PBA: 1.164 -> 0.915 (13 LMs in 0.12sec)
#points w/ large errors:	183
Focal Length : [429.563]->[429.563]
Radial Distortion : [0.000 -> 0]

#############################
#18: [sofa (31)] sees 8212 (+1072) 3D points
Estimated Focal Length [430][0.67W]
# 3394 projs (543 pts and 82 merges)
PBA: 9203 3D pts, 18 cams and 58831 projs...
PBA: 0.889 -> 0.778 (23 LMs in 0.15sec)
#points w/ large errors:	81
Focal Length : [429.563]->[429.563]
Radial Distortion : [0.000 -> 0]

#############################
#19: [sofa (30)] sees 8817 (+1290) 3D points
Estimated Focal Length [430][0.67W]
# 2312 projs (0 pts and 40 merges)
PBA: 8882 3D pts, 19 cams and 60202 projs...
PBA: 1.093 -> 0.754 (13 LMs in 0.26sec)
#points w/ large errors:	61
Focal Length : [429.563]->[429.563]
Radial Distortion : [0.000 -> 0]

#############################
#20: [sofa (28)] sees 9394 (+1460) 3D points
Estimated Focal Length [430][0.67W]
# 2485 projs (0 pts and 73 merges)
PBA: 8900 3D pts, 20 cams and 62584 projs...
PBA: 0.997 -> 0.806 (22 LMs in 0.24sec)
#points w/ large errors:	57
Focal Length : [429.563]->[429.563]
Radial Distortion : [0.000 -> 0]

#############################
#21: [sofa (27)] sees 9623 (+1916) 3D points
Estimated Focal Length [430][0.67W]
# 6804 projs (1846 pts and 135 merges)
SKIP: 0 cams, 1 points, 452 projs
PBA: 13969 3D pts, 20 cams and 75832 projs...
PBA: 0.860 -> 0.711 (5 LMs in 0.07sec)
#points w/ large errors:	48

**************************************
#21/21:  13063 projs and 4095 pts added.
PBA: 16036 3D pts, 21 cams and 81667 projs...
PBA: 0.884 -> 0.783 (21 LMs in 0.15sec)
#points w/ large errors:	10
PBA: 16027 3D pts, 21 cams and 81605 projs...
PBA: 0.797 -> 0.796 (19 LMs in 0.13sec)
#points w/ large errors:	1
Focal Length : [429.563]->[429.563]
Radial Distortion : [0.000 -> 0]

#############################
#22: [sofa (25)] sees 13514 (+1901) 3D points
Estimated Focal Length [430][0.67W]
# 3804 projs (0 pts and 121 merges)
SKIP: 0 cams, 174 points, 92 projs
PBA: 15780 3D pts, 20 cams and 85149 projs...
PBA: 0.977 -> 0.864 (5 LMs in 0.03sec)
#points w/ large errors:	169
Focal Length : [429.563]->[429.563]
Radial Distortion : [0.000 -> 0]

#############################
#23: [sofa (26)] sees 15086 (+2026) 3D points
Estimated Focal Length [430][0.67W]
# 5445 projs (687 pts and 191 merges)
SKIP: 0 cams, 248 points, 1155 projs
PBA: 15949 3D pts, 20 cams and 89509 projs...
PBA: 0.961 -> 0.808 (5 LMs in 0.03sec)
#points w/ large errors:	46
Focal Length : [429.563]->[429.563]
Radial Distortion : [0.000 -> 0]

#############################
#24: [sofa (24)] sees 16646 (+1623) 3D points
Estimated Focal Length [430][0.67W]
# 5172 projs (611 pts and 202 merges)
SKIP: 0 cams, 415 points, 1134 projs
PBA: 16102 3D pts, 20 cams and 93877 projs...
PBA: 0.953 -> 0.833 (5 LMs in 0.02sec)
#points w/ large errors:	99
Focal Length : [429.563]->[429.563]
Radial Distortion : [0.000 -> 0]

#############################
#25: [sofa (29)] sees 16511 (+1647) 3D points
Estimated Focal Length [430][0.67W]
# 3476 projs (0 pts and 65 merges)
SKIP: 0 cams, 849 points, 2082 projs
PBA: 15655 3D pts, 20 cams and 96022 projs...
PBA: 1.073 -> 0.810 (5 LMs in 0.02sec)
#points w/ large errors:	68
Focal Length : [429.563]->[429.563]
Radial Distortion : [0.000 -> 0]

#############################
#26: [sofa (23)] sees 15873 (+1353) 3D points
Estimated Focal Length [430][0.67W]
# 3210 projs (0 pts and 60 merges)
PBA: 11338 3D pts, 26 cams and 90649 projs...
PBA: 1.016 -> 0.847 (27 LMs in 0.22sec)
#points w/ large errors:	89
Focal Length : [429.563]->[429.563]
Radial Distortion : [0.000 -> 0]

#############################
#27: [sofa (21)] sees 14358 (+1438) 3D points
Estimated Focal Length [430][0.67W]
# 2984 projs (0 pts and 36 merges)
SKIP: 0 cams, 1844 points, 3997 projs
PBA: 14645 3D pts, 20 cams and 99192 projs...
PBA: 1.102 -> 0.846 (5 LMs in 0.04sec)
#points w/ large errors:	70

**************************************
#27/27:  10324 projs and 2244 pts added.
PBA: 17873 3D pts, 27 cams and 108890 projs...
PBA: 1.056 -> 0.962 (15 LMs in 0.14sec)
#points w/ large errors:	14
PBA: 17859 3D pts, 27 cams and 108795 projs...
PBA: 0.948 -> 0.948 (14 LMs in 0.15sec)
#points w/ large errors:	1
Focal Length : [429.563]->[429.563]
Radial Distortion : [0.000 -> 0]

#############################
#28: [sofa (13)] sees 8313 (+1052) 3D points
Estimated Focal Length [430][0.67W]
# 2140 projs (0 pts and 22 merges)
SKIP: 0 cams, 1842 points, 4675 projs
PBA: 15985 3D pts, 20 cams and 106130 projs...
PBA: 1.088 -> 0.990 (5 LMs in 0.12sec)
#points w/ large errors:	312
Focal Length : [429.563]->[429.563]
Radial Distortion : [0.000 -> 0]

#############################
#29: [sofa (14)] sees 7536 (+1285) 3D points
Estimated Focal Length [430][0.67W]
# 4736 projs (1236 pts and 33 merges)
SKIP: 0 cams, 2288 points, 8516 projs
PBA: 16350 3D pts, 20 cams and 107006 projs...
PBA: 0.838 -> 0.786 (5 LMs in 0.05sec)
#points w/ large errors:	58
Focal Length : [429.563]->[429.563]
Radial Distortion : [0.000 -> 0]

#############################
#30: [sofa (15)] sees 9904 (+1337) 3D points
Estimated Focal Length [430][0.67W]
# 4506 projs (828 pts and 129 merges)
SKIP: 0 cams, 2585 points, 8046 projs
PBA: 16680 3D pts, 20 cams and 110142 projs...
PBA: 0.898 -> 0.819 (5 LMs in 0.06sec)
#points w/ large errors:	47
Focal Length : [429.563]->[429.563]
Radial Distortion : [0.000 -> 0]

#############################
#31: [sofa (19)] sees 9433 (+1115) 3D points
Estimated Focal Length [430][0.67W]
# 2423 projs (0 pts and 47 merges)
SKIP: 0 cams, 2929 points, 8540 projs
PBA: 16290 3D pts, 20 cams and 111445 projs...
PBA: 0.967 -> 0.844 (5 LMs in 0.04sec)
#points w/ large errors:	105
Focal Length : [429.563]->[429.563]
Radial Distortion : [0.000 -> 0]

#############################
#32: [sofa (18)] sees 10316 (+1569) 3D points
Estimated Focal Length [430][0.67W]
# 2486 projs (0 pts and 45 merges)
PBA: 12979 3D pts, 32 cams and 109671 projs...
PBA: 1.204 -> 0.924 (25 LMs in 0.32sec)
#points w/ large errors:	51
Focal Length : [429.563]->[429.563]
Radial Distortion : [0.000 -> 0]

#############################
#33: [sofa (16)] sees 9647 (+1232) 3D points
Estimated Focal Length [430][0.67W]
# 2214 projs (0 pts and 22 merges)
SKIP: 0 cams, 4052 points, 11518 projs
PBA: 15180 3D pts, 20 cams and 112297 projs...
PBA: 0.943 -> 0.884 (5 LMs in 0.04sec)
#points w/ large errors:	45
Focal Length : [429.563]->[429.563]
Radial Distortion : [0.000 -> 0]

#############################
#34: [sofa (17)] sees 9348 (+1483) 3D points
Estimated Focal Length [430][0.67W]
# 2057 projs (0 pts and 12 merges)
SKIP: 0 cams, 4621 points, 13064 projs
PBA: 14611 3D pts, 20 cams and 112384 projs...
PBA: 0.991 -> 0.898 (5 LMs in 0.17sec)
#points w/ large errors:	24

**************************************
#34/34:  10307 projs and 2687 pts added.
PBA: 21231 3D pts, 34 cams and 133049 projs...
PBA: 1.066 -> 0.961 (17 LMs in 0.10sec)
#points w/ large errors:	6
PBA: 21225 3D pts, 34 cams and 133003 projs...
PBA: 0.966 -> 0.965 (15 LMs in 0.18sec)
Focal Length : [429.563]->[429.563]
Radial Distortion : [0.000 -> 0]

#############################
#35: [sofa (22)] sees 13925 (+985) 3D points
Estimated Focal Length [430][0.67W]
# 2582 projs (0 pts and 67 merges)
SKIP: 0 cams, 4518 points, 13579 projs
PBA: 16666 3D pts, 20 cams and 121900 projs...
PBA: 1.327 -> 1.104 (5 LMs in 0.04sec)
#points w/ large errors:	275
Focal Length : [429.563]->[429.563]
Radial Distortion : [0.000 -> 0]

#############################
#36: [sofa (20)] sees 13705 (+1061) 3D points
Estimated Focal Length [430][0.67W]
# 2567 projs (0 pts and 82 merges)
SKIP: 0 cams, 5330 points, 16532 projs
PBA: 15863 3D pts, 20 cams and 121522 projs...
PBA: 1.153 -> 1.043 (5 LMs in 0.19sec)
#points w/ large errors:	46
Focal Length : [429.563]->[429.563]
Radial Distortion : [0.000 -> 0]
END: No more images to add [0 projs]

#############################
Failed to find two images for initialization
Resuming SfM finished, 10 sec used

---------------------------------------------------
36 cams, 21238 pts (3+: 14117)
136612 projections (3+: 123034)
---------------------------------------------------
1 model(s) reconstructed from 36 images;
36 modeled; 0 reused; 0 EXIF; 
5MB(5) used to store feature location.
---------------------------------------------------

########-------timing------#########
Structure-From-Motion finished, 10 sec used
8.0(6.9) seconds on Bundle Adjustment (+)
7.3(6.4) seconds on Bundle Adjustment (*)
#############################
----------------------------------------------------------------
Run full 3D reconstruction, finished
Totally 10.000 seconds used


Run dense reconstruction, begin...
Save to 3+4.nvm ... done

#############################
Undistorting 36 images in model #0
param_undistortion_thread_num = 0
NOTE: using 16 threads...
#01: sofa (33) -> 00000002.jpg, 0.010 sec
#00: sofa (32) -> 00000000.jpg, 0.010 sec
#02: sofa (3) -> 00000004.jpg, 0.011 sec
#15: sofa (28) -> 00000019.jpg, 0.012 sec
#08: sofa (5) -> 00000007.jpg, 0.012 sec
#13: sofa (10) -> 00000013.jpg, 0.012 sec
#06: sofa (4) -> 00000006.jpg, 0.012 sec
#09: sofa (6) -> 00000009.jpg, 0.013 sec
#11: sofa (8) -> 00000011.jpg, 0.013 sec
#12: sofa (9) -> 00000012.jpg, 0.013 sec
#10: sofa (7) -> 00000010.jpg, 0.014 sec
#04: sofa (31) -> 00000017.jpg, 0.014 sec
#05: sofa (25) -> 00000021.jpg, 0.015 sec
#03: sofa (12) -> 00000015.jpg, 0.015 sec
#14: sofa (11) -> 00000014.jpg, 0.015 sec
#07: sofa (30) -> 00000018.jpg, 0.016 sec
#01: sofa (36) -> 00000003.jpg, 0.003 sec
#00: sofa (35) -> 00000001.jpg, 0.002 sec
#02: sofa (2) -> 00000005.jpg, 0.002 sec
#15: sofa (27) -> 00000020.jpg, 0.002 sec
#08: sofa (34) -> 00000008.jpg, 0.002 sec
#13: sofa (26) -> 00000022.jpg, 0.002 sec
#06: sofa (29) -> 00000024.jpg, 0.002 sec
#09: sofa (21) -> 00000026.jpg, 0.002 sec
#11: sofa (14) -> 00000028.jpg, 0.002 sec
#12: sofa (19) -> 00000030.jpg, 0.002 sec
#10: sofa (16) -> 00000032.jpg, 0.002 sec
#04: sofa (22) -> 00000034.jpg, 0.002 sec
#03: sofa (1) -> 00000016.jpg, 0.003 sec
#13: sofa (24) -> 00000023.jpg, 0.002 sec
#06: sofa (23) -> 00000025.jpg, 0.003 sec
#09: sofa (13) -> 00000027.jpg, 0.002 sec
#11: sofa (15) -> 00000029.jpg, 0.002 sec
#12: sofa (18) -> 00000031.jpg, 0.003 sec
#10: sofa (17) -> 00000033.jpg, 0.002 sec
#04: sofa (20) -> 00000035.jpg, 0.003 sec
----------------------------------------------------------------
Running Yasutaka Furukawa's CMVS tool...
cmvs C:\Users\86186\Desktop\VisualSFM_windows_cuda_64bit\\3+4\1\3+4.nvm.cmvs\00\ 50 16
genOption C:\Users\86186\Desktop\VisualSFM_windows_cuda_64bit\\3+4\1\3+4.nvm.cmvs\00\ 1 2 0.700000 7 3 16
1 cluster is generated for pmvs reconstruction.
pmvs2 C:\Users\86186\Desktop\VisualSFM_windows_cuda_64bit\\3+4\1\3+4.nvm.cmvs\00\ option-0000
This may take a little more time, waiting...
5 seconds were used by PMVS
Loading option-0000.ply, 13978 vertices ...

#############################
You can manually remove bad MVS points:
1. Switch to dense MVS points mode;
2. Hit F1 key to enter the selection mode;
3. Select points by dragging a rectangle;
4. Hit DELETE to delete the selected points.

#############################
Save to 3+4.nvm ... done
Save C:\Users\86186\Desktop\VisualSFM_windows_cuda_64bit\\3+4\1\3+4.0.ply ...done
----------------------------------------------------------------
Run dense reconstruction, finished
Totally 10.000 seconds used

