
Modifying Calibration, begin...
fx = 431.910034, cx = 320.912781
fy = 431.910034, cy = 243.323013
radial_distortion = 0.000000
----------------------------------------------------------------
Modifying Calibration, finished
Totally 0.000 seconds used

0: sofa (1)
image_size:	640x480
1: sofa (2)
image_size:	640x480
2: sofa (3)
image_size:	640x480
3: sofa (4)
image_size:	640x480
4: sofa (5)
image_size:	640x480
5: sofa (6)
image_size:	640x480
6: sofa (7)
image_size:	640x480
7: sofa (8)
image_size:	640x480
8: sofa (9)
image_size:	640x480
9: sofa (10)
image_size:	640x480
10: sofa (11)
image_size:	640x480
11: sofa (12)
image_size:	640x480
12: sofa (13)
image_size:	640x480
13: sofa (14)
image_size:	640x480
14: sofa (15)
image_size:	640x480
15: sofa (16)
image_size:	640x480
16: sofa (17)
image_size:	640x480
17: sofa (18)
image_size:	640x480
18: sofa (19)
image_size:	640x480
19: sofa (20)
image_size:	640x480
20: sofa (21)
image_size:	640x480
21: sofa (22)
image_size:	640x480
22: sofa (23)
image_size:	640x480
23: sofa (24)
image_size:	640x480
24: sofa (25)
image_size:	640x480
25: sofa (26)
image_size:	640x480
26: sofa (27)
image_size:	640x480
27: sofa (28)
image_size:	640x480
28: sofa (29)
image_size:	640x480
29: sofa (30)
image_size:	640x480
30: sofa (31)
image_size:	640x480
31: sofa (32)
image_size:	640x480
32: sofa (33)
image_size:	640x480
33: sofa (34)
image_size:	640x480
34: sofa (35)
image_size:	640x480
35: sofa (36)
image_size:	640x480
**************************************
Change the number of pixel-loaded images by 
modifying param_visual_data_budget in nv.ini
Use the PAUSE button to skip the pixel loading
**************************************
Loading image pixel data ...done in 0s

Compute Missing Pairwise Matching, begin...
********* WARNING ***********
More than 112MB of graphic memory may be allocated
under the default settings. If the program halts here,
adjust parameters to save memory and rerun the task: 
    [Tools->Enable GPU->Set Maximum DIM]
Note some octaves may be automatically skipped
SIFT: 0000, 640x480, 	6790, 0.89sec
SIFT: 0001, 640x480, 	5773, 0.12sec
SIFT: 0002, 640x480, 	6075, 0.11sec
SIFT: 0003, 640x480, 	6039, 0.11sec
SIFT: 0004, 640x480, 	6673, 0.12sec
SIFT: 0005, 640x480, 	6944, 0.12sec
SIFT: 0006, 640x480, 	6873, 0.11sec
SIFT: 0007, 640x480, 	7310, 0.12sec
SIFT: 0008, 640x480, 	7012, 0.11sec
SIFT: 0009, 640x480, 	7524, 0.12sec
SIFT: 0010, 640x480, 	7182, 0.15sec
SIFT: 0011, 640x480, 	7230, 0.13sec
SIFT: 0012, 640x480, 	6760, 0.11sec
SIFT: 0013, 640x480, 	6781, 0.11sec
SIFT: 0014, 640x480, 	6984, 0.11sec
SIFT: 0015, 640x480, 	5757, 0.10sec
SIFT: 0016, 640x480, 	5542, 0.10sec
SIFT: 0017, 640x480, 	6276, 0.11sec
SIFT: 0018, 640x480, 	6305, 0.10sec
SIFT: 0019, 640x480, 	6298, 0.10sec
SIFT: 0020, 640x480, 	7233, 0.12sec
SIFT: 0021, 640x480, 	6347, 0.11sec
SIFT: 0022, 640x480, 	7496, 0.12sec
SIFT: 0023, 640x480, 	7736, 0.12sec
SIFT: 0024, 640x480, 	7802, 0.12sec
SIFT: 0025, 640x480, 	7829, 0.12sec
SIFT: 0026, 640x480, 	7759, 0.15sec
SIFT: 0027, 640x480, 	7643, 0.12sec
SIFT: 0028, 640x480, 	7114, 0.12sec
SIFT: 0029, 640x480, 	7129, 0.12sec
SIFT: 0030, 640x480, 	7109, 0.12sec
SIFT: 0031, 640x480, 	7140, 0.11sec
SIFT: 0032, 640x480, 	6879, 0.11sec
SIFT: 0033, 640x480, 	6365, 0.10sec
SIFT: 0034, 640x480, 	6685, 0.11sec
SIFT: 0035, 640x480, 	6502, 0.13sec

###########-------timing------#########
36 Feature Detection finished, 5 sec used
#############################

630 pairs to compute match
NOTE: using 3 matching workers
0002 and 0004: 1450 matches, 0.10sec, #1
0002 and 0003: 1738 matches, 0.10sec, #2
0002 and 0004: [1312/1450], H[819], 0.01sec
0002 and 0003: [1638/1738], H[832], 0.01sec
0003 and 0004: 2129 matches, 0.09sec, #1
0003 and 0004: [1984/2129], H[508], 0.01sec
0000 and 0004: 529 matches, 0.11sec, #2
0000 and 0004: [373/529], H[115], 0.01sec
0000 and 0001: 1377 matches, 0.34sec, #0
0000 and 0001: [1220/1377], H[366], 0.01sec
0000 and 0005: 365 matches, 0.10sec, #1
0000 and 0005: [222/365], H[132], 0.01sec
0001 and 0004: 867 matches, 0.09sec, #2
0000 and 0002: 1079 matches, 0.10sec, #0
0001 and 0004: [718/867], H[293], 0.01sec
0000 and 0002: [959/1079], H[509], 0.01sec
0001 and 0005: 519 matches, 0.09sec, #1
0004 and 0006: 1201 matches, 0.07sec, #2
0001 and 0005: [396/519], H[277], 0.01sec
0001 and 0002: 2128 matches, 0.10sec, #0
0004 and 0006: [1073/1201], H[273], 0.01sec
0001 and 0002: [2016/2128], H[617], 0.03sec
0002 and 0005: 862 matches, 0.09sec, #1
0005 and 0006: 2438 matches, 0.11sec, #2
0002 and 0005: [733/862], H[505], 0.01sec
0000 and 0003: 531 matches, 0.11sec, #0
0005 and 0006: [2328/2438], H[902], 0.01sec
0000 and 0003: [429/531], H[183], 0.01sec
0003 and 0005: 1265 matches, 0.09sec, #1
0000 and 0007: 245 matches, 0.10sec, #2
0001 and 0003: 1029 matches, 0.13sec, #0
0003 and 0005: [1117/1265], H[495], 0.01sec
0000 and 0007: [130/245], H[31], 0.01sec
0001 and 0003: [914/1029], H[191], 0.01sec
0004 and 0005: 2218 matches, 0.10sec, #1
0001 and 0007: 292 matches, 0.12sec, #2
0001 and 0007: [199/292], H[76], 0.00sec
0001 and 0008: 232 matches, 0.14sec, #0
0004 and 0005: [1961/2218], H[470], 0.01sec
0001 and 0008: [144/232], H[26], 0.01sec
0002 and 0007: 467 matches, 0.09sec, #2
0000 and 0006: 222 matches, 0.11sec, #1
0002 and 0007: [377/467], H[217], 0.00sec
0002 and 0008: 375 matches, 0.15sec, #0
0000 and 0006: [120/222], H[24], 0.01sec
0002 and 0008: [264/375], H[97], 0.00sec
0003 and 0007: 750 matches, 0.08sec, #2
0001 and 0006: 316 matches, 0.06sec, #1
0003 and 0007: [631/750], H[349], 0.00sec
0003 and 0008: 582 matches, 0.13sec, #0
0001 and 0006: [225/316], H[74], 0.00sec
0003 and 0008: [486/582], H[131], 0.01sec
0004 and 0007: 1135 matches, 0.11sec, #2
0002 and 0006: 484 matches, 0.11sec, #1
0004 and 0007: [985/1135], H[346], 0.01sec
0002 and 0006: [382/484], H[132], 0.00sec
0004 and 0008: 929 matches, 0.16sec, #0
0004 and 0008: [776/929], H[354], 0.01sec
0005 and 0007: 2248 matches, 0.12sec, #2
0003 and 0006: 836 matches, 0.12sec, #1
0005 and 0008: 1624 matches, 0.16sec, #0
0005 and 0007: [2117/2248], H[1309], 0.01sec
0003 and 0006: [707/836], H[151], 0.01sec
0005 and 0008: [1510/1624], H[1037], 0.01sec
0006 and 0007: 2463 matches, 0.11sec, #2
0003 and 0009: 329 matches, 0.14sec, #1
0006 and 0008: 1870 matches, 0.19sec, #0
0006 and 0007: [2358/2463], H[1073], 0.01sec
0003 and 0009: [256/329], H[54], 0.00sec
0006 and 0008: [1797/1870], H[399], 0.01sec
0000 and 0008: 209 matches, 0.10sec, #2
0004 and 0009: 528 matches, 0.14sec, #1
0007 and 0008: 2816 matches, 0.16sec, #0
0004 and 0009: [391/528], H[129], 0.00sec
0000 and 0008: [98/209], H[26], 0.02sec
0007 and 0008: [2712/2816], H[1195], 0.02sec
0005 and 0009: 1051 matches, 0.11sec, #1
0004 and 0010: 244 matches, 0.13sec, #2
0005 and 0009: [895/1051], H[382], 0.01sec
0004 and 0010: [184/244], H[68], 0.00sec
0000 and 0009: 185 matches, 0.16sec, #0
0000 and 0009: [84/185], H[8], 0.02sec
0005 and 0010: 463 matches, 0.12sec, #2
0006 and 0009: 1328 matches, 0.13sec, #1
0005 and 0010: [371/463], H[153], 0.01sec
0006 and 0009: [1214/1328], H[843], 0.01sec
0001 and 0009: 191 matches, 0.14sec, #0
0001 and 0009: [102/191], H[23], 0.01sec
0006 and 0010: 760 matches, 0.12sec, #2
0007 and 0009: 2218 matches, 0.14sec, #1
0006 and 0010: [624/760], H[249], 0.00sec
0002 and 0009: 268 matches, 0.16sec, #0
0007 and 0009: [2068/2218], H[611], 0.01sec
0002 and 0009: [175/268], H[77], 0.01sec
0007 and 0010: 942 matches, 0.11sec, #2
0008 and 0009: 2461 matches, 0.12sec, #1
0007 and 0010: [818/942], H[99], 0.01sec
0004 and 0011: 292 matches, 0.17sec, #0
0008 and 0009: [2345/2461], H[526], 0.01sec
0004 and 0011: [203/292], H[86], 0.00sec
0008 and 0010: 1078 matches, 0.11sec, #2
0000 and 0010: 114 matches, 0.12sec, #1
0008 and 0010: [993/1078], H[172], 0.01sec
0005 and 0011: 484 matches, 0.14sec, #0
0005 and 0011: [368/484], H[166], 0.01sec
0000 and 0010: [50/114], H[13], 0.06sec
0009 and 0010: 2220 matches, 0.08sec, #2
0006 and 0011: 611 matches, 0.12sec, #0
0006 and 0011: [511/611], H[114], 0.01sec
0009 and 0010: [2097/2220], H[598], 0.02sec
0001 and 0010: 120 matches, 0.10sec, #1
0000 and 0011: 121 matches, 0.08sec, #2
0001 and 0010: [66/120], H[20], 0.01sec
0007 and 0011: 793 matches, 0.14sec, #0
0007 and 0011: [658/793], H[275], 0.01sec
0000 and 0011: [53/121], H[9], 0.02sec
0002 and 0010: 143 matches, 0.09sec, #1
0001 and 0011: 137 matches, 0.08sec, #2
0002 and 0010: [80/143], H[23], 0.01sec
0008 and 0011: 1021 matches, 0.15sec, #0
0001 and 0011: [74/137], H[15], 0.01sec
0008 and 0011: [933/1021], H[552], 0.01sec
0009 and 0011: 1767 matches, 0.13sec, #0
0003 and 0010: 232 matches, 0.15sec, #1
0002 and 0011: 191 matches, 0.15sec, #2
0003 and 0010: [151/232], H[45], 0.00sec
0009 and 0011: [1645/1767], H[318], 0.01sec
0002 and 0011: [118/191], H[43], 0.00sec
0003 and 0012: 134 matches, 0.09sec, #1
0003 and 0011: 252 matches, 0.11sec, #2
0003 and 0012: [84/134], H[32], 0.00sec
0003 and 0011: [163/252], H[36], 0.01sec
0010 and 0011: 2724 matches, 0.16sec, #0
0010 and 0011: [2620/2724], H[1150], 0.02sec
0004 and 0012: 149 matches, 0.10sec, #1
0001 and 0013: 84 matches, 0.11sec, #2
0004 and 0012: [102/149], H[33], 0.00sec
0001 and 0013: [37/84], H[13], 0.02sec
0000 and 0012: 82 matches, 0.15sec, #0
0000 and 0012: [32/82], H[9], 0.04sec
0005 and 0012: 236 matches, 0.10sec, #1
0002 and 0013: 105 matches, 0.12sec, #2
0005 and 0012: [177/236], H[58], 0.00sec
0002 and 0013: [48/105], H[18], 0.01sec
0001 and 0012: 80 matches, 0.10sec, #0
0001 and 0012: [42/80], H[12], 0.01sec
0006 and 0012: 320 matches, 0.10sec, #1
0003 and 0013: 139 matches, 0.11sec, #2
0006 and 0012: [250/320], H[58], 0.00sec
0002 and 0012: 103 matches, 0.14sec, #0
0003 and 0013: [78/139], H[11], 0.01sec
0002 and 0012: [43/103], H[15], 0.03sec
0007 and 0012: 356 matches, 0.12sec, #1
0004 and 0013: 156 matches, 0.14sec, #2
0007 and 0012: [287/356], H[71], 0.00sec
0004 and 0013: [91/156], H[44], 0.01sec
0011 and 0013: 1438 matches, 0.14sec, #0
0011 and 0013: [1309/1438], H[207], 0.01sec
0008 and 0012: 498 matches, 0.11sec, #1
0005 and 0013: 201 matches, 0.12sec, #2
0008 and 0012: [388/498], H[160], 0.00sec
0012 and 0013: 1916 matches, 0.13sec, #0
0005 and 0013: [135/201], H[73], 0.00sec
0012 and 0013: [1834/1916], H[590], 0.05sec
0009 and 0012: 835 matches, 0.11sec, #1
0006 and 0013: 245 matches, 0.12sec, #2
0009 and 0012: [759/835], H[351], 0.00sec
0000 and 0014: 90 matches, 0.14sec, #0
0006 and 0013: [179/245], H[25], 0.00sec
0000 and 0014: [29/90], H[5], 0.07sec
0010 and 0012: 1375 matches, 0.15sec, #1
0010 and 0012: [1302/1375], H[237], 0.01sec
0007 and 0013: 326 matches, 0.18sec, #2
0001 and 0014: 94 matches, 0.13sec, #0
0007 and 0013: [257/326], H[102], 0.00sec
0001 and 0014: [38/94], H[20], 0.03sec
0011 and 0012: 1771 matches, 0.14sec, #1
0011 and 0012: [1666/1771], H[472], 0.01sec
0002 and 0014: 113 matches, 0.14sec, #0
0008 and 0013: 412 matches, 0.21sec, #2
0008 and 0013: [337/412], H[203], 0.01sec
0002 and 0014: [40/113], H[28], 0.06sec
0000 and 0013: 69 matches, 0.13sec, #1
0009 and 0013: 688 matches, 0.10sec, #2
0003 and 0014: 120 matches, 0.12sec, #0
0009 and 0013: [572/688], H[89], 0.01sec
0003 and 0014: [64/120], H[18], 0.01sec
0000 and 0013: [28/69], H[8], 0.06sec
0010 and 0013: 936 matches, 0.09sec, #2
0004 and 0014: 161 matches, 0.13sec, #0
0010 and 0013: [830/936], H[109], 0.01sec
0004 and 0014: [90/161], H[29], 0.01sec
0008 and 0014: 449 matches, 0.11sec, #1
0008 and 0014: [331/449], H[98], 0.00sec
0004 and 0015: 72 matches, 0.12sec, #2
0005 and 0014: 232 matches, 0.16sec, #0
0005 and 0014: [141/232], H[29], 0.01sec
0004 and 0015: [34/72], H[7], 0.02sec
0009 and 0014: 739 matches, 0.12sec, #1
0005 and 0015: 91 matches, 0.09sec, #2
0006 and 0014: 255 matches, 0.17sec, #0
0009 and 0014: [557/739], H[131], 0.00sec
0005 and 0015: [55/91], H[18], 0.00sec
0006 and 0014: [186/255], H[62], 0.00sec
0006 and 0015: 119 matches, 0.12sec, #2
0010 and 0014: 1166 matches, 0.13sec, #1
0006 and 0015: [79/119], H[32], 0.00sec
0007 and 0014: 359 matches, 0.17sec, #0
0010 and 0014: [1026/1166], H[364], 0.01sec
0007 and 0014: [248/359], H[97], 0.01sec
0007 and 0015: 143 matches, 0.09sec, #2
0011 and 0014: 1680 matches, 0.11sec, #1
0007 and 0015: [103/143], H[60], 0.00sec
0014 and 0015: 1539 matches, 0.14sec, #0
0011 and 0014: [1509/1680], H[163], 0.01sec
0014 and 0015: [1482/1539], H[837], 0.01sec
0008 and 0015: 180 matches, 0.09sec, #2
0012 and 0014: 1705 matches, 0.12sec, #1
0008 and 0015: [124/180], H[53], 0.00sec
0000 and 0016: 36 matches, 0.13sec, #0
0012 and 0014: [1601/1705], H[388], 0.01sec
0000 and 0016: [17/36], H[5], 0.06sec
0009 and 0015: 334 matches, 0.12sec, #2
0013 and 0014: 2317 matches, 0.11sec, #1
0001 and 0016: 38 matches, 0.10sec, #0
0009 and 0015: [256/334], H[34], 0.01sec
0013 and 0014: [2237/2317], H[875], 0.01sec
0001 and 0016: [20/38], H[9], 0.01sec
0010 and 0015: 534 matches, 0.09sec, #2
0000 and 0015: 43 matches, 0.10sec, #1
0010 and 0015: [466/534], H[96], 0.00sec
0002 and 0016: 42 matches, 0.11sec, #0
0002 and 0016: [19/42], H[4], 0.02sec
0000 and 0015: [14/43], H[7], 0.06sec
0011 and 0015: 700 matches, 0.08sec, #2
0003 and 0016: 50 matches, 0.09sec, #0
0011 and 0015: [597/700], H[142], 0.01sec
0003 and 0016: [28/50], H[13], 0.01sec
0001 and 0015: 46 matches, 0.07sec, #1
0012 and 0015: 1428 matches, 0.08sec, #2
0004 and 0016: 66 matches, 0.11sec, #0
0012 and 0015: [1332/1428], H[174], 0.01sec
0004 and 0016: [31/66], H[11], 0.01sec
0001 and 0015: [14/46], H[6], 0.06sec
0013 and 0015: 1509 matches, 0.06sec, #2
0005 and 0016: 89 matches, 0.10sec, #0
0013 and 0015: [1439/1509], H[353], 0.01sec
0005 and 0016: [51/89], H[18], 0.01sec
0002 and 0015: 52 matches, 0.08sec, #1
0009 and 0016: 295 matches, 0.07sec, #2
0009 and 0016: [229/295], H[107], 0.00sec
0006 and 0016: 112 matches, 0.12sec, #0
0002 and 0015: [24/52], H[8], 0.01sec
0006 and 0016: [73/112], H[29], 0.00sec
0003 and 0015: 43 matches, 0.09sec, #1
0010 and 0016: 501 matches, 0.10sec, #2
0003 and 0015: [24/43], H[10], 0.01sec
0010 and 0016: [434/501], H[76], 0.00sec
0007 and 0016: 129 matches, 0.12sec, #0
0007 and 0016: [92/129], H[52], 0.00sec
0003 and 0017: 87 matches, 0.08sec, #1
0011 and 0016: 681 matches, 0.11sec, #2
0008 and 0016: 139 matches, 0.13sec, #0
0011 and 0016: [589/681], H[25], 0.01sec
0008 and 0016: [100/139], H[32], 0.00sec
0003 and 0017: [37/87], H[16], 0.02sec
0012 and 0016: 1061 matches, 0.13sec, #2
0012 and 0016: [969/1061], H[193], 0.01sec
0013 and 0017: 1042 matches, 0.14sec, #0
0013 and 0017: [922/1042], H[143], 0.01sec
0004 and 0017: 125 matches, 0.18sec, #1
0013 and 0016: 1081 matches, 0.07sec, #2
0014 and 0017: 1767 matches, 0.11sec, #0
0013 and 0016: [1006/1081], H[245], 0.01sec
0014 and 0017: [1613/1767], H[329], 0.01sec
0004 and 0017: [50/125], H[23], 0.02sec
0014 and 0016: 1189 matches, 0.10sec, #2
0015 and 0017: 1154 matches, 0.11sec, #0
0014 and 0016: [1096/1189], H[542], 0.01sec
0015 and 0017: [1081/1154], H[342], 0.01sec
0005 and 0017: 172 matches, 0.13sec, #1
0005 and 0017: [105/172], H[50], 0.01sec
0015 and 0016: 1866 matches, 0.05sec, #2
0016 and 0017: 1076 matches, 0.09sec, #0
0016 and 0017: [992/1076], H[247], 0.01sec
0015 and 0016: [1787/1866], H[1360], 0.02sec
0000 and 0018: 79 matches, 0.10sec, #0
0006 and 0017: 223 matches, 0.15sec, #1
0006 and 0017: [159/223], H[27], 0.00sec
0000 and 0017: 83 matches, 0.14sec, #2
0000 and 0018: [23/79], H[5], 0.08sec
0000 and 0017: [14/83], H[4], 0.07sec
0007 and 0017: 317 matches, 0.09sec, #1
0001 and 0018: 78 matches, 0.09sec, #0
0007 and 0017: [207/317], H[145], 0.01sec
0001 and 0017: 75 matches, 0.09sec, #2
0001 and 0018: [27/78], H[8], 0.09sec
0008 and 0017: 331 matches, 0.10sec, #1
0008 and 0017: [260/331], H[147], 0.00sec
0001 and 0017: [19/75], H[5], 0.05sec
0002 and 0018: 111 matches, 0.08sec, #0
0002 and 0018: [34/111], H[11], 0.08sec
0009 and 0017: 702 matches, 0.10sec, #1
0009 and 0017: [588/702], H[155], 0.01sec
0002 and 0017: 93 matches, 0.16sec, #2
0003 and 0018: 94 matches, 0.10sec, #0
0010 and 0017: 1095 matches, 0.09sec, #1
0003 and 0018: [41/94], H[14], 0.01sec
0010 and 0017: [905/1095], H[212], 0.01sec
0002 and 0017: [34/93], H[8], 0.03sec
0011 and 0017: 1107 matches, 0.07sec, #1
0004 and 0018: 131 matches, 0.12sec, #0
0011 and 0017: [981/1107], H[95], 0.01sec
0004 and 0018: [60/131], H[13], 0.02sec
0006 and 0018: 207 matches, 0.10sec, #2
0012 and 0017: 1232 matches, 0.09sec, #1
0006 and 0018: [158/207], H[41], 0.00sec
0005 and 0018: 190 matches, 0.13sec, #0
0012 and 0017: [1146/1232], H[243], 0.01sec
0005 and 0018: [123/190], H[12], 0.01sec
0007 and 0018: 271 matches, 0.10sec, #2
0016 and 0018: 1165 matches, 0.10sec, #1
0007 and 0018: [202/271], H[50], 0.00sec
0016 and 0018: [1103/1165], H[526], 0.01sec
0008 and 0019: 239 matches, 0.13sec, #0
0008 and 0019: [173/239], H[106], 0.00sec
0008 and 0018: 338 matches, 0.10sec, #2
0017 and 0018: 2495 matches, 0.10sec, #1
0008 and 0018: [253/338], H[83], 0.00sec
0009 and 0019: 509 matches, 0.14sec, #0
0017 and 0018: [2415/2495], H[1350], 0.01sec
0009 and 0019: [372/509], H[55], 0.01sec
0009 and 0018: 628 matches, 0.10sec, #2
0000 and 0019: 53 matches, 0.12sec, #1
0009 and 0018: [493/628], H[197], 0.00sec
0010 and 0019: 1013 matches, 0.14sec, #0
0010 and 0019: [908/1013], H[156], 0.01sec
0000 and 0019: [15/53], H[9], 0.08sec
0010 and 0018: 953 matches, 0.08sec, #2
0010 and 0018: [820/953], H[140], 0.01sec
0011 and 0019: 780 matches, 0.11sec, #0
0011 and 0019: [718/780], H[96], 0.01sec
0001 and 0019: 60 matches, 0.12sec, #1
0011 and 0018: 1168 matches, 0.11sec, #2
0011 and 0018: [1034/1168], H[69], 0.01sec
0012 and 0019: 713 matches, 0.10sec, #0
0001 and 0019: [19/60], H[7], 0.06sec
0012 and 0019: [621/713], H[99], 0.01sec
0012 and 0018: 1181 matches, 0.10sec, #2
0002 and 0019: 73 matches, 0.11sec, #1
0013 and 0019: 512 matches, 0.11sec, #0
0012 and 0018: [1105/1181], H[226], 0.01sec
0013 and 0019: [457/512], H[46], 0.00sec
0002 and 0019: [30/73], H[9], 0.03sec
0013 and 0018: 1465 matches, 0.05sec, #2
0014 and 0019: 732 matches, 0.12sec, #0
0013 and 0018: [1365/1465], H[173], 0.01sec
0014 and 0019: [594/732], H[82], 0.01sec
0015 and 0019: 632 matches, 0.08sec, #0
0003 and 0019: 94 matches, 0.12sec, #1
0015 and 0019: [544/632], H[63], 0.01sec
0014 and 0018: 2172 matches, 0.13sec, #2
0003 and 0019: [44/94], H[12], 0.04sec
0016 and 0019: 589 matches, 0.07sec, #0
0014 and 0018: [2050/2172], H[676], 0.01sec
0016 and 0019: [538/589], H[48], 0.01sec
0004 and 0019: 89 matches, 0.10sec, #1
0015 and 0018: 1472 matches, 0.12sec, #2
0017 and 0019: 1398 matches, 0.13sec, #0
0004 and 0019: [38/89], H[9], 0.01sec
0015 and 0018: [1406/1472], H[518], 0.01sec
0017 and 0019: [1294/1398], H[120], 0.01sec
0018 and 0019: 1104 matches, 0.13sec, #2
0005 and 0019: 137 matches, 0.15sec, #1
0018 and 0019: [1008/1104], H[111], 0.01sec
0005 and 0019: [87/137], H[32], 0.00sec
0009 and 0020: 1160 matches, 0.17sec, #0
0009 and 0020: [1025/1160], H[431], 0.01sec
0000 and 0020: 120 matches, 0.13sec, #2
0006 and 0019: 194 matches, 0.13sec, #1
0010 and 0020: 974 matches, 0.16sec, #0
0006 and 0019: [135/194], H[99], 0.00sec
0000 and 0020: [55/120], H[9], 0.01sec
0010 and 0020: [872/974], H[73], 0.01sec
0007 and 0019: 254 matches, 0.13sec, #1
0001 and 0020: 127 matches, 0.14sec, #2
0007 and 0019: [187/254], H[76], 0.00sec
0011 and 0020: 853 matches, 0.15sec, #0
0001 and 0020: [63/127], H[21], 0.01sec
0011 and 0020: [716/853], H[391], 0.01sec
0019 and 0020: 1506 matches, 0.13sec, #1
0002 and 0020: 149 matches, 0.14sec, #2
0019 and 0020: [1418/1506], H[353], 0.01sec
0012 and 0020: 631 matches, 0.16sec, #0
0002 and 0020: [84/149], H[11], 0.01sec
0012 and 0020: [494/631], H[236], 0.01sec
0000 and 0021: 76 matches, 0.10sec, #1
0003 and 0020: 204 matches, 0.12sec, #2
0013 and 0020: 663 matches, 0.14sec, #0
0003 and 0020: [132/204], H[64], 0.00sec
0000 and 0021: [41/76], H[9], 0.01sec
0013 and 0020: [525/663], H[127], 0.00sec
0004 and 0020: 281 matches, 0.12sec, #2
0001 and 0021: 65 matches, 0.13sec, #1
0004 and 0020: [191/281], H[33], 0.00sec
0014 and 0020: 783 matches, 0.14sec, #0
0001 and 0021: [41/65], H[13], 0.00sec
0014 and 0020: [637/783], H[159], 0.01sec
0005 and 0020: 440 matches, 0.13sec, #2
0002 and 0021: 96 matches, 0.12sec, #1
0005 and 0020: [344/440], H[266], 0.00sec
0015 and 0020: 454 matches, 0.13sec, #0
0002 and 0021: [57/96], H[21], 0.00sec
0015 and 0020: [364/454], H[52], 0.01sec
0016 and 0020: 425 matches, 0.11sec, #0
0006 and 0020: 503 matches, 0.13sec, #2
0016 and 0020: [338/425], H[196], 0.00sec
0006 and 0020: [407/503], H[240], 0.00sec
0003 and 0021: 108 matches, 0.14sec, #1
0003 and 0021: [70/108], H[17], 0.00sec
0007 and 0020: 764 matches, 0.08sec, #2
0017 and 0020: 973 matches, 0.13sec, #0
0007 and 0020: [630/764], H[203], 0.01sec
0017 and 0020: [821/973], H[135], 0.01sec
0004 and 0021: 153 matches, 0.11sec, #1
0008 and 0020: 758 matches, 0.12sec, #2
0004 and 0021: [117/153], H[72], 0.00sec
0008 and 0020: [644/758], H[408], 0.00sec
0018 and 0020: 916 matches, 0.13sec, #0
0018 and 0020: [779/916], H[186], 0.01sec
0005 and 0021: 211 matches, 0.11sec, #1
0005 and 0021: [164/211], H[29], 0.00sec
0009 and 0021: 559 matches, 0.13sec, #2
0019 and 0021: 1408 matches, 0.11sec, #0
0009 and 0021: [429/559], H[104], 0.01sec
0019 and 0021: [1347/1408], H[534], 0.01sec
0006 and 0021: 213 matches, 0.13sec, #1
0010 and 0021: 589 matches, 0.12sec, #2
0006 and 0021: [165/213], H[33], 0.00sec
0020 and 0021: 1913 matches, 0.14sec, #0
0010 and 0021: [538/589], H[62], 0.00sec
0020 and 0021: [1808/1913], H[856], 0.02sec
0007 and 0021: 300 matches, 0.13sec, #1
0011 and 0021: 454 matches, 0.12sec, #2
0007 and 0021: [253/300], H[132], 0.00sec
0011 and 0021: [417/454], H[29], 0.00sec
0000 and 0022: 121 matches, 0.17sec, #0
0000 and 0022: [68/121], H[30], 0.01sec
0008 and 0021: 387 matches, 0.10sec, #1
0012 and 0021: 450 matches, 0.12sec, #2
0008 and 0021: [282/387], H[98], 0.00sec
0001 and 0022: 149 matches, 0.13sec, #0
0012 and 0021: [363/450], H[37], 0.00sec
0001 and 0022: [104/149], H[57], 0.00sec
0008 and 0022: 695 matches, 0.11sec, #1
0013 and 0021: 449 matches, 0.12sec, #2
0008 and 0022: [566/695], H[173], 0.00sec
0013 and 0021: [380/449], H[56], 0.00sec
0002 and 0022: 179 matches, 0.14sec, #0
0002 and 0022: [106/179], H[56], 0.01sec
0003 and 0022: 268 matches, 0.13sec, #0
0003 and 0022: [190/268], H[33], 0.00sec
0014 and 0021: 488 matches, 0.17sec, #2
0009 and 0022: 869 matches, 0.18sec, #1
0014 and 0021: [428/488], H[58], 0.00sec
0009 and 0022: [774/869], H[206], 0.01sec
0004 and 0022: 357 matches, 0.10sec, #0
0004 and 0022: [287/357], H[112], 0.00sec
0005 and 0022: 492 matches, 0.14sec, #0
0005 and 0022: [402/492], H[68], 0.00sec
0015 and 0021: 526 matches, 0.21sec, #2
0015 and 0021: [448/526], H[65], 0.01sec
0010 and 0022: 687 matches, 0.22sec, #1
0016 and 0021: 327 matches, 0.07sec, #2
0006 and 0022: 437 matches, 0.17sec, #0
0010 and 0022: [588/687], H[122], 0.00sec
0016 and 0021: [281/327], H[39], 0.00sec
0006 and 0022: [333/437], H[163], 0.00sec
0017 and 0021: 821 matches, 0.12sec, #2
0011 and 0022: 655 matches, 0.13sec, #1
0007 and 0022: 723 matches, 0.19sec, #0
0017 and 0021: [735/821], H[104], 0.01sec
0011 and 0022: [563/655], H[225], 0.00sec
0007 and 0022: [611/723], H[410], 0.00sec
0018 and 0021: 844 matches, 0.14sec, #2
0018 and 0022: 588 matches, 0.15sec, #0
0018 and 0021: [750/844], H[151], 0.01sec
0018 and 0022: [463/588], H[130], 0.01sec
0012 and 0022: 398 matches, 0.22sec, #1
0012 and 0022: [327/398], H[133], 0.00sec
0006 and 0023: 716 matches, 0.09sec, #2
0019 and 0022: 1034 matches, 0.17sec, #0
0006 and 0023: [569/716], H[278], 0.01sec
0019 and 0022: [952/1034], H[255], 0.05sec
0013 and 0022: 483 matches, 0.12sec, #1
0007 and 0023: 967 matches, 0.14sec, #2
0013 and 0022: [379/483], H[153], 0.00sec
0007 and 0023: [819/967], H[345], 0.01sec
0020 and 0022: 2625 matches, 0.14sec, #0
0020 and 0022: [2547/2625], H[628], 0.02sec
0014 and 0022: 479 matches, 0.11sec, #1
0008 and 0023: 806 matches, 0.13sec, #2
0014 and 0022: [388/479], H[202], 0.00sec
0008 and 0023: [693/806], H[243], 0.01sec
0021 and 0022: 1785 matches, 0.15sec, #0
0021 and 0022: [1674/1785], H[213], 0.01sec
0015 and 0022: 345 matches, 0.10sec, #1
0009 and 0023: 962 matches, 0.14sec, #2
0015 and 0022: [280/345], H[91], 0.00sec
0000 and 0023: 172 matches, 0.14sec, #0
0009 and 0023: [760/962], H[128], 0.01sec
0000 and 0023: [91/172], H[23], 0.01sec
0001 and 0023: 217 matches, 0.11sec, #0
0016 and 0022: 263 matches, 0.14sec, #1
0001 and 0023: [147/217], H[73], 0.00sec
0016 and 0022: [197/263], H[53], 0.00sec
0010 and 0023: 751 matches, 0.17sec, #2
0017 and 0022: 532 matches, 0.09sec, #1
0010 and 0023: [656/751], H[275], 0.01sec
0017 and 0022: [423/532], H[51], 0.01sec
0002 and 0023: 278 matches, 0.12sec, #0
0002 and 0023: [198/278], H[57], 0.00sec
0003 and 0023: 387 matches, 0.12sec, #0
0003 and 0023: [296/387], H[65], 0.00sec
0011 and 0023: 750 matches, 0.15sec, #2
0016 and 0023: 252 matches, 0.15sec, #1
0011 and 0023: [602/750], H[261], 0.00sec
0016 and 0023: [181/252], H[102], 0.00sec
0004 and 0023: 486 matches, 0.11sec, #0
0004 and 0023: [386/486], H[265], 0.01sec
0012 and 0023: 422 matches, 0.15sec, #2
0012 and 0023: [304/422], H[180], 0.00sec
0005 and 0023: 715 matches, 0.14sec, #0
0017 and 0023: 510 matches, 0.16sec, #1
0005 and 0023: [569/715], H[160], 0.01sec
0017 and 0023: [388/510], H[67], 0.01sec
0013 and 0023: 417 matches, 0.14sec, #2
0003 and 0024: 556 matches, 0.13sec, #0
0013 and 0023: [332/417], H[112], 0.00sec
0003 and 0024: [445/556], H[160], 0.00sec
0018 and 0023: 542 matches, 0.19sec, #1
0014 and 0023: 519 matches, 0.08sec, #2
0018 and 0023: [412/542], H[169], 0.00sec
0014 and 0023: [403/519], H[203], 0.00sec
0004 and 0024: 742 matches, 0.13sec, #0
0004 and 0024: [624/742], H[458], 0.01sec
0019 and 0023: 816 matches, 0.11sec, #1
0015 and 0023: 320 matches, 0.11sec, #2
0019 and 0023: [739/816], H[66], 0.01sec
0015 and 0023: [242/320], H[94], 0.00sec
0005 and 0024: 914 matches, 0.17sec, #0
0005 and 0024: [717/914], H[498], 0.01sec
0020 and 0023: 2464 matches, 0.14sec, #1
0013 and 0024: 278 matches, 0.16sec, #2
0020 and 0023: [2377/2464], H[605], 0.01sec
0006 and 0024: 847 matches, 0.15sec, #0
0013 and 0024: [187/278], H[78], 0.00sec
0006 and 0024: [721/847], H[164], 0.01sec
0021 and 0023: 1165 matches, 0.13sec, #1
0014 and 0024: 357 matches, 0.14sec, #2
0021 and 0023: [1100/1165], H[257], 0.01sec
0014 and 0024: [238/357], H[69], 0.00sec
0007 and 0024: 957 matches, 0.15sec, #0
0007 and 0024: [817/957], H[183], 0.01sec
0022 and 0023: 3057 matches, 0.14sec, #1
0015 and 0024: 209 matches, 0.14sec, #2
0015 and 0024: [152/209], H[57], 0.00sec
0008 and 0024: 679 matches, 0.16sec, #0
0022 and 0023: [2992/3057], H[1837], 0.01sec
0008 and 0024: [558/679], H[99], 0.00sec
0016 and 0024: 184 matches, 0.13sec, #2
0016 and 0024: [132/184], H[93], 0.00sec
0000 and 0024: 220 matches, 0.16sec, #1
0009 and 0024: 730 matches, 0.16sec, #0
0000 and 0024: [131/220], H[61], 0.01sec
0009 and 0024: [582/730], H[393], 0.01sec
0017 and 0024: 354 matches, 0.18sec, #2
0010 and 0024: 604 matches, 0.16sec, #0
0017 and 0024: [248/354], H[54], 0.01sec
0001 and 0024: 303 matches, 0.18sec, #1
0010 and 0024: [505/604], H[163], 0.01sec
0001 and 0024: [222/303], H[57], 0.00sec
0018 and 0024: 363 matches, 0.14sec, #2
0002 and 0024: 477 matches, 0.14sec, #1
0018 and 0024: [263/363], H[74], 0.00sec
0011 and 0024: 625 matches, 0.20sec, #0
0002 and 0024: [370/477], H[141], 0.00sec
0011 and 0024: [503/625], H[211], 0.01sec
0019 and 0024: 496 matches, 0.17sec, #2
0023 and 0024: 2876 matches, 0.17sec, #1
0019 and 0024: [434/496], H[84], 0.00sec
0012 and 0024: 340 matches, 0.20sec, #0
0023 and 0024: [2778/2876], H[565], 0.02sec
0012 and 0024: [252/340], H[90], 0.00sec
0020 and 0024: 1461 matches, 0.13sec, #2
0020 and 0024: [1346/1461], H[143], 0.01sec
0000 and 0025: 192 matches, 0.14sec, #1
0009 and 0025: 794 matches, 0.21sec, #0
0000 and 0025: [109/192], H[48], 0.01sec
0009 and 0025: [641/794], H[326], 0.01sec
0021 and 0024: 666 matches, 0.13sec, #2
0001 and 0025: 279 matches, 0.11sec, #1
0021 and 0024: [591/666], H[65], 0.00sec
0001 and 0025: [192/279], H[37], 0.00sec
0010 and 0025: 683 matches, 0.15sec, #0
0010 and 0025: [572/683], H[260], 0.01sec
0002 and 0025: 387 matches, 0.14sec, #1
0022 and 0024: 1876 matches, 0.16sec, #2
0011 and 0025: 722 matches, 0.16sec, #0
0002 and 0025: [292/387], H[62], 0.00sec
0011 and 0025: [576/722], H[194], 0.01sec
0022 and 0024: [1794/1876], H[383], 0.01sec
0003 and 0025: 533 matches, 0.14sec, #1
0003 and 0025: [395/533], H[177], 0.00sec
0019 and 0025: 601 matches, 0.15sec, #2
0012 and 0025: 361 matches, 0.16sec, #0
0019 and 0025: [488/601], H[73], 0.01sec
0012 and 0025: [270/361], H[144], 0.00sec
0004 and 0025: 658 matches, 0.14sec, #1
0020 and 0025: 1688 matches, 0.15sec, #2
0004 and 0025: [538/658], H[271], 0.00sec
0013 and 0025: 333 matches, 0.20sec, #0
0020 and 0025: [1566/1688], H[242], 0.01sec
0013 and 0025: [243/333], H[67], 0.00sec
0005 and 0025: 860 matches, 0.12sec, #1
0021 and 0025: 741 matches, 0.14sec, #2
0005 and 0025: [721/860], H[157], 0.00sec
0021 and 0025: [649/741], H[135], 0.01sec
0014 and 0025: 415 matches, 0.17sec, #0
0014 and 0025: [291/415], H[105], 0.01sec
0015 and 0025: 229 matches, 0.14sec, #0
0006 and 0025: 846 matches, 0.17sec, #1
0015 and 0025: [156/229], H[52], 0.00sec
0006 and 0025: [718/846], H[448], 0.01sec
0022 and 0025: 2127 matches, 0.20sec, #2
0007 and 0025: 1004 matches, 0.10sec, #1
0007 and 0025: [854/1004], H[380], 0.01sec
0022 and 0025: [2037/2127], H[719], 0.01sec
0016 and 0025: 209 matches, 0.13sec, #0
0016 and 0025: [143/209], H[41], 0.00sec
0017 and 0025: 395 matches, 0.11sec, #0
0017 and 0025: [289/395], H[137], 0.01sec
0008 and 0025: 757 matches, 0.18sec, #1
0008 and 0025: [642/757], H[376], 0.01sec
0023 and 0025: 3242 matches, 0.21sec, #2
0018 and 0025: 397 matches, 0.13sec, #0
0018 and 0025: [282/397], H[103], 0.01sec
0023 and 0025: [3145/3242], H[1164], 0.04sec
0004 and 0026: 743 matches, 0.09sec, #1
0004 and 0026: [585/743], H[357], 0.01sec
0014 and 0026: 331 matches, 0.14sec, #0
0014 and 0026: [231/331], H[102], 0.01sec
0015 and 0026: 186 matches, 0.11sec, #0
0015 and 0026: [131/186], H[23], 0.00sec
0024 and 0025: 3986 matches, 0.18sec, #2
0005 and 0026: 928 matches, 0.18sec, #1
0005 and 0026: [796/928], H[170], 0.01sec
0016 and 0026: 166 matches, 0.09sec, #0
0016 and 0026: [119/166], H[61], 0.00sec
0024 and 0025: [3892/3986], H[956], 0.02sec
0017 and 0026: 333 matches, 0.13sec, #0
0017 and 0026: [215/333], H[116], 0.01sec
0006 and 0026: 893 matches, 0.16sec, #1
0006 and 0026: [760/893], H[470], 0.01sec
0000 and 0026: 218 matches, 0.16sec, #2
0007 and 0026: 975 matches, 0.09sec, #1
0018 and 0026: 355 matches, 0.13sec, #0
0000 and 0026: [132/218], H[62], 0.01sec
0007 and 0026: [807/975], H[407], 0.01sec
0018 and 0026: [236/355], H[101], 0.00sec
0008 and 0026: 641 matches, 0.12sec, #1
0001 and 0026: 349 matches, 0.13sec, #2
0008 and 0026: [515/641], H[188], 0.00sec
0001 and 0026: [258/349], H[48], 0.00sec
0019 and 0026: 467 matches, 0.13sec, #0
0019 and 0026: [408/467], H[69], 0.01sec
0009 and 0026: 798 matches, 0.16sec, #1
0002 and 0026: 484 matches, 0.16sec, #2
0009 and 0026: [651/798], H[206], 0.00sec
0002 and 0026: [378/484], H[133], 0.00sec
0020 and 0026: 1365 matches, 0.22sec, #0
0020 and 0026: [1234/1365], H[249], 0.01sec
0010 and 0026: 614 matches, 0.15sec, #1
0003 and 0026: 576 matches, 0.16sec, #2
0010 and 0026: [470/614], H[106], 0.00sec
0021 and 0026: 645 matches, 0.11sec, #0
0003 and 0026: [419/576], H[252], 0.00sec
0021 and 0026: [577/645], H[72], 0.01sec
0011 and 0026: 630 matches, 0.15sec, #1
0011 and 0026: [508/630], H[107], 0.01sec
0022 and 0026: 1776 matches, 0.17sec, #0
0024 and 0026: 4056 matches, 0.19sec, #2
0022 and 0026: [1672/1776], H[277], 0.01sec
0024 and 0026: [3953/4056], H[3589], 0.05sec
0012 and 0026: 341 matches, 0.15sec, #1
0012 and 0026: [245/341], H[59], 0.00sec
0023 and 0026: 2759 matches, 0.15sec, #0
0023 and 0026: [2600/2759], H[712], 0.02sec
0025 and 0026: 3848 matches, 0.16sec, #2
0025 and 0026: [3727/3848], H[1684], 0.02sec
0013 and 0026: 262 matches, 0.09sec, #1
0008 and 0027: 491 matches, 0.13sec, #0
0013 and 0026: [191/262], H[99], 0.00sec
0008 and 0027: [408/491], H[159], 0.04sec
0000 and 0027: 267 matches, 0.13sec, #2
0018 and 0027: 232 matches, 0.13sec, #1
0000 and 0027: [184/267], H[85], 0.00sec
0018 and 0027: [144/232], H[57], 0.01sec
0009 and 0027: 534 matches, 0.12sec, #0
0009 and 0027: [390/534], H[173], 0.01sec
0001 and 0027: 386 matches, 0.13sec, #2
0001 and 0027: [308/386], H[199], 0.00sec
0019 and 0027: 370 matches, 0.15sec, #1
0010 and 0027: 521 matches, 0.13sec, #0
0019 and 0027: [293/370], H[63], 0.01sec
0010 and 0027: [411/521], H[91], 0.01sec
0002 and 0027: 496 matches, 0.14sec, #2
0011 and 0027: 454 matches, 0.12sec, #0
0002 and 0027: [398/496], H[201], 0.00sec
0011 and 0027: [343/454], H[201], 0.00sec
0020 and 0027: 837 matches, 0.16sec, #1
0003 and 0027: 644 matches, 0.07sec, #2
0020 and 0027: [720/837], H[231], 0.01sec
0003 and 0027: [529/644], H[186], 0.00sec
0012 and 0027: 277 matches, 0.12sec, #0
0012 and 0027: [186/277], H[63], 0.01sec
0021 and 0027: 419 matches, 0.11sec, #1
0004 and 0027: 672 matches, 0.13sec, #2
0021 and 0027: [365/419], H[52], 0.01sec
0004 and 0027: [547/672], H[267], 0.00sec
0013 and 0027: 193 matches, 0.15sec, #0
0013 and 0027: [121/193], H[29], 0.01sec
0014 and 0027: 221 matches, 0.13sec, #0
0014 and 0027: [138/221], H[45], 0.00sec
0022 and 0027: 1094 matches, 0.17sec, #1
0022 and 0027: [984/1094], H[115], 0.01sec
0005 and 0027: 731 matches, 0.18sec, #2
0023 and 0027: 1687 matches, 0.10sec, #1
0005 and 0027: [626/731], H[280], 0.01sec
0015 and 0027: 141 matches, 0.13sec, #0
0023 and 0027: [1497/1687], H[253], 0.01sec
0015 and 0027: [97/141], H[36], 0.00sec
0016 and 0027: 151 matches, 0.12sec, #0
0016 and 0027: [106/151], H[51], 0.00sec
0006 and 0027: 813 matches, 0.15sec, #2
0006 and 0027: [694/813], H[444], 0.00sec
0024 and 0027: 2536 matches, 0.19sec, #1
0007 and 0027: 710 matches, 0.09sec, #2
0007 and 0027: [530/710], H[286], 0.00sec
0017 and 0027: 251 matches, 0.14sec, #0
0024 and 0027: [2389/2536], H[384], 0.01sec
0017 and 0027: [163/251], H[71], 0.01sec
0001 and 0028: 245 matches, 0.12sec, #2
0001 and 0028: [210/245], H[67], 0.00sec
0011 and 0028: 449 matches, 0.12sec, #0
0011 and 0028: [368/449], H[100], 0.01sec
0025 and 0027: 2267 matches, 0.21sec, #1
0002 and 0028: 362 matches, 0.08sec, #2
0002 and 0028: [289/362], H[77], 0.00sec
0012 and 0028: 275 matches, 0.11sec, #0
0025 and 0027: [2115/2267], H[421], 0.01sec
0012 and 0028: [216/275], H[57], 0.00sec
0003 and 0028: 471 matches, 0.11sec, #2
0003 and 0028: [383/471], H[218], 0.00sec
0013 and 0028: 232 matches, 0.15sec, #0
0013 and 0028: [169/232], H[80], 0.00sec
0026 and 0027: 2757 matches, 0.20sec, #1
0004 and 0028: 506 matches, 0.08sec, #2
0014 and 0028: 241 matches, 0.10sec, #0
0026 and 0027: [2625/2757], H[512], 0.01sec
0004 and 0028: [396/506], H[239], 0.00sec
0014 and 0028: [172/241], H[50], 0.00sec
0015 and 0028: 208 matches, 0.11sec, #0
0015 and 0028: [140/208], H[67], 0.00sec
0000 and 0028: 161 matches, 0.13sec, #1
0000 and 0028: [111/161], H[62], 0.00sec
0005 and 0028: 592 matches, 0.15sec, #2
0021 and 0028: 356 matches, 0.07sec, #1
0005 and 0028: [493/592], H[331], 0.00sec
0021 and 0028: [319/356], H[36], 0.00sec
0016 and 0028: 196 matches, 0.12sec, #0
0016 and 0028: [136/196], H[29], 0.00sec
0017 and 0028: 205 matches, 0.12sec, #0
0006 and 0028: 592 matches, 0.14sec, #2
0017 and 0028: [131/205], H[31], 0.01sec
0006 and 0028: [479/592], H[160], 0.00sec
0022 and 0028: 913 matches, 0.21sec, #1
0007 and 0028: 481 matches, 0.08sec, #2
0022 and 0028: [851/913], H[171], 0.00sec
0007 and 0028: [406/481], H[195], 0.00sec
0018 and 0028: 218 matches, 0.12sec, #0
0018 and 0028: [159/218], H[23], 0.01sec
0019 and 0028: 362 matches, 0.11sec, #0
0023 and 0028: 1391 matches, 0.14sec, #1
0019 and 0028: [290/362], H[115], 0.00sec
0023 and 0028: [1284/1391], H[108], 0.01sec
0008 and 0028: 348 matches, 0.16sec, #2
0024 and 0028: 2203 matches, 0.10sec, #1
0008 and 0028: [307/348], H[92], 0.00sec
0020 and 0028: 635 matches, 0.12sec, #0
0024 and 0028: [2092/2203], H[841], 0.01sec
0020 and 0028: [575/635], H[106], 0.05sec
0009 and 0028: 390 matches, 0.14sec, #2
0025 and 0028: 1939 matches, 0.15sec, #1
0009 and 0028: [306/390], H[139], 0.00sec
0025 and 0028: [1815/1939], H[483], 0.01sec
0003 and 0029: 786 matches, 0.13sec, #0
0003 and 0029: [721/786], H[338], 0.01sec
0004 and 0029: 790 matches, 0.12sec, #0
0004 and 0029: [714/790], H[320], 0.01sec
0010 and 0028: 441 matches, 0.18sec, #2
0026 and 0028: 2303 matches, 0.19sec, #1
0005 and 0029: 726 matches, 0.12sec, #0
0010 and 0028: [380/441], H[171], 0.00sec
0005 and 0029: [633/726], H[112], 0.01sec
0026 and 0028: [2214/2303], H[987], 0.01sec
0006 and 0029: 667 matches, 0.13sec, #0
0006 and 0029: [590/667], H[344], 0.01sec
0013 and 0029: 139 matches, 0.14sec, #2
0013 and 0029: [102/139], H[13], 0.00sec
0027 and 0028: 2325 matches, 0.23sec, #1
0014 and 0029: 152 matches, 0.10sec, #2
0007 and 0029: 485 matches, 0.14sec, #0
0014 and 0029: [104/152], H[30], 0.01sec
0007 and 0029: [397/485], H[65], 0.00sec
0027 and 0028: [2221/2325], H[1035], 0.02sec
0015 and 0029: 98 matches, 0.12sec, #2
0015 and 0029: [63/98], H[23], 0.01sec
0008 and 0029: 392 matches, 0.14sec, #0
0008 and 0029: [299/392], H[184], 0.00sec
0000 and 0029: 221 matches, 0.18sec, #1
0000 and 0029: [180/221], H[44], 0.00sec
0016 and 0029: 74 matches, 0.08sec, #2
0009 and 0029: 285 matches, 0.14sec, #0
0016 and 0029: [57/74], H[17], 0.00sec
0009 and 0029: [212/285], H[135], 0.00sec
0001 and 0029: 395 matches, 0.11sec, #1
0017 and 0029: 109 matches, 0.13sec, #2
0010 and 0029: 332 matches, 0.15sec, #0
0001 and 0029: [336/395], H[160], 0.00sec
0010 and 0029: [260/332], H[56], 0.00sec
0017 and 0029: [61/109], H[16], 0.01sec
0011 and 0029: 234 matches, 0.13sec, #0
0002 and 0029: 573 matches, 0.14sec, #1
0011 and 0029: [189/234], H[95], 0.00sec
0002 and 0029: [498/573], H[187], 0.00sec
0018 and 0029: 117 matches, 0.21sec, #2
0023 and 0029: 548 matches, 0.10sec, #1
0018 and 0029: [82/117], H[27], 0.00sec
0012 and 0029: 199 matches, 0.12sec, #0
0023 and 0029: [485/548], H[51], 0.00sec
0012 and 0029: [153/199], H[41], 0.00sec
0019 and 0029: 190 matches, 0.12sec, #2
0019 and 0029: [120/190], H[29], 0.00sec
0004 and 0030: 764 matches, 0.14sec, #0
0024 and 0029: 843 matches, 0.16sec, #1
0004 and 0030: [647/764], H[198], 0.01sec
0024 and 0029: [765/843], H[85], 0.01sec
0020 and 0029: 294 matches, 0.15sec, #2
0005 and 0030: 564 matches, 0.13sec, #0
0020 and 0029: [248/294], H[78], 0.00sec
0005 and 0030: [471/564], H[157], 0.00sec
0025 and 0029: 798 matches, 0.14sec, #1
0025 and 0029: [697/798], H[94], 0.01sec
0021 and 0029: 207 matches, 0.07sec, #2
0021 and 0029: [156/207], H[40], 0.00sec
0006 and 0030: 424 matches, 0.13sec, #0
0006 and 0030: [364/424], H[122], 0.00sec
0007 and 0030: 397 matches, 0.14sec, #0
0026 and 0029: 931 matches, 0.18sec, #1
0007 and 0030: [314/397], H[150], 0.00sec
0022 and 0029: 447 matches, 0.17sec, #2
0026 and 0029: [858/931], H[173], 0.01sec
0022 and 0029: [373/447], H[89], 0.00sec
0027 and 0029: 1671 matches, 0.09sec, #1
0008 and 0030: 277 matches, 0.13sec, #0
0027 and 0029: [1575/1671], H[421], 0.02sec
0008 and 0030: [228/277], H[63], 0.00sec
0014 and 0030: 146 matches, 0.14sec, #2
0014 and 0030: [94/146], H[17], 0.01sec
0009 and 0030: 268 matches, 0.14sec, #0
0028 and 0029: 911 matches, 0.14sec, #1
0009 and 0030: [199/268], H[68], 0.00sec
0028 and 0029: [858/911], H[139], 0.01sec
0015 and 0030: 113 matches, 0.11sec, #2
0015 and 0030: [63/113], H[19], 0.01sec
0010 and 0030: 248 matches, 0.13sec, #0
0010 and 0030: [195/248], H[33], 0.00sec
0000 and 0030: 361 matches, 0.17sec, #1
0016 and 0030: 101 matches, 0.06sec, #2
0000 and 0030: [288/361], H[124], 0.00sec
0011 and 0030: 242 matches, 0.13sec, #0
0016 and 0030: [64/101], H[22], 0.00sec
0011 and 0030: [182/242], H[71], 0.00sec
0001 and 0030: 638 matches, 0.12sec, #1
0001 and 0030: [553/638], H[244], 0.01sec
0017 and 0030: 104 matches, 0.14sec, #2
0012 and 0030: 163 matches, 0.13sec, #0
0012 and 0030: [110/163], H[60], 0.01sec
0017 and 0030: [58/104], H[23], 0.01sec
0002 and 0030: 859 matches, 0.13sec, #1
0013 and 0030: 143 matches, 0.11sec, #0
0002 and 0030: [760/859], H[305], 0.01sec
0013 and 0030: [84/143], H[26], 0.01sec
0018 and 0030: 130 matches, 0.16sec, #2
0003 and 0030: 798 matches, 0.09sec, #1
0018 and 0030: [69/130], H[18], 0.01sec
0024 and 0030: 755 matches, 0.15sec, #0
0003 and 0030: [635/798], H[226], 0.00sec
0024 and 0030: [636/755], H[170], 0.01sec
0025 and 0030: 649 matches, 0.15sec, #0
0019 and 0030: 126 matches, 0.17sec, #2
0004 and 0031: 1535 matches, 0.17sec, #1
0025 and 0030: [524/649], H[225], 0.01sec
0019 and 0030: [98/126], H[33], 0.00sec
0004 and 0031: [1421/1535], H[593], 0.01sec
0020 and 0030: 251 matches, 0.08sec, #2
0020 and 0030: [177/251], H[86], 0.01sec
0026 and 0030: 798 matches, 0.15sec, #0
0026 and 0030: [712/798], H[192], 0.01sec
0021 and 0030: 181 matches, 0.16sec, #2
0005 and 0031: 1075 matches, 0.18sec, #1
0027 and 0030: 1184 matches, 0.14sec, #0
0021 and 0030: [133/181], H[14], 0.00sec
0005 and 0031: [944/1075], H[327], 0.01sec
0027 and 0030: [1071/1184], H[214], 0.01sec
0028 and 0030: 1317 matches, 0.16sec, #0
0028 and 0030: [1190/1317], H[232], 0.01sec
0006 and 0031: 884 matches, 0.22sec, #1
0022 and 0030: 342 matches, 0.22sec, #2
0029 and 0030: 1273 matches, 0.14sec, #0
0006 and 0031: [724/884], H[449], 0.01sec
0022 and 0030: [292/342], H[98], 0.00sec
0029 and 0030: [1233/1273], H[545], 0.01sec
0000 and 0031: 739 matches, 0.13sec, #0
0000 and 0031: [626/739], H[284], 0.01sec
0007 and 0031: 630 matches, 0.15sec, #1
0007 and 0031: [513/630], H[218], 0.00sec
0023 and 0030: 493 matches, 0.22sec, #2
0008 and 0031: 474 matches, 0.08sec, #1
0001 and 0031: 1151 matches, 0.13sec, #0
0023 and 0030: [418/493], H[130], 0.00sec
0008 and 0031: [385/474], H[44], 0.00sec
0001 and 0031: [1049/1151], H[342], 0.01sec
0002 and 0031: 1424 matches, 0.11sec, #0
0002 and 0031: [1313/1424], H[221], 0.01sec
0014 and 0031: 135 matches, 0.16sec, #2
0009 and 0031: 355 matches, 0.16sec, #1
0014 and 0031: [72/135], H[18], 0.01sec
0009 and 0031: [264/355], H[118], 0.00sec
0003 and 0031: 1537 matches, 0.09sec, #0
0003 and 0031: [1411/1537], H[420], 0.01sec
0024 and 0031: 669 matches, 0.12sec, #0
0015 and 0031: 72 matches, 0.15sec, #2
0024 and 0031: [505/669], H[182], 0.00sec
0010 and 0031: 241 matches, 0.16sec, #1
0015 and 0031: [36/72], H[6], 0.01sec
0010 and 0031: [146/241], H[15], 0.01sec
0016 and 0031: 65 matches, 0.06sec, #2
0025 and 0031: 601 matches, 0.13sec, #0
0025 and 0031: [458/601], H[97], 0.01sec
0016 and 0031: [33/65], H[21], 0.01sec
0026 and 0031: 734 matches, 0.12sec, #0
0011 and 0031: 228 matches, 0.16sec, #1
0026 and 0031: [599/734], H[216], 0.01sec
0017 and 0031: 104 matches, 0.12sec, #2
0011 and 0031: [140/228], H[50], 0.01sec
0012 and 0031: 130 matches, 0.08sec, #1
0017 and 0031: [48/104], H[12], 0.09sec
0012 and 0031: [70/130], H[15], 0.01sec
0027 and 0031: 955 matches, 0.13sec, #0
0027 and 0031: [822/955], H[450], 0.01sec
0018 and 0031: 116 matches, 0.13sec, #2
0028 and 0031: 571 matches, 0.11sec, #0
0018 and 0031: [62/116], H[28], 0.01sec
0028 and 0031: [464/571], H[163], 0.00sec
0013 and 0031: 130 matches, 0.15sec, #1
0013 and 0031: [74/130], H[26], 0.04sec
0019 and 0031: 105 matches, 0.08sec, #2
0029 and 0031: 1133 matches, 0.11sec, #0
0019 and 0031: [57/105], H[13], 0.01sec
0029 and 0031: [1074/1133], H[283], 0.01sec
0003 and 0032: 1560 matches, 0.12sec, #1
0030 and 0031: 1520 matches, 0.11sec, #0
0003 and 0032: [1443/1560], H[539], 0.01sec
0020 and 0031: 280 matches, 0.13sec, #2
0030 and 0031: [1464/1520], H[610], 0.01sec
0020 and 0031: [191/280], H[111], 0.00sec
0000 and 0032: 1098 matches, 0.11sec, #0
0000 and 0032: [909/1098], H[300], 0.01sec
0021 and 0031: 131 matches, 0.16sec, #2
0004 and 0032: 1418 matches, 0.17sec, #1
0021 and 0031: [95/131], H[44], 0.00sec
0001 and 0032: 1279 matches, 0.07sec, #0
0004 and 0032: [1266/1418], H[277], 0.01sec
0001 and 0032: [1143/1279], H[338], 0.01sec
0002 and 0032: 1556 matches, 0.10sec, #0
0022 and 0031: 349 matches, 0.14sec, #2
0002 and 0032: [1449/1556], H[301], 0.01sec
0022 and 0031: [281/349], H[101], 0.00sec
0005 and 0032: 874 matches, 0.15sec, #1
0005 and 0032: [727/874], H[314], 0.01sec
0023 and 0031: 470 matches, 0.08sec, #2
0013 and 0032: 105 matches, 0.13sec, #0
0023 and 0031: [376/470], H[240], 0.00sec
0013 and 0032: [59/105], H[8], 0.01sec
0006 and 0032: 590 matches, 0.13sec, #1
0006 and 0032: [490/590], H[235], 0.01sec
0023 and 0032: 333 matches, 0.14sec, #2
0014 and 0032: 108 matches, 0.13sec, #0
0023 and 0032: [230/333], H[76], 0.00sec
0014 and 0032: [52/108], H[26], 0.02sec
0015 and 0032: 61 matches, 0.10sec, #0
0007 and 0032: 551 matches, 0.15sec, #1
0015 and 0032: [30/61], H[6], 0.02sec
0007 and 0032: [435/551], H[151], 0.01sec
0024 and 0032: 504 matches, 0.21sec, #2
0008 and 0032: 391 matches, 0.10sec, #1
0024 and 0032: [372/504], H[171], 0.00sec
0016 and 0032: 65 matches, 0.11sec, #0
0008 and 0032: [304/391], H[184], 0.00sec
0025 and 0032: 435 matches, 0.11sec, #2
0025 and 0032: [316/435], H[178], 0.01sec
0016 and 0032: [25/65], H[5], 0.14sec
0009 and 0032: 300 matches, 0.24sec, #1
0009 and 0032: [198/300], H[58], 0.01sec
0026 and 0032: 486 matches, 0.15sec, #2
0017 and 0032: 102 matches, 0.13sec, #0
0026 and 0032: [366/486], H[125], 0.01sec
0010 and 0032: 198 matches, 0.13sec, #1
0017 and 0032: [29/102], H[7], 0.12sec
0010 and 0032: [108/198], H[26], 0.01sec
0027 and 0032: 637 matches, 0.18sec, #2
0027 and 0032: [469/637], H[241], 0.00sec
0011 and 0032: 167 matches, 0.10sec, #1
0018 and 0032: 86 matches, 0.11sec, #0
0011 and 0032: [99/167], H[37], 0.01sec
0018 and 0032: [40/86], H[15], 0.02sec
0019 and 0032: 91 matches, 0.10sec, #0
0028 and 0032: 367 matches, 0.15sec, #2
0028 and 0032: [306/367], H[103], 0.00sec
0019 and 0032: [32/91], H[19], 0.06sec
0012 and 0032: 111 matches, 0.19sec, #1
0029 and 0032: 815 matches, 0.09sec, #2
0012 and 0032: [61/111], H[15], 0.01sec
0029 and 0032: [737/815], H[258], 0.01sec
0020 and 0032: 236 matches, 0.09sec, #0
0020 and 0032: [143/236], H[36], 0.01sec
0021 and 0032: 131 matches, 0.10sec, #0
0001 and 0033: 1025 matches, 0.12sec, #1
0021 and 0032: [85/131], H[48], 0.00sec
0001 and 0033: [930/1025], H[504], 0.01sec
0030 and 0032: 934 matches, 0.14sec, #2
0030 and 0032: [828/934], H[265], 0.01sec
0002 and 0033: 1181 matches, 0.07sec, #1
0022 and 0032: 295 matches, 0.12sec, #0
0002 and 0033: [1083/1181], H[243], 0.01sec
0022 and 0032: [209/295], H[116], 0.00sec
0011 and 0033: 176 matches, 0.09sec, #0
0011 and 0033: [121/176], H[32], 0.00sec
0031 and 0032: 2683 matches, 0.14sec, #2
0003 and 0033: 1103 matches, 0.13sec, #1
0031 and 0032: [2541/2683], H[1743], 0.01sec
0012 and 0033: 111 matches, 0.08sec, #0
0003 and 0033: [1025/1103], H[349], 0.01sec
0012 and 0033: [70/111], H[37], 0.00sec
0000 and 0033: 876 matches, 0.12sec, #2
0013 and 0033: 88 matches, 0.11sec, #0
0000 and 0033: [740/876], H[238], 0.01sec
0013 and 0033: [54/88], H[19], 0.01sec
0004 and 0033: 800 matches, 0.19sec, #1
0004 and 0033: [688/800], H[234], 0.00sec
0021 and 0033: 71 matches, 0.09sec, #2
0014 and 0033: 86 matches, 0.09sec, #0
0021 and 0033: [56/71], H[25], 0.00sec
0014 and 0033: [50/86], H[21], 0.04sec
0015 and 0033: 50 matches, 0.07sec, #0
0005 and 0033: 548 matches, 0.14sec, #1
0022 and 0033: 163 matches, 0.13sec, #2
0015 and 0033: [24/50], H[10], 0.01sec
0005 and 0033: [414/548], H[122], 0.00sec
0022 and 0033: [119/163], H[40], 0.00sec
0016 and 0033: 59 matches, 0.11sec, #0
0006 and 0033: 544 matches, 0.13sec, #1
0006 and 0033: [460/544], H[307], 0.00sec
0016 and 0033: [26/59], H[7], 0.02sec
0023 and 0033: 233 matches, 0.20sec, #2
0023 and 0033: [174/233], H[94], 0.00sec
0007 and 0033: 364 matches, 0.09sec, #1
0017 and 0033: 79 matches, 0.09sec, #0
0007 and 0033: [301/364], H[151], 0.00sec
0017 and 0033: [40/79], H[16], 0.03sec
0024 and 0033: 332 matches, 0.08sec, #2
0024 and 0033: [266/332], H[118], 0.00sec
0008 and 0033: 273 matches, 0.07sec, #1
0008 and 0033: [214/273], H[68], 0.00sec
0018 and 0033: 68 matches, 0.10sec, #0
0018 and 0033: [31/68], H[12], 0.04sec
0025 and 0033: 307 matches, 0.14sec, #2
0025 and 0033: [231/307], H[102], 0.00sec
0019 and 0033: 80 matches, 0.09sec, #0
0009 and 0033: 192 matches, 0.14sec, #1
0009 and 0033: [132/192], H[30], 0.01sec
0019 and 0033: [39/80], H[16], 0.01sec
0020 and 0033: 139 matches, 0.11sec, #0
0026 and 0033: 365 matches, 0.14sec, #2
0020 and 0033: [95/139], H[28], 0.00sec
0026 and 0033: [288/365], H[48], 0.00sec
0010 and 0033: 188 matches, 0.15sec, #1
0027 and 0033: 668 matches, 0.08sec, #2
0010 and 0033: [131/188], H[45], 0.00sec
0027 and 0033: [569/668], H[351], 0.00sec
0031 and 0033: 1354 matches, 0.12sec, #0
0031 and 0033: [1258/1354], H[183], 0.01sec
0032 and 0033: 1821 matches, 0.10sec, #0
0008 and 0034: 295 matches, 0.14sec, #1
0008 and 0034: [186/295], H[92], 0.01sec
0032 and 0033: [1733/1821], H[1320], 0.01sec
0028 and 0033: 386 matches, 0.23sec, #2
0000 and 0034: 1575 matches, 0.10sec, #0
0028 and 0033: [313/386], H[86], 0.00sec
0000 and 0034: [1425/1575], H[628], 0.01sec
0009 and 0034: 237 matches, 0.14sec, #1
0009 and 0034: [145/237], H[23], 0.01sec
0029 and 0033: 711 matches, 0.10sec, #2
0001 and 0034: 1532 matches, 0.10sec, #0
0029 and 0033: [591/711], H[127], 0.01sec
0001 and 0034: [1405/1532], H[508], 0.04sec
0010 and 0034: 138 matches, 0.13sec, #1
0030 and 0033: 914 matches, 0.14sec, #2
0010 and 0034: [78/138], H[23], 0.01sec
0002 and 0034: 1728 matches, 0.10sec, #0
0030 and 0033: [771/914], H[169], 0.01sec
0002 and 0034: [1590/1728], H[990], 0.01sec
0003 and 0034: 1171 matches, 0.09sec, #0
0003 and 0034: [1022/1171], H[284], 0.01sec
0011 and 0034: 167 matches, 0.14sec, #1
0018 and 0034: 102 matches, 0.15sec, #2
0011 and 0034: [83/167], H[24], 0.02sec
0004 and 0034: 1062 matches, 0.09sec, #0
0004 and 0034: [900/1062], H[181], 0.01sec
0018 and 0034: [37/102], H[25], 0.04sec
0012 and 0034: 93 matches, 0.14sec, #1
0005 and 0034: 640 matches, 0.12sec, #0
0005 and 0034: [484/640], H[288], 0.01sec
0012 and 0034: [44/93], H[12], 0.01sec
0019 and 0034: 69 matches, 0.14sec, #2
0013 and 0034: 84 matches, 0.08sec, #1
0006 and 0034: 409 matches, 0.11sec, #0
0013 and 0034: [43/84], H[9], 0.01sec
0006 and 0034: [289/409], H[103], 0.00sec
0019 and 0034: [23/69], H[9], 0.09sec
0014 and 0034: 90 matches, 0.08sec, #1
0007 and 0034: 400 matches, 0.13sec, #0
0014 and 0034: [39/90], H[21], 0.02sec
0007 and 0034: [265/400], H[38], 0.03sec
0020 and 0034: 169 matches, 0.13sec, #2
0015 and 0034: 47 matches, 0.13sec, #1
0020 and 0034: [88/169], H[40], 0.01sec
0028 and 0034: 243 matches, 0.11sec, #0
0028 and 0034: [195/243], H[22], 0.00sec
0015 and 0034: [18/47], H[5], 0.07sec
0021 and 0034: 97 matches, 0.07sec, #2
0029 and 0034: 423 matches, 0.11sec, #0
0021 and 0034: [64/97], H[25], 0.00sec
0029 and 0034: [367/423], H[91], 0.00sec
0016 and 0034: 55 matches, 0.10sec, #1
0030 and 0034: 600 matches, 0.11sec, #0
0030 and 0034: [512/600], H[182], 0.01sec
0022 and 0034: 169 matches, 0.14sec, #2
0022 and 0034: [109/169], H[36], 0.00sec
0016 and 0034: [22/55], H[10], 0.05sec
0031 and 0034: 1501 matches, 0.09sec, #0
0031 and 0034: [1356/1501], H[163], 0.01sec
0032 and 0034: 2335 matches, 0.10sec, #0
0023 and 0034: 245 matches, 0.15sec, #2
0032 and 0034: [2194/2335], H[516], 0.02sec
0023 and 0034: [159/245], H[45], 0.00sec
0017 and 0034: 100 matches, 0.23sec, #1
0033 and 0034: 1756 matches, 0.10sec, #0
0033 and 0034: [1670/1756], H[444], 0.01sec
0024 and 0034: 349 matches, 0.11sec, #2
0024 and 0034: [241/349], H[48], 0.00sec
0017 and 0034: [22/100], H[10], 0.05sec
0000 and 0035: 1653 matches, 0.09sec, #0
0000 and 0035: [1357/1653], H[677], 0.01sec
0001 and 0035: 1490 matches, 0.10sec, #0
0001 and 0035: [1358/1490], H[411], 0.01sec
0025 and 0034: 296 matches, 0.16sec, #2
0004 and 0035: 956 matches, 0.15sec, #1
0025 and 0034: [202/296], H[76], 0.01sec
0004 and 0035: [791/956], H[498], 0.01sec
0002 and 0035: 1685 matches, 0.07sec, #0
0002 and 0035: [1562/1685], H[454], 0.01sec
0003 and 0035: 1083 matches, 0.09sec, #0
0003 and 0035: [971/1083], H[241], 0.01sec
0005 and 0035: 620 matches, 0.14sec, #1
0026 and 0034: 346 matches, 0.15sec, #2
0005 and 0035: [463/620], H[298], 0.00sec
0014 and 0035: 116 matches, 0.08sec, #0
0026 and 0034: [250/346], H[66], 0.00sec
0014 and 0035: [57/116], H[29], 0.05sec
0006 and 0035: 371 matches, 0.12sec, #1
0006 and 0035: [256/371], H[50], 0.01sec
0015 and 0035: 44 matches, 0.08sec, #0
0015 and 0035: [21/44], H[11], 0.02sec
0027 and 0034: 409 matches, 0.20sec, #2
0007 and 0035: 365 matches, 0.08sec, #1
0027 and 0034: [302/409], H[73], 0.01sec
0016 and 0035: 54 matches, 0.07sec, #0
0007 and 0035: [238/365], H[83], 0.00sec
0016 and 0035: [24/54], H[11], 0.03sec
0017 and 0035: 87 matches, 0.08sec, #0
0024 and 0035: 352 matches, 0.14sec, #2
0024 and 0035: [248/352], H[47], 0.01sec
0008 and 0035: 300 matches, 0.20sec, #1
0008 and 0035: [185/300], H[55], 0.01sec
0017 and 0035: [30/87], H[8], 0.11sec
0025 and 0035: 318 matches, 0.09sec, #2
0009 and 0035: 221 matches, 0.08sec, #1
0025 and 0035: [210/318], H[37], 0.01sec
0018 and 0035: 98 matches, 0.10sec, #0
0009 and 0035: [134/221], H[37], 0.01sec
0018 and 0035: [40/98], H[16], 0.03sec
0019 and 0035: 69 matches, 0.09sec, #0
0026 and 0035: 354 matches, 0.15sec, #2
0026 and 0035: [252/354], H[59], 0.01sec
0019 and 0035: [29/69], H[9], 0.06sec
0010 and 0035: 146 matches, 0.21sec, #1
0010 and 0035: [82/146], H[33], 0.01sec
0027 and 0035: 427 matches, 0.10sec, #2
0020 and 0035: 155 matches, 0.11sec, #0
0027 and 0035: [324/427], H[74], 0.01sec
0020 and 0035: [85/155], H[34], 0.01sec
0021 and 0035: 93 matches, 0.09sec, #0
0021 and 0035: [56/93], H[21], 0.01sec
0011 and 0035: 172 matches, 0.13sec, #1
0011 and 0035: [91/172], H[22], 0.01sec
0028 and 0035: 245 matches, 0.15sec, #2
0022 and 0035: 161 matches, 0.09sec, #0
0028 and 0035: [170/245], H[59], 0.00sec
0022 and 0035: [111/161], H[27], 0.00sec
0023 and 0035: 257 matches, 0.11sec, #0
0012 and 0035: 102 matches, 0.13sec, #1
0023 and 0035: [162/257], H[54], 0.01sec
0012 and 0035: [47/102], H[13], 0.02sec
0029 and 0035: 381 matches, 0.15sec, #2
0029 and 0035: [336/381], H[208], 0.00sec
0030 and 0035: 599 matches, 0.09sec, #0
0030 and 0035: [515/599], H[42], 0.01sec
0031 and 0035: 1459 matches, 0.10sec, #0
0031 and 0035: [1315/1459], H[455], 0.01sec
0013 and 0035: 85 matches, 0.16sec, #1
0033 and 0035: 1571 matches, 0.15sec, #2
0013 and 0035: [40/85], H[13], 0.01sec
0032 and 0035: 2012 matches, 0.08sec, #0
0033 and 0035: [1495/1571], H[593], 0.01sec
0032 and 0035: [1904/2012], H[604], 0.02sec
0034 and 0035: 2894 matches, 0.07sec, #1
0034 and 0035: [2732/2894], H[1102], 0.01sec

###########-------timing------#########
630 Image Match finished, 37 sec used
#############################

----------------------------------------------------------------
Compute Missing Pairwise Matching, finished
Totally 42.000 seconds used


Run full 3D reconstruction, begin...
619 pairs have two-view models
630 pairs have fundamental matrices
Initialize with sofa (10) and sofa (24)
759 3D points initialized from two images
PBA library version = 105
PBA: 759 3D pts, 2 cams and 1518 projs...
PBA: 6.009 -> 0.230 (2 LMs in 0.13sec)
Focal Length : [431.910]->[431.910]
Focal Length : [431.910]->[431.910]

#############################
#3: [sofa (26)] sees 829 (+2840) 3D points
Estimated Focal Length [432][0.67W]
# 493 projs (0 pts and 0 merges)
PBA: 759 3D pts, 3 cams and 2011 projs...
PBA: 0.445 -> 0.081 (1 LMs in 0.01sec)

**************************************
#3/3:  1216 projs and 302 pts added.
PBA: 1057 3D pts, 3 cams and 2726 projs...
PBA: 0.649 -> 0.604 (13 LMs in 0.05sec)
PBA: 1057 3D pts, 3 cams and 2726 projs...
PBA: 0.604 -> 0.604 (12 LMs in 0.05sec)
Focal Length : [431.910]->[431.910]
Radial Distortion : [0.000 -> 0]

#############################
#4: [sofa (25)] sees 1514 (+3986) 3D points
Estimated Focal Length [432][0.67W]
# 2604 projs (684 pts and 0 merges)
PBA: 1735 3D pts, 4 cams and 5318 projs...
PBA: 0.575 -> 0.502 (17 LMs in 0.07sec)
#points w/ large errors:	4
Focal Length : [431.910]->[431.910]
Radial Distortion : [0.000 -> 0]

#############################
#5: [sofa (27)] sees 3524 (+4093) 3D points
Estimated Focal Length [432][0.67W]
# 6357 projs (1528 pts and 19 merges)
PBA: 3231 3D pts, 5 cams and 11645 projs...
PBA: 0.258 -> 0.231 (1 LMs in 0.01sec)
#points w/ large errors:	2

**************************************
#5/5:  6759 projs and 1616 pts added.
PBA: 3312 3D pts, 5 cams and 12031 projs...
PBA: 0.359 -> 0.359 (16 LMs in 0.07sec)
PBA: 3312 3D pts, 5 cams and 12031 projs...
PBA: 0.359 -> 0.359 (16 LMs in 0.06sec)
Focal Length : [431.910]->[431.910]
Radial Distortion : [0.000 -> 0]

#############################
#6: [sofa (23)] sees 6236 (+2307) 3D points
Estimated Focal Length [432][0.67W]
# 4373 projs (998 pts and 44 merges)
PBA: 4247 3D pts, 6 cams and 16366 projs...
PBA: 0.600 -> 0.405 (15 LMs in 0.08sec)
#points w/ large errors:	12
Focal Length : [431.910]->[431.910]
Radial Distortion : [0.000 -> 0]

#############################
#7: [sofa (28)] sees 7002 (+1925) 3D points
Estimated Focal Length [432][0.67W]
# 6753 projs (1786 pts and 171 merges)
PBA: 5831 3D pts, 7 cams and 23035 projs...
PBA: 0.326 -> 0.208 (1 LMs in 0.01sec)
#points w/ large errors:	10

**************************************
#7/7:  7202 projs and 1807 pts added.
PBA: 5825 3D pts, 7 cams and 23427 projs...
PBA: 0.091 -> 0.086 (1 LMs in 0.01sec)
PBA: 5825 3D pts, 7 cams and 23427 projs...
PBA: 0.086 -> 0.085 (3 LMs in 0.01sec)
Focal Length : [431.910]->[431.910]
Radial Distortion : [0.000 -> 0]

#############################
#8: [sofa (21)] sees 8469 (+1835) 3D points
Estimated Focal Length [432][0.67W]
# 4651 projs (928 pts and 146 merges)
PBA: 5264 3D pts, 8 cams and 25392 projs...
PBA: 0.180 -> 0.129 (1 LMs in 0.04sec)
#points w/ large errors:	5
Focal Length : [431.910]->[431.910]
Radial Distortion : [0.000 -> 0]

#############################
#9: [sofa (29)] sees 9241 (+1412) 3D points
Estimated Focal Length [432][0.67W]
# 3386 projs (338 pts and 71 merges)
PBA: 5288 3D pts, 9 cams and 28283 projs...
PBA: 0.218 -> 0.165 (3 LMs in 0.01sec)
#points w/ large errors:	10

**************************************
#9/9:  3747 projs and 412 pts added.
PBA: 6837 3D pts, 9 cams and 31587 projs...
PBA: 0.127 -> 0.126 (3 LMs in 0.01sec)
PBA: 6837 3D pts, 9 cams and 31587 projs...
PBA: 0.126 -> 0.123 (4 LMs in 0.01sec)
Focal Length : [431.910]->[431.910]
Radial Distortion : [0.000 -> 0]

#############################
#10: [sofa (9)] sees 4766 (+1856) 3D points
Estimated Focal Length [432][0.67W]
# 3095 projs (762 pts and 50 merges)
PBA: 6058 3D pts, 10 cams and 31700 projs...
PBA: 0.162 -> 0.126 (1 LMs in 0.01sec)
#points w/ large errors:	21
Focal Length : [431.910]->[431.910]
Radial Distortion : [0.000 -> 0]

#############################
#11: [sofa (8)] sees 7389 (+2143) 3D points
Estimated Focal Length [432][0.67W]
# 5212 projs (1281 pts and 236 merges)
PBA: 6858 3D pts, 11 cams and 36401 projs...
PBA: 0.164 -> 0.124 (1 LMs in 0.01sec)
#points w/ large errors:	3
Focal Length : [431.910]->[431.910]
Radial Distortion : [0.000 -> 0]

#############################
#12: [sofa (7)] sees 8124 (+1431) 3D points
Estimated Focal Length [432][0.67W]
# 4499 projs (913 pts and 131 merges)
PBA: 7299 3D pts, 12 cams and 40214 projs...
PBA: 0.164 -> 0.149 (4 LMs in 0.01sec)
#points w/ large errors:	9

**************************************
#12/12:  5033 projs and 1054 pts added.
PBA: 9395 3D pts, 12 cams and 44659 projs...
PBA: 0.145 -> 0.131 (1 LMs in 0.01sec)
PBA: 9395 3D pts, 12 cams and 44659 projs...
PBA: 0.131 -> 0.129 (1 LMs in 0.05sec)
Focal Length : [431.910]->[431.910]
Radial Distortion : [0.000 -> 0]

#############################
#13: [sofa (6)] sees 9538 (+1546) 3D points
Estimated Focal Length [432][0.67W]
# 4973 projs (970 pts and 131 merges)
PBA: 7999 3D pts, 13 cams and 45162 projs...
PBA: 0.190 -> 0.149 (1 LMs in 0.01sec)
#points w/ large errors:	20
Focal Length : [431.910]->[431.910]
Radial Distortion : [0.000 -> 0]

#############################
#14: [sofa (11)] sees 8063 (+1523) 3D points
Estimated Focal Length [432][0.67W]
# 4132 projs (868 pts and 76 merges)
PBA: 8427 3D pts, 14 cams and 48534 projs...
PBA: 0.179 -> 0.153 (1 LMs in 0.01sec)
#points w/ large errors:	26
Focal Length : [431.910]->[431.910]
Radial Distortion : [0.000 -> 0]

#############################
#15: [sofa (12)] sees 9130 (+1605) 3D points
Estimated Focal Length [432][0.67W]
# 4167 projs (615 pts and 130 merges)
PBA: 8581 3D pts, 15 cams and 51972 projs...
PBA: 0.259 -> 0.186 (1 LMs in 0.01sec)
#points w/ large errors:	12
Focal Length : [431.910]->[431.910]
Radial Distortion : [0.000 -> 0]

#############################
#16: [sofa (5)] sees 7906 (+1016) 3D points
Estimated Focal Length [432][0.67W]
# 4234 projs (903 pts and 96 merges)
PBA: 9194 3D pts, 16 cams and 55799 projs...
PBA: 0.207 -> 0.185 (1 LMs in 0.01sec)
#points w/ large errors:	32

**************************************
#16/16:  4810 projs and 1055 pts added.
PBA: 12176 3D pts, 16 cams and 61925 projs...
PBA: 0.168 -> 0.168 (6 LMs in 0.03sec)
PBA: 12176 3D pts, 16 cams and 61925 projs...
PBA: 0.168 -> 0.167 (6 LMs in 0.02sec)
Focal Length : [431.910]->[431.910]
Radial Distortion : [0.000 -> 0]

#############################
#17: [sofa (32)] sees 7156 (+960) 3D points
Estimated Focal Length [432][0.67W]
# 3581 projs (682 pts and 86 merges)
PBA: 9421 3D pts, 17 cams and 58804 projs...
PBA: 0.255 -> 0.222 (4 LMs in 0.02sec)
#points w/ large errors:	54
Focal Length : [431.910]->[431.910]
Radial Distortion : [0.000 -> 0]

#############################
#18: [sofa (33)] sees 6824 (+1471) 3D points
Estimated Focal Length [432][0.67W]
# 3247 projs (462 pts and 64 merges)
PBA: 9484 3D pts, 18 cams and 61273 projs...
PBA: 0.237 -> 0.191 (1 LMs in 0.04sec)
#points w/ large errors:	14
Focal Length : [431.910]->[431.910]
Radial Distortion : [0.000 -> 0]

#############################
#19: [sofa (4)] sees 9334 (+1225) 3D points
Estimated Focal Length [432][0.67W]
# 3868 projs (604 pts and 125 merges)
PBA: 9876 3D pts, 19 cams and 64948 projs...
PBA: 0.248 -> 0.207 (1 LMs in 0.01sec)
#points w/ large errors:	40
Focal Length : [431.910]->[431.910]
Radial Distortion : [0.000 -> 0]

#############################
#20: [sofa (35)] sees 6792 (+1359) 3D points
Estimated Focal Length [432][0.67W]
# 4975 projs (1276 pts and 67 merges)
PBA: 10811 3D pts, 20 cams and 69227 projs...
PBA: 0.278 -> 0.175 (1 LMs in 0.05sec)
#points w/ large errors:	28
Focal Length : [431.910]->[431.910]
Radial Distortion : [0.000 -> 0]

#############################
#21: [sofa (36)] sees 8878 (+1400) 3D points
Estimated Focal Length [432][0.67W]
# 4117 projs (597 pts and 115 merges)
SKIP: 0 cams, 36 points, 189 projs
PBA: 14931 3D pts, 20 cams and 80549 projs...
PBA: 0.241 -> 0.184 (1 LMs in 0.03sec)
#points w/ large errors:	10

**************************************
#21/21:  4947 projs and 748 pts added.
PBA: 15016 3D pts, 21 cams and 81257 projs...
PBA: 0.250 -> 0.221 (1 LMs in 0.01sec)
PBA: 15016 3D pts, 21 cams and 81257 projs...
PBA: 0.221 -> 0.220 (1 LMs in 0.05sec)
#unstable points removed:	2
Focal Length : [431.910]->[431.910]
Radial Distortion : [0.000 -> 0]

#############################
#22: [sofa (3)] sees 11169 (+1339) 3D points
Estimated Focal Length [432][0.67W]
# 4307 projs (671 pts and 136 merges)
SKIP: 0 cams, 19 points, 98 projs
PBA: 15425 3D pts, 20 cams and 85308 projs...
PBA: 0.390 -> 0.371 (5 LMs in 0.03sec)
#points w/ large errors:	102
Focal Length : [431.910]->[431.910]
Radial Distortion : [0.000 -> 0]

#############################
#23: [sofa (34)] sees 11180 (+1082) 3D points
Estimated Focal Length [432][0.67W]
# 3377 projs (294 pts and 85 merges)
SKIP: 0 cams, 58 points, 559 projs
PBA: 15481 3D pts, 20 cams and 88120 projs...
PBA: 0.339 -> 0.337 (5 LMs in 0.02sec)
#points w/ large errors:	33
#unstable points removed:	1
Focal Length : [431.910]->[431.910]
Radial Distortion : [0.000 -> 0]

#############################
#24: [sofa (2)] sees 10407 (+1148) 3D points
Estimated Focal Length [432][0.67W]
# 3372 projs (354 pts and 94 merges)
SKIP: 0 cams, 101 points, 322 projs
PBA: 15642 3D pts, 20 cams and 91208 projs...
PBA: 0.294 -> 0.267 (5 LMs in 0.02sec)
#points w/ large errors:	32
#unstable points removed:	1
Focal Length : [431.910]->[431.910]
Radial Distortion : [0.000 -> 0]

#############################
#25: [sofa (31)] sees 12137 (+1112) 3D points
Estimated Focal Length [432][0.67W]
# 3979 projs (650 pts and 149 merges)
SKIP: 0 cams, 216 points, 752 projs
PBA: 15941 3D pts, 20 cams and 94556 projs...
PBA: 0.234 -> 0.206 (1 LMs in 0.01sec)
#points w/ large errors:	34
Focal Length : [431.910]->[431.910]
Radial Distortion : [0.000 -> 0]

#############################
#26: [sofa (30)] sees 13727 (+942) 3D points
Estimated Focal Length [432][0.67W]
# 4291 projs (689 pts and 214 merges)
PBA: 12112 3D pts, 26 cams and 90245 projs...
PBA: 0.207 -> 0.186 (1 LMs in 0.01sec)
#points w/ large errors:	42
Focal Length : [431.910]->[431.910]
Radial Distortion : [0.000 -> 0]

#############################
#27: [sofa (1)] sees 8684 (+1001) 3D points
Estimated Focal Length [432][0.67W]
# 4196 projs (890 pts and 92 merges)
SKIP: 0 cams, 998 points, 2996 projs
PBA: 16293 3D pts, 20 cams and 100353 projs...
PBA: 0.189 -> 0.168 (1 LMs in 0.01sec)
#points w/ large errors:	21

**************************************
#27/27:  5801 projs and 1167 pts added.
PBA: 17435 3D pts, 27 cams and 104425 projs...
PBA: 0.315 -> 0.271 (19 LMs in 0.17sec)
#unstable points removed:	2
PBA: 17433 3D pts, 27 cams and 104420 projs...
PBA: 0.248 -> 0.248 (6 LMs in 0.11sec)
Focal Length : [431.910]->[431.910]
Radial Distortion : [0.000 -> 0]

#############################
#28: [sofa (22)] sees 9195 (+878) 3D points
Estimated Focal Length [432][0.67W]
# 3179 projs (469 pts and 77 merges)
SKIP: 0 cams, 1440 points, 4238 projs
PBA: 16305 3D pts, 20 cams and 103207 projs...
PBA: 0.315 -> 0.286 (5 LMs in 0.11sec)
#points w/ large errors:	160
Focal Length : [431.910]->[431.910]
Radial Distortion : [0.000 -> 0]

#############################
#29: [sofa (20)] sees 8131 (+1020) 3D points
Estimated Focal Length [432][0.67W]
# 3556 projs (690 pts and 76 merges)
SKIP: 0 cams, 1856 points, 6984 projs
PBA: 16324 3D pts, 20 cams and 103987 projs...
PBA: 0.206 -> 0.162 (4 LMs in 0.02sec)
#points w/ large errors:	6
Focal Length : [431.910]->[431.910]
Radial Distortion : [0.000 -> 0]

#############################
#30: [sofa (13)] sees 7766 (+977) 3D points
Estimated Focal Length [432][0.67W]
# 2067 projs (0 pts and 33 merges)
SKIP: 0 cams, 2079 points, 6626 projs
PBA: 16062 3D pts, 20 cams and 105504 projs...
PBA: 0.331 -> 0.180 (4 LMs in 0.01sec)
#points w/ large errors:	25
Focal Length : [431.910]->[431.910]
Radial Distortion : [0.000 -> 0]

#############################
#31: [sofa (14)] sees 7493 (+1341) 3D points
Estimated Focal Length [432][0.67W]
# 4168 projs (1006 pts and 51 merges)
SKIP: 0 cams, 2345 points, 7639 projs
PBA: 16655 3D pts, 20 cams and 108591 projs...
PBA: 0.212 -> 0.182 (1 LMs in 0.01sec)
#points w/ large errors:	14
Focal Length : [431.910]->[431.910]
Radial Distortion : [0.000 -> 0]

#############################
#32: [sofa (15)] sees 10211 (+1428) 3D points
Estimated Focal Length [432][0.67W]
# 4446 projs (803 pts and 147 merges)
PBA: 13990 3D pts, 32 cams and 109109 projs...
PBA: 0.229 -> 0.189 (1 LMs in 0.05sec)
#points w/ large errors:	38
Focal Length : [431.910]->[431.910]
Radial Distortion : [0.000 -> 0]

#############################
#33: [sofa (19)] sees 10838 (+1241) 3D points
Estimated Focal Length [432][0.67W]
# 5119 projs (1115 pts and 232 merges)
SKIP: 0 cams, 3155 points, 10106 projs
PBA: 17283 3D pts, 20 cams and 115362 projs...
PBA: 0.210 -> 0.187 (1 LMs in 0.01sec)
#points w/ large errors:	32
Focal Length : [431.910]->[431.910]
Radial Distortion : [0.000 -> 0]

#############################
#34: [sofa (18)] sees 12647 (+1224) 3D points
Estimated Focal Length [432][0.67W]
# 4858 projs (847 pts and 294 merges)
SKIP: 0 cams, 3629 points, 11287 projs
PBA: 17370 3D pts, 20 cams and 118901 projs...
PBA: 0.225 -> 0.198 (1 LMs in 0.01sec)
#points w/ large errors:	22

**************************************
#34/34:  6740 projs and 1423 pts added.
PBA: 21392 3D pts, 34 cams and 131692 projs...
PBA: 0.256 -> 0.218 (1 LMs in 0.02sec)
PBA: 21392 3D pts, 34 cams and 131692 projs...
PBA: 0.218 -> 0.218 (1 LMs in 0.05sec)
Focal Length : [431.910]->[431.910]
Radial Distortion : [0.000 -> 0]

#############################
#35: [sofa (16)] sees 10129 (+880) 3D points
Estimated Focal Length [432][0.67W]
# 3498 projs (540 pts and 99 merges)
SKIP: 0 cams, 4082 points, 13058 projs
PBA: 17638 3D pts, 20 cams and 121948 projs...
PBA: 0.284 -> 0.260 (5 LMs in 0.03sec)
#points w/ large errors:	110
Focal Length : [431.910]->[431.910]
Radial Distortion : [0.000 -> 0]

#############################
#36: [sofa (17)] sees 9712 (+861) 3D points
Estimated Focal Length [432][0.67W]
# 2989 projs (323 pts and 96 merges)
SKIP: 0 cams, 4579 points, 14984 projs
PBA: 17284 3D pts, 20 cams and 122957 projs...
PBA: 0.244 -> 0.230 (1 LMs in 0.01sec)
#points w/ large errors:	25
Focal Length : [431.910]->[431.910]
Radial Distortion : [0.000 -> 0]
END: No more images to add [0 projs]

#############################
Failed to find two images for initialization
Resuming SfM finished, 4 sec used

---------------------------------------------------
36 cams, 21965 pts (3+: 14958)
137686 projections (3+: 123689)
---------------------------------------------------
1 model(s) reconstructed from 36 images;
36 modeled; 0 reused; 0 EXIF; 
4MB(4) used to store feature location.
---------------------------------------------------

########-------timing------#########
Structure-From-Motion finished, 4 sec used
2.5(1.9) seconds on Bundle Adjustment (+)
1.7(1.4) seconds on Bundle Adjustment (*)
#############################
----------------------------------------------------------------
Run full 3D reconstruction, finished
Totally 4.000 seconds used


sofa (17)
[640 x 480] [F0 = 432 ][5542]
F = 432, D = [0.000 -> 0] < [2373]

# features : 5757 and 5542
[NM = 1866] [average scaling 0.996] [cov 1.065]
[NF = 1787] [average scaling 0.996] [cov 1.061]
[index] [2154: 0-5750] [2197: 1-5534]
NH = 1360 - 1803
F1 = 431.910034, F2 = 431.910034
C2 = [-0.684, 0.729, 0.036]
Rz = [0.019, 0.005, 1.000]
NS = 0, AA = 1.083, GE=0.0
SV = 1.000, Forward = 0.036, Z = 1.000

Run dense reconstruction, begin...
Save to sofa3+7.nvm ... done

#############################
Undistorting 36 images in model #0
param_undistortion_thread_num = 0
NOTE: using 16 threads...
#01: sofa (26) -> 00000002.jpg, 0.028 sec
#02: sofa (27) -> 00000004.jpg, 0.029 sec
#08: sofa (33) -> 00000017.jpg, 0.028 sec
#06: sofa (32) -> 00000016.jpg, 0.029 sec
#04: sofa (12) -> 00000014.jpg, 0.029 sec
#10: sofa (29) -> 00000008.jpg, 0.031 sec
#15: sofa (11) -> 00000013.jpg, 0.030 sec
#05: sofa (5) -> 00000015.jpg, 0.030 sec
#13: sofa (8) -> 00000010.jpg, 0.031 sec
#12: sofa (36) -> 00000020.jpg, 0.031 sec
#07: sofa (21) -> 00000007.jpg, 0.032 sec
#09: sofa (4) -> 00000018.jpg, 0.032 sec
#11: sofa (9) -> 00000009.jpg, 0.033 sec
#03: sofa (28) -> 00000006.jpg, 0.033 sec
#00: sofa (10) -> 00000000.jpg, 0.034 sec
#14: sofa (6) -> 00000012.jpg, 0.033 sec
#01: sofa (25) -> 00000003.jpg, 0.002 sec
#02: sofa (23) -> 00000005.jpg, 0.002 sec
#08: sofa (34) -> 00000022.jpg, 0.002 sec
#06: sofa (31) -> 00000024.jpg, 0.002 sec
#04: sofa (1) -> 00000026.jpg, 0.002 sec
#10: sofa (20) -> 00000028.jpg, 0.002 sec
#15: sofa (14) -> 00000030.jpg, 0.002 sec
#05: sofa (19) -> 00000032.jpg, 0.003 sec
#13: sofa (7) -> 00000011.jpg, 0.002 sec
#12: sofa (3) -> 00000021.jpg, 0.002 sec
#07: sofa (16) -> 00000034.jpg, 0.002 sec
#09: sofa (35) -> 00000019.jpg, 0.002 sec
#00: sofa (24) -> 00000001.jpg, 0.003 sec
#08: sofa (2) -> 00000023.jpg, 0.002 sec
#06: sofa (30) -> 00000025.jpg, 0.002 sec
#04: sofa (22) -> 00000027.jpg, 0.002 sec
#10: sofa (13) -> 00000029.jpg, 0.003 sec
#15: sofa (15) -> 00000031.jpg, 0.003 sec
#05: sofa (18) -> 00000033.jpg, 0.002 sec
#07: sofa (17) -> 00000035.jpg, 0.003 sec
----------------------------------------------------------------
Running Yasutaka Furukawa's CMVS tool...
cmvs "C:\Users\86186\Desktop\VisualSFM_windows_cuda_64bit\3+7 undistort\sofa3+7.nvm.cmvs\00\\" 50 16
genOption "C:\Users\86186\Desktop\VisualSFM_windows_cuda_64bit\3+7 undistort\sofa3+7.nvm.cmvs\00\\" 1 2 0.700000 7 3 16
1 cluster is generated for pmvs reconstruction.
pmvs2 "C:\Users\86186\Desktop\VisualSFM_windows_cuda_64bit\3+7 undistort\sofa3+7.nvm.cmvs\00\\" option-0000
This may take a little more time, waiting...
6 seconds were used by PMVS
Loading option-0000.ply, 21159 vertices ...

#############################
You can manually remove bad MVS points:
1. Switch to dense MVS points mode;
2. Hit F1 key to enter the selection mode;
3. Select points by dragging a rectangle;
4. Hit DELETE to delete the selected points.

#############################
Save to sofa3+7.nvm ... done
Save C:\Users\86186\Desktop\VisualSFM_windows_cuda_64bit\3+7 undistort\sofa3+7.0.ply ...done
----------------------------------------------------------------
Run dense reconstruction, finished
Totally 10.000 seconds used


# features : 6790 and 6502
[NM = 1653] [average scaling 1.132] [cov 1.094]
[NF = 1357] [average scaling 1.115] [cov 1.083]
[index] [2745: 1-6725] [2810: 3-6495]
NH = 677 - 1351
F1 = 431.910034, F2 = 431.910034
C2 = [0.707, -0.022, -0.707]
Rz = [-0.110, -0.095, 0.989]
NS = 1354, AA = 7.182, GE=0.1
SV = 1.000, Forward = 0.775, Z = 0.989
