
Modifying Calibration, begin...
fx = 431.910034, cx = 320.912781
fy = 431.910034, cy = 243.323013
radial_distortion = -0.356716
----------------------------------------------------------------
Modifying Calibration, finished
Totally 0.000 seconds used

0: WIN_20220328_11_58_13_Pro
image_size:	640x480
#sift count:	8168

1: WIN_20220328_11_58_15_Pro
image_size:	640x480
#sift count:	7531

2: WIN_20220328_11_58_16_Pro
image_size:	640x480
#sift count:	7943

3: WIN_20220328_11_58_17_Pro
image_size:	640x480
#sift count:	7947

4: WIN_20220328_11_58_18_Pro
image_size:	640x480
#sift count:	8603

5: WIN_20220328_11_58_19_Pro
image_size:	640x480
#sift count:	8852

6: WIN_20220328_11_58_20_Pro
image_size:	640x480
#sift count:	7695

7: WIN_20220328_11_58_21_Pro
image_size:	640x480
#sift count:	9035

8: WIN_20220328_11_58_22_Pro
image_size:	640x480
#sift count:	8843

9: WIN_20220328_11_58_23_Pro
image_size:	640x480
#sift count:	8922

10: WIN_20220328_11_58_24_Pro
image_size:	640x480
#sift count:	8616

11: WIN_20220328_11_58_25_Pro
image_size:	640x480
#sift count:	8622

12: WIN_20220328_11_58_26_Pro
image_size:	640x480
#sift count:	7814

13: WIN_20220328_11_58_29_Pro
image_size:	640x480
#sift count:	7802

14: WIN_20220328_11_58_30_Pro
image_size:	640x480
#sift count:	7978

15: WIN_20220328_11_58_31_Pro
image_size:	640x480
#sift count:	6855

16: WIN_20220328_11_58_32_Pro
image_size:	640x480
#sift count:	6659

17: WIN_20220328_11_58_33_Pro (2)
image_size:	640x480
#sift count:	7721

18: WIN_20220328_11_58_33_Pro
image_size:	640x480
#sift count:	7665

19: WIN_20220328_11_58_35_Pro
image_size:	640x480
#sift count:	7372

20: WIN_20220328_11_58_36_Pro (2)
image_size:	640x480
#sift count:	8485

21: WIN_20220328_11_58_36_Pro
image_size:	640x480
#sift count:	7527

22: WIN_20220328_11_58_37_Pro
image_size:	640x480
#sift count:	8546

23: WIN_20220328_11_58_38_Pro
image_size:	640x480
#sift count:	8952

24: WIN_20220328_11_58_39_Pro (2)
image_size:	640x480
#sift count:	9258

25: WIN_20220328_11_58_39_Pro
image_size:	640x480
#sift count:	9163

26: WIN_20220328_11_58_40_Pro
image_size:	640x480
#sift count:	9223

27: WIN_20220328_11_58_41_Pro (2)
image_size:	640x480
#sift count:	9100

28: WIN_20220328_11_58_41_Pro
image_size:	640x480
#sift count:	8708

29: WIN_20220328_11_58_42_Pro
image_size:	640x480
#sift count:	8653

30: WIN_20220328_11_58_43_Pro
image_size:	640x480
#sift count:	8462

31: WIN_20220328_11_58_44_Pro
image_size:	640x480
#sift count:	8833

32: WIN_20220328_11_58_45_Pro
image_size:	640x480
#sift count:	8443

33: WIN_20220328_11_58_46_Pro
image_size:	640x480
#sift count:	8016

34: WIN_20220328_11_58_47_Pro
image_size:	640x480
#sift count:	8272

35: WIN_20220328_11_58_48_Pro
image_size:	640x480
#sift count:	8072

**************************************
Change the number of pixel-loaded images by 
modifying param_visual_data_budget in nv.ini
Use the PAUSE button to skip the pixel loading
**************************************
Loading image pixel data ...done in 0s

Compute Missing Pairwise Matching, begin...
0 pairs to compute match
----------------------------------------------------------------
Compute Missing Pairwise Matching, finished
Totally 0.000 seconds used


Run full 3D reconstruction, begin...
562 pairs have two-view models
630 pairs have fundamental matrices
Initialize with WIN..6_Pro and WIN..7_Pro
168 3D points initialized from two images
PBA library version = 105
PBA: 168 3D pts, 2 cams and 336 projs...
PBA: 6.280 -> 0.022 (1 LMs in 0.10sec)
Focal Length : [431.910]->[431.910]
Focal Length : [431.910]->[431.910]

#############################
#3: [WIN..8_Pro] sees 221 (+4235) 3D points
Estimated Focal Length [432][0.67W]
# 129 projs (0 pts and 0 merges)
PBA: 168 3D pts, 3 cams and 465 projs...
PBA: 6.088 -> 0.257 (100 LMs in 0.26sec)

**************************************
#3/3:  2149 projs and 823 pts added.
PBA: 991 3D pts, 3 cams and 2485 projs...
PBA: 47.085 -> 8.672 (24 LMs in 0.05sec)
PBA: 991 3D pts, 3 cams and 2485 projs...
PBA: 8.672 -> 8.655 (17 LMs in 0.03sec)
Focal Length : [431.910]->[431.910]
Radial Distortion : [-0.357 -> -63]

#############################
#4: [WIN..5_Pro] sees 1340 (+3464) 3D points
Estimated Focal Length [432][0.67W]
# 290 projs (0 pts and 0 merges)
PBA: 768 3D pts, 4 cams and 2329 projs...
PBA: 14.303 -> 3.429 (100 LMs in 0.32sec)
#points w/ large errors:	170
Focal Length : [431.910]->[431.910]
Radial Distortion : [-0.357 -> -63]

#############################
#5: [WIN..5_Pro] sees 1309 (+3358) 3D points
Estimated Focal Length [432][0.67W]
# 95 projs (0 pts and 0 merges)
PBA: 614 3D pts, 5 cams and 2039 projs...
PBA: 5.425 -> 1.933 (71 LMs in 0.17sec)
#points w/ large errors:	50

**************************************
#5/5:  6337 projs and 1932 pts added.
PBA: 2503 3D pts, 5 cams and 8143 projs...
PBA: 74.051 -> 14.031 (50 LMs in 0.14sec)
#points w/ large errors:	48
#unstable points removed:	828
PBA: 1627 3D pts, 5 cams and 5923 projs...
PBA: 15.265 -> 11.674 (38 LMs in 0.13sec)
#points w/ large errors:	1
#unstable points removed:	234
Focal Length : [431.910]->[431.910]
Radial Distortion : [-0.357 -> -63]

#############################
#6: [WIN..6_Pro] sees 2610 (+3058) 3D points
Estimated Focal Length [432][0.67W]
# 256 projs (0 pts and 0 merges)
PBA: 1317 3D pts, 6 cams and 5109 projs...
PBA: 16.570 -> 9.736 (18 LMs in 0.17sec)
#points w/ large errors:	632
#unstable points removed:	58
Focal Length : [431.910]->[431.910]
Radial Distortion : [-0.357 -> -63]

#############################
#7: [WIN..4_Pro] sees 987 (+3952) 3D points
Estimated Focal Length [432][0.67W]
# 154 projs (0 pts and 0 merges)
PBA: 605 3D pts, 7 cams and 2488 projs...
PBA: 9.072 -> 3.731 (83 LMs in 0.19sec)
#points w/ large errors:	62
#unstable points removed:	66

**************************************
#7/7:  5270 projs and 1241 pts added.
PBA: 1681 3D pts, 7 cams and 6973 projs...
PBA: 19.585 -> 8.668 (23 LMs in 0.04sec)
#points w/ large errors:	31
#unstable points removed:	56
PBA: 1594 3D pts, 7 cams and 6736 projs...
PBA: 8.300 -> 8.210 (26 LMs in 0.05sec)
#unstable points removed:	1
Focal Length : [431.910]->[431.910]
Radial Distortion : [-0.357 -> -63]

#############################
#8: [WIN..7_Pro] sees 1874 (+2971) 3D points
Estimated Focal Length [432][0.67W]
# 373 projs (0 pts and 0 merges)
PBA: 1562 3D pts, 8 cams and 7044 projs...
PBA: 10.251 -> 6.479 (40 LMs in 0.14sec)
#points behind cam :	1
#points w/ large errors:	400
#unstable points removed:	54
Focal Length : [431.910]->[431.910]
Radial Distortion : [-0.357 -> -63]

#############################
#9: [WIN..8_Pro] sees 1098 (+3527) 3D points
Estimated Focal Length [432][0.67W]
# 315 projs (0 pts and 0 merges)
PBA: 1107 3D pts, 9 cams and 5151 projs...
PBA: 8.115 -> 4.560 (17 LMs in 0.11sec)
#points w/ large errors:	107
#unstable points removed:	17

**************************************
#9/9:  4226 projs and 1094 pts added.
PBA: 2041 3D pts, 9 cams and 8394 projs...
PBA: 31.853 -> 8.575 (21 LMs in 0.11sec)
#points w/ large errors:	44
#unstable points removed:	3
PBA: 1994 3D pts, 9 cams and 8179 projs...
PBA: 8.394 -> 8.393 (14 LMs in 0.07sec)
#points w/ large errors:	3
Focal Length : [431.910]->[431.910]
Radial Distortion : [-0.357 -> -63]

#############################
#10: [WIN..9_Pro] sees 2106 (+2995) 3D points
Estimated Focal Length [432][0.67W]
# 580 projs (0 pts and 7 merges)
PBA: 1950 3D pts, 10 cams and 8674 projs...
PBA: 10.998 -> 9.356 (44 LMs in 0.21sec)
#points w/ large errors:	549
Focal Length : [431.910]->[431.910]
Radial Distortion : [-0.357 -> -63]

#############################
#11: [WIN..3_Pro] sees 1768 (+1914) 3D points
Estimated Focal Length [432][0.67W]
# 647 projs (0 pts and 1 merges)
PBA: 1398 3D pts, 11 cams and 6351 projs...
PBA: 6.589 -> 4.715 (17 LMs in 0.13sec)
#points w/ large errors:	136
Focal Length : [431.910]->[431.910]
Radial Distortion : [-0.357 -> -63]

#############################
#12: [WIN..2_Pro] sees 1630 (+2422) 3D points
Estimated Focal Length [432][0.67W]
# 468 projs (0 pts and 0 merges)
PBA: 1260 3D pts, 12 cams and 6158 projs...
PBA: 6.667 -> 5.168 (19 LMs in 0.07sec)
#points w/ large errors:	98
#unstable points removed:	1

**************************************
#12/12:  8148 projs and 1625 pts added.
PBA: 2748 3D pts, 12 cams and 13209 projs...
PBA: 27.642 -> 14.712 (33 LMs in 0.26sec)
#points w/ large errors:	111
#unstable points removed:	5
PBA: 2632 3D pts, 12 cams and 12822 projs...
PBA: 14.778 -> 14.625 (40 LMs in 0.16sec)
#points w/ large errors:	21
Focal Length : [431.910]->[431.910]
Radial Distortion : [-0.357 -> -63]

#############################
#13: [WIN..o (2)] sees 3426 (+2071) 3D points
Estimated Focal Length [432][0.67W]
# 713 projs (0 pts and 2 merges)
PBA: 2592 3D pts, 13 cams and 13429 projs...
PBA: 16.066 -> 14.800 (20 LMs in 0.09sec)
#points w/ large errors:	1116
#unstable points removed:	9
Focal Length : [431.910]->[431.910]
Radial Distortion : [-0.357 -> -63]

#############################
#14: [WIN..0_Pro] sees 2394 (+3003) 3D points
Estimated Focal Length [432][0.67W]
# 607 projs (0 pts and 1 merges)
PBA: 1468 3D pts, 14 cams and 8144 projs...
PBA: 10.718 -> 6.587 (40 LMs in 0.18sec)
#points w/ large errors:	210
#unstable points removed:	3
Focal Length : [431.910]->[431.910]
Radial Distortion : [-0.357 -> -63]

#############################
#15: [WIN..1_Pro] sees 2458 (+3544) 3D points
Estimated Focal Length [432][0.67W]
# 558 projs (0 pts and 0 merges)
PBA: 1250 3D pts, 15 cams and 7408 projs...
PBA: 6.461 -> 2.176 (100 LMs in 0.59sec)
#points w/ large errors:	49
#unstable points removed:	1
Focal Length : [431.910]->[431.910]
Radial Distortion : [-0.357 -> -63]

#############################
#16: [WIN..0_Pro] sees 2121 (+2807) 3D points
Estimated Focal Length [432][0.67W]
# 483 projs (0 pts and 2 merges)
PBA: 1199 3D pts, 16 cams and 7555 projs...
PBA: 2.646 -> 1.542 (27 LMs in 0.20sec)
#points w/ large errors:	35

**************************************
#16/16:  27077 projs and 8261 pts added.
PBA: 8669 3D pts, 16 cams and 33297 projs...
PBA: 16.475 -> 4.675 (37 LMs in 0.27sec)
#points w/ large errors:	116
#unstable points removed:	17
PBA: 8536 3D pts, 16 cams and 32804 projs...
PBA: 4.295 -> 4.060 (19 LMs in 0.17sec)
#points w/ large errors:	39
#unstable points removed:	6
Focal Length : [431.910]->[431.910]
Radial Distortion : [-0.357 -> -63]

#############################
#17: [WIN..o (2)] sees 8770 (+2756) 3D points
Estimated Focal Length [432][0.67W]
# 2487 projs (0 pts and 16 merges)
PBA: 5258 3D pts, 17 cams and 28743 projs...
PBA: 9.006 -> 4.625 (20 LMs in 0.08sec)
#points behind cam :	4
#points w/ large errors:	786
#unstable points removed:	1
Focal Length : [431.910]->[431.910]
Radial Distortion : [-0.357 -> -63]

#############################
#18: [WIN..9_Pro] sees 8789 (+3287) 3D points
Estimated Focal Length [432][0.67W]
# 2231 projs (0 pts and 16 merges)
PBA: 4760 3D pts, 18 cams and 27498 projs...
PBA: 6.526 -> 2.394 (43 LMs in 0.62sec)
#points w/ large errors:	165
#unstable points removed:	1
Focal Length : [431.910]->[431.910]
Radial Distortion : [-0.357 -> -63]

#############################
#19: [WIN..8_Pro] sees 8563 (+2901) 3D points
Estimated Focal Length [432][0.67W]
# 2576 projs (0 pts and 21 merges)
PBA: 4822 3D pts, 19 cams and 29751 projs...
PBA: 4.728 -> 2.197 (19 LMs in 0.11sec)
#points w/ large errors:	123
Focal Length : [431.910]->[431.910]
Radial Distortion : [-0.357 -> -63]

#############################
#20: [WIN..7_Pro] sees 7697 (+2664) 3D points
Estimated Focal Length [432][0.67W]
# 1467 projs (0 pts and 6 merges)
PBA: 4765 3D pts, 20 cams and 30618 projs...
PBA: 4.437 -> 2.037 (47 LMs in 0.44sec)
#points w/ large errors:	134
Focal Length : [431.910]->[431.910]
Radial Distortion : [-0.357 -> -63]

#############################
#21: [WIN..o (2)] sees 6711 (+2858) 3D points
Estimated Focal Length [432][0.67W]
# 1235 projs (0 pts and 20 merges)
SKIP: 0 cams, 1514 points, 1137 projs
PBA: 6891 3D pts, 20 cams and 35276 projs...
PBA: 2.680 -> 1.697 (5 LMs in 0.07sec)
#points w/ large errors:	133
#unstable points removed:	1

**************************************
#21/21:  18088 projs and 4501 pts added.
PBA: 10890 3D pts, 21 cams and 51048 projs...
PBA: 3.520 -> 2.122 (36 LMs in 0.25sec)
#points w/ large errors:	27
#unstable points removed:	4
PBA: 10859 3D pts, 21 cams and 50898 projs...
PBA: 2.087 -> 2.078 (45 LMs in 0.34sec)
#points w/ large errors:	6
Focal Length : [431.910]->[431.910]
Radial Distortion : [-0.357 -> -63]

#############################
#22: [WIN..1_Pro] sees 12013 (+2391) 3D points
Estimated Focal Length [432][0.67W]
# 3014 projs (0 pts and 44 merges)
SKIP: 0 cams, 94 points, 54 projs
PBA: 10765 3D pts, 20 cams and 53794 projs...
PBA: 2.804 -> 2.113 (5 LMs in 0.01sec)
#points w/ large errors:	272
Focal Length : [431.910]->[431.910]
Radial Distortion : [-0.357 -> -63]

#############################
#23: [WIN..2_Pro] sees 9479 (+3180) 3D points
Estimated Focal Length [432][0.67W]
# 2327 projs (0 pts and 42 merges)
SKIP: 0 cams, 423 points, 1710 projs
PBA: 10306 3D pts, 20 cams and 54151 projs...
PBA: 3.456 -> 1.938 (5 LMs in 0.02sec)
#points w/ large errors:	391
Focal Length : [431.910]->[431.910]
Radial Distortion : [-0.357 -> -63]

#############################
#24: [WIN..3_Pro] sees 8392 (+2565) 3D points
Estimated Focal Length [432][0.67W]
# 1839 projs (0 pts and 28 merges)
SKIP: 0 cams, 854 points, 3546 projs
PBA: 9799 3D pts, 20 cams and 52292 projs...
PBA: 2.731 -> 1.550 (5 LMs in 0.17sec)
#points w/ large errors:	174
Focal Length : [431.910]->[431.910]
Radial Distortion : [-0.357 -> -63]

#############################
#25: [WIN..4_Pro] sees 5746 (+2323) 3D points
Estimated Focal Length [432][0.67W]
# 1709 projs (0 pts and 14 merges)
SKIP: 0 cams, 1046 points, 1379 projs
PBA: 9609 3D pts, 20 cams and 52640 projs...
PBA: 2.536 -> 1.527 (5 LMs in 0.01sec)
#points w/ large errors:	114
Focal Length : [431.910]->[431.910]
Radial Distortion : [-0.357 -> -63]

#############################
#26: [WIN..5_Pro] sees 5995 (+2807) 3D points
Estimated Focal Length [432][0.67W]
# 1450 projs (0 pts and 13 merges)
PBA: 6578 3D pts, 26 cams and 47338 projs...
PBA: 2.892 -> 1.659 (29 LMs in 0.22sec)
#points w/ large errors:	153
#unstable points removed:	5
Focal Length : [431.910]->[431.910]
Radial Distortion : [-0.357 -> -63]

#############################
#27: [WIN..6_Pro] sees 6563 (+1500) 3D points
Estimated Focal Length [432][0.67W]
# 1222 projs (0 pts and 6 merges)
SKIP: 0 cams, 1341 points, 1294 projs
PBA: 9305 3D pts, 20 cams and 53066 projs...
PBA: 2.181 -> 1.500 (5 LMs in 0.01sec)
#points w/ large errors:	141

**************************************
#27/27:  25111 projs and 6155 pts added.
PBA: 14741 3D pts, 27 cams and 75033 projs...
PBA: 4.991 -> 2.592 (16 LMs in 0.20sec)
#points w/ large errors:	56
PBA: 14685 3D pts, 27 cams and 74722 projs...
PBA: 2.566 -> 2.566 (13 LMs in 0.14sec)
#points w/ large errors:	2
Focal Length : [431.910]->[431.910]
Radial Distortion : [-0.357 -> -63]

#############################
#28: [WIN..6_Pro] sees 5562 (+1886) 3D points
Estimated Focal Length [432][0.67W]
# 1144 projs (0 pts and 13 merges)
SKIP: 0 cams, 101 points, 79 projs
PBA: 14481 3D pts, 20 cams and 75467 projs...
PBA: 3.408 -> 2.770 (5 LMs in 0.18sec)
#points w/ large errors:	1157
Focal Length : [431.910]->[431.910]
Radial Distortion : [-0.357 -> -63]

#############################
#29: [WIN..9_Pro] sees 4234 (+2008) 3D points
Estimated Focal Length [432][0.67W]
# 1373 projs (0 pts and 6 merges)
SKIP: 0 cams, 1303 points, 9139 projs
PBA: 13296 3D pts, 20 cams and 67781 projs...
PBA: 2.532 -> 1.673 (5 LMs in 0.07sec)
#points w/ large errors:	353
Focal Length : [431.910]->[431.910]
Radial Distortion : [-0.357 -> -63]

#############################
#30: [WIN..0_Pro] sees 5264 (+2681) 3D points
Estimated Focal Length [432][0.67W]
# 1053 projs (0 pts and 10 merges)
SKIP: 0 cams, 1741 points, 3081 projs
PBA: 12820 3D pts, 20 cams and 65805 projs...
PBA: 2.003 -> 1.472 (5 LMs in 0.04sec)
#points w/ large errors:	245
Focal Length : [431.910]->[431.910]
Radial Distortion : [-0.357 -> -63]

#############################
#31: [WIN..3_Pro] sees 5018 (+2326) 3D points
Estimated Focal Length [432][0.67W]
# 765 projs (0 pts and 10 merges)
SKIP: 0 cams, 2016 points, 2538 projs
PBA: 12509 3D pts, 20 cams and 64265 projs...
PBA: 1.764 -> 1.355 (5 LMs in 0.11sec)
#points w/ large errors:	170
Focal Length : [431.910]->[431.910]
Radial Distortion : [-0.357 -> -63]

#############################
#32: [WIN..o (2)] sees 5436 (+3022) 3D points
Estimated Focal Length [432][0.67W]
# 970 projs (0 pts and 2 merges)
PBA: 7885 3D pts, 32 cams and 55046 projs...
PBA: 2.146 -> 1.547 (20 LMs in 0.15sec)
#points w/ large errors:	166
#unstable points removed:	1
Focal Length : [431.910]->[431.910]
Radial Distortion : [-0.357 -> -63]

#############################
#33: [WIN..5_Pro] sees 5066 (+1596) 3D points
Estimated Focal Length [432][0.67W]
# 1198 projs (0 pts and 17 merges)
SKIP: 0 cams, 2758 points, 2598 projs
PBA: 11723 3D pts, 20 cams and 62762 projs...
PBA: 2.032 -> 1.505 (5 LMs in 0.08sec)
#points w/ large errors:	196
Focal Length : [431.910]->[431.910]
Radial Distortion : [-0.357 -> -63]

#############################
#34: [WIN..1_Pro] sees 2937 (+2298) 3D points
Estimated Focal Length [432][0.67W]
# 572 projs (0 pts and 1 merges)
SKIP: 0 cams, 3220 points, 3279 projs
PBA: 11256 3D pts, 20 cams and 61295 projs...
PBA: 1.614 -> 1.364 (5 LMs in 0.06sec)
#points w/ large errors:	179

**************************************
#34/34:  31264 projs and 7872 pts added.
PBA: 18677 3D pts, 34 cams and 91326 projs...
PBA: 8.329 -> 3.104 (24 LMs in 0.29sec)
#points w/ large errors:	273
PBA: 18404 3D pts, 34 cams and 89314 projs...
PBA: 3.042 -> 3.020 (15 LMs in 0.12sec)
#points w/ large errors:	55
Focal Length : [431.910]->[431.910]
Radial Distortion : [-0.357 -> -63]

#############################
#35: [WIN..2_Pro] sees 8266 (+1600) 3D points
Estimated Focal Length [432][0.67W]
# 1352 projs (0 pts and 28 merges)
SKIP: 0 cams, 1864 points, 3997 projs
PBA: 16599 3D pts, 20 cams and 86239 projs...
PBA: 3.731 -> 3.025 (5 LMs in 0.05sec)
#points w/ large errors:	1803
Focal Length : [431.910]->[431.910]
Radial Distortion : [-0.357 -> -63]

#############################
#36: [WIN..3_Pro] sees 2719 (+2560) 3D points
Estimated Focal Length [432][0.67W]
# 767 projs (0 pts and 4 merges)
SKIP: 0 cams, 3794 points, 16400 projs
PBA: 14693 3D pts, 20 cams and 74251 projs...
PBA: 1.911 -> 1.700 (5 LMs in 0.13sec)
#points w/ large errors:	579
Focal Length : [431.910]->[431.910]
Radial Distortion : [-0.357 -> -63]
END: No more images to add [0 projs]

#############################
Failed to find two images for initialization
Resuming SfM finished, 11 sec used

---------------------------------------------------
36 cams, 18680 pts (3+: 9259)
78443 projections (3+: 60367)
---------------------------------------------------
1 model(s) reconstructed from 36 images;
36 modeled; 0 reused; 0 EXIF; 
5MB(5) used to store feature location.
---------------------------------------------------

########-------timing------#########
Structure-From-Motion finished, 11 sec used
9.1(7.9) seconds on Bundle Adjustment (+)
8.4(7.4) seconds on Bundle Adjustment (*)
#############################
----------------------------------------------------------------
Run full 3D reconstruction, finished
Totally 11.000 seconds used

ERROR: not enough point coordinates
Control points work under the following Views:
Single Image and  NView/Dense 3D Points
---------------------------------------------------------
Below are the keyboard/mouse controls:
CTRL  + Left: add or modify a point; 
ESCAPE: quit the point selection mode.
TAB: switch between dense & sparse points.
---------------------------------------------------------
The "GCP-based Transform" button reports 
the estimated transformation when available;
+CTRL : clear existing transformation data;
+SHIFT: apply the recovered transformation.
---------------------------------------------------------

#1: (293.893, 285.702)	 (-1.17, 17.19, -5.44)
----------------------------------------------------------------
#2: (297.365, 322.508)	 (-1.17, 17.19, -5.44)
----------------------------------------------------------------
Model #0: 2 (out of 2) GCPs can be used
ERROR: not enough point coordinates
ERROR: not enough point coordinates
#3: (296.671, 310.008)	 (-1.17, 17.19, -5.44)
----------------------------------------------------------------
Model #0: 3 (out of 3) GCPs can be used
#4: (334.171, 333.619)	 (-1.17, 17.19, -5.44)
----------------------------------------------------------------
Model #0: 4 (out of 4) GCPs can be used
#5: (293.893, 317.647)	 (-1.17, 17.19, -5.44)
----------------------------------------------------------------
Model #0: 5 (out of 5) GCPs can be used
#6: (301.532, 297.508)	 (-1.17, 17.19, -5.44)
----------------------------------------------------------------
Model #0: 6 (out of 6) GCPs can be used
#7: (304.310, 307.230)	 (-1.17, 17.19, -5.44)
----------------------------------------------------------------
Model #0: 7 (out of 7) GCPs can be used
#8: (284.865, 294.036)	 (-1.17, 17.19, -5.44)
----------------------------------------------------------------
Model #0: 8 (out of 8) GCPs can be used
#9: (243.199, 283.619)	 (-1.17, 17.19, -5.44)
----------------------------------------------------------------
Model #0: 9 (out of 9) GCPs can be used
#10: (305.004, 264.174)	 (-1.17, 17.19, -5.44)
----------------------------------------------------------------
Model #0: 10 (out of 10) GCPs can be used
Control points work under the following Views:
Single Image and  NView/Dense 3D Points
---------------------------------------------------------
Below are the keyboard/mouse controls:
CTRL  + Left: add or modify a point; 
ESCAPE: quit the point selection mode.
TAB: switch between dense & sparse points.
---------------------------------------------------------
The "GCP-based Transform" button reports 
the estimated transformation when available;
+CTRL : clear existing transformation data;
+SHIFT: apply the recovered transformation.
---------------------------------------------------------

ERROR: not enough point coordinates

Compute structures from two images, begin...
NOTE: loose thresholds used for manual update
0005 and 0030: [646/758], H[174], 0.00sec
----------------------------------------------------------------
Compute structures from two images, finished
Totally 0.000 seconds used


Compute remaining photos, begin...

---------------------------------------------------
36 cams, 18680 pts (3+: 9259)
78443 projections (3+: 60367)
---------------------------------------------------
1 model(s) reconstructed from 36 images;
36 modeled; 0 reused; 0 EXIF; 
5MB(5) used to store feature location.
---------------------------------------------------
----------------------------------------------------------------
Compute remaining photos, finished
Totally 0.000 seconds used


Compute Bundle Adjustment, begin...
PBA: 15726 3D pts, 36 cams and 73301 projs...
PBA: 1.239 -> 1.175 (24 LMs in 0.47sec)
----------------------------------------------------------------
Compute Bundle Adjustment, finished
Totally 1.000 seconds used


Compute Bundle Adjustment, begin...
PBA: 15726 3D pts, 36 cams and 73301 projs...
PBA: 1.175 -> 1.175 (12 LMs in 0.47sec)
----------------------------------------------------------------
Compute Bundle Adjustment, finished
Totally 0.000 seconds used

Control points work under the following Views:
Single Image and  NView/Dense 3D Points
---------------------------------------------------------
Below are the keyboard/mouse controls:
CTRL  + Left: add or modify a point; 
ESCAPE: quit the point selection mode.
TAB: switch between dense & sparse points.
---------------------------------------------------------
The "GCP-based Transform" button reports 
the estimated transformation when available;
+CTRL : clear existing transformation data;
+SHIFT: apply the recovered transformation.
---------------------------------------------------------

#1: (239.072, 276.777)	 (0, 0, 0)
----------------------------------------------------------------
#2: (169.625, 288.728)	 (0, 0, 0)
----------------------------------------------------------------
Model #0: 2 (out of 2) GCPs can be used
ERROR: not enough point coordinates
ERROR: not enough point coordinates
ERROR: not enough point coordinates

Run full 3D reconstruction, begin...
562 pairs have two-view models
630 pairs have fundamental matrices
Initialize with WIN..6_Pro and WIN..7_Pro
168 3D points initialized from two images
PBA: 168 3D pts, 2 cams and 336 projs...
PBA: 6.280 -> 0.022 (1 LMs in 0.01sec)
Focal Length : [431.910]->[431.910]
Focal Length : [431.910]->[431.910]

#############################
#3: [WIN..8_Pro] sees 221 (+4235) 3D points
Estimated Focal Length [432][0.67W]
# 129 projs (0 pts and 0 merges)
PBA: 168 3D pts, 3 cams and 465 projs...
PBA: 6.425 -> 0.254 (52 LMs in 0.29sec)

**************************************
#3/3:  2528 projs and 998 pts added.
PBA: 1166 3D pts, 3 cams and 2864 projs...
PBA: 70.875 -> 7.325 (50 LMs in 0.27sec)
PBA: 1166 3D pts, 3 cams and 2864 projs...
PBA: 7.325 -> 4.935 (50 LMs in 0.20sec)
Focal Length : [431.910]->[431.910]
Radial Distortion : [-0.357 -> -63]

#############################
#4: [WIN..5_Pro] sees 1392 (+3121) 3D points
Estimated Focal Length [432][0.67W]
# 95 projs (0 pts and 0 merges)
PBA: 971 3D pts, 4 cams and 2569 projs...
PBA: 7.732 -> 4.053 (100 LMs in 0.44sec)
#points w/ large errors:	179
Focal Length : [431.910]->[431.910]
Radial Distortion : [-0.357 -> -63]

#############################
#5: [WIN..5_Pro] sees 1175 (+3675) 3D points
Estimated Focal Length [432][0.67W]
# 304 projs (0 pts and 0 merges)
PBA: 701 3D pts, 5 cams and 2209 projs...
PBA: 10.276 -> 1.819 (21 LMs in 0.16sec)
#points w/ large errors:	16
#unstable points removed:	20

**************************************
#5/5:  7953 projs and 2590 pts added.
PBA: 3163 3D pts, 5 cams and 9605 projs...
PBA: 47.623 -> 10.306 (47 LMs in 0.46sec)
#points behind cam :	1
#points w/ large errors:	57
#unstable points removed:	1246
PBA: 1858 3D pts, 5 cams and 5722 projs...
PBA: 11.853 -> 11.286 (20 LMs in 0.08sec)
#points w/ large errors:	3
#unstable points removed:	84
Focal Length : [431.910]->[431.910]
Radial Distortion : [-0.357 -> -63]

#############################
#6: [WIN..6_Pro] sees 2758 (+2707) 3D points
Estimated Focal Length [432][0.67W]
# 449 projs (0 pts and 0 merges)
PBA: 1602 3D pts, 6 cams and 5559 projs...
PBA: 15.759 -> 9.935 (18 LMs in 0.06sec)
#points w/ large errors:	723
#unstable points removed:	28
Focal Length : [431.910]->[431.910]
Radial Distortion : [-0.357 -> -63]

#############################
#7: [WIN..4_Pro] sees 1475 (+3523) 3D points
Estimated Focal Length [432][0.67W]
# 308 projs (0 pts and 0 merges)
PBA: 889 3D pts, 7 cams and 3518 projs...
PBA: 8.702 -> 3.706 (35 LMs in 0.22sec)
#points w/ large errors:	170
#unstable points removed:	69

**************************************
#7/7:  5564 projs and 1337 pts added.
PBA: 1971 3D pts, 7 cams and 7890 projs...
PBA: 24.414 -> 7.722 (40 LMs in 0.16sec)
#points w/ large errors:	69
#unstable points removed:	142
PBA: 1760 3D pts, 7 cams and 6895 projs...
PBA: 8.763 -> 7.377 (50 LMs in 0.17sec)
#points w/ large errors:	14
#unstable points removed:	155
Focal Length : [431.910]->[431.910]
Radial Distortion : [-0.357 -> -63]

#############################
#8: [WIN..7_Pro] sees 1629 (+2869) 3D points
Estimated Focal Length [432][0.67W]
# 327 projs (0 pts and 0 merges)
PBA: 1560 3D pts, 8 cams and 6693 projs...
PBA: 8.378 -> 5.257 (32 LMs in 0.16sec)
#points behind cam :	1
#points w/ large errors:	320
#unstable points removed:	77
Focal Length : [431.910]->[431.910]
Radial Distortion : [-0.357 -> -63]

#############################
#9: [WIN..3_Pro] sees 1333 (+1792) 3D points
Estimated Focal Length [432][0.67W]
# 208 projs (0 pts and 0 merges)
PBA: 1128 3D pts, 9 cams and 5043 projs...
PBA: 6.829 -> 4.471 (22 LMs in 0.07sec)
#points w/ large errors:	145
#unstable points removed:	6

**************************************
#9/9:  5624 projs and 1518 pts added.
PBA: 2434 3D pts, 9 cams and 9498 projs...
PBA: 28.053 -> 7.538 (44 LMs in 0.14sec)
#points w/ large errors:	56
#unstable points removed:	69
PBA: 2309 3D pts, 9 cams and 9052 projs...
PBA: 7.756 -> 7.690 (29 LMs in 0.12sec)
#points w/ large errors:	5
#unstable points removed:	2
Focal Length : [431.910]->[431.910]
Radial Distortion : [-0.357 -> -63]

#############################
#10: [WIN..8_Pro] sees 2916 (+3236) 3D points
Estimated Focal Length [432][0.67W]
# 731 projs (0 pts and 8 merges)
PBA: 2219 3D pts, 10 cams and 9608 projs...
PBA: 9.842 -> 7.979 (52 LMs in 0.22sec)
#points w/ large errors:	656
#unstable points removed:	26
Focal Length : [431.910]->[431.910]
Radial Distortion : [-0.357 -> -63]

#############################
#11: [WIN..2_Pro] sees 1879 (+2102) 3D points
Estimated Focal Length [432][0.67W]
# 553 projs (0 pts and 2 merges)
PBA: 1510 3D pts, 11 cams and 7098 projs...
PBA: 8.287 -> 5.285 (28 LMs in 0.13sec)
#points w/ large errors:	190
#unstable points removed:	4
Focal Length : [431.910]->[431.910]
Radial Distortion : [-0.357 -> -63]

#############################
#12: [WIN..9_Pro] sees 1903 (+3239) 3D points
Estimated Focal Length [432][0.67W]
# 446 projs (0 pts and 0 merges)
PBA: 1326 3D pts, 12 cams and 6676 projs...
PBA: 6.543 -> 4.927 (25 LMs in 0.22sec)
#points w/ large errors:	159

**************************************
#12/12:  12349 projs and 3078 pts added.
PBA: 4051 3D pts, 12 cams and 17389 projs...
PBA: 25.660 -> 13.983 (45 LMs in 0.17sec)
#points w/ large errors:	112
#unstable points removed:	34
PBA: 3905 3D pts, 12 cams and 16819 projs...
PBA: 14.099 -> 13.833 (28 LMs in 0.07sec)
#points w/ large errors:	9
#unstable points removed:	2
Focal Length : [431.910]->[431.910]
Radial Distortion : [-0.357 -> -63]

#############################
#13: [WIN..0_Pro] sees 4711 (+2255) 3D points
Estimated Focal Length [432][0.67W]
# 1360 projs (0 pts and 9 merges)
PBA: 3850 3D pts, 13 cams and 18071 projs...
PBA: 16.085 -> 13.474 (70 LMs in 0.31sec)
#points w/ large errors:	1217
Focal Length : [431.910]->[431.910]
Radial Distortion : [-0.357 -> -63]

#############################
#14: [WIN..1_Pro] sees 3846 (+2918) 3D points
Estimated Focal Length [432][0.67W]
# 1052 projs (0 pts and 1 merges)
PBA: 2618 3D pts, 14 cams and 13125 projs...
PBA: 9.391 -> 5.498 (35 LMs in 0.09sec)
#points behind cam :	1
#points w/ large errors:	375
#unstable points removed:	12
Focal Length : [431.910]->[431.910]
Radial Distortion : [-0.357 -> -63]

#############################
#15: [WIN..2_Pro] sees 3196 (+2961) 3D points
Estimated Focal Length [432][0.67W]
# 808 projs (0 pts and 2 merges)
PBA: 2227 3D pts, 15 cams and 11803 projs...
PBA: 6.384 -> 1.991 (75 LMs in 0.29sec)
#points w/ large errors:	122
#unstable points removed:	3
Focal Length : [431.910]->[431.910]
Radial Distortion : [-0.357 -> -63]

#############################
#16: [WIN..o (2)] sees 3012 (+2104) 3D points
Estimated Focal Length [432][0.67W]
# 778 projs (0 pts and 3 merges)
PBA: 2103 3D pts, 16 cams and 12019 projs...
PBA: 2.901 -> 1.599 (66 LMs in 0.26sec)
#points w/ large errors:	46
#unstable points removed:	4

**************************************
#16/16:  23823 projs and 6891 pts added.
PBA: 8360 3D pts, 16 cams and 34382 projs...
PBA: 9.800 -> 4.150 (19 LMs in 0.05sec)
#points w/ large errors:	80
#unstable points removed:	7
PBA: 8273 3D pts, 16 cams and 34057 projs...
PBA: 4.074 -> 4.049 (17 LMs in 0.22sec)
#points w/ large errors:	25
#unstable points removed:	1
Focal Length : [431.910]->[431.910]
Radial Distortion : [-0.357 -> -63]

#############################
#17: [WIN..3_Pro] sees 6804 (+2968) 3D points
Estimated Focal Length [432][0.67W]
# 1493 projs (0 pts and 12 merges)
PBA: 5245 3D pts, 17 cams and 29510 projs...
PBA: 6.432 -> 4.510 (23 LMs in 0.13sec)
#points w/ large errors:	810
#unstable points removed:	2
Focal Length : [431.910]->[431.910]
Radial Distortion : [-0.357 -> -63]

#############################
#18: [WIN..0_Pro] sees 5730 (+1917) 3D points
Estimated Focal Length [432][0.67W]
# 1894 projs (0 pts and 30 merges)
PBA: 4877 3D pts, 18 cams and 27821 projs...
PBA: 4.587 -> 2.071 (62 LMs in 0.29sec)
#points w/ large errors:	158
#unstable points removed:	2
Focal Length : [431.910]->[431.910]
Radial Distortion : [-0.357 -> -63]

#############################
#19: [WIN..o (2)] sees 6813 (+3349) 3D points
Estimated Focal Length [432][0.67W]
# 2360 projs (0 pts and 28 merges)
PBA: 4950 3D pts, 19 cams and 29849 projs...
PBA: 3.993 -> 1.938 (20 LMs in 0.05sec)
#points w/ large errors:	70
Focal Length : [431.910]->[431.910]
Radial Distortion : [-0.357 -> -63]

#############################
#20: [WIN..9_Pro] sees 7796 (+3841) 3D points
Estimated Focal Length [432][0.67W]
# 2237 projs (0 pts and 25 merges)
PBA: 4968 3D pts, 20 cams and 31963 projs...
PBA: 3.610 -> 1.955 (21 LMs in 0.19sec)
#points w/ large errors:	75
#unstable points removed:	1
Focal Length : [431.910]->[431.910]
Radial Distortion : [-0.357 -> -63]

#############################
#21: [WIN..8_Pro] sees 8470 (+3393) 3D points
Estimated Focal Length [432][0.67W]
# 1972 projs (0 pts and 9 merges)
SKIP: 0 cams, 1362 points, 416 projs
PBA: 6836 3D pts, 20 cams and 37425 projs...
PBA: 3.570 -> 1.743 (5 LMs in 0.01sec)
#points w/ large errors:	101

**************************************
#21/21:  20515 projs and 5470 pts added.
PBA: 11795 3D pts, 21 cams and 54879 projs...
PBA: 3.361 -> 2.073 (23 LMs in 0.22sec)
#points w/ large errors:	21
PBA: 11774 3D pts, 21 cams and 54764 projs...
PBA: 2.105 -> 2.105 (15 LMs in 0.13sec)
Focal Length : [431.910]->[431.910]
Radial Distortion : [-0.357 -> -63]

#############################
#22: [WIN..1_Pro] sees 11965 (+2330) 3D points
Estimated Focal Length [432][0.67W]
# 2643 projs (0 pts and 43 merges)
SKIP: 0 cams, 67 points, 4 projs
PBA: 11609 3D pts, 20 cams and 57163 projs...
PBA: 3.107 -> 2.283 (5 LMs in 0.15sec)
#points w/ large errors:	372
Focal Length : [431.910]->[431.910]
Radial Distortion : [-0.357 -> -63]

#############################
#23: [WIN..7_Pro] sees 11859 (+1991) 3D points
Estimated Focal Length [432][0.67W]
# 2693 projs (0 pts and 48 merges)
SKIP: 0 cams, 496 points, 2612 projs
PBA: 11161 3D pts, 20 cams and 57206 projs...
PBA: 3.291 -> 1.994 (5 LMs in 0.13sec)
#points w/ large errors:	239
#unstable points removed:	1
Focal Length : [431.910]->[431.910]
Radial Distortion : [-0.357 -> -63]

#############################
#24: [WIN..o (2)] sees 10117 (+2079) 3D points
Estimated Focal Length [432][0.67W]
# 1934 projs (0 pts and 26 merges)
SKIP: 0 cams, 765 points, 2171 projs
PBA: 10851 3D pts, 20 cams and 56887 projs...
PBA: 2.696 -> 1.692 (5 LMs in 0.16sec)
#points w/ large errors:	207
#unstable points removed:	1
Focal Length : [431.910]->[431.910]
Radial Distortion : [-0.357 -> -63]

#############################
#25: [WIN..4_Pro] sees 6625 (+2375) 3D points
Estimated Focal Length [432][0.67W]
# 1306 projs (0 pts and 7 merges)
SKIP: 0 cams, 1002 points, 1964 projs
PBA: 10375 3D pts, 20 cams and 55751 projs...
PBA: 2.657 -> 1.610 (5 LMs in 0.02sec)
#points w/ large errors:	254
Focal Length : [431.910]->[431.910]
Radial Distortion : [-0.357 -> -63]

#############################
#26: [WIN..5_Pro] sees 6098 (+2852) 3D points
Estimated Focal Length [432][0.67W]
# 1881 projs (0 pts and 19 merges)
PBA: 7080 3D pts, 26 cams and 49396 projs...
PBA: 2.866 -> 1.582 (26 LMs in 0.35sec)
#points w/ large errors:	158
Focal Length : [431.910]->[431.910]
Radial Distortion : [-0.357 -> -63]

#############################
#27: [WIN..6_Pro] sees 5786 (+1588) 3D points
Estimated Focal Length [432][0.67W]
# 922 projs (0 pts and 9 merges)
SKIP: 0 cams, 1454 points, 980 projs
PBA: 9941 3D pts, 20 cams and 55446 projs...
PBA: 1.935 -> 1.415 (5 LMs in 0.02sec)
#points w/ large errors:	142

**************************************
#27/27:  23575 projs and 5596 pts added.
PBA: 14814 3D pts, 27 cams and 76420 projs...
PBA: 4.850 -> 2.551 (30 LMs in 0.16sec)
#points w/ large errors:	44
#unstable points removed:	10
PBA: 14760 3D pts, 27 cams and 76129 projs...
PBA: 2.492 -> 2.489 (25 LMs in 0.16sec)
#points w/ large errors:	11
Focal Length : [431.910]->[431.910]
Radial Distortion : [-0.357 -> -63]

#############################
#28: [WIN..6_Pro] sees 5489 (+1824) 3D points
Estimated Focal Length [432][0.67W]
# 927 projs (0 pts and 6 merges)
SKIP: 0 cams, 126 points, 188 projs
PBA: 14512 3D pts, 20 cams and 76514 projs...
PBA: 3.050 -> 2.563 (5 LMs in 0.18sec)
#points w/ large errors:	1229
Focal Length : [431.910]->[431.910]
Radial Distortion : [-0.357 -> -63]

#############################
#29: [WIN..9_Pro] sees 3917 (+2038) 3D points
Estimated Focal Length [432][0.67W]
# 873 projs (0 pts and 1 merges)
SKIP: 0 cams, 1371 points, 9889 projs
PBA: 13266 3D pts, 20 cams and 67605 projs...
PBA: 2.185 -> 1.522 (5 LMs in 0.06sec)
#points w/ large errors:	330
Focal Length : [431.910]->[431.910]
Radial Distortion : [-0.357 -> -63]

#############################
#30: [WIN..0_Pro] sees 4721 (+2812) 3D points
Estimated Focal Length [432][0.67W]
# 1074 projs (0 pts and 6 merges)
SKIP: 0 cams, 1790 points, 2906 projs
PBA: 12825 3D pts, 20 cams and 65887 projs...
PBA: 1.961 -> 1.414 (5 LMs in 0.05sec)
#points w/ large errors:	154
Focal Length : [431.910]->[431.910]
Radial Distortion : [-0.357 -> -63]

#############################
#31: [WIN..3_Pro] sees 4863 (+2451) 3D points
Estimated Focal Length [432][0.67W]
# 826 projs (0 pts and 10 merges)
SKIP: 0 cams, 1997 points, 1765 projs
PBA: 12585 3D pts, 20 cams and 65268 projs...
PBA: 1.773 -> 1.394 (5 LMs in 0.04sec)
#points w/ large errors:	137
Focal Length : [431.910]->[431.910]
Radial Distortion : [-0.357 -> -63]

#############################
#32: [WIN..o (2)] sees 5364 (+3104) 3D points
Estimated Focal Length [432][0.67W]
# 847 projs (0 pts and 4 merges)
PBA: 7833 3D pts, 32 cams and 55985 projs...
PBA: 2.112 -> 1.566 (29 LMs in 0.22sec)
#points w/ large errors:	197
Focal Length : [431.910]->[431.910]
Radial Distortion : [-0.357 -> -63]

#############################
#33: [WIN..5_Pro] sees 4991 (+1653) 3D points
Estimated Focal Length [432][0.67W]
# 1204 projs (0 pts and 13 merges)
SKIP: 0 cams, 2913 points, 3357 projs
PBA: 11649 3D pts, 20 cams and 63386 projs...
PBA: 1.988 -> 1.479 (5 LMs in 0.07sec)
#points w/ large errors:	149
Focal Length : [431.910]->[431.910]
Radial Distortion : [-0.357 -> -63]

#############################
#34: [WIN..3_Pro] sees 3082 (+2545) 3D points
Estimated Focal Length [432][0.67W]
# 809 projs (0 pts and 3 merges)
SKIP: 0 cams, 3752 points, 4710 projs
PBA: 10808 3D pts, 20 cams and 61314 projs...
PBA: 1.661 -> 1.589 (5 LMs in 0.16sec)
#points w/ large errors:	164

**************************************
#34/34:  36871 projs and 9864 pts added.
PBA: 20953 3D pts, 34 cams and 98273 projs...
PBA: 13.503 -> 3.710 (22 LMs in 0.15sec)
#points w/ large errors:	475
#unstable points removed:	100
PBA: 20376 3D pts, 34 cams and 94101 projs...
PBA: 3.628 -> 3.603 (16 LMs in 0.16sec)
#points w/ large errors:	111
#unstable points removed:	48
Focal Length : [431.910]->[431.910]
Radial Distortion : [-0.357 -> -63]

#############################
#35: [WIN..1_Pro] sees 7784 (+2377) 3D points
Estimated Focal Length = [432][0.67W][X]???
Estimated Focal Length [432][0.67W]
# 1278 projs (0 pts and 7 merges)
SKIP: 0 cams, 2612 points, 5813 projs
PBA: 18071 3D pts, 20 cams and 89024 projs...
PBA: 4.524 -> 3.811 (5 LMs in 0.06sec)
#points w/ large errors:	2762
#unstable points removed:	6
Focal Length : [431.910]->[431.910]
Radial Distortion : [-0.357 -> -63]

#############################
#36: [WIN..2_Pro] sees 5559 (+2158) 3D points
Estimated Focal Length [432][0.67W]
# 1273 projs (0 pts and 10 merges)
SKIP: 0 cams, 5778 points, 22274 projs
PBA: 14940 3D pts, 20 cams and 72847 projs...
PBA: 2.692 -> 1.916 (5 LMs in 0.17sec)
#points w/ large errors:	455
#unstable points removed:	54
Focal Length : [431.910]->[431.910]
Radial Distortion : [-0.357 -> -63]
END: No more images to add [0 projs]

#############################
Failed to find two images for initialization
Resuming SfM finished, 13 sec used

---------------------------------------------------
36 cams, 20956 pts (3+: 9375)
79001 projections (3+: 61244)
---------------------------------------------------
1 model(s) reconstructed from 36 images;
36 modeled; 0 reused; 0 EXIF; 
5MB(5) used to store feature location.
---------------------------------------------------

########-------timing------#########
Structure-From-Motion finished, 13 sec used
9.6(8.0) seconds on Bundle Adjustment (+)
8.5(7.2) seconds on Bundle Adjustment (*)
#############################
----------------------------------------------------------------
Run full 3D reconstruction, finished
Totally 13.000 seconds used

Control points work under the following Views:
Single Image and  NView/Dense 3D Points
---------------------------------------------------------
Below are the keyboard/mouse controls:
CTRL  + Left: add or modify a point; 
ESCAPE: quit the point selection mode.
TAB: switch between dense & sparse points.
---------------------------------------------------------
The "GCP-based Transform" button reports 
the estimated transformation when available;
+CTRL : clear existing transformation data;
+SHIFT: apply the recovered transformation.
---------------------------------------------------------

Point selection mode quited on ESCAPE.
Control points work under the following Views:
Single Image and  NView/Dense 3D Points
---------------------------------------------------------
Below are the keyboard/mouse controls:
CTRL  + Left: add or modify a point; 
ESCAPE: quit the point selection mode.
TAB: switch between dense & sparse points.
---------------------------------------------------------
The "GCP-based Transform" button reports 
the estimated transformation when available;
+CTRL : clear existing transformation data;
+SHIFT: apply the recovered transformation.
---------------------------------------------------------

ERROR: not enough point coordinates
ERROR: not enough point coordinates
