0: sofa (1)
image_size:	640x480
1: sofa (2)
image_size:	640x480
2: sofa (3)
image_size:	640x480
3: sofa (4)
image_size:	640x480
4: sofa (5)
image_size:	640x480
5: sofa (6)
image_size:	640x480
6: sofa (7)
image_size:	640x480
7: sofa (8)
image_size:	640x480
8: sofa (9)
image_size:	640x480
9: sofa (10)
image_size:	640x480
10: sofa (11)
image_size:	640x480
11: sofa (12)
image_size:	640x480
12: sofa (13)
image_size:	640x480
13: sofa (14)
image_size:	640x480
14: sofa (15)
image_size:	640x480
15: sofa (16)
image_size:	640x480
16: sofa (17)
image_size:	640x480
17: sofa (18)
image_size:	640x480
18: sofa (19)
image_size:	640x480
19: sofa (20)
image_size:	640x480
20: sofa (21)
image_size:	640x480
21: sofa (22)
image_size:	640x480
22: sofa (23)
image_size:	640x480
23: sofa (24)
image_size:	640x480
24: sofa (25)
image_size:	640x480
25: sofa (26)
image_size:	640x480
26: sofa (27)
image_size:	640x480
27: sofa (28)
image_size:	640x480
28: sofa (29)
image_size:	640x480
29: sofa (30)
image_size:	640x480
30: sofa (31)
image_size:	640x480
31: sofa (32)
image_size:	640x480
32: sofa (33)
image_size:	640x480
33: sofa (34)
image_size:	640x480
34: sofa (35)
image_size:	640x480
35: sofa (36)
image_size:	640x480
**************************************
Change the number of pixel-loaded images by 
modifying param_visual_data_budget in nv.ini
Use the PAUSE button to skip the pixel loading
**************************************
Loading image pixel data ...done in 0s

Modifying Calibration, begin...
fx = 423.546234, cx = 329.919403
fy = 423.546234, cy = 252.549683
radial_distortion = 0.000000
----------------------------------------------------------------
Modifying Calibration, finished
Totally 0.000 seconds used


Run full 3D reconstruction, begin...
0 pairs have two-view models
0 pairs have fundamental matrices
----------------------------------------------------------------
Run full 3D reconstruction, finished
Totally 0.000 seconds used


Compute Missing Pairwise Matching, begin...
********* WARNING ***********
More than 112MB of graphic memory may be allocated
under the default settings. If the program halts here,
adjust parameters to save memory and rerun the task: 
    [Tools->Enable GPU->Set Maximum DIM]
Note some octaves may be automatically skipped
SIFT: 0000, 640x480, 	7880, 0.89sec
SIFT: 0001, 640x480, 	7189, 0.13sec
SIFT: 0002, 640x480, 	7516, 0.13sec
SIFT: 0003, 640x480, 	7611, 0.14sec
SIFT: 0004, 640x480, 	8251, 0.15sec
SIFT: 0005, 640x480, 	8489, 0.14sec
SIFT: 0006, 640x480, 	8430, 0.14sec
SIFT: 0007, 640x480, 	8612, 0.14sec
SIFT: 0008, 640x480, 	8423, 0.14sec
SIFT: 0009, 640x480, 	8468, 0.18sec
SIFT: 0010, 640x480, 	8205, 0.16sec
SIFT: 0011, 640x480, 	8207, 0.14sec
SIFT: 0012, 640x480, 	7526, 0.13sec
SIFT: 0013, 640x480, 	7528, 0.13sec
SIFT: 0014, 640x480, 	7586, 0.13sec
SIFT: 0015, 640x480, 	6657, 0.13sec
SIFT: 0016, 640x480, 	6402, 0.12sec
SIFT: 0017, 640x480, 	7246, 0.13sec
SIFT: 0018, 640x480, 	7216, 0.13sec
SIFT: 0019, 640x480, 	6916, 0.13sec
SIFT: 0020, 640x480, 	7872, 0.14sec
SIFT: 0021, 640x480, 	7181, 0.13sec
SIFT: 0022, 640x480, 	7980, 0.15sec
SIFT: 0023, 640x480, 	8382, 0.17sec
SIFT: 0024, 640x480, 	8687, 0.16sec
SIFT: 0025, 640x480, 	8632, 0.16sec
SIFT: 0026, 640x480, 	8635, 0.14sec
SIFT: 0027, 640x480, 	8526, 0.15sec
SIFT: 0028, 640x480, 	8236, 0.14sec
SIFT: 0029, 640x480, 	8236, 0.14sec
SIFT: 0030, 640x480, 	8131, 0.14sec
SIFT: 0031, 640x480, 	8519, 0.14sec
SIFT: 0032, 640x480, 	8130, 0.14sec
SIFT: 0033, 640x480, 	7694, 0.13sec
SIFT: 0034, 640x480, 	8012, 0.14sec
SIFT: 0035, 640x480, 	7796, 0.14sec

###########-------timing------#########
36 Feature Detection finished, 6 sec used
#############################

630 pairs to compute match
NOTE: using 3 matching workers
0000 and 0002: 1294 matches, 0.18sec, #1
0000 and 0003: 752 matches, 0.19sec, #2
0000 and 0002: [855/1294], H[97], 0.01sec
0000 and 0003: [544/752], H[57], 0.01sec
0001 and 0002: 2719 matches, 0.14sec, #1
0001 and 0003: 1325 matches, 0.16sec, #2
0000 and 0001: 1706 matches, 0.39sec, #0
0001 and 0002: [2360/2719], H[806], 0.01sec
0001 and 0003: [1062/1325], H[267], 0.01sec
0000 and 0001: [1206/1706], H[587], 0.01sec
0003 and 0007: 769 matches, 0.14sec, #0
0003 and 0007: [552/769], H[167], 0.01sec
0004 and 0005: 2599 matches, 0.20sec, #1
0004 and 0005: [2168/2599], H[230], 0.01sec
0002 and 0003: 2146 matches, 0.22sec, #2
0004 and 0007: 1327 matches, 0.12sec, #0
0000 and 0006: 283 matches, 0.14sec, #1
0002 and 0003: [1692/2146], H[411], 0.01sec
0004 and 0007: [941/1327], H[317], 0.01sec
0000 and 0006: [144/283], H[30], 0.01sec
0005 and 0007: 2500 matches, 0.15sec, #0
0005 and 0007: [2223/2500], H[204], 0.02sec
0000 and 0004: 721 matches, 0.30sec, #2
0001 and 0006: 296 matches, 0.28sec, #1
0006 and 0007: 2902 matches, 0.12sec, #0
0000 and 0004: [468/721], H[62], 0.00sec
0001 and 0006: [153/296], H[42], 0.01sec
0006 and 0007: [2672/2902], H[1425], 0.02sec
0000 and 0008: 214 matches, 0.14sec, #0
0001 and 0004: 963 matches, 0.18sec, #2
0000 and 0008: [113/214], H[32], 0.01sec
0001 and 0004: [711/963], H[136], 0.01sec
0002 and 0006: 495 matches, 0.25sec, #1
0001 and 0008: 213 matches, 0.12sec, #0
0002 and 0006: [325/495], H[75], 0.01sec
0001 and 0008: [101/213], H[29], 0.01sec
0002 and 0004: 1589 matches, 0.22sec, #2
0002 and 0004: [1241/1589], H[297], 0.01sec
0002 and 0008: 342 matches, 0.12sec, #0
0002 and 0008: [214/342], H[62], 0.01sec
0003 and 0006: 980 matches, 0.15sec, #1
0003 and 0006: [725/980], H[340], 0.01sec
0003 and 0008: 603 matches, 0.13sec, #0
0003 and 0008: [429/603], H[158], 0.01sec
0003 and 0004: 2715 matches, 0.23sec, #2
0004 and 0006: 1488 matches, 0.21sec, #1
0004 and 0006: [1105/1488], H[217], 0.01sec
0003 and 0004: [2440/2715], H[1112], 0.01sec
0004 and 0008: 981 matches, 0.12sec, #0
0004 and 0008: [723/981], H[176], 0.01sec
0005 and 0008: 1817 matches, 0.14sec, #0
0005 and 0008: [1516/1817], H[188], 0.01sec
0005 and 0006: 3118 matches, 0.23sec, #1
0000 and 0005: 376 matches, 0.23sec, #2
0006 and 0008: 2140 matches, 0.12sec, #0
0000 and 0005: [199/376], H[25], 0.01sec
0005 and 0006: [2974/3118], H[935], 0.02sec
0006 and 0008: [1756/2140], H[351], 0.01sec
0007 and 0008: 3217 matches, 0.14sec, #0
0001 and 0005: 485 matches, 0.19sec, #2
0007 and 0008: [3037/3217], H[1440], 0.04sec
0001 and 0005: [313/485], H[138], 0.01sec
0000 and 0007: 267 matches, 0.24sec, #1
0002 and 0005: 827 matches, 0.13sec, #2
0000 and 0009: 194 matches, 0.14sec, #0
0000 and 0007: [123/267], H[19], 0.02sec
0002 and 0005: [623/827], H[249], 0.01sec
0000 and 0009: [83/194], H[16], 0.07sec
0001 and 0007: 320 matches, 0.17sec, #1
0001 and 0009: 193 matches, 0.12sec, #0
0001 and 0007: [155/320], H[48], 0.02sec
0001 and 0009: [88/193], H[23], 0.02sec
0003 and 0005: 1408 matches, 0.27sec, #2
0003 and 0005: [1092/1408], H[416], 0.01sec
0002 and 0007: 426 matches, 0.11sec, #1
0002 and 0009: 240 matches, 0.11sec, #0
0002 and 0007: [265/426], H[42], 0.01sec
0002 and 0009: [130/240], H[30], 0.01sec
0003 and 0009: 389 matches, 0.12sec, #0
0003 and 0009: [240/389], H[112], 0.01sec
0008 and 0009: 2976 matches, 0.24sec, #2
0009 and 0010: 2656 matches, 0.23sec, #1
0008 and 0009: [2661/2976], H[517], 0.01sec
0004 and 0009: 588 matches, 0.12sec, #0
0009 and 0010: [2479/2656], H[471], 0.01sec
0004 and 0009: [395/588], H[122], 0.01sec
0005 and 0009: 1201 matches, 0.14sec, #0
0005 and 0009: [856/1201], H[137], 0.01sec
0000 and 0010: 116 matches, 0.20sec, #2
0000 and 0010: [54/116], H[18], 0.02sec
0000 and 0011: 137 matches, 0.21sec, #1
0006 and 0009: 1561 matches, 0.12sec, #0
0006 and 0009: [1257/1561], H[155], 0.06sec
0000 and 0011: [53/137], H[16], 0.08sec
0001 and 0010: 151 matches, 0.11sec, #2
0007 and 0009: 2419 matches, 0.12sec, #0
0007 and 0009: [2004/2419], H[313], 0.02sec
0001 and 0010: [62/151], H[23], 0.04sec
0009 and 0011: 2027 matches, 0.13sec, #0
0009 and 0011: [1824/2027], H[447], 0.02sec
0001 and 0011: 140 matches, 0.22sec, #1
0002 and 0010: 167 matches, 0.21sec, #2
0001 and 0011: [51/140], H[12], 0.04sec
0002 and 0010: [87/167], H[11], 0.01sec
0010 and 0011: 3289 matches, 0.12sec, #0
0010 and 0011: [3154/3289], H[1318], 0.03sec
0002 and 0011: 157 matches, 0.17sec, #1
0003 and 0010: 244 matches, 0.19sec, #2
0002 and 0011: [79/157], H[22], 0.01sec
0003 and 0010: [147/244], H[32], 0.01sec
0000 and 0012: 82 matches, 0.11sec, #0
0000 and 0012: [23/82], H[8], 0.08sec
0003 and 0011: 222 matches, 0.17sec, #1
0004 and 0010: 301 matches, 0.19sec, #2
0003 and 0011: [122/222], H[22], 0.01sec
0004 and 0010: [170/301], H[45], 0.01sec
0001 and 0012: 86 matches, 0.10sec, #0
0001 and 0012: [23/86], H[10], 0.14sec
0004 and 0011: 288 matches, 0.17sec, #1
0004 and 0011: [164/288], H[28], 0.01sec
0005 and 0010: 600 matches, 0.19sec, #2
0002 and 0012: 102 matches, 0.10sec, #0
0005 and 0010: [355/600], H[76], 0.01sec
0002 and 0012: [43/102], H[8], 0.03sec
0003 and 0012: 129 matches, 0.12sec, #0
0003 and 0012: [68/129], H[16], 0.01sec
0005 and 0011: 549 matches, 0.22sec, #1
0006 and 0010: 978 matches, 0.23sec, #2
0005 and 0011: [349/549], H[65], 0.01sec
0006 and 0010: [603/978], H[56], 0.01sec
0004 and 0012: 176 matches, 0.12sec, #0
0004 and 0012: [91/176], H[32], 0.01sec
0006 and 0011: 784 matches, 0.18sec, #1
0005 and 0012: 279 matches, 0.17sec, #0
0006 and 0011: [509/784], H[153], 0.01sec
0005 and 0012: [163/279], H[27], 0.01sec
0007 and 0010: 1278 matches, 0.25sec, #2
0007 and 0010: [986/1278], H[118], 0.01sec
0006 and 0012: 402 matches, 0.13sec, #0
0006 and 0012: [249/402], H[44], 0.01sec
0007 and 0011: 975 matches, 0.27sec, #1
0007 and 0012: 448 matches, 0.11sec, #0
0007 and 0011: [756/975], H[127], 0.01sec
0007 and 0012: [291/448], H[66], 0.01sec
0008 and 0010: 1457 matches, 0.24sec, #2
0008 and 0012: 577 matches, 0.12sec, #0
0008 and 0010: [1286/1457], H[127], 0.01sec
0008 and 0012: [430/577], H[59], 0.00sec
0008 and 0011: 1313 matches, 0.17sec, #1
0008 and 0011: [1182/1313], H[138], 0.01sec
0009 and 0012: 887 matches, 0.12sec, #0
0006 and 0013: 287 matches, 0.13sec, #2
0009 and 0012: [735/887], H[190], 0.01sec
0006 and 0013: [166/287], H[39], 0.01sec
0010 and 0012: 1529 matches, 0.12sec, #0
0010 and 0012: [1340/1529], H[422], 0.04sec
0003 and 0014: 153 matches, 0.19sec, #1
0007 and 0013: 350 matches, 0.19sec, #2
0003 and 0014: [53/153], H[13], 0.05sec
0007 and 0013: [213/350], H[23], 0.01sec
0011 and 0012: 2074 matches, 0.12sec, #0
0011 and 0012: [1653/2074], H[584], 0.01sec
0000 and 0013: 90 matches, 0.12sec, #0
0004 and 0014: 169 matches, 0.20sec, #1
0008 and 0013: 502 matches, 0.22sec, #2
0004 and 0014: [71/169], H[22], 0.03sec
0000 and 0013: [25/90], H[11], 0.07sec
0008 and 0013: [319/502], H[54], 0.01sec
0001 and 0013: 79 matches, 0.13sec, #0
0001 and 0013: [29/79], H[12], 0.06sec
0005 and 0014: 271 matches, 0.19sec, #1
0005 and 0014: [124/271], H[23], 0.02sec
0009 and 0013: 830 matches, 0.22sec, #2
0009 and 0013: [619/830], H[165], 0.01sec
0002 and 0013: 90 matches, 0.10sec, #0
0002 and 0013: [33/90], H[18], 0.09sec
0006 and 0014: 298 matches, 0.16sec, #1
0010 and 0013: 1128 matches, 0.17sec, #2
0006 and 0014: [167/298], H[62], 0.01sec
0010 and 0013: [891/1128], H[140], 0.01sec
0003 and 0013: 118 matches, 0.10sec, #0
0003 and 0013: [52/118], H[15], 0.03sec
0004 and 0013: 153 matches, 0.13sec, #0
0004 and 0013: [72/153], H[21], 0.02sec
0007 and 0014: 415 matches, 0.25sec, #1
0011 and 0013: 1679 matches, 0.24sec, #2
0005 and 0013: 241 matches, 0.12sec, #0
0007 and 0014: [230/415], H[45], 0.01sec
0011 and 0013: [1298/1679], H[362], 0.01sec
0005 and 0013: [123/241], H[36], 0.01sec
0013 and 0014: 2757 matches, 0.11sec, #0
0013 and 0014: [2254/2757], H[743], 0.02sec
0008 and 0014: 519 matches, 0.22sec, #1
0012 and 0013: 2094 matches, 0.24sec, #2
0008 and 0014: [305/519], H[82], 0.01sec
0000 and 0015: 50 matches, 0.11sec, #0
0012 and 0013: [1957/2094], H[705], 0.01sec
0009 and 0014: 914 matches, 0.15sec, #1
0009 and 0014: [565/914], H[84], 0.01sec
0000 and 0015: [12/50], H[5], 0.19sec
0000 and 0014: 93 matches, 0.27sec, #2
0001 and 0015: 53 matches, 0.09sec, #0
0010 and 0014: 1280 matches, 0.16sec, #1
0000 and 0014: [23/93], H[10], 0.06sec
0010 and 0014: [1037/1280], H[218], 0.01sec
0001 and 0015: [12/53], H[4], 0.06sec
0002 and 0015: 42 matches, 0.11sec, #0
0001 and 0014: 109 matches, 0.22sec, #2
0002 and 0015: [14/42], H[4], 0.07sec
0011 and 0014: 1766 matches, 0.23sec, #1
0011 and 0014: [1380/1766], H[199], 0.01sec
0001 and 0014: [27/109], H[9], 0.04sec
0003 and 0015: 71 matches, 0.10sec, #0
0003 and 0015: [24/71], H[4], 0.14sec
0012 and 0014: 1857 matches, 0.18sec, #1
0012 and 0014: [1570/1857], H[272], 0.01sec
0002 and 0014: 107 matches, 0.18sec, #2
0004 and 0015: 75 matches, 0.10sec, #0
0004 and 0015: [33/75], H[10], 0.03sec
0009 and 0015: 398 matches, 0.10sec, #1
0002 and 0014: [35/107], H[19], 0.09sec
0009 and 0015: [269/398], H[37], 0.00sec
0005 and 0015: 133 matches, 0.10sec, #0
0005 and 0015: [69/133], H[14], 0.01sec
0006 and 0015: 163 matches, 0.10sec, #0
0006 and 0015: [90/163], H[9], 0.01sec
0004 and 0016: 71 matches, 0.17sec, #2
0004 and 0016: [31/71], H[9], 0.01sec
0010 and 0015: 621 matches, 0.19sec, #1
0007 and 0015: 168 matches, 0.11sec, #0
0010 and 0015: [440/621], H[81], 0.01sec
0007 and 0015: [106/168], H[17], 0.01sec
0008 and 0015: 246 matches, 0.11sec, #0
0008 and 0015: [143/246], H[12], 0.01sec
0005 and 0016: 114 matches, 0.18sec, #2
0011 and 0015: 850 matches, 0.18sec, #1
0005 and 0016: [62/114], H[7], 0.01sec
0011 and 0015: [621/850], H[39], 0.01sec
0014 and 0016: 1399 matches, 0.09sec, #0
0014 and 0016: [1093/1399], H[386], 0.01sec
0015 and 0016: 2348 matches, 0.09sec, #0
0015 and 0016: [2243/2348], H[1165], 0.00sec
0006 and 0016: 154 matches, 0.18sec, #2
0012 and 0015: 1641 matches, 0.18sec, #1
0006 and 0016: [84/154], H[18], 0.01sec
0000 and 0017: 104 matches, 0.10sec, #0
0012 and 0015: [1276/1641], H[268], 0.01sec
0000 and 0017: [18/104], H[7], 0.12sec
0007 and 0016: 179 matches, 0.13sec, #2
0007 and 0016: [101/179], H[57], 0.01sec
0001 and 0017: 83 matches, 0.10sec, #0
0013 and 0015: 1710 matches, 0.23sec, #1
0008 and 0016: 207 matches, 0.10sec, #2
0013 and 0015: [1200/1710], H[307], 0.01sec
0008 and 0016: [112/207], H[26], 0.01sec
0001 and 0017: [18/83], H[7], 0.12sec
0014 and 0015: 1804 matches, 0.14sec, #1
0014 and 0015: [1614/1804], H[949], 0.01sec
0009 and 0016: 342 matches, 0.17sec, #2
0002 and 0017: 102 matches, 0.10sec, #0
0009 and 0016: [203/342], H[32], 0.01sec
0002 and 0017: [36/102], H[6], 0.13sec
0000 and 0016: 47 matches, 0.16sec, #1
0010 and 0016: 553 matches, 0.16sec, #2
0000 and 0016: [17/47], H[5], 0.05sec
0010 and 0016: [397/553], H[47], 0.00sec
0003 and 0017: 139 matches, 0.10sec, #0
0003 and 0017: [51/139], H[17], 0.06sec
0001 and 0016: 43 matches, 0.14sec, #1
0004 and 0017: 169 matches, 0.12sec, #0
0011 and 0016: 762 matches, 0.19sec, #2
0001 and 0016: [15/43], H[10], 0.05sec
0011 and 0016: [528/762], H[84], 0.01sec
0004 and 0017: [78/169], H[27], 0.06sec
0002 and 0016: 44 matches, 0.14sec, #1
0005 and 0017: 259 matches, 0.12sec, #0
0012 and 0016: 1199 matches, 0.17sec, #2
0012 and 0016: [842/1199], H[197], 0.01sec
0005 and 0017: [116/259], H[21], 0.02sec
0002 and 0016: [16/44], H[8], 0.07sec
0006 and 0017: 301 matches, 0.12sec, #0
0006 and 0017: [177/301], H[52], 0.01sec
0013 and 0016: 1241 matches, 0.16sec, #2
0013 and 0016: [942/1241], H[167], 0.01sec
0003 and 0016: 65 matches, 0.17sec, #1
0007 and 0017: 357 matches, 0.11sec, #0
0007 and 0017: [202/357], H[28], 0.01sec
0001 and 0018: 87 matches, 0.10sec, #0
0008 and 0017: 403 matches, 0.15sec, #2
0003 and 0016: [23/65], H[5], 0.13sec
0008 and 0017: [206/403], H[48], 0.01sec
0001 and 0018: [22/87], H[6], 0.12sec
0002 and 0018: 105 matches, 0.10sec, #0
0009 and 0017: 745 matches, 0.24sec, #2
0011 and 0018: 1344 matches, 0.25sec, #1
0009 and 0017: [483/745], H[57], 0.01sec
0011 and 0018: [881/1344], H[135], 0.01sec
0002 and 0018: [34/105], H[16], 0.06sec
0003 and 0018: 134 matches, 0.11sec, #0
0010 and 0017: 1176 matches, 0.19sec, #2
0010 and 0017: [767/1176], H[123], 0.01sec
0012 and 0018: 1255 matches, 0.21sec, #1
0003 and 0018: [52/134], H[11], 0.05sec
0012 and 0018: [884/1255], H[266], 0.08sec
0004 and 0018: 166 matches, 0.11sec, #0
0011 and 0017: 1391 matches, 0.15sec, #2
0011 and 0017: [846/1391], H[135], 0.02sec
0013 and 0018: 1722 matches, 0.15sec, #1
0013 and 0018: [1188/1722], H[244], 0.01sec
0004 and 0018: [77/166], H[24], 0.15sec
0012 and 0017: 1250 matches, 0.20sec, #2
0012 and 0017: [857/1250], H[107], 0.01sec
0005 and 0018: 250 matches, 0.11sec, #0
0005 and 0018: [120/250], H[27], 0.01sec
0014 and 0018: 2468 matches, 0.14sec, #1
0014 and 0018: [1872/2468], H[549], 0.02sec
0013 and 0017: 1236 matches, 0.12sec, #2
0006 and 0018: 293 matches, 0.11sec, #0
0013 and 0017: [825/1236], H[97], 0.01sec
0006 and 0018: [153/293], H[50], 0.01sec
0007 and 0018: 356 matches, 0.11sec, #0
0015 and 0018: 1726 matches, 0.16sec, #1
0007 and 0018: [176/356], H[23], 0.01sec
0015 and 0018: [1365/1726], H[356], 0.01sec
0014 and 0017: 1981 matches, 0.25sec, #2
0008 and 0018: 402 matches, 0.11sec, #0
0014 and 0017: [1421/1981], H[393], 0.01sec
0016 and 0018: 1424 matches, 0.12sec, #1
0008 and 0018: [204/402], H[42], 0.01sec
0016 and 0018: [1154/1424], H[357], 0.00sec
0009 and 0018: 711 matches, 0.11sec, #0
0009 and 0018: [439/711], H[45], 0.01sec
0015 and 0017: 1338 matches, 0.15sec, #2
0015 and 0017: [1040/1338], H[386], 0.01sec
0017 and 0018: 3010 matches, 0.19sec, #1
0010 and 0018: 1071 matches, 0.11sec, #0
0017 and 0018: [2795/3010], H[1128], 0.00sec
0010 and 0018: [758/1071], H[65], 0.01sec
0016 and 0017: 1244 matches, 0.14sec, #2
0016 and 0017: [1048/1244], H[186], 0.01sec
0003 and 0019: 96 matches, 0.10sec, #0
0000 and 0019: 60 matches, 0.19sec, #1
0003 and 0019: [40/96], H[24], 0.08sec
0000 and 0018: 75 matches, 0.11sec, #2
0000 and 0019: [16/60], H[5], 0.06sec
0004 and 0019: 127 matches, 0.11sec, #0
0004 and 0019: [61/127], H[16], 0.02sec
0000 and 0018: [15/75], H[6], 0.08sec
0001 and 0019: 57 matches, 0.10sec, #1
0005 and 0019: 186 matches, 0.11sec, #0
0005 and 0019: [101/186], H[31], 0.01sec
0001 and 0019: [18/57], H[8], 0.08sec
0013 and 0019: 628 matches, 0.12sec, #2
0006 and 0019: 295 matches, 0.11sec, #0
0013 and 0019: [411/628], H[74], 0.01sec
0002 and 0019: 76 matches, 0.13sec, #1
0006 and 0019: [165/295], H[25], 0.07sec
0002 and 0019: [31/76], H[5], 0.06sec
0014 and 0019: 900 matches, 0.11sec, #2
0007 and 0019: 374 matches, 0.11sec, #0
0014 and 0019: [750/900], H[107], 0.01sec
0007 and 0019: [227/374], H[23], 0.01sec
0008 and 0019: 339 matches, 0.11sec, #0
0008 and 0019: [194/339], H[66], 0.01sec
0015 and 0019: 733 matches, 0.23sec, #2
0004 and 0020: 293 matches, 0.27sec, #1
0009 and 0019: 625 matches, 0.11sec, #0
0015 and 0019: [638/733], H[94], 0.01sec
0004 and 0020: [194/293], H[94], 0.00sec
0009 and 0019: [379/625], H[48], 0.01sec
0010 and 0019: 1165 matches, 0.13sec, #0
0010 and 0019: [752/1165], H[43], 0.01sec
0016 and 0019: 691 matches, 0.21sec, #2
0016 and 0019: [589/691], H[127], 0.00sec
0005 and 0020: 519 matches, 0.24sec, #1
0005 and 0020: [311/519], H[236], 0.01sec
0011 and 0019: 973 matches, 0.12sec, #0
0011 and 0019: [632/973], H[67], 0.01sec
0012 and 0019: 801 matches, 0.11sec, #0
0012 and 0019: [538/801], H[40], 0.01sec
0017 and 0019: 1381 matches, 0.27sec, #2
0006 and 0020: 574 matches, 0.25sec, #1
0017 and 0019: [1078/1381], H[284], 0.01sec
0006 and 0020: [366/574], H[85], 0.01sec
0014 and 0020: 847 matches, 0.12sec, #0
0014 and 0020: [592/847], H[160], 0.01sec
0015 and 0020: 488 matches, 0.11sec, #0
0015 and 0020: [338/488], H[50], 0.01sec
0018 and 0019: 1185 matches, 0.22sec, #2
0018 and 0019: [936/1185], H[163], 0.01sec
0007 and 0020: 843 matches, 0.27sec, #1
0016 and 0020: 456 matches, 0.10sec, #0
0007 and 0020: [545/843], H[332], 0.01sec
0016 and 0020: [318/456], H[47], 0.01sec
0017 and 0020: 1042 matches, 0.11sec, #0
0017 and 0020: [785/1042], H[114], 0.01sec
0000 and 0020: 113 matches, 0.20sec, #2
0008 and 0020: 821 matches, 0.22sec, #1
0018 and 0020: 917 matches, 0.11sec, #0
0008 and 0020: [535/821], H[392], 0.01sec
0018 and 0020: [615/917], H[42], 0.01sec
0000 and 0020: [42/113], H[11], 0.04sec
0019 and 0020: 1453 matches, 0.11sec, #0
0019 and 0020: [1224/1453], H[241], 0.01sec
0009 and 0020: 1213 matches, 0.19sec, #1
0001 and 0020: 123 matches, 0.11sec, #2
0009 and 0020: [874/1213], H[88], 0.01sec
0000 and 0021: 60 matches, 0.11sec, #0
0001 and 0020: [53/123], H[7], 0.02sec
0000 and 0021: [32/60], H[11], 0.01sec
0001 and 0021: 80 matches, 0.10sec, #0
0001 and 0021: [43/80], H[22], 0.01sec
0010 and 0020: 1068 matches, 0.21sec, #1
0002 and 0020: 139 matches, 0.22sec, #2
0010 and 0020: [811/1068], H[89], 0.01sec
0002 and 0020: [77/139], H[16], 0.01sec
0002 and 0021: 88 matches, 0.10sec, #0
0002 and 0021: [49/88], H[18], 0.01sec
0003 and 0021: 124 matches, 0.10sec, #0
0003 and 0021: [72/124], H[17], 0.01sec
0011 and 0020: 984 matches, 0.19sec, #1
0003 and 0020: 203 matches, 0.21sec, #2
0011 and 0020: [759/984], H[244], 0.01sec
0003 and 0020: [123/203], H[70], 0.00sec
0004 and 0021: 182 matches, 0.11sec, #0
0004 and 0021: [110/182], H[35], 0.01sec
0005 and 0021: 280 matches, 0.11sec, #0
0005 and 0021: [158/280], H[103], 0.01sec
0012 and 0020: 665 matches, 0.18sec, #1
0014 and 0021: 634 matches, 0.19sec, #2
0012 and 0020: [489/665], H[175], 0.01sec
0014 and 0021: [509/634], H[101], 0.01sec
0006 and 0021: 341 matches, 0.11sec, #0
0006 and 0021: [176/341], H[28], 0.01sec
0007 and 0021: 473 matches, 0.11sec, #0
0007 and 0021: [253/473], H[39], 0.01sec
0015 and 0021: 595 matches, 0.18sec, #2
0013 and 0020: 629 matches, 0.19sec, #1
0015 and 0021: [475/595], H[61], 0.00sec
0013 and 0020: [451/629], H[119], 0.00sec
0008 and 0021: 553 matches, 0.11sec, #0
0008 and 0021: [282/553], H[40], 0.09sec
0016 and 0021: 391 matches, 0.16sec, #2
0016 and 0021: [296/391], H[29], 0.00sec
0003 and 0022: 299 matches, 0.23sec, #1
0009 and 0021: 734 matches, 0.11sec, #0
0003 and 0022: [201/299], H[78], 0.01sec
0009 and 0021: [432/734], H[43], 0.01sec
0010 and 0021: 815 matches, 0.18sec, #0
0017 and 0021: 917 matches, 0.21sec, #2
0010 and 0021: [454/815], H[97], 0.01sec
0017 and 0021: [675/917], H[135], 0.01sec
0004 and 0022: 361 matches, 0.32sec, #1
0004 and 0022: [222/361], H[93], 0.01sec
0011 and 0021: 701 matches, 0.12sec, #0
0011 and 0021: [442/701], H[56], 0.01sec
0018 and 0021: 998 matches, 0.15sec, #2
0018 and 0021: [620/998], H[51], 0.01sec
0012 and 0021: 541 matches, 0.11sec, #0
0012 and 0021: [394/541], H[43], 0.01sec
0005 and 0022: 604 matches, 0.23sec, #1
0005 and 0022: [384/604], H[168], 0.01sec
0013 and 0021: 551 matches, 0.11sec, #0
0019 and 0021: 1470 matches, 0.13sec, #2
0013 and 0021: [324/551], H[40], 0.01sec
0019 and 0021: [1354/1470], H[439], 0.01sec
0013 and 0022: 451 matches, 0.16sec, #0
0013 and 0022: [300/451], H[75], 0.01sec
0006 and 0022: 576 matches, 0.25sec, #1
0020 and 0021: 2082 matches, 0.17sec, #2
0014 and 0022: 513 matches, 0.11sec, #0
0006 and 0022: [365/576], H[127], 0.01sec
0014 and 0022: [336/513], H[74], 0.01sec
0020 and 0021: [1824/2082], H[399], 0.01sec
0015 and 0022: 354 matches, 0.12sec, #0
0015 and 0022: [212/354], H[28], 0.01sec
0007 and 0022: 888 matches, 0.23sec, #1
0007 and 0022: [648/888], H[348], 0.01sec
0016 and 0022: 250 matches, 0.10sec, #0
0016 and 0022: [160/250], H[35], 0.01sec
0000 and 0022: 138 matches, 0.32sec, #2
0000 and 0022: [63/138], H[23], 0.02sec
0008 and 0022: 846 matches, 0.12sec, #1
0008 and 0022: [544/846], H[190], 0.01sec
0017 and 0022: 561 matches, 0.11sec, #0
0017 and 0022: [335/561], H[45], 0.01sec
0001 and 0022: 151 matches, 0.17sec, #2
0001 and 0022: [81/151], H[40], 0.01sec
0018 and 0022: 648 matches, 0.15sec, #0
0018 and 0022: [367/648], H[43], 0.01sec
0009 and 0022: 1044 matches, 0.26sec, #1
0009 and 0022: [796/1044], H[228], 0.01sec
0019 and 0022: 1033 matches, 0.11sec, #0
0019 and 0022: [833/1033], H[226], 0.01sec
0002 and 0022: 197 matches, 0.21sec, #2
0010 and 0022: 811 matches, 0.13sec, #1
0002 and 0022: [113/197], H[57], 0.00sec
0010 and 0022: [578/811], H[56], 0.01sec
0020 and 0022: 2668 matches, 0.11sec, #0
0020 and 0022: [2272/2668], H[857], 0.02sec
0021 and 0022: 1840 matches, 0.11sec, #0
0021 and 0022: [1510/1840], H[322], 0.02sec
0001 and 0023: 206 matches, 0.19sec, #2
0011 and 0022: 723 matches, 0.22sec, #1
0011 and 0022: [520/723], H[222], 0.01sec
0000 and 0023: 183 matches, 0.12sec, #0
0001 and 0023: [99/206], H[17], 0.04sec
0000 and 0023: [92/183], H[26], 0.05sec
0011 and 0023: 791 matches, 0.12sec, #0
0011 and 0023: [553/791], H[187], 0.01sec
0002 and 0023: 288 matches, 0.18sec, #2
0012 and 0022: 398 matches, 0.22sec, #1
0002 and 0023: [169/288], H[72], 0.01sec
0012 and 0022: [287/398], H[74], 0.00sec
0012 and 0023: 452 matches, 0.11sec, #0
0012 and 0023: [298/452], H[125], 0.01sec
0013 and 0023: 429 matches, 0.15sec, #0
0003 and 0023: 407 matches, 0.18sec, #2
0013 and 0023: [259/429], H[114], 0.01sec
0003 and 0023: [247/407], H[74], 0.01sec
0021 and 0023: 1201 matches, 0.23sec, #1
0014 and 0023: 509 matches, 0.11sec, #0
0021 and 0023: [973/1201], H[269], 0.01sec
0014 and 0023: [296/509], H[120], 0.01sec
0004 and 0023: 553 matches, 0.23sec, #2
0015 and 0023: 318 matches, 0.11sec, #0
0004 and 0023: [360/553], H[134], 0.01sec
0015 and 0023: [185/318], H[23], 0.01sec
0022 and 0023: 3383 matches, 0.19sec, #1
0022 and 0023: [3177/3383], H[1348], 0.01sec
0016 and 0023: 274 matches, 0.11sec, #0
0016 and 0023: [170/274], H[50], 0.01sec
0005 and 0023: 811 matches, 0.25sec, #2
0017 and 0023: 601 matches, 0.12sec, #0
0005 and 0023: [610/811], H[122], 0.01sec
0017 and 0023: [342/601], H[79], 0.01sec
0000 and 0024: 281 matches, 0.24sec, #1
0000 and 0024: [162/281], H[20], 0.01sec
0018 and 0023: 599 matches, 0.12sec, #0
0018 and 0023: [368/599], H[55], 0.01sec
0006 and 0023: 837 matches, 0.27sec, #2
0019 and 0023: 875 matches, 0.12sec, #0
0006 and 0023: [610/837], H[403], 0.01sec
0019 and 0023: [667/875], H[115], 0.01sec
0001 and 0024: 309 matches, 0.18sec, #1
0001 and 0024: [185/309], H[38], 0.01sec
0020 and 0023: 2483 matches, 0.12sec, #0
0007 and 0023: 1124 matches, 0.25sec, #2
0002 and 0024: 486 matches, 0.15sec, #1
0007 and 0023: [856/1124], H[237], 0.01sec
0002 and 0024: [313/486], H[135], 0.01sec
0020 and 0023: [2148/2483], H[702], 0.01sec
0008 and 0024: 807 matches, 0.14sec, #0
0008 and 0024: [561/807], H[233], 0.01sec
0008 and 0023: 931 matches, 0.27sec, #2
0008 and 0023: [702/931], H[448], 0.01sec
0003 and 0024: 589 matches, 0.30sec, #1
0009 and 0024: 816 matches, 0.13sec, #0
0003 and 0024: [430/589], H[71], 0.01sec
0009 and 0024: [561/816], H[113], 0.01sec
0009 and 0023: 1154 matches, 0.27sec, #2
0010 and 0024: 627 matches, 0.25sec, #0
0009 and 0023: [800/1154], H[420], 0.01sec
0010 and 0024: [425/627], H[186], 0.01sec
0004 and 0024: 768 matches, 0.38sec, #1
0011 and 0024: 634 matches, 0.13sec, #0
0004 and 0024: [538/768], H[268], 0.01sec
0011 and 0024: [431/634], H[170], 0.00sec
0010 and 0023: 829 matches, 0.24sec, #2
0010 and 0023: [604/829], H[277], 0.01sec
0012 and 0024: 359 matches, 0.12sec, #0
0012 and 0024: [244/359], H[113], 0.01sec
0013 and 0024: 281 matches, 0.12sec, #0
0018 and 0024: 413 matches, 0.14sec, #2
0005 and 0024: 948 matches, 0.27sec, #1
0013 and 0024: [178/281], H[40], 0.01sec
0018 and 0024: [212/413], H[38], 0.01sec
0005 and 0024: [627/948], H[285], 0.01sec
0014 and 0024: 372 matches, 0.13sec, #0
0014 and 0024: [194/372], H[79], 0.01sec
0019 and 0024: 507 matches, 0.22sec, #2
0019 and 0024: [387/507], H[46], 0.01sec
0006 and 0024: 942 matches, 0.26sec, #1
0015 and 0024: 218 matches, 0.10sec, #0
0006 and 0024: [640/942], H[247], 0.01sec
0015 and 0024: [121/218], H[27], 0.01sec
0016 and 0024: 203 matches, 0.10sec, #0
0016 and 0024: [108/203], H[54], 0.01sec
0020 and 0024: 1457 matches, 0.23sec, #2
0020 and 0024: [1065/1457], H[219], 0.01sec
0007 and 0024: 1158 matches, 0.24sec, #1
0017 and 0024: 397 matches, 0.11sec, #0
0007 and 0024: [817/1158], H[522], 0.01sec
0017 and 0024: [256/397], H[84], 0.01sec
0014 and 0025: 399 matches, 0.12sec, #0
0014 and 0025: [242/399], H[64], 0.01sec
0021 and 0024: 726 matches, 0.24sec, #2
0021 and 0024: [558/726], H[82], 0.01sec
0004 and 0025: 711 matches, 0.24sec, #1
0015 and 0025: 218 matches, 0.10sec, #0
0004 and 0025: [527/711], H[73], 0.01sec
0015 and 0025: [125/218], H[21], 0.01sec
0022 and 0024: 1899 matches, 0.19sec, #2
0016 and 0025: 205 matches, 0.12sec, #0
0022 and 0024: [1552/1899], H[239], 0.01sec
0016 and 0025: [110/205], H[75], 0.01sec
0005 and 0025: 938 matches, 0.26sec, #1
0017 and 0025: 487 matches, 0.11sec, #0
0005 and 0025: [688/938], H[497], 0.01sec
0017 and 0025: [300/487], H[48], 0.01sec
0023 and 0024: 3052 matches, 0.15sec, #2
0023 and 0024: [2632/3052], H[1187], 0.03sec
0018 and 0025: 440 matches, 0.12sec, #0
0018 and 0025: [238/440], H[76], 0.01sec
0006 and 0025: 930 matches, 0.21sec, #1
0006 and 0025: [659/930], H[196], 0.01sec
0019 and 0025: 584 matches, 0.11sec, #0
0000 and 0025: 251 matches, 0.15sec, #2
0019 and 0025: [452/584], H[33], 0.01sec
0000 and 0025: [139/251], H[58], 0.01sec
0020 and 0025: 1677 matches, 0.12sec, #0
0020 and 0025: [1394/1677], H[231], 0.01sec
0007 and 0025: 1161 matches, 0.22sec, #1
0007 and 0025: [818/1161], H[493], 0.01sec
0001 and 0025: 283 matches, 0.20sec, #2
0001 and 0025: [170/283], H[68], 0.01sec
0021 and 0025: 821 matches, 0.18sec, #0
0021 and 0025: [663/821], H[94], 0.01sec
0022 and 0025: 2183 matches, 0.13sec, #0
0022 and 0025: [1789/2183], H[568], 0.01sec
0008 and 0025: 886 matches, 0.30sec, #1
0002 and 0025: 396 matches, 0.28sec, #2
0008 and 0025: [583/886], H[257], 0.01sec
0023 and 0025: 3352 matches, 0.12sec, #0
0002 and 0025: [273/396], H[81], 0.00sec
0023 and 0025: [2881/3352], H[952], 0.00sec
0024 and 0025: 4203 matches, 0.13sec, #0
0024 and 0025: [4097/4203], H[2962], 0.09sec
0009 and 0025: 928 matches, 0.28sec, #1
0003 and 0025: 530 matches, 0.28sec, #2
0009 and 0025: [581/928], H[121], 0.01sec
0003 and 0025: [372/530], H[140], 0.01sec
0000 and 0026: 287 matches, 0.12sec, #0
0000 and 0026: [168/287], H[55], 0.01sec
0001 and 0026: 299 matches, 0.12sec, #0
0001 and 0026: [192/299], H[91], 0.01sec
0010 and 0025: 730 matches, 0.30sec, #1
0009 and 0026: 827 matches, 0.31sec, #2
0010 and 0025: [513/730], H[67], 0.01sec
0009 and 0026: [559/827], H[111], 0.01sec
0002 and 0026: 479 matches, 0.12sec, #0
0002 and 0026: [330/479], H[137], 0.01sec
0003 and 0026: 603 matches, 0.13sec, #0
0003 and 0026: [445/603], H[130], 0.01sec
0004 and 0026: 752 matches, 0.13sec, #0
0011 and 0025: 740 matches, 0.33sec, #1
0010 and 0026: 672 matches, 0.32sec, #2
0004 and 0026: [522/752], H[284], 0.01sec
0011 and 0025: [506/740], H[89], 0.01sec
0010 and 0026: [443/672], H[220], 0.01sec
0005 and 0026: 954 matches, 0.14sec, #0
0005 and 0026: [682/954], H[369], 0.01sec
0012 and 0025: 378 matches, 0.24sec, #1
0011 and 0026: 629 matches, 0.26sec, #2
0012 and 0025: [246/378], H[122], 0.01sec
0011 and 0026: [437/629], H[199], 0.01sec
0006 and 0026: 1006 matches, 0.12sec, #0
0006 and 0026: [712/1006], H[273], 0.01sec
0007 and 0026: 1097 matches, 0.13sec, #0
0007 and 0026: [800/1097], H[280], 0.01sec
0013 and 0025: 332 matches, 0.23sec, #1
0012 and 0026: 332 matches, 0.25sec, #2
0013 and 0025: [207/332], H[37], 0.01sec
0008 and 0026: 760 matches, 0.12sec, #0
0012 and 0026: [215/332], H[88], 0.00sec
0008 and 0026: [516/760], H[129], 0.01sec
0003 and 0027: 684 matches, 0.17sec, #0
0003 and 0027: [491/684], H[270], 0.01sec
0019 and 0026: 484 matches, 0.22sec, #1
0019 and 0026: [349/484], H[30], 0.01sec
0013 and 0026: 284 matches, 0.24sec, #2
0013 and 0026: [174/284], H[34], 0.01sec
0004 and 0027: 692 matches, 0.12sec, #0
0004 and 0027: [500/692], H[220], 0.01sec
0005 and 0027: 816 matches, 0.12sec, #0
0005 and 0027: [591/816], H[168], 0.01sec
0020 and 0026: 1388 matches, 0.25sec, #1
0020 and 0026: [1141/1388], H[147], 0.01sec
0014 and 0026: 358 matches, 0.26sec, #2
0014 and 0026: [211/358], H[33], 0.01sec
0006 and 0027: 952 matches, 0.12sec, #0
0006 and 0027: [693/952], H[387], 0.01sec
0007 and 0027: 788 matches, 0.12sec, #0
0007 and 0027: [560/788], H[243], 0.01sec
0021 and 0026: 700 matches, 0.20sec, #1
0021 and 0026: [551/700], H[28], 0.01sec
0015 and 0026: 204 matches, 0.20sec, #2
0015 and 0026: [114/204], H[31], 0.01sec
0008 and 0027: 528 matches, 0.12sec, #0
0008 and 0027: [372/528], H[172], 0.01sec
0022 and 0026: 1718 matches, 0.19sec, #1
0016 and 0026: 183 matches, 0.12sec, #2
0022 and 0026: [1385/1718], H[341], 0.01sec
0009 and 0027: 557 matches, 0.12sec, #0
0016 and 0026: [101/183], H[50], 0.01sec
0009 and 0027: [390/557], H[97], 0.01sec
0010 and 0027: 486 matches, 0.13sec, #0
0010 and 0027: [332/486], H[40], 0.01sec
0017 and 0026: 393 matches, 0.27sec, #2
0023 and 0026: 2755 matches, 0.29sec, #1
0011 and 0027: 448 matches, 0.12sec, #0
0017 and 0026: [212/393], H[31], 0.01sec
0011 and 0027: [297/448], H[90], 0.01sec
0023 and 0026: [2401/2755], H[840], 0.01sec
0012 and 0027: 263 matches, 0.12sec, #0
0012 and 0027: [161/263], H[87], 0.01sec
0018 and 0026: 370 matches, 0.23sec, #2
0024 and 0026: 4646 matches, 0.28sec, #1
0018 and 0026: [204/370], H[29], 0.01sec
0013 and 0027: 173 matches, 0.12sec, #0
0024 and 0026: [4501/4646], H[3884], 0.02sec
0013 and 0027: [96/173], H[19], 0.01sec
0014 and 0027: 240 matches, 0.12sec, #0
0014 and 0027: [124/240], H[26], 0.08sec
0023 and 0027: 1658 matches, 0.26sec, #2
0025 and 0026: 4142 matches, 0.24sec, #1
0023 and 0027: [1279/1658], H[229], 0.01sec
0015 and 0027: 153 matches, 0.10sec, #0
0015 and 0027: [79/153], H[26], 0.01sec
0025 and 0026: [3972/4142], H[2149], 0.03sec
0016 and 0027: 152 matches, 0.11sec, #0
0016 and 0027: [75/152], H[17], 0.02sec
0024 and 0027: 2933 matches, 0.24sec, #2
0000 and 0027: 315 matches, 0.23sec, #1
0024 and 0027: [2695/2933], H[464], 0.01sec
0000 and 0027: [211/315], H[89], 0.00sec
0017 and 0027: 284 matches, 0.11sec, #0
0017 and 0027: [168/284], H[64], 0.01sec
0018 and 0027: 239 matches, 0.11sec, #0
0018 and 0027: [124/239], H[7], 0.02sec
0025 and 0027: 2502 matches, 0.23sec, #2
0001 and 0027: 360 matches, 0.23sec, #1
0025 and 0027: [2209/2502], H[286], 0.01sec
0001 and 0027: [243/360], H[100], 0.00sec
0019 and 0027: 357 matches, 0.11sec, #0
0019 and 0027: [257/357], H[43], 0.01sec
0020 and 0027: 805 matches, 0.12sec, #0
0020 and 0027: [652/805], H[80], 0.01sec
0026 and 0027: 3127 matches, 0.26sec, #2
0002 and 0027: 502 matches, 0.26sec, #1
0021 and 0027: 414 matches, 0.10sec, #0
0026 and 0027: [2831/3127], H[324], 0.01sec
0002 and 0027: [366/502], H[86], 0.00sec
0021 and 0027: [313/414], H[42], 0.00sec
0022 and 0027: 1003 matches, 0.13sec, #0
0022 and 0027: [804/1003], H[113], 0.01sec
0000 and 0028: 219 matches, 0.22sec, #2
0000 and 0028: [140/219], H[37], 0.00sec
0006 and 0028: 722 matches, 0.26sec, #1
0016 and 0028: 186 matches, 0.10sec, #0
0006 and 0028: [521/722], H[333], 0.01sec
0016 and 0028: [108/186], H[23], 0.14sec
0001 and 0028: 251 matches, 0.17sec, #2
0007 and 0028: 670 matches, 0.18sec, #1
0001 and 0028: [162/251], H[28], 0.00sec
0007 and 0028: [446/670], H[77], 0.01sec
0017 and 0028: 240 matches, 0.11sec, #0
0017 and 0028: [128/240], H[28], 0.01sec
0018 and 0028: 243 matches, 0.11sec, #0
0018 and 0028: [127/243], H[53], 0.01sec
0002 and 0028: 354 matches, 0.22sec, #2
0002 and 0028: [253/354], H[86], 0.01sec
0008 and 0028: 450 matches, 0.23sec, #1
0019 and 0028: 379 matches, 0.11sec, #0
0019 and 0028: [281/379], H[62], 0.01sec
0008 and 0028: [331/450], H[93], 0.04sec
0003 and 0028: 539 matches, 0.12sec, #2
0003 and 0028: [369/539], H[147], 0.01sec
0020 and 0028: 686 matches, 0.12sec, #0
0020 and 0028: [464/686], H[80], 0.01sec
0021 and 0028: 391 matches, 0.15sec, #0
0021 and 0028: [292/391], H[43], 0.01sec
0009 and 0028: 471 matches, 0.23sec, #1
0004 and 0028: 583 matches, 0.22sec, #2
0009 and 0028: [322/471], H[117], 0.01sec
0022 and 0028: 898 matches, 0.12sec, #0
0004 and 0028: [390/583], H[99], 0.00sec
0022 and 0028: [652/898], H[97], 0.01sec
0023 and 0028: 1397 matches, 0.18sec, #0
0023 and 0028: [1098/1397], H[176], 0.01sec
0010 and 0028: 478 matches, 0.23sec, #1
0010 and 0028: [316/478], H[86], 0.01sec
0005 and 0028: 699 matches, 0.26sec, #2
0024 and 0028: 2408 matches, 0.12sec, #0
0005 and 0028: [453/699], H[263], 0.01sec
0024 and 0028: [2131/2408], H[877], 0.02sec
0025 and 0028: 2080 matches, 0.13sec, #0
0011 and 0028: 480 matches, 0.26sec, #1
0026 and 0028: 2536 matches, 0.26sec, #2
0011 and 0028: [341/480], H[152], 0.00sec
0025 and 0028: [1828/2080], H[520], 0.01sec
0026 and 0028: [2288/2536], H[507], 0.01sec
0008 and 0029: 462 matches, 0.14sec, #0
0008 and 0029: [333/462], H[127], 0.05sec
0012 and 0028: 280 matches, 0.23sec, #1
0012 and 0028: [190/280], H[110], 0.00sec
0027 and 0028: 2665 matches, 0.27sec, #2
0009 and 0029: 317 matches, 0.12sec, #0
0009 and 0029: [186/317], H[32], 0.01sec
0027 and 0028: [2477/2665], H[765], 0.02sec
0013 and 0028: 230 matches, 0.20sec, #1
0010 and 0029: 350 matches, 0.12sec, #0
0013 and 0028: [145/230], H[42], 0.01sec
0010 and 0029: [235/350], H[128], 0.00sec
0000 and 0029: 318 matches, 0.21sec, #2
0000 and 0029: [199/318], H[100], 0.01sec
0011 and 0029: 261 matches, 0.12sec, #0
0011 and 0029: [170/261], H[59], 0.01sec
0014 and 0028: 242 matches, 0.22sec, #1
0001 and 0029: 398 matches, 0.12sec, #2
0014 and 0028: [151/242], H[46], 0.00sec
0001 and 0029: [282/398], H[89], 0.01sec
0012 and 0029: 194 matches, 0.12sec, #0
0012 and 0029: [125/194], H[64], 0.01sec
0013 and 0029: 132 matches, 0.12sec, #0
0013 and 0029: [68/132], H[21], 0.01sec
0015 and 0028: 208 matches, 0.23sec, #1
0002 and 0029: 612 matches, 0.23sec, #2
0015 and 0028: [116/208], H[25], 0.01sec
0014 and 0029: 150 matches, 0.11sec, #0
0002 and 0029: [449/612], H[170], 0.00sec
0014 and 0029: [87/150], H[19], 0.01sec
0015 and 0029: 126 matches, 0.11sec, #0
0015 and 0029: [57/126], H[25], 0.02sec
0018 and 0029: 135 matches, 0.19sec, #1
0003 and 0029: 900 matches, 0.23sec, #2
0018 and 0029: [64/135], H[13], 0.01sec
0003 and 0029: [690/900], H[456], 0.01sec
0016 and 0029: 96 matches, 0.10sec, #0
0016 and 0029: [49/96], H[20], 0.01sec
0017 and 0029: 126 matches, 0.11sec, #0
0017 and 0029: [64/126], H[25], 0.01sec
0004 and 0029: 854 matches, 0.23sec, #2
0019 and 0029: 244 matches, 0.23sec, #1
0004 and 0029: [625/854], H[169], 0.01sec
0019 and 0029: [141/244], H[62], 0.01sec
0028 and 0029: 1138 matches, 0.12sec, #0
0028 and 0029: [853/1138], H[204], 0.01sec
0000 and 0030: 450 matches, 0.14sec, #0
0000 and 0030: [285/450], H[126], 0.01sec
0005 and 0029: 837 matches, 0.25sec, #2
0020 and 0029: 325 matches, 0.26sec, #1
0005 and 0029: [617/837], H[150], 0.00sec
0020 and 0029: [191/325], H[35], 0.01sec
0001 and 0030: 703 matches, 0.11sec, #0
0001 and 0030: [508/703], H[193], 0.01sec
0002 and 0030: 947 matches, 0.12sec, #0
0002 and 0030: [748/947], H[385], 0.01sec
0006 and 0029: 796 matches, 0.22sec, #2
0021 and 0029: 241 matches, 0.23sec, #1
0006 and 0029: [628/796], H[93], 0.01sec
0021 and 0029: [145/241], H[16], 0.01sec
0003 and 0030: 915 matches, 0.11sec, #0
0003 and 0030: [762/915], H[237], 0.01sec
0004 and 0030: 839 matches, 0.17sec, #0
0004 and 0030: [679/839], H[337], 0.01sec
0007 and 0029: 576 matches, 0.23sec, #2
0022 and 0029: 476 matches, 0.25sec, #1
0007 and 0029: [412/576], H[26], 0.01sec
0022 and 0029: [323/476], H[109], 0.01sec
0005 and 0030: 636 matches, 0.11sec, #0
0005 and 0030: [503/636], H[89], 0.01sec
0006 and 0030: 478 matches, 0.12sec, #0
0006 and 0030: [358/478], H[143], 0.01sec
0009 and 0030: 277 matches, 0.20sec, #2
0023 and 0029: 588 matches, 0.23sec, #1
0009 and 0030: [170/277], H[70], 0.00sec
0023 and 0029: [421/588], H[38], 0.01sec
0007 and 0030: 464 matches, 0.12sec, #0
0007 and 0030: [334/464], H[147], 0.01sec
0008 and 0030: 323 matches, 0.13sec, #0
0008 and 0030: [214/323], H[92], 0.01sec
0010 and 0030: 235 matches, 0.29sec, #2
0010 and 0030: [155/235], H[42], 0.01sec
0019 and 0030: 122 matches, 0.12sec, #0
0019 and 0030: [66/122], H[10], 0.01sec
0024 and 0029: 973 matches, 0.33sec, #1
0024 and 0029: [836/973], H[87], 0.01sec
0020 and 0030: 268 matches, 0.12sec, #0
0020 and 0030: [181/268], H[72], 0.03sec
0011 and 0030: 229 matches, 0.20sec, #2
0011 and 0030: [152/229], H[75], 0.01sec
0025 and 0029: 873 matches, 0.16sec, #1
0021 and 0030: 153 matches, 0.11sec, #0
0025 and 0029: [728/873], H[76], 0.01sec
0021 and 0030: [96/153], H[33], 0.00sec
0022 and 0030: 340 matches, 0.12sec, #0
0022 and 0030: [248/340], H[118], 0.01sec
0012 and 0030: 154 matches, 0.23sec, #2
0026 and 0029: 1073 matches, 0.24sec, #1
0012 and 0030: [89/154], H[45], 0.01sec
0026 and 0029: [899/1073], H[116], 0.01sec
0023 and 0030: 475 matches, 0.12sec, #0
0023 and 0030: [367/475], H[76], 0.01sec
0024 and 0030: 771 matches, 0.13sec, #0
0024 and 0030: [648/771], H[67], 0.01sec
0013 and 0030: 134 matches, 0.25sec, #2
0027 and 0029: 1822 matches, 0.26sec, #1
0013 and 0030: [69/134], H[27], 0.01sec
0025 and 0030: 668 matches, 0.12sec, #0
0027 and 0029: [1506/1822], H[392], 0.01sec
0025 and 0030: [488/668], H[153], 0.01sec
0026 and 0030: 841 matches, 0.17sec, #0
0026 and 0030: [665/841], H[173], 0.01sec
0014 and 0030: 141 matches, 0.26sec, #2
0029 and 0030: 1593 matches, 0.25sec, #1
0014 and 0030: [78/141], H[31], 0.01sec
0029 and 0030: [1368/1593], H[619], 0.01sec
0027 and 0030: 1232 matches, 0.12sec, #0
0027 and 0030: [921/1232], H[105], 0.01sec
0028 and 0030: 1398 matches, 0.13sec, #0
0028 and 0030: [1206/1398], H[163], 0.01sec
0015 and 0030: 103 matches, 0.21sec, #2
0000 and 0031: 809 matches, 0.26sec, #1
0000 and 0031: [555/809], H[157], 0.01sec
0015 and 0030: [47/103], H[19], 0.01sec
0009 and 0031: 423 matches, 0.12sec, #0
0009 and 0031: [254/423], H[32], 0.01sec
0010 and 0031: 269 matches, 0.12sec, #0
0010 and 0031: [146/269], H[31], 0.02sec
0001 and 0031: 1202 matches, 0.23sec, #1
0016 and 0030: 83 matches, 0.23sec, #2
0001 and 0031: [995/1202], H[336], 0.01sec
0011 and 0031: 224 matches, 0.12sec, #0
0016 and 0030: [40/83], H[18], 0.01sec
0011 and 0031: [115/224], H[33], 0.01sec
0012 and 0031: 154 matches, 0.13sec, #0
0012 and 0031: [74/154], H[23], 0.03sec
0002 and 0031: 1517 matches, 0.22sec, #1
0002 and 0031: [1387/1517], H[624], 0.01sec
0017 and 0030: 119 matches, 0.23sec, #2
0013 and 0031: 137 matches, 0.11sec, #0
0017 and 0030: [58/119], H[24], 0.01sec
0013 and 0031: [72/137], H[23], 0.07sec
0003 and 0031: 1728 matches, 0.18sec, #1
0018 and 0030: 129 matches, 0.18sec, #2
0003 and 0031: [1506/1728], H[319], 0.01sec
0014 and 0031: 129 matches, 0.11sec, #0
0014 and 0031: [56/129], H[6], 0.03sec
0018 and 0030: [55/129], H[13], 0.10sec
0004 and 0031: 1667 matches, 0.12sec, #1
0004 and 0031: [1253/1667], H[504], 0.01sec
0015 and 0031: 93 matches, 0.16sec, #0
0019 and 0031: 132 matches, 0.16sec, #2
0015 and 0031: [35/93], H[11], 0.08sec
0019 and 0031: [61/132], H[21], 0.01sec
0005 and 0031: 1371 matches, 0.20sec, #1
0016 and 0031: 66 matches, 0.11sec, #0
0005 and 0031: [1134/1371], H[273], 0.01sec
0016 and 0031: [32/66], H[6], 0.02sec
0017 and 0031: 143 matches, 0.12sec, #0
0006 and 0031: 1049 matches, 0.27sec, #1
0020 and 0031: 260 matches, 0.32sec, #2
0006 and 0031: [704/1049], H[99], 0.01sec
0020 and 0031: [153/260], H[30], 0.01sec
0017 and 0031: [53/143], H[20], 0.16sec
0007 and 0031: 741 matches, 0.23sec, #1
0007 and 0031: [513/741], H[129], 0.01sec
0021 and 0031: 163 matches, 0.24sec, #2
0018 and 0031: 117 matches, 0.11sec, #0
0021 and 0031: [101/163], H[15], 0.01sec
0018 and 0031: [56/117], H[17], 0.02sec
0029 and 0031: 1518 matches, 0.12sec, #0
0029 and 0031: [1234/1518], H[225], 0.01sec
0022 and 0031: 352 matches, 0.23sec, #2
0008 and 0031: 536 matches, 0.25sec, #1
0022 and 0031: [253/352], H[80], 0.00sec
0030 and 0031: 1744 matches, 0.12sec, #0
0008 and 0031: [358/536], H[102], 0.00sec
0030 and 0031: [1414/1744], H[588], 0.01sec
0000 and 0032: 1175 matches, 0.12sec, #0
0000 and 0032: [829/1175], H[160], 0.01sec
0023 and 0031: 487 matches, 0.21sec, #2
0023 and 0031: [308/487], H[182], 0.01sec
0008 and 0032: 452 matches, 0.23sec, #1
0008 and 0032: [303/452], H[154], 0.01sec
0001 and 0032: 1535 matches, 0.11sec, #0
0001 and 0032: [1356/1535], H[261], 0.01sec
0002 and 0032: 1796 matches, 0.11sec, #0
0002 and 0032: [1642/1796], H[728], 0.02sec
0024 and 0031: 724 matches, 0.22sec, #2
0009 and 0032: 329 matches, 0.22sec, #1
0024 and 0031: [531/724], H[105], 0.01sec
0009 and 0032: [186/329], H[33], 0.01sec
0003 and 0032: 1680 matches, 0.11sec, #0
0003 and 0032: [1202/1680], H[408], 0.08sec
0025 and 0031: 584 matches, 0.19sec, #2
0025 and 0031: [376/584], H[38], 0.01sec
0004 and 0032: 1605 matches, 0.12sec, #0
0010 and 0032: 201 matches, 0.22sec, #1
0004 and 0032: [1289/1605], H[325], 0.01sec
0010 and 0032: [100/201], H[21], 0.01sec
0005 and 0032: 1159 matches, 0.13sec, #0
0005 and 0032: [887/1159], H[206], 0.01sec
0026 and 0031: 784 matches, 0.23sec, #2
0011 and 0032: 205 matches, 0.23sec, #1
0026 and 0031: [560/784], H[176], 0.01sec
0011 and 0032: [107/205], H[12], 0.01sec
0006 and 0032: 750 matches, 0.12sec, #0
0006 and 0032: [522/750], H[118], 0.01sec
0007 and 0032: 571 matches, 0.12sec, #0
0007 and 0032: [361/571], H[81], 0.01sec
0027 and 0031: 1141 matches, 0.22sec, #2
0012 and 0032: 140 matches, 0.25sec, #1
0027 and 0031: [857/1141], H[169], 0.01sec
0018 and 0032: 112 matches, 0.11sec, #0
0012 and 0032: [59/140], H[25], 0.03sec
0018 and 0032: [41/112], H[10], 0.06sec
0019 and 0032: 116 matches, 0.11sec, #0
0028 and 0031: 648 matches, 0.19sec, #2
0028 and 0031: [433/648], H[110], 0.01sec
0019 and 0032: [50/116], H[12], 0.02sec
0013 and 0032: 110 matches, 0.28sec, #1
0013 and 0032: [57/110], H[16], 0.01sec
0020 and 0032: 198 matches, 0.12sec, #0
0020 and 0032: [114/198], H[63], 0.01sec
0028 and 0032: 425 matches, 0.16sec, #2
0028 and 0032: [295/425], H[62], 0.01sec
0021 and 0032: 139 matches, 0.11sec, #0
0021 and 0032: [87/139], H[19], 0.05sec
0014 and 0032: 133 matches, 0.22sec, #1
0029 and 0032: 1054 matches, 0.16sec, #2
0014 and 0032: [46/133], H[9], 0.06sec
0029 and 0032: [684/1054], H[50], 0.01sec
0022 and 0032: 267 matches, 0.12sec, #0
0022 and 0032: [188/267], H[102], 0.00sec
0023 and 0032: 335 matches, 0.12sec, #0
0023 and 0032: [211/335], H[41], 0.01sec
0015 and 0032: 81 matches, 0.20sec, #1
0030 and 0032: 1145 matches, 0.23sec, #2
0024 and 0032: 514 matches, 0.12sec, #0
0024 and 0032: [354/514], H[231], 0.00sec
0030 and 0032: [757/1145], H[94], 0.01sec
0015 and 0032: [23/81], H[7], 0.06sec
0031 and 0032: 3345 matches, 0.12sec, #2
0025 and 0032: 439 matches, 0.14sec, #0
0025 and 0032: [272/439], H[56], 0.01sec
0031 and 0032: [2972/3345], H[1216], 0.08sec
0016 and 0032: 68 matches, 0.09sec, #1
0026 and 0032: 532 matches, 0.12sec, #0
0026 and 0032: [358/532], H[143], 0.01sec
0016 and 0032: [24/68], H[6], 0.11sec
0000 and 0033: 1055 matches, 0.13sec, #2
0027 and 0032: 656 matches, 0.17sec, #0
0017 and 0032: 129 matches, 0.09sec, #1
0000 and 0033: [745/1055], H[136], 0.01sec
0027 and 0032: [470/656], H[89], 0.01sec
0017 and 0032: [36/129], H[10], 0.09sec
0006 and 0033: 599 matches, 0.12sec, #0
0006 and 0033: [417/599], H[175], 0.01sec
0001 and 0033: 1221 matches, 0.18sec, #2
0016 and 0033: 62 matches, 0.10sec, #1
0001 and 0033: [1065/1221], H[219], 0.01sec
0007 and 0033: 369 matches, 0.11sec, #0
0007 and 0033: [250/369], H[39], 0.00sec
0016 and 0033: [23/62], H[6], 0.04sec
0002 and 0033: 1408 matches, 0.11sec, #2
0008 and 0033: 285 matches, 0.12sec, #0
0002 and 0033: [1183/1408], H[363], 0.01sec
0008 and 0033: [190/285], H[44], 0.01sec
0009 and 0033: 195 matches, 0.12sec, #0
0009 and 0033: [127/195], H[33], 0.01sec
0017 and 0033: 84 matches, 0.19sec, #1
0003 and 0033: 1250 matches, 0.18sec, #2
0017 and 0033: [33/84], H[7], 0.03sec
0003 and 0033: [1016/1250], H[191], 0.01sec
0010 and 0033: 212 matches, 0.11sec, #0
0010 and 0033: [116/212], H[43], 0.01sec
0011 and 0033: 162 matches, 0.11sec, #0
0011 and 0033: [81/162], H[18], 0.01sec
0018 and 0033: 86 matches, 0.18sec, #1
0004 and 0033: 922 matches, 0.21sec, #2
0018 and 0033: [29/86], H[13], 0.05sec
0004 and 0033: [650/922], H[265], 0.01sec
0012 and 0033: 125 matches, 0.11sec, #0
0012 and 0033: [58/125], H[9], 0.02sec
0013 and 0033: 94 matches, 0.11sec, #0
0019 and 0033: 87 matches, 0.17sec, #1
0013 and 0033: [40/94], H[16], 0.03sec
0019 and 0033: [39/87], H[9], 0.02sec
0005 and 0033: 621 matches, 0.30sec, #2
0014 and 0033: 98 matches, 0.11sec, #0
0005 and 0033: [455/621], H[61], 0.00sec
0020 and 0033: 139 matches, 0.15sec, #1
0014 and 0033: [34/98], H[19], 0.06sec
0020 and 0033: [83/139], H[26], 0.03sec
0026 and 0033: 435 matches, 0.13sec, #2
0026 and 0033: [288/435], H[98], 0.01sec
0015 and 0033: 60 matches, 0.10sec, #0
0015 and 0033: [27/60], H[14], 0.02sec
0003 and 0034: 1353 matches, 0.12sec, #0
0003 and 0034: [1035/1353], H[158], 0.01sec
0021 and 0033: 96 matches, 0.20sec, #1
0021 and 0033: [50/96], H[12], 0.01sec
0027 and 0033: 733 matches, 0.20sec, #2
0027 and 0033: [518/733], H[229], 0.01sec
0022 and 0033: 167 matches, 0.10sec, #1
0004 and 0034: 1256 matches, 0.12sec, #0
0022 and 0033: [116/167], H[42], 0.00sec
0004 and 0034: [933/1256], H[160], 0.01sec
0005 and 0034: 720 matches, 0.11sec, #0
0005 and 0034: [505/720], H[188], 0.01sec
0028 and 0033: 439 matches, 0.20sec, #2
0023 and 0033: 236 matches, 0.21sec, #1
0028 and 0033: [285/439], H[116], 0.01sec
0006 and 0034: 459 matches, 0.11sec, #0
0023 and 0033: [165/236], H[98], 0.00sec
0006 and 0034: [265/459], H[75], 0.01sec
0007 and 0034: 442 matches, 0.12sec, #0
0029 and 0033: 894 matches, 0.20sec, #2
0007 and 0034: [265/442], H[54], 0.01sec
0029 and 0033: [623/894], H[88], 0.01sec
0024 and 0033: 385 matches, 0.24sec, #1
0024 and 0033: [259/385], H[39], 0.01sec
0008 and 0034: 316 matches, 0.12sec, #0
0008 and 0034: [190/316], H[81], 0.01sec
0030 and 0033: 1072 matches, 0.23sec, #2
0030 and 0033: [712/1072], H[137], 0.01sec
0009 and 0034: 247 matches, 0.12sec, #0
0009 and 0034: [138/247], H[26], 0.01sec
0025 and 0033: 342 matches, 0.27sec, #1
0025 and 0033: [209/342], H[107], 0.01sec
0010 and 0034: 181 matches, 0.12sec, #0
0010 and 0034: [81/181], H[15], 0.03sec
0031 and 0033: 1685 matches, 0.23sec, #2
0013 and 0034: 103 matches, 0.14sec, #1
0031 and 0033: [1377/1685], H[644], 0.01sec
0011 and 0034: 169 matches, 0.12sec, #0
0011 and 0034: [78/169], H[14], 0.08sec
0013 and 0034: [35/103], H[16], 0.11sec
0012 and 0034: 111 matches, 0.11sec, #0
0032 and 0033: 2316 matches, 0.20sec, #2
0032 and 0033: [2016/2316], H[817], 0.01sec
0012 and 0034: [45/111], H[8], 0.03sec
0014 and 0034: 107 matches, 0.18sec, #1
0023 and 0034: 241 matches, 0.13sec, #0
0000 and 0034: 1847 matches, 0.14sec, #2
0023 and 0034: [141/241], H[43], 0.01sec
0000 and 0034: [1455/1847], H[374], 0.01sec
0014 and 0034: [31/107], H[14], 0.07sec
0024 and 0034: 375 matches, 0.12sec, #0
0024 and 0034: [244/375], H[81], 0.01sec
0001 and 0034: 1813 matches, 0.17sec, #2
0001 and 0034: [1622/1813], H[583], 0.01sec
0015 and 0034: 60 matches, 0.13sec, #1
0025 and 0034: 313 matches, 0.12sec, #0
0025 and 0034: [189/313], H[66], 0.01sec
0015 and 0034: [18/60], H[5], 0.09sec
0002 and 0034: 2017 matches, 0.16sec, #2
0026 and 0034: 376 matches, 0.12sec, #0
0002 and 0034: [1672/2017], H[543], 0.01sec
0026 and 0034: [242/376], H[50], 0.01sec
0016 and 0034: 50 matches, 0.19sec, #1
0033 and 0034: 2247 matches, 0.20sec, #2
0027 and 0034: 440 matches, 0.13sec, #0
0027 and 0034: [286/440], H[68], 0.01sec
0033 and 0034: [2133/2247], H[1226], 0.01sec
0016 and 0034: [15/50], H[6], 0.06sec
0028 and 0034: 299 matches, 0.13sec, #0
0028 and 0034: [184/299], H[68], 0.01sec
0000 and 0035: 1889 matches, 0.20sec, #2
0017 and 0034: 113 matches, 0.12sec, #1
0000 and 0035: [1401/1889], H[361], 0.01sec
0029 and 0034: 600 matches, 0.12sec, #0
0029 and 0034: [383/600], H[63], 0.01sec
0017 and 0034: [33/113], H[8], 0.08sec
0030 and 0034: 688 matches, 0.12sec, #0
0030 and 0034: [442/688], H[79], 0.01sec
0001 and 0035: 1856 matches, 0.20sec, #2
0018 and 0034: 110 matches, 0.12sec, #1
0001 and 0035: [1625/1856], H[571], 0.01sec
0031 and 0034: 1794 matches, 0.12sec, #0
0031 and 0034: [1486/1794], H[656], 0.01sec
0018 and 0034: [32/110], H[8], 0.08sec
0002 and 0035: 1956 matches, 0.13sec, #2
0032 and 0034: 2855 matches, 0.12sec, #0
0002 and 0035: [1683/1956], H[197], 0.02sec
0032 and 0034: [2610/2855], H[1129], 0.03sec
0009 and 0035: 254 matches, 0.12sec, #0
0009 and 0035: [135/254], H[28], 0.01sec
0019 and 0034: 94 matches, 0.23sec, #1
0003 and 0035: 1343 matches, 0.18sec, #2
0019 and 0034: [31/94], H[7], 0.04sec
0003 and 0035: [1082/1343], H[205], 0.01sec
0010 and 0035: 167 matches, 0.11sec, #0
0010 and 0035: [80/167], H[18], 0.02sec
0011 and 0035: 169 matches, 0.11sec, #0
0011 and 0035: [87/169], H[24], 0.02sec
0020 and 0034: 155 matches, 0.20sec, #1
0020 and 0034: [75/155], H[23], 0.02sec
0004 and 0035: 1219 matches, 0.23sec, #2
0012 and 0035: 108 matches, 0.11sec, #0
0004 and 0035: [981/1219], H[292], 0.01sec
0012 and 0035: [43/108], H[7], 0.04sec
0013 and 0035: 111 matches, 0.12sec, #0
0021 and 0034: 100 matches, 0.25sec, #1
0021 and 0034: [59/100], H[16], 0.01sec
0013 and 0035: [43/111], H[9], 0.05sec
0005 and 0035: 793 matches, 0.32sec, #2
0005 and 0035: [573/793], H[133], 0.01sec
0014 and 0035: 131 matches, 0.12sec, #0
0022 and 0034: 185 matches, 0.18sec, #1
0022 and 0034: [113/185], H[18], 0.01sec
0014 and 0035: [41/131], H[17], 0.11sec
0006 and 0035: 524 matches, 0.19sec, #2
0019 and 0035: 84 matches, 0.13sec, #1
0006 and 0035: [298/524], H[48], 0.01sec
0015 and 0035: 65 matches, 0.10sec, #0
0019 and 0035: [29/84], H[5], 0.08sec
0015 and 0035: [23/65], H[6], 0.08sec
0007 and 0035: 424 matches, 0.19sec, #2
0016 and 0035: 55 matches, 0.10sec, #0
0007 and 0035: [262/424], H[82], 0.01sec
0016 and 0035: [18/55], H[5], 0.08sec
0020 and 0035: 141 matches, 0.20sec, #1
0020 and 0035: [70/141], H[23], 0.01sec
0008 and 0035: 294 matches, 0.14sec, #2
0017 and 0035: 111 matches, 0.10sec, #0
0008 and 0035: [172/294], H[70], 0.01sec
0017 and 0035: [39/111], H[17], 0.08sec
0021 and 0035: 115 matches, 0.16sec, #1
0027 and 0035: 499 matches, 0.17sec, #2
0021 and 0035: [66/115], H[24], 0.01sec
0027 and 0035: [321/499], H[61], 0.01sec
0018 and 0035: 110 matches, 0.10sec, #0
0018 and 0035: [38/110], H[18], 0.08sec
0022 and 0035: 194 matches, 0.20sec, #1
0022 and 0035: [127/194], H[44], 0.01sec
0031 and 0035: 1706 matches, 0.12sec, #0
0028 and 0035: 300 matches, 0.21sec, #2
0028 and 0035: [182/300], H[50], 0.01sec
0031 and 0035: [1403/1706], H[236], 0.02sec
0023 and 0035: 266 matches, 0.19sec, #1
0032 and 0035: 2532 matches, 0.11sec, #0
0023 and 0035: [163/266], H[41], 0.01sec
0029 and 0035: 554 matches, 0.18sec, #2
0032 and 0035: [2113/2532], H[1126], 0.01sec
0029 and 0035: [369/554], H[37], 0.01sec
0033 and 0035: 2034 matches, 0.11sec, #0
0033 and 0035: [1799/2034], H[752], 0.02sec
0024 and 0035: 404 matches, 0.22sec, #1
0030 and 0035: 672 matches, 0.21sec, #2
0024 and 0035: [244/404], H[35], 0.01sec
0030 and 0035: [501/672], H[77], 0.00sec
0034 and 0035: 3671 matches, 0.11sec, #0
0034 and 0035: [3133/3671], H[695], 0.07sec
0025 and 0035: 335 matches, 0.12sec, #1
0025 and 0035: [206/335], H[130], 0.01sec
0026 and 0035: 416 matches, 0.08sec, #1
0026 and 0035: [250/416], H[110], 0.01sec

###########-------timing------#########
630 Image Match finished, 48 sec used
#############################

----------------------------------------------------------------
Compute Missing Pairwise Matching, finished
Totally 54.000 seconds used


Run full 3D reconstruction, begin...
604 pairs have two-view models
630 pairs have fundamental matrices
Initialize with sofa (3) and sofa (4)
1403 3D points initialized from two images
PBA library version = 105
PBA: 1403 3D pts, 2 cams and 2806 projs...
PBA: 127.722 -> 0.032 (4 LMs in 0.20sec)
Focal Length : [423.546]->[423.546]
Focal Length : [423.546]->[423.546]

#############################
#3: [sofa (5)] sees 1504 (+1934) 3D points
Estimated Focal Length [424][0.66W]
# 2315 projs (583 pts and 0 merges)
PBA: 1985 3D pts, 3 cams and 5119 projs...
PBA: 0.229 -> 0.079 (1 LMs in 0.00sec)

**************************************
#3/3:  2524 projs and 677 pts added.
PBA: 2078 3D pts, 3 cams and 5326 projs...
PBA: 0.085 -> 0.079 (1 LMs in 0.01sec)
PBA: 2078 3D pts, 3 cams and 5326 projs...
PBA: 0.079 -> 0.079 (1 LMs in 0.00sec)
Focal Length : [423.546]->[423.546]
Radial Distortion : [0.000 -> 0]

#############################
#4: [sofa (6)] sees 1990 (+1602) 3D points
Estimated Focal Length [424][0.66W]
# 2532 projs (616 pts and 11 merges)
PBA: 2678 3D pts, 4 cams and 7848 projs...
PBA: 0.539 -> 0.245 (1 LMs in 0.02sec)
#points w/ large errors:	3
Focal Length : [423.546]->[423.546]
Radial Distortion : [0.000 -> 0]

#############################
#5: [sofa (7)] sees 2377 (+2345) 3D points
Estimated Focal Length [424][0.66W]
# 1144 projs (0 pts and 2 merges)
PBA: 2659 3D pts, 5 cams and 8957 projs...
PBA: 0.812 -> 0.211 (1 LMs in 0.00sec)
#points w/ large errors:	11

**************************************
#5/5:  4527 projs and 1441 pts added.
PBA: 4044 3D pts, 5 cams and 12284 projs...
PBA: 1.145 -> 0.569 (17 LMs in 0.09sec)
PBA: 4044 3D pts, 5 cams and 12284 projs...
PBA: 0.569 -> 0.569 (14 LMs in 0.12sec)
Focal Length : [423.546]->[423.546]
Radial Distortion : [0.000 -> 0]

#############################
#6: [sofa (8)] sees 3968 (+2255) 3D points
Estimated Focal Length [424][0.66W]
# 3966 projs (899 pts and 32 merges)
PBA: 4885 3D pts, 6 cams and 16198 projs...
PBA: 0.817 -> 0.621 (24 LMs in 0.26sec)
#points w/ large errors:	30
Focal Length : [423.546]->[423.546]
Radial Distortion : [0.000 -> 0]

#############################
#7: [sofa (9)] sees 4973 (+2159) 3D points
Estimated Focal Length [424][0.66W]
# 4399 projs (939 pts and 52 merges)
PBA: 5713 3D pts, 7 cams and 20437 projs...
PBA: 0.791 -> 0.515 (14 LMs in 0.10sec)
#points w/ large errors:	24

**************************************
#7/7:  5199 projs and 1253 pts added.
PBA: 5987 3D pts, 7 cams and 21118 projs...
PBA: 0.554 -> 0.535 (24 LMs in 0.10sec)
PBA: 5987 3D pts, 7 cams and 21118 projs...
PBA: 0.535 -> 0.534 (12 LMs in 0.06sec)
Focal Length : [423.546]->[423.546]
Radial Distortion : [0.000 -> 0]

#############################
#8: [sofa (10)] sees 5562 (+1688) 3D points
Estimated Focal Length [424][0.66W]
# 2284 projs (0 pts and 14 merges)
PBA: 5936 3D pts, 8 cams and 23328 projs...
PBA: 1.537 -> 0.714 (68 LMs in 0.47sec)
#points w/ large errors:	61
Focal Length : [423.546]->[423.546]
Radial Distortion : [0.000 -> 0]

#############################
#9: [sofa (32)] sees 4995 (+1998) 3D points
Estimated Focal Length [424][0.66W]
# 4535 projs (1208 pts and 92 merges)
PBA: 5541 3D pts, 9 cams and 24706 projs...
PBA: 0.897 -> 0.653 (24 LMs in 0.17sec)
#points w/ large errors:	43

**************************************
#9/9:  7564 projs and 2451 pts added.
PBA: 8143 3D pts, 9 cams and 30369 projs...
PBA: 0.662 -> 0.627 (19 LMs in 0.16sec)
#points w/ large errors:	1
PBA: 8142 3D pts, 9 cams and 30364 projs...
PBA: 0.630 -> 0.630 (14 LMs in 0.19sec)
Focal Length : [423.546]->[423.546]
Radial Distortion : [0.000 -> 0]

#############################
#10: [sofa (33)] sees 6579 (+2315) 3D points
Estimated Focal Length [424][0.66W]
# 4097 projs (662 pts and 75 merges)
PBA: 6032 3D pts, 10 cams and 29067 projs...
PBA: 1.152 -> 0.881 (23 LMs in 0.20sec)
#points w/ large errors:	51
Focal Length : [423.546]->[423.546]
Radial Distortion : [0.000 -> 0]

#############################
#11: [sofa (35)] sees 6454 (+1996) 3D points
Estimated Focal Length [424][0.66W]
# 2364 projs (0 pts and 19 merges)
PBA: 5787 3D pts, 11 cams and 30911 projs...
PBA: 1.286 -> 0.949 (21 LMs in 0.13sec)
#points w/ large errors:	85
Focal Length : [423.546]->[423.546]
Radial Distortion : [0.000 -> 0]

#############################
#12: [sofa (36)] sees 7643 (+2650) 3D points
Estimated Focal Length [424][0.66W]
# 5930 projs (1326 pts and 80 merges)
PBA: 7020 3D pts, 12 cams and 36639 projs...
PBA: 1.407 -> 0.960 (23 LMs in 0.22sec)
#points w/ large errors:	38

**************************************
#12/12:  8605 projs and 2022 pts added.
PBA: 10235 3D pts, 12 cams and 44274 projs...
PBA: 1.157 -> 1.049 (22 LMs in 0.17sec)
#points w/ large errors:	2
PBA: 10233 3D pts, 12 cams and 44266 projs...
PBA: 1.043 -> 1.043 (14 LMs in 0.12sec)
#points w/ large errors:	1
Focal Length : [423.546]->[423.546]
Radial Distortion : [0.000 -> 0]

#############################
#13: [sofa (34)] sees 9198 (+1772) 3D points
Estimated Focal Length [424][0.66W]
# 2776 projs (0 pts and 31 merges)
PBA: 7077 3D pts, 13 cams and 40788 projs...
PBA: 1.658 -> 1.210 (21 LMs in 0.15sec)
#points w/ large errors:	166
#unstable points removed:	2
Focal Length : [423.546]->[423.546]
Radial Distortion : [0.000 -> 0]

#############################
#14: [sofa (2)] sees 8708 (+1913) 3D points
Estimated Focal Length [424][0.66W]
# 3635 projs (482 pts and 78 merges)
PBA: 7493 3D pts, 14 cams and 44054 projs...
PBA: 1.316 -> 1.219 (36 LMs in 0.19sec)
#points w/ large errors:	158
Focal Length : [423.546]->[423.546]
Radial Distortion : [0.000 -> 0]

#############################
#15: [sofa (11)] sees 4958 (+1716) 3D points
Estimated Focal Length [424][0.66W]
# 1975 projs (0 pts and 9 merges)
PBA: 7350 3D pts, 15 cams and 45011 projs...
PBA: 1.124 -> 1.014 (30 LMs in 0.11sec)
#points w/ large errors:	204
Focal Length : [423.546]->[423.546]
Radial Distortion : [0.000 -> 0]

#############################
#16: [sofa (12)] sees 5338 (+2346) 3D points
Estimated Focal Length [424][0.66W]
# 1918 projs (0 pts and 6 merges)
PBA: 7236 3D pts, 16 cams and 45765 projs...
PBA: 1.230 -> 0.845 (36 LMs in 0.56sec)
#points w/ large errors:	95

**************************************
#16/16:  8398 projs and 2125 pts added.
PBA: 11948 3D pts, 16 cams and 57109 projs...
PBA: 1.006 -> 0.866 (19 LMs in 0.19sec)
#points w/ large errors:	4
PBA: 11944 3D pts, 16 cams and 57081 projs...
PBA: 0.876 -> 0.875 (20 LMs in 0.18sec)
#points w/ large errors:	4
Focal Length : [423.546]->[423.546]
Radial Distortion : [0.000 -> 0]

#############################
#17: [sofa (1)] sees 6855 (+1424) 3D points
Estimated Focal Length [424][0.66W]
# 2163 projs (0 pts and 18 merges)
PBA: 8376 3D pts, 17 cams and 52127 projs...
PBA: 1.350 -> 1.093 (18 LMs in 0.13sec)
#points w/ large errors:	280
Focal Length : [423.546]->[423.546]
Radial Distortion : [0.000 -> 0]

#############################
#18: [sofa (31)] sees 7019 (+1191) 3D points
Estimated Focal Length [424][0.66W]
# 1812 projs (0 pts and 34 merges)
PBA: 8197 3D pts, 18 cams and 52837 projs...
PBA: 1.178 -> 0.908 (26 LMs in 0.51sec)
#points w/ large errors:	109
Focal Length : [423.546]->[423.546]
Radial Distortion : [0.000 -> 0]

#############################
#19: [sofa (30)] sees 7402 (+1480) 3D points
Estimated Focal Length [424][0.66W]
# 1978 projs (0 pts and 40 merges)
PBA: 8137 3D pts, 19 cams and 54176 projs...
PBA: 1.028 -> 0.821 (19 LMs in 0.08sec)
#points w/ large errors:	63
Focal Length : [423.546]->[423.546]
Radial Distortion : [0.000 -> 0]

#############################
#20: [sofa (28)] sees 7542 (+1579) 3D points
Estimated Focal Length [424][0.66W]
# 2041 projs (0 pts and 36 merges)
PBA: 8119 3D pts, 20 cams and 55994 projs...
PBA: 1.208 -> 0.834 (21 LMs in 0.26sec)
#points w/ large errors:	66
Focal Length : [423.546]->[423.546]
Radial Distortion : [0.000 -> 0]

#############################
#21: [sofa (27)] sees 8391 (+2378) 3D points
Estimated Focal Length [424][0.66W]
# 6371 projs (1686 pts and 119 merges)
SKIP: 0 cams, 1 points, 501 projs
PBA: 12765 3D pts, 20 cams and 68192 projs...
PBA: 0.902 -> 0.797 (5 LMs in 0.07sec)
#points w/ large errors:	63

**************************************
#21/21:  15704 projs and 5085 pts added.
PBA: 15900 3D pts, 21 cams and 76947 projs...
PBA: 1.110 -> 0.927 (23 LMs in 0.18sec)
#points w/ large errors:	20
PBA: 15880 3D pts, 21 cams and 76840 projs...
PBA: 0.908 -> 0.908 (19 LMs in 0.14sec)
#points w/ large errors:	2
Focal Length : [423.546]->[423.546]
Radial Distortion : [0.000 -> 0]

#############################
#22: [sofa (25)] sees 12790 (+2618) 3D points
Estimated Focal Length [424][0.66W]
# 3753 projs (0 pts and 124 merges)
SKIP: 0 cams, 229 points, 180 projs
PBA: 15614 3D pts, 20 cams and 80297 projs...
PBA: 1.156 -> 0.943 (5 LMs in 0.14sec)
#points w/ large errors:	207
Focal Length : [423.546]->[423.546]
Radial Distortion : [0.000 -> 0]

#############################
#23: [sofa (26)] sees 14287 (+2688) 3D points
Estimated Focal Length [424][0.66W]
# 6829 projs (1194 pts and 235 merges)
SKIP: 0 cams, 166 points, 1509 projs
PBA: 16272 3D pts, 20 cams and 85791 projs...
PBA: 0.963 -> 0.796 (5 LMs in 0.06sec)
#points w/ large errors:	64
Focal Length : [423.546]->[423.546]
Radial Distortion : [0.000 -> 0]

#############################
#24: [sofa (24)] sees 13958 (+1690) 3D points
Estimated Focal Length [424][0.66W]
# 6641 projs (1236 pts and 241 merges)
SKIP: 0 cams, 405 points, 1340 projs
PBA: 16925 3D pts, 20 cams and 91388 projs...
PBA: 1.018 -> 0.898 (5 LMs in 0.18sec)
#points w/ large errors:	110
Focal Length : [423.546]->[423.546]
Radial Distortion : [0.000 -> 0]

#############################
#25: [sofa (29)] sees 14591 (+1762) 3D points
Estimated Focal Length [424][0.66W]
# 5272 projs (833 pts and 237 merges)
SKIP: 0 cams, 582 points, 2092 projs
PBA: 17181 3D pts, 20 cams and 95320 projs...
PBA: 1.014 -> 0.876 (5 LMs in 0.17sec)
#points w/ large errors:	134
Focal Length : [423.546]->[423.546]
Radial Distortion : [0.000 -> 0]

#############################
#26: [sofa (23)] sees 13291 (+1394) 3D points
Estimated Focal Length [424][0.66W]
# 3190 projs (0 pts and 74 merges)
PBA: 11809 3D pts, 26 cams and 87511 projs...
PBA: 1.117 -> 0.913 (27 LMs in 0.36sec)
#points w/ large errors:	165
Focal Length : [423.546]->[423.546]
Radial Distortion : [0.000 -> 0]

#############################
#27: [sofa (21)] sees 12497 (+1400) 3D points
Estimated Focal Length [424][0.66W]
# 2881 projs (0 pts and 68 merges)
SKIP: 0 cams, 1611 points, 4106 projs
PBA: 16129 3D pts, 20 cams and 97632 projs...
PBA: 0.909 -> 0.800 (5 LMs in 0.11sec)
#points w/ large errors:	139

**************************************
#27/27:  12588 projs and 2752 pts added.
PBA: 19534 3D pts, 27 cams and 108597 projs...
PBA: 1.180 -> 1.001 (16 LMs in 0.21sec)
#points w/ large errors:	7
PBA: 19527 3D pts, 27 cams and 108554 projs...
PBA: 1.032 -> 1.032 (13 LMs in 0.16sec)
Focal Length : [423.546]->[423.546]
Radial Distortion : [0.000 -> 0]

#############################
#28: [sofa (13)] sees 6197 (+1233) 3D points
Estimated Focal Length [424][0.66W]
# 1872 projs (0 pts and 19 merges)
SKIP: 0 cams, 1815 points, 4460 projs
PBA: 17656 3D pts, 20 cams and 105816 projs...
PBA: 1.209 -> 1.134 (5 LMs in 0.14sec)
#points w/ large errors:	567
Focal Length : [423.546]->[423.546]
Radial Distortion : [0.000 -> 0]

#############################
#29: [sofa (14)] sees 5900 (+1501) 3D points
Estimated Focal Length [424][0.66W]
# 1707 projs (0 pts and 14 merges)
SKIP: 0 cams, 2664 points, 9064 projs
PBA: 16805 3D pts, 20 cams and 102907 projs...
PBA: 0.959 -> 0.821 (5 LMs in 0.05sec)
#points w/ large errors:	104
Focal Length : [423.546]->[423.546]
Radial Distortion : [0.000 -> 0]

#############################
#30: [sofa (15)] sees 7086 (+2067) 3D points
Estimated Focal Length [424][0.66W]
# 2074 projs (0 pts and 19 merges)
SKIP: 0 cams, 3067 points, 6713 projs
PBA: 16386 3D pts, 20 cams and 103339 projs...
PBA: 1.002 -> 0.963 (5 LMs in 0.05sec)
#points w/ large errors:	42
Focal Length : [423.546]->[423.546]
Radial Distortion : [0.000 -> 0]

#############################
#31: [sofa (19)] sees 6550 (+1647) 3D points
Estimated Focal Length [424][0.66W]
# 1751 projs (0 pts and 18 merges)
SKIP: 0 cams, 3389 points, 7001 projs
PBA: 16061 3D pts, 20 cams and 103971 projs...
PBA: 1.032 -> 0.815 (5 LMs in 0.21sec)
#points w/ large errors:	79
Focal Length : [423.546]->[423.546]
Radial Distortion : [0.000 -> 0]

#############################
#32: [sofa (18)] sees 7578 (+2373) 3D points
Estimated Focal Length [424][0.66W]
# 1930 projs (0 pts and 41 merges)
PBA: 12441 3D pts, 32 cams and 99571 projs...
PBA: 0.933 -> 0.874 (20 LMs in 0.20sec)
#points w/ large errors:	76
Focal Length : [423.546]->[423.546]
Radial Distortion : [0.000 -> 0]

#############################
#33: [sofa (16)] sees 5808 (+1808) 3D points
Estimated Focal Length [424][0.66W]
# 1345 projs (0 pts and 4 merges)
SKIP: 0 cams, 4514 points, 10695 projs
PBA: 14921 3D pts, 20 cams and 102349 projs...
PBA: 0.859 -> 0.820 (5 LMs in 0.07sec)
#points w/ large errors:	52
Focal Length : [423.546]->[423.546]
Radial Distortion : [0.000 -> 0]

#############################
#34: [sofa (17)] sees 5600 (+2096) 3D points
Estimated Focal Length [424][0.66W]
# 4992 projs (996 pts and 50 merges)
SKIP: 0 cams, 4342 points, 13335 projs
PBA: 15093 3D pts, 20 cams and 103890 projs...
PBA: 0.961 -> 0.860 (5 LMs in 0.21sec)
#points w/ large errors:	24

**************************************
#34/34:  18644 projs and 5134 pts added.
PBA: 22916 3D pts, 34 cams and 129644 projs...
PBA: 1.220 -> 1.018 (18 LMs in 0.13sec)
#points w/ large errors:	45
PBA: 22871 3D pts, 34 cams and 129323 projs...
PBA: 1.001 -> 1.000 (16 LMs in 0.10sec)
#points w/ large errors:	13
Focal Length : [423.546]->[423.546]
Radial Distortion : [0.000 -> 0]

#############################
#35: [sofa (20)] sees 11066 (+1212) 3D points
Estimated Focal Length [424][0.66W]
# 4416 projs (896 pts and 245 merges)
SKIP: 0 cams, 4497 points, 13776 projs
PBA: 18886 3D pts, 20 cams and 119787 projs...
PBA: 1.245 -> 1.155 (5 LMs in 0.04sec)
#points w/ large errors:	411
Focal Length : [423.546]->[423.546]
Radial Distortion : [0.000 -> 0]

#############################
#36: [sofa (22)] sees 12891 (+1058) 3D points
Estimated Focal Length [424][0.66W]
# 2683 projs (0 pts and 104 merges)
SKIP: 0 cams, 5549 points, 17787 projs
PBA: 17820 3D pts, 20 cams and 118254 projs...
PBA: 1.154 -> 1.011 (5 LMs in 0.22sec)
#points w/ large errors:	119
Focal Length : [423.546]->[423.546]
Radial Distortion : [0.000 -> 0]
END: No more images to add [0 projs]

#############################
Failed to find two images for initialization
Resuming SfM finished, 10 sec used

---------------------------------------------------
36 cams, 23471 pts (3+: 14745)
133762 projections (3+: 116867)
---------------------------------------------------
1 model(s) reconstructed from 36 images;
36 modeled; 0 reused; 0 EXIF; 
5MB(5) used to store feature location.
---------------------------------------------------

########-------timing------#########
Structure-From-Motion finished, 11 sec used
9.2(7.2) seconds on Bundle Adjustment (+)
8.3(6.6) seconds on Bundle Adjustment (*)
#############################
----------------------------------------------------------------
Run full 3D reconstruction, finished
Totally 11.000 seconds used


Compute remaining photos, begin...

---------------------------------------------------
36 cams, 23471 pts (3+: 14745)
133762 projections (3+: 116867)
---------------------------------------------------
1 model(s) reconstructed from 36 images;
36 modeled; 0 reused; 0 EXIF; 
5MB(5) used to store feature location.
---------------------------------------------------
----------------------------------------------------------------
Compute remaining photos, finished
Totally 0.000 seconds used

