
Modifying Calibration, begin...
fx = 415.245850, cx = 326.249573
fy = 415.245850, cy = 254.034180
radial_distortion = 0.000000
----------------------------------------------------------------
Modifying Calibration, finished
Totally 0.000 seconds used

0: sofa (1)
image_size:	640x480
1: sofa (2)
image_size:	640x480
2: sofa (3)
image_size:	640x480
3: sofa (4)
image_size:	640x480
4: sofa (5)
image_size:	640x480
5: sofa (6)
image_size:	640x480
6: sofa (7)
image_size:	640x480
7: sofa (8)
image_size:	640x480
8: sofa (9)
image_size:	640x480
9: sofa (10)
image_size:	640x480
10: sofa (11)
image_size:	640x480
11: sofa (12)
image_size:	640x480
12: sofa (13)
image_size:	640x480
13: sofa (14)
image_size:	640x480
14: sofa (15)
image_size:	640x480
15: sofa (16)
image_size:	640x480
16: sofa (17)
image_size:	640x480
17: sofa (18)
image_size:	640x480
18: sofa (19)
image_size:	640x480
19: sofa (20)
image_size:	640x480
20: sofa (21)
image_size:	640x480
21: sofa (22)
image_size:	640x480
22: sofa (23)
image_size:	640x480
23: sofa (24)
image_size:	640x480
24: sofa (25)
image_size:	640x480
25: sofa (26)
image_size:	640x480
26: sofa (27)
image_size:	640x480
27: sofa (28)
image_size:	640x480
28: sofa (29)
image_size:	640x480
29: sofa (30)
image_size:	640x480
30: sofa (31)
image_size:	640x480
31: sofa (32)
image_size:	640x480
32: sofa (33)
image_size:	640x480
33: sofa (34)
image_size:	640x480
34: sofa (35)
image_size:	640x480
35: sofa (36)
image_size:	640x480
**************************************
Change the number of pixel-loaded images by 
modifying param_visual_data_budget in nv.ini
Use the PAUSE button to skip the pixel loading
**************************************
Loading image pixel data ...done in 0s

Compute Missing Pairwise Matching, begin...
********* WARNING ***********
More than 112MB of graphic memory may be allocated
under the default settings. If the program halts here,
adjust parameters to save memory and rerun the task: 
    [Tools->Enable GPU->Set Maximum DIM]
Note some octaves may be automatically skipped
SIFT: 0000, 640x480, 	7864, 0.81sec
SIFT: 0001, 640x480, 	7276, 0.12sec
SIFT: 0002, 640x480, 	7594, 0.13sec
SIFT: 0003, 640x480, 	7529, 0.13sec
SIFT: 0004, 640x480, 	8193, 0.13sec
SIFT: 0005, 640x480, 	8396, 0.14sec
SIFT: 0006, 640x480, 	8428, 0.13sec
SIFT: 0007, 640x480, 	8643, 0.14sec
SIFT: 0008, 640x480, 	8363, 0.13sec
SIFT: 0009, 640x480, 	8406, 0.16sec
SIFT: 0010, 640x480, 	8068, 0.14sec
SIFT: 0011, 640x480, 	8276, 0.13sec
SIFT: 0012, 640x480, 	7481, 0.13sec
SIFT: 0013, 640x480, 	7489, 0.13sec
SIFT: 0014, 640x480, 	7503, 0.12sec
SIFT: 0015, 640x480, 	6618, 0.12sec
SIFT: 0016, 640x480, 	6381, 0.12sec
SIFT: 0017, 640x480, 	7163, 0.13sec
SIFT: 0018, 640x480, 	7137, 0.12sec
SIFT: 0019, 640x480, 	6862, 0.13sec
SIFT: 0020, 640x480, 	7839, 0.13sec
SIFT: 0021, 640x480, 	7149, 0.13sec
SIFT: 0022, 640x480, 	7912, 0.13sec
SIFT: 0023, 640x480, 	8356, 0.14sec
SIFT: 0024, 640x480, 	8682, 0.15sec
SIFT: 0025, 640x480, 	8561, 0.14sec
SIFT: 0026, 640x480, 	8633, 0.13sec
SIFT: 0027, 640x480, 	8449, 0.13sec
SIFT: 0028, 640x480, 	8195, 0.13sec
SIFT: 0029, 640x480, 	8248, 0.13sec
SIFT: 0030, 640x480, 	8129, 0.15sec
SIFT: 0031, 640x480, 	8441, 0.14sec
SIFT: 0032, 640x480, 	8147, 0.13sec
SIFT: 0033, 640x480, 	7636, 0.14sec
SIFT: 0034, 640x480, 	7994, 0.13sec
SIFT: 0035, 640x480, 	7896, 0.13sec

###########-------timing------#########
36 Feature Detection finished, 6 sec used
#############################

630 pairs to compute match
NOTE: using 3 matching workers
0000 and 0001: 1617 matches, 0.13sec, #1
0000 and 0001: [1141/1617], H[367], 0.01sec
0002 and 0005: 822 matches, 0.15sec, #2
0002 and 0005: [612/822], H[179], 0.01sec
0000 and 0002: 1239 matches, 0.11sec, #1
0002 and 0004: 1595 matches, 0.30sec, #0
0000 and 0002: [829/1239], H[140], 0.01sec
0002 and 0004: [1256/1595], H[812], 0.01sec
0003 and 0004: 2620 matches, 0.12sec, #0
0003 and 0005: 1310 matches, 0.19sec, #2
0003 and 0004: [2222/2620], H[974], 0.01sec
0003 and 0005: [1052/1310], H[271], 0.01sec
0001 and 0002: 2781 matches, 0.17sec, #1
0001 and 0002: [2529/2781], H[643], 0.02sec
0004 and 0005: 2490 matches, 0.12sec, #2
0000 and 0005: 374 matches, 0.15sec, #0
0004 and 0005: [2054/2490], H[419], 0.02sec
0000 and 0005: [204/374], H[47], 0.01sec
0001 and 0005: 461 matches, 0.14sec, #0
0000 and 0003: 730 matches, 0.18sec, #1
0001 and 0005: [301/461], H[126], 0.01sec
0000 and 0003: [510/730], H[140], 0.01sec
0000 and 0006: 288 matches, 0.17sec, #2
0001 and 0003: 1334 matches, 0.09sec, #1
0000 and 0006: [137/288], H[23], 0.01sec
0003 and 0007: 774 matches, 0.14sec, #0
0001 and 0003: [1023/1334], H[513], 0.01sec
0003 and 0007: [539/774], H[377], 0.01sec
0004 and 0007: 1186 matches, 0.13sec, #0
0004 and 0007: [852/1186], H[238], 0.01sec
0001 and 0006: 315 matches, 0.20sec, #2
0002 and 0003: 2091 matches, 0.20sec, #1
0001 and 0006: [158/315], H[26], 0.01sec
0002 and 0003: [1833/2091], H[401], 0.01sec
0005 and 0007: 2475 matches, 0.12sec, #0
0005 and 0007: [2148/2475], H[457], 0.02sec
0006 and 0007: 2859 matches, 0.13sec, #0
0006 and 0007: [2659/2859], H[575], 0.02sec
0002 and 0006: 479 matches, 0.20sec, #2
0000 and 0004: 700 matches, 0.20sec, #1
0002 and 0006: [325/479], H[111], 0.00sec
0000 and 0004: [508/700], H[64], 0.01sec
0000 and 0008: 201 matches, 0.16sec, #0
0000 and 0008: [96/201], H[38], 0.02sec
0003 and 0006: 976 matches, 0.20sec, #2
0003 and 0006: [678/976], H[97], 0.01sec
0001 and 0008: 207 matches, 0.12sec, #0
0001 and 0008: [101/207], H[13], 0.02sec
0001 and 0004: 958 matches, 0.28sec, #1
0001 and 0004: [657/958], H[409], 0.01sec
0004 and 0006: 1475 matches, 0.13sec, #2
0002 and 0008: 377 matches, 0.12sec, #0
0004 and 0006: [1102/1475], H[187], 0.01sec
0002 and 0008: [218/377], H[115], 0.01sec
0006 and 0008: 2138 matches, 0.19sec, #1
0003 and 0008: 621 matches, 0.12sec, #0
0006 and 0008: [1746/2138], H[373], 0.01sec
0003 and 0008: [434/621], H[152], 0.01sec
0005 and 0006: 3037 matches, 0.25sec, #2
0005 and 0006: [2860/3037], H[812], 0.01sec
0007 and 0008: 3318 matches, 0.13sec, #1
0004 and 0008: 950 matches, 0.14sec, #0
0004 and 0008: [696/950], H[227], 0.01sec
0007 and 0008: [2915/3318], H[1381], 0.02sec
0005 and 0008: 1817 matches, 0.13sec, #0
0005 and 0008: [1304/1817], H[88], 0.01sec
0000 and 0007: 256 matches, 0.21sec, #2
0000 and 0009: 197 matches, 0.20sec, #1
0008 and 0009: 2831 matches, 0.12sec, #0
0008 and 0009: [2625/2831], H[1149], 0.02sec
0000 and 0009: [83/197], H[24], 0.03sec
0000 and 0007: [130/256], H[18], 0.03sec
0000 and 0010: 109 matches, 0.17sec, #0
0000 and 0010: [40/109], H[8], 0.06sec
0001 and 0009: 201 matches, 0.28sec, #1
0001 and 0007: 290 matches, 0.28sec, #2
0001 and 0009: [105/201], H[9], 0.01sec
0001 and 0007: [151/290], H[61], 0.01sec
0001 and 0010: 130 matches, 0.11sec, #0
0001 and 0010: [49/130], H[10], 0.06sec
0002 and 0010: 164 matches, 0.12sec, #0
0002 and 0009: 255 matches, 0.22sec, #1
0002 and 0007: 440 matches, 0.22sec, #2
0002 and 0010: [76/164], H[19], 0.02sec
0002 and 0009: [131/255], H[23], 0.01sec
0002 and 0007: [281/440], H[107], 0.00sec
0003 and 0010: 233 matches, 0.14sec, #0
0003 and 0010: [126/233], H[62], 0.01sec
0003 and 0009: 389 matches, 0.19sec, #1
0009 and 0010: 2641 matches, 0.21sec, #2
0003 and 0009: [251/389], H[91], 0.00sec
0009 and 0010: [2431/2641], H[711], 0.01sec
0004 and 0010: 284 matches, 0.12sec, #0
0004 and 0010: [155/284], H[33], 0.01sec
0005 and 0010: 558 matches, 0.15sec, #0
0005 and 0010: [314/558], H[96], 0.01sec
0004 and 0009: 592 matches, 0.21sec, #1
0004 and 0009: [374/592], H[142], 0.01sec
0000 and 0011: 118 matches, 0.24sec, #2
0005 and 0009: 1183 matches, 0.12sec, #1
0006 and 0010: 907 matches, 0.14sec, #0
0005 and 0009: [797/1183], H[286], 0.01sec
0006 and 0010: [612/907], H[227], 0.01sec
0000 and 0011: [41/118], H[9], 0.05sec
0007 and 0010: 1206 matches, 0.14sec, #0
0007 and 0010: [796/1206], H[47], 0.01sec
0006 and 0009: 1592 matches, 0.20sec, #1
0001 and 0011: 122 matches, 0.20sec, #2
0006 and 0009: [1184/1592], H[110], 0.01sec
0008 and 0010: 1417 matches, 0.12sec, #0
0008 and 0010: [1160/1417], H[234], 0.01sec
0001 and 0011: [51/122], H[13], 0.03sec
0009 and 0011: 1979 matches, 0.14sec, #0
0009 and 0011: [1715/1979], H[177], 0.02sec
0007 and 0009: 2521 matches, 0.19sec, #1
0007 and 0009: [2000/2521], H[323], 0.01sec
0002 and 0011: 169 matches, 0.19sec, #2
0010 and 0011: 3315 matches, 0.12sec, #0
0002 and 0011: [77/169], H[7], 0.02sec
0010 and 0011: [3195/3315], H[1334], 0.07sec
0008 and 0012: 592 matches, 0.17sec, #1
0008 and 0012: [406/592], H[135], 0.01sec
0003 and 0011: 241 matches, 0.17sec, #2
0000 and 0012: 98 matches, 0.11sec, #0
0003 and 0011: [123/241], H[46], 0.01sec
0000 and 0012: [25/98], H[6], 0.08sec
0009 and 0012: 894 matches, 0.16sec, #1
0009 and 0012: [675/894], H[121], 0.01sec
0001 and 0012: 88 matches, 0.10sec, #0
0004 and 0011: 295 matches, 0.18sec, #2
0004 and 0011: [167/295], H[14], 0.01sec
0001 and 0012: [37/88], H[16], 0.03sec
0002 and 0012: 111 matches, 0.11sec, #0
0010 and 0012: 1517 matches, 0.18sec, #1
0002 and 0012: [47/111], H[20], 0.03sec
0010 and 0012: [1318/1517], H[371], 0.01sec
0005 and 0011: 536 matches, 0.21sec, #2
0005 and 0011: [313/536], H[58], 0.01sec
0011 and 0012: 2083 matches, 0.11sec, #1
0003 and 0012: 133 matches, 0.13sec, #0
0011 and 0012: [1834/2083], H[505], 0.02sec
0003 and 0012: [68/133], H[23], 0.01sec
0004 and 0012: 162 matches, 0.12sec, #0
0004 and 0012: [92/162], H[18], 0.01sec
0006 and 0011: 768 matches, 0.20sec, #2
0000 and 0013: 84 matches, 0.20sec, #1
0006 and 0011: [510/768], H[139], 0.01sec
0005 and 0012: 264 matches, 0.11sec, #0
0005 and 0012: [151/264], H[50], 0.01sec
0000 and 0013: [25/84], H[10], 0.07sec
0007 and 0011: 954 matches, 0.13sec, #2
0006 and 0012: 386 matches, 0.13sec, #0
0007 and 0011: [654/954], H[103], 0.01sec
0006 and 0012: [236/386], H[79], 0.01sec
0001 and 0013: 92 matches, 0.17sec, #1
0007 and 0012: 426 matches, 0.12sec, #0
0007 and 0012: [309/426], H[98], 0.00sec
0008 and 0011: 1295 matches, 0.17sec, #2
0008 and 0011: [1109/1295], H[157], 0.01sec
0001 and 0013: [27/92], H[8], 0.05sec
0006 and 0013: 286 matches, 0.11sec, #0
0006 and 0013: [158/286], H[27], 0.01sec
0007 and 0013: 348 matches, 0.12sec, #0
0003 and 0014: 145 matches, 0.17sec, #2
0007 and 0013: [187/348], H[83], 0.01sec
0003 and 0014: [57/145], H[27], 0.03sec
0002 and 0013: 110 matches, 0.20sec, #1
0008 and 0013: 489 matches, 0.11sec, #0
0008 and 0013: [303/489], H[113], 0.01sec
0002 and 0013: [44/110], H[20], 0.04sec
0009 and 0013: 758 matches, 0.12sec, #0
0009 and 0013: [555/758], H[54], 0.01sec
0004 and 0014: 180 matches, 0.22sec, #2
0003 and 0013: 106 matches, 0.18sec, #1
0004 and 0014: [76/180], H[34], 0.02sec
0010 and 0013: 1086 matches, 0.11sec, #0
0010 and 0013: [775/1086], H[91], 0.01sec
0003 and 0013: [51/106], H[10], 0.01sec
0011 and 0013: 1634 matches, 0.13sec, #0
0011 and 0013: [1280/1634], H[279], 0.01sec
0005 and 0014: 250 matches, 0.20sec, #2
0004 and 0013: 146 matches, 0.19sec, #1
0005 and 0014: [129/250], H[36], 0.01sec
0004 and 0013: [78/146], H[17], 0.01sec
0012 and 0013: 2072 matches, 0.10sec, #0
0012 and 0013: [1950/2072], H[661], 0.07sec
0006 and 0014: 317 matches, 0.16sec, #2
0006 and 0014: [161/317], H[50], 0.01sec
0000 and 0014: 124 matches, 0.12sec, #0
0005 and 0013: 240 matches, 0.26sec, #1
0005 and 0013: [127/240], H[51], 0.01sec
0000 and 0014: [29/124], H[11], 0.08sec
0007 and 0014: 413 matches, 0.16sec, #2
0013 and 0014: 2634 matches, 0.11sec, #1
0007 and 0014: [214/413], H[110], 0.01sec
0001 and 0014: 84 matches, 0.11sec, #0
0013 and 0014: [2128/2634], H[644], 0.01sec
0001 and 0014: [25/84], H[16], 0.08sec
0008 and 0014: 508 matches, 0.18sec, #2
0000 and 0015: 52 matches, 0.18sec, #1
0008 and 0014: [273/508], H[73], 0.01sec
0002 and 0014: 108 matches, 0.11sec, #0
0002 and 0014: [49/108], H[15], 0.03sec
0000 and 0015: [12/52], H[6], 0.11sec
0009 and 0014: 875 matches, 0.11sec, #2
0009 and 0014: [546/875], H[228], 0.01sec
0009 and 0015: 371 matches, 0.10sec, #0
0009 and 0015: [219/371], H[47], 0.01sec
0010 and 0015: 609 matches, 0.10sec, #0
0001 and 0015: 48 matches, 0.16sec, #1
0010 and 0015: [422/609], H[67], 0.01sec
0010 and 0014: 1242 matches, 0.19sec, #2
0001 and 0015: [15/48], H[4], 0.06sec
0010 and 0014: [954/1242], H[81], 0.01sec
0011 and 0015: 815 matches, 0.10sec, #0
0011 and 0015: [607/815], H[64], 0.01sec
0012 and 0015: 1576 matches, 0.10sec, #0
0012 and 0015: [1246/1576], H[266], 0.02sec
0002 and 0015: 64 matches, 0.17sec, #1
0002 and 0015: [23/64], H[8], 0.04sec
0011 and 0014: 1766 matches, 0.20sec, #2
0013 and 0015: 1647 matches, 0.09sec, #0
0011 and 0014: [1259/1766], H[239], 0.01sec
0013 and 0015: [1172/1647], H[292], 0.01sec
0014 and 0015: 1777 matches, 0.09sec, #0
0014 and 0015: [1553/1777], H[385], 0.02sec
0003 and 0015: 83 matches, 0.15sec, #1
0012 and 0014: 1815 matches, 0.16sec, #2
0003 and 0015: [22/83], H[7], 0.06sec
0012 and 0014: [1468/1815], H[391], 0.01sec
0000 and 0016: 52 matches, 0.10sec, #0
0000 and 0016: [15/52], H[6], 0.09sec
0004 and 0015: 81 matches, 0.15sec, #1
0004 and 0016: 65 matches, 0.16sec, #2
0004 and 0016: [32/65], H[5], 0.01sec
0001 and 0016: 49 matches, 0.09sec, #0
0004 and 0015: [31/81], H[12], 0.04sec
0001 and 0016: [14/49], H[8], 0.09sec
0005 and 0016: 110 matches, 0.14sec, #2
0005 and 0015: 115 matches, 0.13sec, #1
0005 and 0016: [56/110], H[14], 0.01sec
0002 and 0016: 56 matches, 0.09sec, #0
0005 and 0015: [56/115], H[8], 0.01sec
0002 and 0016: [20/56], H[8], 0.07sec
0006 and 0016: 141 matches, 0.15sec, #2
0006 and 0015: 158 matches, 0.16sec, #1
0006 and 0016: [77/141], H[25], 0.01sec
0003 and 0016: 55 matches, 0.10sec, #0
0006 and 0015: [82/158], H[26], 0.01sec
0003 and 0016: [22/55], H[5], 0.08sec
0007 and 0016: 175 matches, 0.18sec, #2
0014 and 0016: 1393 matches, 0.10sec, #0
0007 and 0015: 173 matches, 0.20sec, #1
0007 and 0016: [95/175], H[33], 0.01sec
0014 and 0016: [1040/1393], H[236], 0.01sec
0007 and 0015: [100/173], H[33], 0.01sec
0015 and 0016: 2303 matches, 0.10sec, #0
0015 and 0016: [2189/2303], H[1214], 0.00sec
0008 and 0015: 241 matches, 0.17sec, #1
0008 and 0016: 201 matches, 0.18sec, #2
0008 and 0015: [132/241], H[56], 0.01sec
0000 and 0017: 96 matches, 0.10sec, #0
0008 and 0016: [113/201], H[19], 0.01sec
0000 and 0017: [18/96], H[6], 0.09sec
0008 and 0017: 403 matches, 0.17sec, #1
0009 and 0016: 330 matches, 0.17sec, #2
0008 and 0017: [188/403], H[58], 0.01sec
0001 and 0017: 95 matches, 0.10sec, #0
0009 and 0016: [190/330], H[26], 0.01sec
0001 and 0017: [22/95], H[7], 0.08sec
0009 and 0017: 692 matches, 0.17sec, #1
0010 and 0016: 514 matches, 0.17sec, #2
0009 and 0017: [419/692], H[38], 0.01sec
0010 and 0016: [322/514], H[37], 0.01sec
0002 and 0017: 115 matches, 0.11sec, #0
0002 and 0017: [41/115], H[12], 0.10sec
0010 and 0017: 1121 matches, 0.16sec, #1
0010 and 0017: [739/1121], H[120], 0.01sec
0011 and 0016: 756 matches, 0.19sec, #2
0003 and 0017: 126 matches, 0.13sec, #0
0011 and 0016: [541/756], H[69], 0.01sec
0003 and 0017: [55/126], H[28], 0.03sec
0011 and 0017: 1262 matches, 0.20sec, #1
0012 and 0016: 1161 matches, 0.16sec, #2
0004 and 0017: 172 matches, 0.13sec, #0
0011 and 0017: [750/1262], H[128], 0.01sec
0012 and 0016: [801/1161], H[159], 0.01sec
0004 and 0017: [68/172], H[20], 0.03sec
0005 and 0017: 216 matches, 0.11sec, #0
0012 and 0017: 1211 matches, 0.17sec, #1
0012 and 0017: [797/1211], H[111], 0.01sec
0013 and 0016: 1247 matches, 0.18sec, #2
0005 and 0017: [105/216], H[36], 0.06sec
0013 and 0016: [820/1247], H[166], 0.07sec
0013 and 0017: 1215 matches, 0.08sec, #1
0006 and 0017: 290 matches, 0.11sec, #0
0006 and 0017: [146/290], H[73], 0.01sec
0013 and 0017: [738/1215], H[75], 0.04sec
0007 and 0017: 363 matches, 0.11sec, #0
0001 and 0018: 80 matches, 0.16sec, #2
0007 and 0017: [174/363], H[87], 0.01sec
0014 and 0017: 1864 matches, 0.12sec, #1
0001 and 0018: [23/80], H[8], 0.05sec
0014 and 0017: [1342/1864], H[147], 0.01sec
0011 and 0018: 1249 matches, 0.11sec, #0
0011 and 0018: [826/1249], H[163], 0.04sec
0002 and 0018: 100 matches, 0.13sec, #2
0015 and 0017: 1291 matches, 0.15sec, #1
0012 and 0018: 1248 matches, 0.10sec, #0
0015 and 0017: [1033/1291], H[150], 0.01sec
0012 and 0018: [937/1248], H[152], 0.01sec
0002 and 0018: [35/100], H[12], 0.05sec
0016 and 0017: 1247 matches, 0.09sec, #1
0013 and 0018: 1629 matches, 0.11sec, #0
0016 and 0017: [1053/1247], H[203], 0.01sec
0013 and 0018: [1043/1629], H[141], 0.02sec
0003 and 0018: 111 matches, 0.21sec, #2
0014 and 0018: 2311 matches, 0.10sec, #0
0000 and 0018: 84 matches, 0.13sec, #1
0014 and 0018: [1832/2311], H[287], 0.01sec
0003 and 0018: [46/111], H[19], 0.04sec
0000 and 0018: [16/84], H[7], 0.11sec
0015 and 0018: 1704 matches, 0.10sec, #0
0004 and 0018: 140 matches, 0.11sec, #2
0015 and 0018: [1427/1704], H[458], 0.01sec
0004 and 0018: [56/140], H[15], 0.07sec
0003 and 0019: 106 matches, 0.08sec, #1
0016 and 0018: 1445 matches, 0.09sec, #0
0003 and 0019: [50/106], H[18], 0.02sec
0016 and 0018: [1162/1445], H[322], 0.01sec
0017 and 0018: 2893 matches, 0.12sec, #0
0005 and 0018: 218 matches, 0.17sec, #2
0017 and 0018: [2743/2893], H[753], 0.00sec
0005 and 0018: [106/218], H[27], 0.01sec
0004 and 0019: 125 matches, 0.16sec, #1
0000 and 0019: 54 matches, 0.10sec, #0
0004 and 0019: [59/125], H[24], 0.02sec
0000 and 0019: [12/54], H[4], 0.09sec
0006 and 0018: 269 matches, 0.16sec, #2
0005 and 0019: 196 matches, 0.14sec, #1
0006 and 0018: [152/269], H[16], 0.01sec
0001 and 0019: 61 matches, 0.09sec, #0
0005 and 0019: [102/196], H[8], 0.01sec
0001 and 0019: [20/61], H[8], 0.07sec
0002 and 0019: 72 matches, 0.10sec, #0
0007 and 0018: 371 matches, 0.18sec, #2
0006 and 0019: 292 matches, 0.18sec, #1
0007 and 0018: [181/371], H[66], 0.01sec
0006 and 0019: [140/292], H[14], 0.01sec
0002 and 0019: [33/72], H[11], 0.03sec
0008 and 0018: 381 matches, 0.18sec, #2
0013 and 0019: 563 matches, 0.11sec, #0
0013 and 0019: [378/563], H[53], 0.01sec
0008 and 0018: [185/381], H[53], 0.01sec
0007 and 0019: 350 matches, 0.28sec, #1
0009 and 0018: 686 matches, 0.11sec, #2
0007 and 0019: [224/350], H[20], 0.01sec
0014 and 0019: 851 matches, 0.12sec, #0
0009 and 0018: [407/686], H[33], 0.01sec
0014 and 0019: [627/851], H[66], 0.01sec
0015 and 0019: 719 matches, 0.09sec, #0
0015 and 0019: [619/719], H[132], 0.01sec
0008 and 0019: 359 matches, 0.18sec, #1
0010 and 0018: 974 matches, 0.17sec, #2
0008 and 0019: [185/359], H[72], 0.01sec
0010 and 0018: [615/974], H[72], 0.01sec
0016 and 0019: 700 matches, 0.09sec, #0
0016 and 0019: [549/700], H[46], 0.01sec
0009 and 0019: 633 matches, 0.16sec, #1
0017 and 0019: 1395 matches, 0.09sec, #0
0009 and 0019: [365/633], H[48], 0.01sec
0017 and 0019: [1062/1395], H[179], 0.01sec
0004 and 0020: 279 matches, 0.18sec, #2
0004 and 0020: [184/279], H[59], 0.00sec
0010 and 0019: 1129 matches, 0.10sec, #1
0018 and 0019: 1194 matches, 0.11sec, #0
0010 and 0019: [694/1129], H[94], 0.01sec
0018 and 0019: [1012/1194], H[120], 0.01sec
0000 and 0020: 122 matches, 0.11sec, #0
0005 and 0020: 490 matches, 0.20sec, #2
0005 and 0020: [320/490], H[172], 0.00sec
0000 and 0020: [43/122], H[17], 0.06sec
0011 and 0019: 935 matches, 0.19sec, #1
0011 and 0019: [531/935], H[114], 0.01sec
0006 and 0020: 567 matches, 0.11sec, #2
0001 and 0020: 129 matches, 0.12sec, #0
0006 and 0020: [328/567], H[189], 0.01sec
0001 and 0020: [53/129], H[20], 0.04sec
0012 and 0019: 751 matches, 0.20sec, #1
0002 and 0020: 150 matches, 0.12sec, #0
0012 and 0019: [504/751], H[45], 0.01sec
0002 and 0020: [76/150], H[28], 0.01sec
0007 and 0020: 851 matches, 0.28sec, #2
0007 and 0020: [545/851], H[267], 0.01sec
0003 and 0020: 198 matches, 0.12sec, #0
0003 and 0020: [111/198], H[36], 0.01sec
0014 and 0020: 841 matches, 0.24sec, #1
0014 and 0020: [581/841], H[187], 0.01sec
0004 and 0021: 182 matches, 0.11sec, #0
0004 and 0021: [104/182], H[26], 0.01sec
0008 and 0020: 806 matches, 0.16sec, #2
0008 and 0020: [565/806], H[320], 0.01sec
0015 and 0020: 475 matches, 0.11sec, #1
0005 and 0021: 296 matches, 0.11sec, #0
0015 and 0020: [322/475], H[30], 0.01sec
0005 and 0021: [166/296], H[104], 0.01sec
0009 and 0020: 1171 matches, 0.18sec, #2
0006 and 0021: 339 matches, 0.16sec, #0
0016 and 0020: 431 matches, 0.17sec, #1
0009 and 0020: [805/1171], H[294], 0.01sec
0006 and 0021: [175/339], H[79], 0.01sec
0016 and 0020: [305/431], H[39], 0.00sec
0007 and 0021: 494 matches, 0.13sec, #0
0007 and 0021: [284/494], H[30], 0.01sec
0010 and 0020: 1070 matches, 0.16sec, #2
0010 and 0020: [784/1070], H[63], 0.01sec
0017 and 0020: 984 matches, 0.23sec, #1
0008 and 0021: 540 matches, 0.11sec, #0
0017 and 0020: [637/984], H[105], 0.01sec
0008 and 0021: [296/540], H[61], 0.01sec
0011 and 0020: 964 matches, 0.23sec, #2
0009 and 0021: 727 matches, 0.11sec, #0
0018 and 0020: 924 matches, 0.14sec, #1
0011 and 0020: [749/964], H[104], 0.01sec
0009 and 0021: [418/727], H[73], 0.01sec
0018 and 0020: [561/924], H[102], 0.01sec
0010 and 0021: 780 matches, 0.12sec, #0
0010 and 0021: [489/780], H[64], 0.01sec
0012 and 0020: 694 matches, 0.14sec, #2
0012 and 0020: [517/694], H[45], 0.01sec
0019 and 0020: 1452 matches, 0.18sec, #1
0011 and 0021: 711 matches, 0.11sec, #0
0011 and 0021: [391/711], H[44], 0.01sec
0019 and 0020: [1264/1452], H[398], 0.01sec
0012 and 0021: 541 matches, 0.10sec, #0
0012 and 0021: [426/541], H[76], 0.01sec
0013 and 0020: 629 matches, 0.17sec, #2
0013 and 0020: [427/629], H[75], 0.01sec
0013 and 0021: 575 matches, 0.10sec, #0
0000 and 0021: 76 matches, 0.12sec, #1
0013 and 0021: [374/575], H[60], 0.01sec
0000 and 0021: [35/76], H[15], 0.06sec
0014 and 0021: 609 matches, 0.08sec, #2
0014 and 0021: [503/609], H[46], 0.01sec
0003 and 0022: 265 matches, 0.13sec, #0
0003 and 0022: [170/265], H[28], 0.01sec
0004 and 0022: 348 matches, 0.12sec, #0
0004 and 0022: [221/348], H[125], 0.00sec
0015 and 0021: 566 matches, 0.15sec, #2
0001 and 0021: 91 matches, 0.17sec, #1
0015 and 0021: [431/566], H[74], 0.00sec
0001 and 0021: [41/91], H[22], 0.01sec
0005 and 0022: 605 matches, 0.11sec, #0
0005 and 0022: [403/605], H[123], 0.01sec
0006 and 0022: 584 matches, 0.13sec, #0
0016 and 0021: 402 matches, 0.16sec, #2
0006 and 0022: [395/584], H[118], 0.01sec
0016 and 0021: [283/402], H[40], 0.00sec
0002 and 0021: 107 matches, 0.24sec, #1
0017 and 0021: 889 matches, 0.09sec, #2
0002 and 0021: [55/107], H[12], 0.01sec
0017 and 0021: [608/889], H[93], 0.01sec
0007 and 0022: 840 matches, 0.13sec, #0
0007 and 0022: [607/840], H[127], 0.01sec
0003 and 0021: 140 matches, 0.13sec, #1
0003 and 0021: [80/140], H[37], 0.01sec
0018 and 0021: 1004 matches, 0.16sec, #2
0008 and 0022: 841 matches, 0.15sec, #0
0018 and 0021: [678/1004], H[73], 0.01sec
0008 and 0022: [587/841], H[274], 0.01sec
0009 and 0022: 993 matches, 0.12sec, #0
0009 and 0022: [749/993], H[104], 0.01sec
0019 and 0021: 1522 matches, 0.17sec, #2
0013 and 0022: 451 matches, 0.19sec, #1
0019 and 0021: [1403/1522], H[397], 0.01sec
0010 and 0022: 792 matches, 0.11sec, #0
0013 and 0022: [273/451], H[169], 0.01sec
0010 and 0022: [582/792], H[42], 0.01sec
0011 and 0022: 732 matches, 0.13sec, #0
0011 and 0022: [511/732], H[137], 0.01sec
0020 and 0021: 2029 matches, 0.17sec, #2
0020 and 0021: [1801/2029], H[604], 0.01sec
0014 and 0022: 507 matches, 0.19sec, #1
0012 and 0022: 414 matches, 0.11sec, #0
0014 and 0022: [311/507], H[123], 0.01sec
0012 and 0022: [274/414], H[66], 0.01sec
0000 and 0022: 133 matches, 0.09sec, #2
0015 and 0022: 351 matches, 0.11sec, #1
0000 and 0022: [68/133], H[10], 0.01sec
0001 and 0023: 208 matches, 0.11sec, #0
0015 and 0022: [218/351], H[42], 0.01sec
0001 and 0023: [105/208], H[43], 0.01sec
0001 and 0022: 139 matches, 0.19sec, #2
0002 and 0023: 276 matches, 0.12sec, #0
0001 and 0022: [82/139], H[37], 0.01sec
0002 and 0023: [179/276], H[72], 0.00sec
0016 and 0022: 257 matches, 0.28sec, #1
0002 and 0022: 170 matches, 0.14sec, #2
0003 and 0023: 371 matches, 0.13sec, #0
0016 and 0022: [156/257], H[44], 0.01sec
0002 and 0022: [119/170], H[68], 0.00sec
0003 and 0023: [242/371], H[91], 0.00sec
0004 and 0023: 524 matches, 0.14sec, #0
0004 and 0023: [314/524], H[73], 0.01sec
0017 and 0022: 580 matches, 0.27sec, #1
0011 and 0023: 780 matches, 0.29sec, #2
0017 and 0022: [345/580], H[50], 0.01sec
0005 and 0023: 751 matches, 0.13sec, #0
0011 and 0023: [526/780], H[183], 0.01sec
0005 and 0023: [519/751], H[100], 0.01sec
0006 and 0023: 772 matches, 0.13sec, #0
0006 and 0023: [555/772], H[363], 0.01sec
0018 and 0022: 623 matches, 0.21sec, #1
0012 and 0023: 465 matches, 0.16sec, #2
0018 and 0022: [349/623], H[192], 0.01sec
0012 and 0023: [287/465], H[44], 0.01sec
0007 and 0023: 1072 matches, 0.12sec, #0
0007 and 0023: [797/1072], H[384], 0.01sec
0008 and 0023: 961 matches, 0.13sec, #0
0008 and 0023: [702/961], H[332], 0.01sec
0019 and 0022: 998 matches, 0.19sec, #1
0019 and 0022: [749/998], H[103], 0.01sec
0013 and 0023: 409 matches, 0.21sec, #2
0009 and 0023: 1106 matches, 0.12sec, #0
0013 and 0023: [269/409], H[120], 0.01sec
0009 and 0023: [760/1106], H[74], 0.01sec
0010 and 0023: 802 matches, 0.12sec, #0
0010 and 0023: [563/802], H[156], 0.01sec
0020 and 0022: 2648 matches, 0.19sec, #1
0020 and 0022: [2387/2648], H[815], 0.01sec
0014 and 0023: 513 matches, 0.20sec, #2
0014 and 0023: [308/513], H[108], 0.01sec
0021 and 0023: 1183 matches, 0.11sec, #0
0021 and 0023: [927/1183], H[193], 0.01sec
0022 and 0023: 3299 matches, 0.12sec, #0
0022 and 0023: [3132/3299], H[733], 0.01sec
0021 and 0022: 1824 matches, 0.17sec, #1
0021 and 0022: [1510/1824], H[461], 0.01sec
0015 and 0023: 295 matches, 0.18sec, #2
0015 and 0023: [183/295], H[14], 0.01sec
0000 and 0024: 267 matches, 0.12sec, #0
0000 and 0024: [153/267], H[71], 0.05sec
0000 and 0023: 182 matches, 0.18sec, #1
0016 and 0023: 260 matches, 0.17sec, #2
0000 and 0023: [96/182], H[10], 0.01sec
0001 and 0024: 272 matches, 0.11sec, #0
0016 and 0023: [142/260], H[37], 0.01sec
0001 and 0024: [174/272], H[9], 0.01sec
0008 and 0024: 865 matches, 0.19sec, #1
0008 and 0024: [636/865], H[235], 0.01sec
0017 and 0023: 576 matches, 0.20sec, #2
0002 and 0024: 457 matches, 0.13sec, #0
0002 and 0024: [295/457], H[112], 0.01sec
0017 and 0023: [331/576], H[61], 0.01sec
0003 and 0024: 544 matches, 0.12sec, #0
0003 and 0024: [414/544], H[132], 0.01sec
0009 and 0024: 813 matches, 0.19sec, #1
0009 and 0024: [528/813], H[173], 0.01sec
0018 and 0023: 576 matches, 0.19sec, #2
0004 and 0024: 729 matches, 0.12sec, #0
0018 and 0023: [334/576], H[128], 0.02sec
0004 and 0024: [509/729], H[126], 0.01sec
0005 and 0024: 894 matches, 0.12sec, #0
0005 and 0024: [585/894], H[440], 0.01sec
0010 and 0024: 606 matches, 0.20sec, #1
0010 and 0024: [423/606], H[187], 0.01sec
0019 and 0023: 863 matches, 0.22sec, #2
0019 and 0023: [656/863], H[159], 0.01sec
0006 and 0024: 893 matches, 0.14sec, #0
0006 and 0024: [654/893], H[435], 0.01sec
0011 and 0024: 656 matches, 0.22sec, #1
0011 and 0024: [468/656], H[85], 0.01sec
0007 and 0024: 1075 matches, 0.12sec, #0
0007 and 0024: [792/1075], H[375], 0.01sec
0020 and 0023: 2404 matches, 0.18sec, #2
0020 and 0023: [2050/2404], H[350], 0.02sec
0012 and 0024: 309 matches, 0.12sec, #1
0012 and 0024: [193/309], H[98], 0.00sec
0018 and 0024: 373 matches, 0.11sec, #0
0018 and 0024: [191/373], H[51], 0.01sec
0019 and 0024: 468 matches, 0.10sec, #0
0019 and 0024: [326/468], H[58], 0.01sec
0004 and 0025: 664 matches, 0.20sec, #2
0013 and 0024: 292 matches, 0.19sec, #1
0004 and 0025: [485/664], H[162], 0.00sec
0013 and 0024: [176/292], H[26], 0.01sec
0020 and 0024: 1395 matches, 0.11sec, #0
0020 and 0024: [1135/1395], H[153], 0.01sec
0021 and 0024: 681 matches, 0.13sec, #0
0021 and 0024: [563/681], H[91], 0.01sec
0005 and 0025: 875 matches, 0.21sec, #2
0014 and 0024: 371 matches, 0.23sec, #1
0005 and 0025: [577/875], H[150], 0.01sec
0014 and 0024: [224/371], H[70], 0.01sec
0022 and 0024: 1775 matches, 0.12sec, #0
0022 and 0024: [1471/1775], H[185], 0.01sec
0023 and 0024: 2900 matches, 0.13sec, #0
0023 and 0024: [2451/2900], H[674], 0.02sec
0006 and 0025: 872 matches, 0.25sec, #2
0015 and 0024: 193 matches, 0.25sec, #1
0006 and 0025: [647/872], H[148], 0.01sec
0015 and 0024: [98/193], H[45], 0.01sec
0000 and 0025: 242 matches, 0.12sec, #0
0000 and 0025: [138/242], H[27], 0.01sec
0001 and 0025: 263 matches, 0.13sec, #0
0001 and 0025: [150/263], H[12], 0.01sec
0002 and 0025: 368 matches, 0.13sec, #0
0002 and 0025: [227/368], H[47], 0.01sec
0007 and 0025: 1156 matches, 0.33sec, #2
0016 and 0024: 176 matches, 0.34sec, #1
0007 and 0025: [751/1156], H[253], 0.01sec
0016 and 0024: [97/176], H[37], 0.01sec
0003 and 0025: 480 matches, 0.12sec, #0
0003 and 0025: [347/480], H[130], 0.01sec
0014 and 0025: 430 matches, 0.13sec, #0
0014 and 0025: [247/430], H[110], 0.01sec
0017 and 0024: 388 matches, 0.25sec, #1
0008 and 0025: 917 matches, 0.27sec, #2
0017 and 0024: [217/388], H[28], 0.01sec
0008 and 0025: [598/917], H[271], 0.01sec
0015 and 0025: 218 matches, 0.11sec, #0
0015 and 0025: [111/218], H[31], 0.01sec
0016 and 0025: 201 matches, 0.12sec, #0
0024 and 0025: 4345 matches, 0.22sec, #1
0016 and 0025: [107/201], H[43], 0.01sec
0009 and 0025: 869 matches, 0.17sec, #2
0024 and 0025: [4200/4345], H[1469], 0.03sec
0009 and 0025: [554/869], H[265], 0.01sec
0017 and 0025: 437 matches, 0.13sec, #0
0017 and 0025: [227/437], H[43], 0.01sec
0000 and 0026: 309 matches, 0.22sec, #1
0000 and 0026: [159/309], H[12], 0.01sec
0018 and 0025: 398 matches, 0.11sec, #0
0018 and 0025: [203/398], H[61], 0.01sec
0010 and 0025: 660 matches, 0.26sec, #2
0010 and 0025: [472/660], H[245], 0.01sec
0019 and 0025: 608 matches, 0.11sec, #0
0019 and 0025: [440/608], H[64], 0.01sec
0001 and 0026: 293 matches, 0.16sec, #1
0001 and 0026: [184/293], H[35], 0.01sec
0020 and 0025: 1574 matches, 0.12sec, #0
0020 and 0025: [1277/1574], H[205], 0.01sec
0011 and 0025: 695 matches, 0.26sec, #2
0011 and 0025: [479/695], H[130], 0.01sec
0021 and 0025: 793 matches, 0.11sec, #0
0021 and 0025: [571/793], H[84], 0.01sec
0002 and 0026: 428 matches, 0.27sec, #1
0002 and 0026: [286/428], H[129], 0.00sec
0012 and 0025: 384 matches, 0.13sec, #2
0022 and 0025: 2081 matches, 0.12sec, #0
0012 and 0025: [240/384], H[68], 0.01sec
0022 and 0025: [1751/2081], H[646], 0.02sec
0023 and 0025: 3273 matches, 0.13sec, #0
0003 and 0026: 545 matches, 0.23sec, #1
0023 and 0025: [2864/3273], H[1162], 0.02sec
0003 and 0026: [412/545], H[151], 0.01sec
0013 and 0025: 317 matches, 0.22sec, #2
0013 and 0025: [182/317], H[31], 0.01sec
0009 and 0026: 782 matches, 0.14sec, #0
0009 and 0026: [520/782], H[196], 0.01sec
0004 and 0026: 748 matches, 0.21sec, #1
0019 and 0026: 480 matches, 0.14sec, #2
0004 and 0026: [514/748], H[214], 0.01sec
0019 and 0026: [328/480], H[24], 0.01sec
0010 and 0026: 571 matches, 0.12sec, #0
0010 and 0026: [396/571], H[173], 0.01sec
0011 and 0026: 601 matches, 0.13sec, #0
0011 and 0026: [381/601], H[105], 0.01sec
0005 and 0026: 976 matches, 0.27sec, #1
0005 and 0026: [724/976], H[263], 0.01sec
0020 and 0026: 1304 matches, 0.28sec, #2
0012 and 0026: 317 matches, 0.11sec, #0
0020 and 0026: [930/1304], H[125], 0.01sec
0012 and 0026: [173/317], H[48], 0.01sec
0013 and 0026: 256 matches, 0.12sec, #0
0013 and 0026: [157/256], H[28], 0.01sec
0006 and 0026: 1039 matches, 0.24sec, #1
0021 and 0026: 671 matches, 0.24sec, #2
0006 and 0026: [656/1039], H[232], 0.01sec
0014 and 0026: 340 matches, 0.11sec, #0
0021 and 0026: [469/671], H[98], 0.01sec
0014 and 0026: [208/340], H[58], 0.01sec
0015 and 0026: 175 matches, 0.12sec, #0
0015 and 0026: [91/175], H[23], 0.01sec
0007 and 0026: 1128 matches, 0.23sec, #1
0007 and 0026: [873/1128], H[441], 0.01sec
0022 and 0026: 1643 matches, 0.25sec, #2
0016 and 0026: 168 matches, 0.10sec, #0
0022 and 0026: [1337/1643], H[368], 0.01sec
0016 and 0026: [96/168], H[17], 0.01sec
0017 and 0026: 388 matches, 0.12sec, #0
0017 and 0026: [210/388], H[83], 0.01sec
0008 and 0026: 820 matches, 0.27sec, #1
0023 and 0026: 2674 matches, 0.26sec, #2
0008 and 0026: [553/820], H[216], 0.01sec
0023 and 0026: [2266/2674], H[832], 0.01sec
0018 and 0026: 330 matches, 0.15sec, #0
0018 and 0026: [169/330], H[49], 0.01sec
0013 and 0027: 162 matches, 0.12sec, #0
0013 and 0027: [90/162], H[27], 0.01sec
0003 and 0027: 669 matches, 0.23sec, #1
0003 and 0027: [458/669], H[116], 0.01sec
0024 and 0026: 4534 matches, 0.26sec, #2
0014 and 0027: 242 matches, 0.11sec, #0
0014 and 0027: [130/242], H[30], 0.01sec
0024 and 0026: [4398/4534], H[3200], 0.04sec
0015 and 0027: 156 matches, 0.11sec, #0
0015 and 0027: [78/156], H[22], 0.01sec
0004 and 0027: 732 matches, 0.24sec, #1
0004 and 0027: [507/732], H[260], 0.01sec
0025 and 0026: 4074 matches, 0.22sec, #2
0016 and 0027: 129 matches, 0.10sec, #0
0016 and 0027: [66/129], H[14], 0.02sec
0025 and 0026: [3913/4074], H[805], 0.10sec
0017 and 0027: 269 matches, 0.11sec, #0
0017 and 0027: [130/269], H[23], 0.02sec
0005 and 0027: 815 matches, 0.23sec, #1
0000 and 0027: 332 matches, 0.11sec, #2
0005 and 0027: [587/815], H[304], 0.01sec
0000 and 0027: [214/332], H[76], 0.00sec
0018 and 0027: 237 matches, 0.11sec, #0
0018 and 0027: [112/237], H[36], 0.02sec
0019 and 0027: 349 matches, 0.11sec, #0
0019 and 0027: [236/349], H[48], 0.01sec
0006 and 0027: 958 matches, 0.21sec, #1
0001 and 0027: 367 matches, 0.22sec, #2
0006 and 0027: [685/958], H[127], 0.01sec
0001 and 0027: [221/367], H[58], 0.01sec
0020 and 0027: 789 matches, 0.12sec, #0
0020 and 0027: [599/789], H[112], 0.01sec
0007 and 0027: 816 matches, 0.18sec, #1
0007 and 0027: [597/816], H[33], 0.01sec
0021 and 0027: 433 matches, 0.12sec, #0
0021 and 0027: [289/433], H[36], 0.01sec
0002 and 0027: 482 matches, 0.24sec, #2
0002 and 0027: [305/482], H[113], 0.01sec
0022 and 0027: 1034 matches, 0.12sec, #0
0022 and 0027: [835/1034], H[151], 0.01sec
0008 and 0027: 542 matches, 0.17sec, #1
0008 and 0027: [390/542], H[42], 0.01sec
0023 and 0027: 1621 matches, 0.14sec, #2
0006 and 0028: 730 matches, 0.12sec, #0
0023 and 0027: [1295/1621], H[169], 0.01sec
0006 and 0028: [497/730], H[236], 0.01sec
0007 and 0028: 634 matches, 0.13sec, #0
0007 and 0028: [481/634], H[77], 0.01sec
0009 and 0027: 561 matches, 0.27sec, #1
0024 and 0027: 2862 matches, 0.26sec, #2
0009 and 0027: [403/561], H[135], 0.00sec
0008 and 0028: 447 matches, 0.12sec, #0
0008 and 0028: [320/447], H[87], 0.01sec
0024 and 0027: [2583/2862], H[746], 0.01sec
0009 and 0028: 450 matches, 0.13sec, #0
0009 and 0028: [338/450], H[100], 0.01sec
0010 and 0027: 471 matches, 0.20sec, #1
0025 and 0027: 2504 matches, 0.22sec, #2
0010 and 0027: [272/471], H[76], 0.01sec
0010 and 0028: 445 matches, 0.12sec, #0
0025 and 0027: [2168/2504], H[553], 0.01sec
0010 and 0028: [278/445], H[92], 0.01sec
0011 and 0028: 448 matches, 0.13sec, #0
0011 and 0028: [306/448], H[148], 0.01sec
0011 and 0027: 448 matches, 0.21sec, #1
0026 and 0027: 3064 matches, 0.24sec, #2
0012 and 0028: 259 matches, 0.11sec, #0
0011 and 0027: [308/448], H[12], 0.00sec
0012 and 0028: [172/259], H[72], 0.00sec
0026 and 0027: [2652/3064], H[436], 0.02sec
0013 and 0028: 220 matches, 0.14sec, #0
0013 and 0028: [136/220], H[45], 0.01sec
0012 and 0027: 244 matches, 0.22sec, #1
0012 and 0027: [136/244], H[57], 0.01sec
0014 and 0028: 255 matches, 0.12sec, #0
0014 and 0028: [158/255], H[54], 0.01sec
0000 and 0028: 218 matches, 0.30sec, #2
0000 and 0028: [135/218], H[44], 0.01sec
0016 and 0028: 195 matches, 0.10sec, #1
0015 and 0028: 189 matches, 0.10sec, #0
0015 and 0028: [110/189], H[36], 0.01sec
0016 and 0028: [95/195], H[29], 0.01sec
0026 and 0028: 2474 matches, 0.13sec, #0
0026 and 0028: [2172/2474], H[459], 0.02sec
0017 and 0028: 232 matches, 0.17sec, #1
0001 and 0028: 268 matches, 0.20sec, #2
0017 and 0028: [119/232], H[14], 0.01sec
0027 and 0028: 2605 matches, 0.12sec, #0
0001 and 0028: [169/268], H[51], 0.00sec
0027 and 0028: [2376/2605], H[838], 0.02sec
0000 and 0029: 296 matches, 0.12sec, #0
0000 and 0029: [196/296], H[46], 0.01sec
0018 and 0028: 256 matches, 0.22sec, #1
0002 and 0028: 356 matches, 0.25sec, #2
0001 and 0029: 404 matches, 0.11sec, #0
0018 and 0028: [146/256], H[52], 0.00sec
0002 and 0028: [237/356], H[68], 0.00sec
0001 and 0029: [283/404], H[153], 0.00sec
0002 and 0029: 617 matches, 0.13sec, #0
0002 and 0029: [438/617], H[162], 0.01sec
0019 and 0028: 365 matches, 0.23sec, #1
0003 and 0028: 487 matches, 0.23sec, #2
0019 and 0028: [227/365], H[37], 0.01sec
0003 and 0029: 843 matches, 0.12sec, #0
0003 and 0028: [363/487], H[60], 0.00sec
0003 and 0029: [645/843], H[277], 0.01sec
0004 and 0029: 853 matches, 0.13sec, #0
0004 and 0029: [622/853], H[129], 0.01sec
0020 and 0028: 642 matches, 0.22sec, #1
0020 and 0028: [493/642], H[84], 0.01sec
0004 and 0028: 556 matches, 0.31sec, #2
0004 and 0028: [401/556], H[207], 0.00sec
0021 and 0028: 398 matches, 0.11sec, #1
0005 and 0029: 804 matches, 0.13sec, #0
0021 and 0028: [283/398], H[30], 0.01sec
0005 and 0029: [593/804], H[109], 0.01sec
0006 and 0029: 774 matches, 0.13sec, #0
0006 and 0029: [607/774], H[160], 0.01sec
0005 and 0028: 628 matches, 0.23sec, #2
0022 and 0028: 846 matches, 0.21sec, #1
0005 and 0028: [418/628], H[167], 0.01sec
0022 and 0028: [664/846], H[74], 0.01sec
0007 and 0029: 577 matches, 0.12sec, #0
0007 and 0029: [419/577], H[56], 0.01sec
0018 and 0029: 127 matches, 0.12sec, #0
0018 and 0029: [63/127], H[11], 0.01sec
0008 and 0029: 501 matches, 0.23sec, #2
0023 and 0028: 1351 matches, 0.23sec, #1
0008 and 0029: [332/501], H[122], 0.01sec
0023 and 0028: [1055/1351], H[160], 0.01sec
0019 and 0029: 215 matches, 0.11sec, #0
0019 and 0029: [123/215], H[49], 0.01sec
0020 and 0029: 311 matches, 0.12sec, #0
0020 and 0029: [205/311], H[57], 0.01sec
0009 and 0029: 322 matches, 0.23sec, #2
0009 and 0029: [210/322], H[98], 0.01sec
0024 and 0028: 2483 matches, 0.24sec, #1
0021 and 0029: 256 matches, 0.11sec, #0
0024 and 0028: [2201/2483], H[469], 0.02sec
0021 and 0029: [172/256], H[29], 0.01sec
0022 and 0029: 469 matches, 0.12sec, #0
0022 and 0029: [312/469], H[32], 0.01sec
0010 and 0029: 336 matches, 0.24sec, #2
0025 and 0028: 2109 matches, 0.23sec, #1
0010 and 0029: [233/336], H[126], 0.00sec
0025 and 0028: [1880/2109], H[547], 0.01sec
0023 and 0029: 565 matches, 0.12sec, #0
0023 and 0029: [396/565], H[24], 0.01sec
0024 and 0029: 955 matches, 0.12sec, #0
0024 and 0029: [751/955], H[88], 0.01sec
0011 and 0029: 267 matches, 0.21sec, #2
0028 and 0029: 1143 matches, 0.24sec, #1
0025 and 0029: 835 matches, 0.12sec, #0
0011 and 0029: [182/267], H[24], 0.00sec
0028 and 0029: [984/1143], H[233], 0.01sec
0025 and 0029: [678/835], H[68], 0.00sec
0026 and 0029: 1042 matches, 0.13sec, #0
0026 and 0029: [881/1042], H[146], 0.01sec
0012 and 0029: 198 matches, 0.23sec, #2
0000 and 0030: 444 matches, 0.25sec, #1
0012 and 0029: [127/198], H[46], 0.00sec
0000 and 0030: [302/444], H[99], 0.00sec
0027 and 0029: 1762 matches, 0.12sec, #0
0027 and 0029: [1484/1762], H[254], 0.06sec
0013 and 0029: 127 matches, 0.18sec, #2
0013 and 0029: [76/127], H[12], 0.01sec
0009 and 0030: 291 matches, 0.13sec, #0
0009 and 0030: [180/291], H[47], 0.01sec
0001 and 0030: 709 matches, 0.27sec, #1
0014 and 0029: 137 matches, 0.12sec, #2
0001 and 0030: [534/709], H[236], 0.00sec
0014 and 0029: [81/137], H[29], 0.01sec
0010 and 0030: 224 matches, 0.12sec, #0
0010 and 0030: [136/224], H[21], 0.01sec
0011 and 0030: 250 matches, 0.12sec, #0
0011 and 0030: [159/250], H[49], 0.01sec
0002 and 0030: 902 matches, 0.16sec, #1
0002 and 0030: [710/902], H[211], 0.01sec
0015 and 0029: 103 matches, 0.24sec, #2
0015 and 0029: [58/103], H[9], 0.01sec
0012 and 0030: 153 matches, 0.11sec, #0
0012 and 0030: [92/153], H[24], 0.01sec
0003 and 0030: 867 matches, 0.20sec, #1
0003 and 0030: [728/867], H[265], 0.01sec
0016 and 0029: 87 matches, 0.14sec, #2
0013 and 0030: 136 matches, 0.12sec, #0
0016 and 0029: [51/87], H[19], 0.01sec
0013 and 0030: [71/136], H[35], 0.01sec
0014 and 0030: 140 matches, 0.15sec, #0
0014 and 0030: [73/140], H[17], 0.01sec
0004 and 0030: 823 matches, 0.22sec, #1
0017 and 0029: 125 matches, 0.21sec, #2
0004 and 0030: [655/823], H[107], 0.01sec
0017 and 0029: [64/125], H[7], 0.01sec
0015 and 0030: 101 matches, 0.10sec, #0
0015 and 0030: [43/101], H[18], 0.09sec
0016 and 0030: 98 matches, 0.11sec, #0
0005 and 0030: 631 matches, 0.24sec, #1
0005 and 0030: [485/631], H[268], 0.01sec
0019 and 0030: 113 matches, 0.24sec, #2
0019 and 0030: [57/113], H[10], 0.01sec
0016 and 0030: [42/98], H[13], 0.05sec
0017 and 0030: 109 matches, 0.12sec, #0
0017 and 0030: [51/109], H[11], 0.02sec
0006 and 0030: 488 matches, 0.20sec, #1
0006 and 0030: [361/488], H[156], 0.01sec
0020 and 0030: 259 matches, 0.23sec, #2
0020 and 0030: [177/259], H[43], 0.00sec
0018 and 0030: 123 matches, 0.11sec, #0
0018 and 0030: [58/123], H[12], 0.04sec
0029 and 0030: 1586 matches, 0.13sec, #0
0029 and 0030: [1411/1586], H[767], 0.01sec
0007 and 0030: 454 matches, 0.23sec, #1
0021 and 0030: 167 matches, 0.22sec, #2
0007 and 0030: [281/454], H[137], 0.01sec
0000 and 0031: 785 matches, 0.11sec, #0
0021 and 0030: [122/167], H[42], 0.00sec
0000 and 0031: [568/785], H[226], 0.01sec
0001 and 0031: 1170 matches, 0.12sec, #0
0001 and 0031: [982/1170], H[432], 0.03sec
0008 and 0030: 321 matches, 0.20sec, #1
0008 and 0030: [217/321], H[110], 0.00sec
0022 and 0030: 322 matches, 0.21sec, #2
0022 and 0030: [230/322], H[148], 0.00sec
0002 and 0031: 1458 matches, 0.12sec, #0
0002 and 0031: [1317/1458], H[448], 0.01sec
0003 and 0031: 1607 matches, 0.12sec, #0
0003 and 0031: [1405/1607], H[406], 0.01sec
0009 and 0031: 387 matches, 0.24sec, #1
0023 and 0030: 466 matches, 0.23sec, #2
0009 and 0031: [227/387], H[30], 0.01sec
0023 and 0030: [348/466], H[162], 0.00sec
0004 and 0031: 1656 matches, 0.12sec, #0
0004 and 0031: [1309/1656], H[288], 0.01sec
0005 and 0031: 1321 matches, 0.13sec, #0
0005 and 0031: [983/1321], H[199], 0.02sec
0010 and 0031: 242 matches, 0.23sec, #1
0024 and 0030: 797 matches, 0.25sec, #2
0010 and 0031: [131/242], H[36], 0.01sec
0024 and 0030: [646/797], H[74], 0.01sec
0006 and 0031: 1066 matches, 0.12sec, #0
0006 and 0031: [776/1066], H[140], 0.01sec
0007 and 0031: 721 matches, 0.12sec, #0
0007 and 0031: [494/721], H[190], 0.01sec
0011 and 0031: 232 matches, 0.21sec, #1
0025 and 0030: 661 matches, 0.24sec, #2
0011 and 0031: [122/232], H[32], 0.01sec
0025 and 0030: [506/661], H[85], 0.01sec
0008 and 0031: 534 matches, 0.12sec, #0
0008 and 0031: [356/534], H[36], 0.01sec
0019 and 0031: 138 matches, 0.11sec, #0
0012 and 0031: 150 matches, 0.18sec, #1
0019 and 0031: [65/138], H[12], 0.06sec
0012 and 0031: [70/150], H[26], 0.01sec
0026 and 0030: 827 matches, 0.30sec, #2
0026 and 0030: [688/827], H[83], 0.01sec
0020 and 0031: 243 matches, 0.13sec, #0
0020 and 0031: [145/243], H[33], 0.01sec
0013 and 0031: 140 matches, 0.21sec, #1
0021 and 0031: 165 matches, 0.11sec, #0
0013 and 0031: [61/140], H[16], 0.02sec
0021 and 0031: [101/165], H[60], 0.00sec
0027 and 0030: 1233 matches, 0.14sec, #2
0027 and 0030: [962/1233], H[98], 0.01sec
0014 and 0031: 158 matches, 0.12sec, #1
0022 and 0031: 357 matches, 0.13sec, #0
0022 and 0031: [239/357], H[104], 0.01sec
0014 and 0031: [66/158], H[16], 0.07sec
0028 and 0030: 1419 matches, 0.12sec, #2
0028 and 0030: [1186/1419], H[60], 0.01sec
0023 and 0031: 436 matches, 0.12sec, #0
0023 and 0031: [291/436], H[108], 0.01sec
0024 and 0031: 700 matches, 0.13sec, #0
0024 and 0031: [426/700], H[142], 0.01sec
0015 and 0031: 81 matches, 0.20sec, #1
0029 and 0031: 1573 matches, 0.21sec, #2
0015 and 0031: [34/81], H[10], 0.03sec
0029 and 0031: [1256/1573], H[307], 0.01sec
0025 and 0031: 553 matches, 0.12sec, #0
0025 and 0031: [346/553], H[141], 0.01sec
0026 and 0031: 702 matches, 0.12sec, #0
0016 and 0031: 80 matches, 0.16sec, #1
0026 and 0031: [530/702], H[189], 0.01sec
0030 and 0031: 1788 matches, 0.22sec, #2
0016 and 0031: [29/80], H[8], 0.07sec
0030 and 0031: [1442/1788], H[351], 0.00sec
0027 and 0031: 1009 matches, 0.12sec, #0
0027 and 0031: [753/1009], H[55], 0.01sec
0017 and 0031: 140 matches, 0.17sec, #1
0028 and 0031: 635 matches, 0.13sec, #0
0000 and 0032: 1157 matches, 0.22sec, #2
0017 and 0031: [60/140], H[11], 0.03sec
0028 and 0031: [458/635], H[24], 0.01sec
0000 and 0032: [814/1157], H[148], 0.01sec
0008 and 0032: 457 matches, 0.14sec, #0
0008 and 0032: [294/457], H[58], 0.01sec
0018 and 0031: 124 matches, 0.21sec, #1
0001 and 0032: 1583 matches, 0.23sec, #2
0009 and 0032: 313 matches, 0.12sec, #0
0001 and 0032: [1393/1583], H[599], 0.01sec
0018 and 0031: [57/124], H[22], 0.01sec
0009 and 0032: [182/313], H[58], 0.01sec
0010 and 0032: 217 matches, 0.17sec, #0
0010 and 0032: [104/217], H[28], 0.02sec
0002 and 0032: 1831 matches, 0.22sec, #2
0018 and 0032: 102 matches, 0.22sec, #1
0002 and 0032: [1647/1831], H[718], 0.01sec
0011 and 0032: 211 matches, 0.12sec, #0
0011 and 0032: [99/211], H[22], 0.02sec
0018 and 0032: [34/102], H[8], 0.11sec
0003 and 0032: 1671 matches, 0.13sec, #2
0012 and 0032: 126 matches, 0.12sec, #0
0003 and 0032: [1299/1671], H[408], 0.01sec
0012 and 0032: [55/126], H[21], 0.05sec
0019 and 0032: 117 matches, 0.18sec, #1
0013 and 0032: 120 matches, 0.12sec, #0
0019 and 0032: [47/117], H[16], 0.03sec
0013 and 0032: [55/120], H[27], 0.02sec
0004 and 0032: 1590 matches, 0.28sec, #2
0004 and 0032: [1238/1590], H[281], 0.01sec
0014 and 0032: 119 matches, 0.12sec, #0
0020 and 0032: 188 matches, 0.20sec, #1
0020 and 0032: [115/188], H[16], 0.01sec
0014 and 0032: [40/119], H[10], 0.08sec
0005 and 0032: 1117 matches, 0.15sec, #2
0005 and 0032: [821/1117], H[198], 0.01sec
0015 and 0032: 65 matches, 0.11sec, #0
0021 and 0032: 133 matches, 0.12sec, #1
0021 and 0032: [80/133], H[35], 0.01sec
0015 and 0032: [28/65], H[4], 0.04sec
0016 and 0032: 60 matches, 0.10sec, #0
0006 and 0032: 765 matches, 0.18sec, #2
0016 and 0032: [24/60], H[12], 0.04sec
0006 and 0032: [519/765], H[100], 0.01sec
0022 and 0032: 270 matches, 0.23sec, #1
0022 and 0032: [171/270], H[83], 0.01sec
0017 and 0032: 113 matches, 0.11sec, #0
0017 and 0032: [30/113], H[9], 0.10sec
0007 and 0032: 580 matches, 0.24sec, #2
0023 and 0032: 324 matches, 0.17sec, #1
0007 and 0032: [372/580], H[149], 0.00sec
0028 and 0032: 439 matches, 0.12sec, #0
0023 and 0032: [208/324], H[82], 0.00sec
0028 and 0032: [315/439], H[75], 0.01sec
0029 and 0032: 1002 matches, 0.13sec, #0
0029 and 0032: [622/1002], H[106], 0.01sec
0006 and 0033: 602 matches, 0.22sec, #2
0006 and 0033: [427/602], H[256], 0.01sec
0024 and 0032: 525 matches, 0.24sec, #1
0024 and 0032: [353/525], H[34], 0.00sec
0030 and 0032: 1140 matches, 0.12sec, #0
0030 and 0032: [777/1140], H[253], 0.01sec
0007 and 0033: 399 matches, 0.20sec, #2
0031 and 0032: 3303 matches, 0.15sec, #0
0007 and 0033: [269/399], H[98], 0.00sec
0031 and 0032: [3032/3303], H[616], 0.02sec
0025 and 0032: 440 matches, 0.29sec, #1
0025 and 0032: [270/440], H[94], 0.01sec
0000 and 0033: 1008 matches, 0.12sec, #0
0008 and 0033: 288 matches, 0.14sec, #2
0000 and 0033: [717/1008], H[88], 0.01sec
0008 and 0033: [191/288], H[42], 0.01sec
0001 and 0033: 1224 matches, 0.11sec, #0
0001 and 0033: [1039/1224], H[295], 0.01sec
0026 and 0032: 544 matches, 0.23sec, #1
0009 and 0033: 203 matches, 0.19sec, #2
0026 and 0032: [365/544], H[107], 0.01sec
0009 and 0033: [122/203], H[24], 0.00sec
0002 and 0033: 1382 matches, 0.10sec, #0
0002 and 0033: [1243/1382], H[348], 0.01sec
0003 and 0033: 1209 matches, 0.11sec, #0
0003 and 0033: [988/1209], H[152], 0.01sec
0010 and 0033: 188 matches, 0.22sec, #2
0027 and 0032: 662 matches, 0.22sec, #1
0010 and 0033: [112/188], H[39], 0.01sec
0027 and 0032: [469/662], H[232], 0.01sec
0004 and 0033: 894 matches, 0.12sec, #0
0004 and 0033: [679/894], H[212], 0.01sec
0005 and 0033: 599 matches, 0.12sec, #0
0005 and 0033: [423/599], H[22], 0.01sec
0011 and 0033: 179 matches, 0.18sec, #2
0016 and 0033: 57 matches, 0.21sec, #1
0026 and 0033: 403 matches, 0.12sec, #0
0011 and 0033: [95/179], H[24], 0.01sec
0026 and 0033: [262/403], H[58], 0.00sec
0016 and 0033: [27/57], H[8], 0.01sec
0027 and 0033: 679 matches, 0.12sec, #0
0027 and 0033: [468/679], H[97], 0.01sec
0012 and 0033: 117 matches, 0.21sec, #2
0017 and 0033: 86 matches, 0.20sec, #1
0028 and 0033: 435 matches, 0.11sec, #0
0012 and 0033: [57/117], H[24], 0.01sec
0028 and 0033: [315/435], H[161], 0.00sec
0017 and 0033: [39/86], H[10], 0.01sec
0029 and 0033: 856 matches, 0.13sec, #0
0029 and 0033: [583/856], H[223], 0.01sec
0013 and 0033: 88 matches, 0.17sec, #2
0018 and 0033: 78 matches, 0.20sec, #1
0030 and 0033: 1052 matches, 0.11sec, #0
0013 and 0033: [42/88], H[6], 0.01sec
0030 and 0033: [761/1052], H[110], 0.01sec
0018 and 0033: [30/78], H[10], 0.03sec
0014 and 0033: 98 matches, 0.10sec, #2
0031 and 0033: 1637 matches, 0.14sec, #0
0031 and 0033: [1348/1637], H[638], 0.04sec
0014 and 0033: [38/98], H[16], 0.07sec
0019 and 0033: 103 matches, 0.11sec, #1
0032 and 0033: 2291 matches, 0.11sec, #0
0019 and 0033: [48/103], H[18], 0.01sec
0015 and 0033: 69 matches, 0.10sec, #2
0032 and 0033: [2121/2291], H[636], 0.02sec
0015 and 0033: [24/69], H[6], 0.11sec
0020 and 0033: 147 matches, 0.19sec, #1
0000 and 0034: 1850 matches, 0.17sec, #0
0020 and 0033: [73/147], H[18], 0.01sec
0000 and 0034: [1409/1850], H[503], 0.01sec
0003 and 0034: 1320 matches, 0.11sec, #2
0003 and 0034: [1065/1320], H[238], 0.01sec
0021 and 0033: 84 matches, 0.10sec, #1
0021 and 0033: [51/84], H[28], 0.00sec
0001 and 0034: 1776 matches, 0.12sec, #0
0001 and 0034: [1478/1776], H[807], 0.01sec
0002 and 0034: 1947 matches, 0.11sec, #0
0004 and 0034: 1275 matches, 0.17sec, #2
0002 and 0034: [1633/1947], H[349], 0.02sec
0004 and 0034: [1000/1275], H[90], 0.01sec
0022 and 0033: 184 matches, 0.22sec, #1
0022 and 0033: [132/184], H[19], 0.00sec
0013 and 0034: 111 matches, 0.14sec, #0
0005 and 0034: 716 matches, 0.18sec, #2
0005 and 0034: [494/716], H[277], 0.01sec
0013 and 0034: [41/111], H[21], 0.06sec
0023 and 0033: 253 matches, 0.16sec, #1
0023 and 0033: [143/253], H[47], 0.01sec
0014 and 0034: 122 matches, 0.12sec, #0
0006 and 0034: 491 matches, 0.15sec, #2
0006 and 0034: [318/491], H[81], 0.05sec
0014 and 0034: [42/122], H[18], 0.11sec
0024 and 0033: 391 matches, 0.18sec, #1
0024 and 0033: [262/391], H[70], 0.01sec
0007 and 0034: 420 matches, 0.14sec, #2
0015 and 0034: 61 matches, 0.10sec, #0
0007 and 0034: [252/420], H[47], 0.01sec
0015 and 0034: [20/61], H[7], 0.10sec
0008 and 0034: 304 matches, 0.17sec, #2
0025 and 0033: 334 matches, 0.20sec, #1
0008 and 0034: [184/304], H[55], 0.01sec
0025 and 0033: [214/334], H[53], 0.00sec
0016 and 0034: 52 matches, 0.10sec, #0
0016 and 0034: [16/52], H[4], 0.12sec
0009 and 0034: 231 matches, 0.17sec, #2
0009 and 0034: [122/231], H[31], 0.01sec
0023 and 0034: 243 matches, 0.19sec, #1
0023 and 0034: [133/243], H[30], 0.01sec
0017 and 0034: 108 matches, 0.12sec, #0
0010 and 0034: 144 matches, 0.16sec, #2
0010 and 0034: [65/144], H[15], 0.02sec
0017 and 0034: [32/108], H[18], 0.13sec
0024 and 0034: 383 matches, 0.23sec, #1
0024 and 0034: [254/383], H[79], 0.01sec
0011 and 0034: 164 matches, 0.12sec, #2
0018 and 0034: 115 matches, 0.11sec, #0
0011 and 0034: [72/164], H[20], 0.07sec
0018 and 0034: [38/115], H[8], 0.10sec
0025 and 0034: 336 matches, 0.17sec, #1
0025 and 0034: [188/336], H[64], 0.01sec
0012 and 0034: 119 matches, 0.13sec, #2
0019 and 0034: 77 matches, 0.11sec, #0
0012 and 0034: [50/119], H[12], 0.06sec
0019 and 0034: [29/77], H[6], 0.06sec
0026 and 0034: 398 matches, 0.21sec, #1
0020 and 0034: 150 matches, 0.11sec, #0
0026 and 0034: [238/398], H[103], 0.01sec
0020 and 0034: [82/150], H[29], 0.01sec
0033 and 0034: 2253 matches, 0.17sec, #2
0027 and 0034: 476 matches, 0.11sec, #1
0027 and 0034: [289/476], H[104], 0.01sec
0033 and 0034: [2159/2253], H[918], 0.01sec
0021 and 0034: 91 matches, 0.11sec, #0
0021 and 0034: [46/91], H[19], 0.01sec
0022 and 0034: 184 matches, 0.12sec, #0
0022 and 0034: [120/184], H[38], 0.01sec
0028 and 0034: 305 matches, 0.20sec, #1
0000 and 0035: 1868 matches, 0.22sec, #2
0009 and 0035: 244 matches, 0.12sec, #0
0028 and 0034: [205/305], H[95], 0.00sec
0000 and 0035: [1433/1868], H[74], 0.01sec
0009 and 0035: [123/244], H[47], 0.01sec
0010 and 0035: 162 matches, 0.17sec, #0
0010 and 0035: [68/162], H[19], 0.04sec
0029 and 0034: 581 matches, 0.25sec, #1
0001 and 0035: 1804 matches, 0.24sec, #2
0029 and 0034: [371/581], H[138], 0.01sec
0001 and 0035: [1512/1804], H[570], 0.01sec
0011 and 0035: 164 matches, 0.11sec, #0
0011 and 0035: [79/164], H[15], 0.07sec
0012 and 0035: 126 matches, 0.11sec, #0
0030 and 0034: 682 matches, 0.20sec, #1
0030 and 0034: [452/682], H[56], 0.01sec
0002 and 0035: 1967 matches, 0.22sec, #2
0002 and 0035: [1667/1967], H[686], 0.02sec
0012 and 0035: [45/126], H[17], 0.06sec
0013 and 0035: 102 matches, 0.11sec, #0
0013 and 0035: [35/102], H[15], 0.07sec
0031 and 0034: 1796 matches, 0.24sec, #1
0003 and 0035: 1293 matches, 0.22sec, #2
0031 and 0034: [1480/1796], H[910], 0.01sec
0003 and 0035: [1019/1293], H[286], 0.01sec
0014 and 0035: 118 matches, 0.11sec, #0
0014 and 0035: [45/118], H[13], 0.06sec
0015 and 0035: 61 matches, 0.11sec, #0
0032 and 0034: 2889 matches, 0.21sec, #1
0032 and 0034: [2617/2889], H[638], 0.02sec
0004 and 0035: 1207 matches, 0.24sec, #2
0015 and 0035: [26/61], H[8], 0.05sec
0004 and 0035: [967/1207], H[219], 0.01sec
0016 and 0035: 56 matches, 0.15sec, #0
0019 and 0035: 78 matches, 0.17sec, #1
0016 and 0035: [21/56], H[5], 0.04sec
0005 and 0035: 747 matches, 0.19sec, #2
0019 and 0035: [30/78], H[7], 0.04sec
0005 and 0035: [532/747], H[163], 0.01sec
0017 and 0035: 93 matches, 0.13sec, #0
0020 and 0035: 158 matches, 0.17sec, #1
0020 and 0035: [80/158], H[34], 0.01sec
0017 and 0035: [21/93], H[5], 0.09sec
0006 and 0035: 528 matches, 0.17sec, #2
0006 and 0035: [326/528], H[87], 0.01sec
0021 and 0035: 102 matches, 0.13sec, #1
0018 and 0035: 109 matches, 0.11sec, #0
0021 and 0035: [56/102], H[14], 0.06sec
0018 and 0035: [41/109], H[7], 0.08sec
0007 and 0035: 405 matches, 0.19sec, #2
0007 and 0035: [259/405], H[98], 0.01sec
0022 and 0035: 174 matches, 0.12sec, #1
0022 and 0035: [115/174], H[9], 0.01sec
0027 and 0035: 479 matches, 0.12sec, #0
0027 and 0035: [303/479], H[175], 0.01sec
0008 and 0035: 324 matches, 0.20sec, #2
0028 and 0035: 298 matches, 0.12sec, #0
0008 and 0035: [173/324], H[52], 0.01sec
0028 and 0035: [162/298], H[66], 0.01sec
0023 and 0035: 248 matches, 0.26sec, #1
0023 and 0035: [135/248], H[48], 0.01sec
0029 and 0035: 549 matches, 0.12sec, #0
0029 and 0035: [375/549], H[101], 0.01sec
0031 and 0035: 1706 matches, 0.20sec, #2
0031 and 0035: [1406/1706], H[564], 0.01sec
0024 and 0035: 380 matches, 0.14sec, #1
0030 and 0035: 655 matches, 0.12sec, #0
0024 and 0035: [239/380], H[105], 0.01sec
0030 and 0035: [447/655], H[141], 0.01sec
0033 and 0035: 1967 matches, 0.14sec, #0
0032 and 0035: 2483 matches, 0.17sec, #2
0033 and 0035: [1664/1967], H[804], 0.01sec
0032 and 0035: [2067/2483], H[390], 0.02sec
0025 and 0035: 351 matches, 0.20sec, #1
0025 and 0035: [193/351], H[80], 0.01sec
0034 and 0035: 3692 matches, 0.11sec, #0
0034 and 0035: [3172/3692], H[1025], 0.03sec
0026 and 0035: 391 matches, 0.10sec, #1
0026 and 0035: [220/391], H[50], 0.01sec

###########-------timing------#########
630 Image Match finished, 44 sec used
#############################

----------------------------------------------------------------
Compute Missing Pairwise Matching, finished
Totally 50.000 seconds used


Run full 3D reconstruction, begin...
603 pairs have two-view models
630 pairs have fundamental matrices
Initialize with sofa (8) and sofa (10)
1990 3D points initialized from two images
PBA library version = 105
PBA: 1990 3D pts, 2 cams and 3980 projs...
PBA: 118.631 -> 0.163 (3 LMs in 0.14sec)
Focal Length : [415.246]->[415.246]
Focal Length : [415.246]->[415.246]

#############################
#3: [sofa (9)] sees 2476 (+2560) 3D points
Estimated Focal Length [415][0.65W]
# 3298 projs (942 pts and 0 merges)
PBA: 2932 3D pts, 3 cams and 7278 projs...
PBA: 0.181 -> 0.090 (1 LMs in 0.00sec)

**************************************
#3/3:  3618 projs and 949 pts added.
PBA: 2931 3D pts, 3 cams and 7582 projs...
PBA: 0.473 -> 0.214 (1 LMs in 0.00sec)
PBA: 2931 3D pts, 3 cams and 7582 projs...
PBA: 0.214 -> 0.197 (3 LMs in 0.04sec)
Focal Length : [415.246]->[415.246]
Radial Distortion : [0.000 -> 0]

#############################
#4: [sofa (7)] sees 3333 (+1946) 3D points
Estimated Focal Length [415][0.65W]
# 4813 projs (1462 pts and 30 merges)
PBA: 4348 3D pts, 4 cams and 12365 projs...
PBA: 0.589 -> 0.262 (66 LMs in 0.39sec)
#points w/ large errors:	6
Focal Length : [415.246]->[415.246]
Radial Distortion : [0.000 -> 0]

#############################
#5: [sofa (6)] sees 4661 (+2008) 3D points
Estimated Focal Length [415][0.65W]
# 2192 projs (0 pts and 6 merges)
PBA: 4317 3D pts, 5 cams and 14502 projs...
PBA: 0.735 -> 0.288 (19 LMs in 0.22sec)
#points w/ large errors:	4

**************************************
#5/5:  4551 projs and 957 pts added.
PBA: 5267 3D pts, 5 cams and 16841 projs...
PBA: 0.346 -> 0.298 (15 LMs in 0.11sec)
PBA: 5267 3D pts, 5 cams and 16841 projs...
PBA: 0.298 -> 0.298 (12 LMs in 0.06sec)
Focal Length : [415.246]->[415.246]
Radial Distortion : [0.000 -> 0]

#############################
#6: [sofa (11)] sees 3798 (+1616) 3D points
Estimated Focal Length [415][0.65W]
# 3268 projs (731 pts and 31 merges)
PBA: 5931 3D pts, 6 cams and 20037 projs...
PBA: 0.512 -> 0.409 (14 LMs in 0.12sec)
#points w/ large errors:	33
Focal Length : [415.246]->[415.246]
Radial Distortion : [0.000 -> 0]

#############################
#7: [sofa (12)] sees 4781 (+2192) 3D points
Estimated Focal Length [415][0.65W]
# 2118 projs (0 pts and 9 merges)
PBA: 5848 3D pts, 7 cams and 21963 projs...
PBA: 0.923 -> 0.473 (18 LMs in 0.18sec)
#points w/ large errors:	20

**************************************
#7/7:  4152 projs and 769 pts added.
PBA: 6585 3D pts, 7 cams and 23906 projs...
PBA: 0.640 -> 0.515 (42 LMs in 0.22sec)
PBA: 6585 3D pts, 7 cams and 23906 projs...
PBA: 0.515 -> 0.515 (15 LMs in 0.04sec)
Focal Length : [415.246]->[415.246]
Radial Distortion : [0.000 -> 0]

#############################
#8: [sofa (13)] sees 3399 (+1251) 3D points
Estimated Focal Length [415][0.65W]
# 1388 projs (0 pts and 0 merges)
PBA: 4494 3D pts, 8 cams and 21112 projs...
PBA: 1.137 -> 0.789 (19 LMs in 0.12sec)
#points w/ large errors:	52
Focal Length : [415.246]->[415.246]
Radial Distortion : [0.000 -> 0]

#############################
#9: [sofa (14)] sees 3311 (+1563) 3D points
Estimated Focal Length [415][0.65W]
# 1323 projs (0 pts and 3 merges)
PBA: 4487 3D pts, 9 cams and 22295 projs...
PBA: 1.038 -> 0.695 (14 LMs in 0.10sec)
#points w/ large errors:	32

**************************************
#9/9:  5870 projs and 1868 pts added.
PBA: 8279 3D pts, 9 cams and 30613 projs...
PBA: 0.624 -> 0.544 (20 LMs in 0.21sec)
#points w/ large errors:	5
PBA: 8274 3D pts, 9 cams and 30596 projs...
PBA: 0.541 -> 0.541 (15 LMs in 0.04sec)
Focal Length : [415.246]->[415.246]
Radial Distortion : [0.000 -> 0]

#############################
#10: [sofa (15)] sees 5372 (+1591) 3D points
Estimated Focal Length [415][0.65W]
# 2159 projs (0 pts and 25 merges)
PBA: 5467 3D pts, 10 cams and 27191 projs...
PBA: 0.960 -> 0.735 (25 LMs in 0.13sec)
#points w/ large errors:	63
Focal Length : [415.246]->[415.246]
Radial Distortion : [0.000 -> 0]

#############################
#11: [sofa (19)] sees 4703 (+1241) 3D points
Estimated Focal Length [415][0.65W]
# 1695 projs (0 pts and 12 merges)
PBA: 5498 3D pts, 11 cams and 28829 projs...
PBA: 1.212 -> 0.916 (19 LMs in 0.15sec)
#points w/ large errors:	34
Focal Length : [415.246]->[415.246]
Radial Distortion : [0.000 -> 0]

#############################
#12: [sofa (18)] sees 5308 (+2057) 3D points
Estimated Focal Length [415][0.65W]
# 1848 projs (0 pts and 14 merges)
PBA: 5546 3D pts, 12 cams and 30629 projs...
PBA: 1.155 -> 0.878 (17 LMs in 0.14sec)
#points w/ large errors:	32

**************************************
#12/12:  7412 projs and 2062 pts added.
PBA: 10042 3D pts, 12 cams and 41004 projs...
PBA: 0.882 -> 0.847 (26 LMs in 0.19sec)
#points w/ large errors:	5
PBA: 10037 3D pts, 12 cams and 40976 projs...
PBA: 0.836 -> 0.835 (14 LMs in 0.04sec)
Focal Length : [415.246]->[415.246]
Radial Distortion : [0.000 -> 0]

#############################
#13: [sofa (16)] sees 6561 (+1366) 3D points
Estimated Focal Length [415][0.65W]
# 3259 projs (542 pts and 99 merges)
PBA: 7093 3D pts, 13 cams and 37461 projs...
PBA: 1.127 -> 0.979 (24 LMs in 0.13sec)
#points w/ large errors:	87
Focal Length : [415.246]->[415.246]
Radial Distortion : [0.000 -> 0]

#############################
#14: [sofa (17)] sees 6546 (+1423) 3D points
Estimated Focal Length [415][0.65W]
# 2043 projs (0 pts and 38 merges)
PBA: 6875 3D pts, 14 cams and 38892 projs...
PBA: 1.169 -> 0.946 (25 LMs in 0.14sec)
#points w/ large errors:	37
Focal Length : [415.246]->[415.246]
Radial Distortion : [0.000 -> 0]

#############################
#15: [sofa (5)] sees 4413 (+1126) 3D points
Estimated Focal Length [415][0.65W]
# 1777 projs (0 pts and 11 merges)
PBA: 7043 3D pts, 15 cams and 40858 projs...
PBA: 1.015 -> 0.979 (15 LMs in 0.12sec)
#points w/ large errors:	91
Focal Length : [415.246]->[415.246]
Radial Distortion : [0.000 -> 0]

#############################
#16: [sofa (4)] sees 3722 (+1581) 3D points
Estimated Focal Length [415][0.65W]
# 1324 projs (0 pts and 8 merges)
PBA: 7020 3D pts, 16 cams and 41597 projs...
PBA: 1.211 -> 0.854 (29 LMs in 0.36sec)
#points w/ large errors:	89

**************************************
#16/16:  6103 projs and 1709 pts added.
PBA: 11718 3D pts, 16 cams and 51807 projs...
PBA: 0.964 -> 0.837 (20 LMs in 0.18sec)
#points w/ large errors:	23
#unstable points removed:	1
PBA: 11694 3D pts, 16 cams and 51655 projs...
PBA: 0.831 -> 0.831 (15 LMs in 0.13sec)
#points w/ large errors:	2
Focal Length : [415.246]->[415.246]
Radial Distortion : [0.000 -> 0]

#############################
#17: [sofa (32)] sees 4383 (+1469) 3D points
Estimated Focal Length [415][0.65W]
# 4025 projs (1023 pts and 61 merges)
PBA: 8765 3D pts, 17 cams and 47894 projs...
PBA: 1.095 -> 0.964 (20 LMs in 0.17sec)
#points w/ large errors:	104
Focal Length : [415.246]->[415.246]
Radial Distortion : [0.000 -> 0]

#############################
#18: [sofa (33)] sees 5581 (+2091) 3D points
Estimated Focal Length [415][0.65W]
# 2298 projs (0 pts and 18 merges)
PBA: 8349 3D pts, 18 cams and 49087 projs...
PBA: 1.094 -> 0.901 (40 LMs in 0.18sec)
#points w/ large errors:	55
Focal Length : [415.246]->[415.246]
Radial Distortion : [0.000 -> 0]

#############################
#19: [sofa (35)] sees 5018 (+2020) 3D points
Estimated Focal Length [415][0.65W]
# 1849 projs (0 pts and 3 merges)
PBA: 8394 3D pts, 19 cams and 50825 projs...
PBA: 1.081 -> 0.918 (16 LMs in 0.19sec)
#points w/ large errors:	56
Focal Length : [415.246]->[415.246]
Radial Distortion : [0.000 -> 0]

#############################
#20: [sofa (36)] sees 5988 (+2796) 3D points
Estimated Focal Length [415][0.65W]
# 1935 projs (0 pts and 7 merges)
PBA: 8394 3D pts, 20 cams and 52531 projs...
PBA: 1.037 -> 0.899 (27 LMs in 0.19sec)
#points w/ large errors:	56
Focal Length : [415.246]->[415.246]
Radial Distortion : [0.000 -> 0]

#############################
#21: [sofa (34)] sees 6237 (+2342) 3D points
Estimated Focal Length [415][0.65W]
# 3821 projs (658 pts and 63 merges)
SKIP: 0 cams, 22 points, 394 projs
PBA: 12822 3D pts, 20 cams and 63764 projs...
PBA: 0.912 -> 0.824 (5 LMs in 0.02sec)
#points w/ large errors:	47

**************************************
#21/21:  10383 projs and 2675 pts added.
PBA: 14661 3D pts, 21 cams and 69882 projs...
PBA: 1.099 -> 0.974 (16 LMs in 0.16sec)
#points w/ large errors:	9
PBA: 14652 3D pts, 21 cams and 69840 projs...
PBA: 0.988 -> 0.988 (14 LMs in 0.14sec)
#points w/ large errors:	1
Focal Length : [415.246]->[415.246]
Radial Distortion : [0.000 -> 0]

#############################
#22: [sofa (3)] sees 9575 (+2041) 3D points
Estimated Focal Length [415][0.65W]
# 2768 projs (0 pts and 44 merges)
SKIP: 0 cams, 199 points, 267 projs
PBA: 14408 3D pts, 20 cams and 72207 projs...
PBA: 1.233 -> 1.087 (5 LMs in 0.17sec)
#points w/ large errors:	299
Focal Length : [415.246]->[415.246]
Radial Distortion : [0.000 -> 0]

#############################
#23: [sofa (2)] sees 7990 (+2169) 3D points
Estimated Focal Length [415][0.65W]
# 2250 projs (0 pts and 23 merges)
SKIP: 0 cams, 808 points, 2701 projs
PBA: 13810 3D pts, 20 cams and 72038 projs...
PBA: 1.072 -> 0.880 (5 LMs in 0.05sec)
#points w/ large errors:	104
Focal Length : [415.246]->[415.246]
Radial Distortion : [0.000 -> 0]

#############################
#24: [sofa (1)] sees 6140 (+1686) 3D points
Estimated Focal Length [415][0.65W]
# 5526 projs (1499 pts and 48 merges)
SKIP: 0 cams, 902 points, 3031 projs
PBA: 14615 3D pts, 20 cams and 75470 projs...
PBA: 1.031 -> 0.946 (5 LMs in 0.09sec)
#points w/ large errors:	113
Focal Length : [415.246]->[415.246]
Radial Distortion : [0.000 -> 0]

#############################
#25: [sofa (31)] sees 7000 (+1296) 3D points
Estimated Focal Length [415][0.65W]
# 1691 projs (0 pts and 25 merges)
SKIP: 0 cams, 1671 points, 4722 projs
PBA: 13802 3D pts, 20 cams and 74445 projs...
PBA: 1.011 -> 0.884 (5 LMs in 0.02sec)
#points w/ large errors:	203
Focal Length : [415.246]->[415.246]
Radial Distortion : [0.000 -> 0]

#############################
#26: [sofa (30)] sees 7474 (+1558) 3D points
Estimated Focal Length [415][0.65W]
# 1931 projs (0 pts and 26 merges)
PBA: 10089 3D pts, 26 cams and 69125 projs...
PBA: 0.935 -> 0.826 (22 LMs in 0.18sec)
#points w/ large errors:	73
Focal Length : [415.246]->[415.246]
Radial Distortion : [0.000 -> 0]

#############################
#27: [sofa (28)] sees 7787 (+1565) 3D points
Estimated Focal Length [415][0.65W]
# 1980 projs (0 pts and 55 merges)
SKIP: 0 cams, 2964 points, 7127 projs
PBA: 12509 3D pts, 20 cams and 74004 projs...
PBA: 0.919 -> 0.798 (5 LMs in 0.04sec)
#points w/ large errors:	51

**************************************
#27/27:  14793 projs and 4058 pts added.
PBA: 18651 3D pts, 27 cams and 92873 projs...
PBA: 1.409 -> 1.345 (25 LMs in 0.07sec)
#points w/ large errors:	66
#unstable points removed:	1
PBA: 18585 3D pts, 27 cams and 92485 projs...
PBA: 2.794 -> 1.150 (27 LMs in 0.58sec)
#points w/ large errors:	1
#unstable points removed:	1
Focal Length : [415.246]->[415.246]
Radial Distortion : [0.000 -> 0]

#############################
#28: [sofa (27)] sees 10272 (+1855) 3D points
Estimated Focal Length [415][0.65W]
# 6520 projs (1712 pts and 271 merges)
SKIP: 0 cams, 2706 points, 7422 projs
PBA: 17179 3D pts, 20 cams and 91385 projs...
PBA: 1.322 -> 1.178 (5 LMs in 0.11sec)
#points w/ large errors:	445
Focal Length : [415.246]->[415.246]
Radial Distortion : [0.000 -> 0]

#############################
#29: [sofa (25)] sees 13731 (+2259) 3D points
Estimated Focal Length [415][0.65W]
# 6229 projs (1003 pts and 285 merges)
SKIP: 0 cams, 3083 points, 10428 projs
PBA: 17101 3D pts, 20 cams and 94510 projs...
PBA: 1.109 -> 0.961 (5 LMs in 0.12sec)
#points w/ large errors:	124
Focal Length : [415.246]->[415.246]
Radial Distortion : [0.000 -> 0]

#############################
#30: [sofa (26)] sees 16018 (+2104) 3D points
Estimated Focal Length [415][0.65W]
# 6619 projs (998 pts and 301 merges)
SKIP: 0 cams, 3458 points, 10032 projs
PBA: 17217 3D pts, 20 cams and 99165 projs...
PBA: 1.246 -> 1.053 (5 LMs in 0.10sec)
#points w/ large errors:	73
Focal Length : [415.246]->[415.246]
Radial Distortion : [0.000 -> 0]

#############################
#31: [sofa (24)] sees 15333 (+1513) 3D points
Estimated Focal Length [415][0.65W]
# 6340 projs (1084 pts and 291 merges)
SKIP: 0 cams, 3644 points, 10176 projs
PBA: 17676 3D pts, 20 cams and 104508 projs...
PBA: 1.193 -> 1.054 (5 LMs in 0.17sec)
#points w/ large errors:	178
Focal Length : [415.246]->[415.246]
Radial Distortion : [0.000 -> 0]

#############################
#32: [sofa (29)] sees 15602 (+1487) 3D points
Estimated Focal Length [415][0.65W]
# 5648 projs (937 pts and 270 merges)
PBA: 14846 3D pts, 32 cams and 104837 projs...
PBA: 1.312 -> 1.140 (23 LMs in 0.29sec)
#points w/ large errors:	175
Focal Length : [415.246]->[415.246]
Radial Distortion : [0.000 -> 0]

#############################
#33: [sofa (23)] sees 14784 (+1339) 3D points
Estimated Focal Length [415][0.65W]
# 5065 projs (678 pts and 192 merges)
SKIP: 0 cams, 4888 points, 15450 projs
PBA: 17134 3D pts, 20 cams and 108128 projs...
PBA: 1.182 -> 1.021 (5 LMs in 0.05sec)
#points w/ large errors:	202
Focal Length : [415.246]->[415.246]
Radial Distortion : [0.000 -> 0]

#############################
#34: [sofa (21)] sees 15513 (+1247) 3D points
Estimated Focal Length [415][0.65W]
# 3580 projs (0 pts and 164 merges)
SKIP: 0 cams, 6037 points, 19806 projs
PBA: 15982 3D pts, 20 cams and 106132 projs...
PBA: 1.225 -> 1.141 (5 LMs in 0.05sec)
#points w/ large errors:	155

**************************************
#34/34:  10523 projs and 1799 pts added.
PBA: 22830 3D pts, 34 cams and 129782 projs...
PBA: 1.543 -> 1.274 (18 LMs in 0.23sec)
#points w/ large errors:	9
PBA: 22821 3D pts, 34 cams and 129739 projs...
PBA: 1.303 -> 1.303 (14 LMs in 0.13sec)
#points w/ large errors:	1
Focal Length : [415.246]->[415.246]
Radial Distortion : [0.000 -> 0]

#############################
#35: [sofa (20)] sees 10167 (+995) 3D points
Estimated Focal Length [415][0.65W]
# 2490 projs (0 pts and 116 merges)
SKIP: 0 cams, 5558 points, 16926 projs
PBA: 17174 3D pts, 20 cams and 115099 projs...
PBA: 1.581 -> 1.474 (5 LMs in 0.05sec)
#points w/ large errors:	696
Focal Length : [415.246]->[415.246]
Radial Distortion : [0.000 -> 0]

#############################
#36: [sofa (22)] sees 12208 (+1034) 3D points
Estimated Focal Length [415][0.65W]
# 4353 projs (723 pts and 193 merges)
SKIP: 0 cams, 5771 points, 21599 projs
PBA: 16978 3D pts, 20 cams and 114796 projs...
PBA: 1.209 -> 1.034 (5 LMs in 0.09sec)
#points w/ large errors:	143
Focal Length : [415.246]->[415.246]
Radial Distortion : [0.000 -> 0]
END: No more images to add [0 projs]

#############################
Failed to find two images for initialization
Resuming SfM finished, 10 sec used

---------------------------------------------------
36 cams, 22839 pts (3+: 14736)
131763 projections (3+: 115447)
---------------------------------------------------
1 model(s) reconstructed from 36 images;
36 modeled; 0 reused; 0 EXIF; 
5MB(5) used to store feature location.
---------------------------------------------------

########-------timing------#########
Structure-From-Motion finished, 10 sec used
8.1(6.8) seconds on Bundle Adjustment (+)
7.3(6.2) seconds on Bundle Adjustment (*)
#############################
----------------------------------------------------------------
Run full 3D reconstruction, finished
Totally 10.000 seconds used


Run dense reconstruction, begin...
Save to 7f.nvm ... done

#############################
Undistorting 36 images in model #0
param_undistortion_thread_num = 0
NOTE: using 16 threads...
#01: sofa (9) -> 00000002.jpg, 0.029 sec
#11: sofa (14) -> 00000008.jpg, 0.029 sec
#14: sofa (18) -> 00000011.jpg, 0.030 sec
#02: sofa (6) -> 00000004.jpg, 0.030 sec
#00: sofa (8) -> 00000000.jpg, 0.030 sec
#04: sofa (17) -> 00000013.jpg, 0.030 sec
#07: sofa (2) -> 00000022.jpg, 0.030 sec
#13: sofa (3) -> 00000021.jpg, 0.031 sec
#08: sofa (32) -> 00000016.jpg, 0.031 sec
#05: sofa (13) -> 00000007.jpg, 0.032 sec
#12: sofa (19) -> 00000010.jpg, 0.033 sec
#06: sofa (4) -> 00000015.jpg, 0.032 sec
#03: sofa (12) -> 00000006.jpg, 0.033 sec
#09: sofa (35) -> 00000018.jpg, 0.033 sec
#15: sofa (34) -> 00000020.jpg, 0.033 sec
#10: sofa (36) -> 00000019.jpg, 0.034 sec
#01: sofa (7) -> 00000003.jpg, 0.004 sec
#11: sofa (15) -> 00000009.jpg, 0.002 sec
#14: sofa (16) -> 00000012.jpg, 0.002 sec
#02: sofa (11) -> 00000005.jpg, 0.002 sec
#00: sofa (10) -> 00000001.jpg, 0.002 sec
#04: sofa (5) -> 00000014.jpg, 0.002 sec
#07: sofa (1) -> 00000023.jpg, 0.002 sec
#13: sofa (31) -> 00000024.jpg, 0.002 sec
#08: sofa (33) -> 00000017.jpg, 0.002 sec
#05: sofa (28) -> 00000026.jpg, 0.001 sec
#12: sofa (25) -> 00000028.jpg, 0.003 sec
#06: sofa (24) -> 00000030.jpg, 0.002 sec
#03: sofa (23) -> 00000032.jpg, 0.002 sec
#09: sofa (20) -> 00000034.jpg, 0.002 sec
#13: sofa (30) -> 00000025.jpg, 0.002 sec
#05: sofa (27) -> 00000027.jpg, 0.002 sec
#12: sofa (26) -> 00000029.jpg, 0.002 sec
#06: sofa (29) -> 00000031.jpg, 0.002 sec
#03: sofa (21) -> 00000033.jpg, 0.002 sec
#09: sofa (22) -> 00000035.jpg, 0.003 sec
----------------------------------------------------------------
Running Yasutaka Furukawa's CMVS tool...
cmvs C:\Users\86186\Desktop\VisualSFM_windows_cuda_64bit\\7free\1\7f.nvm.cmvs\00\ 50 16
genOption C:\Users\86186\Desktop\VisualSFM_windows_cuda_64bit\\7free\1\7f.nvm.cmvs\00\ 1 2 0.700000 7 3 16
1 cluster is generated for pmvs reconstruction.
pmvs2 C:\Users\86186\Desktop\VisualSFM_windows_cuda_64bit\\7free\1\7f.nvm.cmvs\00\ option-0000
This may take a little more time, waiting...
6 seconds were used by PMVS
Loading option-0000.ply, 17244 vertices ...

#############################
You can manually remove bad MVS points:
1. Switch to dense MVS points mode;
2. Hit F1 key to enter the selection mode;
3. Select points by dragging a rectangle;
4. Hit DELETE to delete the selected points.

#############################
Save to 7f.nvm ... done
Save C:\Users\86186\Desktop\VisualSFM_windows_cuda_64bit\\7free\1\7f.0.ply ...done
----------------------------------------------------------------
Run dense reconstruction, finished
Totally 11.000 seconds used

