0: WIN_20220323_19_26_50_Pro
image_size:	640x480
1: WIN_20220323_19_26_52_Pro
image_size:	640x480
2: WIN_20220323_19_26_53_Pro
image_size:	640x480
3: WIN_20220323_19_26_54_Pro
image_size:	640x480
4: WIN_20220323_19_26_56_Pro
image_size:	640x480
5: WIN_20220323_19_26_57_Pro
image_size:	640x480
6: WIN_20220323_19_26_59_Pro
image_size:	640x480
7: WIN_20220323_19_27_00_Pro
image_size:	640x480
8: WIN_20220323_19_27_01_Pro
image_size:	640x480
9: WIN_20220323_19_27_02_Pro
image_size:	640x480
10: WIN_20220323_19_27_03_Pro
image_size:	640x480
11: WIN_20220323_19_27_05_Pro
image_size:	640x480
Loading image pixel data ...done in 0s
SIFT #:	3273

Run full 3D reconstruction, begin...
0 pairs have two-view models
0 pairs have fundamental matrices
----------------------------------------------------------------
Run full 3D reconstruction, finished
Totally 0.000 seconds used


Run full 3D reconstruction, begin...
0 pairs have two-view models
0 pairs have fundamental matrices
----------------------------------------------------------------
Run full 3D reconstruction, finished
Totally 0.000 seconds used


Run full 3D reconstruction, begin...
0 pairs have two-view models
0 pairs have fundamental matrices
----------------------------------------------------------------
Run full 3D reconstruction, finished
Totally 0.000 seconds used


Compute remaining photos, begin...
----------------------------------------------------------------
Compute remaining photos, finished
Totally 0.000 seconds used

Loading image pixel data ...done in 0s
