0: WIN_20220324_10_43_09_Pro
image_size:	640x480
#sift count:	7476

1: WIN_20220324_10_43_11_Pro
image_size:	640x480
#sift count:	7778

2: WIN_20220324_10_43_14_Pro
image_size:	640x480
#sift count:	6981

3: WIN_20220324_10_43_16_Pro
image_size:	640x480
#sift count:	7787

4: WIN_20220324_10_43_18_Pro
image_size:	640x480
#sift count:	7715

5: WIN_20220324_10_43_19_Pro
image_size:	640x480
#sift count:	7599

6: WIN_20220324_10_43_22_Pro
image_size:	640x480
#sift count:	6840

7: WIN_20220324_10_43_24_Pro
image_size:	640x480
#sift count:	7136

8: WIN_20220324_10_43_25_Pro
image_size:	640x480
#sift count:	4881

9: WIN_20220324_10_43_27_Pro
image_size:	640x480
#sift count:	6273

10: WIN_20220324_10_43_28_Pro
image_size:	640x480
#sift count:	6055

11: WIN_20220324_10_43_31_Pro
image_size:	640x480
#sift count:	6671

12: WIN_20220324_10_43_33_Pro
image_size:	640x480
#sift count:	4924

13: WIN_20220324_10_43_35_Pro
image_size:	640x480
#sift count:	5264

14: WIN_20220324_10_43_36_Pro
image_size:	640x480
#sift count:	6437

15: WIN_20220324_10_43_37_Pro
image_size:	640x480
#sift count:	6880

16: WIN_20220324_10_43_38_Pro
image_size:	640x480
#sift count:	7088

17: WIN_20220324_10_43_40_Pro
image_size:	640x480
#sift count:	7885

18: WIN_20220324_10_43_41_Pro
image_size:	640x480
#sift count:	8124

19: WIN_20220324_10_43_42_Pro
image_size:	640x480
#sift count:	8261

20: WIN_20220324_10_43_43_Pro
image_size:	640x480
#sift count:	8177

21: WIN_20220324_10_43_44_Pro
image_size:	640x480
#sift count:	7009

22: WIN_20220324_10_43_45_Pro
image_size:	640x480
#sift count:	7857

23: WIN_20220324_10_43_47_Pro
image_size:	640x480
#sift count:	5960

24: WIN_20220324_10_43_48_Pro
image_size:	640x480
#sift count:	5038

25: WIN_20220324_10_43_49_Pro
image_size:	640x480
#sift count:	6930

26: WIN_20220324_10_43_50_Pro
image_size:	640x480
#sift count:	7616

27: WIN_20220324_10_43_51_Pro
image_size:	640x480
#sift count:	4827

28: WIN_20220324_10_43_52_Pro
image_size:	640x480
#sift count:	6650

29: WIN_20220324_10_43_53_Pro (2)
image_size:	640x480
#sift count:	7839

30: WIN_20220324_10_43_53_Pro
image_size:	640x480
#sift count:	7715

31: WIN_20220324_10_43_55_Pro
image_size:	640x480
#sift count:	4108

32: WIN_20220324_10_43_56_Pro
image_size:	640x480
#sift count:	7363

33: WIN_20220324_10_43_57_Pro
image_size:	640x480
#sift count:	6558

34: WIN_20220324_10_43_58_Pro (2)
image_size:	640x480
#sift count:	6759

35: WIN_20220324_10_43_58_Pro
image_size:	640x480
#sift count:	4735

36: WIN_20220324_10_43_59_Pro
image_size:	640x480
#sift count:	8217

37: WIN_20220324_10_44_00_Pro
image_size:	640x480
#sift count:	7607

38: WIN_20220324_10_44_01_Pro
image_size:	640x480
#sift count:	7471

39: WIN_20220324_10_44_02_Pro
image_size:	640x480
#sift count:	7337

40: WIN_20220324_10_44_05_Pro
image_size:	640x480
#sift count:	8385

41: WIN_20220324_10_44_06_Pro
image_size:	640x480
#sift count:	7287

42: WIN_20220324_10_44_07_Pro (2)
image_size:	640x480
#sift count:	8098

43: WIN_20220324_10_44_07_Pro
image_size:	640x480
#sift count:	7025

44: WIN_20220324_10_44_09_Pro (2)
image_size:	640x480
#sift count:	7499

45: WIN_20220324_10_44_09_Pro
image_size:	640x480
#sift count:	5652

46: WIN_20220324_10_44_10_Pro
image_size:	640x480
#sift count:	7543

47: WIN_20220324_10_44_11_Pro
image_size:	640x480
#sift count:	4001

48: WIN_20220324_10_44_12_Pro
image_size:	640x480
#sift count:	5973

49: WIN_20220324_10_44_14_Pro
image_size:	640x480
#sift count:	6132

**************************************
Change the number of pixel-loaded images by 
modifying param_visual_data_budget in nv.ini
Use the PAUSE button to skip the pixel loading
**************************************
Loading image pixel data ...done in 0s

Modifying Calibration, begin...
fx = 534.782227, cx = 332.352325
fy = 534.782227, cy = 197.641251
radial_distortion = -0.001473
----------------------------------------------------------------
Modifying Calibration, finished
Totally 0.000 seconds used


Compute Missing Pairwise Matching, begin...
0 pairs to compute match
----------------------------------------------------------------
Compute Missing Pairwise Matching, finished
Totally 0.000 seconds used


Run full 3D reconstruction, begin...
1016 pairs have two-view models
1192 pairs have fundamental matrices
Initialize with WIN..6_Pro and WIN..8_Pro
2336 3D points initialized from two images
PBA library version = 105
PBA: 2336 3D pts, 2 cams and 4672 projs...
PBA: 1336.685 -> 0.130 (5 LMs in 0.11sec)
Focal Length : [534.782]->[534.782]
Focal Length : [534.782]->[534.782]

#############################
#3: [WIN..9_Pro] sees 2409 (+1613) 3D points
Estimated Focal Length [535][0.84N]
# 1492 projs (0 pts and 0 merges)
PBA: 2336 3D pts, 3 cams and 6164 projs...
PBA: 1.597 -> 0.234 (2 LMs in 0.01sec)

**************************************
#3/3:  4878 projs and 1611 pts added.
PBA: 3945 3D pts, 3 cams and 9546 projs...
PBA: 0.271 -> 0.192 (1 LMs in 0.01sec)
PBA: 3945 3D pts, 3 cams and 9546 projs...
PBA: 0.192 -> 0.176 (1 LMs in 0.01sec)
Focal Length : [534.782]->[534.782]
Radial Distortion : [-0.001 -> -1]

#############################
#4: [WIN..5_Pro] sees 3980 (+1546) 3D points
Estimated Focal Length [535][0.84N]
# 2335 projs (0 pts and 0 merges)
PBA: 3931 3D pts, 4 cams and 11853 projs...
PBA: 2.045 -> 0.965 (23 LMs in 0.38sec)
Focal Length : [534.782]->[534.782]
Radial Distortion : [-0.001 -> -1]

#############################
#5: [WIN..9_Pro] sees 4932 (+1847) 3D points
Estimated Focal Length [535][0.84N]
# 1647 projs (0 pts and 0 merges)
PBA: 3792 3D pts, 5 cams and 13222 projs...
PBA: 4.530 -> 2.156 (19 LMs in 0.13sec)
#points w/ large errors:	113

**************************************
#5/5:  8749 projs and 2926 pts added.
PBA: 6530 3D pts, 5 cams and 19797 projs...
PBA: 9.336 -> 5.774 (25 LMs in 0.13sec)
#points w/ large errors:	29
PBA: 6501 3D pts, 5 cams and 19698 projs...
PBA: 5.985 -> 5.941 (19 LMs in 0.09sec)
#points w/ large errors:	12
Focal Length : [534.782]->[534.782]
Radial Distortion : [-0.001 -> -1]

#############################
#6: [WIN..1_Pro] sees 6164 (+1371) 3D points
Estimated Focal Length [535][0.84N]
# 2091 projs (0 pts and 16 merges)
PBA: 6141 3D pts, 6 cams and 21090 projs...
PBA: 7.672 -> 6.478 (63 LMs in 0.45sec)
#points w/ large errors:	1207
Focal Length : [534.782]->[534.782]
Radial Distortion : [-0.001 -> -1]

#############################
#7: [WIN..2_Pro] sees 6157 (+2486) 3D points
Estimated Focal Length [535][0.84N]
# 1947 projs (0 pts and 7 merges)
PBA: 5019 3D pts, 7 cams and 19418 projs...
PBA: 6.438 -> 4.797 (18 LMs in 0.05sec)
#points w/ large errors:	489

**************************************
#7/7:  8704 projs and 2296 pts added.
PBA: 6539 3D pts, 7 cams and 23703 projs...
PBA: 9.507 -> 6.028 (22 LMs in 0.12sec)
#points w/ large errors:	188
#unstable points removed:	2
PBA: 6349 3D pts, 7 cams and 23084 projs...
PBA: 5.860 -> 5.780 (19 LMs in 0.11sec)
#points w/ large errors:	110
#unstable points removed:	2
Focal Length : [534.782]->[534.782]
Radial Distortion : [-0.001 -> -1]

#############################
#8: [WIN..3_Pro] sees 8855 (+2044) 3D points
Estimated Focal Length [535][0.84N]
# 3112 projs (0 pts and 19 merges)
PBA: 4264 3D pts, 8 cams and 21978 projs...
PBA: 8.404 -> 7.503 (17 LMs in 0.06sec)
#points w/ large errors:	553
#unstable points removed:	24
Focal Length : [534.782]->[534.782]
Radial Distortion : [-0.001 -> -1]

#############################
#9: [WIN..0_Pro] sees 9865 (+1964) 3D points
Estimated Focal Length [535][0.84N]
# 2764 projs (0 pts and 12 merges)
PBA: 4019 3D pts, 9 cams and 23257 projs...
PBA: 8.588 -> 7.151 (18 LMs in 0.04sec)
#points w/ large errors:	433
#unstable points removed:	2

**************************************
#9/9:  7391 projs and 1222 pts added.
PBA: 6299 3D pts, 9 cams and 28659 projs...
PBA: 7.611 -> 6.801 (17 LMs in 0.08sec)
#points w/ large errors:	62
#unstable points removed:	76
PBA: 6161 3D pts, 9 cams and 28241 projs...
PBA: 6.925 -> 6.925 (12 LMs in 0.03sec)
Focal Length : [534.782]->[534.782]
Radial Distortion : [-0.001 -> -1]

#############################
#10: [WIN..5_Pro] sees 7680 (+1560) 3D points
Estimated Focal Length [535][0.84N]
# 2091 projs (0 pts and 3 merges)
PBA: 4449 3D pts, 10 cams and 26914 projs...
PBA: 9.541 -> 8.401 (22 LMs in 0.08sec)
#points w/ large errors:	1073
#unstable points removed:	44
Focal Length : [534.782]->[534.782]
Radial Distortion : [-0.001 -> -1]

#############################
#11: [WIN..o (2)] sees 5494 (+1874) 3D points
Estimated Focal Length [535][0.84N]
# 1260 projs (0 pts and 1 merges)
PBA: 3498 3D pts, 11 cams and 22533 projs...
PBA: 8.349 -> 6.488 (98 LMs in 0.26sec)
#points w/ large errors:	763
#unstable points removed:	10
Focal Length : [534.782]->[534.782]
Radial Distortion : [-0.001 -> -1]

#############################
#12: [WIN..0_Pro] sees 5406 (+1426) 3D points
Estimated Focal Length [535][0.84N]
# 1588 projs (0 pts and 4 merges)
PBA: 2944 3D pts, 12 cams and 19423 projs...
PBA: 5.537 -> 3.968 (20 LMs in 0.13sec)
#points w/ large errors:	291
#unstable points removed:	11

**************************************
#12/12:  17631 projs and 4475 pts added.
PBA: 7947 3D pts, 12 cams and 35690 projs...
PBA: 14.362 -> 6.359 (50 LMs in 1.16sec)
#points w/ large errors:	231
#unstable points removed:	28
PBA: 7688 3D pts, 12 cams and 34320 projs...
PBA: 6.332 -> 6.049 (50 LMs in 0.13sec)
#points w/ large errors:	55
#unstable points removed:	6
Focal Length : [534.782]->[534.782]
Radial Distortion : [-0.001 -> -1]

#############################
#13: [WIN..1_Pro] sees 7468 (+1339) 3D points
Estimated Focal Length [535][0.84N]
# 2678 projs (0 pts and 36 merges)
PBA: 5240 3D pts, 13 cams and 32055 projs...
PBA: 7.935 -> 6.562 (66 LMs in 0.31sec)
#points w/ large errors:	1086
Focal Length : [534.782]->[534.782]
Radial Distortion : [-0.001 -> -1]

#############################
#14: [WIN..2_Pro] sees 6431 (+1583) 3D points
Estimated Focal Length [535][0.84N]
# 1726 projs (0 pts and 7 merges)
PBA: 4394 3D pts, 14 cams and 28848 projs...
PBA: 6.885 -> 5.627 (70 LMs in 0.21sec)
#points w/ large errors:	607
Focal Length : [534.782]->[534.782]
Radial Distortion : [-0.001 -> -1]

#############################
#15: [WIN..4_Pro] sees 6789 (+1527) 3D points
Estimated Focal Length [535][0.84N]
# 1924 projs (0 pts and 29 merges)
PBA: 3976 3D pts, 15 cams and 27169 projs...
PBA: 4.697 -> 3.965 (31 LMs in 0.18sec)
#points w/ large errors:	394
Focal Length : [534.782]->[534.782]
Radial Distortion : [-0.001 -> -1]

#############################
#16: [WIN..8_Pro] sees 6935 (+1611) 3D points
Estimated Focal Length [535][0.84N]
# 1752 projs (0 pts and 11 merges)
PBA: 3689 3D pts, 16 cams and 26218 projs...
PBA: 4.082 -> 3.639 (19 LMs in 0.13sec)
#points w/ large errors:	131

**************************************
#16/16:  27218 projs and 6990 pts added.
PBA: 11425 3D pts, 16 cams and 53081 projs...
PBA: 11.280 -> 4.727 (34 LMs in 0.29sec)
#points w/ large errors:	154
PBA: 11271 3D pts, 16 cams and 52009 projs...
PBA: 4.603 -> 4.574 (30 LMs in 0.19sec)
#points w/ large errors:	25
Focal Length : [534.782]->[534.782]
Radial Distortion : [-0.001 -> -1]

#############################
#17: [WIN..6_Pro] sees 10889 (+1342) 3D points
Estimated Focal Length [535][0.84N]
# 3248 projs (0 pts and 78 merges)
PBA: 7013 3D pts, 17 cams and 46777 projs...
PBA: 6.661 -> 5.465 (22 LMs in 0.18sec)
#points w/ large errors:	1346
Focal Length : [534.782]->[534.782]
Radial Distortion : [-0.001 -> -1]

#############################
#18: [WIN..7_Pro] sees 10631 (+1300) 3D points
Estimated Focal Length [535][0.84N]
# 2935 projs (0 pts and 75 merges)
PBA: 6134 3D pts, 18 cams and 42943 projs...
PBA: 4.458 -> 3.743 (17 LMs in 0.16sec)
#points w/ large errors:	496
Focal Length : [534.782]->[534.782]
Radial Distortion : [-0.001 -> -1]

#############################
#19: [WIN..7_Pro] sees 6048 (+1465) 3D points
Estimated Focal Length [535][0.84N]
# 1854 projs (0 pts and 20 merges)
PBA: 5801 3D pts, 19 cams and 41389 projs...
PBA: 3.663 -> 3.146 (19 LMs in 0.10sec)
#points w/ large errors:	331
Focal Length : [534.782]->[534.782]
Radial Distortion : [-0.001 -> -1]

#############################
#20: [WIN..o (2)] sees 6114 (+1374) 3D points
Estimated Focal Length [535][0.84N]
# 1515 projs (0 pts and 23 merges)
PBA: 5529 3D pts, 20 cams and 39878 projs...
PBA: 2.966 -> 2.779 (19 LMs in 0.17sec)
#points w/ large errors:	142
Focal Length : [534.782]->[534.782]
Radial Distortion : [-0.001 -> -1]

#############################
#21: [WIN..4_Pro] sees 6101 (+1169) 3D points
Estimated Focal Length [535][0.84N]
# 1587 projs (0 pts and 15 merges)
SKIP: 0 cams, 2777 points, 1176 projs
PBA: 8554 3D pts, 20 cams and 46669 projs...
PBA: 3.259 -> 2.548 (5 LMs in 0.03sec)
#points w/ large errors:	202

**************************************
#21/21:  30771 projs and 7061 pts added.
PBA: 14639 3D pts, 21 cams and 72805 projs...
PBA: 7.923 -> 4.645 (24 LMs in 0.20sec)
#points w/ large errors:	356
#unstable points removed:	1
PBA: 14282 3D pts, 21 cams and 70226 projs...
PBA: 4.767 -> 4.755 (20 LMs in 0.14sec)
#points w/ large errors:	82
Focal Length : [534.782]->[534.782]
Radial Distortion : [-0.001 -> -1]

#############################
#22: [WIN..2_Pro] sees 9449 (+1319) 3D points
Estimated Focal Length [535][0.84N]
# 2965 projs (0 pts and 61 merges)
SKIP: 0 cams, 669 points, 681 projs
PBA: 13886 3D pts, 20 cams and 72340 projs...
PBA: 5.427 -> 4.767 (5 LMs in 0.08sec)
#points w/ large errors:	2053
Focal Length : [534.782]->[534.782]
Radial Distortion : [-0.001 -> -1]

#############################
#23: [WIN..6_Pro] sees 8078 (+1010) 3D points
Estimated Focal Length [535][0.84N]
# 2413 projs (0 pts and 76 merges)
SKIP: 0 cams, 3062 points, 15376 projs
PBA: 11522 3D pts, 20 cams and 59719 projs...
PBA: 3.680 -> 3.084 (5 LMs in 0.03sec)
#points w/ large errors:	886
Focal Length : [534.782]->[534.782]
Radial Distortion : [-0.001 -> -1]

#############################
#24: [WIN..o (2)] sees 3784 (+1316) 3D points
Estimated Focal Length [535][0.84N]
# 1087 projs (0 pts and 7 merges)
SKIP: 0 cams, 4142 points, 7517 projs
PBA: 10410 3D pts, 20 cams and 54050 projs...
PBA: 2.786 -> 2.632 (5 LMs in 0.03sec)
#points w/ large errors:	573
Focal Length : [534.782]->[534.782]
Radial Distortion : [-0.001 -> -1]

#############################
#25: [WIN..6_Pro] sees 3310 (+1281) 3D points
Estimated Focal Length [535][0.84N]
# 818 projs (0 pts and 9 merges)
SKIP: 0 cams, 4765 points, 7165 projs
PBA: 9766 3D pts, 20 cams and 48915 projs...
PBA: 2.413 -> 2.118 (5 LMs in 0.03sec)
#points w/ large errors:	373
Focal Length : [534.782]->[534.782]
Radial Distortion : [-0.001 -> -1]

#############################
#26: [WIN..4_Pro] sees 3297 (+1333) 3D points
Estimated Focal Length [535][0.84N]
# 726 projs (0 pts and 4 merges)
PBA: 5591 3D pts, 26 cams and 39312 projs...
PBA: 2.495 -> 2.144 (41 LMs in 0.32sec)
#points w/ large errors:	421
Focal Length : [534.782]->[534.782]
Radial Distortion : [-0.001 -> -1]

#############################
#27: [WIN..1_Pro] sees 2988 (+1521) 3D points
Estimated Focal Length [535][0.84N]
# 731 projs (0 pts and 6 merges)
SKIP: 0 cams, 5693 points, 4319 projs
PBA: 8778 3D pts, 20 cams and 44424 projs...
PBA: 1.877 -> 1.747 (5 LMs in 0.03sec)
#points w/ large errors:	164

**************************************
#27/27:  43271 projs and 10821 pts added.
PBA: 18411 3D pts, 27 cams and 84937 projs...
PBA: 21.782 -> 6.268 (24 LMs in 0.21sec)
#points w/ large errors:	476
#unstable points removed:	40
PBA: 17895 3D pts, 27 cams and 81202 projs...
PBA: 6.357 -> 6.324 (16 LMs in 0.14sec)
#points w/ large errors:	110
#unstable points removed:	7
Focal Length : [534.782]->[534.782]
Radial Distortion : [-0.001 -> -1]

#############################
#28: [WIN..7_Pro] sees 7395 (+1330) 3D points
Estimated Focal Length [535][0.84N]
# 2646 projs (0 pts and 138 merges)
SKIP: 0 cams, 1606 points, 2671 projs
PBA: 16618 3D pts, 20 cams and 80801 projs...
PBA: 7.339 -> 6.718 (5 LMs in 0.07sec)
#points w/ large errors:	3797
#unstable points removed:	5
Focal Length : [534.782]->[534.782]
Radial Distortion : [-0.001 -> -1]

#############################
#29: [WIN..0_Pro] sees 4039 (+1375) 3D points
Estimated Focal Length [535][0.84N]
# 1079 projs (0 pts and 15 merges)
SKIP: 0 cams, 5495 points, 24104 projs
PBA: 12721 3D pts, 20 cams and 59526 projs...
PBA: 5.053 -> 4.625 (5 LMs in 0.02sec)
#points w/ large errors:	1212
#unstable points removed:	1
Focal Length : [534.782]->[534.782]
Radial Distortion : [-0.001 -> -1]

#############################
#30: [WIN..0_Pro] sees 3535 (+1937) 3D points
Estimated Focal Length [535][0.84N]
# 1100 projs (0 pts and 3 merges)
SKIP: 0 cams, 6963 points, 13279 projs
PBA: 11251 3D pts, 20 cams and 49323 projs...
PBA: 3.233 -> 2.727 (5 LMs in 0.02sec)
#points w/ large errors:	419
#unstable points removed:	3
Focal Length : [534.782]->[534.782]
Radial Distortion : [-0.001 -> -1]

#############################
#31: [WIN..9_Pro] sees 3581 (+1913) 3D points
Estimated Focal Length [535][0.84N]
# 910 projs (0 pts and 6 merges)
SKIP: 0 cams, 7563 points, 5588 projs
PBA: 10653 3D pts, 20 cams and 47222 projs...
PBA: 2.904 -> 2.505 (5 LMs in 0.02sec)
#points w/ large errors:	330
Focal Length : [534.782]->[534.782]
Radial Distortion : [-0.001 -> -1]

#############################
#32: [WIN..3_Pro] sees 2737 (+1954) 3D points
Estimated Focal Length [535][0.84N]
# 624 projs (0 pts and 7 merges)
PBA: 5558 3D pts, 32 cams and 36827 projs...
PBA: 3.028 -> 2.401 (20 LMs in 0.19sec)
#points w/ large errors:	469
Focal Length : [534.782]->[534.782]
Radial Distortion : [-0.001 -> -1]

#############################
#33: [WIN..o (2)] sees 2984 (+3014) 3D points
Estimated Focal Length [535][0.84N]
# 619 projs (0 pts and 5 merges)
SKIP: 0 cams, 8970 points, 7268 projs
PBA: 9265 3D pts, 20 cams and 42282 projs...
PBA: 2.017 -> 1.725 (5 LMs in 0.02sec)
#points w/ large errors:	98
Focal Length : [534.782]->[534.782]
Radial Distortion : [-0.001 -> -1]

#############################
#34: [WIN..9_Pro] sees 2986 (+2662) 3D points
Estimated Focal Length [535][0.84N]
# 791 projs (0 pts and 2 merges)
SKIP: 0 cams, 9549 points, 6223 projs
PBA: 8693 3D pts, 20 cams and 41307 projs...
PBA: 2.152 -> 1.847 (5 LMs in 0.01sec)
#points w/ large errors:	57
#unstable points removed:	1

**************************************
#34/34:  42995 projs and 10344 pts added.
PBA: 19541 3D pts, 34 cams and 86696 projs...
PBA: 18.439 -> 5.537 (27 LMs in 0.22sec)
#points w/ large errors:	374
#unstable points removed:	35
PBA: 19132 3D pts, 34 cams and 83820 projs...
PBA: 5.581 -> 5.581 (14 LMs in 0.15sec)
#points w/ large errors:	64
#unstable points removed:	1
Focal Length : [534.782]->[534.782]
Radial Distortion : [-0.001 -> -1]

#############################
#35: [WIN..2_Pro] sees 9992 (+2355) 3D points
Estimated Focal Length [535][0.84N]
# 2656 projs (0 pts and 52 merges)
SKIP: 0 cams, 3319 points, 7177 projs
PBA: 16090 3D pts, 20 cams and 78933 projs...
PBA: 6.672 -> 6.228 (5 LMs in 0.02sec)
#points w/ large errors:	3218
#unstable points removed:	2
Focal Length : [534.782]->[534.782]
Radial Distortion : [-0.001 -> -1]

#############################
#36: [WIN..1_Pro] sees 3634 (+1031) 3D points
Estimated Focal Length [535][0.84N]
# 1679 projs (0 pts and 18 merges)
SKIP: 0 cams, 6892 points, 25550 projs
PBA: 12567 3D pts, 20 cams and 61904 projs...
PBA: 4.243 -> 3.766 (5 LMs in 0.08sec)
#points w/ large errors:	1270
Focal Length : [534.782]->[534.782]
Radial Distortion : [-0.001 -> -1]

#############################
#37: [WIN..7_Pro] sees 3326 (+1237) 3D points
Estimated Focal Length [535][0.84N]
# 1052 projs (0 pts and 15 merges)
SKIP: 0 cams, 8590 points, 21112 projs
PBA: 10871 3D pts, 20 cams and 49413 projs...
PBA: 2.870 -> 2.450 (5 LMs in 0.03sec)
#points w/ large errors:	457
#unstable points removed:	7
Focal Length : [534.782]->[534.782]
Radial Distortion : [-0.001 -> -1]

#############################
#38: [WIN..8_Pro] sees 3077 (+1827) 3D points
Estimated Focal Length [535][0.84N]
# 1091 projs (0 pts and 9 merges)
SKIP: 0 cams, 9871 points, 14602 projs
PBA: 9604 3D pts, 20 cams and 44890 projs...
PBA: 2.822 -> 2.424 (5 LMs in 0.03sec)
#points w/ large errors:	269
Focal Length : [534.782]->[534.782]
Radial Distortion : [-0.001 -> -1]

#############################
#39: [WIN..4_Pro] sees 2908 (+1011) 3D points
Estimated Focal Length [535][0.84N]
# 819 projs (0 pts and 12 merges)
PBA: 6547 3D pts, 39 cams and 41402 projs...
PBA: 2.673 -> 2.254 (20 LMs in 0.10sec)
#points w/ large errors:	447
Focal Length : [534.782]->[534.782]
Radial Distortion : [-0.001 -> -1]

#############################
#40: [WIN..7_Pro] sees 2570 (+1174) 3D points
Estimated Focal Length [535][0.84N]
# 772 projs (0 pts and 13 merges)
SKIP: 0 cams, 11404 points, 16912 projs
PBA: 8085 3D pts, 20 cams and 39362 projs...
PBA: 2.023 -> 1.813 (5 LMs in 0.06sec)
#points w/ large errors:	108
Focal Length : [534.782]->[534.782]
Radial Distortion : [-0.001 -> -1]

#############################
#41: [WIN..2_Pro] sees 2760 (+1103) 3D points
Estimated Focal Length [535][0.84N]
# 786 projs (0 pts and 6 merges)
SKIP: 0 cams, 11919 points, 15799 projs
PBA: 7571 3D pts, 20 cams and 38213 projs...
PBA: 1.994 -> 1.917 (5 LMs in 0.02sec)
#points w/ large errors:	114
Focal Length : [534.782]->[534.782]
Radial Distortion : [-0.001 -> -1]

#############################
#42: [WIN..8_Pro] sees 1265 (+805) 3D points
Estimated Focal Length [535][0.84N]
# 327 projs (0 pts and 0 merges)
SKIP: 0 cams, 12674 points, 18032 projs
PBA: 6829 3D pts, 20 cams and 35421 projs...
PBA: 1.871 -> 1.835 (5 LMs in 0.03sec)
#points w/ large errors:	116
Focal Length : [534.782]->[534.782]
Radial Distortion : [-0.001 -> -1]

#############################
#43: [WIN..9_Pro] sees 1124 (+768) 3D points
Estimated Focal Length [535][0.84N]
# 335 projs (0 pts and 2 merges)
SKIP: 0 cams, 13589 points, 20934 projs
PBA: 5920 3D pts, 20 cams and 31647 projs...
PBA: 1.934 -> 1.770 (5 LMs in 0.03sec)
#points w/ large errors:	62

**************************************
#43/43:  55875 projs and 13481 pts added.
PBA: 23747 3D pts, 43 cams and 104188 projs...
PBA: 10.981 -> 5.016 (23 LMs in 0.19sec)
#points w/ large errors:	503
#unstable points removed:	17
PBA: 23227 3D pts, 43 cams and 99231 projs...
PBA: 5.054 -> 5.049 (14 LMs in 0.11sec)
#points w/ large errors:	92
Focal Length : [534.782]->[534.782]
Radial Distortion : [-0.001 -> -1]

#############################
#44: [WIN..5_Pro] sees 3486 (+596) 3D points
Estimated Focal Length [535][0.84N]
# 1502 projs (0 pts and 42 merges)
SKIP: 0 cams, 7405 points, 19736 projs
PBA: 16129 3D pts, 20 cams and 80543 projs...
PBA: 6.391 -> 6.076 (5 LMs in 0.13sec)
#points w/ large errors:	4600
Focal Length : [534.782]->[534.782]
Radial Distortion : [-0.001 -> -1]

#############################
#45: [WIN..5_Pro] sees 2961 (+676) 3D points
Estimated Focal Length [535][0.84N]
# 949 projs (0 pts and 13 merges)
SKIP: 0 cams, 12137 points, 50996 projs
PBA: 11466 3D pts, 20 cams and 49579 projs...
PBA: 3.266 -> 3.022 (5 LMs in 0.02sec)
#points w/ large errors:	632
Focal Length : [534.782]->[534.782]
Radial Distortion : [-0.001 -> -1]

#############################
#46: [WIN..3_Pro] sees 2042 (+615) 3D points
Estimated Focal Length [535][0.84N]
# 524 projs (0 pts and 9 merges)
SKIP: 0 cams, 13032 points, 24481 projs
PBA: 10586 3D pts, 20 cams and 44929 projs...
PBA: 2.473 -> 2.409 (5 LMs in 0.03sec)
#points w/ large errors:	278
Focal Length : [534.782]->[534.782]
Radial Distortion : [-0.001 -> -1]

#############################
#47: [WIN..1_Pro] sees 944 (+497) 3D points
Estimated Focal Length [535][0.84N]
# 416 projs (0 pts and 6 merges)
SKIP: 0 cams, 13682 points, 22883 projs
PBA: 9946 3D pts, 20 cams and 42325 projs...
PBA: 2.298 -> 2.213 (5 LMs in 0.03sec)
#points w/ large errors:	217
Focal Length : [534.782]->[534.782]
Radial Distortion : [-0.001 -> -1]

#############################
#48: [WIN..8_Pro] sees 729 (+477) 3D points
Estimated Focal Length [535][0.84N]
# 230 projs (0 pts and 0 merges)
PBA: 7873 3D pts, 48 cams and 41992 projs...
PBA: 2.095 -> 1.808 (21 LMs in 0.14sec)
#points w/ large errors:	318
Focal Length : [534.782]->[534.782]
Radial Distortion : [-0.001 -> -1]

#############################
#49: [WIN..1_Pro] sees 288 (+281) 3D points
Estimated Focal Length [535][0.84N]
# 61 projs (0 pts and 0 merges)
SKIP: 0 cams, 14732 points, 23685 projs
PBA: 8880 3D pts, 20 cams and 36946 projs...
PBA: 1.673 -> 1.601 (5 LMs in 0.01sec)
#points w/ large errors:	118
Focal Length : [534.782]->[534.782]
Radial Distortion : [-0.001 -> -1]

#############################
#50: [WIN..5_Pro] sees 208 (+112) 3D points
Estimated Focal Length [535][0.84N]
# 62 projs (0 pts and 0 merges)
SKIP: 0 cams, 14272 points, 20873 projs
PBA: 9351 3D pts, 20 cams and 38226 projs...
PBA: 1.446 -> 1.418 (5 LMs in 0.01sec)
#points w/ large errors:	31
Focal Length : [534.782]->[534.782]
Radial Distortion : [-0.001 -> -1]

^^^^^^^^^^^^^^^^^^^^^^^^^^^^^^^^
#50/50:  32286 projs and 6664 pts added.
PBA: 22381 3D pts, 50 cams and 89003 projs...
PBA: 7.976 -> 3.866 (44 LMs in 0.24sec)
#points w/ large errors:	363
PBA: 22018 3D pts, 50 cams and 85879 projs...
PBA: 3.800 -> 3.777 (17 LMs in 0.16sec)
#points w/ large errors:	144
END: No more images to add [0 projs]

#############################
Failed to find two images for initialization
Resuming SfM finished, 13 sec used

---------------------------------------------------
50 cams, 23763 pts (3+: 10833)
85895 projections (3+: 62690)
---------------------------------------------------
1 model(s) reconstructed from 50 images;
50 modeled; 0 reused; 0 EXIF; 
6MB(6) used to store feature location.
---------------------------------------------------

########-------timing------#########
Structure-From-Motion finished, 13 sec used
10.1(8.7) seconds on Bundle Adjustment (+)
8.9(8.0) seconds on Bundle Adjustment (*)
#############################
----------------------------------------------------------------
Run full 3D reconstruction, finished
Totally 13.000 seconds used


Run dense reconstruction, begin...
Save to 3free.nvm ... done

#############################
Undistorting 50 images in model #0
param_undistortion_thread_num = 0
NOTE: using 16 threads...
#00: WIN..6_Pro -> 00000000.jpg, 0.045 sec
#01: WIN..9_Pro -> 00000002.jpg, 0.061 sec
#09: WIN..7_Pro -> 00000018.jpg, 0.063 sec
#14: WIN..4_Pro -> 00000014.jpg, 0.063 sec
#04: WIN..9_Pro -> 00000004.jpg, 0.064 sec
#06: WIN..1_Pro -> 00000005.jpg, 0.064 sec
#08: WIN..0_Pro -> 00000008.jpg, 0.065 sec
#02: WIN..5_Pro -> 00000003.jpg, 0.066 sec
#05: WIN..6_Pro -> 00000016.jpg, 0.067 sec
#00: WIN..8_Pro -> 00000001.jpg, 0.015 sec
#13: WIN..1_Pro -> 00000012.jpg, 0.068 sec
#10: WIN..5_Pro -> 00000009.jpg, 0.068 sec
#03: WIN..4_Pro -> 00000020.jpg, 0.068 sec
#12: WIN..o (2) -> 00000019.jpg, 0.069 sec
#15: WIN..8_Pro -> 00000015.jpg, 0.070 sec
#07: WIN..3_Pro -> 00000007.jpg, 0.074 sec
#11: WIN..0_Pro -> 00000011.jpg, 0.075 sec
#01: WIN..2_Pro -> 00000021.jpg, 0.048 sec
#09: WIN..o (2) -> 00000023.jpg, 0.051 sec
#14: WIN..4_Pro -> 00000025.jpg, 0.054 sec
#06: WIN..2_Pro -> 00000006.jpg, 0.054 sec
#04: WIN..7_Pro -> 00000027.jpg, 0.059 sec
#08: WIN..0_Pro -> 00000029.jpg, 0.061 sec
#02: WIN..3_Pro -> 00000031.jpg, 0.065 sec
#05: WIN..7_Pro -> 00000017.jpg, 0.063 sec
#00: WIN..9_Pro -> 00000033.jpg, 0.061 sec
#13: WIN..2_Pro -> 00000013.jpg, 0.062 sec
#12: WIN..8_Pro -> 00000037.jpg, 0.063 sec
#10: WIN..o (2) -> 00000010.jpg, 0.068 sec
#03: WIN..1_Pro -> 00000035.jpg, 0.064 sec
#15: WIN..7_Pro -> 00000039.jpg, 0.058 sec
#11: WIN..5_Pro -> 00000043.jpg, 0.059 sec
#07: WIN..8_Pro -> 00000041.jpg, 0.064 sec
#01: WIN..6_Pro -> 00000022.jpg, 0.059 sec
#09: WIN..6_Pro -> 00000024.jpg, 0.060 sec
#14: WIN..1_Pro -> 00000026.jpg, 0.060 sec
#06: WIN..3_Pro -> 00000045.jpg, 0.059 sec
#04: WIN..0_Pro -> 00000028.jpg, 0.056 sec
#08: WIN..9_Pro -> 00000030.jpg, 0.058 sec
#02: WIN..o (2) -> 00000032.jpg, 0.059 sec
#05: WIN..8_Pro -> 00000047.jpg, 0.055 sec
#00: WIN..2_Pro -> 00000034.jpg, 0.058 sec
#13: WIN..5_Pro -> 00000049.jpg, 0.057 sec
#12: WIN..4_Pro -> 00000038.jpg, 0.060 sec
#03: WIN..7_Pro -> 00000036.jpg, 0.058 sec
#15: WIN..2_Pro -> 00000040.jpg, 0.056 sec
#11: WIN..5_Pro -> 00000044.jpg, 0.052 sec
#07: WIN..9_Pro -> 00000042.jpg, 0.052 sec
#06: WIN..1_Pro -> 00000046.jpg, 0.048 sec
#05: WIN..1_Pro -> 00000048.jpg, 0.044 sec
----------------------------------------------------------------
Running Yasutaka Furukawa's CMVS tool...
cmvs "C:\Users\86186\Desktop\VisualSFM_windows_cuda_64bit\meshlab test\3free.nvm.cmvs\00\\" 50 16
genOption "C:\Users\86186\Desktop\VisualSFM_windows_cuda_64bit\meshlab test\3free.nvm.cmvs\00\\" 1 2 0.700000 7 3 16
1 cluster is generated for pmvs reconstruction.
pmvs2 "C:\Users\86186\Desktop\VisualSFM_windows_cuda_64bit\meshlab test\3free.nvm.cmvs\00\\" option-0000
This may take a little more time, waiting...
8 seconds were used by PMVS
Loading option-0000.ply, 14967 vertices ...

#############################
You can manually remove bad MVS points:
1. Switch to dense MVS points mode;
2. Hit F1 key to enter the selection mode;
3. Select points by dragging a rectangle;
4. Hit DELETE to delete the selected points.

#############################
Save to 3free.nvm ... done
Save C:\Users\86186\Desktop\VisualSFM_windows_cuda_64bit\meshlab test\3free.0.ply ...done
----------------------------------------------------------------
Run dense reconstruction, finished
Totally 12.000 seconds used

