
Modifying Calibration, begin...
fx = 431.910034, cx = 320.912781
fy = 431.910034, cy = 243.323013
radial_distortion = 0.000000
----------------------------------------------------------------
Modifying Calibration, finished
Totally 0.000 seconds used

0: sofa (1)
image_size:	640x480
1: sofa (2)
image_size:	640x480
2: sofa (3)
image_size:	640x480
3: sofa (4)
image_size:	640x480
4: sofa (5)
image_size:	640x480
5: sofa (6)
image_size:	640x480
6: sofa (7)
image_size:	640x480
7: sofa (8)
image_size:	640x480
8: sofa (9)
image_size:	640x480
9: sofa (10)
image_size:	640x480
10: sofa (11)
image_size:	640x480
11: sofa (12)
image_size:	640x480
12: sofa (13)
image_size:	640x480
13: sofa (14)
image_size:	640x480
14: sofa (15)
image_size:	640x480
15: sofa (16)
image_size:	640x480
16: sofa (17)
image_size:	640x480
17: sofa (18)
image_size:	640x480
18: sofa (19)
image_size:	640x480
19: sofa (20)
image_size:	640x480
20: sofa (21)
image_size:	640x480
21: sofa (22)
image_size:	640x480
22: sofa (23)
image_size:	640x480
23: sofa (24)
image_size:	640x480
24: sofa (25)
image_size:	640x480
25: sofa (26)
image_size:	640x480
26: sofa (27)
image_size:	640x480
27: sofa (28)
image_size:	640x480
28: sofa (29)
image_size:	640x480
29: sofa (30)
image_size:	640x480
30: sofa (31)
image_size:	640x480
31: sofa (32)
image_size:	640x480
32: sofa (33)
image_size:	640x480
33: sofa (34)
image_size:	640x480
34: sofa (35)
image_size:	640x480
35: sofa (36)
image_size:	640x480
**************************************
Change the number of pixel-loaded images by 
modifying param_visual_data_budget in nv.ini
Use the PAUSE button to skip the pixel loading
**************************************
Loading image pixel data ...done in 0s

Compute Missing Pairwise Matching, begin...
********* WARNING ***********
More than 112MB of graphic memory may be allocated
under the default settings. If the program halts here,
adjust parameters to save memory and rerun the task: 
    [Tools->Enable GPU->Set Maximum DIM]
Note some octaves may be automatically skipped
SIFT: 0000, 640x480, 	6790, 0.87sec
SIFT: 0001, 640x480, 	5773, 0.12sec
SIFT: 0002, 640x480, 	6075, 0.12sec
SIFT: 0003, 640x480, 	6039, 0.11sec
SIFT: 0004, 640x480, 	6673, 0.12sec
SIFT: 0005, 640x480, 	6944, 0.13sec
SIFT: 0006, 640x480, 	6873, 0.12sec
SIFT: 0007, 640x480, 	7310, 0.13sec
SIFT: 0008, 640x480, 	7012, 0.11sec
SIFT: 0009, 640x480, 	7524, 0.13sec
SIFT: 0010, 640x480, 	7182, 0.13sec
SIFT: 0011, 640x480, 	7230, 0.14sec
SIFT: 0012, 640x480, 	6760, 0.14sec
SIFT: 0013, 640x480, 	6781, 0.12sec
SIFT: 0014, 640x480, 	6984, 0.12sec
SIFT: 0015, 640x480, 	5757, 0.11sec
SIFT: 0016, 640x480, 	5542, 0.11sec
SIFT: 0017, 640x480, 	6276, 0.12sec
SIFT: 0018, 640x480, 	6305, 0.12sec
SIFT: 0019, 640x480, 	6298, 0.12sec
SIFT: 0020, 640x480, 	7233, 0.13sec
SIFT: 0021, 640x480, 	6347, 0.10sec
SIFT: 0022, 640x480, 	7496, 0.13sec
SIFT: 0023, 640x480, 	7736, 0.12sec
SIFT: 0024, 640x480, 	7802, 0.12sec
SIFT: 0025, 640x480, 	7829, 0.15sec
SIFT: 0026, 640x480, 	7759, 0.14sec
SIFT: 0027, 640x480, 	7643, 0.14sec
SIFT: 0028, 640x480, 	7114, 0.13sec
SIFT: 0029, 640x480, 	7129, 0.12sec
SIFT: 0030, 640x480, 	7109, 0.12sec
SIFT: 0031, 640x480, 	7140, 0.12sec
SIFT: 0032, 640x480, 	6879, 0.11sec
SIFT: 0033, 640x480, 	6365, 0.10sec
SIFT: 0034, 640x480, 	6685, 0.12sec
SIFT: 0035, 640x480, 	6790, 0.12sec

###########-------timing------#########
36 Feature Detection finished, 6 sec used
#############################

630 pairs to compute match
NOTE: using 3 matching workers
0002 and 0003: 1738 matches, 0.09sec, #1
0000 and 0003: 531 matches, 0.09sec, #2
0002 and 0003: [1638/1738], H[832], 0.01sec
0000 and 0003: [425/531], H[212], 0.00sec
0000 and 0004: 529 matches, 0.09sec, #1
0001 and 0003: 1029 matches, 0.08sec, #2
0000 and 0004: [373/529], H[115], 0.00sec
0001 and 0003: [932/1029], H[618], 0.01sec
0000 and 0001: 1377 matches, 0.28sec, #0
0000 and 0001: [1220/1377], H[366], 0.01sec
0001 and 0004: 867 matches, 0.09sec, #1
0001 and 0006: 316 matches, 0.09sec, #2
0000 and 0002: 1079 matches, 0.12sec, #0
0001 and 0004: [718/867], H[293], 0.00sec
0001 and 0006: [224/316], H[112], 0.00sec
0000 and 0002: [959/1079], H[509], 0.01sec
0001 and 0002: 2128 matches, 0.07sec, #0
0001 and 0002: [2016/2128], H[617], 0.02sec
0002 and 0004: 1450 matches, 0.12sec, #1
0002 and 0004: [1305/1450], H[510], 0.01sec
0002 and 0006: 484 matches, 0.14sec, #2
0005 and 0007: 2248 matches, 0.10sec, #0
0002 and 0006: [377/484], H[139], 0.00sec
0005 and 0007: [2115/2248], H[359], 0.02sec
0003 and 0004: 2129 matches, 0.08sec, #1
0003 and 0006: 836 matches, 0.07sec, #2
0003 and 0006: [671/836], H[322], 0.00sec
0003 and 0004: [1993/2129], H[809], 0.01sec
0006 and 0007: 2463 matches, 0.13sec, #0
0006 and 0007: [2370/2463], H[933], 0.02sec
0004 and 0006: 1201 matches, 0.10sec, #2
0004 and 0006: [1073/1201], H[687], 0.01sec
0000 and 0005: 365 matches, 0.12sec, #1
0000 and 0008: 209 matches, 0.14sec, #0
0000 and 0005: [224/365], H[86], 0.01sec
0000 and 0008: [99/209], H[42], 0.02sec
0005 and 0006: 2438 matches, 0.11sec, #2
0001 and 0005: 519 matches, 0.10sec, #1
0001 and 0008: 232 matches, 0.15sec, #0
0001 and 0005: [401/519], H[181], 0.01sec
0005 and 0006: [2319/2438], H[839], 0.01sec
0001 and 0008: [155/232], H[62], 0.00sec
0002 and 0005: 862 matches, 0.15sec, #1
0000 and 0007: 245 matches, 0.15sec, #2
0002 and 0005: [713/862], H[541], 0.01sec
0002 and 0008: 375 matches, 0.15sec, #0
0000 and 0007: [131/245], H[31], 0.01sec
0002 and 0008: [287/375], H[82], 0.00sec
0003 and 0005: 1265 matches, 0.10sec, #1
0001 and 0007: 292 matches, 0.10sec, #2
0003 and 0005: [1144/1265], H[280], 0.01sec
0003 and 0008: 582 matches, 0.14sec, #0
0001 and 0007: [203/292], H[87], 0.00sec
0003 and 0008: [473/582], H[131], 0.01sec
0004 and 0005: 2218 matches, 0.10sec, #1
0002 and 0007: 467 matches, 0.10sec, #2
0004 and 0005: [2079/2218], H[797], 0.01sec
0004 and 0008: 929 matches, 0.14sec, #0
0002 and 0007: [377/467], H[226], 0.00sec
0004 and 0008: [815/929], H[371], 0.01sec
0000 and 0006: 222 matches, 0.09sec, #1
0003 and 0007: 750 matches, 0.10sec, #2
0003 and 0007: [615/750], H[209], 0.00sec
0000 and 0006: [125/222], H[25], 0.01sec
0005 and 0008: 1624 matches, 0.16sec, #0
0005 and 0008: [1482/1624], H[1083], 0.01sec
0004 and 0007: 1135 matches, 0.11sec, #2
0000 and 0009: 185 matches, 0.12sec, #1
0004 and 0007: [1009/1135], H[316], 0.01sec
0006 and 0008: 1870 matches, 0.16sec, #0
0000 and 0009: [84/185], H[36], 0.02sec
0006 and 0008: [1777/1870], H[619], 0.01sec
0001 and 0010: 120 matches, 0.12sec, #2
0001 and 0010: [62/120], H[15], 0.01sec
0007 and 0008: 2816 matches, 0.12sec, #0
0007 and 0008: [2716/2816], H[880], 0.02sec
0001 and 0009: 191 matches, 0.17sec, #1
0001 and 0009: [102/191], H[28], 0.01sec
0002 and 0010: 143 matches, 0.06sec, #2
0002 and 0010: [81/143], H[20], 0.01sec
0001 and 0011: 137 matches, 0.14sec, #0
0001 and 0011: [75/137], H[11], 0.01sec
0002 and 0009: 268 matches, 0.09sec, #1
0003 and 0010: 232 matches, 0.10sec, #2
0002 and 0009: [174/268], H[94], 0.00sec
0002 and 0011: 191 matches, 0.10sec, #0
0003 and 0010: [159/232], H[34], 0.00sec
0002 and 0011: [119/191], H[23], 0.01sec
0003 and 0009: 329 matches, 0.10sec, #1
0004 and 0010: 244 matches, 0.10sec, #2
0003 and 0009: [257/329], H[73], 0.00sec
0003 and 0011: 252 matches, 0.14sec, #0
0004 and 0010: [169/244], H[60], 0.00sec
0003 and 0011: [158/252], H[53], 0.00sec
0004 and 0009: 528 matches, 0.10sec, #1
0005 and 0010: 463 matches, 0.11sec, #2
0004 and 0009: [423/528], H[173], 0.00sec
0005 and 0010: [375/463], H[97], 0.00sec
0004 and 0011: 292 matches, 0.15sec, #0
0004 and 0011: [194/292], H[80], 0.01sec
0005 and 0009: 1051 matches, 0.12sec, #1
0006 and 0010: 760 matches, 0.12sec, #2
0005 and 0009: [909/1051], H[263], 0.01sec
0006 and 0010: [666/760], H[171], 0.01sec
0005 and 0011: 484 matches, 0.17sec, #0
0005 and 0011: [376/484], H[197], 0.01sec
0006 and 0009: 1328 matches, 0.13sec, #1
0007 and 0010: 942 matches, 0.14sec, #2
0006 and 0009: [1220/1328], H[571], 0.01sec
0006 and 0011: 611 matches, 0.15sec, #0
0007 and 0010: [840/942], H[350], 0.01sec
0006 and 0011: [515/611], H[206], 0.01sec
0007 and 0011: 793 matches, 0.10sec, #0
0007 and 0011: [629/793], H[423], 0.01sec
0007 and 0009: 2218 matches, 0.16sec, #1
0008 and 0010: 1078 matches, 0.16sec, #2
0008 and 0010: [994/1078], H[109], 0.01sec
0008 and 0011: 1021 matches, 0.11sec, #0
0007 and 0009: [2094/2218], H[369], 0.01sec
0008 and 0011: [890/1021], H[270], 0.01sec
0009 and 0011: 1767 matches, 0.10sec, #0
0009 and 0011: [1650/1767], H[366], 0.01sec
0009 and 0010: 2220 matches, 0.17sec, #2
0008 and 0009: 2461 matches, 0.18sec, #1
0009 and 0010: [2071/2220], H[551], 0.01sec
0010 and 0011: 2724 matches, 0.11sec, #0
0008 and 0009: [2347/2461], H[844], 0.01sec
0010 and 0011: [2611/2724], H[1258], 0.02sec
0000 and 0011: 121 matches, 0.12sec, #2
0000 and 0010: 114 matches, 0.13sec, #1
0000 and 0012: 82 matches, 0.14sec, #0
0000 and 0011: [58/121], H[10], 0.04sec
0000 and 0012: [32/82], H[9], 0.04sec
0000 and 0010: [51/114], H[7], 0.04sec
0010 and 0012: 1375 matches, 0.12sec, #2
0008 and 0013: 412 matches, 0.12sec, #1
0010 and 0012: [1296/1375], H[288], 0.01sec
0001 and 0012: 80 matches, 0.15sec, #0
0008 and 0013: [330/412], H[140], 0.00sec
0001 and 0012: [41/80], H[12], 0.01sec
0011 and 0012: 1771 matches, 0.10sec, #2
0009 and 0013: 688 matches, 0.12sec, #1
0002 and 0012: 103 matches, 0.14sec, #0
0009 and 0013: [551/688], H[200], 0.01sec
0011 and 0012: [1667/1771], H[675], 0.01sec
0002 and 0012: [46/103], H[14], 0.02sec
0000 and 0013: 69 matches, 0.13sec, #2
0010 and 0013: 936 matches, 0.14sec, #1
0003 and 0012: 134 matches, 0.13sec, #0
0010 and 0013: [821/936], H[75], 0.01sec
0003 and 0012: [84/134], H[40], 0.00sec
0011 and 0013: 1438 matches, 0.06sec, #1
0000 and 0013: [28/69], H[6], 0.08sec
0004 and 0012: 149 matches, 0.13sec, #0
0011 and 0013: [1302/1438], H[165], 0.01sec
0004 and 0012: [102/149], H[12], 0.01sec
0001 and 0013: 84 matches, 0.08sec, #2
0012 and 0013: 1916 matches, 0.07sec, #1
0005 and 0012: 236 matches, 0.12sec, #0
0005 and 0012: [178/236], H[46], 0.00sec
0012 and 0013: [1837/1916], H[258], 0.01sec
0001 and 0013: [31/84], H[9], 0.05sec
0000 and 0014: 90 matches, 0.07sec, #1
0006 and 0012: 320 matches, 0.12sec, #0
0006 and 0012: [253/320], H[83], 0.00sec
0000 and 0014: [30/90], H[16], 0.06sec
0002 and 0013: 105 matches, 0.06sec, #2
0007 and 0012: 356 matches, 0.12sec, #0
0007 and 0012: [287/356], H[91], 0.01sec
0002 and 0013: [47/105], H[9], 0.03sec
0001 and 0014: 94 matches, 0.10sec, #1
0003 and 0013: 139 matches, 0.08sec, #2
0008 and 0012: 498 matches, 0.13sec, #0
0008 and 0012: [401/498], H[279], 0.00sec
0003 and 0013: [74/139], H[21], 0.01sec
0001 and 0014: [38/94], H[18], 0.05sec
0009 and 0012: 835 matches, 0.11sec, #0
0009 and 0012: [749/835], H[226], 0.01sec
0004 and 0013: 156 matches, 0.12sec, #2
0002 and 0014: 113 matches, 0.06sec, #1
0004 and 0013: [94/156], H[38], 0.00sec
0005 and 0014: 232 matches, 0.11sec, #0
0005 and 0014: [144/232], H[21], 0.01sec
0005 and 0013: 201 matches, 0.09sec, #2
0002 and 0014: [43/113], H[9], 0.10sec
0005 and 0013: [133/201], H[64], 0.00sec
0006 and 0014: 255 matches, 0.10sec, #0
0006 and 0014: [191/255], H[65], 0.00sec
0003 and 0014: 120 matches, 0.09sec, #1
0006 and 0013: 245 matches, 0.10sec, #2
0003 and 0014: [60/120], H[15], 0.01sec
0007 and 0014: 359 matches, 0.12sec, #0
0006 and 0013: [175/245], H[53], 0.00sec
0007 and 0014: [248/359], H[70], 0.00sec
0004 and 0014: 161 matches, 0.09sec, #1
0007 and 0013: 326 matches, 0.11sec, #2
0007 and 0013: [251/326], H[126], 0.00sec
0004 and 0014: [88/161], H[9], 0.01sec
0008 and 0014: 449 matches, 0.16sec, #0
0008 and 0014: [321/449], H[95], 0.01sec
0001 and 0015: 46 matches, 0.10sec, #2
0011 and 0015: 700 matches, 0.09sec, #1
0009 and 0014: 739 matches, 0.14sec, #0
0011 and 0015: [612/700], H[78], 0.01sec
0009 and 0014: [599/739], H[81], 0.01sec
0001 and 0015: [14/46], H[6], 0.08sec
0012 and 0015: 1428 matches, 0.06sec, #1
0010 and 0014: 1166 matches, 0.12sec, #0
0012 and 0015: [1332/1428], H[373], 0.01sec
0010 and 0014: [1026/1166], H[336], 0.03sec
0002 and 0015: 52 matches, 0.08sec, #2
0013 and 0015: 1509 matches, 0.08sec, #1
0013 and 0015: [1443/1509], H[529], 0.01sec
0002 and 0015: [22/52], H[9], 0.02sec
0011 and 0014: 1680 matches, 0.12sec, #0
0011 and 0014: [1510/1680], H[260], 0.01sec
0014 and 0015: 1539 matches, 0.08sec, #1
0003 and 0015: 43 matches, 0.08sec, #2
0012 and 0014: 1705 matches, 0.13sec, #0
0014 and 0015: [1482/1539], H[625], 0.01sec
0003 and 0015: [24/43], H[7], 0.01sec
0012 and 0014: [1602/1705], H[332], 0.01sec
0000 and 0016: 36 matches, 0.08sec, #1
0004 and 0015: 72 matches, 0.09sec, #2
0013 and 0014: 2317 matches, 0.13sec, #0
0000 and 0016: [15/36], H[8], 0.02sec
0004 and 0015: [34/72], H[13], 0.01sec
0013 and 0014: [2210/2317], H[1163], 0.01sec
0001 and 0016: 38 matches, 0.08sec, #1
0005 and 0015: 91 matches, 0.10sec, #2
0000 and 0015: 43 matches, 0.13sec, #0
0001 and 0016: [19/38], H[8], 0.01sec
0005 and 0015: [51/91], H[22], 0.01sec
0000 and 0015: [15/43], H[4], 0.06sec
0002 and 0016: 42 matches, 0.08sec, #1
0002 and 0016: [21/42], H[4], 0.02sec
0006 and 0015: 119 matches, 0.11sec, #2
0006 and 0016: 112 matches, 0.08sec, #0
0006 and 0015: [82/119], H[21], 0.00sec
0006 and 0016: [70/112], H[36], 0.00sec
0003 and 0016: 50 matches, 0.08sec, #1
0007 and 0015: 143 matches, 0.10sec, #2
0007 and 0016: 129 matches, 0.13sec, #0
0007 and 0015: [103/143], H[45], 0.00sec
0003 and 0016: [26/50], H[8], 0.01sec
0007 and 0016: [92/129], H[29], 0.00sec
0008 and 0015: 180 matches, 0.10sec, #2
0004 and 0016: 66 matches, 0.11sec, #1
0008 and 0015: [126/180], H[55], 0.00sec
0008 and 0016: 139 matches, 0.12sec, #0
0004 and 0016: [32/66], H[14], 0.01sec
0008 and 0016: [98/139], H[30], 0.00sec
0009 and 0015: 334 matches, 0.13sec, #2
0005 and 0016: 89 matches, 0.13sec, #1
0009 and 0015: [255/334], H[32], 0.00sec
0009 and 0016: 295 matches, 0.13sec, #0
0009 and 0016: [226/295], H[42], 0.00sec
0005 and 0016: [49/89], H[14], 0.01sec
0010 and 0015: 534 matches, 0.07sec, #2
0010 and 0016: 501 matches, 0.10sec, #0
0010 and 0015: [469/534], H[84], 0.01sec
0010 and 0016: [434/501], H[101], 0.01sec
0000 and 0017: 83 matches, 0.10sec, #1
0010 and 0017: 1095 matches, 0.09sec, #2
0011 and 0016: 681 matches, 0.12sec, #0
0010 and 0017: [958/1095], H[70], 0.01sec
0011 and 0016: [599/681], H[127], 0.01sec
0000 and 0017: [15/83], H[6], 0.06sec
0011 and 0017: 1107 matches, 0.10sec, #2
0001 and 0017: 75 matches, 0.08sec, #1
0011 and 0017: [980/1107], H[170], 0.01sec
0012 and 0016: 1061 matches, 0.14sec, #0
0012 and 0016: [974/1061], H[122], 0.01sec
0001 and 0017: [19/75], H[7], 0.08sec
0012 and 0017: 1232 matches, 0.08sec, #2
0013 and 0016: 1081 matches, 0.09sec, #0
0012 and 0017: [1059/1232], H[217], 0.01sec
0013 and 0016: [1001/1081], H[192], 0.01sec
0002 and 0017: 93 matches, 0.10sec, #1
0013 and 0017: 1042 matches, 0.08sec, #2
0014 and 0016: 1189 matches, 0.10sec, #0
0013 and 0017: [953/1042], H[104], 0.01sec
0014 and 0016: [1115/1189], H[259], 0.01sec
0002 and 0017: [34/93], H[12], 0.04sec
0014 and 0017: 1767 matches, 0.08sec, #2
0015 and 0016: 1866 matches, 0.09sec, #0
0014 and 0017: [1616/1767], H[196], 0.02sec
0015 and 0016: [1790/1866], H[1222], 0.01sec
0003 and 0017: 87 matches, 0.09sec, #1
0003 and 0017: [38/87], H[11], 0.02sec
0015 and 0017: 1154 matches, 0.09sec, #2
0003 and 0018: 94 matches, 0.11sec, #0
0015 and 0017: [1086/1154], H[174], 0.01sec
0003 and 0018: [40/94], H[6], 0.07sec
0004 and 0017: 125 matches, 0.09sec, #1
0016 and 0017: 1076 matches, 0.08sec, #2
0004 and 0017: [53/125], H[20], 0.04sec
0016 and 0017: [999/1076], H[246], 0.01sec
0004 and 0018: 131 matches, 0.08sec, #0
0005 and 0017: 172 matches, 0.09sec, #1
0000 and 0018: 79 matches, 0.09sec, #2
0005 and 0017: [101/172], H[15], 0.00sec
0004 and 0018: [59/131], H[33], 0.01sec
0000 and 0018: [24/79], H[7], 0.06sec
0006 and 0017: 223 matches, 0.07sec, #1
0005 and 0018: 190 matches, 0.12sec, #0
0006 and 0017: [162/223], H[103], 0.00sec
0005 and 0018: [126/190], H[21], 0.01sec
0001 and 0018: 78 matches, 0.06sec, #2
0007 and 0017: 317 matches, 0.08sec, #1
0001 and 0018: [27/78], H[12], 0.05sec
0007 and 0017: [213/317], H[87], 0.00sec
0006 and 0018: 207 matches, 0.13sec, #0
0006 and 0018: [155/207], H[88], 0.00sec
0007 and 0018: 271 matches, 0.09sec, #0
0007 and 0018: [206/271], H[53], 0.00sec
0002 and 0018: 111 matches, 0.13sec, #2
0008 and 0017: 331 matches, 0.14sec, #1
0008 and 0017: [261/331], H[157], 0.00sec
0008 and 0018: 338 matches, 0.09sec, #0
0008 and 0018: [254/338], H[81], 0.00sec
0009 and 0018: 628 matches, 0.09sec, #0
0009 and 0017: 702 matches, 0.10sec, #1
0002 and 0018: [35/111], H[17], 0.12sec
0009 and 0018: [523/628], H[117], 0.00sec
0009 and 0017: [588/702], H[299], 0.00sec
0013 and 0018: 1465 matches, 0.12sec, #2
0013 and 0018: [1235/1465], H[278], 0.01sec
0010 and 0018: 953 matches, 0.14sec, #0
0005 and 0019: 137 matches, 0.14sec, #1
0010 and 0018: [845/953], H[79], 0.01sec
0005 and 0019: [82/137], H[26], 0.01sec
0014 and 0018: 2172 matches, 0.11sec, #2
0006 and 0019: 194 matches, 0.12sec, #1
0014 and 0018: [2045/2172], H[595], 0.01sec
0011 and 0018: 1168 matches, 0.14sec, #0
0006 and 0019: [135/194], H[81], 0.00sec
0011 and 0018: [1034/1168], H[172], 0.01sec
0015 and 0018: 1472 matches, 0.13sec, #2
0012 and 0018: 1181 matches, 0.12sec, #0
0015 and 0018: [1397/1472], H[500], 0.01sec
0012 and 0018: [1096/1181], H[221], 0.01sec
0007 and 0019: 254 matches, 0.14sec, #1
0007 and 0019: [171/254], H[81], 0.00sec
0016 and 0018: 1165 matches, 0.10sec, #2
0015 and 0019: 632 matches, 0.12sec, #0
0016 and 0018: [1051/1165], H[551], 0.01sec
0015 and 0019: [560/632], H[92], 0.00sec
0008 and 0019: 239 matches, 0.12sec, #1
0008 and 0019: [176/239], H[33], 0.00sec
0017 and 0018: 2495 matches, 0.07sec, #2
0016 and 0019: 589 matches, 0.10sec, #0
0016 and 0019: [540/589], H[82], 0.01sec
0017 and 0018: [2415/2495], H[1229], 0.02sec
0009 and 0019: 509 matches, 0.11sec, #1
0009 and 0019: [428/509], H[66], 0.00sec
0000 and 0019: 53 matches, 0.11sec, #2
0017 and 0019: 1398 matches, 0.12sec, #0
0017 and 0019: [1131/1398], H[168], 0.01sec
0010 and 0019: 1013 matches, 0.07sec, #1
0000 and 0019: [16/53], H[8], 0.05sec
0018 and 0019: 1104 matches, 0.08sec, #0
0010 and 0019: [912/1013], H[162], 0.01sec
0018 and 0019: [1004/1104], H[106], 0.01sec
0001 and 0019: 60 matches, 0.10sec, #2
0011 and 0019: 780 matches, 0.12sec, #1
0000 and 0020: 120 matches, 0.14sec, #0
0011 and 0019: [715/780], H[89], 0.01sec
0000 and 0020: [53/120], H[26], 0.02sec
0001 and 0019: [17/60], H[5], 0.07sec
0012 and 0019: 713 matches, 0.08sec, #1
0001 and 0020: 127 matches, 0.10sec, #0
0012 and 0019: [600/713], H[66], 0.01sec
0001 and 0020: [66/127], H[28], 0.01sec
0002 and 0019: 73 matches, 0.11sec, #2
0002 and 0020: 149 matches, 0.12sec, #0
0013 and 0019: 512 matches, 0.13sec, #1
0002 and 0020: [82/149], H[34], 0.01sec
0013 and 0019: [447/512], H[52], 0.01sec
0002 and 0019: [27/73], H[6], 0.04sec
0014 and 0019: 732 matches, 0.08sec, #1
0003 and 0020: 204 matches, 0.11sec, #0
0003 and 0020: [130/204], H[51], 0.01sec
0014 and 0019: [655/732], H[159], 0.02sec
0003 and 0019: 94 matches, 0.06sec, #2
0004 and 0020: 281 matches, 0.11sec, #0
0003 and 0019: [43/94], H[14], 0.03sec
0004 and 0020: [181/281], H[68], 0.01sec
0006 and 0020: 503 matches, 0.11sec, #1
0004 and 0019: 89 matches, 0.09sec, #2
0005 and 0020: 440 matches, 0.12sec, #0
0006 and 0020: [419/503], H[53], 0.00sec
0005 and 0020: [346/440], H[221], 0.00sec
0004 and 0019: [41/89], H[27], 0.05sec
0007 and 0020: 764 matches, 0.08sec, #1
0016 and 0020: 425 matches, 0.12sec, #0
0007 and 0020: [590/764], H[314], 0.01sec
0016 and 0020: [355/425], H[143], 0.01sec
0006 and 0021: 213 matches, 0.11sec, #2
0006 and 0021: [148/213], H[92], 0.00sec
0017 and 0020: 973 matches, 0.13sec, #0
0017 and 0020: [835/973], H[163], 0.01sec
0008 and 0020: 758 matches, 0.18sec, #1
0007 and 0021: 300 matches, 0.05sec, #2
0008 and 0020: [622/758], H[261], 0.00sec
0007 and 0021: [253/300], H[108], 0.00sec
0018 and 0020: 916 matches, 0.11sec, #0
0018 and 0020: [745/916], H[203], 0.01sec
0008 and 0021: 387 matches, 0.11sec, #2
0009 and 0020: 1160 matches, 0.11sec, #1
0008 and 0021: [297/387], H[83], 0.00sec
0009 and 0020: [1024/1160], H[482], 0.01sec
0019 and 0020: 1506 matches, 0.11sec, #0
0019 and 0020: [1413/1506], H[319], 0.01sec
0009 and 0021: 559 matches, 0.11sec, #2
0010 and 0020: 974 matches, 0.11sec, #1
0009 and 0021: [478/559], H[56], 0.00sec
0000 and 0021: 76 matches, 0.12sec, #0
0010 and 0020: [844/974], H[260], 0.01sec
0000 and 0021: [40/76], H[6], 0.03sec
0010 and 0021: 589 matches, 0.11sec, #2
0010 and 0021: [500/589], H[50], 0.00sec
0011 and 0020: 853 matches, 0.11sec, #1
0001 and 0021: 65 matches, 0.11sec, #0
0011 and 0020: [744/853], H[193], 0.01sec
0001 and 0021: [39/65], H[9], 0.01sec
0011 and 0021: 454 matches, 0.13sec, #2
0011 and 0021: [362/454], H[46], 0.00sec
0002 and 0021: 96 matches, 0.10sec, #0
0002 and 0021: [58/96], H[23], 0.00sec
0012 and 0020: 631 matches, 0.14sec, #1
0012 and 0020: [466/631], H[183], 0.01sec
0012 and 0021: 450 matches, 0.07sec, #2
0003 and 0021: 108 matches, 0.09sec, #0
0012 and 0021: [383/450], H[65], 0.01sec
0003 and 0021: [74/108], H[24], 0.00sec
0004 and 0021: 153 matches, 0.11sec, #0
0004 and 0021: [116/153], H[37], 0.00sec
0013 and 0021: 449 matches, 0.13sec, #2
0013 and 0020: 663 matches, 0.17sec, #1
0013 and 0021: [367/449], H[100], 0.00sec
0005 and 0021: 211 matches, 0.08sec, #0
0013 and 0020: [546/663], H[308], 0.00sec
0005 and 0021: [156/211], H[73], 0.00sec
0014 and 0021: 488 matches, 0.10sec, #2
0014 and 0021: [374/488], H[45], 0.01sec
0016 and 0021: 327 matches, 0.11sec, #0
0016 and 0021: [268/327], H[31], 0.00sec
0014 and 0020: 783 matches, 0.17sec, #1
0015 and 0021: 526 matches, 0.08sec, #2
0017 and 0021: 821 matches, 0.09sec, #0
0014 and 0020: [599/783], H[126], 0.01sec
0015 and 0021: [438/526], H[48], 0.00sec
0017 and 0021: [740/821], H[140], 0.01sec
0018 and 0021: 844 matches, 0.11sec, #0
0018 and 0021: [753/844], H[43], 0.01sec
0015 and 0020: 454 matches, 0.17sec, #1
0005 and 0022: 492 matches, 0.17sec, #2
0019 and 0021: 1408 matches, 0.08sec, #0
0015 and 0020: [376/454], H[38], 0.00sec
0005 and 0022: [404/492], H[46], 0.00sec
0019 and 0021: [1341/1408], H[584], 0.01sec
0015 and 0022: 345 matches, 0.11sec, #1
0006 and 0022: 437 matches, 0.14sec, #2
0020 and 0021: 1913 matches, 0.14sec, #0
0015 and 0022: [287/345], H[52], 0.00sec
0006 and 0022: [365/437], H[95], 0.00sec
0020 and 0021: [1819/1913], H[579], 0.01sec
0016 and 0022: 263 matches, 0.07sec, #1
0016 and 0022: [203/263], H[59], 0.00sec
0007 and 0022: 723 matches, 0.15sec, #2
0000 and 0022: 121 matches, 0.14sec, #0
0007 and 0022: [599/723], H[207], 0.01sec
0000 and 0022: [74/121], H[25], 0.01sec
0017 and 0022: 532 matches, 0.14sec, #1
0001 and 0022: 149 matches, 0.12sec, #0
0017 and 0022: [423/532], H[57], 0.01sec
0001 and 0022: [95/149], H[59], 0.00sec
0008 and 0022: 695 matches, 0.21sec, #2
0018 and 0022: 588 matches, 0.09sec, #1
0008 and 0022: [580/695], H[150], 0.01sec
0002 and 0022: 179 matches, 0.11sec, #0
0018 and 0022: [440/588], H[141], 0.00sec
0002 and 0022: [104/179], H[61], 0.01sec
0009 and 0022: 869 matches, 0.13sec, #2
0009 and 0022: [772/869], H[426], 0.01sec
0003 and 0022: 268 matches, 0.13sec, #0
0019 and 0022: 1034 matches, 0.14sec, #1
0003 and 0022: [199/268], H[30], 0.00sec
0019 and 0022: [949/1034], H[247], 0.01sec
0004 and 0022: 357 matches, 0.13sec, #0
0004 and 0022: [275/357], H[179], 0.00sec
0010 and 0022: 687 matches, 0.16sec, #2
0010 and 0022: [588/687], H[171], 0.01sec
0020 and 0022: 2625 matches, 0.15sec, #1
0003 and 0023: 387 matches, 0.11sec, #0
0003 and 0023: [303/387], H[132], 0.00sec
0020 and 0022: [2542/2625], H[1120], 0.02sec
0011 and 0022: 655 matches, 0.14sec, #2
0011 and 0022: [539/655], H[332], 0.00sec
0021 and 0022: 1785 matches, 0.13sec, #1
0004 and 0023: 486 matches, 0.14sec, #0
0004 and 0023: [388/486], H[247], 0.00sec
0021 and 0022: [1666/1785], H[333], 0.05sec
0012 and 0022: 398 matches, 0.08sec, #2
0012 and 0022: [309/398], H[96], 0.01sec
0005 and 0023: 715 matches, 0.13sec, #0
0005 and 0023: [569/715], H[402], 0.01sec
0000 and 0023: 172 matches, 0.13sec, #1
0013 and 0022: 483 matches, 0.14sec, #2
0013 and 0022: [373/483], H[118], 0.00sec
0000 and 0023: [90/172], H[37], 0.01sec
0006 and 0023: 716 matches, 0.15sec, #0
0006 and 0023: [581/716], H[427], 0.01sec
0014 and 0022: 479 matches, 0.13sec, #2
0001 and 0023: 217 matches, 0.14sec, #1
0014 and 0022: [375/479], H[77], 0.00sec
0007 and 0023: 967 matches, 0.16sec, #0
0001 and 0023: [150/217], H[45], 0.00sec
0007 and 0023: [764/967], H[407], 0.01sec
0013 and 0023: 417 matches, 0.11sec, #2
0002 and 0023: 278 matches, 0.08sec, #1
0013 and 0023: [314/417], H[86], 0.00sec
0008 and 0023: 806 matches, 0.12sec, #0
0002 and 0023: [199/278], H[92], 0.00sec
0008 and 0023: [696/806], H[320], 0.01sec
0009 and 0023: 962 matches, 0.11sec, #0
0009 and 0023: [825/962], H[387], 0.01sec
0014 and 0023: 519 matches, 0.17sec, #2
0000 and 0024: 220 matches, 0.18sec, #1
0014 and 0023: [385/519], H[143], 0.01sec
0000 and 0024: [132/220], H[34], 0.00sec
0010 and 0023: 751 matches, 0.12sec, #0
0010 and 0023: [609/751], H[152], 0.01sec
0011 and 0023: 750 matches, 0.12sec, #0
0011 and 0023: [606/750], H[168], 0.01sec
0015 and 0023: 320 matches, 0.15sec, #2
0015 and 0023: [224/320], H[113], 0.01sec
0001 and 0024: 303 matches, 0.23sec, #1
0016 and 0023: 252 matches, 0.08sec, #2
0001 and 0024: [225/303], H[114], 0.00sec
0012 and 0023: 422 matches, 0.15sec, #0
0016 and 0023: [183/252], H[130], 0.00sec
0012 and 0023: [331/422], H[174], 0.00sec
0010 and 0024: 604 matches, 0.15sec, #0
0010 and 0024: [505/604], H[229], 0.01sec
0017 and 0023: 510 matches, 0.17sec, #2
0017 and 0023: [389/510], H[162], 0.00sec
0002 and 0024: 477 matches, 0.20sec, #1
0011 and 0024: 625 matches, 0.13sec, #0
0002 and 0024: [374/477], H[113], 0.01sec
0011 and 0024: [497/625], H[250], 0.01sec
0018 and 0023: 542 matches, 0.15sec, #2
0018 and 0023: [427/542], H[244], 0.00sec
0003 and 0024: 556 matches, 0.15sec, #1
0012 and 0024: 340 matches, 0.15sec, #0
0003 and 0024: [436/556], H[96], 0.01sec
0012 and 0024: [235/340], H[133], 0.01sec
0019 and 0023: 816 matches, 0.12sec, #2
0019 and 0023: [739/816], H[123], 0.01sec
0004 and 0024: 742 matches, 0.10sec, #1
0013 and 0024: 278 matches, 0.15sec, #0
0004 and 0024: [615/742], H[408], 0.01sec
0013 and 0024: [163/278], H[93], 0.01sec
0020 and 0023: 2464 matches, 0.17sec, #2
0014 and 0024: 357 matches, 0.16sec, #0
0005 and 0024: 914 matches, 0.16sec, #1
0014 and 0024: [241/357], H[80], 0.00sec
0005 and 0024: [762/914], H[524], 0.01sec
0020 and 0023: [2334/2464], H[786], 0.02sec
0006 and 0024: 847 matches, 0.09sec, #1
0015 and 0024: 209 matches, 0.13sec, #0
0006 and 0024: [722/847], H[47], 0.01sec
0015 and 0024: [152/209], H[65], 0.00sec
0016 and 0024: 184 matches, 0.12sec, #0
0016 and 0024: [135/184], H[44], 0.00sec
0021 and 0023: 1165 matches, 0.18sec, #2
0007 and 0024: 957 matches, 0.19sec, #1
0017 and 0024: 354 matches, 0.13sec, #0
0021 and 0023: [1094/1165], H[148], 0.01sec
0007 and 0024: [780/957], H[312], 0.01sec
0017 and 0024: [256/354], H[123], 0.00sec
0022 and 0023: 3057 matches, 0.13sec, #2
0022 and 0023: [2995/3057], H[1769], 0.02sec
0018 and 0024: 363 matches, 0.15sec, #0
0018 and 0024: [236/363], H[64], 0.01sec
0008 and 0024: 679 matches, 0.19sec, #1
0020 and 0024: 1461 matches, 0.08sec, #2
0019 and 0024: 496 matches, 0.14sec, #0
0008 and 0024: [535/679], H[214], 0.00sec
0020 and 0024: [1347/1461], H[134], 0.01sec
0019 and 0024: [430/496], H[47], 0.00sec
0009 and 0024: 730 matches, 0.15sec, #1
0021 and 0024: 666 matches, 0.15sec, #2
0009 and 0024: [592/730], H[217], 0.00sec
0006 and 0025: 846 matches, 0.16sec, #0
0021 and 0024: [583/666], H[90], 0.00sec
0006 and 0025: [723/846], H[477], 0.01sec
0016 and 0025: 209 matches, 0.13sec, #1
0016 and 0025: [145/209], H[107], 0.00sec
0007 and 0025: 1004 matches, 0.14sec, #0
0022 and 0024: 1876 matches, 0.15sec, #2
0007 and 0025: [854/1004], H[435], 0.01sec
0022 and 0024: [1760/1876], H[453], 0.01sec
0017 and 0025: 395 matches, 0.12sec, #1
0023 and 0024: 2876 matches, 0.12sec, #2
0017 and 0025: [286/395], H[127], 0.01sec
0008 and 0025: 757 matches, 0.16sec, #0
0023 and 0024: [2752/2876], H[1100], 0.02sec
0008 and 0025: [642/757], H[452], 0.01sec
0018 and 0025: 397 matches, 0.08sec, #1
0018 and 0025: [267/397], H[110], 0.00sec
0000 and 0025: 192 matches, 0.15sec, #2
0009 and 0025: 794 matches, 0.15sec, #0
0000 and 0025: [106/192], H[42], 0.01sec
0009 and 0025: [635/794], H[371], 0.01sec
0019 and 0025: 601 matches, 0.11sec, #1
0019 and 0025: [522/601], H[51], 0.00sec
0001 and 0025: 279 matches, 0.10sec, #2
0001 and 0025: [202/279], H[72], 0.00sec
0010 and 0025: 683 matches, 0.15sec, #0
0010 and 0025: [577/683], H[352], 0.01sec
0020 and 0025: 1688 matches, 0.11sec, #1
0002 and 0025: 387 matches, 0.11sec, #2
0002 and 0025: [298/387], H[146], 0.00sec
0020 and 0025: [1568/1688], H[278], 0.01sec
0011 and 0025: 722 matches, 0.13sec, #0
0011 and 0025: [588/722], H[381], 0.01sec
0012 and 0025: 361 matches, 0.09sec, #0
0012 and 0025: [254/361], H[88], 0.01sec
0003 and 0025: 533 matches, 0.15sec, #2
0003 and 0025: [423/533], H[205], 0.00sec
0021 and 0025: 741 matches, 0.16sec, #1
0004 and 0025: 658 matches, 0.09sec, #2
0021 and 0025: [660/741], H[67], 0.00sec
0013 and 0025: 333 matches, 0.13sec, #0
0004 and 0025: [544/658], H[236], 0.00sec
0013 and 0025: [240/333], H[72], 0.01sec
0014 and 0025: 415 matches, 0.16sec, #0
0014 and 0025: [283/415], H[82], 0.00sec
0005 and 0025: 860 matches, 0.18sec, #2
0005 and 0025: [703/860], H[483], 0.01sec
0022 and 0025: 2127 matches, 0.20sec, #1
0015 and 0025: 229 matches, 0.12sec, #0
0015 and 0025: [151/229], H[28], 0.01sec
0022 and 0025: [2048/2127], H[713], 0.02sec
0001 and 0026: 349 matches, 0.15sec, #2
0011 and 0026: 630 matches, 0.14sec, #0
0001 and 0026: [251/349], H[88], 0.00sec
0011 and 0026: [497/630], H[211], 0.01sec
0023 and 0025: 3242 matches, 0.20sec, #1
0002 and 0026: 484 matches, 0.10sec, #2
0012 and 0026: 341 matches, 0.15sec, #0
0023 and 0025: [3142/3242], H[1723], 0.02sec
0002 and 0026: [380/484], H[119], 0.00sec
0012 and 0026: [244/341], H[89], 0.00sec
0013 and 0026: 262 matches, 0.15sec, #0
0013 and 0026: [193/262], H[51], 0.00sec
0003 and 0026: 576 matches, 0.16sec, #2
0024 and 0025: 3986 matches, 0.17sec, #1
0003 and 0026: [456/576], H[94], 0.00sec
0014 and 0026: 331 matches, 0.12sec, #0
0014 and 0026: [245/331], H[60], 0.00sec
0024 and 0025: [3876/3986], H[3046], 0.03sec
0004 and 0026: 743 matches, 0.13sec, #2
0015 and 0026: 186 matches, 0.12sec, #0
0004 and 0026: [595/743], H[421], 0.01sec
0015 and 0026: [132/186], H[58], 0.00sec
0000 and 0026: 218 matches, 0.19sec, #1
0000 and 0026: [131/218], H[38], 0.01sec
0016 and 0026: 166 matches, 0.12sec, #0
0016 and 0026: [120/166], H[18], 0.00sec
0005 and 0026: 928 matches, 0.15sec, #2
0005 and 0026: [789/928], H[265], 0.01sec
0021 and 0026: 645 matches, 0.10sec, #1
0017 and 0026: 333 matches, 0.11sec, #0
0021 and 0026: [578/645], H[108], 0.01sec
0017 and 0026: [213/333], H[89], 0.05sec
0006 and 0026: 893 matches, 0.11sec, #2
0006 and 0026: [755/893], H[349], 0.01sec
0022 and 0026: 1776 matches, 0.12sec, #1
0018 and 0026: 355 matches, 0.12sec, #0
0018 and 0026: [248/355], H[83], 0.01sec
0022 and 0026: [1678/1776], H[303], 0.01sec
0007 and 0026: 975 matches, 0.15sec, #2
0019 and 0026: 467 matches, 0.15sec, #0
0007 and 0026: [828/975], H[288], 0.00sec
0019 and 0026: [368/467], H[36], 0.00sec
0023 and 0026: 2759 matches, 0.21sec, #1
0008 and 0026: 641 matches, 0.07sec, #2
0008 and 0026: [543/641], H[213], 0.00sec
0023 and 0026: [2645/2759], H[719], 0.01sec
0020 and 0026: 1365 matches, 0.13sec, #0
0020 and 0026: [1263/1365], H[227], 0.01sec
0005 and 0027: 731 matches, 0.13sec, #0
0005 and 0027: [621/731], H[133], 0.01sec
0009 and 0026: 798 matches, 0.18sec, #2
0009 and 0026: [650/798], H[311], 0.00sec
0024 and 0026: 4056 matches, 0.20sec, #1
0006 and 0027: 813 matches, 0.11sec, #0
0006 and 0027: [680/813], H[440], 0.01sec
0024 and 0026: [3955/4056], H[3625], 0.03sec
0007 and 0027: 710 matches, 0.10sec, #0
0007 and 0027: [544/710], H[236], 0.01sec
0010 and 0026: 614 matches, 0.15sec, #2
0010 and 0026: [510/614], H[201], 0.01sec
0015 and 0027: 141 matches, 0.12sec, #2
0025 and 0026: 3848 matches, 0.24sec, #1
0015 and 0027: [97/141], H[10], 0.01sec
0008 and 0027: 491 matches, 0.15sec, #0
0025 and 0026: [3725/3848], H[2374], 0.02sec
0008 and 0027: [408/491], H[81], 0.00sec
0016 and 0027: 151 matches, 0.14sec, #2
0000 and 0027: 267 matches, 0.14sec, #1
0016 and 0027: [111/151], H[24], 0.00sec
0000 and 0027: [175/267], H[33], 0.00sec
0009 and 0027: 534 matches, 0.15sec, #0
0009 and 0027: [418/534], H[270], 0.00sec
0017 and 0027: 251 matches, 0.12sec, #2
0001 and 0027: 386 matches, 0.14sec, #1
0017 and 0027: [169/251], H[55], 0.01sec
0010 and 0027: 521 matches, 0.13sec, #0
0001 and 0027: [314/386], H[173], 0.00sec
0010 and 0027: [402/521], H[71], 0.01sec
0018 and 0027: 232 matches, 0.13sec, #2
0018 and 0027: [150/232], H[40], 0.00sec
0002 and 0027: 496 matches, 0.14sec, #1
0011 and 0027: 454 matches, 0.13sec, #0
0002 and 0027: [398/496], H[152], 0.00sec
0011 and 0027: [352/454], H[179], 0.00sec
0019 and 0027: 370 matches, 0.11sec, #2
0003 and 0027: 644 matches, 0.10sec, #1
0019 and 0027: [306/370], H[105], 0.00sec
0012 and 0027: 277 matches, 0.14sec, #0
0003 and 0027: [509/644], H[326], 0.00sec
0012 and 0027: [188/277], H[94], 0.00sec
0013 and 0027: 193 matches, 0.14sec, #0
0013 and 0027: [123/193], H[55], 0.01sec
0020 and 0027: 837 matches, 0.17sec, #2
0004 and 0027: 672 matches, 0.17sec, #1
0020 and 0027: [708/837], H[95], 0.01sec
0014 and 0027: 221 matches, 0.13sec, #0
0004 and 0027: [538/672], H[163], 0.00sec
0014 and 0027: [140/221], H[63], 0.00sec
0008 and 0028: 348 matches, 0.13sec, #0
0008 and 0028: [288/348], H[196], 0.00sec
0021 and 0027: 419 matches, 0.17sec, #2
0021 and 0027: [365/419], H[57], 0.01sec
0025 and 0027: 2267 matches, 0.20sec, #1
0009 and 0028: 390 matches, 0.14sec, #0
0009 and 0028: [310/390], H[154], 0.01sec
0025 and 0027: [2100/2267], H[535], 0.02sec
0010 and 0028: 441 matches, 0.13sec, #0
0010 and 0028: [347/441], H[177], 0.01sec
0022 and 0027: 1094 matches, 0.19sec, #2
0026 and 0027: 2757 matches, 0.19sec, #1
0022 and 0027: [990/1094], H[56], 0.01sec
0011 and 0028: 449 matches, 0.11sec, #0
0011 and 0028: [358/449], H[75], 0.01sec
0026 and 0027: [2617/2757], H[566], 0.01sec
0023 and 0027: 1687 matches, 0.15sec, #2
0000 and 0028: 161 matches, 0.11sec, #1
0012 and 0028: 275 matches, 0.12sec, #0
0000 and 0028: [111/161], H[39], 0.00sec
0023 and 0027: [1525/1687], H[293], 0.01sec
0012 and 0028: [218/275], H[95], 0.00sec
0013 and 0028: 232 matches, 0.12sec, #0
0013 and 0028: [167/232], H[57], 0.00sec
0001 and 0028: 245 matches, 0.17sec, #1
0024 and 0027: 2536 matches, 0.16sec, #2
0001 and 0028: [197/245], H[71], 0.00sec
0014 and 0028: 241 matches, 0.10sec, #0
0014 and 0028: [172/241], H[46], 0.00sec
0024 and 0027: [2394/2536], H[499], 0.02sec
0002 and 0028: 362 matches, 0.11sec, #1
0015 and 0028: 208 matches, 0.11sec, #0
0002 and 0028: [300/362], H[95], 0.00sec
0015 and 0028: [142/208], H[54], 0.00sec
0018 and 0028: 218 matches, 0.13sec, #2
0018 and 0028: [156/218], H[52], 0.01sec
0003 and 0028: 471 matches, 0.06sec, #1
0003 and 0028: [383/471], H[253], 0.00sec
0016 and 0028: 196 matches, 0.10sec, #0
0016 and 0028: [136/196], H[76], 0.00sec
0017 and 0028: 205 matches, 0.10sec, #0
0019 and 0028: 362 matches, 0.14sec, #2
0017 and 0028: [150/205], H[58], 0.01sec
0004 and 0028: 506 matches, 0.14sec, #1
0019 and 0028: [318/362], H[72], 0.00sec
0004 and 0028: [407/506], H[188], 0.00sec
0020 and 0028: 635 matches, 0.06sec, #2
0000 and 0029: 221 matches, 0.13sec, #0
0020 and 0028: [563/635], H[84], 0.01sec
0000 and 0029: [174/221], H[85], 0.00sec
0001 and 0029: 395 matches, 0.08sec, #0
0001 and 0029: [348/395], H[123], 0.00sec
0005 and 0028: 592 matches, 0.14sec, #1
0021 and 0028: 356 matches, 0.13sec, #2
0005 and 0028: [501/592], H[133], 0.00sec
0021 and 0028: [323/356], H[31], 0.00sec
0002 and 0029: 573 matches, 0.09sec, #0
0002 and 0029: [483/573], H[328], 0.01sec
0003 and 0029: 786 matches, 0.08sec, #0
0003 and 0029: [710/786], H[230], 0.01sec
0006 and 0028: 592 matches, 0.16sec, #1
0022 and 0028: 913 matches, 0.16sec, #2
0006 and 0028: [513/592], H[108], 0.00sec
0022 and 0028: [835/913], H[141], 0.01sec
0004 and 0029: 790 matches, 0.10sec, #0
0004 and 0029: [618/790], H[56], 0.01sec
0005 and 0029: 726 matches, 0.10sec, #0
0005 and 0029: [656/726], H[80], 0.01sec
0007 and 0028: 481 matches, 0.16sec, #1
0023 and 0028: 1391 matches, 0.16sec, #2
0007 and 0028: [366/481], H[262], 0.00sec
0006 and 0029: 667 matches, 0.10sec, #0
0023 and 0028: [1272/1391], H[194], 0.01sec
0006 and 0029: [564/667], H[252], 0.01sec
0010 and 0029: 332 matches, 0.10sec, #1
0010 and 0029: [267/332], H[96], 0.00sec
0007 and 0029: 485 matches, 0.15sec, #0
0007 and 0029: [401/485], H[112], 0.01sec
0024 and 0028: 2203 matches, 0.20sec, #2
0011 and 0029: 234 matches, 0.07sec, #1
0008 and 0029: 392 matches, 0.11sec, #0
0024 and 0028: [2079/2203], H[916], 0.01sec
0008 and 0029: [316/392], H[90], 0.00sec
0011 and 0029: [197/234], H[91], 0.00sec
0009 and 0029: 285 matches, 0.10sec, #0
0009 and 0029: [212/285], H[99], 0.00sec
0025 and 0028: 1939 matches, 0.18sec, #2
0012 and 0029: 199 matches, 0.18sec, #1
0020 and 0029: 294 matches, 0.11sec, #0
0025 and 0028: [1828/1939], H[627], 0.01sec
0012 and 0029: [145/199], H[36], 0.00sec
0020 and 0029: [247/294], H[83], 0.00sec
0021 and 0029: 207 matches, 0.12sec, #0
0021 and 0029: [144/207], H[53], 0.01sec
0026 and 0028: 2303 matches, 0.14sec, #2
0026 and 0028: [2212/2303], H[789], 0.02sec
0013 and 0029: 139 matches, 0.17sec, #1
0022 and 0029: 447 matches, 0.11sec, #0
0013 and 0029: [103/139], H[35], 0.00sec
0022 and 0029: [377/447], H[164], 0.01sec
0023 and 0029: 548 matches, 0.14sec, #0
0027 and 0028: 2325 matches, 0.17sec, #2
0014 and 0029: 152 matches, 0.16sec, #1
0023 and 0029: [485/548], H[69], 0.00sec
0014 and 0029: [108/152], H[31], 0.00sec
0027 and 0028: [2223/2325], H[862], 0.01sec
0015 and 0029: 98 matches, 0.12sec, #1
0015 and 0029: [64/98], H[30], 0.01sec
0024 and 0029: 843 matches, 0.14sec, #0
0024 and 0029: [785/843], H[80], 0.01sec
0001 and 0030: 638 matches, 0.15sec, #2
0001 and 0030: [553/638], H[271], 0.01sec
0016 and 0029: 74 matches, 0.11sec, #1
0002 and 0030: 859 matches, 0.09sec, #2
0025 and 0029: 798 matches, 0.15sec, #0
0016 and 0029: [58/74], H[21], 0.00sec
0002 and 0030: [750/859], H[326], 0.01sec
0025 and 0029: [702/798], H[143], 0.01sec
0017 and 0029: 109 matches, 0.12sec, #1
0017 and 0029: [64/109], H[24], 0.01sec
0026 and 0029: 931 matches, 0.13sec, #0
0026 and 0029: [861/931], H[104], 0.01sec
0003 and 0030: 798 matches, 0.19sec, #2
0018 and 0029: 117 matches, 0.08sec, #1
0027 and 0029: 1671 matches, 0.12sec, #0
0003 and 0030: [709/798], H[426], 0.00sec
0018 and 0029: [82/117], H[19], 0.00sec
0027 and 0029: [1574/1671], H[241], 0.01sec
0004 and 0030: 764 matches, 0.12sec, #2
0004 and 0030: [656/764], H[278], 0.01sec
0028 and 0029: 911 matches, 0.14sec, #0
0028 and 0029: [863/911], H[149], 0.01sec
0019 and 0029: 190 matches, 0.20sec, #1
0005 and 0030: 564 matches, 0.10sec, #2
0019 and 0029: [130/190], H[25], 0.00sec
0000 and 0030: 361 matches, 0.12sec, #0
0005 and 0030: [481/564], H[192], 0.00sec
0000 and 0030: [291/361], H[114], 0.00sec
0021 and 0030: 181 matches, 0.12sec, #0
0021 and 0030: [136/181], H[23], 0.00sec
0011 and 0030: 242 matches, 0.16sec, #1
0011 and 0030: [181/242], H[24], 0.00sec
0006 and 0030: 424 matches, 0.16sec, #2
0022 and 0030: 342 matches, 0.11sec, #0
0006 and 0030: [359/424], H[212], 0.00sec
0022 and 0030: [286/342], H[64], 0.00sec
0012 and 0030: 163 matches, 0.12sec, #1
0012 and 0030: [115/163], H[38], 0.00sec
0023 and 0030: 493 matches, 0.14sec, #0
0007 and 0030: 397 matches, 0.15sec, #2
0023 and 0030: [409/493], H[255], 0.01sec
0007 and 0030: [320/397], H[165], 0.00sec
0013 and 0030: 143 matches, 0.11sec, #1
0008 and 0030: 277 matches, 0.10sec, #2
0024 and 0030: 755 matches, 0.13sec, #0
0013 and 0030: [82/143], H[39], 0.01sec
0008 and 0030: [205/277], H[130], 0.00sec
0024 and 0030: [637/755], H[308], 0.00sec
0014 and 0030: 146 matches, 0.14sec, #1
0014 and 0030: [94/146], H[38], 0.00sec
0025 and 0030: 649 matches, 0.15sec, #0
0025 and 0030: [550/649], H[229], 0.01sec
0009 and 0030: 268 matches, 0.19sec, #2
0009 and 0030: [200/268], H[88], 0.00sec
0015 and 0030: 113 matches, 0.07sec, #1
0026 and 0030: 798 matches, 0.12sec, #0
0015 and 0030: [59/113], H[20], 0.01sec
0026 and 0030: [712/798], H[272], 0.01sec
0010 and 0030: 248 matches, 0.12sec, #2
0016 and 0030: 101 matches, 0.12sec, #1
0010 and 0030: [181/248], H[88], 0.00sec
0027 and 0030: 1184 matches, 0.14sec, #0
0016 and 0030: [65/101], H[33], 0.00sec
0027 and 0030: [1052/1184], H[118], 0.01sec
0001 and 0031: 1151 matches, 0.13sec, #2
0028 and 0030: 1317 matches, 0.11sec, #0
0001 and 0031: [1062/1151], H[594], 0.01sec
0017 and 0030: 104 matches, 0.14sec, #1
0028 and 0030: [1193/1317], H[135], 0.01sec
0017 and 0030: [61/104], H[27], 0.01sec
0002 and 0031: 1424 matches, 0.10sec, #2
0018 and 0030: 130 matches, 0.09sec, #1
0002 and 0031: [1316/1424], H[721], 0.01sec
0029 and 0030: 1273 matches, 0.13sec, #0
0018 and 0030: [67/130], H[12], 0.01sec
0029 and 0030: [1232/1273], H[712], 0.01sec
0003 and 0031: 1537 matches, 0.08sec, #2
0000 and 0031: 739 matches, 0.11sec, #0
0003 and 0031: [1423/1537], H[311], 0.01sec
0000 and 0031: [619/739], H[221], 0.00sec
0019 and 0030: 126 matches, 0.14sec, #1
0004 and 0031: 1535 matches, 0.06sec, #2
0019 and 0030: [84/126], H[31], 0.00sec
0011 and 0031: 228 matches, 0.11sec, #0
0004 and 0031: [1420/1535], H[449], 0.01sec
0011 and 0031: [142/228], H[27], 0.01sec
0012 and 0031: 130 matches, 0.09sec, #0
0012 and 0031: [69/130], H[7], 0.01sec
0020 and 0030: 251 matches, 0.14sec, #1
0020 and 0030: [191/251], H[18], 0.00sec
0005 and 0031: 1075 matches, 0.15sec, #2
0021 and 0031: 131 matches, 0.05sec, #1
0021 and 0031: [102/131], H[43], 0.00sec
0005 and 0031: [942/1075], H[219], 0.01sec
0013 and 0031: 130 matches, 0.12sec, #0
0013 and 0031: [78/130], H[16], 0.01sec
0014 and 0031: 135 matches, 0.10sec, #0
0014 and 0031: [71/135], H[21], 0.01sec
0022 and 0031: 349 matches, 0.16sec, #1
0006 and 0031: 884 matches, 0.16sec, #2
0022 and 0031: [267/349], H[148], 0.00sec
0015 and 0031: 72 matches, 0.10sec, #0
0006 and 0031: [732/884], H[330], 0.00sec
0015 and 0031: [37/72], H[9], 0.03sec
0016 and 0031: 65 matches, 0.10sec, #0
0016 and 0031: [35/65], H[23], 0.01sec
0023 and 0031: 470 matches, 0.18sec, #1
0007 and 0031: 630 matches, 0.17sec, #2
0017 and 0031: 104 matches, 0.09sec, #0
0023 and 0031: [368/470], H[83], 0.00sec
0007 and 0031: [510/630], H[113], 0.00sec
0017 and 0031: [52/104], H[13], 0.02sec
0018 and 0031: 116 matches, 0.12sec, #0
0018 and 0031: [66/116], H[33], 0.01sec
0024 and 0031: 669 matches, 0.17sec, #1
0008 and 0031: 474 matches, 0.17sec, #2
0019 and 0031: 105 matches, 0.09sec, #0
0024 and 0031: [540/669], H[243], 0.00sec
0008 and 0031: [386/474], H[216], 0.00sec
0019 and 0031: [54/105], H[22], 0.01sec
0020 and 0031: 280 matches, 0.13sec, #0
0020 and 0031: [198/280], H[86], 0.00sec
0025 and 0031: 601 matches, 0.19sec, #1
0009 and 0031: 355 matches, 0.19sec, #2
0000 and 0032: 1098 matches, 0.09sec, #0
0025 and 0031: [459/601], H[88], 0.00sec
0009 and 0031: [264/355], H[98], 0.00sec
0000 and 0032: [950/1098], H[161], 0.01sec
0026 and 0031: 734 matches, 0.14sec, #1
0010 and 0031: 241 matches, 0.16sec, #2
0026 and 0031: [579/734], H[210], 0.01sec
0001 and 0032: 1279 matches, 0.08sec, #0
0010 and 0031: [148/241], H[38], 0.00sec
0001 and 0032: [1167/1279], H[393], 0.01sec
0027 and 0031: 955 matches, 0.14sec, #1
0027 and 0031: [821/955], H[362], 0.01sec
0010 and 0032: 198 matches, 0.14sec, #2
0010 and 0032: [116/198], H[43], 0.02sec
0002 and 0032: 1556 matches, 0.20sec, #0
0002 and 0032: [1451/1556], H[891], 0.01sec
0028 and 0031: 571 matches, 0.12sec, #1
0011 and 0032: 167 matches, 0.12sec, #2
0028 and 0031: [485/571], H[277], 0.00sec
0003 and 0032: 1560 matches, 0.09sec, #0
0011 and 0032: [101/167], H[25], 0.01sec
0003 and 0032: [1445/1560], H[585], 0.01sec
0004 and 0032: 1418 matches, 0.10sec, #0
0004 and 0032: [1264/1418], H[389], 0.01sec
0012 and 0032: 111 matches, 0.17sec, #2
0029 and 0031: 1133 matches, 0.18sec, #1
0012 and 0032: [66/111], H[22], 0.01sec
0029 and 0031: [1002/1133], H[280], 0.01sec
0005 and 0032: 874 matches, 0.09sec, #0
0005 and 0032: [748/874], H[181], 0.01sec
0013 and 0032: 105 matches, 0.13sec, #2
0006 and 0032: 590 matches, 0.11sec, #0
0006 and 0032: [485/590], H[258], 0.00sec
0013 and 0032: [59/105], H[24], 0.01sec
0030 and 0031: 1520 matches, 0.21sec, #1
0014 and 0032: 108 matches, 0.08sec, #2
0007 and 0032: 551 matches, 0.12sec, #0
0030 and 0031: [1467/1520], H[525], 0.01sec
0007 and 0032: [436/551], H[166], 0.00sec
0014 and 0032: [52/108], H[22], 0.01sec
0008 and 0032: 391 matches, 0.12sec, #0
0008 and 0032: [308/391], H[98], 0.00sec
0020 and 0032: 236 matches, 0.15sec, #1
0015 and 0032: 61 matches, 0.15sec, #2
0020 and 0032: [143/236], H[71], 0.00sec
0009 and 0032: 300 matches, 0.10sec, #0
0009 and 0032: [194/300], H[29], 0.01sec
0015 and 0032: [29/61], H[6], 0.02sec
0016 and 0032: 65 matches, 0.08sec, #2
0030 and 0032: 934 matches, 0.12sec, #0
0021 and 0032: 131 matches, 0.14sec, #1
0030 and 0032: [837/934], H[324], 0.01sec
0021 and 0032: [89/131], H[55], 0.00sec
0016 and 0032: [25/65], H[10], 0.06sec
0022 and 0032: 295 matches, 0.08sec, #1
0031 and 0032: 2683 matches, 0.11sec, #0
0022 and 0032: [221/295], H[59], 0.00sec
0031 and 0032: [2545/2683], H[734], 0.02sec
0017 and 0032: 102 matches, 0.12sec, #2
0000 and 0033: 876 matches, 0.09sec, #0
0000 and 0033: [786/876], H[108], 0.01sec
0023 and 0032: 333 matches, 0.16sec, #1
0017 and 0032: [28/102], H[10], 0.06sec
0023 and 0032: [236/333], H[144], 0.00sec
0001 and 0033: 1025 matches, 0.07sec, #0
0001 and 0033: [947/1025], H[545], 0.01sec
0018 and 0032: 86 matches, 0.12sec, #2
0002 and 0033: 1181 matches, 0.11sec, #0
0018 and 0032: [40/86], H[14], 0.01sec
0002 and 0033: [1117/1181], H[519], 0.01sec
0024 and 0032: 504 matches, 0.15sec, #1
0024 and 0032: [365/504], H[179], 0.01sec
0019 and 0032: 91 matches, 0.06sec, #2
0003 and 0033: 1103 matches, 0.09sec, #0
0003 and 0033: [1022/1103], H[289], 0.01sec
0019 and 0032: [34/91], H[10], 0.06sec
0025 and 0032: 435 matches, 0.13sec, #1
0008 and 0033: 273 matches, 0.06sec, #2
0025 and 0032: [318/435], H[147], 0.00sec
0004 and 0033: 800 matches, 0.10sec, #0
0008 and 0033: [197/273], H[77], 0.00sec
0004 and 0033: [696/800], H[217], 0.01sec
0005 and 0033: 548 matches, 0.11sec, #0
0005 and 0033: [417/548], H[351], 0.01sec
0026 and 0032: 486 matches, 0.14sec, #1
0026 and 0032: [359/486], H[90], 0.00sec
0009 and 0033: 192 matches, 0.14sec, #2
0009 and 0033: [140/192], H[73], 0.00sec
0006 and 0033: 544 matches, 0.10sec, #0
0027 and 0032: 637 matches, 0.09sec, #1
0006 and 0033: [458/544], H[284], 0.00sec
0027 and 0032: [485/637], H[191], 0.01sec
0007 and 0033: 364 matches, 0.10sec, #0
0007 and 0033: [300/364], H[77], 0.00sec
0010 and 0033: 188 matches, 0.13sec, #2
0028 and 0032: 367 matches, 0.12sec, #1
0010 and 0033: [126/188], H[23], 0.00sec
0028 and 0032: [304/367], H[90], 0.00sec
0018 and 0033: 68 matches, 0.08sec, #0
0018 and 0033: [33/68], H[12], 0.07sec
0011 and 0033: 176 matches, 0.10sec, #2
0029 and 0032: 815 matches, 0.12sec, #1
0011 and 0033: [124/176], H[55], 0.00sec
0019 and 0033: 80 matches, 0.08sec, #0
0029 and 0032: [743/815], H[95], 0.00sec
0019 and 0033: [39/80], H[23], 0.01sec
0020 and 0033: 139 matches, 0.11sec, #0
0012 and 0033: 111 matches, 0.14sec, #2
0020 and 0033: [93/139], H[44], 0.01sec
0012 and 0033: [73/111], H[35], 0.00sec
0028 and 0033: 386 matches, 0.21sec, #1
0028 and 0033: [310/386], H[73], 0.00sec
0021 and 0033: 71 matches, 0.10sec, #0
0021 and 0033: [54/71], H[24], 0.00sec
0013 and 0033: 88 matches, 0.16sec, #2
0029 and 0033: 711 matches, 0.10sec, #1
0022 and 0033: 163 matches, 0.11sec, #0
0013 and 0033: [50/88], H[20], 0.01sec
0029 and 0033: [653/711], H[323], 0.01sec
0022 and 0033: [117/163], H[50], 0.00sec
0023 and 0033: 233 matches, 0.12sec, #0
0023 and 0033: [166/233], H[60], 0.00sec
0014 and 0033: 86 matches, 0.17sec, #2
0030 and 0033: 914 matches, 0.17sec, #1
0024 and 0033: 332 matches, 0.10sec, #0
0014 and 0033: [49/86], H[16], 0.01sec
0030 and 0033: [784/914], H[300], 0.01sec
0024 and 0033: [264/332], H[104], 0.00sec
0015 and 0033: 50 matches, 0.11sec, #2
0015 and 0033: [25/50], H[7], 0.01sec
0025 and 0033: 307 matches, 0.11sec, #0
0031 and 0033: 1354 matches, 0.14sec, #1
0025 and 0033: [231/307], H[158], 0.00sec
0031 and 0033: [1231/1354], H[634], 0.01sec
0016 and 0033: 59 matches, 0.10sec, #2
0026 and 0033: 365 matches, 0.12sec, #0
0026 and 0033: [290/365], H[77], 0.00sec
0016 and 0033: [25/59], H[11], 0.02sec
0032 and 0033: 1822 matches, 0.13sec, #1
0032 and 0033: [1730/1822], H[1136], 0.01sec
0017 and 0033: 79 matches, 0.07sec, #2
0027 and 0033: 668 matches, 0.12sec, #0
0017 and 0033: [38/79], H[8], 0.02sec
0027 and 0033: [571/668], H[74], 0.01sec
0000 and 0034: 1575 matches, 0.12sec, #1
0000 and 0034: [1418/1575], H[461], 0.01sec
0015 and 0034: 47 matches, 0.09sec, #0
0005 and 0034: 640 matches, 0.12sec, #2
0005 and 0034: [485/640], H[192], 0.01sec
0015 and 0034: [20/47], H[8], 0.04sec
0016 and 0034: 55 matches, 0.09sec, #0
0006 and 0034: 409 matches, 0.12sec, #2
0001 and 0034: 1532 matches, 0.16sec, #1
0006 and 0034: [285/409], H[42], 0.00sec
0001 and 0034: [1403/1532], H[747], 0.01sec
0016 and 0034: [20/55], H[11], 0.09sec
0007 and 0034: 400 matches, 0.12sec, #2
0002 and 0034: 1728 matches, 0.12sec, #1
0007 and 0034: [271/400], H[68], 0.00sec
0017 and 0034: 100 matches, 0.09sec, #0
0002 and 0034: [1589/1728], H[646], 0.01sec
0017 and 0034: [22/100], H[9], 0.09sec
0008 and 0034: 295 matches, 0.10sec, #2
0008 and 0034: [183/295], H[33], 0.01sec
0003 and 0034: 1171 matches, 0.13sec, #1
0009 and 0034: 237 matches, 0.09sec, #2
0003 and 0034: [1047/1171], H[316], 0.01sec
0018 and 0034: 102 matches, 0.11sec, #0
0009 and 0034: [141/237], H[53], 0.01sec
0018 and 0034: [38/102], H[9], 0.05sec
0004 and 0034: 1062 matches, 0.12sec, #1
0010 and 0034: 138 matches, 0.13sec, #2
0019 and 0034: 69 matches, 0.09sec, #0
0004 and 0034: [900/1062], H[96], 0.01sec
0010 and 0034: [79/138], H[23], 0.00sec
0019 and 0034: [22/69], H[10], 0.09sec
0025 and 0034: 296 matches, 0.14sec, #1
0011 and 0034: 167 matches, 0.14sec, #2
0025 and 0034: [201/296], H[41], 0.01sec
0011 and 0034: [84/167], H[23], 0.01sec
0020 and 0034: 169 matches, 0.10sec, #0
0020 and 0034: [95/169], H[60], 0.01sec
0026 and 0034: 346 matches, 0.12sec, #1
0026 and 0034: [250/346], H[55], 0.00sec
0012 and 0034: 93 matches, 0.14sec, #2
0021 and 0034: 97 matches, 0.10sec, #0
0021 and 0034: [63/97], H[16], 0.00sec
0012 and 0034: [44/93], H[7], 0.02sec
0022 and 0034: 169 matches, 0.12sec, #0
0022 and 0034: [118/169], H[57], 0.00sec
0027 and 0034: 409 matches, 0.15sec, #1
0013 and 0034: 84 matches, 0.13sec, #2
0027 and 0034: [274/409], H[90], 0.00sec
0013 and 0034: [41/84], H[9], 0.01sec
0023 and 0034: 245 matches, 0.10sec, #0
0023 and 0034: [169/245], H[46], 0.01sec
0028 and 0034: 243 matches, 0.13sec, #1
0028 and 0034: [192/243], H[62], 0.00sec
0024 and 0034: 349 matches, 0.12sec, #0
0024 and 0034: [248/349], H[141], 0.01sec
0014 and 0034: 90 matches, 0.16sec, #2
0014 and 0034: [38/90], H[18], 0.04sec
0029 and 0034: 423 matches, 0.09sec, #1
0001 and 0035: 1377 matches, 0.08sec, #0
0029 and 0034: [350/423], H[193], 0.00sec
0001 and 0035: [1205/1377], H[557], 0.01sec
0002 and 0035: 1079 matches, 0.09sec, #0
0002 and 0035: [959/1079], H[217], 0.01sec
0011 and 0035: 121 matches, 0.15sec, #2
0030 and 0034: 600 matches, 0.13sec, #1
0011 and 0035: [53/121], H[13], 0.02sec
0003 and 0035: 531 matches, 0.08sec, #0
0030 and 0034: [495/600], H[174], 0.00sec
0003 and 0035: [429/531], H[229], 0.00sec
0012 and 0035: 82 matches, 0.11sec, #2
0004 and 0035: 529 matches, 0.10sec, #0
0031 and 0034: 1501 matches, 0.15sec, #1
0004 and 0035: [389/529], H[184], 0.01sec
0031 and 0034: [1345/1501], H[658], 0.01sec
0012 and 0035: [35/82], H[12], 0.06sec
0032 and 0034: 2335 matches, 0.09sec, #1
0032 and 0034: [2196/2335], H[333], 0.02sec
0005 and 0035: 365 matches, 0.16sec, #0
0005 and 0035: [221/365], H[59], 0.01sec
0013 and 0035: 69 matches, 0.13sec, #2
0033 and 0034: 1756 matches, 0.11sec, #1
0006 and 0035: 222 matches, 0.09sec, #0
0033 and 0034: [1667/1756], H[686], 0.01sec
0006 and 0035: [127/222], H[24], 0.01sec
0013 and 0035: [24/69], H[6], 0.06sec
0000 and 0035: 6763 matches, 0.11sec, #1
0007 and 0035: 245 matches, 0.11sec, #0
0000 and 0035: [6763/6763], H[6763], 0.01sec
0007 and 0035: [135/245], H[59], 0.01sec
0014 and 0035: 90 matches, 0.13sec, #2
0021 and 0035: 76 matches, 0.11sec, #1
0008 and 0035: 209 matches, 0.11sec, #0
0021 and 0035: [38/76], H[16], 0.01sec
0008 and 0035: [96/209], H[23], 0.01sec
0014 and 0035: [30/90], H[7], 0.07sec
0022 and 0035: 121 matches, 0.10sec, #1
0009 and 0035: 185 matches, 0.12sec, #0
0022 and 0035: [68/121], H[12], 0.01sec
0009 and 0035: [92/185], H[22], 0.02sec
0015 and 0035: 43 matches, 0.11sec, #2
0023 and 0035: 172 matches, 0.14sec, #1
0015 and 0035: [14/43], H[4], 0.06sec
0023 and 0035: [93/172], H[30], 0.01sec
0010 and 0035: 114 matches, 0.11sec, #0
0010 and 0035: [58/114], H[11], 0.04sec
0016 and 0035: 36 matches, 0.15sec, #2
0024 and 0035: 220 matches, 0.15sec, #1
0016 and 0035: [15/36], H[6], 0.02sec
0024 and 0035: [131/220], H[40], 0.00sec
0028 and 0035: 161 matches, 0.11sec, #0
0028 and 0035: [107/161], H[56], 0.00sec
0029 and 0035: 221 matches, 0.11sec, #0
0029 and 0035: [178/221], H[37], 0.00sec
0017 and 0035: 83 matches, 0.16sec, #2
0025 and 0035: 192 matches, 0.17sec, #1
0030 and 0035: 361 matches, 0.09sec, #0
0030 and 0035: [285/361], H[152], 0.00sec
0025 and 0035: [109/192], H[27], 0.01sec
0017 and 0035: [15/83], H[6], 0.07sec
0026 and 0035: 218 matches, 0.09sec, #1
0031 and 0035: 739 matches, 0.12sec, #0
0026 and 0035: [137/218], H[20], 0.00sec
0031 and 0035: [584/739], H[278], 0.00sec
0018 and 0035: 79 matches, 0.13sec, #2
0027 and 0035: 267 matches, 0.10sec, #1
0032 and 0035: 1098 matches, 0.10sec, #0
0027 and 0035: [176/267], H[68], 0.00sec
0032 and 0035: [955/1098], H[40], 0.01sec
0018 and 0035: [23/79], H[13], 0.07sec
0034 and 0035: 1575 matches, 0.07sec, #1
0033 and 0035: 876 matches, 0.10sec, #0
0034 and 0035: [1424/1575], H[541], 0.01sec
0033 and 0035: [789/876], H[135], 0.01sec
0019 and 0035: 53 matches, 0.06sec, #2
0019 and 0035: [14/53], H[6], 0.04sec
0020 and 0035: 120 matches, 0.07sec, #2
0020 and 0035: [59/120], H[10], 0.02sec

###########-------timing------#########
630 Image Match finished, 37 sec used
#############################

----------------------------------------------------------------
Compute Missing Pairwise Matching, finished
Totally 43.000 seconds used


Run full 3D reconstruction, begin...
614 pairs have two-view models
630 pairs have fundamental matrices
Initialize with sofa (5) and sofa (30)
427 3D points initialized from two images
PBA library version = 105
PBA: 427 3D pts, 2 cams and 854 projs...
PBA: 6.026 -> 0.077 (1 LMs in 0.16sec)
Focal Length : [431.910]->[431.910]
Focal Length : [431.910]->[431.910]

#############################
#3: [sofa (6)] sees 529 (+1951) 3D points
Estimated Focal Length [432][0.67W]
# 300 projs (0 pts and 0 merges)
PBA: 427 3D pts, 3 cams and 1154 projs...
PBA: 0.155 -> 0.078 (1 LMs in 0.00sec)

**************************************
#3/3:  3652 projs and 1583 pts added.
PBA: 2007 3D pts, 3 cams and 4500 projs...
PBA: 0.183 -> 0.137 (1 LMs in 0.03sec)
PBA: 2007 3D pts, 3 cams and 4500 projs...
PBA: 0.137 -> 0.097 (3 LMs in 0.03sec)
Focal Length : [431.910]->[431.910]
Radial Distortion : [0.000 -> 0]

#############################
#4: [sofa (7)] sees 2100 (+1602) 3D points
Estimated Focal Length [432][0.67W]
# 3547 projs (1096 pts and 45 merges)
PBA: 3030 3D pts, 4 cams and 7991 projs...
PBA: 0.494 -> 0.219 (1 LMs in 0.02sec)
#points w/ large errors:	2
Focal Length : [431.910]->[431.910]
Radial Distortion : [0.000 -> 0]

#############################
#5: [sofa (8)] sees 3654 (+1782) 3D points
Estimated Focal Length [432][0.67W]
# 4216 projs (1054 pts and 53 merges)
PBA: 3999 3D pts, 5 cams and 12141 projs...
PBA: 0.321 -> 0.195 (1 LMs in 0.01sec)
#points w/ large errors:	3

**************************************
#5/5:  4319 projs and 1082 pts added.
PBA: 4006 3D pts, 5 cams and 12200 projs...
PBA: 0.245 -> 0.230 (1 LMs in 0.01sec)
PBA: 4006 3D pts, 5 cams and 12200 projs...
PBA: 0.230 -> 0.227 (1 LMs in 0.01sec)
Focal Length : [431.910]->[431.910]
Radial Distortion : [0.000 -> 0]

#############################
#6: [sofa (9)] sees 4929 (+1749) 3D points
Estimated Focal Length [432][0.67W]
# 4113 projs (855 pts and 58 merges)
PBA: 4761 3D pts, 6 cams and 16229 projs...
PBA: 0.269 -> 0.206 (1 LMs in 0.01sec)
#points w/ large errors:	20
Focal Length : [431.910]->[431.910]
Radial Distortion : [0.000 -> 0]

#############################
#7: [sofa (10)] sees 5262 (+1530) 3D points
Estimated Focal Length [432][0.67W]
# 5179 projs (1389 pts and 50 merges)
PBA: 6042 3D pts, 7 cams and 21267 projs...
PBA: 0.360 -> 0.185 (1 LMs in 0.01sec)
#points w/ large errors:	13

**************************************
#7/7:  5415 projs and 1424 pts added.
PBA: 6053 3D pts, 7 cams and 21436 projs...
PBA: 0.181 -> 0.175 (1 LMs in 0.01sec)
PBA: 6053 3D pts, 7 cams and 21436 projs...
PBA: 0.175 -> 0.175 (11 LMs in 0.04sec)
Focal Length : [431.910]->[431.910]
Radial Distortion : [0.000 -> 0]

#############################
#8: [sofa (4)] sees 4529 (+1513) 3D points
Estimated Focal Length [432][0.67W]
# 2719 projs (451 pts and 51 merges)
PBA: 6422 3D pts, 8 cams and 24093 projs...
PBA: 0.177 -> 0.172 (1 LMs in 0.04sec)
#points w/ large errors:	22
Focal Length : [431.910]->[431.910]
Radial Distortion : [0.000 -> 0]

#############################
#9: [sofa (32)] sees 4977 (+1538) 3D points
Estimated Focal Length [432][0.67W]
# 3880 projs (944 pts and 88 merges)
PBA: 5243 3D pts, 9 cams and 23871 projs...
PBA: 0.190 -> 0.114 (1 LMs in 0.01sec)
#points w/ large errors:	5

**************************************
#9/9:  4195 projs and 993 pts added.
PBA: 7251 3D pts, 9 cams and 28101 projs...
PBA: 0.120 -> 0.119 (3 LMs in 0.05sec)
PBA: 7251 3D pts, 9 cams and 28101 projs...
PBA: 0.119 -> 0.119 (3 LMs in 0.05sec)
Focal Length : [431.910]->[431.910]
Radial Distortion : [0.000 -> 0]

#############################
#10: [sofa (33)] sees 6047 (+1786) 3D points
Estimated Focal Length [432][0.67W]
# 3498 projs (578 pts and 70 merges)
PBA: 5468 3D pts, 10 cams and 27017 projs...
PBA: 0.212 -> 0.174 (4 LMs in 0.01sec)
#points w/ large errors:	13
Focal Length : [431.910]->[431.910]
Radial Distortion : [0.000 -> 0]

#############################
#11: [sofa (35)] sees 5377 (+1491) 3D points
Estimated Focal Length [432][0.67W]
# 4182 projs (971 pts and 54 merges)
PBA: 6172 3D pts, 11 cams and 30760 projs...
PBA: 0.249 -> 0.181 (1 LMs in 0.01sec)
#points w/ large errors:	22
Focal Length : [431.910]->[431.910]
Radial Distortion : [0.000 -> 0]

#############################
#12: [sofa (3)] sees 7808 (+1464) 3D points
Estimated Focal Length [432][0.67W]
# 4123 projs (773 pts and 114 merges)
PBA: 6466 3D pts, 12 cams and 34116 projs...
PBA: 0.239 -> 0.202 (1 LMs in 0.01sec)
#points w/ large errors:	23

**************************************
#12/12:  4677 projs and 880 pts added.
PBA: 9227 3D pts, 12 cams and 39924 projs...
PBA: 0.220 -> 0.203 (1 LMs in 0.01sec)
PBA: 9227 3D pts, 12 cams and 39924 projs...
PBA: 0.203 -> 0.202 (1 LMs in 0.05sec)
Focal Length : [431.910]->[431.910]
Radial Distortion : [0.000 -> 0]

#############################
#13: [sofa (34)] sees 8004 (+1244) 3D points
Estimated Focal Length [432][0.67W]
# 3087 projs (358 pts and 89 merges)
PBA: 6615 3D pts, 13 cams and 37249 projs...
PBA: 0.313 -> 0.275 (13 LMs in 0.16sec)
#points w/ large errors:	39
Focal Length : [431.910]->[431.910]
Radial Distortion : [0.000 -> 0]

#############################
#14: [sofa (2)] sees 7815 (+1271) 3D points
Estimated Focal Length [432][0.67W]
# 3307 projs (448 pts and 82 merges)
PBA: 6918 3D pts, 14 cams and 40374 projs...
PBA: 0.381 -> 0.347 (100 LMs in 0.43sec)
#points w/ large errors:	36
Focal Length : [431.910]->[431.910]
Radial Distortion : [0.000 -> 0]

#############################
#15: [sofa (31)] sees 7404 (+1310) 3D points
Estimated Focal Length [432][0.67W]
# 3058 projs (572 pts and 50 merges)
PBA: 7275 3D pts, 15 cams and 43029 projs...
PBA: 0.440 -> 0.329 (59 LMs in 0.23sec)
#points w/ large errors:	22
Focal Length : [431.910]->[431.910]
Radial Distortion : [0.000 -> 0]

#############################
#16: [sofa (28)] sees 7557 (+1381) 3D points
Estimated Focal Length [432][0.67W]
# 4662 projs (1212 pts and 169 merges)
PBA: 8039 3D pts, 16 cams and 47080 projs...
PBA: 0.194 -> 0.161 (1 LMs in 0.01sec)
#points w/ large errors:	28

**************************************
#16/16:  5448 projs and 1350 pts added.
PBA: 11279 3D pts, 16 cams and 54040 projs...
PBA: 0.203 -> 0.185 (1 LMs in 0.01sec)
PBA: 11279 3D pts, 16 cams and 54040 projs...
PBA: 0.185 -> 0.184 (1 LMs in 0.01sec)
#points w/ large errors:	3
Focal Length : [431.910]->[431.910]
Radial Distortion : [0.000 -> 0]

#############################
#17: [sofa (27)] sees 9055 (+1640) 3D points
Estimated Focal Length [432][0.67W]
# 5693 projs (1451 pts and 144 merges)
PBA: 9090 3D pts, 17 cams and 52727 projs...
PBA: 0.244 -> 0.216 (1 LMs in 0.01sec)
#points w/ large errors:	73
Focal Length : [431.910]->[431.910]
Radial Distortion : [0.000 -> 0]

#############################
#18: [sofa (25)] sees 11994 (+1878) 3D points
Estimated Focal Length [432][0.67W]
# 5120 projs (735 pts and 209 merges)
PBA: 9205 3D pts, 18 cams and 56903 projs...
PBA: 0.272 -> 0.178 (4 LMs in 0.01sec)
#points w/ large errors:	11
Focal Length : [431.910]->[431.910]
Radial Distortion : [0.000 -> 0]

#############################
#19: [sofa (26)] sees 14251 (+1997) 3D points
Estimated Focal Length [432][0.67W]
# 4925 projs (489 pts and 184 merges)
PBA: 9477 3D pts, 19 cams and 61730 projs...
PBA: 0.238 -> 0.159 (1 LMs in 0.01sec)
#points w/ large errors:	12
Focal Length : [431.910]->[431.910]
Radial Distortion : [0.000 -> 0]

#############################
#20: [sofa (24)] sees 13790 (+1616) 3D points
Estimated Focal Length [432][0.67W]
# 5290 projs (714 pts and 129 merges)
PBA: 10010 3D pts, 20 cams and 66898 projs...
PBA: 0.234 -> 0.210 (1 LMs in 0.04sec)
#points w/ large errors:	20
Focal Length : [431.910]->[431.910]
Radial Distortion : [0.000 -> 0]

#############################
#21: [sofa (23)] sees 12324 (+1365) 3D points
Estimated Focal Length [432][0.67W]
# 4762 projs (708 pts and 103 merges)
SKIP: 0 cams, 22 points, 126 projs
PBA: 14320 3D pts, 20 cams and 79010 projs...
PBA: 0.206 -> 0.150 (2 LMs in 0.01sec)
#points w/ large errors:	21

**************************************
#21/21:  5547 projs and 877 pts added.
PBA: 14446 3D pts, 21 cams and 79660 projs...
PBA: 0.192 -> 0.184 (5 LMs in 0.01sec)
PBA: 14446 3D pts, 21 cams and 79660 projs...
PBA: 0.184 -> 0.184 (5 LMs in 0.01sec)
Focal Length : [431.910]->[431.910]
Radial Distortion : [0.000 -> 0]

#############################
#22: [sofa (21)] sees 12432 (+1310) 3D points
Estimated Focal Length [432][0.67W]
# 4511 projs (605 pts and 96 merges)
SKIP: 0 cams, 12 points, 50 projs
PBA: 14872 3D pts, 20 cams and 84005 projs...
PBA: 0.224 -> 0.204 (1 LMs in 0.05sec)
#points w/ large errors:	58
Focal Length : [431.910]->[431.910]
Radial Distortion : [0.000 -> 0]

#############################
#23: [sofa (29)] sees 15816 (+1235) 3D points
Estimated Focal Length [432][0.67W]
# 4637 projs (670 pts and 191 merges)
SKIP: 0 cams, 110 points, 527 projs
PBA: 15152 3D pts, 20 cams and 88085 projs...
PBA: 0.226 -> 0.196 (1 LMs in 0.01sec)
#points w/ large errors:	14
Focal Length : [431.910]->[431.910]
Radial Distortion : [0.000 -> 0]

#############################
#24: [sofa (11)] sees 9474 (+1112) 3D points
Estimated Focal Length [432][0.67W]
# 4365 projs (893 pts and 75 merges)
SKIP: 0 cams, 355 points, 882 projs
PBA: 15668 3D pts, 20 cams and 91766 projs...
PBA: 0.221 -> 0.200 (1 LMs in 0.02sec)
#points w/ large errors:	51
Focal Length : [431.910]->[431.910]
Radial Distortion : [0.000 -> 0]

#############################
#25: [sofa (12)] sees 10611 (+1353) 3D points
Estimated Focal Length [432][0.67W]
# 4648 projs (801 pts and 109 merges)
SKIP: 0 cams, 571 points, 1638 projs
PBA: 16024 3D pts, 20 cams and 95472 projs...
PBA: 0.265 -> 0.178 (1 LMs in 0.01sec)
#points w/ large errors:	25
Focal Length : [431.910]->[431.910]
Radial Distortion : [0.000 -> 0]

#############################
#26: [sofa (36)] sees 7553 (+986) 3D points
Estimated Focal Length [432][0.67W]
# 3867 projs (862 pts and 69 merges)
PBA: 12323 3D pts, 26 cams and 90440 projs...
PBA: 0.204 -> 0.191 (1 LMs in 0.04sec)
#points w/ large errors:	36
Focal Length : [431.910]->[431.910]
Radial Distortion : [0.000 -> 0]

#############################
#27: [sofa (1)] sees 11330 (+4066) 3D points
Estimated Focal Length [432][0.67W]
# 2927 projs (82 pts and 15 merges)
SKIP: 0 cams, 1454 points, 4051 projs
PBA: 15859 3D pts, 20 cams and 99294 projs...
PBA: 0.204 -> 0.167 (1 LMs in 0.01sec)
#points w/ large errors:	2

**************************************
#27/27:  3949 projs and 318 pts added.
PBA: 17482 3D pts, 27 cams and 103966 projs...
PBA: 0.253 -> 0.223 (1 LMs in 0.01sec)
PBA: 17482 3D pts, 27 cams and 103966 projs...
PBA: 0.223 -> 0.222 (4 LMs in 0.06sec)
Focal Length : [431.910]->[431.910]
Radial Distortion : [0.000 -> 0]

#############################
#28: [sofa (22)] sees 9185 (+824) 3D points
Estimated Focal Length [432][0.67W]
# 3152 projs (455 pts and 68 merges)
SKIP: 0 cams, 1581 points, 4228 projs
PBA: 16202 3D pts, 20 cams and 102738 projs...
PBA: 0.247 -> 0.233 (1 LMs in 0.01sec)
#points w/ large errors:	126
Focal Length : [431.910]->[431.910]
Radial Distortion : [0.000 -> 0]

#############################
#29: [sofa (20)] sees 8190 (+958) 3D points
Estimated Focal Length [432][0.67W]
# 3485 projs (654 pts and 80 merges)
SKIP: 0 cams, 1846 points, 5519 projs
PBA: 16368 3D pts, 20 cams and 104880 projs...
PBA: 0.215 -> 0.174 (1 LMs in 0.01sec)
#points w/ large errors:	7
Focal Length : [431.910]->[431.910]
Radial Distortion : [0.000 -> 0]

#############################
#30: [sofa (13)] sees 7770 (+865) 3D points
Estimated Focal Length [432][0.67W]
# 3277 projs (540 pts and 78 merges)
SKIP: 0 cams, 2078 points, 5712 projs
PBA: 16522 3D pts, 20 cams and 107268 projs...
PBA: 0.231 -> 0.200 (1 LMs in 0.04sec)
#points w/ large errors:	33
Focal Length : [431.910]->[431.910]
Radial Distortion : [0.000 -> 0]

#############################
#31: [sofa (15)] sees 8565 (+999) 3D points
Estimated Focal Length [432][0.67W]
# 2306 projs (0 pts and 32 merges)
SKIP: 0 cams, 2498 points, 6804 projs
PBA: 16077 3D pts, 20 cams and 108338 projs...
PBA: 0.310 -> 0.178 (1 LMs in 0.01sec)
#points w/ large errors:	35
Focal Length : [431.910]->[431.910]
Radial Distortion : [0.000 -> 0]

#############################
#32: [sofa (14)] sees 8915 (+1630) 3D points
Estimated Focal Length [432][0.67W]
# 4681 projs (1009 pts and 82 merges)
PBA: 14316 3D pts, 32 cams and 109324 projs...
PBA: 0.222 -> 0.190 (1 LMs in 0.01sec)
#points w/ large errors:	13
Focal Length : [431.910]->[431.910]
Radial Distortion : [0.000 -> 0]

#############################
#33: [sofa (19)] sees 10565 (+1273) 3D points
Estimated Focal Length [432][0.67W]
# 5182 projs (1138 pts and 201 merges)
SKIP: 0 cams, 3203 points, 9352 projs
PBA: 17066 3D pts, 20 cams and 115260 projs...
PBA: 0.232 -> 0.207 (1 LMs in 0.01sec)
#points w/ large errors:	26
Focal Length : [431.910]->[431.910]
Radial Distortion : [0.000 -> 0]

#############################
#34: [sofa (18)] sees 12510 (+1212) 3D points
Estimated Focal Length [432][0.67W]
# 4847 projs (838 pts and 263 merges)
SKIP: 0 cams, 3843 points, 11785 projs
PBA: 16995 3D pts, 20 cams and 117563 projs...
PBA: 0.240 -> 0.215 (1 LMs in 0.05sec)
#points w/ large errors:	30

**************************************
#34/34:  6874 projs and 1460 pts added.
PBA: 21277 3D pts, 34 cams and 130910 projs...
PBA: 0.254 -> 0.229 (1 LMs in 0.01sec)
#points w/ large errors:	1
PBA: 21276 3D pts, 34 cams and 130907 projs...
PBA: 0.245 -> 0.245 (6 LMs in 0.03sec)
Focal Length : [431.910]->[431.910]
Radial Distortion : [0.000 -> 0]

#############################
#35: [sofa (16)] sees 10115 (+877) 3D points
Estimated Focal Length [432][0.67W]
# 3261 projs (448 pts and 96 merges)
SKIP: 0 cams, 4315 points, 13651 projs
PBA: 17223 3D pts, 20 cams and 120371 projs...
PBA: 0.297 -> 0.280 (5 LMs in 0.08sec)
#points w/ large errors:	114
Focal Length : [431.910]->[431.910]
Radial Distortion : [0.000 -> 0]

#############################
#36: [sofa (17)] sees 9600 (+872) 3D points
Estimated Focal Length [432][0.67W]
# 3012 projs (343 pts and 102 merges)
SKIP: 0 cams, 4756 points, 15399 projs
PBA: 16928 3D pts, 20 cams and 121597 projs...
PBA: 0.308 -> 0.250 (1 LMs in 0.01sec)
#points w/ large errors:	24
Focal Length : [431.910]->[431.910]
Radial Distortion : [0.000 -> 0]
END: No more images to add [0 projs]

#############################
Failed to find two images for initialization
Resuming SfM finished, 4 sec used

---------------------------------------------------
36 cams, 21760 pts (3+: 15202)
136619 projections (3+: 123524)
---------------------------------------------------
1 model(s) reconstructed from 36 images;
36 modeled; 0 reused; 0 EXIF; 
4MB(4) used to store feature location.
---------------------------------------------------

########-------timing------#########
Structure-From-Motion finished, 4 sec used
2.9(2.3) seconds on Bundle Adjustment (+)
2.0(1.7) seconds on Bundle Adjustment (*)
#############################
----------------------------------------------------------------
Run full 3D reconstruction, finished
Totally 4.000 seconds used


# features : 6790 and 6790
[NM = 6763] [average scaling 1.000] [cov 1.000]
[NF = 6763] [average scaling 1.000] [cov 1.000]
[index] [3396: 0-6789] [3396: 0-6789]
NH = 6763 - 6763

Compute remaining photos, begin...

---------------------------------------------------
36 cams, 21760 pts (3+: 15202)
136619 projections (3+: 123524)
---------------------------------------------------
1 model(s) reconstructed from 36 images;
36 modeled; 0 reused; 0 EXIF; 
4MB(4) used to store feature location.
---------------------------------------------------
----------------------------------------------------------------
Compute remaining photos, aborted
Totally 0.000 seconds used


Compute remaining photos, begin...

---------------------------------------------------
36 cams, 21760 pts (3+: 15202)
136619 projections (3+: 123524)
---------------------------------------------------
1 model(s) reconstructed from 36 images;
36 modeled; 0 reused; 0 EXIF; 
4MB(4) used to store feature location.
---------------------------------------------------
----------------------------------------------------------------
Compute remaining photos, aborted
Totally 0.000 seconds used


Compute remaining photos, begin...

---------------------------------------------------
36 cams, 21760 pts (3+: 15202)
136619 projections (3+: 123524)
---------------------------------------------------
1 model(s) reconstructed from 36 images;
36 modeled; 0 reused; 0 EXIF; 
4MB(4) used to store feature location.
---------------------------------------------------
----------------------------------------------------------------
Compute remaining photos, aborted
Totally 0.000 seconds used


Compute remaining photos, begin...

---------------------------------------------------
36 cams, 21760 pts (3+: 15202)
136619 projections (3+: 123524)
---------------------------------------------------
1 model(s) reconstructed from 36 images;
36 modeled; 0 reused; 0 EXIF; 
4MB(4) used to store feature location.
---------------------------------------------------
----------------------------------------------------------------
Compute remaining photos, aborted
Totally 0.000 seconds used


Compute remaining photos, begin...

---------------------------------------------------
36 cams, 21760 pts (3+: 15202)
136619 projections (3+: 123524)
---------------------------------------------------
1 model(s) reconstructed from 36 images;
36 modeled; 0 reused; 0 EXIF; 
4MB(4) used to store feature location.
---------------------------------------------------
----------------------------------------------------------------
Compute remaining photos, aborted
Totally 0.000 seconds used

0: sofa (36)
image_size:	640x480
#sift count:	6502

**************************************
Change the number of pixel-loaded images by 
modifying param_visual_data_budget in nv.ini
Use the PAUSE button to skip the pixel loading
**************************************
Loading image pixel data ...done in 0s

Compute remaining photos, begin...

---------------------------------------------------
36 cams, 21760 pts (3+: 15202)
136619 projections (3+: 123524)
---------------------------------------------------
1 model(s) reconstructed from 37 images;
36 modeled; 0 reused; 0 EXIF; 
4MB(4) used to store feature location.
---------------------------------------------------
----------------------------------------------------------------
Compute remaining photos, aborted
Totally 0.000 seconds used


Compute Missing Pairwise Matching, begin...
36 pairs to compute match
NOTE: using 2 matching workers
0000 and 0036: 1653 matches, 0.05sec, #1
0000 and 0036: [1528/1653], H[246], 0.01sec
0001 and 0036: 1490 matches, 0.54sec, #1
0001 and 0036: [1369/1490], H[349], 0.01sec
0002 and 0036: 1685 matches, 0.05sec, #1
0002 and 0036: [1562/1685], H[740], 0.01sec
0003 and 0036: 1083 matches, 0.06sec, #1
0003 and 0036: [971/1083], H[469], 0.01sec
0004 and 0036: 956 matches, 0.04sec, #1
0004 and 0036: [796/956], H[293], 0.00sec
0005 and 0036: 620 matches, 0.05sec, #1
0005 and 0036: [464/620], H[314], 0.00sec
0006 and 0036: 371 matches, 0.05sec, #1
0006 and 0036: [264/371], H[27], 0.00sec
0007 and 0036: 365 matches, 0.06sec, #1
0007 and 0036: [244/365], H[82], 0.00sec
0008 and 0036: 300 matches, 0.05sec, #1
0008 and 0036: [184/300], H[71], 0.00sec
0009 and 0036: 221 matches, 0.42sec, #1
0009 and 0036: [133/221], H[24], 0.00sec
0020 and 0036: 155 matches, 0.05sec, #1
0020 and 0036: [90/155], H[20], 0.01sec
