0: sofa (1)
image_size:	640x480
1: sofa (2)
image_size:	640x480
2: sofa (3)
image_size:	640x480
3: sofa (4)
image_size:	640x480
4: sofa (5)
image_size:	640x480
5: sofa (6)
image_size:	640x480
6: sofa (7)
image_size:	640x480
7: sofa (8)
image_size:	640x480
8: sofa (9)
image_size:	640x480
9: sofa (10)
image_size:	640x480
10: sofa (11)
image_size:	640x480
11: sofa (12)
image_size:	640x480
12: sofa (13)
image_size:	640x480
13: sofa (14)
image_size:	640x480
14: sofa (15)
image_size:	640x480
15: sofa (16)
image_size:	640x480
16: sofa (17)
image_size:	640x480
17: sofa (18)
image_size:	640x480
18: sofa (19)
image_size:	640x480
19: sofa (20)
image_size:	640x480
20: sofa (21)
image_size:	640x480
21: sofa (22)
image_size:	640x480
22: sofa (23)
image_size:	640x480
23: sofa (24)
image_size:	640x480
24: sofa (25)
image_size:	640x480
25: sofa (26)
image_size:	640x480
26: sofa (27)
image_size:	640x480
27: sofa (28)
image_size:	640x480
28: sofa (29)
image_size:	640x480
29: sofa (30)
image_size:	640x480
30: sofa (31)
image_size:	640x480
31: sofa (32)
image_size:	640x480
32: sofa (33)
image_size:	640x480
33: sofa (34)
image_size:	640x480
34: sofa (35)
image_size:	640x480
35: sofa (36)
image_size:	640x480
**************************************
Change the number of pixel-loaded images by 
modifying param_visual_data_budget in nv.ini
Use the PAUSE button to skip the pixel loading
**************************************
Loading image pixel data ...done in 0s

Modifying Calibration, begin...
fx = 422.783722, cx = 334.824066
fy = 422.783722, cy = 252.070709
radial_distortion = 0.000000
----------------------------------------------------------------
Modifying Calibration, finished
Totally 0.000 seconds used


Compute Missing Pairwise Matching, begin...
********* WARNING ***********
More than 112MB of graphic memory may be allocated
under the default settings. If the program halts here,
adjust parameters to save memory and rerun the task: 
    [Tools->Enable GPU->Set Maximum DIM]
Note some octaves may be automatically skipped
SIFT: 0000, 640x480, 	7701, 0.92sec
SIFT: 0001, 640x480, 	7329, 0.12sec
SIFT: 0002, 640x480, 	7642, 0.12sec
SIFT: 0003, 640x480, 	7570, 0.12sec
SIFT: 0004, 640x480, 	8193, 0.14sec
SIFT: 0005, 640x480, 	8378, 0.12sec
SIFT: 0006, 640x480, 	8402, 0.13sec
SIFT: 0007, 640x480, 	8568, 0.13sec
SIFT: 0008, 640x480, 	8259, 0.12sec
SIFT: 0009, 640x480, 	8506, 0.13sec
SIFT: 0010, 640x480, 	8054, 0.17sec
SIFT: 0011, 640x480, 	8214, 0.13sec
SIFT: 0012, 640x480, 	7455, 0.12sec
SIFT: 0013, 640x480, 	7400, 0.12sec
SIFT: 0014, 640x480, 	7515, 0.13sec
SIFT: 0015, 640x480, 	6597, 0.12sec
SIFT: 0016, 640x480, 	6417, 0.11sec
SIFT: 0017, 640x480, 	7150, 0.11sec
SIFT: 0018, 640x480, 	7251, 0.11sec
SIFT: 0019, 640x480, 	6850, 0.11sec
SIFT: 0020, 640x480, 	7709, 0.12sec
SIFT: 0021, 640x480, 	6982, 0.12sec
SIFT: 0022, 640x480, 	7794, 0.13sec
SIFT: 0023, 640x480, 	8018, 0.13sec
SIFT: 0024, 640x480, 	8328, 0.13sec
SIFT: 0025, 640x480, 	8322, 0.12sec
SIFT: 0026, 640x480, 	8298, 0.12sec
SIFT: 0027, 640x480, 	8400, 0.13sec
SIFT: 0028, 640x480, 	8135, 0.13sec
SIFT: 0029, 640x480, 	8111, 0.12sec
SIFT: 0030, 640x480, 	8104, 0.12sec
SIFT: 0031, 640x480, 	8259, 0.13sec
SIFT: 0032, 640x480, 	7993, 0.15sec
SIFT: 0033, 640x480, 	7523, 0.12sec
SIFT: 0034, 640x480, 	7772, 0.12sec
SIFT: 0035, 640x480, 	7707, 0.11sec

###########-------timing------#########
36 Feature Detection finished, 6 sec used
#############################

630 pairs to compute match
NOTE: using 3 matching workers
0000 and 0001: 1625 matches, 0.24sec, #1
0001 and 0004: 1060 matches, 0.24sec, #2
0000 and 0001: [1136/1625], H[260], 0.01sec
0001 and 0004: [773/1060], H[483], 0.01sec
0001 and 0003: 1373 matches, 0.42sec, #0
0000 and 0002: 1229 matches, 0.17sec, #1
0001 and 0003: [1115/1373], H[653], 0.01sec
0000 and 0002: [836/1229], H[125], 0.01sec
0002 and 0004: 1831 matches, 0.18sec, #2
0002 and 0004: [1459/1831], H[960], 0.01sec
0001 and 0002: 2715 matches, 0.09sec, #1
0002 and 0003: 2217 matches, 0.14sec, #0
0001 and 0002: [2456/2715], H[988], 0.02sec
0002 and 0003: [1968/2217], H[515], 0.06sec
0003 and 0004: 2668 matches, 0.14sec, #2
0000 and 0003: 675 matches, 0.14sec, #1
0000 and 0004: 685 matches, 0.12sec, #0
0000 and 0003: [504/675], H[84], 0.01sec
0003 and 0004: [2495/2668], H[1034], 0.01sec
0000 and 0004: [477/685], H[106], 0.01sec
0000 and 0008: 239 matches, 0.14sec, #0
0000 and 0008: [133/239], H[28], 0.01sec
0003 and 0006: 1019 matches, 0.18sec, #1
0000 and 0005: 412 matches, 0.18sec, #2
0003 and 0006: [814/1019], H[230], 0.01sec
0000 and 0005: [245/412], H[66], 0.00sec
0001 and 0008: 266 matches, 0.11sec, #0
0001 and 0008: [155/266], H[65], 0.01sec
0002 and 0008: 391 matches, 0.16sec, #0
0002 and 0008: [272/391], H[175], 0.00sec
0001 and 0005: 559 matches, 0.23sec, #2
0004 and 0006: 1504 matches, 0.23sec, #1
0001 and 0005: [407/559], H[248], 0.00sec
0004 and 0006: [1146/1504], H[311], 0.01sec
0003 and 0008: 635 matches, 0.11sec, #0
0003 and 0008: [464/635], H[188], 0.01sec
0004 and 0008: 1055 matches, 0.17sec, #0
0002 and 0005: 950 matches, 0.21sec, #2
0004 and 0008: [795/1055], H[167], 0.01sec
0002 and 0005: [733/950], H[470], 0.01sec
0005 and 0006: 3002 matches, 0.23sec, #1
0003 and 0005: 1460 matches, 0.12sec, #2
0005 and 0008: 1890 matches, 0.14sec, #0
0003 and 0005: [1215/1460], H[586], 0.01sec
0005 and 0006: [2848/3002], H[839], 0.02sec
0005 and 0008: [1564/1890], H[241], 0.01sec
0006 and 0008: 2221 matches, 0.14sec, #0
0006 and 0008: [1890/2221], H[502], 0.02sec
0004 and 0005: 2661 matches, 0.20sec, #2
0004 and 0005: [2288/2661], H[685], 0.01sec
0000 and 0007: 252 matches, 0.25sec, #1
0007 and 0008: 3223 matches, 0.12sec, #0
0000 and 0007: [149/252], H[29], 0.01sec
0007 and 0008: [2962/3223], H[1654], 0.03sec
0000 and 0009: 196 matches, 0.12sec, #0
0000 and 0006: 276 matches, 0.18sec, #2
0000 and 0006: [152/276], H[32], 0.01sec
0000 and 0009: [90/196], H[30], 0.02sec
0001 and 0007: 316 matches, 0.22sec, #1
0001 and 0007: [201/316], H[20], 0.01sec
0001 and 0009: 199 matches, 0.12sec, #0
0001 and 0006: 351 matches, 0.13sec, #2
0001 and 0009: [109/199], H[31], 0.01sec
0001 and 0006: [219/351], H[54], 0.01sec
0002 and 0009: 271 matches, 0.15sec, #0
0002 and 0009: [169/271], H[44], 0.01sec
0002 and 0007: 511 matches, 0.19sec, #1
0002 and 0007: [359/511], H[132], 0.00sec
0002 and 0006: 588 matches, 0.19sec, #2
0002 and 0006: [434/588], H[209], 0.00sec
0003 and 0009: 399 matches, 0.12sec, #0
0003 and 0009: [268/399], H[66], 0.01sec
0004 and 0009: 623 matches, 0.13sec, #0
0004 and 0009: [436/623], H[149], 0.01sec
0003 and 0007: 859 matches, 0.19sec, #1
0003 and 0007: [662/859], H[323], 0.01sec
0003 and 0010: 257 matches, 0.23sec, #2
0005 and 0009: 1273 matches, 0.13sec, #0
0003 and 0010: [152/257], H[42], 0.01sec
0005 and 0009: [880/1273], H[268], 0.01sec
0006 and 0009: 1613 matches, 0.14sec, #0
0006 and 0009: [1358/1613], H[236], 0.01sec
0004 and 0007: 1410 matches, 0.29sec, #1
0004 and 0007: [1109/1410], H[664], 0.01sec
0004 and 0010: 336 matches, 0.28sec, #2
0004 and 0010: [215/336], H[46], 0.01sec
0007 and 0009: 2606 matches, 0.13sec, #0
0007 and 0009: [1976/2606], H[325], 0.05sec
0008 and 0009: 3012 matches, 0.13sec, #0
0008 and 0009: [2812/3012], H[1201], 0.02sec
0005 and 0007: 2696 matches, 0.28sec, #1
0005 and 0010: 599 matches, 0.24sec, #2
0005 and 0007: [2505/2696], H[256], 0.01sec
0005 and 0010: [375/599], H[63], 0.01sec
0000 and 0010: 127 matches, 0.11sec, #0
0000 and 0010: [57/127], H[11], 0.03sec
0001 and 0010: 136 matches, 0.12sec, #0
0001 and 0010: [69/136], H[19], 0.02sec
0006 and 0007: 3004 matches, 0.22sec, #1
0006 and 0007: [2738/3004], H[1278], 0.01sec
0006 and 0010: 939 matches, 0.24sec, #2
0006 and 0010: [735/939], H[191], 0.01sec
0002 and 0010: 150 matches, 0.11sec, #0
0002 and 0010: [76/150], H[15], 0.01sec
0002 and 0012: 135 matches, 0.11sec, #0
0002 and 0012: [58/135], H[8], 0.03sec
0003 and 0011: 246 matches, 0.19sec, #1
0003 and 0011: [147/246], H[19], 0.01sec
0007 and 0010: 1257 matches, 0.20sec, #2
0003 and 0012: 147 matches, 0.11sec, #0
0007 and 0010: [975/1257], H[124], 0.01sec
0003 and 0012: [86/147], H[29], 0.01sec
0004 and 0011: 341 matches, 0.20sec, #1
0004 and 0012: 201 matches, 0.13sec, #0
0004 and 0011: [211/341], H[31], 0.01sec
0004 and 0012: [118/201], H[28], 0.01sec
0008 and 0010: 1481 matches, 0.21sec, #2
0008 and 0010: [1265/1481], H[118], 0.01sec
0005 and 0012: 289 matches, 0.12sec, #0
0005 and 0011: 607 matches, 0.13sec, #1
0005 and 0012: [181/289], H[47], 0.01sec
0005 and 0011: [375/607], H[92], 0.01sec
0006 and 0012: 411 matches, 0.12sec, #0
0006 and 0012: [294/411], H[156], 0.01sec
0009 and 0010: 2738 matches, 0.20sec, #2
0006 and 0011: 773 matches, 0.20sec, #1
0006 and 0011: [578/773], H[191], 0.01sec
0009 and 0010: [2586/2738], H[648], 0.01sec
0007 and 0012: 453 matches, 0.11sec, #0
0007 and 0012: [341/453], H[182], 0.00sec
0008 and 0012: 632 matches, 0.14sec, #0
0008 and 0012: [487/632], H[80], 0.01sec
0000 and 0011: 134 matches, 0.23sec, #2
0007 and 0011: 1076 matches, 0.24sec, #1
0007 and 0011: [838/1076], H[108], 0.01sec
0009 and 0012: 1047 matches, 0.12sec, #0
0009 and 0012: [833/1047], H[213], 0.01sec
0000 and 0011: [48/134], H[14], 0.06sec
0008 and 0011: 1380 matches, 0.13sec, #1
0008 and 0011: [1062/1380], H[299], 0.01sec
0010 and 0012: 1688 matches, 0.13sec, #0
0010 and 0012: [1548/1688], H[273], 0.01sec
0011 and 0012: 2128 matches, 0.12sec, #0
0011 and 0012: [1939/2128], H[770], 0.02sec
0001 and 0011: 143 matches, 0.20sec, #2
0009 and 0011: 2110 matches, 0.20sec, #1
0001 and 0011: [60/143], H[5], 0.02sec
0009 and 0011: [1940/2110], H[364], 0.01sec
0000 and 0013: 78 matches, 0.10sec, #0
0000 and 0013: [25/78], H[14], 0.09sec
0002 and 0011: 175 matches, 0.16sec, #2
0010 and 0011: 3221 matches, 0.18sec, #1
0002 and 0011: [100/175], H[9], 0.01sec
0001 and 0013: 95 matches, 0.10sec, #0
0010 and 0011: [3089/3221], H[1292], 0.02sec
0001 and 0013: [36/95], H[10], 0.04sec
0002 and 0013: 111 matches, 0.10sec, #0
0010 and 0013: 1202 matches, 0.17sec, #2
0010 and 0013: [993/1202], H[125], 0.01sec
0002 and 0013: [53/111], H[20], 0.05sec
0000 and 0012: 86 matches, 0.25sec, #1
0011 and 0013: 1745 matches, 0.11sec, #2
0000 and 0012: [34/86], H[17], 0.03sec
0011 and 0013: [1392/1745], H[405], 0.01sec
0003 and 0013: 134 matches, 0.10sec, #0
0003 and 0013: [74/134], H[22], 0.01sec
0004 and 0013: 181 matches, 0.12sec, #0
0004 and 0013: [96/181], H[30], 0.01sec
0001 and 0012: 101 matches, 0.18sec, #1
0001 and 0012: [44/101], H[17], 0.02sec
0012 and 0013: 2100 matches, 0.21sec, #2
0005 and 0013: 275 matches, 0.12sec, #0
0005 and 0013: [171/275], H[67], 0.01sec
0012 and 0013: [1991/2100], H[363], 0.08sec
0006 and 0013: 317 matches, 0.12sec, #0
0006 and 0013: [205/317], H[72], 0.01sec
0007 and 0014: 440 matches, 0.22sec, #1
0007 and 0014: [268/440], H[38], 0.01sec
0000 and 0014: 108 matches, 0.12sec, #2
0007 and 0013: 416 matches, 0.11sec, #0
0007 and 0013: [261/416], H[81], 0.01sec
0008 and 0014: 562 matches, 0.12sec, #1
0000 and 0014: [31/108], H[10], 0.06sec
0008 and 0014: [324/562], H[136], 0.01sec
0008 and 0013: 547 matches, 0.11sec, #0
0008 and 0013: [355/547], H[96], 0.01sec
0009 and 0013: 882 matches, 0.12sec, #0
0009 and 0013: [679/882], H[79], 0.01sec
0001 and 0014: 98 matches, 0.21sec, #2
0009 and 0014: 945 matches, 0.23sec, #1
0003 and 0015: 66 matches, 0.10sec, #0
0009 and 0014: [645/945], H[98], 0.01sec
0003 and 0015: [29/66], H[8], 0.01sec
0001 and 0014: [31/98], H[5], 0.06sec
0004 and 0015: 103 matches, 0.11sec, #0
0004 and 0015: [48/103], H[7], 0.02sec
0010 and 0014: 1384 matches, 0.24sec, #1
0005 and 0015: 128 matches, 0.12sec, #0
0002 and 0014: 120 matches, 0.17sec, #2
0010 and 0014: [994/1384], H[165], 0.01sec
0005 and 0015: [72/128], H[20], 0.01sec
0002 and 0014: [48/120], H[10], 0.04sec
0006 and 0015: 169 matches, 0.11sec, #0
0006 and 0015: [98/169], H[32], 0.01sec
0011 and 0014: 1890 matches, 0.20sec, #1
0007 and 0015: 210 matches, 0.10sec, #0
0007 and 0015: [141/210], H[53], 0.00sec
0003 and 0014: 140 matches, 0.15sec, #2
0011 and 0014: [1263/1890], H[310], 0.01sec
0003 and 0014: [60/140], H[24], 0.02sec
0012 and 0014: 1865 matches, 0.10sec, #1
0008 and 0015: 262 matches, 0.13sec, #0
0008 and 0015: [166/262], H[85], 0.01sec
0012 and 0014: [1698/1865], H[322], 0.01sec
0009 and 0015: 449 matches, 0.14sec, #0
0009 and 0015: [328/449], H[48], 0.01sec
0004 and 0014: 186 matches, 0.19sec, #2
0004 and 0014: [83/186], H[30], 0.02sec
0013 and 0014: 2649 matches, 0.14sec, #1
0010 and 0015: 700 matches, 0.10sec, #0
0013 and 0014: [2197/2649], H[1304], 0.02sec
0010 and 0015: [596/700], H[39], 0.01sec
0011 and 0015: 922 matches, 0.10sec, #0
0011 and 0015: [743/922], H[114], 0.01sec
0005 and 0014: 267 matches, 0.17sec, #2
0000 and 0015: 48 matches, 0.16sec, #1
0005 and 0014: [135/267], H[37], 0.01sec
0012 and 0015: 1712 matches, 0.10sec, #0
0012 and 0015: [1402/1712], H[468], 0.01sec
0000 and 0015: [15/48], H[7], 0.11sec
0006 and 0014: 329 matches, 0.11sec, #2
0013 and 0015: 1687 matches, 0.09sec, #0
0006 and 0014: [187/329], H[42], 0.01sec
0013 and 0015: [1263/1687], H[589], 0.01sec
0014 and 0015: 1773 matches, 0.10sec, #0
0001 and 0015: 49 matches, 0.15sec, #1
0014 and 0015: [1602/1773], H[598], 0.01sec
0008 and 0016: 220 matches, 0.15sec, #2
0008 and 0016: [155/220], H[30], 0.00sec
0001 and 0015: [19/49], H[6], 0.06sec
0000 and 0016: 58 matches, 0.11sec, #0
0009 and 0016: 404 matches, 0.13sec, #2
0009 and 0016: [298/404], H[51], 0.00sec
0000 and 0016: [23/58], H[9], 0.07sec
0002 and 0015: 67 matches, 0.15sec, #1
0010 and 0016: 596 matches, 0.10sec, #2
0001 and 0016: 51 matches, 0.09sec, #0
0010 and 0016: [422/596], H[95], 0.00sec
0002 and 0015: [24/67], H[8], 0.03sec
0001 and 0016: [21/51], H[9], 0.10sec
0011 and 0016: 816 matches, 0.12sec, #2
0011 and 0016: [632/816], H[147], 0.01sec
0002 and 0017: 119 matches, 0.14sec, #1
0002 and 0016: 63 matches, 0.09sec, #0
0002 and 0017: [46/119], H[12], 0.04sec
0002 and 0016: [23/63], H[12], 0.08sec
0012 and 0016: 1254 matches, 0.12sec, #2
0003 and 0017: 110 matches, 0.09sec, #1
0012 and 0016: [852/1254], H[168], 0.01sec
0003 and 0016: 74 matches, 0.09sec, #0
0003 and 0017: [57/110], H[16], 0.01sec
0003 and 0016: [34/74], H[9], 0.02sec
0004 and 0016: 83 matches, 0.10sec, #0
0013 and 0016: 1249 matches, 0.15sec, #2
0004 and 0016: [44/83], H[8], 0.01sec
0013 and 0016: [873/1249], H[125], 0.01sec
0004 and 0017: 179 matches, 0.22sec, #1
0005 and 0016: 130 matches, 0.10sec, #0
0004 and 0017: [85/179], H[23], 0.01sec
0005 and 0016: [77/130], H[14], 0.01sec
0014 and 0016: 1410 matches, 0.18sec, #2
0005 and 0017: 252 matches, 0.11sec, #1
0014 and 0016: [1165/1410], H[514], 0.01sec
0006 and 0016: 153 matches, 0.11sec, #0
0005 and 0017: [132/252], H[43], 0.01sec
0006 and 0016: [98/153], H[25], 0.01sec
0007 and 0016: 189 matches, 0.11sec, #0
0015 and 0016: 2313 matches, 0.14sec, #2
0007 and 0016: [132/189], H[72], 0.01sec
0015 and 0016: [2201/2313], H[1269], 0.02sec
0006 and 0017: 323 matches, 0.17sec, #1
0012 and 0017: 1305 matches, 0.10sec, #0
0006 and 0017: [172/323], H[51], 0.01sec
0012 and 0017: [843/1305], H[248], 0.01sec
0013 and 0017: 1255 matches, 0.14sec, #0
0013 and 0017: [760/1255], H[138], 0.01sec
0000 and 0017: 92 matches, 0.26sec, #2
0007 and 0017: 433 matches, 0.24sec, #1
0007 and 0017: [221/433], H[57], 0.01sec
0000 and 0017: [23/92], H[5], 0.04sec
0014 and 0017: 1863 matches, 0.10sec, #0
0014 and 0017: [1405/1863], H[240], 0.01sec
0015 and 0017: 1283 matches, 0.09sec, #0
0015 and 0017: [1114/1283], H[332], 0.01sec
0008 and 0017: 453 matches, 0.18sec, #1
0001 and 0017: 125 matches, 0.19sec, #2
0008 and 0017: [258/453], H[31], 0.01sec
0016 and 0017: 1232 matches, 0.09sec, #0
0016 and 0017: [1057/1232], H[355], 0.01sec
0009 and 0017: 834 matches, 0.12sec, #1
0001 and 0017: [32/125], H[19], 0.13sec
0000 and 0018: 89 matches, 0.11sec, #0
0009 and 0017: [550/834], H[77], 0.01sec
0000 and 0018: [24/89], H[14], 0.14sec
0005 and 0018: 240 matches, 0.15sec, #2
0005 and 0018: [130/240], H[29], 0.01sec
0010 and 0017: 1112 matches, 0.17sec, #1
0010 and 0017: [754/1112], H[136], 0.01sec
0001 and 0018: 90 matches, 0.11sec, #0
0006 and 0018: 273 matches, 0.14sec, #2
0001 and 0018: [25/90], H[4], 0.09sec
0006 and 0018: [153/273], H[30], 0.01sec
0002 and 0018: 117 matches, 0.10sec, #0
0011 and 0017: 1342 matches, 0.21sec, #1
0011 and 0017: [853/1342], H[179], 0.01sec
0007 and 0018: 377 matches, 0.13sec, #2
0007 and 0018: [201/377], H[67], 0.05sec
0002 and 0018: [35/117], H[10], 0.09sec
0015 and 0018: 1737 matches, 0.08sec, #1
0015 and 0018: [1503/1737], H[276], 0.01sec
0008 and 0018: 468 matches, 0.10sec, #2
0003 and 0018: 123 matches, 0.13sec, #0
0008 and 0018: [244/468], H[70], 0.01sec
0003 and 0018: [48/123], H[13], 0.07sec
0016 and 0018: 1410 matches, 0.12sec, #1
0009 and 0018: 763 matches, 0.13sec, #2
0016 and 0018: [1294/1410], H[529], 0.01sec
0009 and 0018: [442/763], H[34], 0.01sec
0004 and 0018: 135 matches, 0.11sec, #0
0004 and 0018: [69/135], H[19], 0.01sec
0007 and 0019: 386 matches, 0.12sec, #0
0017 and 0018: 2844 matches, 0.15sec, #1
0007 and 0019: [249/386], H[48], 0.01sec
0017 and 0018: [2706/2844], H[1214], 0.02sec
0010 and 0018: 1070 matches, 0.20sec, #2
0008 and 0019: 363 matches, 0.10sec, #0
0010 and 0018: [711/1070], H[85], 0.01sec
0008 and 0019: [187/363], H[31], 0.01sec
0009 and 0019: 683 matches, 0.11sec, #0
0009 and 0019: [389/683], H[59], 0.01sec
0000 and 0019: 68 matches, 0.17sec, #1
0011 and 0018: 1325 matches, 0.17sec, #2
0000 and 0019: [27/68], H[12], 0.04sec
0011 and 0018: [842/1325], H[105], 0.01sec
0010 and 0019: 1142 matches, 0.10sec, #0
0010 and 0019: [640/1142], H[73], 0.04sec
0001 and 0019: 82 matches, 0.15sec, #1
0011 and 0019: 947 matches, 0.11sec, #0
0012 and 0018: 1289 matches, 0.17sec, #2
0011 and 0019: [541/947], H[71], 0.01sec
0012 and 0018: [937/1289], H[283], 0.01sec
0001 and 0019: [30/82], H[7], 0.03sec
0012 and 0019: 793 matches, 0.12sec, #0
0012 and 0019: [485/793], H[52], 0.01sec
0013 and 0018: 1667 matches, 0.14sec, #2
0013 and 0018: [1039/1667], H[252], 0.01sec
0002 and 0019: 85 matches, 0.17sec, #1
0013 and 0019: 647 matches, 0.10sec, #0
0013 and 0019: [448/647], H[71], 0.01sec
0002 and 0019: [30/85], H[10], 0.07sec
0014 and 0018: 2270 matches, 0.10sec, #2
0014 and 0019: 834 matches, 0.10sec, #0
0014 and 0018: [1638/2270], H[594], 0.02sec
0014 and 0019: [696/834], H[129], 0.01sec
0015 and 0019: 711 matches, 0.09sec, #0
0015 and 0019: [606/711], H[180], 0.01sec
0003 and 0019: 137 matches, 0.15sec, #1
0003 and 0019: [63/137], H[21], 0.01sec
0017 and 0019: 1431 matches, 0.14sec, #2
0016 and 0019: 664 matches, 0.08sec, #0
0017 and 0019: [1173/1431], H[195], 0.01sec
0016 and 0019: [584/664], H[98], 0.01sec
0008 and 0020: 913 matches, 0.12sec, #0
0008 and 0020: [601/913], H[216], 0.01sec
0004 and 0019: 153 matches, 0.17sec, #1
0004 and 0019: [76/153], H[29], 0.01sec
0018 and 0019: 1208 matches, 0.16sec, #2
0009 and 0020: 1364 matches, 0.11sec, #0
0018 and 0019: [1054/1208], H[213], 0.01sec
0009 and 0020: [924/1364], H[60], 0.04sec
0005 and 0019: 200 matches, 0.17sec, #1
0005 and 0019: [121/200], H[28], 0.01sec
0010 and 0020: 1055 matches, 0.12sec, #0
0000 and 0020: 130 matches, 0.16sec, #2
0010 and 0020: [754/1055], H[35], 0.01sec
0000 and 0020: [49/130], H[5], 0.08sec
0006 and 0019: 302 matches, 0.10sec, #1
0006 and 0019: [185/302], H[60], 0.01sec
0011 and 0020: 1049 matches, 0.12sec, #0
0011 and 0020: [646/1049], H[98], 0.01sec
0012 and 0020: 716 matches, 0.11sec, #0
0001 and 0020: 113 matches, 0.17sec, #2
0012 and 0020: [541/716], H[225], 0.01sec
0001 and 0020: [48/113], H[9], 0.02sec
0018 and 0020: 980 matches, 0.19sec, #1
0013 and 0020: 770 matches, 0.11sec, #0
0018 and 0020: [652/980], H[88], 0.01sec
0013 and 0020: [557/770], H[266], 0.01sec
0014 and 0020: 901 matches, 0.11sec, #0
0014 and 0020: [731/901], H[290], 0.01sec
0002 and 0020: 151 matches, 0.21sec, #2
0002 and 0020: [76/151], H[39], 0.01sec
0019 and 0020: 1461 matches, 0.20sec, #1
0015 and 0020: 514 matches, 0.10sec, #0
0015 and 0020: [405/514], H[36], 0.01sec
0019 and 0020: [1317/1461], H[367], 0.01sec
0016 and 0020: 459 matches, 0.10sec, #0
0016 and 0020: [357/459], H[117], 0.01sec
0003 and 0020: 217 matches, 0.18sec, #2
0003 and 0020: [130/217], H[72], 0.01sec
0000 and 0021: 74 matches, 0.15sec, #1
0017 and 0020: 1055 matches, 0.12sec, #0
0000 and 0021: [37/74], H[12], 0.01sec
0017 and 0020: [736/1055], H[150], 0.01sec
0004 and 0020: 334 matches, 0.16sec, #2
0001 and 0021: 84 matches, 0.10sec, #1
0004 and 0020: [194/334], H[79], 0.01sec
0008 and 0021: 613 matches, 0.11sec, #0
0008 and 0021: [351/613], H[71], 0.01sec
0001 and 0021: [36/84], H[14], 0.02sec
0009 and 0021: 815 matches, 0.11sec, #0
0009 and 0021: [456/815], H[98], 0.01sec
0005 and 0020: 559 matches, 0.17sec, #2
0005 and 0020: [386/559], H[229], 0.00sec
0002 and 0021: 101 matches, 0.18sec, #1
0010 and 0021: 759 matches, 0.11sec, #0
0002 and 0021: [58/101], H[17], 0.01sec
0010 and 0021: [447/759], H[101], 0.01sec
0011 and 0021: 650 matches, 0.11sec, #0
0011 and 0021: [415/650], H[79], 0.01sec
0006 and 0020: 636 matches, 0.21sec, #2
0003 and 0021: 155 matches, 0.20sec, #1
0006 and 0020: [446/636], H[270], 0.00sec
0003 and 0021: [98/155], H[34], 0.00sec
0012 and 0021: 530 matches, 0.09sec, #0
0012 and 0021: [415/530], H[55], 0.01sec
0013 and 0021: 634 matches, 0.11sec, #0
0013 and 0021: [436/634], H[68], 0.01sec
0007 and 0020: 965 matches, 0.20sec, #2
0004 and 0021: 187 matches, 0.21sec, #1
0014 and 0021: 627 matches, 0.10sec, #0
0007 and 0020: [656/965], H[346], 0.01sec
0004 and 0021: [124/187], H[37], 0.00sec
0014 and 0021: [526/627], H[72], 0.01sec
0015 and 0021: 591 matches, 0.10sec, #0
0015 and 0021: [486/591], H[94], 0.01sec
0018 and 0021: 1001 matches, 0.17sec, #2
0005 and 0021: 305 matches, 0.20sec, #1
0018 and 0021: [686/1001], H[110], 0.01sec
0005 and 0021: [207/305], H[102], 0.00sec
0016 and 0021: 409 matches, 0.09sec, #0
0016 and 0021: [327/409], H[27], 0.00sec
0017 and 0021: 901 matches, 0.10sec, #0
0017 and 0021: [675/901], H[161], 0.01sec
0019 and 0021: 1480 matches, 0.15sec, #2
0019 and 0021: [1386/1480], H[491], 0.01sec
0006 and 0021: 323 matches, 0.19sec, #1
0006 and 0021: [209/323], H[38], 0.00sec
0007 and 0022: 1007 matches, 0.12sec, #0
0007 and 0022: [673/1007], H[135], 0.01sec
0008 and 0022: 842 matches, 0.12sec, #0
0008 and 0022: [602/842], H[221], 0.01sec
0020 and 0021: 2077 matches, 0.19sec, #2
0007 and 0021: 578 matches, 0.18sec, #1
0020 and 0021: [1863/2077], H[907], 0.01sec
0007 and 0021: [370/578], H[51], 0.01sec
0009 and 0022: 1091 matches, 0.12sec, #0
0009 and 0022: [779/1091], H[91], 0.01sec
0010 and 0022: 818 matches, 0.12sec, #0
0010 and 0022: [641/818], H[83], 0.01sec
0000 and 0022: 134 matches, 0.20sec, #2
0017 and 0022: 642 matches, 0.19sec, #1
0000 and 0022: [66/134], H[14], 0.01sec
0017 and 0022: [391/642], H[56], 0.01sec
0011 and 0022: 775 matches, 0.12sec, #0
0011 and 0022: [536/775], H[81], 0.01sec
0012 and 0022: 464 matches, 0.11sec, #0
0012 and 0022: [349/464], H[25], 0.01sec
0001 and 0022: 152 matches, 0.17sec, #2
0001 and 0022: [77/152], H[48], 0.01sec
0018 and 0022: 705 matches, 0.18sec, #1
0018 and 0022: [413/705], H[40], 0.01sec
0013 and 0022: 532 matches, 0.11sec, #0
0013 and 0022: [384/532], H[195], 0.01sec
0014 and 0022: 559 matches, 0.11sec, #0
0014 and 0022: [408/559], H[131], 0.01sec
0002 and 0022: 181 matches, 0.18sec, #2
0002 and 0022: [114/181], H[46], 0.00sec
0019 and 0022: 1060 matches, 0.18sec, #1
0019 and 0022: [938/1060], H[202], 0.01sec
0015 and 0022: 401 matches, 0.10sec, #0
0015 and 0022: [259/401], H[45], 0.01sec
0016 and 0022: 294 matches, 0.10sec, #0
0016 and 0022: [213/294], H[36], 0.01sec
0003 and 0022: 298 matches, 0.19sec, #2
0003 and 0022: [180/298], H[30], 0.00sec
0020 and 0022: 2722 matches, 0.19sec, #1
0005 and 0023: 859 matches, 0.12sec, #0
0005 and 0023: [656/859], H[258], 0.01sec
0020 and 0022: [2421/2722], H[571], 0.07sec
0004 and 0022: 399 matches, 0.16sec, #2
0006 and 0023: 851 matches, 0.13sec, #0
0004 and 0022: [256/399], H[104], 0.01sec
0006 and 0023: [650/851], H[247], 0.01sec
0007 and 0023: 1176 matches, 0.13sec, #0
0007 and 0023: [935/1176], H[145], 0.01sec
0021 and 0022: 1900 matches, 0.22sec, #1
0021 and 0022: [1716/1900], H[598], 0.01sec
0005 and 0022: 623 matches, 0.22sec, #2
0008 and 0023: 961 matches, 0.12sec, #0
0005 and 0022: [454/623], H[94], 0.01sec
0008 and 0023: [779/961], H[174], 0.01sec
0009 and 0023: 1213 matches, 0.21sec, #0
0009 and 0023: [988/1213], H[143], 0.01sec
0000 and 0023: 191 matches, 0.28sec, #1
0006 and 0022: 606 matches, 0.28sec, #2
0000 and 0023: [84/191], H[39], 0.02sec
0006 and 0022: [448/606], H[215], 0.00sec
0010 and 0023: 886 matches, 0.12sec, #0
0010 and 0023: [682/886], H[56], 0.01sec
0011 and 0023: 908 matches, 0.13sec, #0
0011 and 0023: [691/908], H[284], 0.01sec
0001 and 0023: 211 matches, 0.24sec, #1
0015 and 0023: 373 matches, 0.25sec, #2
0012 and 0023: 507 matches, 0.11sec, #0
0001 and 0023: [116/211], H[53], 0.01sec
0015 and 0023: [235/373], H[79], 0.00sec
0012 and 0023: [386/507], H[191], 0.00sec
0013 and 0023: 515 matches, 0.12sec, #0
0013 and 0023: [346/515], H[131], 0.01sec
0002 and 0023: 282 matches, 0.22sec, #1
0016 and 0023: 300 matches, 0.22sec, #2
0014 and 0023: 564 matches, 0.12sec, #0
0002 and 0023: [161/282], H[68], 0.01sec
0016 and 0023: [194/300], H[86], 0.01sec
0014 and 0023: [390/564], H[141], 0.00sec
0002 and 0024: 495 matches, 0.16sec, #0
0002 and 0024: [279/495], H[81], 0.01sec
0003 and 0023: 380 matches, 0.21sec, #1
0003 and 0023: [239/380], H[132], 0.00sec
0017 and 0023: 629 matches, 0.21sec, #2
0017 and 0023: [377/629], H[73], 0.01sec
0003 and 0024: 609 matches, 0.13sec, #0
0004 and 0023: 583 matches, 0.12sec, #1
0003 and 0024: [389/609], H[212], 0.01sec
0004 and 0023: [361/583], H[92], 0.05sec
0018 and 0023: 612 matches, 0.12sec, #2
0018 and 0023: [357/612], H[88], 0.01sec
0004 and 0024: 835 matches, 0.12sec, #0
0004 and 0024: [561/835], H[201], 0.01sec
0005 and 0024: 973 matches, 0.12sec, #0
0005 and 0024: [674/973], H[167], 0.01sec
0019 and 0023: 878 matches, 0.19sec, #2
0012 and 0024: 349 matches, 0.21sec, #1
0019 and 0023: [773/878], H[154], 0.00sec
0012 and 0024: [230/349], H[55], 0.00sec
0006 and 0024: 978 matches, 0.12sec, #0
0006 and 0024: [667/978], H[317], 0.01sec
0007 and 0024: 1152 matches, 0.12sec, #0
0007 and 0024: [791/1152], H[166], 0.01sec
0020 and 0023: 2548 matches, 0.22sec, #2
0020 and 0023: [2217/2548], H[184], 0.01sec
0013 and 0024: 325 matches, 0.24sec, #1
0013 and 0024: [207/325], H[85], 0.01sec
0008 and 0024: 803 matches, 0.13sec, #0
0008 and 0024: [504/803], H[341], 0.01sec
0009 and 0024: 844 matches, 0.14sec, #0
0009 and 0024: [558/844], H[223], 0.01sec
0021 and 0023: 1296 matches, 0.20sec, #2
0021 and 0023: [1055/1296], H[307], 0.01sec
0014 and 0024: 416 matches, 0.21sec, #1
0010 and 0024: 633 matches, 0.12sec, #0
0014 and 0024: [234/416], H[101], 0.01sec
0010 and 0024: [456/633], H[47], 0.01sec
0011 and 0024: 694 matches, 0.13sec, #0
0011 and 0024: [488/694], H[237], 0.01sec
0022 and 0023: 3324 matches, 0.21sec, #2
0022 and 0023: [3188/3324], H[2009], 0.00sec
0022 and 0024: 1879 matches, 0.12sec, #0
0015 and 0024: 227 matches, 0.29sec, #1
0022 and 0024: [1582/1879], H[395], 0.01sec
0015 and 0024: [145/227], H[37], 0.00sec
0000 and 0024: 275 matches, 0.17sec, #2
0000 and 0024: [146/275], H[24], 0.01sec
0023 and 0024: 2941 matches, 0.12sec, #0
0023 and 0024: [2579/2941], H[383], 0.02sec
0016 and 0024: 199 matches, 0.20sec, #1
0016 and 0024: [132/199], H[43], 0.00sec
0001 and 0024: 370 matches, 0.11sec, #2
0000 and 0025: 257 matches, 0.11sec, #0
0000 and 0025: [128/257], H[17], 0.01sec
0001 and 0024: [226/370], H[89], 0.05sec
0017 and 0024: 441 matches, 0.15sec, #1
0017 and 0024: [248/441], H[74], 0.01sec
0001 and 0025: 292 matches, 0.13sec, #0
0001 and 0025: [160/292], H[25], 0.01sec
0008 and 0025: 866 matches, 0.26sec, #2
0002 and 0025: 429 matches, 0.13sec, #0
0008 and 0025: [555/866], H[358], 0.01sec
0002 and 0025: [243/429], H[75], 0.01sec
0018 and 0024: 412 matches, 0.20sec, #1
0018 and 0024: [232/412], H[89], 0.06sec
0003 and 0025: 504 matches, 0.14sec, #0
0003 and 0025: [331/504], H[171], 0.01sec
0009 and 0025: 957 matches, 0.27sec, #2
0019 and 0024: 541 matches, 0.20sec, #1
0009 and 0025: [657/957], H[145], 0.01sec
0004 and 0025: 788 matches, 0.12sec, #0
0019 and 0024: [423/541], H[38], 0.00sec
0004 and 0025: [505/788], H[253], 0.01sec
0005 and 0025: 990 matches, 0.13sec, #0
0005 and 0025: [626/990], H[343], 0.01sec
0010 and 0025: 719 matches, 0.23sec, #2
0020 and 0024: 1418 matches, 0.23sec, #1
0010 and 0025: [526/719], H[153], 0.01sec
0020 and 0024: [1191/1418], H[190], 0.01sec
0006 and 0025: 962 matches, 0.12sec, #0
0006 and 0025: [622/962], H[267], 0.01sec
0007 and 0025: 1229 matches, 0.13sec, #0
0007 and 0025: [845/1229], H[104], 0.01sec
0011 and 0025: 779 matches, 0.23sec, #2
0021 and 0024: 748 matches, 0.24sec, #1
0011 and 0025: [581/779], H[217], 0.01sec
0021 and 0024: [611/748], H[132], 0.00sec
0018 and 0025: 446 matches, 0.11sec, #0
0018 and 0025: [248/446], H[68], 0.01sec
0019 and 0025: 655 matches, 0.11sec, #0
0019 and 0025: [538/655], H[85], 0.01sec
0012 and 0025: 396 matches, 0.22sec, #2
0003 and 0026: 631 matches, 0.22sec, #1
0012 and 0025: [264/396], H[85], 0.00sec
0003 and 0026: [403/631], H[124], 0.00sec
0020 and 0025: 1697 matches, 0.13sec, #0
0020 and 0025: [1393/1697], H[490], 0.01sec
0021 and 0025: 870 matches, 0.11sec, #0
0021 and 0025: [705/870], H[163], 0.01sec
0013 and 0025: 369 matches, 0.24sec, #2
0004 and 0026: 855 matches, 0.24sec, #1
0013 and 0025: [247/369], H[47], 0.00sec
0004 and 0026: [604/855], H[394], 0.01sec
0022 and 0025: 2224 matches, 0.11sec, #0
0022 and 0025: [1749/2224], H[316], 0.02sec
0023 and 0025: 3422 matches, 0.12sec, #0
0023 and 0025: [3121/3422], H[1475], 0.03sec
0005 and 0026: 1059 matches, 0.25sec, #1
0014 and 0025: 431 matches, 0.26sec, #2
0005 and 0026: [671/1059], H[430], 0.01sec
0014 and 0025: [275/431], H[136], 0.01sec
0024 and 0025: 4212 matches, 0.12sec, #0
0024 and 0025: [4070/4212], H[2858], 0.04sec
0000 and 0026: 302 matches, 0.11sec, #0
0000 and 0026: [158/302], H[46], 0.01sec
0015 and 0025: 257 matches, 0.21sec, #2
0006 and 0026: 1047 matches, 0.23sec, #1
0015 and 0025: [167/257], H[64], 0.00sec
0001 and 0026: 406 matches, 0.11sec, #0
0006 and 0026: [713/1047], H[369], 0.01sec
0001 and 0026: [253/406], H[139], 0.01sec
0002 and 0026: 518 matches, 0.13sec, #0
0002 and 0026: [331/518], H[95], 0.01sec
0016 and 0025: 231 matches, 0.20sec, #2
0007 and 0026: 1192 matches, 0.23sec, #1
0016 and 0025: [159/231], H[51], 0.00sec
0013 and 0026: 310 matches, 0.11sec, #0
0007 and 0026: [903/1192], H[141], 0.01sec
0013 and 0026: [202/310], H[40], 0.01sec
0014 and 0026: 354 matches, 0.14sec, #0
0017 and 0025: 496 matches, 0.20sec, #2
0014 and 0026: [236/354], H[56], 0.01sec
0017 and 0025: [291/496], H[39], 0.01sec
0008 and 0026: 770 matches, 0.21sec, #1
0015 and 0026: 218 matches, 0.11sec, #0
0008 and 0026: [522/770], H[213], 0.01sec
0015 and 0026: [139/218], H[18], 0.00sec
0023 and 0026: 2812 matches, 0.20sec, #2
0016 and 0026: 193 matches, 0.11sec, #0
0023 and 0026: [2546/2812], H[481], 0.02sec
0016 and 0026: [121/193], H[65], 0.00sec
0009 and 0026: 867 matches, 0.18sec, #1
0009 and 0026: [603/867], H[231], 0.01sec
0017 and 0026: 381 matches, 0.12sec, #0
0017 and 0026: [219/381], H[79], 0.01sec
0024 and 0026: 4355 matches, 0.15sec, #2
0024 and 0026: [4240/4355], H[2104], 0.04sec
0018 and 0026: 354 matches, 0.11sec, #0
0018 and 0026: [191/354], H[57], 0.01sec
0010 and 0026: 636 matches, 0.16sec, #1
0010 and 0026: [460/636], H[187], 0.01sec
0025 and 0026: 3948 matches, 0.14sec, #2
0019 and 0026: 505 matches, 0.11sec, #0
0019 and 0026: [391/505], H[66], 0.01sec
0025 and 0026: [3803/3948], H[1715], 0.03sec
0020 and 0026: 1321 matches, 0.12sec, #0
0020 and 0026: [1092/1321], H[167], 0.01sec
0011 and 0026: 665 matches, 0.23sec, #1
0011 and 0026: [500/665], H[254], 0.01sec
0000 and 0027: 344 matches, 0.16sec, #2
0000 and 0027: [201/344], H[129], 0.01sec
0021 and 0026: 706 matches, 0.14sec, #0
0021 and 0026: [600/706], H[89], 0.01sec
0022 and 0026: 1703 matches, 0.13sec, #0
0022 and 0026: [1500/1703], H[383], 0.01sec
0012 and 0026: 339 matches, 0.29sec, #1
0001 and 0027: 402 matches, 0.27sec, #2
0012 and 0026: [227/339], H[49], 0.00sec
0001 and 0027: [252/402], H[67], 0.01sec
0007 and 0027: 899 matches, 0.12sec, #0
0007 and 0027: [691/899], H[135], 0.01sec
0008 and 0027: 569 matches, 0.13sec, #0
0008 and 0027: [411/569], H[151], 0.01sec
0017 and 0027: 275 matches, 0.27sec, #1
0002 and 0027: 544 matches, 0.27sec, #2
0017 and 0027: [160/275], H[52], 0.01sec
0002 and 0027: [344/544], H[118], 0.01sec
0009 and 0027: 531 matches, 0.12sec, #0
0009 and 0027: [397/531], H[40], 0.01sec
0010 and 0027: 475 matches, 0.14sec, #0
0010 and 0027: [336/475], H[167], 0.01sec
0018 and 0027: 245 matches, 0.25sec, #1
0003 and 0027: 717 matches, 0.25sec, #2
0003 and 0027: [478/717], H[145], 0.01sec
0018 and 0027: [143/245], H[44], 0.01sec
0011 and 0027: 423 matches, 0.12sec, #0
0011 and 0027: [304/423], H[128], 0.01sec
0012 and 0027: 271 matches, 0.12sec, #0
0012 and 0027: [166/271], H[111], 0.01sec
0004 and 0027: 764 matches, 0.23sec, #2
0019 and 0027: 350 matches, 0.24sec, #1
0004 and 0027: [550/764], H[302], 0.01sec
0013 and 0027: 200 matches, 0.11sec, #0
0019 and 0027: [243/350], H[67], 0.01sec
0013 and 0027: [109/200], H[45], 0.01sec
0014 and 0027: 242 matches, 0.13sec, #0
0014 and 0027: [144/242], H[39], 0.01sec
0005 and 0027: 898 matches, 0.22sec, #2
0005 and 0027: [665/898], H[106], 0.01sec
0020 and 0027: 820 matches, 0.23sec, #1
0015 and 0027: 153 matches, 0.10sec, #0
0020 and 0027: [661/820], H[79], 0.01sec
0015 and 0027: [96/153], H[43], 0.01sec
0016 and 0027: 155 matches, 0.11sec, #0
0016 and 0027: [88/155], H[40], 0.01sec
0006 and 0027: 1012 matches, 0.23sec, #2
0006 and 0027: [754/1012], H[89], 0.01sec
0021 and 0027: 453 matches, 0.21sec, #1
0021 and 0027: [344/453], H[64], 0.00sec
0000 and 0028: 214 matches, 0.12sec, #0
0000 and 0028: [117/214], H[27], 0.01sec
0001 and 0028: 264 matches, 0.15sec, #0
0001 and 0028: [179/264], H[60], 0.00sec
0010 and 0028: 448 matches, 0.21sec, #2
0010 and 0028: [342/448], H[106], 0.00sec
0022 and 0027: 1116 matches, 0.20sec, #1
0022 and 0027: [881/1116], H[166], 0.01sec
0002 and 0028: 411 matches, 0.12sec, #0
0002 and 0028: [248/411], H[66], 0.01sec
0003 and 0028: 537 matches, 0.11sec, #0
0003 and 0028: [352/537], H[225], 0.01sec
0011 and 0028: 496 matches, 0.21sec, #2
0023 and 0027: 1752 matches, 0.21sec, #1
0011 and 0028: [374/496], H[177], 0.00sec
0004 and 0028: 602 matches, 0.12sec, #0
0023 and 0027: [1413/1752], H[284], 0.01sec
0004 and 0028: [354/602], H[174], 0.01sec
0005 and 0028: 714 matches, 0.12sec, #0
0005 and 0028: [467/714], H[254], 0.01sec
0012 and 0028: 327 matches, 0.18sec, #2
0024 and 0027: 2782 matches, 0.22sec, #1
0012 and 0028: [229/327], H[81], 0.00sec
0024 and 0027: [2257/2782], H[578], 0.01sec
0006 and 0028: 733 matches, 0.12sec, #0
0006 and 0028: [469/733], H[211], 0.01sec
0007 and 0028: 684 matches, 0.12sec, #0
0007 and 0028: [512/684], H[85], 0.01sec
0013 and 0028: 244 matches, 0.19sec, #2
0013 and 0028: [159/244], H[31], 0.00sec
0025 and 0027: 2577 matches, 0.23sec, #1
0008 and 0028: 463 matches, 0.12sec, #0
0025 and 0027: [2339/2577], H[224], 0.02sec
0008 and 0028: [313/463], H[119], 0.01sec
0014 and 0028: 278 matches, 0.19sec, #2
0014 and 0028: [172/278], H[28], 0.01sec
0009 and 0028: 503 matches, 0.12sec, #0
0009 and 0028: [361/503], H[130], 0.01sec
0026 and 0027: 2914 matches, 0.21sec, #1
0026 and 0027: [2695/2914], H[564], 0.02sec
0015 and 0028: 226 matches, 0.11sec, #2
0020 and 0028: 693 matches, 0.11sec, #0
0015 and 0028: [134/226], H[50], 0.01sec
0020 and 0028: [508/693], H[74], 0.01sec
0021 and 0028: 460 matches, 0.11sec, #0
0021 and 0028: [340/460], H[79], 0.01sec
0016 and 0028: 227 matches, 0.19sec, #2
0002 and 0029: 643 matches, 0.22sec, #1
0016 and 0028: [138/227], H[59], 0.00sec
0002 and 0029: [470/643], H[197], 0.00sec
0022 and 0028: 950 matches, 0.12sec, #0
0022 and 0028: [743/950], H[124], 0.01sec
0023 and 0028: 1523 matches, 0.13sec, #0
0023 and 0028: [1266/1523], H[183], 0.01sec
0017 and 0028: 265 matches, 0.24sec, #2
0003 and 0029: 896 matches, 0.24sec, #1
0017 and 0028: [160/265], H[28], 0.01sec
0024 and 0028: 2490 matches, 0.12sec, #0
0003 and 0029: [677/896], H[412], 0.01sec
0024 and 0028: [2206/2490], H[636], 0.02sec
0025 and 0028: 2172 matches, 0.12sec, #0
0025 and 0028: [1888/2172], H[347], 0.02sec
0018 and 0028: 247 matches, 0.21sec, #2
0004 and 0029: 856 matches, 0.27sec, #1
0018 and 0028: [141/247], H[14], 0.01sec
0004 and 0029: [680/856], H[187], 0.01sec
0026 and 0028: 2532 matches, 0.13sec, #0
0026 and 0028: [2356/2532], H[795], 0.02sec
0027 and 0028: 2616 matches, 0.14sec, #0
0027 and 0028: [2441/2616], H[492], 0.02sec
0019 and 0028: 405 matches, 0.21sec, #2
0019 and 0028: [327/405], H[36], 0.00sec
0005 and 0029: 844 matches, 0.32sec, #1
0000 and 0029: 341 matches, 0.12sec, #0
0005 and 0029: [678/844], H[95], 0.01sec
0000 and 0029: [219/341], H[54], 0.01sec
0012 and 0029: 215 matches, 0.22sec, #2
0012 and 0029: [147/215], H[72], 0.01sec
0001 and 0029: 433 matches, 0.12sec, #0
0001 and 0029: [316/433], H[127], 0.01sec
0006 and 0029: 818 matches, 0.18sec, #1
0006 and 0029: [695/818], H[109], 0.01sec
0013 and 0029: 146 matches, 0.13sec, #2
0022 and 0029: 532 matches, 0.12sec, #0
0013 and 0029: [96/146], H[42], 0.01sec
0022 and 0029: [382/532], H[48], 0.01sec
0023 and 0029: 627 matches, 0.16sec, #0
0007 and 0029: 639 matches, 0.21sec, #1
0023 and 0029: [492/627], H[71], 0.01sec
0014 and 0029: 163 matches, 0.18sec, #2
0007 and 0029: [528/639], H[270], 0.01sec
0014 and 0029: [103/163], H[24], 0.00sec
0024 and 0029: 1007 matches, 0.13sec, #0
0024 and 0029: [852/1007], H[67], 0.01sec
0008 and 0029: 518 matches, 0.18sec, #1
0008 and 0029: [384/518], H[51], 0.01sec
0015 and 0029: 130 matches, 0.12sec, #2
0015 and 0029: [77/130], H[23], 0.01sec
0025 and 0029: 918 matches, 0.12sec, #0
0025 and 0029: [743/918], H[117], 0.01sec
0026 and 0029: 1088 matches, 0.12sec, #0
0026 and 0029: [882/1088], H[99], 0.01sec
0009 and 0029: 342 matches, 0.22sec, #1
0016 and 0029: 103 matches, 0.21sec, #2
0009 and 0029: [251/342], H[93], 0.00sec
0016 and 0029: [66/103], H[24], 0.00sec
0027 and 0029: 1814 matches, 0.12sec, #0
0027 and 0029: [1499/1814], H[459], 0.01sec
0028 and 0029: 1189 matches, 0.13sec, #0
0028 and 0029: [1016/1189], H[135], 0.01sec
0017 and 0029: 166 matches, 0.21sec, #2
0010 and 0029: 326 matches, 0.23sec, #1
0017 and 0029: [95/166], H[28], 0.01sec
0010 and 0029: [238/326], H[107], 0.00sec
0000 and 0030: 474 matches, 0.11sec, #0
0000 and 0030: [333/474], H[128], 0.01sec
0001 and 0030: 735 matches, 0.12sec, #0
0001 and 0030: [584/735], H[153], 0.01sec
0018 and 0029: 146 matches, 0.22sec, #2
0011 and 0029: 281 matches, 0.23sec, #1
0011 and 0029: [192/281], H[88], 0.00sec
0018 and 0029: [75/146], H[30], 0.01sec
0002 and 0030: 930 matches, 0.12sec, #0
0002 and 0030: [722/930], H[287], 0.01sec
0013 and 0030: 148 matches, 0.11sec, #0
0013 and 0030: [85/148], H[16], 0.01sec
0003 and 0030: 864 matches, 0.19sec, #1
0019 and 0029: 207 matches, 0.20sec, #2
0003 and 0030: [741/864], H[196], 0.01sec
0019 and 0029: [135/207], H[22], 0.00sec
0014 and 0030: 153 matches, 0.11sec, #0
0014 and 0030: [83/153], H[27], 0.07sec
0004 and 0030: 821 matches, 0.18sec, #1
0015 and 0030: 108 matches, 0.10sec, #0
0004 and 0030: [649/821], H[292], 0.01sec
0015 and 0030: [52/108], H[10], 0.02sec
0020 and 0029: 338 matches, 0.21sec, #2
0020 and 0029: [255/338], H[36], 0.01sec
0016 and 0030: 100 matches, 0.10sec, #0
0016 and 0030: [53/100], H[23], 0.01sec
0005 and 0030: 635 matches, 0.20sec, #1
0005 and 0030: [497/635], H[209], 0.00sec
0021 and 0029: 249 matches, 0.18sec, #2
0021 and 0029: [176/249], H[57], 0.00sec
0017 and 0030: 122 matches, 0.11sec, #0
0017 and 0030: [64/122], H[17], 0.01sec
0018 and 0030: 133 matches, 0.12sec, #0
0018 and 0030: [63/133], H[26], 0.02sec
0019 and 0030: 115 matches, 0.11sec, #0
0006 and 0030: 478 matches, 0.30sec, #1
0019 and 0030: [77/115], H[27], 0.01sec
0006 and 0030: [372/478], H[178], 0.00sec
0023 and 0030: 509 matches, 0.30sec, #2
0023 and 0030: [386/509], H[182], 0.01sec
0020 and 0030: 251 matches, 0.13sec, #0
0020 and 0030: [161/251], H[26], 0.01sec
0021 and 0030: 181 matches, 0.12sec, #0
0021 and 0030: [119/181], H[21], 0.01sec
0007 and 0030: 462 matches, 0.28sec, #1
0007 and 0030: [364/462], H[202], 0.00sec
0024 and 0030: 871 matches, 0.19sec, #2
0022 and 0030: 362 matches, 0.13sec, #0
0024 and 0030: [688/871], H[126], 0.01sec
0022 and 0030: [276/362], H[55], 0.00sec
0008 and 0030: 337 matches, 0.23sec, #1
0008 and 0030: [253/337], H[46], 0.00sec
0003 and 0031: 1735 matches, 0.13sec, #0
0003 and 0031: [1556/1735], H[277], 0.01sec
0025 and 0030: 771 matches, 0.24sec, #2
0025 and 0030: [573/771], H[100], 0.01sec
0004 and 0031: 1829 matches, 0.13sec, #0
0009 and 0030: 293 matches, 0.19sec, #1
0009 and 0030: [204/293], H[67], 0.01sec
0004 and 0031: [1559/1829], H[517], 0.06sec
0005 and 0031: 1344 matches, 0.14sec, #0
0005 and 0031: [1134/1344], H[281], 0.01sec
0010 and 0030: 229 matches, 0.20sec, #1
0026 and 0030: 960 matches, 0.28sec, #2
0010 and 0030: [168/229], H[35], 0.01sec
0006 and 0031: 1067 matches, 0.12sec, #0
0026 and 0030: [717/960], H[101], 0.01sec
0006 and 0031: [789/1067], H[123], 0.01sec
0007 and 0031: 777 matches, 0.13sec, #0
0007 and 0031: [553/777], H[165], 0.01sec
0011 and 0030: 237 matches, 0.22sec, #1
0027 and 0030: 1295 matches, 0.26sec, #2
0011 and 0030: [164/237], H[40], 0.00sec
0027 and 0030: [1022/1295], H[208], 0.01sec
0008 and 0031: 594 matches, 0.12sec, #0
0008 and 0031: [402/594], H[102], 0.01sec
0009 and 0031: 400 matches, 0.12sec, #0
0009 and 0031: [276/400], H[50], 0.02sec
0028 and 0030: 1461 matches, 0.24sec, #2
0012 and 0030: 181 matches, 0.25sec, #1
0012 and 0030: [113/181], H[36], 0.01sec
0028 and 0030: [1216/1461], H[126], 0.01sec
0010 and 0031: 269 matches, 0.12sec, #0
0010 and 0031: [161/269], H[30], 0.01sec
0011 and 0031: 284 matches, 0.12sec, #0
0011 and 0031: [153/284], H[39], 0.02sec
0013 and 0031: 168 matches, 0.19sec, #1
0013 and 0031: [92/168], H[17], 0.01sec
0029 and 0030: 1594 matches, 0.24sec, #2
0012 and 0031: 202 matches, 0.13sec, #0
0029 and 0030: [1476/1594], H[219], 0.01sec
0012 and 0031: [110/202], H[42], 0.01sec
0023 and 0031: 492 matches, 0.12sec, #0
0023 and 0031: [321/492], H[54], 0.01sec
0014 and 0031: 154 matches, 0.22sec, #1
0014 and 0031: [87/154], H[26], 0.01sec
0000 and 0031: 796 matches, 0.20sec, #2
0000 and 0031: [569/796], H[243], 0.01sec
0024 and 0031: 756 matches, 0.16sec, #0
0024 and 0031: [526/756], H[67], 0.01sec
0015 and 0031: 95 matches, 0.16sec, #1
0001 and 0031: 1269 matches, 0.17sec, #2
0015 and 0031: [46/95], H[10], 0.01sec
0001 and 0031: [1086/1269], H[593], 0.01sec
0025 and 0031: 660 matches, 0.12sec, #0
0025 and 0031: [422/660], H[193], 0.01sec
0026 and 0031: 803 matches, 0.12sec, #0
0026 and 0031: [523/803], H[73], 0.01sec
0016 and 0031: 117 matches, 0.17sec, #1
0016 and 0031: [64/117], H[11], 0.01sec
0002 and 0031: 1572 matches, 0.19sec, #2
0027 and 0031: 1110 matches, 0.12sec, #0
0002 and 0031: [1453/1572], H[693], 0.01sec
0027 and 0031: [677/1110], H[240], 0.01sec
0028 and 0031: 689 matches, 0.12sec, #0
0028 and 0031: [425/689], H[197], 0.01sec
0017 and 0031: 178 matches, 0.18sec, #1
0017 and 0031: [75/178], H[31], 0.03sec
0002 and 0032: 1899 matches, 0.19sec, #2
0029 and 0031: 1556 matches, 0.12sec, #0
0002 and 0032: [1727/1899], H[182], 0.01sec
0029 and 0031: [1175/1556], H[361], 0.01sec
0030 and 0031: 1758 matches, 0.12sec, #0
0030 and 0031: [1406/1758], H[887], 0.01sec
0018 and 0031: 134 matches, 0.19sec, #1
0003 and 0032: 1794 matches, 0.19sec, #2
0018 and 0031: [67/134], H[23], 0.03sec
0003 and 0032: [1547/1794], H[371], 0.01sec
0000 and 0032: 1222 matches, 0.12sec, #0
0000 and 0032: [968/1222], H[530], 0.01sec
0019 and 0031: 144 matches, 0.19sec, #1
0019 and 0031: [72/144], H[33], 0.01sec
0004 and 0032: 1678 matches, 0.22sec, #2
0001 and 0032: 1539 matches, 0.19sec, #0
0004 and 0032: [1443/1678], H[229], 0.01sec
0001 and 0032: [1317/1539], H[459], 0.01sec
0012 and 0032: 146 matches, 0.12sec, #0
0012 and 0032: [75/146], H[23], 0.02sec
0020 and 0031: 255 matches, 0.22sec, #1
0005 and 0032: 1104 matches, 0.22sec, #2
0013 and 0032: 132 matches, 0.11sec, #0
0020 and 0031: [155/255], H[25], 0.00sec
0005 and 0032: [818/1104], H[186], 0.01sec
0013 and 0032: [67/132], H[16], 0.01sec
0014 and 0032: 145 matches, 0.11sec, #0
0021 and 0031: 195 matches, 0.18sec, #1
0021 and 0031: [139/195], H[52], 0.00sec
0014 and 0032: [65/145], H[24], 0.09sec
0006 and 0032: 764 matches, 0.23sec, #2
0006 and 0032: [573/764], H[155], 0.01sec
0022 and 0031: 388 matches, 0.11sec, #1
0022 and 0031: [278/388], H[122], 0.01sec
0015 and 0032: 86 matches, 0.12sec, #0
0015 and 0032: [33/86], H[7], 0.06sec
0007 and 0032: 595 matches, 0.19sec, #2
0022 and 0032: 310 matches, 0.14sec, #1
0007 and 0032: [428/595], H[247], 0.01sec
0022 and 0032: [219/310], H[83], 0.00sec
0016 and 0032: 83 matches, 0.10sec, #0
0016 and 0032: [37/83], H[16], 0.03sec
0017 and 0032: 138 matches, 0.10sec, #0
0008 and 0032: 435 matches, 0.18sec, #2
0008 and 0032: [296/435], H[169], 0.01sec
0017 and 0032: [56/138], H[15], 0.04sec
0023 and 0032: 369 matches, 0.24sec, #1
0023 and 0032: [239/369], H[108], 0.01sec
0018 and 0032: 116 matches, 0.12sec, #0
0009 and 0032: 331 matches, 0.13sec, #2
0018 and 0032: [48/116], H[13], 0.04sec
0009 and 0032: [202/331], H[53], 0.07sec
0024 and 0032: 569 matches, 0.11sec, #1
0019 and 0032: 123 matches, 0.12sec, #0
0024 and 0032: [336/569], H[88], 0.01sec
0019 and 0032: [47/123], H[11], 0.07sec
0010 and 0032: 218 matches, 0.17sec, #2
0010 and 0032: [124/218], H[32], 0.01sec
0025 and 0032: 454 matches, 0.14sec, #1
0025 and 0032: [249/454], H[129], 0.01sec
0020 and 0032: 212 matches, 0.11sec, #0
0020 and 0032: [135/212], H[61], 0.01sec
0021 and 0032: 139 matches, 0.11sec, #0
0021 and 0032: [88/139], H[31], 0.01sec
0011 and 0032: 237 matches, 0.20sec, #2
0011 and 0032: [119/237], H[38], 0.01sec
0026 and 0032: 573 matches, 0.22sec, #1
0026 and 0032: [340/573], H[103], 0.01sec
0000 and 0033: 1048 matches, 0.11sec, #0
0000 and 0033: [755/1048], H[130], 0.01sec
0001 and 0033: 1310 matches, 0.11sec, #0
0001 and 0033: [955/1310], H[339], 0.01sec
0010 and 0033: 206 matches, 0.19sec, #2
0027 and 0032: 742 matches, 0.21sec, #1
0010 and 0033: [114/206], H[26], 0.01sec
0027 and 0032: [464/742], H[96], 0.01sec
0002 and 0033: 1512 matches, 0.10sec, #0
0002 and 0033: [1374/1512], H[284], 0.01sec
0003 and 0033: 1359 matches, 0.11sec, #0
0003 and 0033: [1177/1359], H[486], 0.01sec
0011 and 0033: 184 matches, 0.18sec, #2
0011 and 0033: [112/184], H[38], 0.01sec
0028 and 0032: 471 matches, 0.23sec, #1
0028 and 0032: [272/471], H[79], 0.01sec
0004 and 0033: 974 matches, 0.12sec, #0
0004 and 0033: [810/974], H[120], 0.01sec
0005 and 0033: 647 matches, 0.12sec, #0
0005 and 0033: [519/647], H[273], 0.01sec
0012 and 0033: 139 matches, 0.18sec, #2
0012 and 0033: [72/139], H[14], 0.01sec
0029 and 0032: 1056 matches, 0.19sec, #1
0029 and 0032: [733/1056], H[145], 0.01sec
0006 and 0033: 611 matches, 0.11sec, #0
0006 and 0033: [479/611], H[255], 0.01sec
0007 and 0033: 418 matches, 0.11sec, #0
0007 and 0033: [298/418], H[55], 0.01sec
0013 and 0033: 117 matches, 0.18sec, #2
0013 and 0033: [64/117], H[13], 0.01sec
0030 and 0032: 1160 matches, 0.18sec, #1
0030 and 0032: [888/1160], H[404], 0.01sec
0008 and 0033: 282 matches, 0.11sec, #0
0008 and 0033: [197/282], H[107], 0.00sec
0014 and 0033: 114 matches, 0.12sec, #2
0009 and 0033: 220 matches, 0.11sec, #0
0014 and 0033: [49/114], H[23], 0.03sec
0009 and 0033: [146/220], H[39], 0.02sec
0015 and 0033: 63 matches, 0.12sec, #2
0031 and 0032: 3152 matches, 0.27sec, #1
0020 and 0033: 144 matches, 0.11sec, #0
0015 and 0033: [31/63], H[8], 0.01sec
0020 and 0033: [88/144], H[21], 0.01sec
0031 and 0032: [2822/3152], H[1569], 0.01sec
0021 and 0033: 100 matches, 0.11sec, #0
0021 and 0033: [63/100], H[28], 0.01sec
0016 and 0033: 60 matches, 0.16sec, #2
0016 and 0033: [30/60], H[13], 0.01sec
0030 and 0033: 1100 matches, 0.19sec, #1
0030 and 0033: [780/1100], H[269], 0.01sec
0022 and 0033: 192 matches, 0.11sec, #0
0022 and 0033: [120/192], H[52], 0.01sec
0023 and 0033: 253 matches, 0.12sec, #0
0023 and 0033: [169/253], H[37], 0.01sec
0017 and 0033: 116 matches, 0.21sec, #2
0031 and 0033: 1642 matches, 0.21sec, #1
0024 and 0033: 424 matches, 0.12sec, #0
0017 and 0033: [54/116], H[20], 0.01sec
0031 and 0033: [1297/1642], H[579], 0.01sec
0024 and 0033: [272/424], H[64], 0.00sec
0025 and 0033: 371 matches, 0.12sec, #0
0025 and 0033: [209/371], H[81], 0.01sec
0018 and 0033: 86 matches, 0.18sec, #2
0032 and 0033: 2287 matches, 0.19sec, #1
0032 and 0033: [2065/2287], H[1195], 0.01sec
0026 and 0033: 477 matches, 0.11sec, #0
0026 and 0033: [312/477], H[112], 0.00sec
0018 and 0033: [33/86], H[15], 0.05sec
0000 and 0034: 1828 matches, 0.10sec, #1
0027 and 0033: 721 matches, 0.12sec, #0
0000 and 0034: [1417/1828], H[416], 0.02sec
0027 and 0033: [444/721], H[87], 0.05sec
0019 and 0033: 84 matches, 0.14sec, #2
0019 and 0033: [52/84], H[24], 0.01sec
0001 and 0034: 1869 matches, 0.15sec, #1
0028 and 0033: 487 matches, 0.11sec, #0
0001 and 0034: [1715/1869], H[412], 0.02sec
0028 and 0033: [308/487], H[86], 0.01sec
0029 and 0033: 882 matches, 0.12sec, #0
0029 and 0033: [624/882], H[81], 0.01sec
0007 and 0034: 418 matches, 0.20sec, #2
0002 and 0034: 2106 matches, 0.20sec, #1
0007 and 0034: [264/418], H[77], 0.01sec
0017 and 0034: 111 matches, 0.10sec, #0
0002 and 0034: [1791/2106], H[903], 0.01sec
0017 and 0034: [33/111], H[12], 0.09sec
0008 and 0034: 311 matches, 0.17sec, #2
0003 and 0034: 1380 matches, 0.18sec, #1
0008 and 0034: [191/311], H[66], 0.01sec
0018 and 0034: 111 matches, 0.10sec, #0
0003 and 0034: [1198/1380], H[245], 0.01sec
0018 and 0034: [37/111], H[13], 0.08sec
0019 and 0034: 88 matches, 0.10sec, #0
0009 and 0034: 241 matches, 0.20sec, #2
0009 and 0034: [152/241], H[31], 0.01sec
0004 and 0034: 1308 matches, 0.22sec, #1
0004 and 0034: [1049/1308], H[168], 0.01sec
0019 and 0034: [31/88], H[8], 0.06sec
0020 and 0034: 170 matches, 0.11sec, #0
0010 and 0034: 166 matches, 0.17sec, #2
0020 and 0034: [86/170], H[17], 0.01sec
0010 and 0034: [77/166], H[10], 0.01sec
0005 and 0034: 712 matches, 0.25sec, #1
0021 and 0034: 93 matches, 0.10sec, #0
0005 and 0034: [540/712], H[204], 0.01sec
0021 and 0034: [53/93], H[16], 0.01sec
0011 and 0034: 163 matches, 0.20sec, #2
0022 and 0034: 191 matches, 0.11sec, #0
0011 and 0034: [82/163], H[16], 0.01sec
0022 and 0034: [115/191], H[58], 0.00sec
0006 and 0034: 454 matches, 0.21sec, #1
0006 and 0034: [327/454], H[40], 0.01sec
0012 and 0034: 122 matches, 0.11sec, #2
0023 and 0034: 228 matches, 0.12sec, #0
0012 and 0034: [57/122], H[27], 0.02sec
0023 and 0034: [134/228], H[54], 0.01sec
0027 and 0034: 494 matches, 0.19sec, #1
0027 and 0034: [266/494], H[53], 0.01sec
0024 and 0034: 391 matches, 0.12sec, #0
0013 and 0034: 108 matches, 0.12sec, #2
0024 and 0034: [197/391], H[99], 0.01sec
0013 and 0034: [50/108], H[20], 0.08sec
0028 and 0034: 327 matches, 0.10sec, #1
0025 and 0034: 349 matches, 0.11sec, #0
0028 and 0034: [186/327], H[61], 0.01sec
0025 and 0034: [189/349], H[70], 0.01sec
0026 and 0034: 406 matches, 0.12sec, #0
0026 and 0034: [226/406], H[114], 0.01sec
0014 and 0034: 134 matches, 0.19sec, #2
0029 and 0034: 600 matches, 0.18sec, #1
0014 and 0034: [46/134], H[11], 0.05sec
0003 and 0035: 1411 matches, 0.11sec, #0
0029 and 0034: [413/600], H[82], 0.01sec
0003 and 0035: [1181/1411], H[249], 0.01sec
0004 and 0035: 1246 matches, 0.12sec, #0
0004 and 0035: [1059/1246], H[238], 0.01sec
0015 and 0034: 66 matches, 0.16sec, #2
0030 and 0034: 769 matches, 0.18sec, #1
0030 and 0034: [519/769], H[183], 0.01sec
0005 and 0035: 709 matches, 0.11sec, #0
0005 and 0035: [514/709], H[94], 0.01sec
0015 and 0034: [24/66], H[7], 0.11sec
0031 and 0034: 1784 matches, 0.11sec, #1
0031 and 0034: [1390/1784], H[578], 0.01sec
0006 and 0035: 485 matches, 0.12sec, #0
0006 and 0035: [342/485], H[51], 0.01sec
0007 and 0035: 385 matches, 0.11sec, #0
0007 and 0035: [250/385], H[61], 0.01sec
0016 and 0034: 56 matches, 0.17sec, #2
0032 and 0034: 2781 matches, 0.19sec, #1
0016 and 0034: [23/56], H[8], 0.03sec
0032 and 0034: [2507/2781], H[892], 0.01sec
0008 and 0035: 307 matches, 0.12sec, #0
0008 and 0035: [178/307], H[46], 0.01sec
0009 and 0035: 238 matches, 0.12sec, #0
0009 and 0035: [131/238], H[18], 0.02sec
0013 and 0035: 107 matches, 0.24sec, #2
0033 and 0034: 2275 matches, 0.24sec, #1
0013 and 0035: [50/107], H[18], 0.02sec
0033 and 0034: [2174/2275], H[1114], 0.01sec
0010 and 0035: 170 matches, 0.12sec, #0
0010 and 0035: [84/170], H[19], 0.06sec
0011 and 0035: 165 matches, 0.12sec, #0
0000 and 0035: 1896 matches, 0.20sec, #1
0011 and 0035: [87/165], H[26], 0.01sec
0014 and 0035: 133 matches, 0.21sec, #2
0000 and 0035: [1544/1896], H[368], 0.01sec
0014 and 0035: [56/133], H[21], 0.02sec
0012 and 0035: 139 matches, 0.10sec, #0
0012 and 0035: [57/139], H[9], 0.05sec
0001 and 0035: 1968 matches, 0.16sec, #1
0015 and 0035: 63 matches, 0.16sec, #2
0001 and 0035: [1678/1968], H[762], 0.01sec
0023 and 0035: 273 matches, 0.11sec, #0
0023 and 0035: [147/273], H[36], 0.01sec
0015 and 0035: [27/63], H[10], 0.04sec
0024 and 0035: 395 matches, 0.12sec, #0
0024 and 0035: [224/395], H[56], 0.01sec
0002 and 0035: 2120 matches, 0.18sec, #1
0016 and 0035: 77 matches, 0.16sec, #2
0002 and 0035: [1834/2120], H[442], 0.01sec
0025 and 0035: 347 matches, 0.11sec, #0
0025 and 0035: [190/347], H[72], 0.01sec
0016 and 0035: [29/77], H[4], 0.10sec
0029 and 0035: 586 matches, 0.12sec, #1
0026 and 0035: 450 matches, 0.11sec, #0
0029 and 0035: [389/586], H[104], 0.01sec
0026 and 0035: [256/450], H[45], 0.01sec
0027 and 0035: 533 matches, 0.11sec, #0
0027 and 0035: [338/533], H[89], 0.01sec
0017 and 0035: 120 matches, 0.18sec, #2
0030 and 0035: 784 matches, 0.17sec, #1
0017 and 0035: [42/120], H[11], 0.05sec
0030 and 0035: [525/784], H[148], 0.01sec
0028 and 0035: 356 matches, 0.11sec, #0
0028 and 0035: [204/356], H[56], 0.01sec
0032 and 0035: 2456 matches, 0.12sec, #0
0018 and 0035: 97 matches, 0.18sec, #2
0032 and 0035: [2137/2456], H[614], 0.02sec
0031 and 0035: 1697 matches, 0.20sec, #1
0018 and 0035: [35/97], H[12], 0.05sec
0031 and 0035: [1286/1697], H[374], 0.01sec
0033 and 0035: 2000 matches, 0.11sec, #0
0033 and 0035: [1836/2000], H[725], 0.04sec
0019 and 0035: 81 matches, 0.14sec, #2
0034 and 0035: 3598 matches, 0.16sec, #1
0019 and 0035: [39/81], H[13], 0.03sec
0034 and 0035: [3291/3598], H[2508], 0.02sec
0020 and 0035: 154 matches, 0.09sec, #2
0020 and 0035: [89/154], H[34], 0.01sec
0021 and 0035: 105 matches, 0.08sec, #2
0021 and 0035: [63/105], H[12], 0.00sec
0022 and 0035: 175 matches, 0.10sec, #2
0022 and 0035: [104/175], H[30], 0.01sec

###########-------timing------#########
630 Image Match finished, 45 sec used
#############################

----------------------------------------------------------------
Compute Missing Pairwise Matching, finished
Totally 51.000 seconds used


Run full 3D reconstruction, begin...
617 pairs have two-view models
630 pairs have fundamental matrices
Initialize with sofa (8) and sofa (10)
1950 3D points initialized from two images
PBA library version = 105
PBA: 1950 3D pts, 2 cams and 3900 projs...
PBA: 183.448 -> 0.126 (5 LMs in 0.20sec)
Focal Length : [422.784]->[422.784]
Focal Length : [422.784]->[422.784]

#############################
#3: [sofa (9)] sees 2436 (+2644) 3D points
Estimated Focal Length [423][0.66W]
# 3472 projs (934 pts and 0 merges)
PBA: 2884 3D pts, 3 cams and 7372 projs...
PBA: 0.357 -> 0.184 (1 LMs in 0.00sec)

**************************************
#3/3:  3616 projs and 941 pts added.
PBA: 2883 3D pts, 3 cams and 7500 projs...
PBA: 0.182 -> 0.173 (1 LMs in 0.00sec)
PBA: 2883 3D pts, 3 cams and 7500 projs...
PBA: 0.173 -> 0.172 (1 LMs in 0.01sec)
Focal Length : [422.784]->[422.784]
Radial Distortion : [0.000 -> 0]

#############################
#4: [sofa (7)] sees 3245 (+2138) 3D points
Estimated Focal Length [423][0.66W]
# 3883 projs (1033 pts and 0 merges)
PBA: 3903 3D pts, 4 cams and 11357 projs...
PBA: 0.468 -> 0.263 (15 LMs in 0.12sec)
#points w/ large errors:	8
Focal Length : [422.784]->[422.784]
Radial Distortion : [0.000 -> 0]

#############################
#5: [sofa (6)] sees 4561 (+2334) 3D points
Estimated Focal Length [423][0.66W]
# 5228 projs (1477 pts and 299 merges)
PBA: 5053 3D pts, 5 cams and 16521 projs...
PBA: 0.540 -> 0.303 (22 LMs in 0.18sec)
#points w/ large errors:	9

**************************************
#5/5:  5816 projs and 1601 pts added.
PBA: 5136 3D pts, 5 cams and 17054 projs...
PBA: 0.354 -> 0.330 (12 LMs in 0.16sec)
PBA: 5136 3D pts, 5 cams and 17054 projs...
PBA: 0.330 -> 0.330 (11 LMs in 0.15sec)
Focal Length : [422.784]->[422.784]
Radial Distortion : [0.000 -> 0]

#############################
#6: [sofa (11)] sees 4213 (+1705) 3D points
Estimated Focal Length [423][0.66W]
# 3752 projs (870 pts and 25 merges)
PBA: 5933 3D pts, 6 cams and 20710 projs...
PBA: 0.566 -> 0.398 (19 LMs in 0.14sec)
#points w/ large errors:	33
Focal Length : [422.784]->[422.784]
Radial Distortion : [0.000 -> 0]

#############################
#7: [sofa (12)] sees 5304 (+2114) 3D points
Estimated Focal Length [423][0.66W]
# 2298 projs (0 pts and 17 merges)
PBA: 5857 3D pts, 7 cams and 22849 projs...
PBA: 0.717 -> 0.428 (25 LMs in 0.16sec)
#points w/ large errors:	21

**************************************
#7/7:  4491 projs and 827 pts added.
PBA: 6661 3D pts, 7 cams and 24957 projs...
PBA: 0.527 -> 0.454 (18 LMs in 0.16sec)
PBA: 6661 3D pts, 7 cams and 24957 projs...
PBA: 0.454 -> 0.454 (12 LMs in 0.06sec)
Focal Length : [422.784]->[422.784]
Radial Distortion : [0.000 -> 0]

#############################
#8: [sofa (5)] sees 4818 (+1272) 3D points
Estimated Focal Length [423][0.66W]
# 3364 projs (619 pts and 25 merges)
PBA: 5392 3D pts, 8 cams and 24595 projs...
PBA: 0.752 -> 0.661 (23 LMs in 0.38sec)
#points w/ large errors:	71
Focal Length : [422.784]->[422.784]
Radial Distortion : [0.000 -> 0]

#############################
#9: [sofa (4)] sees 4352 (+1603) 3D points
Estimated Focal Length [423][0.66W]
# 2850 projs (482 pts and 33 merges)
PBA: 5516 3D pts, 9 cams and 26604 projs...
PBA: 1.100 -> 0.701 (18 LMs in 0.17sec)
#points w/ large errors:	42

**************************************
#9/9:  3421 projs and 709 pts added.
PBA: 7679 3D pts, 9 cams and 30906 projs...
PBA: 0.560 -> 0.519 (34 LMs in 0.31sec)
#points w/ large errors:	3
PBA: 7676 3D pts, 9 cams and 30884 projs...
PBA: 0.615 -> 0.555 (16 LMs in 0.67sec)
#points w/ large errors:	5
Focal Length : [422.784]->[422.784]
Radial Distortion : [0.000 -> 0]

#############################
#10: [sofa (32)] sees 4773 (+1405) 3D points
Estimated Focal Length [423][0.66W]
# 4125 projs (1024 pts and 43 merges)
PBA: 6401 3D pts, 10 cams and 30478 projs...
PBA: 0.797 -> 0.665 (26 LMs in 0.68sec)
#points w/ large errors:	39
Focal Length : [422.784]->[422.784]
Radial Distortion : [0.000 -> 0]

#############################
#11: [sofa (33)] sees 5870 (+1947) 3D points
Estimated Focal Length [423][0.66W]
# 4128 projs (767 pts and 68 merges)
PBA: 6666 3D pts, 11 cams and 33650 projs...
PBA: 0.827 -> 0.712 (14 LMs in 0.23sec)
#points w/ large errors:	61
Focal Length : [422.784]->[422.784]
Radial Distortion : [0.000 -> 0]

#############################
#12: [sofa (3)] sees 6532 (+1657) 3D points
Estimated Focal Length [423][0.66W]
# 4285 projs (877 pts and 41 merges)
PBA: 7213 3D pts, 12 cams and 37180 projs...
PBA: 0.826 -> 0.673 (30 LMs in 0.51sec)
#points w/ large errors:	76

**************************************
#12/12:  5050 projs and 1097 pts added.
PBA: 10042 3D pts, 12 cams and 42921 projs...
PBA: 0.673 -> 0.632 (13 LMs in 0.18sec)
#points w/ large errors:	3
PBA: 10039 3D pts, 12 cams and 42912 projs...
PBA: 0.616 -> 0.616 (12 LMs in 0.13sec)
#points w/ large errors:	6
Focal Length : [422.784]->[422.784]
Radial Distortion : [0.000 -> 0]

#############################
#13: [sofa (35)] sees 7185 (+1787) 3D points
Estimated Focal Length [423][0.66W]
# 4746 projs (987 pts and 81 merges)
PBA: 7840 3D pts, 13 cams and 41432 projs...
PBA: 0.876 -> 0.761 (16 LMs in 0.21sec)
#points w/ large errors:	107
Focal Length : [422.784]->[422.784]
Radial Distortion : [0.000 -> 0]

#############################
#14: [sofa (36)] sees 9352 (+2019) 3D points
Estimated Focal Length [423][0.66W]
# 3020 projs (0 pts and 38 merges)
PBA: 7474 3D pts, 14 cams and 43596 projs...
PBA: 0.984 -> 0.800 (19 LMs in 0.32sec)
#points w/ large errors:	74
Focal Length : [422.784]->[422.784]
Radial Distortion : [0.000 -> 0]

#############################
#15: [sofa (2)] sees 8448 (+1739) 3D points
Estimated Focal Length [423][0.66W]
# 2568 projs (0 pts and 29 merges)
PBA: 7589 3D pts, 15 cams and 46258 projs...
PBA: 1.005 -> 0.716 (19 LMs in 0.31sec)
#points w/ large errors:	80
Focal Length : [422.784]->[422.784]
Radial Distortion : [0.000 -> 0]

#############################
#16: [sofa (34)] sees 10383 (+1661) 3D points
Estimated Focal Length [423][0.66W]
# 2693 projs (0 pts and 32 merges)
PBA: 7635 3D pts, 16 cams and 48784 projs...
PBA: 0.822 -> 0.617 (32 LMs in 0.40sec)
#points w/ large errors:	38

**************************************
#16/16:  8553 projs and 1859 pts added.
PBA: 12168 3D pts, 16 cams and 59968 projs...
PBA: 1.117 -> 0.746 (22 LMs in 0.66sec)
#points w/ large errors:	4
PBA: 12164 3D pts, 16 cams and 59944 projs...
PBA: 0.749 -> 0.748 (25 LMs in 0.30sec)
#points w/ large errors:	1
Focal Length : [422.784]->[422.784]
Radial Distortion : [0.000 -> 0]

#############################
#17: [sofa (1)] sees 7449 (+1383) 3D points
Estimated Focal Length [423][0.66W]
# 2299 projs (0 pts and 20 merges)
PBA: 8618 3D pts, 17 cams and 55187 projs...
PBA: 1.101 -> 0.934 (23 LMs in 0.30sec)
#points w/ large errors:	220
Focal Length : [422.784]->[422.784]
Radial Distortion : [0.000 -> 0]

#############################
#18: [sofa (13)] sees 4623 (+1248) 3D points
Estimated Focal Length [423][0.66W]
# 1619 projs (0 pts and 7 merges)
PBA: 8542 3D pts, 18 cams and 55933 projs...
PBA: 0.803 -> 0.736 (21 LMs in 0.38sec)
#points w/ large errors:	108
Focal Length : [422.784]->[422.784]
Radial Distortion : [0.000 -> 0]

#############################
#19: [sofa (14)] sees 4456 (+1581) 3D points
Estimated Focal Length [423][0.66W]
# 1490 projs (0 pts and 3 merges)
PBA: 8489 3D pts, 19 cams and 56788 projs...
PBA: 0.703 -> 0.620 (18 LMs in 0.32sec)
#points w/ large errors:	26
Focal Length : [422.784]->[422.784]
Radial Distortion : [0.000 -> 0]

#############################
#20: [sofa (15)] sees 4996 (+2176) 3D points
Estimated Focal Length [423][0.66W]
# 1720 projs (0 pts and 3 merges)
PBA: 8505 3D pts, 20 cams and 58402 projs...
PBA: 0.795 -> 0.668 (16 LMs in 0.24sec)
#points w/ large errors:	19
Focal Length : [422.784]->[422.784]
Radial Distortion : [0.000 -> 0]

#############################
#21: [sofa (19)] sees 4115 (+1580) 3D points
Estimated Focal Length [423][0.66W]
# 1350 projs (0 pts and 4 merges)
SKIP: 0 cams, 422 points, 155 projs
PBA: 11668 3D pts, 20 cams and 65971 projs...
PBA: 0.769 -> 0.657 (5 LMs in 0.06sec)
#points w/ large errors:	45

**************************************
#21/21:  13626 projs and 4426 pts added.
PBA: 15918 3D pts, 21 cams and 77658 projs...
PBA: 0.804 -> 0.719 (18 LMs in 0.44sec)
#points w/ large errors:	3
PBA: 15915 3D pts, 21 cams and 77636 projs...
PBA: 0.712 -> 0.712 (16 LMs in 0.41sec)
Focal Length : [422.784]->[422.784]
Radial Distortion : [0.000 -> 0]

#############################
#22: [sofa (18)] sees 7260 (+1688) 3D points
Estimated Focal Length [423][0.66W]
# 2511 projs (0 pts and 54 merges)
SKIP: 0 cams, 163 points, 210 projs
PBA: 15695 3D pts, 20 cams and 79815 projs...
PBA: 1.017 -> 0.852 (5 LMs in 0.14sec)
#points w/ large errors:	204
Focal Length : [422.784]->[422.784]
Radial Distortion : [0.000 -> 0]

#############################
#23: [sofa (16)] sees 7552 (+1337) 3D points
Estimated Focal Length [423][0.66W]
# 2174 projs (0 pts and 21 merges)
SKIP: 0 cams, 664 points, 1872 projs
PBA: 15196 3D pts, 20 cams and 80325 projs...
PBA: 0.853 -> 0.730 (5 LMs in 0.18sec)
#points w/ large errors:	77
Focal Length : [422.784]->[422.784]
Radial Distortion : [0.000 -> 0]

#############################
#24: [sofa (17)] sees 6973 (+1610) 3D points
Estimated Focal Length [423][0.66W]
# 1935 projs (0 pts and 20 merges)
SKIP: 0 cams, 1063 points, 2153 projs
PBA: 14795 3D pts, 20 cams and 80961 projs...
PBA: 0.800 -> 0.727 (5 LMs in 0.49sec)
#points w/ large errors:	28
Focal Length : [422.784]->[422.784]
Radial Distortion : [0.000 -> 0]

#############################
#25: [sofa (21)] sees 8019 (+1071) 3D points
Estimated Focal Length [423][0.66W]
# 2198 projs (0 pts and 41 merges)
SKIP: 0 cams, 1694 points, 3383 projs
PBA: 14164 3D pts, 20 cams and 81412 projs...
PBA: 0.953 -> 0.764 (5 LMs in 0.06sec)
#points w/ large errors:	56
Focal Length : [422.784]->[422.784]
Radial Distortion : [0.000 -> 0]

#############################
#26: [sofa (24)] sees 9359 (+1864) 3D points
Estimated Focal Length [423][0.66W]
# 2431 projs (0 pts and 62 merges)
PBA: 10620 3D pts, 26 cams and 77200 projs...
PBA: 0.894 -> 0.831 (100 LMs in 0.48sec)
#points w/ large errors:	42
Focal Length : [422.784]->[422.784]
Radial Distortion : [0.000 -> 0]

#############################
#27: [sofa (23)] sees 9576 (+2544) 3D points
Estimated Focal Length [423][0.66W]
# 2368 projs (0 pts and 44 merges)
SKIP: 0 cams, 2716 points, 5812 projs
PBA: 13131 3D pts, 20 cams and 83048 projs...
PBA: 0.957 -> 0.761 (5 LMs in 0.09sec)
#points w/ large errors:	39

**************************************
#27/27:  11714 projs and 3099 pts added.
PBA: 18011 3D pts, 27 cams and 97576 projs...
PBA: 0.962 -> 0.788 (17 LMs in 0.40sec)
#points w/ large errors:	5
PBA: 18006 3D pts, 27 cams and 97541 projs...
PBA: 0.790 -> 0.790 (39 LMs in 0.38sec)
Focal Length : [422.784]->[422.784]
Radial Distortion : [0.000 -> 0]

#############################
#28: [sofa (26)] sees 11663 (+2316) 3D points
Estimated Focal Length [423][0.66W]
# 5252 projs (894 pts and 197 merges)
SKIP: 0 cams, 2382 points, 6377 projs
PBA: 16322 3D pts, 20 cams and 96336 projs...
PBA: 1.040 -> 0.938 (5 LMs in 0.14sec)
#points w/ large errors:	170
Focal Length : [422.784]->[422.784]
Radial Distortion : [0.000 -> 0]

#############################
#29: [sofa (25)] sees 14071 (+2603) 3D points
Estimated Focal Length [423][0.66W]
# 5944 projs (960 pts and 234 merges)
SKIP: 0 cams, 2521 points, 7758 projs
PBA: 16660 3D pts, 20 cams and 100797 projs...
PBA: 1.153 -> 0.959 (5 LMs in 0.34sec)
#points w/ large errors:	73
Focal Length : [422.784]->[422.784]
Radial Distortion : [0.000 -> 0]

#############################
#30: [sofa (27)] sees 17476 (+2681) 3D points
Estimated Focal Length [423][0.66W]
# 6552 projs (981 pts and 338 merges)
SKIP: 0 cams, 2822 points, 7897 projs
PBA: 16942 3D pts, 20 cams and 106222 projs...
PBA: 1.127 -> 0.984 (5 LMs in 0.10sec)
#points w/ large errors:	77
Focal Length : [422.784]->[422.784]
Radial Distortion : [0.000 -> 0]

#############################
#31: [sofa (28)] sees 15835 (+1665) 3D points
Estimated Focal Length [423][0.66W]
# 7559 projs (1641 pts and 312 merges)
SKIP: 0 cams, 2970 points, 8712 projs
PBA: 17874 3D pts, 20 cams and 112442 projs...
PBA: 1.071 -> 0.931 (5 LMs in 0.49sec)
#points w/ large errors:	109
Focal Length : [422.784]->[422.784]
Radial Distortion : [0.000 -> 0]

#############################
#32: [sofa (29)] sees 15808 (+1360) 3D points
Estimated Focal Length [423][0.66W]
# 3502 projs (0 pts and 60 merges)
PBA: 14190 3D pts, 32 cams and 110501 projs...
PBA: 1.065 -> 0.940 (19 LMs in 0.37sec)
#points w/ large errors:	97
Focal Length : [422.784]->[422.784]
Radial Distortion : [0.000 -> 0]

#############################
#33: [sofa (30)] sees 13676 (+1075) 3D points
Estimated Focal Length [423][0.66W]
# 5289 projs (1010 pts and 294 merges)
SKIP: 0 cams, 3480 points, 10247 projs
PBA: 17749 3D pts, 20 cams and 118455 projs...
PBA: 1.065 -> 0.916 (5 LMs in 0.27sec)
#points w/ large errors:	100
Focal Length : [422.784]->[422.784]
Radial Distortion : [0.000 -> 0]

#############################
#34: [sofa (31)] sees 14112 (+1239) 3D points
Estimated Focal Length [423][0.66W]
# 4914 projs (833 pts and 197 merges)
SKIP: 0 cams, 3946 points, 11877 projs
PBA: 17797 3D pts, 20 cams and 121023 projs...
PBA: 0.992 -> 0.885 (5 LMs in 0.07sec)
#points w/ large errors:	62

**************************************
#34/34:  10278 projs and 1890 pts added.
PBA: 22410 3D pts, 34 cams and 136525 projs...
PBA: 1.173 -> 1.022 (18 LMs in 0.36sec)
#points w/ large errors:	9
PBA: 22401 3D pts, 34 cams and 136482 projs...
PBA: 1.034 -> 1.032 (22 LMs in 0.41sec)
#points w/ large errors:	8
Focal Length : [422.784]->[422.784]
Radial Distortion : [0.000 -> 0]

#############################
#35: [sofa (22)] sees 12781 (+1222) 3D points
Estimated Focal Length [423][0.66W]
# 2675 projs (0 pts and 94 merges)
SKIP: 0 cams, 4542 points, 12920 projs
PBA: 17774 3D pts, 20 cams and 126047 projs...
PBA: 1.243 -> 1.170 (5 LMs in 0.17sec)
#points w/ large errors:	563
Focal Length : [422.784]->[422.784]
Radial Distortion : [0.000 -> 0]

#############################
#36: [sofa (20)] sees 12587 (+1225) 3D points
Estimated Focal Length [423][0.66W]
# 2580 projs (0 pts and 83 merges)
SKIP: 0 cams, 5775 points, 19251 projs
PBA: 16547 3D pts, 20 cams and 122251 projs...
PBA: 1.031 -> 0.920 (5 LMs in 0.24sec)
#points w/ large errors:	106
Focal Length : [422.784]->[422.784]
Radial Distortion : [0.000 -> 0]
END: No more images to add [0 projs]

#############################
Failed to find two images for initialization
Resuming SfM finished, 16 sec used

---------------------------------------------------
36 cams, 22418 pts (3+: 14639)
138011 projections (3+: 123206)
---------------------------------------------------
1 model(s) reconstructed from 36 images;
36 modeled; 0 reused; 0 EXIF; 
5MB(5) used to store feature location.
---------------------------------------------------

########-------timing------#########
Structure-From-Motion finished, 17 sec used
15.0(11.9) seconds on Bundle Adjustment (+)
14.1(11.3) seconds on Bundle Adjustment (*)
#############################
----------------------------------------------------------------
Run full 3D reconstruction, finished
Totally 17.000 seconds used


Run dense reconstruction, begin...
Save to 111.nvm ... done

#############################
Undistorting 36 images in model #0
param_undistortion_thread_num = 0
NOTE: using 16 threads...
#04: sofa (33) -> 00000010.jpg, 0.010 sec
#00: sofa (8) -> 00000000.jpg, 0.010 sec
#03: sofa (32) -> 00000009.jpg, 0.011 sec
#01: sofa (9) -> 00000002.jpg, 0.011 sec
#11: sofa (2) -> 00000014.jpg, 0.011 sec
#14: sofa (19) -> 00000020.jpg, 0.011 sec
#12: sofa (1) -> 00000016.jpg, 0.012 sec
#05: sofa (11) -> 00000005.jpg, 0.012 sec
#02: sofa (6) -> 00000004.jpg, 0.013 sec
#07: sofa (12) -> 00000006.jpg, 0.013 sec
#09: sofa (4) -> 00000008.jpg, 0.013 sec
#06: sofa (3) -> 00000011.jpg, 0.014 sec
#10: sofa (36) -> 00000013.jpg, 0.014 sec
#08: sofa (5) -> 00000007.jpg, 0.014 sec
#15: sofa (16) -> 00000022.jpg, 0.014 sec
#13: sofa (14) -> 00000018.jpg, 0.015 sec
#04: sofa (21) -> 00000024.jpg, 0.002 sec
#00: sofa (10) -> 00000001.jpg, 0.002 sec
#03: sofa (23) -> 00000026.jpg, 0.002 sec
#01: sofa (7) -> 00000003.jpg, 0.002 sec
#11: sofa (34) -> 00000015.jpg, 0.002 sec
#14: sofa (18) -> 00000021.jpg, 0.002 sec
#12: sofa (13) -> 00000017.jpg, 0.002 sec
#05: sofa (25) -> 00000028.jpg, 0.002 sec
#02: sofa (28) -> 00000030.jpg, 0.002 sec
#07: sofa (30) -> 00000032.jpg, 0.002 sec
#09: sofa (22) -> 00000034.jpg, 0.002 sec
#06: sofa (35) -> 00000012.jpg, 0.002 sec
#15: sofa (17) -> 00000023.jpg, 0.003 sec
#13: sofa (15) -> 00000019.jpg, 0.003 sec
#04: sofa (24) -> 00000025.jpg, 0.003 sec
#03: sofa (26) -> 00000027.jpg, 0.003 sec
#05: sofa (27) -> 00000029.jpg, 0.002 sec
#02: sofa (29) -> 00000031.jpg, 0.002 sec
#07: sofa (31) -> 00000033.jpg, 0.003 sec
#09: sofa (20) -> 00000035.jpg, 0.003 sec
----------------------------------------------------------------
Running Yasutaka Furukawa's CMVS tool...
cmvs "C:\Users\86186\Desktop\VisualSFM_windows_cuda_64bit\\\sa\3+4 SA\1-36\111.nvm.cmvs\00\\" 50 16
genOption "C:\Users\86186\Desktop\VisualSFM_windows_cuda_64bit\\\sa\3+4 SA\1-36\111.nvm.cmvs\00\\" 1 2 0.700000 7 3 16
1 cluster is generated for pmvs reconstruction.
pmvs2 "C:\Users\86186\Desktop\VisualSFM_windows_cuda_64bit\\\sa\3+4 SA\1-36\111.nvm.cmvs\00\\" option-0000
This may take a little more time, waiting...
7 seconds were used by PMVS
Loading option-0000.ply, 16261 vertices ...

#############################
You can manually remove bad MVS points:
1. Switch to dense MVS points mode;
2. Hit F1 key to enter the selection mode;
3. Select points by dragging a rectangle;
4. Hit DELETE to delete the selected points.

#############################
Save to 111.nvm ... done
Save C:\Users\86186\Desktop\VisualSFM_windows_cuda_64bit\\\sa\3+4 SA\1-36\111.0.ply ...done
----------------------------------------------------------------
Run dense reconstruction, finished
Totally 11.000 seconds used

