
Modifying Calibration, begin...
fx = 415.245850, cx = 326.249573
fy = 415.245850, cy = 254.034180
radial_distortion = 0.000000
----------------------------------------------------------------
Modifying Calibration, finished
Totally 0.000 seconds used

0: sofa (1)
image_size:	640x480
1: sofa (2)
image_size:	640x480
2: sofa (3)
image_size:	640x480
3: sofa (4)
image_size:	640x480
4: sofa (5)
image_size:	640x480
5: sofa (6)
image_size:	640x480
6: sofa (7)
image_size:	640x480
7: sofa (8)
image_size:	640x480
8: sofa (9)
image_size:	640x480
9: sofa (10)
image_size:	640x480
10: sofa (11)
image_size:	640x480
11: sofa (12)
image_size:	640x480
12: sofa (13)
image_size:	640x480
13: sofa (14)
image_size:	640x480
14: sofa (15)
image_size:	640x480
15: sofa (16)
image_size:	640x480
16: sofa (17)
image_size:	640x480
17: sofa (18)
image_size:	640x480
18: sofa (19)
image_size:	640x480
19: sofa (20)
image_size:	640x480
20: sofa (21)
image_size:	640x480
21: sofa (22)
image_size:	640x480
22: sofa (23)
image_size:	640x480
23: sofa (24)
image_size:	640x480
24: sofa (25)
image_size:	640x480
25: sofa (26)
image_size:	640x480
26: sofa (27)
image_size:	640x480
27: sofa (28)
image_size:	640x480
28: sofa (29)
image_size:	640x480
29: sofa (30)
image_size:	640x480
30: sofa (31)
image_size:	640x480
31: sofa (32)
image_size:	640x480
32: sofa (33)
image_size:	640x480
33: sofa (34)
image_size:	640x480
34: sofa (35)
image_size:	640x480
35: sofa (36)
image_size:	640x480
36: sofa (37)
image_size:	640x480
**************************************
Change the number of pixel-loaded images by 
modifying param_visual_data_budget in nv.ini
Use the PAUSE button to skip the pixel loading
**************************************
Loading image pixel data ...done in 0s

Compute Missing Pairwise Matching, begin...
********* WARNING ***********
More than 112MB of graphic memory may be allocated
under the default settings. If the program halts here,
adjust parameters to save memory and rerun the task: 
    [Tools->Enable GPU->Set Maximum DIM]
Note some octaves may be automatically skipped
SIFT: 0000, 640x480, 	7864, 0.81sec
SIFT: 0001, 640x480, 	7276, 0.11sec
SIFT: 0002, 640x480, 	7594, 0.12sec
SIFT: 0003, 640x480, 	7529, 0.13sec
SIFT: 0004, 640x480, 	8193, 0.13sec
SIFT: 0005, 640x480, 	8396, 0.14sec
SIFT: 0006, 640x480, 	8428, 0.13sec
SIFT: 0007, 640x480, 	8643, 0.13sec
SIFT: 0008, 640x480, 	8363, 0.12sec
SIFT: 0009, 640x480, 	8406, 0.15sec
SIFT: 0010, 640x480, 	8068, 0.14sec
SIFT: 0011, 640x480, 	8276, 0.13sec
SIFT: 0012, 640x480, 	7481, 0.13sec
SIFT: 0013, 640x480, 	7489, 0.12sec
SIFT: 0014, 640x480, 	7503, 0.12sec
SIFT: 0015, 640x480, 	6618, 0.12sec
SIFT: 0016, 640x480, 	6381, 0.11sec
SIFT: 0017, 640x480, 	7163, 0.12sec
SIFT: 0018, 640x480, 	7137, 0.12sec
SIFT: 0019, 640x480, 	6862, 0.12sec
SIFT: 0020, 640x480, 	7839, 0.13sec
SIFT: 0021, 640x480, 	7149, 0.12sec
SIFT: 0022, 640x480, 	7912, 0.12sec
SIFT: 0023, 640x480, 	8356, 0.14sec
SIFT: 0024, 640x480, 	8682, 0.14sec
SIFT: 0025, 640x480, 	8561, 0.14sec
SIFT: 0026, 640x480, 	8633, 0.13sec
SIFT: 0027, 640x480, 	8449, 0.13sec
SIFT: 0028, 640x480, 	8195, 0.13sec
SIFT: 0029, 640x480, 	8248, 0.13sec
SIFT: 0030, 640x480, 	8129, 0.13sec
SIFT: 0031, 640x480, 	8441, 0.15sec
SIFT: 0032, 640x480, 	8147, 0.13sec
SIFT: 0033, 640x480, 	7636, 0.13sec
SIFT: 0034, 640x480, 	7994, 0.13sec
SIFT: 0035, 640x480, 	7896, 0.12sec
SIFT: 0036, 640x480, 	7864, 0.13sec

###########-------timing------#########
37 Feature Detection finished, 6 sec used
#############################

666 pairs to compute match
NOTE: using 3 matching workers
0001 and 0002: 2781 matches, 0.12sec, #2
0001 and 0002: [2441/2781], H[306], 0.02sec
0000 and 0003: 730 matches, 0.15sec, #1
0000 and 0003: [536/730], H[41], 0.01sec
0001 and 0003: 1334 matches, 0.15sec, #2
0001 and 0003: [1041/1334], H[415], 0.01sec
0004 and 0005: 2490 matches, 0.18sec, #1
0000 and 0001: 1617 matches, 0.37sec, #0
0004 and 0005: [2019/2490], H[1052], 0.02sec
0000 and 0001: [1161/1617], H[330], 0.01sec
0002 and 0003: 2091 matches, 0.14sec, #2
0002 and 0003: [1710/2091], H[785], 0.02sec
0000 and 0002: 1239 matches, 0.14sec, #0
0000 and 0002: [834/1239], H[239], 0.01sec
0000 and 0006: 288 matches, 0.22sec, #1
0000 and 0004: 700 matches, 0.13sec, #2
0000 and 0006: [137/288], H[22], 0.01sec
0003 and 0007: 774 matches, 0.12sec, #0
0000 and 0004: [471/700], H[191], 0.01sec
0003 and 0007: [544/774], H[260], 0.01sec
0004 and 0007: 1186 matches, 0.16sec, #0
0001 and 0006: 315 matches, 0.19sec, #1
0004 and 0007: [894/1186], H[165], 0.01sec
0001 and 0004: 958 matches, 0.20sec, #2
0001 and 0006: [162/315], H[26], 0.01sec
0001 and 0004: [655/958], H[413], 0.01sec
0005 and 0007: 2475 matches, 0.14sec, #0
0005 and 0007: [2192/2475], H[446], 0.02sec
0002 and 0006: 479 matches, 0.20sec, #1
0002 and 0004: 1595 matches, 0.11sec, #2
0002 and 0006: [314/479], H[100], 0.01sec
0002 and 0004: [1229/1595], H[158], 0.01sec
0006 and 0007: 2859 matches, 0.12sec, #0
0006 and 0007: [2538/2859], H[576], 0.02sec
0000 and 0008: 201 matches, 0.13sec, #0
0000 and 0008: [101/201], H[13], 0.01sec
0003 and 0004: 2620 matches, 0.25sec, #2
0003 and 0006: 976 matches, 0.26sec, #1
0003 and 0006: [683/976], H[130], 0.01sec
0003 and 0004: [2376/2620], H[822], 0.01sec
0001 and 0008: 207 matches, 0.11sec, #0
0001 and 0008: [104/207], H[31], 0.02sec
0002 and 0008: 377 matches, 0.13sec, #0
0004 and 0006: 1475 matches, 0.17sec, #1
0002 and 0008: [244/377], H[108], 0.01sec
0004 and 0006: [1130/1475], H[86], 0.01sec
0000 and 0005: 376 matches, 0.29sec, #2
0000 and 0005: [204/376], H[9], 0.01sec
0003 and 0008: 621 matches, 0.13sec, #0
0003 and 0008: [436/621], H[212], 0.01sec
0005 and 0006: 3037 matches, 0.19sec, #1
0005 and 0006: [2838/3037], H[880], 0.03sec
0004 and 0008: 950 matches, 0.12sec, #0
0004 and 0008: [719/950], H[173], 0.01sec
0001 and 0005: 469 matches, 0.20sec, #2
0001 and 0005: [299/469], H[59], 0.01sec
0000 and 0007: 256 matches, 0.16sec, #1
0005 and 0008: 1817 matches, 0.12sec, #0
0005 and 0008: [1403/1817], H[300], 0.01sec
0000 and 0007: [121/256], H[11], 0.02sec
0002 and 0005: 822 matches, 0.16sec, #2
0001 and 0007: 290 matches, 0.15sec, #1
0002 and 0005: [598/822], H[127], 0.01sec
0001 and 0007: [141/290], H[27], 0.01sec
0006 and 0008: 2094 matches, 0.24sec, #0
0006 and 0008: [1639/2094], H[371], 0.02sec
0003 and 0005: 1310 matches, 0.16sec, #2
0002 and 0007: 440 matches, 0.19sec, #1
0003 and 0005: [992/1310], H[244], 0.01sec
0002 and 0007: [286/440], H[104], 0.00sec
0007 and 0008: 3218 matches, 0.12sec, #0
0007 and 0008: [3041/3218], H[1046], 0.03sec
0000 and 0009: 194 matches, 0.13sec, #0
0000 and 0009: [77/194], H[32], 0.04sec
0008 and 0009: 2886 matches, 0.24sec, #2
0009 and 0010: 2641 matches, 0.25sec, #1
0008 and 0009: [2538/2886], H[1080], 0.01sec
0001 and 0009: 198 matches, 0.11sec, #0
0009 and 0010: [2449/2641], H[634], 0.01sec
0001 and 0009: [95/198], H[15], 0.02sec
0002 and 0009: 247 matches, 0.13sec, #0
0002 and 0009: [142/247], H[28], 0.01sec
0000 and 0010: 109 matches, 0.18sec, #2
0000 and 0011: 118 matches, 0.20sec, #1
0000 and 0010: [44/109], H[9], 0.03sec
0003 and 0009: 384 matches, 0.12sec, #0
0003 and 0009: [247/384], H[86], 0.01sec
0000 and 0011: [41/118], H[9], 0.07sec
0001 and 0010: 130 matches, 0.10sec, #2
0004 and 0009: 583 matches, 0.14sec, #0
0004 and 0009: [358/583], H[218], 0.01sec
0001 and 0010: [54/130], H[10], 0.04sec
0001 and 0011: 122 matches, 0.10sec, #1
0005 and 0009: 1163 matches, 0.14sec, #0
0005 and 0009: [845/1163], H[281], 0.01sec
0001 and 0011: [49/122], H[10], 0.07sec
0006 and 0009: 1567 matches, 0.15sec, #0
0006 and 0009: [1178/1567], H[656], 0.01sec
0002 and 0010: 164 matches, 0.21sec, #2
0002 and 0011: 169 matches, 0.15sec, #1
0002 and 0010: [84/164], H[28], 0.03sec
0007 and 0009: 2439 matches, 0.12sec, #0
0002 and 0011: [77/169], H[27], 0.02sec
0007 and 0009: [1883/2439], H[443], 0.02sec
0009 and 0011: 1979 matches, 0.13sec, #0
0003 and 0010: 233 matches, 0.18sec, #2
0009 and 0011: [1737/1979], H[252], 0.01sec
0003 and 0010: [132/233], H[34], 0.01sec
0003 and 0011: 241 matches, 0.27sec, #1
0004 and 0010: 284 matches, 0.12sec, #2
0003 and 0011: [124/241], H[54], 0.01sec
0010 and 0011: 3315 matches, 0.14sec, #0
0004 and 0010: [152/284], H[38], 0.01sec
0010 and 0011: [3173/3315], H[1002], 0.03sec
0000 and 0012: 98 matches, 0.11sec, #0
0004 and 0011: 295 matches, 0.21sec, #1
0004 and 0011: [155/295], H[54], 0.01sec
0000 and 0012: [27/98], H[4], 0.07sec
0005 and 0010: 560 matches, 0.24sec, #2
0001 and 0012: 88 matches, 0.11sec, #0
0005 and 0010: [321/560], H[123], 0.01sec
0005 and 0011: 536 matches, 0.12sec, #1
0005 and 0011: [319/536], H[26], 0.01sec
0001 and 0012: [36/88], H[17], 0.03sec
0002 and 0012: 111 matches, 0.11sec, #0
0002 and 0012: [45/111], H[18], 0.06sec
0006 and 0010: 915 matches, 0.21sec, #2
0006 and 0010: [637/915], H[242], 0.01sec
0006 and 0011: 768 matches, 0.21sec, #1
0006 and 0011: [477/768], H[73], 0.01sec
0003 and 0012: 133 matches, 0.10sec, #0
0003 and 0012: [63/133], H[27], 0.02sec
0004 and 0012: 162 matches, 0.11sec, #0
0004 and 0012: [82/162], H[37], 0.01sec
0007 and 0010: 1215 matches, 0.19sec, #2
0007 and 0010: [839/1215], H[132], 0.01sec
0007 and 0011: 954 matches, 0.21sec, #1
0005 and 0012: 264 matches, 0.12sec, #0
0007 and 0011: [695/954], H[105], 0.01sec
0005 and 0012: [146/264], H[26], 0.01sec
0006 and 0012: 386 matches, 0.17sec, #0
0008 and 0010: 1424 matches, 0.21sec, #2
0006 and 0012: [235/386], H[90], 0.00sec
0008 and 0011: 1295 matches, 0.19sec, #1
0008 and 0010: [1281/1424], H[274], 0.01sec
0008 and 0011: [1028/1295], H[182], 0.01sec
0008 and 0012: 592 matches, 0.12sec, #2
0007 and 0012: 426 matches, 0.14sec, #0
0008 and 0012: [461/592], H[105], 0.01sec
0007 and 0012: [293/426], H[39], 0.01sec
0003 and 0014: 145 matches, 0.11sec, #0
0003 and 0014: [57/145], H[13], 0.05sec
0006 and 0013: 289 matches, 0.21sec, #1
0006 and 0013: [165/289], H[63], 0.01sec
0009 and 0012: 894 matches, 0.20sec, #2
0004 and 0014: 180 matches, 0.11sec, #0
0009 and 0012: [736/894], H[229], 0.01sec
0004 and 0014: [71/180], H[26], 0.08sec
0007 and 0013: 354 matches, 0.17sec, #1
0010 and 0012: 1517 matches, 0.14sec, #2
0007 and 0013: [186/354], H[68], 0.01sec
0005 and 0014: 251 matches, 0.12sec, #0
0010 and 0012: [1339/1517], H[315], 0.01sec
0005 and 0014: [134/251], H[21], 0.01sec
0006 and 0014: 311 matches, 0.14sec, #0
0006 and 0014: [162/311], H[38], 0.01sec
0008 and 0013: 490 matches, 0.22sec, #1
0011 and 0012: 2083 matches, 0.22sec, #2
0008 and 0013: [310/490], H[74], 0.01sec
0007 and 0014: 407 matches, 0.11sec, #0
0011 and 0012: [1761/2083], H[532], 0.01sec
0007 and 0014: [209/407], H[41], 0.01sec
0008 and 0014: 509 matches, 0.17sec, #0
0000 and 0013: 84 matches, 0.20sec, #2
0009 and 0013: 759 matches, 0.21sec, #1
0008 and 0014: [282/509], H[55], 0.01sec
0009 and 0013: [550/759], H[133], 0.01sec
0000 and 0013: [27/84], H[12], 0.12sec
0010 and 0013: 1086 matches, 0.11sec, #1
0009 and 0014: 872 matches, 0.14sec, #0
0010 and 0013: [789/1086], H[130], 0.01sec
0009 and 0014: [585/872], H[88], 0.01sec
0010 and 0014: 1242 matches, 0.12sec, #0
0010 and 0014: [873/1242], H[89], 0.01sec
0001 and 0013: 92 matches, 0.18sec, #2
0011 and 0013: 1638 matches, 0.18sec, #1
0011 and 0013: [1227/1638], H[191], 0.01sec
0011 and 0014: 1762 matches, 0.12sec, #0
0011 and 0014: [1339/1762], H[192], 0.01sec
0001 and 0013: [27/92], H[11], 0.07sec
0012 and 0013: 2072 matches, 0.09sec, #1
0012 and 0014: 1815 matches, 0.11sec, #0
0012 and 0014: [1566/1815], H[437], 0.04sec
0012 and 0013: [1927/2072], H[739], 0.06sec
0002 and 0013: 110 matches, 0.11sec, #2
0013 and 0014: 2634 matches, 0.10sec, #0
0002 and 0013: [46/110], H[18], 0.04sec
0013 and 0014: [2193/2634], H[1058], 0.02sec
0000 and 0014: 124 matches, 0.14sec, #1
0003 and 0013: 106 matches, 0.09sec, #2
0000 and 0015: 52 matches, 0.11sec, #0
0003 and 0013: [51/106], H[15], 0.01sec
0000 and 0014: [29/124], H[9], 0.07sec
0000 and 0015: [12/52], H[5], 0.09sec
0004 and 0013: 146 matches, 0.14sec, #2
0004 and 0013: [76/146], H[20], 0.01sec
0001 and 0015: 48 matches, 0.09sec, #0
0001 and 0014: 84 matches, 0.20sec, #1
0001 and 0015: [15/48], H[5], 0.07sec
0005 and 0013: 240 matches, 0.10sec, #2
0005 and 0013: [134/240], H[27], 0.01sec
0001 and 0014: [27/84], H[9], 0.05sec
0002 and 0015: 64 matches, 0.10sec, #0
0002 and 0015: [24/64], H[9], 0.07sec
0002 and 0014: 108 matches, 0.15sec, #1
0009 and 0015: 373 matches, 0.16sec, #2
0009 and 0015: [239/373], H[32], 0.01sec
0002 and 0014: [46/108], H[21], 0.02sec
0003 and 0015: 83 matches, 0.15sec, #0
0003 and 0015: [23/83], H[6], 0.07sec
0004 and 0016: 65 matches, 0.14sec, #1
0010 and 0015: 609 matches, 0.15sec, #2
0004 and 0016: [31/65], H[7], 0.01sec
0010 and 0015: [445/609], H[64], 0.01sec
0004 and 0015: 81 matches, 0.10sec, #0
0004 and 0015: [32/81], H[13], 0.06sec
0005 and 0016: 110 matches, 0.14sec, #1
0011 and 0015: 816 matches, 0.14sec, #2
0005 and 0016: [59/110], H[11], 0.01sec
0011 and 0015: [620/816], H[67], 0.00sec
0005 and 0015: 114 matches, 0.10sec, #0
0005 and 0015: [54/114], H[21], 0.01sec
0006 and 0015: 156 matches, 0.10sec, #0
0006 and 0015: [85/156], H[18], 0.01sec
0006 and 0016: 141 matches, 0.17sec, #1
0012 and 0015: 1576 matches, 0.16sec, #2
0006 and 0016: [76/141], H[27], 0.01sec
0012 and 0015: [1222/1576], H[289], 0.01sec
0007 and 0015: 168 matches, 0.10sec, #0
0007 and 0015: [100/168], H[18], 0.01sec
0008 and 0015: 240 matches, 0.11sec, #0
0007 and 0016: 175 matches, 0.16sec, #1
0008 and 0015: [132/240], H[38], 0.01sec
0007 and 0016: [92/175], H[30], 0.01sec
0013 and 0015: 1647 matches, 0.25sec, #2
0013 and 0015: [1189/1647], H[256], 0.01sec
0014 and 0016: 1393 matches, 0.10sec, #0
0008 and 0016: 201 matches, 0.10sec, #1
0014 and 0016: [988/1393], H[271], 0.01sec
0008 and 0016: [105/201], H[42], 0.01sec
0015 and 0016: 2303 matches, 0.08sec, #0
0015 and 0016: [2165/2303], H[719], 0.00sec
0014 and 0015: 1777 matches, 0.13sec, #2
0014 and 0015: [1554/1777], H[658], 0.00sec
0009 and 0016: 330 matches, 0.15sec, #1
0009 and 0016: [197/330], H[71], 0.01sec
0000 and 0017: 96 matches, 0.10sec, #0
0000 and 0016: 52 matches, 0.12sec, #2
0000 and 0017: [18/96], H[5], 0.10sec
0010 and 0016: 514 matches, 0.13sec, #1
0000 and 0016: [14/52], H[8], 0.05sec
0010 and 0016: [345/514], H[18], 0.01sec
0001 and 0017: 95 matches, 0.09sec, #0
0001 and 0016: 49 matches, 0.11sec, #2
0001 and 0017: [25/95], H[10], 0.10sec
0011 and 0016: 756 matches, 0.14sec, #1
0011 and 0016: [515/756], H[85], 0.01sec
0001 and 0016: [13/49], H[6], 0.06sec
0002 and 0017: 115 matches, 0.12sec, #0
0012 and 0016: 1161 matches, 0.10sec, #1
0012 and 0016: [806/1161], H[181], 0.01sec
0002 and 0017: [40/115], H[13], 0.07sec
0002 and 0016: 56 matches, 0.12sec, #2
0013 and 0016: 1247 matches, 0.09sec, #1
0013 and 0016: [882/1247], H[151], 0.01sec
0002 and 0016: [21/56], H[7], 0.03sec
0003 and 0017: 126 matches, 0.10sec, #0
0003 and 0017: [54/126], H[13], 0.03sec
0008 and 0017: 403 matches, 0.14sec, #1
0003 and 0016: 55 matches, 0.15sec, #2
0008 and 0017: [198/403], H[130], 0.01sec
0004 and 0017: 172 matches, 0.11sec, #0
0004 and 0017: [69/172], H[18], 0.04sec
0003 and 0016: [20/55], H[6], 0.10sec
0009 and 0017: 692 matches, 0.13sec, #1
0009 and 0017: [425/692], H[82], 0.01sec
0005 and 0017: 216 matches, 0.11sec, #0
0005 and 0017: [105/216], H[58], 0.07sec
0001 and 0018: 80 matches, 0.15sec, #2
0010 and 0017: 1121 matches, 0.16sec, #1
0010 and 0017: [757/1121], H[106], 0.01sec
0006 and 0017: 290 matches, 0.12sec, #0
0006 and 0017: [156/290], H[75], 0.01sec
0001 and 0018: [22/80], H[6], 0.09sec
0011 and 0017: 1262 matches, 0.13sec, #1
0007 and 0017: 363 matches, 0.11sec, #0
0011 and 0017: [764/1262], H[102], 0.01sec
0007 and 0017: [200/363], H[42], 0.01sec
0011 and 0018: 1249 matches, 0.11sec, #0
0011 and 0018: [794/1249], H[120], 0.01sec
0002 and 0018: 100 matches, 0.18sec, #2
0012 and 0017: 1211 matches, 0.17sec, #1
0002 and 0018: [36/100], H[16], 0.04sec
0012 and 0018: 1248 matches, 0.10sec, #0
0012 and 0017: [824/1211], H[83], 0.01sec
0012 and 0018: [928/1248], H[88], 0.01sec
0013 and 0018: 1629 matches, 0.10sec, #0
0013 and 0018: [1059/1629], H[277], 0.01sec
0003 and 0018: 111 matches, 0.17sec, #2
0013 and 0017: 1215 matches, 0.19sec, #1
0014 and 0018: 2311 matches, 0.10sec, #0
0013 and 0017: [776/1215], H[198], 0.01sec
0014 and 0018: [1718/2311], H[430], 0.01sec
0003 and 0018: [42/111], H[14], 0.03sec
0015 and 0018: 1704 matches, 0.10sec, #0
0015 and 0018: [1441/1704], H[261], 0.00sec
0014 and 0017: 1864 matches, 0.14sec, #1
0014 and 0017: [1257/1864], H[257], 0.01sec
0004 and 0018: 140 matches, 0.16sec, #2
0016 and 0018: 1445 matches, 0.09sec, #0
0004 and 0018: [54/140], H[17], 0.04sec
0016 and 0018: [1187/1445], H[196], 0.04sec
0015 and 0017: 1291 matches, 0.15sec, #1
0015 and 0017: [1037/1291], H[443], 0.01sec
0017 and 0018: 2893 matches, 0.10sec, #0
0017 and 0018: [2693/2893], H[562], 0.02sec
0005 and 0018: 218 matches, 0.16sec, #2
0005 and 0018: [106/218], H[19], 0.03sec
0016 and 0017: 1247 matches, 0.08sec, #1
0016 and 0017: [939/1247], H[361], 0.01sec
0000 and 0019: 54 matches, 0.10sec, #0
0006 and 0018: 269 matches, 0.14sec, #2
0000 and 0019: [12/54], H[4], 0.13sec
0006 and 0018: [145/269], H[65], 0.01sec
0000 and 0018: 84 matches, 0.18sec, #1
0001 and 0019: 61 matches, 0.11sec, #0
0007 and 0018: 371 matches, 0.11sec, #2
0007 and 0018: [194/371], H[34], 0.01sec
0000 and 0018: [15/84], H[4], 0.06sec
0001 and 0019: [20/61], H[5], 0.09sec
0008 and 0018: 381 matches, 0.16sec, #2
0008 and 0018: [202/381], H[65], 0.01sec
0003 and 0019: 106 matches, 0.14sec, #1
0002 and 0019: 72 matches, 0.10sec, #0
0003 and 0019: [53/106], H[12], 0.02sec
0002 and 0019: [33/72], H[10], 0.02sec
0013 and 0019: 563 matches, 0.10sec, #0
0013 and 0019: [358/563], H[36], 0.01sec
0009 and 0018: 686 matches, 0.17sec, #2
0009 and 0018: [352/686], H[50], 0.01sec
0004 and 0019: 125 matches, 0.17sec, #1
0014 and 0019: 851 matches, 0.10sec, #0
0004 and 0019: [62/125], H[26], 0.01sec
0014 and 0019: [623/851], H[151], 0.01sec
0015 and 0019: 719 matches, 0.08sec, #0
0015 and 0019: [624/719], H[113], 0.01sec
0010 and 0018: 974 matches, 0.17sec, #2
0005 and 0019: 196 matches, 0.16sec, #1
0010 and 0018: [662/974], H[59], 0.01sec
0016 and 0019: 700 matches, 0.08sec, #0
0005 and 0019: [100/196], H[27], 0.01sec
0016 and 0019: [598/700], H[69], 0.00sec
0017 and 0019: 1395 matches, 0.11sec, #0
0017 and 0019: [1024/1395], H[170], 0.03sec
0006 and 0019: 292 matches, 0.20sec, #1
0004 and 0020: 279 matches, 0.21sec, #2
0004 and 0020: [182/279], H[52], 0.00sec
0006 and 0019: [151/292], H[27], 0.01sec
0018 and 0019: 1194 matches, 0.10sec, #0
0018 and 0019: [915/1194], H[247], 0.01sec
0000 and 0020: 122 matches, 0.11sec, #0
0005 and 0020: 490 matches, 0.19sec, #2
0005 and 0020: [312/490], H[123], 0.01sec
0000 and 0020: [46/122], H[8], 0.06sec
0007 and 0019: 350 matches, 0.28sec, #1
0006 and 0020: 567 matches, 0.11sec, #2
0007 and 0019: [227/350], H[24], 0.01sec
0006 and 0020: [327/567], H[179], 0.01sec
0001 and 0020: 129 matches, 0.10sec, #0
0001 and 0020: [50/129], H[16], 0.07sec
0008 and 0019: 359 matches, 0.16sec, #1
0008 and 0019: [186/359], H[103], 0.01sec
0002 and 0020: 150 matches, 0.10sec, #0
0007 and 0020: 851 matches, 0.18sec, #2
0002 and 0020: [78/150], H[21], 0.01sec
0007 and 0020: [540/851], H[261], 0.01sec
0003 and 0020: 198 matches, 0.12sec, #0
0003 and 0020: [113/198], H[25], 0.01sec
0009 and 0019: 633 matches, 0.17sec, #1
0009 and 0019: [362/633], H[31], 0.01sec
0008 and 0020: 806 matches, 0.18sec, #2
0014 and 0020: 841 matches, 0.12sec, #0
0008 and 0020: [580/806], H[96], 0.01sec
0014 and 0020: [558/841], H[113], 0.01sec
0015 and 0020: 475 matches, 0.10sec, #0
0015 and 0020: [311/475], H[47], 0.01sec
0010 and 0019: 1129 matches, 0.21sec, #1
0009 and 0020: 1171 matches, 0.22sec, #2
0010 and 0019: [735/1129], H[117], 0.01sec
0016 and 0020: 431 matches, 0.10sec, #0
0009 and 0020: [922/1171], H[65], 0.01sec
0016 and 0020: [298/431], H[38], 0.00sec
0017 and 0020: 984 matches, 0.11sec, #0
0017 and 0020: [718/984], H[95], 0.01sec
0011 and 0019: 935 matches, 0.19sec, #1
0010 and 0020: 1070 matches, 0.20sec, #2
0018 and 0020: 924 matches, 0.10sec, #0
0011 and 0019: [508/935], H[41], 0.01sec
0010 and 0020: [778/1070], H[82], 0.01sec
0018 and 0020: [645/924], H[62], 0.01sec
0019 and 0020: 1452 matches, 0.12sec, #0
0019 and 0020: [1259/1452], H[405], 0.01sec
0012 and 0019: 751 matches, 0.18sec, #1
0012 and 0019: [490/751], H[82], 0.01sec
0011 and 0020: 964 matches, 0.19sec, #2
0000 and 0021: 76 matches, 0.10sec, #0
0011 and 0020: [618/964], H[67], 0.01sec
0000 and 0021: [34/76], H[10], 0.02sec
0001 and 0021: 91 matches, 0.10sec, #0
0001 and 0021: [42/91], H[16], 0.02sec
0004 and 0021: 182 matches, 0.17sec, #1
0004 and 0021: [107/182], H[32], 0.01sec
0012 and 0020: 694 matches, 0.17sec, #2
0002 and 0021: 107 matches, 0.10sec, #0
0012 and 0020: [511/694], H[107], 0.01sec
0002 and 0021: [54/107], H[20], 0.03sec
0003 and 0021: 140 matches, 0.10sec, #0
0003 and 0021: [77/140], H[19], 0.01sec
0005 and 0021: 299 matches, 0.18sec, #1
0005 and 0021: [164/299], H[41], 0.01sec
0013 and 0020: 629 matches, 0.18sec, #2
0013 and 0020: [420/629], H[102], 0.01sec
0014 and 0021: 609 matches, 0.16sec, #0
0014 and 0021: [511/609], H[84], 0.01sec
0006 and 0021: 347 matches, 0.17sec, #1
0006 and 0021: [190/347], H[38], 0.01sec
0015 and 0021: 566 matches, 0.09sec, #0
0003 and 0022: 265 matches, 0.16sec, #2
0015 and 0021: [456/566], H[54], 0.01sec
0003 and 0022: [173/265], H[48], 0.01sec
0016 and 0021: 402 matches, 0.09sec, #0
0016 and 0021: [287/402], H[38], 0.01sec
0007 and 0021: 503 matches, 0.20sec, #1
0004 and 0022: 348 matches, 0.20sec, #2
0007 and 0021: [296/503], H[49], 0.01sec
0017 and 0021: 889 matches, 0.10sec, #0
0004 and 0022: [215/348], H[41], 0.01sec
0017 and 0021: [612/889], H[83], 0.01sec
0018 and 0021: 1004 matches, 0.10sec, #0
0018 and 0021: [676/1004], H[50], 0.01sec
0008 and 0021: 542 matches, 0.22sec, #1
0005 and 0022: 606 matches, 0.22sec, #2
0008 and 0021: [299/542], H[64], 0.01sec
0019 and 0021: 1522 matches, 0.09sec, #0
0005 and 0022: [379/606], H[78], 0.00sec
0019 and 0021: [1383/1522], H[436], 0.01sec
0020 and 0021: 2029 matches, 0.11sec, #0
0020 and 0021: [1811/2029], H[354], 0.00sec
0009 and 0021: 731 matches, 0.19sec, #1
0006 and 0022: 587 matches, 0.21sec, #2
0009 and 0021: [461/731], H[65], 0.01sec
0000 and 0022: 133 matches, 0.11sec, #0
0006 and 0022: [379/587], H[216], 0.00sec
0000 and 0022: [66/133], H[27], 0.01sec
0001 and 0022: 139 matches, 0.12sec, #0
0001 and 0022: [80/139], H[29], 0.01sec
0010 and 0021: 780 matches, 0.18sec, #1
0007 and 0022: 853 matches, 0.20sec, #2
0010 and 0021: [482/780], H[63], 0.01sec
0002 and 0022: 170 matches, 0.11sec, #0
0007 and 0022: [604/853], H[90], 0.00sec
0002 and 0022: [113/170], H[30], 0.00sec
0013 and 0022: 451 matches, 0.12sec, #0
0013 and 0022: [335/451], H[141], 0.01sec
0011 and 0021: 710 matches, 0.17sec, #1
0011 and 0021: [409/710], H[61], 0.01sec
0008 and 0022: 850 matches, 0.20sec, #2
0012 and 0021: 541 matches, 0.08sec, #1
0008 and 0022: [581/850], H[236], 0.01sec
0012 and 0021: [418/541], H[66], 0.00sec
0014 and 0022: 507 matches, 0.12sec, #0
0014 and 0022: [311/507], H[145], 0.01sec
0015 and 0022: 351 matches, 0.11sec, #0
0015 and 0022: [203/351], H[77], 0.01sec
0009 and 0022: 1001 matches, 0.17sec, #2
0013 and 0021: 575 matches, 0.21sec, #1
0009 and 0022: [742/1001], H[375], 0.01sec
0013 and 0021: [358/575], H[65], 0.01sec
0016 and 0022: 257 matches, 0.10sec, #0
0016 and 0022: [148/257], H[58], 0.01sec
0017 and 0022: 580 matches, 0.11sec, #0
0010 and 0022: 792 matches, 0.19sec, #2
0001 and 0023: 215 matches, 0.19sec, #1
0017 and 0022: [332/580], H[60], 0.01sec
0010 and 0022: [543/792], H[78], 0.01sec
0001 and 0023: [103/215], H[36], 0.01sec
0018 and 0022: 623 matches, 0.13sec, #0
0018 and 0022: [391/623], H[87], 0.01sec
0002 and 0023: 281 matches, 0.19sec, #1
0011 and 0022: 735 matches, 0.20sec, #2
0019 and 0022: 998 matches, 0.10sec, #0
0002 and 0023: [179/281], H[49], 0.00sec
0011 and 0022: [565/735], H[227], 0.01sec
0019 and 0022: [804/998], H[157], 0.01sec
0020 and 0022: 2648 matches, 0.13sec, #0
0020 and 0022: [2266/2648], H[640], 0.02sec
0003 and 0023: 380 matches, 0.25sec, #1
0003 and 0023: [244/380], H[49], 0.00sec
0012 and 0022: 414 matches, 0.28sec, #2
0012 and 0022: [242/414], H[118], 0.01sec
0021 and 0022: 1824 matches, 0.19sec, #0
0021 and 0022: [1458/1824], H[320], 0.01sec
0004 and 0023: 532 matches, 0.21sec, #1
0000 and 0023: 181 matches, 0.12sec, #0
0011 and 0023: 780 matches, 0.21sec, #2
0004 and 0023: [317/532], H[104], 0.01sec
0000 and 0023: [94/181], H[18], 0.01sec
0011 and 0023: [517/780], H[135], 0.01sec
0021 and 0023: 1183 matches, 0.13sec, #0
0021 and 0023: [954/1183], H[223], 0.01sec
0005 and 0023: 758 matches, 0.24sec, #1
0012 and 0023: 465 matches, 0.24sec, #2
0005 and 0023: [555/758], H[281], 0.00sec
0022 and 0023: 3299 matches, 0.12sec, #0
0012 and 0023: [273/465], H[89], 0.01sec
0022 and 0023: [3142/3299], H[1330], 0.00sec
0000 and 0024: 267 matches, 0.14sec, #0
0000 and 0024: [164/267], H[51], 0.01sec
0006 and 0023: 789 matches, 0.24sec, #1
0006 and 0023: [559/789], H[152], 0.01sec
0013 and 0023: 409 matches, 0.25sec, #2
0013 and 0023: [272/409], H[82], 0.00sec
0001 and 0024: 272 matches, 0.11sec, #0
0001 and 0024: [168/272], H[39], 0.01sec
0002 and 0024: 457 matches, 0.12sec, #0
0002 and 0024: [322/457], H[172], 0.01sec
0007 and 0023: 1090 matches, 0.20sec, #1
0014 and 0023: 513 matches, 0.22sec, #2
0007 and 0023: [794/1090], H[244], 0.01sec
0014 and 0023: [294/513], H[98], 0.01sec
0003 and 0024: 544 matches, 0.11sec, #0
0003 and 0024: [379/544], H[116], 0.01sec
0004 and 0024: 729 matches, 0.13sec, #0
0004 and 0024: [529/729], H[315], 0.01sec
0008 and 0023: 975 matches, 0.21sec, #1
0015 and 0023: 295 matches, 0.21sec, #2
0005 and 0024: 894 matches, 0.12sec, #0
0008 and 0023: [709/975], H[199], 0.01sec
0015 and 0023: [177/295], H[53], 0.01sec
0005 and 0024: [606/894], H[237], 0.01sec
0006 and 0024: 893 matches, 0.13sec, #0
0006 and 0024: [647/893], H[415], 0.01sec
0009 and 0023: 1123 matches, 0.19sec, #1
0009 and 0023: [762/1123], H[315], 0.01sec
0016 and 0023: 260 matches, 0.22sec, #2
0016 and 0023: [138/260], H[35], 0.01sec
0007 and 0024: 1075 matches, 0.19sec, #0
0007 and 0024: [769/1075], H[228], 0.01sec
0010 and 0023: 809 matches, 0.19sec, #1
0017 and 0023: 576 matches, 0.18sec, #2
0010 and 0023: [547/809], H[127], 0.01sec
0017 and 0023: [331/576], H[136], 0.01sec
0008 and 0024: 836 matches, 0.12sec, #0
0008 and 0024: [581/836], H[166], 0.01sec
0009 and 0024: 789 matches, 0.13sec, #0
0009 and 0024: [479/789], H[39], 0.01sec
0018 and 0024: 383 matches, 0.17sec, #1
0018 and 0024: [189/383], H[73], 0.01sec
0018 and 0023: 576 matches, 0.20sec, #2
0010 and 0024: 597 matches, 0.12sec, #0
0018 and 0023: [289/576], H[78], 0.02sec
0010 and 0024: [413/597], H[61], 0.01sec
0011 and 0024: 652 matches, 0.12sec, #0
0011 and 0024: [463/652], H[91], 0.01sec
0019 and 0024: 474 matches, 0.20sec, #1
0019 and 0023: 863 matches, 0.19sec, #2
0012 and 0024: 304 matches, 0.11sec, #0
0019 and 0024: [341/474], H[57], 0.00sec
0019 and 0023: [648/863], H[82], 0.01sec
0012 and 0024: [176/304], H[121], 0.01sec
0013 and 0024: 283 matches, 0.14sec, #0
0013 and 0024: [182/283], H[66], 0.01sec
0020 and 0024: 1418 matches, 0.20sec, #1
0020 and 0023: 2404 matches, 0.22sec, #2
0020 and 0024: [1124/1418], H[277], 0.01sec
0020 and 0023: [1995/2404], H[497], 0.01sec
0014 and 0024: 370 matches, 0.11sec, #0
0014 and 0024: [196/370], H[95], 0.01sec
0015 and 0024: 188 matches, 0.11sec, #0
0015 and 0024: [102/188], H[34], 0.01sec
0021 and 0024: 693 matches, 0.18sec, #1
0004 and 0025: 664 matches, 0.22sec, #2
0021 and 0024: [536/693], H[102], 0.01sec
0004 and 0025: [460/664], H[172], 0.01sec
0016 and 0024: 175 matches, 0.09sec, #0
0016 and 0024: [93/175], H[17], 0.01sec
0017 and 0024: 376 matches, 0.12sec, #0
0017 and 0024: [196/376], H[64], 0.01sec
0005 and 0025: 875 matches, 0.23sec, #2
0022 and 0024: 1815 matches, 0.24sec, #1
0014 and 0025: 430 matches, 0.12sec, #0
0005 and 0025: [641/875], H[424], 0.01sec
0022 and 0024: [1377/1815], H[435], 0.01sec
0014 and 0025: [249/430], H[121], 0.01sec
0015 and 0025: 218 matches, 0.12sec, #0
0015 and 0025: [110/218], H[14], 0.01sec
0006 and 0025: 872 matches, 0.27sec, #2
0023 and 0024: 2976 matches, 0.28sec, #1
0006 and 0025: [550/872], H[134], 0.01sec
0023 and 0024: [2431/2976], H[884], 0.01sec
0016 and 0025: 201 matches, 0.12sec, #0
0016 and 0025: [109/201], H[16], 0.01sec
0017 and 0025: 437 matches, 0.12sec, #0
0017 and 0025: [238/437], H[85], 0.02sec
0007 and 0025: 1156 matches, 0.29sec, #2
0018 and 0025: 398 matches, 0.11sec, #0
0000 and 0025: 240 matches, 0.30sec, #1
0007 and 0025: [834/1156], H[297], 0.01sec
0018 and 0025: [219/398], H[41], 0.01sec
0000 and 0025: [129/240], H[17], 0.01sec
0019 and 0025: 608 matches, 0.12sec, #0
0019 and 0025: [478/608], H[33], 0.01sec
0008 and 0025: 917 matches, 0.20sec, #2
0001 and 0025: 269 matches, 0.23sec, #1
0008 and 0025: [599/917], H[265], 0.01sec
0001 and 0025: [152/269], H[49], 0.01sec
0020 and 0025: 1574 matches, 0.12sec, #0
0020 and 0025: [1255/1574], H[237], 0.01sec
0021 and 0025: 793 matches, 0.11sec, #0
0021 and 0025: [605/793], H[107], 0.01sec
0009 and 0025: 869 matches, 0.21sec, #2
0002 and 0025: 380 matches, 0.23sec, #1
0009 and 0025: [616/869], H[261], 0.01sec
0002 and 0025: [237/380], H[74], 0.01sec
0022 and 0025: 2081 matches, 0.11sec, #0
0022 and 0025: [1691/2081], H[412], 0.01sec
0023 and 0025: 3273 matches, 0.13sec, #0
0023 and 0025: [2764/3273], H[604], 0.03sec
0010 and 0025: 660 matches, 0.24sec, #2
0003 and 0025: 490 matches, 0.24sec, #1
0010 and 0025: [471/660], H[121], 0.01sec
0024 and 0025: 4183 matches, 0.12sec, #0
0003 and 0025: [339/490], H[108], 0.00sec
0024 and 0025: [4049/4183], H[3236], 0.09sec
0011 and 0025: 695 matches, 0.19sec, #2
0011 and 0025: [444/695], H[88], 0.01sec
0009 and 0026: 804 matches, 0.21sec, #1
0000 and 0026: 303 matches, 0.12sec, #0
0009 and 0026: [530/804], H[219], 0.01sec
0000 and 0026: [160/303], H[63], 0.01sec
0001 and 0026: 284 matches, 0.11sec, #0
0001 and 0026: [178/284], H[57], 0.01sec
0012 and 0025: 384 matches, 0.20sec, #2
0012 and 0025: [240/384], H[35], 0.01sec
0002 and 0026: 413 matches, 0.13sec, #0
0002 and 0026: [273/413], H[45], 0.01sec
0010 and 0026: 578 matches, 0.28sec, #1
0010 and 0026: [379/578], H[140], 0.01sec
0013 and 0025: 317 matches, 0.12sec, #2
0013 and 0025: [192/317], H[74], 0.01sec
0003 and 0026: 529 matches, 0.11sec, #0
0003 and 0026: [388/529], H[120], 0.01sec
0004 and 0026: 727 matches, 0.12sec, #0
0004 and 0026: [485/727], H[303], 0.01sec
0011 and 0026: 608 matches, 0.25sec, #1
0019 and 0026: 480 matches, 0.24sec, #2
0011 and 0026: [414/608], H[110], 0.00sec
0005 and 0026: 941 matches, 0.11sec, #0
0019 and 0026: [336/480], H[30], 0.01sec
0005 and 0026: [705/941], H[69], 0.01sec
0006 and 0026: 1008 matches, 0.13sec, #0
0006 and 0026: [633/1008], H[352], 0.01sec
0012 and 0026: 324 matches, 0.20sec, #1
0020 and 0026: 1304 matches, 0.22sec, #2
0012 and 0026: [174/324], H[72], 0.01sec
0007 and 0026: 1098 matches, 0.12sec, #0
0020 and 0026: [1026/1304], H[82], 0.01sec
0007 and 0026: [828/1098], H[392], 0.01sec
0013 and 0026: 259 matches, 0.18sec, #1
0013 and 0026: [149/259], H[24], 0.01sec
0008 and 0026: 803 matches, 0.12sec, #0
0008 and 0026: [545/803], H[255], 0.01sec
0021 and 0026: 671 matches, 0.23sec, #2
0014 and 0026: 350 matches, 0.12sec, #1
0021 and 0026: [517/671], H[92], 0.00sec
0014 and 0026: [216/350], H[37], 0.01sec
0003 and 0027: 653 matches, 0.11sec, #0
0003 and 0027: [446/653], H[132], 0.01sec
0004 and 0027: 718 matches, 0.13sec, #0
0004 and 0027: [443/718], H[105], 0.02sec
0022 and 0026: 1643 matches, 0.18sec, #2
0022 and 0026: [1315/1643], H[302], 0.01sec
0015 and 0026: 176 matches, 0.20sec, #1
0005 and 0027: 804 matches, 0.12sec, #0
0015 and 0026: [95/176], H[27], 0.01sec
0005 and 0027: [570/804], H[207], 0.01sec
0006 and 0027: 935 matches, 0.12sec, #0
0006 and 0027: [712/935], H[100], 0.01sec
0023 and 0026: 2674 matches, 0.19sec, #2
0016 and 0026: 170 matches, 0.19sec, #1
0016 and 0026: [89/170], H[34], 0.01sec
0023 and 0026: [2209/2674], H[598], 0.01sec
0007 and 0027: 797 matches, 0.12sec, #0
0007 and 0027: [591/797], H[21], 0.01sec
0008 and 0027: 535 matches, 0.12sec, #0
0008 and 0027: [399/535], H[155], 0.01sec
0024 and 0026: 4534 matches, 0.24sec, #2
0017 and 0026: 396 matches, 0.26sec, #1
0024 and 0026: [4404/4534], H[2860], 0.02sec
0017 and 0026: [204/396], H[42], 0.01sec
0009 and 0027: 547 matches, 0.12sec, #0
0009 and 0027: [379/547], H[148], 0.01sec
0010 and 0027: 467 matches, 0.13sec, #0
0010 and 0027: [303/467], H[87], 0.01sec
0025 and 0026: 4074 matches, 0.27sec, #2
0018 and 0026: 336 matches, 0.28sec, #1
0025 and 0026: [3925/4074], H[1243], 0.02sec
0011 and 0027: 442 matches, 0.12sec, #0
0018 and 0026: [173/336], H[55], 0.01sec
0011 and 0027: [298/442], H[154], 0.01sec
0012 and 0027: 243 matches, 0.13sec, #0
0012 and 0027: [139/243], H[59], 0.01sec
0000 and 0027: 332 matches, 0.22sec, #2
0013 and 0027: 165 matches, 0.21sec, #1
0000 and 0027: [193/332], H[53], 0.00sec
0023 and 0027: 1596 matches, 0.12sec, #0
0013 and 0027: [90/165], H[36], 0.01sec
0023 and 0027: [1278/1596], H[190], 0.01sec
0024 and 0027: 2773 matches, 0.13sec, #0
0001 and 0027: 367 matches, 0.17sec, #2
0024 and 0027: [2357/2773], H[387], 0.02sec
0001 and 0027: [230/367], H[139], 0.01sec
0014 and 0027: 245 matches, 0.20sec, #1
0014 and 0027: [136/245], H[27], 0.01sec
0025 and 0027: 2442 matches, 0.12sec, #0
0025 and 0027: [2121/2442], H[332], 0.02sec
0002 and 0027: 482 matches, 0.19sec, #2
0002 and 0027: [318/482], H[31], 0.01sec
0015 and 0027: 160 matches, 0.12sec, #1
0026 and 0027: 2987 matches, 0.12sec, #0
0015 and 0027: [84/160], H[20], 0.01sec
0026 and 0027: [2702/2987], H[795], 0.02sec
0000 and 0028: 218 matches, 0.12sec, #0
0000 and 0028: [136/218], H[54], 0.01sec
0006 and 0028: 731 matches, 0.20sec, #2
0016 and 0027: 132 matches, 0.18sec, #1
0006 and 0028: [480/731], H[22], 0.01sec
0001 and 0028: 268 matches, 0.11sec, #0
0016 and 0027: [62/132], H[7], 0.01sec
0001 and 0028: [169/268], H[62], 0.01sec
0002 and 0028: 356 matches, 0.12sec, #0
0002 and 0028: [254/356], H[44], 0.00sec
0007 and 0028: 639 matches, 0.20sec, #2
0017 and 0027: 275 matches, 0.20sec, #1
0007 and 0028: [473/639], H[63], 0.01sec
0003 and 0028: 487 matches, 0.11sec, #0
0017 and 0027: [136/275], H[22], 0.01sec
0003 and 0028: [356/487], H[97], 0.00sec
0008 and 0028: 449 matches, 0.20sec, #2
0004 and 0028: 556 matches, 0.13sec, #0
0008 and 0028: [319/449], H[122], 0.00sec
0004 and 0028: [386/556], H[65], 0.00sec
0018 and 0027: 242 matches, 0.23sec, #1
0009 and 0028: 452 matches, 0.11sec, #2
0009 and 0028: [302/452], H[88], 0.00sec
0018 and 0027: [116/242], H[39], 0.02sec
0005 and 0028: 625 matches, 0.13sec, #0
0005 and 0028: [437/625], H[182], 0.01sec
0016 and 0028: 195 matches, 0.10sec, #0
0016 and 0028: [91/195], H[26], 0.02sec
0010 and 0028: 445 matches, 0.17sec, #2
0019 and 0027: 353 matches, 0.19sec, #1
0010 and 0028: [330/445], H[68], 0.00sec
0019 and 0027: [226/353], H[34], 0.01sec
0017 and 0028: 231 matches, 0.11sec, #0
0017 and 0028: [123/231], H[32], 0.01sec
0018 and 0028: 256 matches, 0.12sec, #0
0018 and 0028: [137/256], H[47], 0.01sec
0011 and 0028: 449 matches, 0.20sec, #2
0020 and 0027: 800 matches, 0.21sec, #1
0011 and 0028: [301/449], H[95], 0.00sec
0020 and 0027: [590/800], H[104], 0.01sec
0019 and 0028: 365 matches, 0.11sec, #0
0019 and 0028: [244/365], H[26], 0.01sec
0020 and 0028: 642 matches, 0.12sec, #0
0020 and 0028: [479/642], H[31], 0.01sec
0012 and 0028: 259 matches, 0.18sec, #2
0012 and 0028: [177/259], H[86], 0.00sec
0021 and 0027: 437 matches, 0.22sec, #1
0021 and 0027: [339/437], H[61], 0.00sec
0021 and 0028: 397 matches, 0.11sec, #0
0021 and 0028: [287/397], H[31], 0.01sec
0022 and 0028: 846 matches, 0.12sec, #0
0022 and 0028: [663/846], H[114], 0.01sec
0013 and 0028: 220 matches, 0.18sec, #2
0013 and 0028: [132/220], H[17], 0.01sec
0022 and 0027: 1044 matches, 0.20sec, #1
0023 and 0028: 1345 matches, 0.12sec, #0
0022 and 0027: [794/1044], H[125], 0.01sec
0023 and 0028: [1038/1345], H[134], 0.01sec
0024 and 0028: 2425 matches, 0.12sec, #0
0014 and 0028: 255 matches, 0.20sec, #2
0024 and 0028: [2219/2425], H[429], 0.04sec
0014 and 0028: [171/255], H[27], 0.01sec
0026 and 0028: 2529 matches, 0.28sec, #1
0015 and 0028: 189 matches, 0.12sec, #2
0025 and 0028: 2066 matches, 0.13sec, #0
0015 and 0028: [110/189], H[20], 0.01sec
0026 and 0028: [2364/2529], H[825], 0.02sec
0025 and 0028: [1798/2066], H[442], 0.01sec
0018 and 0029: 127 matches, 0.12sec, #0
0018 and 0029: [66/127], H[19], 0.01sec
0019 and 0029: 215 matches, 0.11sec, #0
0008 and 0029: 501 matches, 0.29sec, #2
0019 and 0029: [130/215], H[37], 0.01sec
0027 and 0028: 2640 matches, 0.28sec, #1
0008 and 0029: [345/501], H[56], 0.01sec
0027 and 0028: [2232/2640], H[857], 0.01sec
0020 and 0029: 311 matches, 0.14sec, #0
0020 and 0029: [215/311], H[82], 0.01sec
0009 and 0029: 322 matches, 0.20sec, #2
0009 and 0029: [206/322], H[39], 0.01sec
0000 and 0029: 297 matches, 0.12sec, #1
0000 and 0029: [193/297], H[25], 0.01sec
0021 and 0029: 256 matches, 0.17sec, #0
0021 and 0029: [168/256], H[35], 0.01sec
0010 and 0029: 336 matches, 0.21sec, #2
0010 and 0029: [228/336], H[82], 0.00sec
0022 and 0029: 469 matches, 0.12sec, #0
0022 and 0029: [333/469], H[49], 0.01sec
0001 and 0029: 405 matches, 0.30sec, #1
0001 and 0029: [282/405], H[79], 0.00sec
0023 and 0029: 565 matches, 0.13sec, #0
0023 and 0029: [405/565], H[30], 0.01sec
0011 and 0029: 267 matches, 0.25sec, #2
0011 and 0029: [191/267], H[85], 0.01sec
0024 and 0029: 955 matches, 0.13sec, #0
0024 and 0029: [767/955], H[54], 0.01sec
0002 and 0029: 619 matches, 0.17sec, #1
0002 and 0029: [435/619], H[201], 0.01sec
0012 and 0029: 198 matches, 0.12sec, #2
0025 and 0029: 835 matches, 0.12sec, #0
0012 and 0029: [126/198], H[57], 0.01sec
0025 and 0029: [642/835], H[106], 0.01sec
0026 and 0029: 1042 matches, 0.12sec, #0
0026 and 0029: [893/1042], H[134], 0.04sec
0013 and 0029: 127 matches, 0.21sec, #2
0003 and 0029: 849 matches, 0.24sec, #1
0013 and 0029: [72/127], H[26], 0.01sec
0027 and 0029: 1762 matches, 0.12sec, #0
0003 and 0029: [648/849], H[121], 0.01sec
0027 and 0029: [1380/1762], H[207], 0.01sec
0028 and 0029: 1140 matches, 0.12sec, #0
0028 and 0029: [915/1140], H[175], 0.01sec
0014 and 0029: 137 matches, 0.19sec, #2
0014 and 0029: [78/137], H[21], 0.01sec
0004 and 0029: 852 matches, 0.23sec, #1
0000 and 0030: 444 matches, 0.12sec, #0
0004 and 0029: [608/852], H[113], 0.01sec
0000 and 0030: [299/444], H[153], 0.01sec
0001 and 0030: 709 matches, 0.12sec, #0
0001 and 0030: [532/709], H[214], 0.01sec
0015 and 0029: 103 matches, 0.19sec, #2
0005 and 0029: 812 matches, 0.21sec, #1
0015 and 0029: [55/103], H[26], 0.01sec
0005 and 0029: [623/812], H[68], 0.01sec
0002 and 0030: 902 matches, 0.11sec, #0
0002 and 0030: [726/902], H[335], 0.01sec
0003 and 0030: 867 matches, 0.14sec, #0
0016 and 0029: 87 matches, 0.17sec, #2
0003 and 0030: [723/867], H[246], 0.01sec
0016 and 0029: [51/87], H[22], 0.01sec
0006 and 0029: 782 matches, 0.30sec, #1
0004 and 0030: 823 matches, 0.13sec, #0
0006 and 0029: [589/782], H[90], 0.01sec
0004 and 0030: [628/823], H[202], 0.01sec
0017 and 0029: 125 matches, 0.19sec, #2
0005 and 0030: 630 matches, 0.13sec, #0
0017 and 0029: [65/125], H[12], 0.01sec
0005 and 0030: [490/630], H[199], 0.01sec
0007 and 0029: 584 matches, 0.24sec, #1
0007 and 0029: [433/584], H[162], 0.01sec
0006 and 0030: 483 matches, 0.12sec, #0
0009 and 0030: 291 matches, 0.14sec, #2
0006 and 0030: [350/483], H[71], 0.01sec
0009 and 0030: [186/291], H[80], 0.01sec
0007 and 0030: 447 matches, 0.13sec, #0
0007 and 0030: [307/447], H[85], 0.01sec
0019 and 0030: 113 matches, 0.21sec, #1
0010 and 0030: 224 matches, 0.22sec, #2
0008 and 0030: 313 matches, 0.12sec, #0
0010 and 0030: [143/224], H[48], 0.00sec
0019 and 0030: [58/113], H[19], 0.01sec
0008 and 0030: [212/313], H[115], 0.00sec
0029 and 0030: 1586 matches, 0.16sec, #0
0029 and 0030: [1449/1586], H[756], 0.01sec
0011 and 0030: 247 matches, 0.22sec, #2
0020 and 0030: 259 matches, 0.23sec, #1
0011 and 0030: [157/247], H[75], 0.01sec
0000 and 0031: 785 matches, 0.12sec, #0
0020 and 0030: [178/259], H[47], 0.00sec
0000 and 0031: [565/785], H[336], 0.01sec
0001 and 0031: 1170 matches, 0.12sec, #0
0001 and 0031: [998/1170], H[654], 0.01sec
0012 and 0030: 153 matches, 0.21sec, #2
0021 and 0030: 167 matches, 0.20sec, #1
0012 and 0030: [89/153], H[36], 0.01sec
0002 and 0031: 1458 matches, 0.12sec, #0
0021 and 0030: [106/167], H[44], 0.00sec
0002 and 0031: [1289/1458], H[531], 0.01sec
0003 and 0031: 1607 matches, 0.12sec, #0
0003 and 0031: [1343/1607], H[476], 0.01sec
0022 and 0030: 322 matches, 0.23sec, #1
0013 and 0030: 136 matches, 0.25sec, #2
0004 and 0031: 1656 matches, 0.12sec, #0
0022 and 0030: [249/322], H[103], 0.00sec
0013 and 0030: [69/136], H[16], 0.01sec
0004 and 0031: [1267/1656], H[703], 0.01sec
0005 and 0031: 1321 matches, 0.13sec, #0
0005 and 0031: [986/1321], H[277], 0.01sec
0023 and 0030: 466 matches, 0.21sec, #1
0014 and 0030: 140 matches, 0.23sec, #2
0006 and 0031: 1066 matches, 0.12sec, #0
0023 and 0030: [362/466], H[94], 0.00sec
0014 and 0030: [72/140], H[26], 0.01sec
0006 and 0031: [746/1066], H[112], 0.01sec
0007 and 0031: 721 matches, 0.12sec, #0
0007 and 0031: [475/721], H[151], 0.01sec
0015 and 0030: 101 matches, 0.21sec, #2
0024 and 0030: 797 matches, 0.24sec, #1
0015 and 0030: [42/101], H[21], 0.02sec
0024 and 0030: [641/797], H[71], 0.01sec
0008 and 0031: 534 matches, 0.13sec, #0
0008 and 0031: [359/534], H[109], 0.01sec
0009 and 0031: 372 matches, 0.12sec, #0
0009 and 0031: [229/372], H[37], 0.01sec
0016 and 0030: 98 matches, 0.19sec, #2
0016 and 0030: [39/98], H[18], 0.04sec
0025 and 0030: 661 matches, 0.23sec, #1
0025 and 0030: [512/661], H[78], 0.01sec
0010 and 0031: 242 matches, 0.12sec, #0
0010 and 0031: [122/242], H[18], 0.02sec
0011 and 0031: 232 matches, 0.12sec, #0
0017 and 0030: 109 matches, 0.19sec, #2
0011 and 0031: [125/232], H[53], 0.01sec
0017 and 0030: [52/109], H[12], 0.02sec
0026 and 0030: 827 matches, 0.21sec, #1
0026 and 0030: [703/827], H[98], 0.01sec
0012 and 0031: 147 matches, 0.12sec, #0
0012 and 0031: [67/147], H[23], 0.02sec
0013 and 0031: 138 matches, 0.11sec, #0
0018 and 0030: 123 matches, 0.17sec, #2
0013 and 0031: [61/138], H[11], 0.03sec
0018 and 0030: [56/123], H[20], 0.03sec
0027 and 0030: 1233 matches, 0.19sec, #1
0027 and 0030: [904/1233], H[146], 0.01sec
0014 and 0031: 150 matches, 0.12sec, #0
0014 and 0031: [61/150], H[14], 0.04sec
0019 and 0031: 138 matches, 0.18sec, #2
0028 and 0030: 1419 matches, 0.11sec, #1
0019 and 0031: [61/138], H[15], 0.01sec
0028 and 0030: [1213/1419], H[149], 0.01sec
0015 and 0031: 78 matches, 0.10sec, #0
0015 and 0031: [31/78], H[6], 0.07sec
0016 and 0031: 77 matches, 0.10sec, #0
0020 and 0031: 241 matches, 0.20sec, #2
0020 and 0031: [146/241], H[61], 0.00sec
0029 and 0031: 1573 matches, 0.23sec, #1
0016 and 0031: [28/77], H[7], 0.04sec
0029 and 0031: [1236/1573], H[312], 0.01sec
0017 and 0031: 139 matches, 0.11sec, #0
0017 and 0031: [55/139], H[12], 0.05sec
0021 and 0031: 167 matches, 0.22sec, #2
0030 and 0031: 1788 matches, 0.19sec, #1
0021 and 0031: [106/167], H[28], 0.01sec
0030 and 0031: [1408/1788], H[623], 0.01sec
0018 and 0031: 124 matches, 0.11sec, #0
0018 and 0031: [54/124], H[16], 0.04sec
0008 and 0032: 457 matches, 0.12sec, #0
0008 and 0032: [300/457], H[100], 0.00sec
0022 and 0031: 358 matches, 0.22sec, #2
0022 and 0031: [232/358], H[113], 0.01sec
0000 and 0032: 1157 matches, 0.22sec, #1
0000 and 0032: [764/1157], H[289], 0.01sec
0009 and 0032: 313 matches, 0.12sec, #0
0009 and 0032: [193/313], H[34], 0.01sec
0010 and 0032: 217 matches, 0.15sec, #0
0023 and 0031: 445 matches, 0.19sec, #2
0023 and 0031: [299/445], H[141], 0.01sec
0001 and 0032: 1583 matches, 0.19sec, #1
0010 and 0032: [105/217], H[21], 0.01sec
0001 and 0032: [1374/1583], H[406], 0.01sec
0011 and 0032: 211 matches, 0.13sec, #0
0011 and 0032: [97/211], H[32], 0.03sec
0024 and 0031: 710 matches, 0.20sec, #2
0024 and 0031: [488/710], H[217], 0.01sec
0002 and 0032: 1831 matches, 0.20sec, #1
0002 and 0032: [1670/1831], H[463], 0.01sec
0012 and 0032: 126 matches, 0.11sec, #0
0012 and 0032: [58/126], H[25], 0.09sec
0025 and 0031: 569 matches, 0.19sec, #2
0003 and 0032: 1671 matches, 0.18sec, #1
0025 and 0031: [360/569], H[220], 0.01sec
0013 and 0032: 120 matches, 0.11sec, #0
0003 and 0032: [1350/1671], H[139], 0.01sec
0013 and 0032: [56/120], H[16], 0.02sec
0014 and 0032: 119 matches, 0.11sec, #0
0014 and 0032: [43/119], H[9], 0.07sec
0004 and 0032: 1590 matches, 0.22sec, #1
0026 and 0031: 717 matches, 0.24sec, #2
0004 and 0032: [1142/1590], H[342], 0.01sec
0026 and 0031: [468/717], H[57], 0.01sec
0015 and 0032: 65 matches, 0.10sec, #0
0015 and 0032: [28/65], H[12], 0.03sec
0016 and 0032: 60 matches, 0.10sec, #0
0016 and 0032: [25/60], H[8], 0.04sec
0005 and 0032: 1117 matches, 0.22sec, #1
0027 and 0031: 1031 matches, 0.23sec, #2
0005 and 0032: [737/1117], H[160], 0.01sec
0027 and 0031: [761/1031], H[92], 0.01sec
0017 and 0032: 113 matches, 0.11sec, #0
0017 and 0032: [33/113], H[11], 0.15sec
0006 and 0032: 765 matches, 0.20sec, #1
0028 and 0031: 639 matches, 0.21sec, #2
0006 and 0032: [517/765], H[61], 0.01sec
0028 and 0031: [403/639], H[115], 0.01sec
0018 and 0032: 102 matches, 0.11sec, #0
0018 and 0032: [31/102], H[8], 0.13sec
0007 and 0032: 580 matches, 0.20sec, #1
0028 and 0032: 439 matches, 0.21sec, #2
0007 and 0032: [374/580], H[141], 0.00sec
0019 and 0032: 117 matches, 0.11sec, #0
0028 and 0032: [304/439], H[49], 0.01sec
0019 and 0032: [48/117], H[17], 0.03sec
0020 and 0032: 188 matches, 0.12sec, #0
0020 and 0032: [112/188], H[29], 0.01sec
0006 and 0033: 602 matches, 0.23sec, #1
0029 and 0032: 1004 matches, 0.24sec, #2
0021 and 0032: 133 matches, 0.11sec, #0
0006 and 0033: [440/602], H[158], 0.00sec
0029 and 0032: [657/1004], H[86], 0.01sec
0021 and 0032: [82/133], H[33], 0.00sec
0022 and 0032: 270 matches, 0.13sec, #0
0022 and 0032: [170/270], H[49], 0.01sec
0007 and 0033: 399 matches, 0.24sec, #1
0030 and 0032: 1140 matches, 0.25sec, #2
0007 and 0033: [271/399], H[53], 0.01sec
0023 and 0032: 319 matches, 0.12sec, #0
0030 and 0032: [799/1140], H[135], 0.01sec
0023 and 0032: [198/319], H[39], 0.01sec
0024 and 0032: 519 matches, 0.18sec, #0
0024 and 0032: [335/519], H[132], 0.01sec
0008 and 0033: 288 matches, 0.24sec, #1
0031 and 0032: 3354 matches, 0.23sec, #2
0008 and 0033: [181/288], H[67], 0.00sec
0025 and 0032: 436 matches, 0.12sec, #0
0031 and 0032: [3027/3354], H[1457], 0.01sec
0025 and 0032: [269/436], H[49], 0.01sec
0026 and 0032: 540 matches, 0.13sec, #0
0026 and 0032: [362/540], H[150], 0.01sec
0009 and 0033: 203 matches, 0.21sec, #1
0000 and 0033: 1008 matches, 0.22sec, #2
0009 and 0033: [120/203], H[27], 0.01sec
0000 and 0033: [737/1008], H[241], 0.01sec
0027 and 0032: 651 matches, 0.12sec, #0
0027 and 0032: [469/651], H[108], 0.01sec
0016 and 0033: 57 matches, 0.10sec, #0
0016 and 0033: [28/57], H[8], 0.02sec
0001 and 0033: 1224 matches, 0.18sec, #2
0010 and 0033: 188 matches, 0.19sec, #1
0001 and 0033: [920/1224], H[144], 0.01sec
0010 and 0033: [107/188], H[28], 0.01sec
0017 and 0033: 86 matches, 0.10sec, #0
0017 and 0033: [40/86], H[11], 0.02sec
0018 and 0033: 78 matches, 0.10sec, #0
0002 and 0033: 1382 matches, 0.17sec, #2
0018 and 0033: [30/78], H[10], 0.04sec
0002 and 0033: [1216/1382], H[443], 0.01sec
0019 and 0033: 103 matches, 0.10sec, #0
0011 and 0033: 179 matches, 0.28sec, #1
0019 and 0033: [51/103], H[14], 0.01sec
0011 and 0033: [98/179], H[10], 0.01sec
0003 and 0033: 1209 matches, 0.21sec, #2
0012 and 0033: 117 matches, 0.10sec, #1
0003 and 0033: [985/1209], H[94], 0.01sec
0020 and 0033: 147 matches, 0.11sec, #0
0012 and 0033: [55/117], H[22], 0.01sec
0020 and 0033: [78/147], H[46], 0.01sec
0021 and 0033: 84 matches, 0.14sec, #0
0021 and 0033: [52/84], H[19], 0.00sec
0004 and 0033: 894 matches, 0.19sec, #2
0013 and 0033: 88 matches, 0.18sec, #1
0004 and 0033: [668/894], H[128], 0.01sec
0022 and 0033: 184 matches, 0.11sec, #0
0013 and 0033: [39/88], H[19], 0.02sec
0022 and 0033: [127/184], H[40], 0.00sec
0023 and 0033: 253 matches, 0.13sec, #0
0023 and 0033: [150/253], H[24], 0.01sec
0005 and 0033: 604 matches, 0.19sec, #2
0014 and 0033: 98 matches, 0.19sec, #1
0005 and 0033: [419/604], H[110], 0.01sec
0024 and 0033: 390 matches, 0.11sec, #0
0024 and 0033: [249/390], H[57], 0.01sec
0014 and 0033: [40/98], H[10], 0.10sec
0026 and 0033: 410 matches, 0.11sec, #2
0025 and 0033: 329 matches, 0.13sec, #0
0026 and 0033: [281/410], H[86], 0.01sec
0025 and 0033: [201/329], H[44], 0.01sec
0003 and 0034: 1320 matches, 0.11sec, #0
0003 and 0034: [1062/1320], H[329], 0.01sec
0015 and 0033: 69 matches, 0.17sec, #1
0027 and 0033: 681 matches, 0.19sec, #2
0015 and 0033: [23/69], H[8], 0.06sec
0027 and 0033: [468/681], H[294], 0.01sec
0004 and 0034: 1275 matches, 0.12sec, #0
0004 and 0034: [988/1275], H[219], 0.01sec
0005 and 0034: 709 matches, 0.16sec, #0
0013 and 0034: 111 matches, 0.20sec, #1
0005 and 0034: [484/709], H[114], 0.01sec
0028 and 0033: 435 matches, 0.21sec, #2
0013 and 0034: [42/111], H[17], 0.04sec
0006 and 0034: 493 matches, 0.11sec, #0
0028 and 0033: [288/435], H[90], 0.00sec
0006 and 0034: [324/493], H[99], 0.01sec
0007 and 0034: 410 matches, 0.12sec, #0
0007 and 0034: [248/410], H[31], 0.01sec
0014 and 0034: 122 matches, 0.20sec, #1
0029 and 0033: 857 matches, 0.20sec, #2
0008 and 0034: 301 matches, 0.11sec, #0
0029 and 0033: [565/857], H[216], 0.01sec
0008 and 0034: [188/301], H[44], 0.01sec
0014 and 0034: [43/122], H[21], 0.06sec
0030 and 0033: 1052 matches, 0.13sec, #2
0009 and 0034: 229 matches, 0.13sec, #0
0030 and 0033: [711/1052], H[95], 0.01sec
0009 and 0034: [119/229], H[20], 0.01sec
0010 and 0034: 144 matches, 0.12sec, #0
0010 and 0034: [65/144], H[10], 0.03sec
0015 and 0034: 61 matches, 0.22sec, #1
0031 and 0033: 1658 matches, 0.22sec, #2
0031 and 0033: [1326/1658], H[365], 0.01sec
0015 and 0034: [21/61], H[5], 0.04sec
0011 and 0034: 162 matches, 0.12sec, #0
0011 and 0034: [81/162], H[15], 0.01sec
0012 and 0034: 119 matches, 0.12sec, #0
0012 and 0034: [47/119], H[19], 0.04sec
0032 and 0033: 2291 matches, 0.20sec, #2
0016 and 0034: 52 matches, 0.20sec, #1
0032 and 0033: [2021/2291], H[1273], 0.01sec
0016 and 0034: [18/52], H[5], 0.04sec
0023 and 0034: 240 matches, 0.11sec, #0
0023 and 0034: [135/240], H[61], 0.06sec
0000 and 0034: 1850 matches, 0.18sec, #2
0017 and 0034: 108 matches, 0.18sec, #1
0000 and 0034: [1424/1850], H[136], 0.01sec
0024 and 0034: 378 matches, 0.12sec, #0
0024 and 0034: [237/378], H[62], 0.01sec
0017 and 0034: [33/108], H[13], 0.12sec
0001 and 0034: 1776 matches, 0.11sec, #2
0025 and 0034: 332 matches, 0.12sec, #0
0001 and 0034: [1579/1776], H[438], 0.01sec
0025 and 0034: [179/332], H[62], 0.01sec
0026 and 0034: 395 matches, 0.12sec, #0
0026 and 0034: [228/395], H[65], 0.01sec
0018 and 0034: 115 matches, 0.19sec, #1
0002 and 0034: 1947 matches, 0.18sec, #2
0018 and 0034: [40/115], H[21], 0.04sec
0002 and 0034: [1641/1947], H[254], 0.01sec
0027 and 0034: 465 matches, 0.12sec, #0
0027 and 0034: [291/465], H[118], 0.01sec
0028 and 0034: 305 matches, 0.11sec, #0
0028 and 0034: [194/305], H[89], 0.01sec
0019 and 0034: 77 matches, 0.17sec, #1
0033 and 0034: 2253 matches, 0.20sec, #2
0019 and 0034: [30/77], H[7], 0.04sec
0033 and 0034: [2157/2253], H[1219], 0.01sec
0029 and 0034: 582 matches, 0.11sec, #0
0029 and 0034: [379/582], H[149], 0.01sec
0030 and 0034: 682 matches, 0.11sec, #0
0030 and 0034: [426/682], H[245], 0.01sec
0020 and 0034: 150 matches, 0.17sec, #1
0020 and 0034: [78/150], H[38], 0.01sec
0000 and 0035: 1868 matches, 0.20sec, #2
0031 and 0034: 1775 matches, 0.12sec, #0
0000 and 0035: [1434/1868], H[138], 0.01sec
0031 and 0034: [1407/1775], H[227], 0.01sec
0032 and 0034: 2889 matches, 0.12sec, #0
0021 and 0034: 91 matches, 0.17sec, #1
0032 and 0034: [2618/2889], H[955], 0.02sec
0021 and 0034: [44/91], H[15], 0.01sec
0001 and 0035: 1804 matches, 0.23sec, #2
0022 and 0034: 184 matches, 0.11sec, #1
0001 and 0035: [1493/1804], H[544], 0.01sec
0009 and 0035: 244 matches, 0.14sec, #0
0022 and 0034: [115/184], H[59], 0.00sec
0009 and 0035: [121/244], H[36], 0.02sec
0010 and 0035: 162 matches, 0.11sec, #0
0002 and 0035: 1967 matches, 0.18sec, #2
0019 and 0035: 78 matches, 0.18sec, #1
0002 and 0035: [1462/1967], H[470], 0.01sec
0010 and 0035: [62/162], H[15], 0.05sec
0019 and 0035: [31/78], H[8], 0.03sec
0003 and 0035: 1293 matches, 0.11sec, #2
0011 and 0035: 164 matches, 0.13sec, #0
0003 and 0035: [1029/1293], H[463], 0.01sec
0011 and 0035: [78/164], H[32], 0.02sec
0012 and 0035: 126 matches, 0.11sec, #0
0020 and 0035: 158 matches, 0.19sec, #1
0020 and 0035: [82/158], H[21], 0.01sec
0004 and 0035: 1207 matches, 0.17sec, #2
0004 and 0035: [914/1207], H[196], 0.01sec
0012 and 0035: [43/126], H[17], 0.07sec
0013 and 0035: 102 matches, 0.11sec, #0
0021 and 0035: 102 matches, 0.18sec, #1
0021 and 0035: [57/102], H[22], 0.01sec
0013 and 0035: [35/102], H[14], 0.07sec
0005 and 0035: 747 matches, 0.27sec, #2
0005 and 0035: [488/747], H[105], 0.01sec
0022 and 0035: 174 matches, 0.12sec, #1
0014 and 0035: 118 matches, 0.11sec, #0
0022 and 0035: [110/174], H[49], 0.01sec
0014 and 0035: [44/118], H[12], 0.12sec
0006 and 0035: 528 matches, 0.22sec, #2
0023 and 0035: 248 matches, 0.21sec, #1
0015 and 0035: 61 matches, 0.11sec, #0
0006 and 0035: [325/528], H[65], 0.01sec
0023 and 0035: [144/248], H[84], 0.01sec
0015 and 0035: [24/61], H[9], 0.03sec
0016 and 0035: 56 matches, 0.10sec, #0
0016 and 0035: [21/56], H[5], 0.07sec
0007 and 0035: 405 matches, 0.22sec, #2
0007 and 0035: [243/405], H[79], 0.01sec
0024 and 0035: 380 matches, 0.22sec, #1
0024 and 0035: [223/380], H[65], 0.01sec
0017 and 0035: 93 matches, 0.11sec, #0
0017 and 0035: [22/93], H[8], 0.09sec
0008 and 0035: 324 matches, 0.18sec, #2
0008 and 0035: [185/324], H[33], 0.01sec
0018 and 0035: 109 matches, 0.11sec, #0
0025 and 0035: 351 matches, 0.27sec, #1
0018 and 0035: [39/109], H[10], 0.06sec
0025 and 0035: [178/351], H[107], 0.01sec
0029 and 0035: 552 matches, 0.13sec, #2
0029 and 0035: [369/552], H[139], 0.01sec
0004 and 0036: 700 matches, 0.13sec, #0
0026 and 0035: 391 matches, 0.13sec, #1
0004 and 0036: [483/700], H[227], 0.01sec
0026 and 0035: [223/391], H[44], 0.01sec
0005 and 0036: 374 matches, 0.12sec, #0
0005 and 0036: [206/374], H[63], 0.01sec
0030 and 0035: 655 matches, 0.20sec, #2
0027 and 0035: 490 matches, 0.19sec, #1
0030 and 0035: [477/655], H[219], 0.00sec
0027 and 0035: [313/490], H[94], 0.01sec
0006 and 0036: 289 matches, 0.11sec, #0
0006 and 0036: [140/289], H[31], 0.02sec
0007 and 0036: 250 matches, 0.13sec, #0
0007 and 0036: [121/250], H[19], 0.03sec
0031 and 0035: 1706 matches, 0.23sec, #2
0028 and 0035: 298 matches, 0.24sec, #1
0031 and 0035: [1415/1706], H[365], 0.01sec
0028 and 0035: [165/298], H[56], 0.01sec
0008 and 0036: 201 matches, 0.12sec, #0
0008 and 0036: [107/201], H[32], 0.03sec
0009 and 0036: 194 matches, 0.11sec, #0
0032 and 0035: 2483 matches, 0.18sec, #2
0032 and 0035: [1950/2483], H[930], 0.01sec
0014 and 0036: 124 matches, 0.19sec, #1
0009 and 0036: [77/194], H[13], 0.04sec
0014 and 0036: [30/124], H[5], 0.09sec
0033 and 0035: 1967 matches, 0.12sec, #2
0033 and 0035: [1777/1967], H[734], 0.02sec
0010 and 0036: 109 matches, 0.16sec, #0
0010 and 0036: [42/109], H[15], 0.05sec
0015 and 0036: 52 matches, 0.14sec, #1
0015 and 0036: [12/52], H[6], 0.05sec
0034 and 0035: 3692 matches, 0.16sec, #2
0011 and 0036: 118 matches, 0.11sec, #0
0034 and 0035: [3333/3692], H[880], 0.03sec
0011 and 0036: [40/118], H[14], 0.08sec
0016 and 0036: 52 matches, 0.14sec, #1
0000 and 0036: 7845 matches, 0.13sec, #2
0012 and 0036: 98 matches, 0.11sec, #0
0000 and 0036: [7845/7845], H[7845], 0.03sec
0016 and 0036: [14/52], H[7], 0.05sec
0012 and 0036: [24/98], H[11], 0.07sec
0013 and 0036: 84 matches, 0.11sec, #0
0001 and 0036: 1617 matches, 0.16sec, #2
0001 and 0036: [1040/1617], H[135], 0.01sec
0013 and 0036: [25/84], H[9], 0.07sec
0017 and 0036: 96 matches, 0.23sec, #1
0002 and 0036: 1239 matches, 0.10sec, #2
0017 and 0036: [15/96], H[5], 0.05sec
0002 and 0036: [844/1239], H[246], 0.01sec
0024 and 0036: 267 matches, 0.11sec, #0
0024 and 0036: [156/267], H[10], 0.01sec
0025 and 0036: 242 matches, 0.12sec, #0
0025 and 0036: [129/242], H[36], 0.01sec
0018 and 0036: 84 matches, 0.18sec, #1
0003 and 0036: 730 matches, 0.19sec, #2
0003 and 0036: [509/730], H[124], 0.01sec
0026 and 0036: 303 matches, 0.11sec, #0
0026 and 0036: [155/303], H[32], 0.01sec
0018 and 0036: [16/84], H[4], 0.11sec
0030 and 0036: 444 matches, 0.12sec, #2
0030 and 0036: [308/444], H[44], 0.00sec
0027 and 0036: 327 matches, 0.12sec, #0
0027 and 0036: [200/327], H[85], 0.01sec
0019 and 0036: 54 matches, 0.16sec, #1
0028 and 0036: 218 matches, 0.12sec, #0
0028 and 0036: [133/218], H[60], 0.00sec
0031 and 0036: 795 matches, 0.20sec, #2
0019 and 0036: [12/54], H[4], 0.06sec
0031 and 0036: [561/795], H[202], 0.00sec
0029 and 0036: 296 matches, 0.11sec, #0
0029 and 0036: [198/296], H[91], 0.00sec
0033 and 0036: 1008 matches, 0.12sec, #0
0033 and 0036: [711/1008], H[140], 0.01sec
0020 and 0036: 122 matches, 0.19sec, #1
0032 and 0036: 1157 matches, 0.21sec, #2
0034 and 0036: 1850 matches, 0.12sec, #0
0032 and 0036: [818/1157], H[90], 0.01sec
0034 and 0036: [1403/1850], H[178], 0.01sec
0020 and 0036: [45/122], H[18], 0.05sec
0035 and 0036: 1868 matches, 0.16sec, #2
0035 and 0036: [1437/1868], H[196], 0.01sec
0021 and 0036: 76 matches, 0.17sec, #1
0021 and 0036: [35/76], H[17], 0.04sec
0022 and 0036: 133 matches, 0.10sec, #1
0022 and 0036: [71/133], H[24], 0.01sec
0023 and 0036: 182 matches, 0.11sec, #1
0023 and 0036: [96/182], H[31], 0.01sec

###########-------timing------#########
666 Image Match finished, 48 sec used
#############################

----------------------------------------------------------------
Compute Missing Pairwise Matching, finished
Totally 54.000 seconds used


Run full 3D reconstruction, begin...
631 pairs have two-view models
666 pairs have fundamental matrices
Initialize with sofa (8) and sofa (10)
1881 3D points initialized from two images
PBA library version = 105
PBA: 1881 3D pts, 2 cams and 3762 projs...
PBA: 118.117 -> 0.072 (3 LMs in 0.14sec)
Focal Length : [415.246]->[415.246]
Focal Length : [415.246]->[415.246]

#############################
#3: [sofa (9)] sees 2460 (+2664) 3D points
Estimated Focal Length [415][0.65W]
# 3171 projs (910 pts and 0 merges)
PBA: 2791 3D pts, 3 cams and 6933 projs...
PBA: 0.180 -> 0.067 (1 LMs in 0.01sec)

**************************************
#3/3:  3516 projs and 921 pts added.
PBA: 2790 3D pts, 3 cams and 7254 projs...
PBA: 0.967 -> 0.539 (14 LMs in 0.04sec)
PBA: 2790 3D pts, 3 cams and 7254 projs...
PBA: 0.539 -> 0.539 (12 LMs in 0.03sec)
Focal Length : [415.246]->[415.246]
Radial Distortion : [0.000 -> 0]

#############################
#4: [sofa (7)] sees 3114 (+1859) 3D points
Estimated Focal Length [415][0.65W]
# 3736 projs (1043 pts and 3 merges)
PBA: 3820 3D pts, 4 cams and 10970 projs...
PBA: 0.718 -> 0.449 (37 LMs in 0.20sec)
#points w/ large errors:	7
Focal Length : [415.246]->[415.246]
Radial Distortion : [0.000 -> 0]

#############################
#5: [sofa (6)] sees 4375 (+2202) 3D points
Estimated Focal Length [415][0.65W]
# 4692 projs (1228 pts and 176 merges)
PBA: 4817 3D pts, 5 cams and 15545 projs...
PBA: 0.732 -> 0.429 (24 LMs in 0.14sec)
#points w/ large errors:	8

**************************************
#5/5:  5149 projs and 1317 pts added.
PBA: 4849 3D pts, 5 cams and 15931 projs...
PBA: 0.419 -> 0.396 (13 LMs in 0.10sec)
PBA: 4849 3D pts, 5 cams and 15931 projs...
PBA: 0.396 -> 0.396 (13 LMs in 0.07sec)
Focal Length : [415.246]->[415.246]
Radial Distortion : [0.000 -> 0]

#############################
#6: [sofa (11)] sees 3776 (+1731) 3D points
Estimated Focal Length [415][0.65W]
# 3462 projs (777 pts and 31 merges)
PBA: 5550 3D pts, 6 cams and 19303 projs...
PBA: 0.854 -> 0.563 (81 LMs in 0.33sec)
#points w/ large errors:	44
Focal Length : [415.246]->[415.246]
Radial Distortion : [0.000 -> 0]

#############################
#7: [sofa (12)] sees 4778 (+2172) 3D points
Estimated Focal Length [415][0.65W]
# 2104 projs (0 pts and 6 merges)
PBA: 5473 3D pts, 7 cams and 21197 projs...
PBA: 0.967 -> 0.530 (100 LMs in 0.39sec)
#points w/ large errors:	26

**************************************
#7/7:  4339 projs and 856 pts added.
PBA: 6287 3D pts, 7 cams and 23306 projs...
PBA: 0.662 -> 0.536 (36 LMs in 0.14sec)
PBA: 6287 3D pts, 7 cams and 23306 projs...
PBA: 0.536 -> 0.536 (20 LMs in 0.06sec)
Focal Length : [415.246]->[415.246]
Radial Distortion : [0.000 -> 0]

#############################
#8: [sofa (5)] sees 4117 (+1149) 3D points
Estimated Focal Length [415][0.65W]
# 1746 projs (0 pts and 9 merges)
PBA: 4507 3D pts, 8 cams and 21510 projs...
PBA: 1.202 -> 0.699 (26 LMs in 0.31sec)
#points w/ large errors:	84
Focal Length : [415.246]->[415.246]
Radial Distortion : [0.000 -> 0]

#############################
#9: [sofa (4)] sees 3475 (+1729) 3D points
Estimated Focal Length [415][0.65W]
# 1343 projs (0 pts and 7 merges)
PBA: 4490 3D pts, 9 cams and 22618 projs...
PBA: 0.732 -> 0.621 (14 LMs in 0.17sec)
#points w/ large errors:	47

**************************************
#9/9:  4555 projs and 1268 pts added.
PBA: 7329 3D pts, 9 cams and 28836 projs...
PBA: 0.703 -> 0.609 (16 LMs in 0.16sec)
#points w/ large errors:	15
PBA: 7314 3D pts, 9 cams and 28755 projs...
PBA: 0.575 -> 0.574 (14 LMs in 0.11sec)
#points w/ large errors:	4
Focal Length : [415.246]->[415.246]
Radial Distortion : [0.000 -> 0]

#############################
#10: [sofa (32)] sees 3951 (+1500) 3D points
Estimated Focal Length [415][0.65W]
# 1676 projs (0 pts and 12 merges)
PBA: 5104 3D pts, 10 cams and 26020 projs...
PBA: 1.181 -> 0.786 (20 LMs in 0.09sec)
#points w/ large errors:	62
Focal Length : [415.246]->[415.246]
Radial Distortion : [0.000 -> 0]

#############################
#11: [sofa (33)] sees 4477 (+2521) 3D points
Estimated Focal Length [415][0.65W]
# 4175 projs (943 pts and 32 merges)
PBA: 6036 3D pts, 11 cams and 30095 projs...
PBA: 0.950 -> 0.751 (26 LMs in 0.11sec)
#points w/ large errors:	37
Focal Length : [415.246]->[415.246]
Radial Distortion : [0.000 -> 0]

#############################
#12: [sofa (35)] sees 4880 (+2003) 3D points
Estimated Focal Length [415][0.65W]
# 4425 projs (1050 pts and 63 merges)
PBA: 6674 3D pts, 12 cams and 33687 projs...
PBA: 1.058 -> 0.871 (23 LMs in 0.15sec)
#points w/ large errors:	69

**************************************
#12/12:  6703 projs and 1799 pts added.
PBA: 9588 3D pts, 12 cams and 40184 projs...
PBA: 0.972 -> 0.888 (17 LMs in 0.17sec)
#points w/ large errors:	5
PBA: 9583 3D pts, 12 cams and 40152 projs...
PBA: 0.884 -> 0.884 (17 LMs in 0.13sec)
Focal Length : [415.246]->[415.246]
Radial Distortion : [0.000 -> 0]

#############################
#13: [sofa (36)] sees 7017 (+2402) 3D points
Estimated Focal Length [415][0.65W]
# 2555 projs (0 pts and 23 merges)
PBA: 6747 3D pts, 13 cams and 37081 projs...
PBA: 1.399 -> 1.069 (19 LMs in 0.14sec)
#points w/ large errors:	135
Focal Length : [415.246]->[415.246]
Radial Distortion : [0.000 -> 0]

#############################
#14: [sofa (34)] sees 7338 (+1951) 3D points
Estimated Focal Length [415][0.65W]
# 2186 projs (0 pts and 22 merges)
PBA: 6735 3D pts, 14 cams and 39056 projs...
PBA: 1.214 -> 0.996 (24 LMs in 0.16sec)
#points w/ large errors:	68
Focal Length : [415.246]->[415.246]
Radial Distortion : [0.000 -> 0]

#############################
#15: [sofa (3)] sees 8571 (+1853) 3D points
Estimated Focal Length [415][0.65W]
# 4899 projs (931 pts and 87 merges)
PBA: 7640 3D pts, 15 cams and 43835 projs...
PBA: 1.266 -> 0.991 (19 LMs in 0.13sec)
#points w/ large errors:	119
Focal Length : [415.246]->[415.246]
Radial Distortion : [0.000 -> 0]

#############################
#16: [sofa (2)] sees 8122 (+1981) 3D points
Estimated Focal Length [415][0.65W]
# 2438 projs (0 pts and 28 merges)
PBA: 7260 3D pts, 16 cams and 44911 projs...
PBA: 0.929 -> 0.830 (23 LMs in 0.25sec)
#points w/ large errors:	96

**************************************
#16/16:  8246 projs and 1694 pts added.
PBA: 11429 3D pts, 16 cams and 55427 projs...
PBA: 1.219 -> 0.971 (21 LMs in 0.15sec)
#points w/ large errors:	10
#unstable points removed:	2
PBA: 11417 3D pts, 16 cams and 55365 projs...
PBA: 0.977 -> 0.976 (29 LMs in 0.10sec)
#points w/ large errors:	2
Focal Length : [415.246]->[415.246]
Radial Distortion : [0.000 -> 0]

#############################
#17: [sofa (1)] sees 6782 (+1471) 3D points
Estimated Focal Length [415][0.65W]
# 2137 projs (0 pts and 15 merges)
PBA: 8153 3D pts, 17 cams and 51004 projs...
PBA: 1.384 -> 1.212 (22 LMs in 0.14sec)
#points w/ large errors:	276
#unstable points removed:	3
Focal Length : [415.246]->[415.246]
Radial Distortion : [0.000 -> 0]

#############################
#18: [sofa (37)] sees 8797 (+5711) 3D points
Estimated Focal Length [415][0.65W]
# 2144 projs (0 pts and 2 merges)
PBA: 7903 3D pts, 18 cams and 51566 projs...
PBA: 1.125 -> 0.972 (20 LMs in 0.08sec)
#points w/ large errors:	52
Focal Length : [415.246]->[415.246]
Radial Distortion : [0.000 -> 0]

#############################
#19: [sofa (31)] sees 7069 (+1199) 3D points
Estimated Focal Length [415][0.65W]
# 3075 projs (541 pts and 66 merges)
PBA: 8430 3D pts, 19 cams and 54583 projs...
PBA: 1.094 -> 1.011 (20 LMs in 0.09sec)
#points w/ large errors:	158
Focal Length : [415.246]->[415.246]
Radial Distortion : [0.000 -> 0]

#############################
#20: [sofa (30)] sees 7589 (+1537) 3D points
Estimated Focal Length [415][0.65W]
# 2018 projs (0 pts and 32 merges)
PBA: 8039 3D pts, 20 cams and 54955 projs...
PBA: 1.274 -> 0.832 (20 LMs in 0.20sec)
#points w/ large errors:	116
Focal Length : [415.246]->[415.246]
Radial Distortion : [0.000 -> 0]

#############################
#21: [sofa (28)] sees 7459 (+1467) 3D points
Estimated Focal Length [415][0.65W]
# 1974 projs (0 pts and 46 merges)
SKIP: 0 cams, 356 points, 675 projs
PBA: 11094 3D pts, 20 cams and 62688 projs...
PBA: 0.839 -> 0.737 (5 LMs in 0.05sec)
#points w/ large errors:	62

**************************************
#21/21:  12229 projs and 3432 pts added.
PBA: 14281 3D pts, 21 cams and 72283 projs...
PBA: 1.034 -> 0.896 (19 LMs in 0.10sec)
#points w/ large errors:	10
PBA: 14271 3D pts, 21 cams and 72222 projs...
PBA: 0.867 -> 0.867 (13 LMs in 0.12sec)
#points w/ large errors:	1
Focal Length : [415.246]->[415.246]
Radial Distortion : [0.000 -> 0]

#############################
#22: [sofa (27)] sees 9296 (+1814) 3D points
Estimated Focal Length [415][0.65W]
# 2779 projs (0 pts and 97 merges)
SKIP: 0 cams, 229 points, 248 projs
PBA: 14011 3D pts, 20 cams and 74669 projs...
PBA: 1.171 -> 0.967 (5 LMs in 0.06sec)
#points w/ large errors:	251
Focal Length : [415.246]->[415.246]
Radial Distortion : [0.000 -> 0]

#############################
#23: [sofa (25)] sees 10914 (+3066) 3D points
Estimated Focal Length [415][0.65W]
# 6838 projs (1513 pts and 226 merges)
SKIP: 0 cams, 450 points, 2373 projs
PBA: 14747 3D pts, 20 cams and 79364 projs...
PBA: 0.902 -> 0.747 (5 LMs in 0.09sec)
#points w/ large errors:	46
Focal Length : [415.246]->[415.246]
Radial Distortion : [0.000 -> 0]

#############################
#24: [sofa (26)] sees 13941 (+2549) 3D points
Estimated Focal Length [415][0.65W]
# 3772 projs (0 pts and 82 merges)
SKIP: 0 cams, 850 points, 1870 projs
PBA: 14334 3D pts, 20 cams and 82125 projs...
PBA: 0.936 -> 0.761 (5 LMs in 0.16sec)
#points w/ large errors:	53
Focal Length : [415.246]->[415.246]
Radial Distortion : [0.000 -> 0]

#############################
#25: [sofa (24)] sees 12464 (+1962) 3D points
Estimated Focal Length [415][0.65W]
# 6618 projs (1345 pts and 221 merges)
SKIP: 0 cams, 1104 points, 3163 projs
PBA: 14952 3D pts, 20 cams and 87117 projs...
PBA: 0.877 -> 0.806 (5 LMs in 0.12sec)
#points w/ large errors:	109
Focal Length : [415.246]->[415.246]
Radial Distortion : [0.000 -> 0]

#############################
#26: [sofa (29)] sees 13924 (+1751) 3D points
Estimated Focal Length [415][0.65W]
# 5594 projs (992 pts and 222 merges)
PBA: 12519 3D pts, 26 cams and 86242 projs...
PBA: 0.965 -> 0.854 (16 LMs in 0.16sec)
#points w/ large errors:	120
Focal Length : [415.246]->[415.246]
Radial Distortion : [0.000 -> 0]

#############################
#27: [sofa (23)] sees 12518 (+1508) 3D points
Estimated Focal Length [415][0.65W]
# 4800 projs (740 pts and 162 merges)
SKIP: 0 cams, 2528 points, 7920 projs
PBA: 14597 3D pts, 20 cams and 91386 projs...
PBA: 0.942 -> 0.854 (5 LMs in 0.04sec)
#points w/ large errors:	162

**************************************
#27/27:  11098 projs and 2301 pts added.
PBA: 18184 3D pts, 27 cams and 103527 projs...
PBA: 1.081 -> 0.953 (18 LMs in 0.27sec)
#points w/ large errors:	6
PBA: 18178 3D pts, 27 cams and 103495 projs...
PBA: 0.946 -> 0.945 (26 LMs in 0.19sec)
#points w/ large errors:	3
Focal Length : [415.246]->[415.246]
Radial Distortion : [0.000 -> 0]

#############################
#28: [sofa (21)] sees 12434 (+1282) 3D points
Estimated Focal Length [415][0.65W]
# 3029 projs (0 pts and 77 merges)
SKIP: 0 cams, 2779 points, 7843 projs
PBA: 15359 3D pts, 20 cams and 98587 projs...
PBA: 1.174 -> 1.091 (5 LMs in 0.14sec)
#points w/ large errors:	510
Focal Length : [415.246]->[415.246]
Radial Distortion : [0.000 -> 0]

#############################
#29: [sofa (22)] sees 8318 (+1061) 3D points
Estimated Focal Length [415][0.65W]
# 1875 projs (0 pts and 43 merges)
SKIP: 0 cams, 3393 points, 11257 projs
PBA: 14744 3D pts, 20 cams and 97023 projs...
PBA: 1.012 -> 0.814 (5 LMs in 0.11sec)
#points w/ large errors:	178
Focal Length : [415.246]->[415.246]
Radial Distortion : [0.000 -> 0]

#############################
#30: [sofa (13)] sees 6096 (+1275) 3D points
Estimated Focal Length [415][0.65W]
# 1704 projs (0 pts and 8 merges)
SKIP: 0 cams, 3552 points, 8953 projs
PBA: 14582 3D pts, 20 cams and 97727 projs...
PBA: 0.896 -> 0.753 (5 LMs in 0.05sec)
#points w/ large errors:	76
Focal Length : [415.246]->[415.246]
Radial Distortion : [0.000 -> 0]

#############################
#31: [sofa (14)] sees 5731 (+1559) 3D points
Estimated Focal Length [415][0.65W]
# 1618 projs (0 pts and 2 merges)
SKIP: 0 cams, 3768 points, 8561 projs
PBA: 14361 3D pts, 20 cams and 98402 projs...
PBA: 0.843 -> 0.792 (5 LMs in 0.04sec)
#points w/ large errors:	49
Focal Length : [415.246]->[415.246]
Radial Distortion : [0.000 -> 0]

#############################
#32: [sofa (15)] sees 7028 (+2096) 3D points
Estimated Focal Length [415][0.65W]
# 1882 projs (0 pts and 9 merges)
PBA: 12636 3D pts, 32 cams and 98782 projs...
PBA: 0.886 -> 0.794 (47 LMs in 0.40sec)
#points w/ large errors:	62
Focal Length : [415.246]->[415.246]
Radial Distortion : [0.000 -> 0]

#############################
#33: [sofa (19)] sees 6356 (+1654) 3D points
Estimated Focal Length [415][0.65W]
# 1590 projs (0 pts and 21 merges)
SKIP: 0 cams, 4372 points, 9883 projs
PBA: 13745 3D pts, 20 cams and 99525 projs...
PBA: 0.928 -> 0.799 (5 LMs in 0.12sec)
#points w/ large errors:	67
Focal Length : [415.246]->[415.246]
Radial Distortion : [0.000 -> 0]

#############################
#34: [sofa (18)] sees 7205 (+2277) 3D points
Estimated Focal Length [415][0.65W]
# 1793 projs (0 pts and 22 merges)
SKIP: 0 cams, 4733 points, 11341 projs
PBA: 13382 3D pts, 20 cams and 99304 projs...
PBA: 0.875 -> 0.783 (5 LMs in 0.07sec)
#points w/ large errors:	47

**************************************
#34/34:  19041 projs and 5534 pts added.
PBA: 21922 3D pts, 34 cams and 126138 projs...
PBA: 1.359 -> 1.056 (19 LMs in 0.25sec)
#points w/ large errors:	35
PBA: 21887 3D pts, 34 cams and 125918 projs...
PBA: 1.061 -> 1.060 (15 LMs in 0.13sec)
#points w/ large errors:	7
Focal Length : [415.246]->[415.246]
Radial Distortion : [0.000 -> 0]

#############################
#35: [sofa (16)] sees 8508 (+1543) 3D points
Estimated Focal Length [415][0.65W]
# 3237 projs (467 pts and 130 merges)
SKIP: 0 cams, 4119 points, 12249 projs
PBA: 18018 3D pts, 20 cams and 116714 projs...
PBA: 1.197 -> 1.138 (5 LMs in 0.03sec)
#points w/ large errors:	490
Focal Length : [415.246]->[415.246]
Radial Distortion : [0.000 -> 0]

#############################
#36: [sofa (17)] sees 7829 (+1511) 3D points
Estimated Focal Length [415][0.65W]
# 2148 projs (0 pts and 52 merges)
SKIP: 0 cams, 5341 points, 17427 projs
PBA: 16807 3D pts, 20 cams and 113614 projs...
PBA: 1.032 -> 0.945 (5 LMs in 0.08sec)
#points w/ large errors:	105
Focal Length : [415.246]->[415.246]
Radial Distortion : [0.000 -> 0]

#############################
#37: [sofa (20)] sees 11373 (+1263) 3D points
Estimated Focal Length [415][0.65W]
# 2473 projs (0 pts and 108 merges)
SKIP: 0 cams, 5530 points, 15376 projs
PBA: 16620 3D pts, 20 cams and 115495 projs...
PBA: 1.114 -> 0.965 (5 LMs in 0.08sec)
#points w/ large errors:	108
Focal Length : [415.246]->[415.246]
Radial Distortion : [0.000 -> 0]

^^^^^^^^^^^^^^^^^^^^^^^^^^^^^^^^
#37/37:  4094 projs and 1349 pts added.
PBA: 22486 3D pts, 37 cams and 133088 projs...
PBA: 0.977 -> 0.910 (26 LMs in 0.25sec)
#points w/ large errors:	161
PBA: 22325 3D pts, 37 cams and 131010 projs...
PBA: 0.809 -> 0.805 (16 LMs in 0.16sec)
#points w/ large errors:	21
END: No more images to add [0 projs]

#############################
Failed to find two images for initialization
Resuming SfM finished, 11 sec used

---------------------------------------------------
37 cams, 22488 pts (3+: 15257)
131012 projections (3+: 116652)
---------------------------------------------------
1 model(s) reconstructed from 37 images;
37 modeled; 0 reused; 0 EXIF; 
5MB(5) used to store feature location.
---------------------------------------------------

########-------timing------#########
Structure-From-Motion finished, 11 sec used
8.6(7.1) seconds on Bundle Adjustment (+)
7.7(6.5) seconds on Bundle Adjustment (*)
#############################
----------------------------------------------------------------
Run full 3D reconstruction, finished
Totally 11.000 seconds used


Run dense reconstruction, begin...
Save to 7f.nvm ... done

#############################
Undistorting 37 images in model #0
param_undistortion_thread_num = 0
NOTE: using 16 threads...
#01: sofa (9) -> 00000002.jpg, 0.021 sec
#00: sofa (8) -> 00000000.jpg, 0.022 sec
#08: sofa (5) -> 00000007.jpg, 0.023 sec
#10: sofa (32) -> 00000009.jpg, 0.023 sec
#02: sofa (6) -> 00000004.jpg, 0.023 sec
#12: sofa (35) -> 00000011.jpg, 0.024 sec
#04: sofa (2) -> 00000015.jpg, 0.024 sec
#06: sofa (12) -> 00000006.jpg, 0.025 sec
#09: sofa (4) -> 00000008.jpg, 0.025 sec
#05: sofa (30) -> 00000019.jpg, 0.025 sec
#03: sofa (36) -> 00000012.jpg, 0.026 sec
#11: sofa (33) -> 00000010.jpg, 0.026 sec
#07: sofa (28) -> 00000020.jpg, 0.026 sec
#14: sofa (3) -> 00000014.jpg, 0.027 sec
#13: sofa (31) -> 00000018.jpg, 0.027 sec
#15: sofa (1) -> 00000016.jpg, 0.027 sec
#01: sofa (7) -> 00000003.jpg, 0.003 sec
#00: sofa (10) -> 00000001.jpg, 0.002 sec
#08: sofa (27) -> 00000021.jpg, 0.002 sec
#10: sofa (26) -> 00000023.jpg, 0.002 sec
#02: sofa (11) -> 00000005.jpg, 0.002 sec
#12: sofa (29) -> 00000025.jpg, 0.002 sec
#04: sofa (21) -> 00000027.jpg, 0.002 sec
#06: sofa (13) -> 00000029.jpg, 0.002 sec
#09: sofa (15) -> 00000031.jpg, 0.002 sec
#05: sofa (18) -> 00000033.jpg, 0.002 sec
#03: sofa (34) -> 00000013.jpg, 0.002 sec
#11: sofa (17) -> 00000035.jpg, 0.002 sec
#15: sofa (37) -> 00000017.jpg, 0.002 sec
#08: sofa (25) -> 00000022.jpg, 0.003 sec
#04: sofa (22) -> 00000028.jpg, 0.003 sec
#10: sofa (24) -> 00000024.jpg, 0.002 sec
#12: sofa (23) -> 00000026.jpg, 0.003 sec
#06: sofa (14) -> 00000030.jpg, 0.002 sec
#09: sofa (19) -> 00000032.jpg, 0.003 sec
#05: sofa (16) -> 00000034.jpg, 0.002 sec
#11: sofa (20) -> 00000036.jpg, 0.002 sec
----------------------------------------------------------------
Running Yasutaka Furukawa's CMVS tool...
cmvs C:\Users\86186\Desktop\VisualSFM_windows_cuda_64bit\\7free\2\7f.nvm.cmvs\00\ 50 16
genOption C:\Users\86186\Desktop\VisualSFM_windows_cuda_64bit\\7free\2\7f.nvm.cmvs\00\ 1 2 0.700000 7 3 16
1 cluster is generated for pmvs reconstruction.
pmvs2 C:\Users\86186\Desktop\VisualSFM_windows_cuda_64bit\\7free\2\7f.nvm.cmvs\00\ option-0000
This may take a little more time, waiting...
7 seconds were used by PMVS
Loading option-0000.ply, 18408 vertices ...

#############################
You can manually remove bad MVS points:
1. Switch to dense MVS points mode;
2. Hit F1 key to enter the selection mode;
3. Select points by dragging a rectangle;
4. Hit DELETE to delete the selected points.

#############################
Save to 7f.nvm ... done
Save C:\Users\86186\Desktop\VisualSFM_windows_cuda_64bit\\7free\2\7f.0.ply ...done
----------------------------------------------------------------
Run dense reconstruction, finished
Totally 12.000 seconds used


Run dense reconstruction, begin...

#############################
Undistorting 37 images in model #0
param_undistortion_thread_num = 0
NOTE: using 16 threads...
#02: sofa (6) -> 00000004.jpg, 0.009 sec
#01: sofa (9) -> 00000002.jpg, 0.009 sec
#03: sofa (12) -> 00000006.jpg, 0.010 sec
#14: sofa (36) -> 00000012.jpg, 0.011 sec
#00: sofa (8) -> 00000000.jpg, 0.011 sec
#10: sofa (4) -> 00000008.jpg, 0.011 sec
#06: sofa (5) -> 00000007.jpg, 0.012 sec
#12: sofa (32) -> 00000009.jpg, 0.012 sec
#07: sofa (2) -> 00000015.jpg, 0.012 sec
#04: sofa (34) -> 00000013.jpg, 0.012 sec
#13: sofa (35) -> 00000011.jpg, 0.013 sec
#08: sofa (37) -> 00000017.jpg, 0.013 sec
#09: sofa (31) -> 00000018.jpg, 0.013 sec
#15: sofa (30) -> 00000019.jpg, 0.014 sec
#05: sofa (27) -> 00000021.jpg, 0.014 sec
#11: sofa (25) -> 00000022.jpg, 0.015 sec
#02: sofa (11) -> 00000005.jpg, 0.003 sec
#01: sofa (7) -> 00000003.jpg, 0.002 sec
#03: sofa (26) -> 00000023.jpg, 0.002 sec
#14: sofa (29) -> 00000025.jpg, 0.002 sec
#00: sofa (10) -> 00000001.jpg, 0.002 sec
#10: sofa (21) -> 00000027.jpg, 0.002 sec
#06: sofa (13) -> 00000029.jpg, 0.002 sec
#12: sofa (33) -> 00000010.jpg, 0.003 sec
#07: sofa (1) -> 00000016.jpg, 0.002 sec
#04: sofa (3) -> 00000014.jpg, 0.003 sec
#13: sofa (15) -> 00000031.jpg, 0.002 sec
#08: sofa (18) -> 00000033.jpg, 0.002 sec
#09: sofa (17) -> 00000035.jpg, 0.003 sec
#15: sofa (28) -> 00000020.jpg, 0.002 sec
#03: sofa (24) -> 00000024.jpg, 0.003 sec
#14: sofa (23) -> 00000026.jpg, 0.002 sec
#10: sofa (22) -> 00000028.jpg, 0.003 sec
#06: sofa (14) -> 00000030.jpg, 0.002 sec
#13: sofa (19) -> 00000032.jpg, 0.003 sec
#08: sofa (16) -> 00000034.jpg, 0.002 sec
#09: sofa (20) -> 00000036.jpg, 0.003 sec
----------------------------------------------------------------
Running Yasutaka Furukawa's CMVS tool...
cmvs C:\Users\86186\Desktop\VisualSFM_windows_cuda_64bit\\7free\2\7f.nvm.cmvs\00\ 50 16
genOption C:\Users\86186\Desktop\VisualSFM_windows_cuda_64bit\\7free\2\7f.nvm.cmvs\00\ 1 2 0.700000 7 3 16
1 cluster is generated for pmvs reconstruction.
pmvs2 C:\Users\86186\Desktop\VisualSFM_windows_cuda_64bit\\7free\2\7f.nvm.cmvs\00\ option-0000
This may take a little more time, waiting...
5 seconds were used by PMVS
Loading option-0000.ply, 15643 vertices ...

#############################
You can manually remove bad MVS points:
1. Switch to dense MVS points mode;
2. Hit F1 key to enter the selection mode;
3. Select points by dragging a rectangle;
4. Hit DELETE to delete the selected points.

#############################
Save to 7f.nvm ... done
Save C:\Users\86186\Desktop\VisualSFM_windows_cuda_64bit\\7free\2\7f.0.ply ...done
----------------------------------------------------------------
Run dense reconstruction, finished
Totally 9.000 seconds used

