
Modifying Calibration, begin...
fx = 423.546234, cx = 329.919403
fy = 423.546234, cy = 252.549683
radial_distortion = 0.000000
----------------------------------------------------------------
Modifying Calibration, finished
Totally 0.000 seconds used

0: sofa (1)
image_size:	640x480
1: sofa (2)
image_size:	640x480
2: sofa (3)
image_size:	640x480
3: sofa (4)
image_size:	640x480
4: sofa (5)
image_size:	640x480
5: sofa (6)
image_size:	640x480
6: sofa (7)
image_size:	640x480
7: sofa (8)
image_size:	640x480
8: sofa (9)
image_size:	640x480
9: sofa (10)
image_size:	640x480
10: sofa (11)
image_size:	640x480
11: sofa (12)
image_size:	640x480
12: sofa (13)
image_size:	640x480
13: sofa (14)
image_size:	640x480
14: sofa (15)
image_size:	640x480
15: sofa (16)
image_size:	640x480
16: sofa (17)
image_size:	640x480
17: sofa (18)
image_size:	640x480
18: sofa (19)
image_size:	640x480
19: sofa (20)
image_size:	640x480
20: sofa (21)
image_size:	640x480
21: sofa (22)
image_size:	640x480
22: sofa (23)
image_size:	640x480
23: sofa (24)
image_size:	640x480
24: sofa (25)
image_size:	640x480
25: sofa (26)
image_size:	640x480
26: sofa (27)
image_size:	640x480
27: sofa (28)
image_size:	640x480
28: sofa (29)
image_size:	640x480
29: sofa (30)
image_size:	640x480
30: sofa (31)
image_size:	640x480
31: sofa (32)
image_size:	640x480
32: sofa (33)
image_size:	640x480
33: sofa (34)
image_size:	640x480
34: sofa (35)
image_size:	640x480
35: sofa (36)
image_size:	640x480
**************************************
Change the number of pixel-loaded images by 
modifying param_visual_data_budget in nv.ini
Use the PAUSE button to skip the pixel loading
**************************************
Loading image pixel data ...done in 0s

Compute Missing Pairwise Matching, begin...
********* WARNING ***********
More than 112MB of graphic memory may be allocated
under the default settings. If the program halts here,
adjust parameters to save memory and rerun the task: 
    [Tools->Enable GPU->Set Maximum DIM]
Note some octaves may be automatically skipped
SIFT: 0000, 640x480, 	7880, 0.83sec
SIFT: 0001, 640x480, 	7189, 0.11sec
SIFT: 0002, 640x480, 	7516, 0.12sec
SIFT: 0003, 640x480, 	7611, 0.13sec
SIFT: 0004, 640x480, 	8251, 0.14sec
SIFT: 0005, 640x480, 	8489, 0.14sec
SIFT: 0006, 640x480, 	8430, 0.14sec
SIFT: 0007, 640x480, 	8612, 0.14sec
SIFT: 0008, 640x480, 	8423, 0.12sec
SIFT: 0009, 640x480, 	8468, 0.15sec
SIFT: 0010, 640x480, 	8205, 0.13sec
SIFT: 0011, 640x480, 	8207, 0.13sec
SIFT: 0012, 640x480, 	7526, 0.12sec
SIFT: 0013, 640x480, 	7528, 0.12sec
SIFT: 0014, 640x480, 	7586, 0.12sec
SIFT: 0015, 640x480, 	6657, 0.11sec
SIFT: 0016, 640x480, 	6402, 0.11sec
SIFT: 0017, 640x480, 	7246, 0.12sec
SIFT: 0018, 640x480, 	7216, 0.12sec
SIFT: 0019, 640x480, 	6916, 0.11sec
SIFT: 0020, 640x480, 	7872, 0.12sec
SIFT: 0021, 640x480, 	7181, 0.12sec
SIFT: 0022, 640x480, 	7980, 0.13sec
SIFT: 0023, 640x480, 	8382, 0.14sec
SIFT: 0024, 640x480, 	8687, 0.15sec
SIFT: 0025, 640x480, 	8632, 0.13sec
SIFT: 0026, 640x480, 	8635, 0.13sec
SIFT: 0027, 640x480, 	8526, 0.13sec
SIFT: 0028, 640x480, 	8236, 0.13sec
SIFT: 0029, 640x480, 	8236, 0.13sec
SIFT: 0030, 640x480, 	8131, 0.13sec
SIFT: 0031, 640x480, 	8519, 0.15sec
SIFT: 0032, 640x480, 	8130, 0.13sec
SIFT: 0033, 640x480, 	7694, 0.13sec
SIFT: 0034, 640x480, 	8012, 0.12sec
SIFT: 0035, 640x480, 	7796, 0.12sec

###########-------timing------#########
36 Feature Detection finished, 5 sec used
#############################

630 pairs to compute match
NOTE: using 3 matching workers
0000 and 0001: 1706 matches, 0.15sec, #2
0001 and 0004: 963 matches, 0.16sec, #1
0000 and 0001: [1244/1706], H[273], 0.01sec
0001 and 0004: [652/963], H[415], 0.01sec
0000 and 0002: 1294 matches, 0.16sec, #2
0000 and 0002: [906/1294], H[209], 0.01sec
0001 and 0003: 1325 matches, 0.38sec, #0
0002 and 0004: 1589 matches, 0.22sec, #1
0001 and 0003: [1037/1325], H[508], 0.01sec
0002 and 0004: [1278/1589], H[564], 0.01sec
0001 and 0002: 2719 matches, 0.08sec, #2
0001 and 0002: [2337/2719], H[951], 0.02sec
0003 and 0004: 2715 matches, 0.12sec, #1
0002 and 0003: 2146 matches, 0.14sec, #0
0003 and 0004: [2316/2715], H[1138], 0.02sec
0002 and 0003: [1855/2146], H[379], 0.02sec
0000 and 0003: 752 matches, 0.18sec, #2
0000 and 0004: 717 matches, 0.13sec, #0
0000 and 0003: [537/752], H[174], 0.01sec
0000 and 0004: [460/717], H[74], 0.01sec
0000 and 0005: 376 matches, 0.26sec, #1
0000 and 0005: [202/376], H[26], 0.01sec
0000 and 0008: 214 matches, 0.12sec, #0
0003 and 0006: 980 matches, 0.14sec, #2
0003 and 0006: [712/980], H[144], 0.01sec
0000 and 0008: [115/214], H[26], 0.02sec
0001 and 0008: 213 matches, 0.12sec, #0
0001 and 0008: [101/213], H[13], 0.02sec
0001 and 0005: 485 matches, 0.20sec, #1
0001 and 0005: [310/485], H[139], 0.01sec
0002 and 0008: 342 matches, 0.12sec, #0
0004 and 0006: 1488 matches, 0.29sec, #2
0002 and 0008: [205/342], H[77], 0.01sec
0004 and 0006: [1177/1488], H[547], 0.01sec
0002 and 0005: 827 matches, 0.24sec, #1
0003 and 0008: 603 matches, 0.12sec, #0
0002 and 0005: [597/827], H[302], 0.01sec
0003 and 0008: [418/603], H[92], 0.01sec
0005 and 0006: 3118 matches, 0.26sec, #2
0004 and 0008: 981 matches, 0.13sec, #0
0004 and 0008: [688/981], H[357], 0.01sec
0005 and 0006: [2932/3118], H[968], 0.02sec
0003 and 0005: 1408 matches, 0.27sec, #1
0005 and 0008: 1817 matches, 0.13sec, #0
0003 and 0005: [1153/1408], H[174], 0.01sec
0000 and 0007: 267 matches, 0.13sec, #2
0005 and 0008: [1489/1817], H[209], 0.01sec
0000 and 0007: [129/267], H[20], 0.03sec
0006 and 0008: 2140 matches, 0.13sec, #0
0006 and 0008: [1810/2140], H[534], 0.02sec
0004 and 0005: 2599 matches, 0.23sec, #1
0001 and 0007: 320 matches, 0.13sec, #2
0004 and 0005: [2292/2599], H[682], 0.01sec
0001 and 0007: [158/320], H[52], 0.01sec
0007 and 0008: 3217 matches, 0.12sec, #0
0007 and 0008: [3001/3217], H[1038], 0.02sec
0000 and 0009: 194 matches, 0.12sec, #0
0000 and 0006: 283 matches, 0.20sec, #1
0000 and 0006: [152/283], H[42], 0.01sec
0000 and 0009: [83/194], H[14], 0.06sec
0002 and 0007: 426 matches, 0.26sec, #2
0002 and 0007: [268/426], H[59], 0.01sec
0001 and 0006: 296 matches, 0.12sec, #1
0001 and 0006: [161/296], H[51], 0.01sec
0001 and 0009: 193 matches, 0.13sec, #0
0001 and 0009: [93/193], H[12], 0.02sec
0002 and 0009: 240 matches, 0.12sec, #0
0002 and 0009: [132/240], H[52], 0.01sec
0003 and 0007: 787 matches, 0.20sec, #2
0003 and 0007: [546/787], H[269], 0.01sec
0002 and 0006: 495 matches, 0.30sec, #1
0003 and 0009: 389 matches, 0.12sec, #0
0002 and 0006: [321/495], H[93], 0.01sec
0003 and 0009: [251/389], H[48], 0.01sec
0004 and 0007: 1365 matches, 0.22sec, #2
0004 and 0007: [1039/1365], H[396], 0.01sec
0004 and 0009: 588 matches, 0.13sec, #0
0003 and 0010: 244 matches, 0.14sec, #1
0004 and 0009: [370/588], H[96], 0.01sec
0003 and 0010: [147/244], H[31], 0.01sec
0005 and 0009: 1201 matches, 0.13sec, #0
0005 and 0009: [841/1201], H[407], 0.01sec
0005 and 0007: 2584 matches, 0.24sec, #2
0004 and 0010: 301 matches, 0.23sec, #1
0005 and 0007: [2328/2584], H[348], 0.01sec
0004 and 0010: [173/301], H[35], 0.01sec
0006 and 0009: 1561 matches, 0.12sec, #0
0006 and 0009: [1250/1561], H[207], 0.01sec
0007 and 0009: 2419 matches, 0.13sec, #0
0007 and 0009: [1920/2419], H[287], 0.02sec
0008 and 0009: 2901 matches, 0.13sec, #0
0005 and 0010: 600 matches, 0.34sec, #1
0006 and 0007: 2994 matches, 0.35sec, #2
0005 and 0010: [350/600], H[72], 0.01sec
0008 and 0009: [2596/2901], H[970], 0.01sec
0006 and 0007: [2735/2994], H[1336], 0.01sec
0000 and 0010: 115 matches, 0.13sec, #0
0000 and 0010: [52/115], H[21], 0.03sec
0006 and 0010: 978 matches, 0.30sec, #1
0003 and 0011: 222 matches, 0.29sec, #2
0006 and 0010: [647/978], H[51], 0.01sec
0001 and 0010: 152 matches, 0.11sec, #0
0003 and 0011: [117/222], H[23], 0.01sec
0001 and 0010: [61/152], H[9], 0.13sec
0007 and 0010: 1278 matches, 0.20sec, #1
0007 and 0010: [925/1278], H[145], 0.01sec
0004 and 0011: 288 matches, 0.23sec, #2
0004 and 0011: [158/288], H[20], 0.01sec
0002 and 0010: 167 matches, 0.12sec, #0
0002 and 0010: [83/167], H[20], 0.02sec
0002 and 0012: 102 matches, 0.12sec, #0
0002 and 0012: [42/102], H[9], 0.03sec
0008 and 0010: 1457 matches, 0.23sec, #1
0008 and 0010: [1331/1457], H[313], 0.01sec
0005 and 0011: 549 matches, 0.22sec, #2
0005 and 0011: [320/549], H[31], 0.01sec
0003 and 0012: 129 matches, 0.10sec, #0
0003 and 0012: [71/129], H[14], 0.01sec
0009 and 0010: 2656 matches, 0.21sec, #1
0009 and 0010: [2458/2656], H[671], 0.01sec
0004 and 0012: 176 matches, 0.12sec, #0
0006 and 0011: 784 matches, 0.22sec, #2
0004 and 0012: [85/176], H[40], 0.01sec
0006 and 0011: [505/784], H[49], 0.01sec
0005 and 0012: 279 matches, 0.12sec, #0
0005 and 0012: [150/279], H[53], 0.01sec
0000 and 0011: 137 matches, 0.22sec, #1
0007 and 0011: 975 matches, 0.21sec, #2
0007 and 0011: [737/975], H[87], 0.01sec
0006 and 0012: 402 matches, 0.12sec, #0
0006 and 0012: [259/402], H[60], 0.01sec
0000 and 0011: [53/137], H[16], 0.04sec
0007 and 0012: 448 matches, 0.12sec, #0
0008 and 0011: 1313 matches, 0.20sec, #2
0007 and 0012: [293/448], H[99], 0.00sec
0008 and 0011: [1138/1313], H[239], 0.01sec
0001 and 0011: 140 matches, 0.15sec, #1
0001 and 0011: [50/140], H[12], 0.11sec
0008 and 0012: 577 matches, 0.13sec, #0
0008 and 0012: [424/577], H[108], 0.01sec
0009 and 0011: 2058 matches, 0.21sec, #2
0002 and 0011: 157 matches, 0.13sec, #1
0009 and 0011: [1828/2058], H[396], 0.01sec
0009 and 0012: 887 matches, 0.12sec, #0
0009 and 0012: [703/887], H[142], 0.01sec
0002 and 0011: [81/157], H[37], 0.04sec
0010 and 0012: 1529 matches, 0.11sec, #0
0010 and 0011: 3292 matches, 0.14sec, #2
0010 and 0012: [1365/1529], H[285], 0.01sec
0010 and 0011: [3158/3292], H[1085], 0.03sec
0011 and 0012: 2074 matches, 0.11sec, #0
0011 and 0012: [1837/2074], H[480], 0.02sec
0000 and 0013: 90 matches, 0.19sec, #1
0000 and 0012: 82 matches, 0.16sec, #2
0010 and 0013: 1128 matches, 0.11sec, #0
0010 and 0013: [810/1128], H[166], 0.01sec
0000 and 0013: [29/90], H[9], 0.05sec
0000 and 0012: [21/82], H[6], 0.05sec
0011 and 0013: 1679 matches, 0.11sec, #0
0011 and 0013: [1385/1679], H[206], 0.01sec
0012 and 0013: 2094 matches, 0.11sec, #0
0001 and 0013: 79 matches, 0.17sec, #1
0012 and 0013: [1929/2094], H[163], 0.02sec
0001 and 0012: 86 matches, 0.19sec, #2
0001 and 0013: [32/79], H[7], 0.04sec
0000 and 0014: 93 matches, 0.11sec, #0
0001 and 0012: [25/86], H[12], 0.07sec
0000 and 0014: [24/93], H[8], 0.07sec
0002 and 0013: 90 matches, 0.17sec, #1
0001 and 0014: 109 matches, 0.11sec, #0
0007 and 0014: 415 matches, 0.17sec, #2
0002 and 0013: [36/90], H[15], 0.06sec
0007 and 0014: [236/415], H[78], 0.01sec
0001 and 0014: [27/109], H[11], 0.06sec
0002 and 0014: 107 matches, 0.12sec, #0
0003 and 0013: 118 matches, 0.17sec, #1
0003 and 0013: [50/118], H[15], 0.03sec
0008 and 0014: 519 matches, 0.21sec, #2
0002 and 0014: [37/107], H[15], 0.07sec
0008 and 0014: [317/519], H[102], 0.01sec
0003 and 0014: 153 matches, 0.12sec, #0
0004 and 0013: 154 matches, 0.21sec, #1
0004 and 0013: [74/154], H[29], 0.02sec
0003 and 0014: [54/153], H[20], 0.07sec
0009 and 0014: 914 matches, 0.25sec, #2
0004 and 0014: 170 matches, 0.12sec, #0
0009 and 0014: [604/914], H[81], 0.01sec
0005 and 0013: 243 matches, 0.21sec, #1
0004 and 0014: [71/170], H[15], 0.09sec
0005 and 0013: [130/243], H[54], 0.01sec
0010 and 0014: 1280 matches, 0.16sec, #2
0010 and 0014: [963/1280], H[205], 0.01sec
0005 and 0014: 270 matches, 0.14sec, #0
0005 and 0014: [124/270], H[18], 0.03sec
0006 and 0013: 287 matches, 0.21sec, #1
0006 and 0013: [172/287], H[28], 0.01sec
0011 and 0014: 1766 matches, 0.14sec, #2
0006 and 0014: 297 matches, 0.12sec, #0
0011 and 0014: [1449/1766], H[198], 0.01sec
0006 and 0014: [154/297], H[44], 0.01sec
0007 and 0013: 350 matches, 0.19sec, #1
0003 and 0015: 71 matches, 0.11sec, #0
0007 and 0013: [229/350], H[12], 0.01sec
0012 and 0014: 1857 matches, 0.20sec, #2
0012 and 0014: [1673/1857], H[389], 0.01sec
0008 and 0013: 502 matches, 0.15sec, #1
0003 and 0015: [24/71], H[10], 0.16sec
0008 and 0013: [307/502], H[99], 0.01sec
0013 and 0014: 2756 matches, 0.11sec, #2
0004 and 0015: 75 matches, 0.11sec, #0
0013 and 0014: [2306/2756], H[1093], 0.02sec
0004 and 0015: [33/75], H[12], 0.02sec
0009 and 0013: 830 matches, 0.20sec, #1
0009 and 0013: [610/830], H[90], 0.01sec
0005 and 0015: 133 matches, 0.10sec, #0
0005 and 0015: [64/133], H[17], 0.01sec
0000 and 0015: 50 matches, 0.18sec, #2
0013 and 0015: 1710 matches, 0.08sec, #1
0000 and 0015: [13/50], H[5], 0.05sec
0013 and 0015: [1349/1710], H[381], 0.01sec
0006 and 0015: 163 matches, 0.19sec, #0
0006 and 0015: [92/163], H[32], 0.01sec
0001 and 0015: 53 matches, 0.14sec, #2
0014 and 0015: 1804 matches, 0.16sec, #1
0001 and 0015: [12/53], H[4], 0.05sec
0014 and 0015: [1612/1804], H[900], 0.01sec
0007 and 0015: 168 matches, 0.10sec, #0
0007 and 0015: [109/168], H[37], 0.00sec
0008 and 0015: 246 matches, 0.11sec, #0
0008 and 0015: [157/246], H[12], 0.01sec
0002 and 0015: 42 matches, 0.17sec, #2
0000 and 0016: 47 matches, 0.17sec, #1
0009 and 0015: 398 matches, 0.10sec, #0
0009 and 0015: [283/398], H[37], 0.00sec
0002 and 0015: [16/42], H[5], 0.04sec
0000 and 0016: [15/47], H[7], 0.04sec
0010 and 0015: 623 matches, 0.10sec, #0
0010 and 0015: [478/623], H[64], 0.01sec
0011 and 0015: 850 matches, 0.10sec, #0
0011 and 0015: [647/850], H[58], 0.01sec
0008 and 0016: 207 matches, 0.17sec, #2
0008 and 0016: [107/207], H[35], 0.01sec
0001 and 0016: 43 matches, 0.19sec, #1
0012 and 0015: 1641 matches, 0.14sec, #0
0012 and 0015: [1259/1641], H[279], 0.01sec
0001 and 0016: [14/43], H[9], 0.08sec
0009 and 0016: 342 matches, 0.11sec, #2
0002 and 0016: 44 matches, 0.10sec, #1
0009 and 0016: [211/342], H[59], 0.01sec
0002 and 0017: 102 matches, 0.11sec, #0
0002 and 0016: [16/44], H[5], 0.06sec
0002 and 0017: [34/102], H[17], 0.07sec
0010 and 0016: 553 matches, 0.14sec, #2
0010 and 0016: [389/553], H[30], 0.01sec
0003 and 0016: 65 matches, 0.13sec, #1
0003 and 0017: 139 matches, 0.10sec, #0
0003 and 0017: [56/139], H[14], 0.04sec
0003 and 0016: [20/65], H[5], 0.07sec
0011 and 0016: 762 matches, 0.10sec, #2
0011 and 0016: [545/762], H[37], 0.01sec
0004 and 0017: 169 matches, 0.12sec, #0
0004 and 0017: [80/169], H[10], 0.02sec
0005 and 0017: 259 matches, 0.12sec, #0
0004 and 0016: 71 matches, 0.18sec, #1
0012 and 0016: 1199 matches, 0.15sec, #2
0005 and 0017: [115/259], H[63], 0.01sec
0012 and 0016: [791/1199], H[125], 0.01sec
0004 and 0016: [30/71], H[12], 0.01sec
0006 and 0017: 301 matches, 0.16sec, #0
0006 and 0017: [169/301], H[57], 0.01sec
0013 and 0016: 1241 matches, 0.20sec, #2
0005 and 0016: 114 matches, 0.20sec, #1
0013 and 0016: [865/1241], H[184], 0.01sec
0007 and 0017: 357 matches, 0.11sec, #0
0005 and 0016: [56/114], H[17], 0.01sec
0007 and 0017: [201/357], H[90], 0.01sec
0008 and 0017: 396 matches, 0.12sec, #0
0008 and 0017: [220/396], H[72], 0.01sec
0014 and 0016: 1399 matches, 0.16sec, #2
0014 and 0016: [1095/1399], H[274], 0.01sec
0006 and 0016: 154 matches, 0.18sec, #1
0006 and 0016: [85/154], H[33], 0.01sec
0009 and 0017: 744 matches, 0.11sec, #0
0009 and 0017: [460/744], H[80], 0.01sec
0010 and 0017: 1176 matches, 0.11sec, #0
0015 and 0016: 2348 matches, 0.17sec, #2
0010 and 0017: [802/1176], H[92], 0.01sec
0015 and 0016: [2248/2348], H[1096], 0.00sec
0007 and 0016: 179 matches, 0.21sec, #1
0011 and 0017: 1391 matches, 0.12sec, #0
0007 and 0016: [103/179], H[23], 0.01sec
0011 and 0017: [919/1391], H[162], 0.01sec
0000 and 0017: 104 matches, 0.20sec, #2
0005 and 0018: 250 matches, 0.12sec, #0
0012 and 0017: 1250 matches, 0.14sec, #1
0005 and 0018: [122/250], H[23], 0.01sec
0012 and 0017: [956/1250], H[95], 0.01sec
0000 and 0017: [19/104], H[8], 0.06sec
0006 and 0018: 293 matches, 0.12sec, #0
0006 and 0018: [150/293], H[53], 0.01sec
0013 and 0017: 1236 matches, 0.17sec, #1
0001 and 0017: 83 matches, 0.11sec, #2
0007 and 0018: 356 matches, 0.11sec, #0
0013 and 0017: [782/1236], H[137], 0.01sec
0007 and 0018: [177/356], H[38], 0.01sec
0014 and 0017: 1981 matches, 0.11sec, #1
0001 and 0017: [21/83], H[7], 0.13sec
0008 and 0018: 402 matches, 0.11sec, #0
0014 and 0017: [1354/1981], H[261], 0.01sec
0008 and 0018: [214/402], H[77], 0.01sec
0009 and 0018: 711 matches, 0.12sec, #0
0009 and 0018: [429/711], H[64], 0.01sec
0015 and 0018: 1726 matches, 0.17sec, #2
0015 and 0018: [1408/1726], H[280], 0.01sec
0015 and 0017: 1338 matches, 0.21sec, #1
0010 and 0018: 1071 matches, 0.11sec, #0
0015 and 0017: [1093/1338], H[311], 0.01sec
0010 and 0018: [698/1071], H[116], 0.01sec
0011 and 0018: 1344 matches, 0.11sec, #0
0016 and 0018: 1424 matches, 0.15sec, #2
0011 and 0018: [947/1344], H[165], 0.01sec
0016 and 0018: [1169/1424], H[345], 0.01sec
0016 and 0017: 1244 matches, 0.23sec, #1
0012 and 0018: 1255 matches, 0.11sec, #0
0016 and 0017: [954/1244], H[301], 0.01sec
0012 and 0018: [964/1255], H[187], 0.01sec
0017 and 0018: 3010 matches, 0.19sec, #2
0017 and 0018: [2809/3010], H[1077], 0.01sec
0013 and 0018: 1722 matches, 0.10sec, #0
0000 and 0018: 75 matches, 0.18sec, #1
0013 and 0018: [1159/1722], H[185], 0.02sec
0000 and 0019: 60 matches, 0.15sec, #2
0000 and 0018: [15/75], H[4], 0.07sec
0000 and 0019: [16/60], H[5], 0.04sec
0014 and 0018: 2468 matches, 0.11sec, #0
0014 and 0018: [1826/2468], H[612], 0.02sec
0007 and 0019: 374 matches, 0.11sec, #0
0001 and 0018: 87 matches, 0.18sec, #1
0007 and 0019: [233/374], H[40], 0.01sec
0001 and 0019: 57 matches, 0.19sec, #2
0001 and 0018: [21/87], H[6], 0.06sec
0008 and 0019: 339 matches, 0.11sec, #0
0008 and 0019: [187/339], H[30], 0.01sec
0001 and 0019: [18/57], H[8], 0.08sec
0002 and 0018: 105 matches, 0.11sec, #1
0009 and 0019: 625 matches, 0.10sec, #0
0009 and 0019: [409/625], H[37], 0.01sec
0002 and 0018: [34/105], H[17], 0.08sec
0002 and 0019: 76 matches, 0.11sec, #2
0010 and 0019: 1165 matches, 0.10sec, #0
0002 and 0019: [31/76], H[10], 0.06sec
0010 and 0019: [688/1165], H[116], 0.05sec
0003 and 0018: 134 matches, 0.16sec, #1
0011 and 0019: 973 matches, 0.11sec, #0
0003 and 0019: 96 matches, 0.13sec, #2
0011 and 0019: [676/973], H[91], 0.01sec
0003 and 0018: [49/134], H[7], 0.04sec
0003 and 0019: [39/96], H[20], 0.02sec
0012 and 0019: 801 matches, 0.10sec, #0
0012 and 0019: [530/801], H[70], 0.01sec
0013 and 0019: 628 matches, 0.10sec, #0
0013 and 0019: [410/628], H[52], 0.01sec
0004 and 0018: 166 matches, 0.18sec, #1
0004 and 0019: 128 matches, 0.21sec, #2
0004 and 0018: [75/166], H[11], 0.04sec
0014 and 0019: 900 matches, 0.10sec, #0
0004 and 0019: [56/128], H[19], 0.02sec
0014 and 0019: [724/900], H[96], 0.01sec
0015 and 0019: 733 matches, 0.09sec, #0
0015 and 0019: [641/733], H[66], 0.01sec
0017 and 0019: 1381 matches, 0.16sec, #1
0017 and 0019: [1014/1381], H[240], 0.01sec
0005 and 0019: 184 matches, 0.18sec, #2
0016 and 0019: 691 matches, 0.09sec, #0
0005 and 0019: [103/184], H[40], 0.01sec
0016 and 0019: [606/691], H[87], 0.01sec
0008 and 0020: 811 matches, 0.11sec, #0
0008 and 0020: [501/811], H[321], 0.01sec
0018 and 0019: 1185 matches, 0.16sec, #1
0018 and 0019: [1001/1185], H[92], 0.01sec
0006 and 0019: 299 matches, 0.18sec, #2
0009 and 0020: 1207 matches, 0.12sec, #0
0006 and 0019: [153/299], H[57], 0.01sec
0009 and 0020: [897/1207], H[104], 0.01sec
0010 and 0020: 1068 matches, 0.12sec, #0
0010 and 0020: [851/1068], H[142], 0.01sec
0000 and 0020: 113 matches, 0.21sec, #1
0018 and 0020: 917 matches, 0.19sec, #2
0011 and 0020: 984 matches, 0.12sec, #0
0018 and 0020: [557/917], H[90], 0.01sec
0011 and 0020: [681/984], H[172], 0.01sec
0000 and 0020: [44/113], H[14], 0.03sec
0012 and 0020: 665 matches, 0.12sec, #0
0012 and 0020: [510/665], H[175], 0.01sec
0019 and 0020: 1453 matches, 0.22sec, #2
0001 and 0020: 123 matches, 0.23sec, #1
0013 and 0020: 629 matches, 0.12sec, #0
0019 and 0020: [1270/1453], H[312], 0.01sec
0013 and 0020: [451/629], H[48], 0.00sec
0001 and 0020: [53/123], H[12], 0.02sec
0014 and 0020: 847 matches, 0.17sec, #0
0000 and 0021: 60 matches, 0.18sec, #2
0014 and 0020: [685/847], H[228], 0.01sec
0000 and 0021: [30/60], H[8], 0.01sec
0002 and 0020: 139 matches, 0.28sec, #1
0015 and 0020: 488 matches, 0.11sec, #0
0002 and 0020: [81/139], H[21], 0.01sec
0015 and 0020: [346/488], H[61], 0.00sec
0001 and 0021: 80 matches, 0.19sec, #2
0001 and 0021: [41/80], H[8], 0.01sec
0016 and 0020: 456 matches, 0.10sec, #0
0016 and 0020: [317/456], H[59], 0.01sec
0003 and 0020: 203 matches, 0.17sec, #1
0003 and 0020: [132/203], H[27], 0.00sec
0002 and 0021: 88 matches, 0.11sec, #2
0017 and 0020: 1042 matches, 0.10sec, #0
0002 and 0021: [49/88], H[23], 0.01sec
0017 and 0020: [778/1042], H[47], 0.01sec
0008 and 0021: 553 matches, 0.11sec, #0
0008 and 0021: [311/553], H[51], 0.01sec
0004 and 0020: 293 matches, 0.19sec, #1
0003 and 0021: 124 matches, 0.19sec, #2
0004 and 0020: [194/293], H[98], 0.00sec
0003 and 0021: [70/124], H[25], 0.01sec
0009 and 0021: 734 matches, 0.11sec, #0
0009 and 0021: [425/734], H[52], 0.01sec
0010 and 0021: 815 matches, 0.14sec, #0
0010 and 0021: [486/815], H[74], 0.01sec
0005 and 0020: 519 matches, 0.20sec, #1
0005 and 0020: [326/519], H[118], 0.01sec
0004 and 0021: 183 matches, 0.20sec, #2
0004 and 0021: [103/183], H[34], 0.01sec
0011 and 0021: 701 matches, 0.13sec, #0
0011 and 0021: [416/701], H[65], 0.01sec
0006 and 0020: 574 matches, 0.16sec, #1
0006 and 0020: [342/574], H[136], 0.01sec
0012 and 0021: 541 matches, 0.10sec, #0
0012 and 0021: [406/541], H[62], 0.00sec
0005 and 0021: 282 matches, 0.14sec, #2
0005 and 0021: [163/282], H[43], 0.01sec
0013 and 0021: 551 matches, 0.10sec, #0
0013 and 0021: [352/551], H[61], 0.01sec
0007 and 0020: 843 matches, 0.22sec, #1
0006 and 0021: 346 matches, 0.13sec, #2
0007 and 0020: [571/843], H[279], 0.01sec
0014 and 0021: 634 matches, 0.10sec, #0
0006 and 0021: [202/346], H[38], 0.01sec
0014 and 0021: [525/634], H[96], 0.01sec
0015 and 0021: 595 matches, 0.10sec, #0
0015 and 0021: [460/595], H[55], 0.01sec
0018 and 0021: 998 matches, 0.17sec, #1
0018 and 0021: [613/998], H[109], 0.01sec
0007 and 0021: 478 matches, 0.22sec, #2
0007 and 0021: [245/478], H[52], 0.02sec
0016 and 0021: 391 matches, 0.15sec, #0
0016 and 0021: [278/391], H[51], 0.00sec
0019 and 0021: 1470 matches, 0.17sec, #1
0017 and 0021: 917 matches, 0.09sec, #0
0019 and 0021: [1362/1470], H[681], 0.01sec
0017 and 0021: [599/917], H[68], 0.01sec
0007 and 0022: 888 matches, 0.17sec, #2
0007 and 0022: [618/888], H[92], 0.01sec
0017 and 0022: 561 matches, 0.11sec, #0
0017 and 0022: [332/561], H[119], 0.01sec
0020 and 0021: 2082 matches, 0.20sec, #1
0020 and 0021: [1853/2082], H[475], 0.00sec
0008 and 0022: 846 matches, 0.13sec, #2
0018 and 0022: 648 matches, 0.10sec, #0
0008 and 0022: [633/846], H[310], 0.01sec
0018 and 0022: [375/648], H[54], 0.01sec
0019 and 0022: 1033 matches, 0.10sec, #0
0019 and 0022: [751/1033], H[100], 0.01sec
0000 and 0022: 138 matches, 0.20sec, #1
0000 and 0022: [64/138], H[22], 0.01sec
0009 and 0022: 1044 matches, 0.21sec, #2
0009 and 0022: [815/1044], H[165], 0.01sec
0020 and 0022: 2668 matches, 0.18sec, #0
0020 and 0022: [2375/2668], H[536], 0.02sec
0001 and 0022: 151 matches, 0.15sec, #1
0001 and 0022: [87/151], H[26], 0.01sec
0010 and 0022: 811 matches, 0.16sec, #2
0021 and 0022: 1840 matches, 0.11sec, #0
0010 and 0022: [565/811], H[88], 0.01sec
0021 and 0022: [1560/1840], H[489], 0.01sec
0002 and 0022: 197 matches, 0.16sec, #1
0002 and 0022: [114/197], H[53], 0.01sec
0000 and 0023: 183 matches, 0.12sec, #0
0000 and 0023: [92/183], H[6], 0.02sec
0011 and 0022: 723 matches, 0.22sec, #2
0003 and 0022: 299 matches, 0.12sec, #1
0011 and 0022: [550/723], H[52], 0.00sec
0001 and 0023: 204 matches, 0.11sec, #0
0003 and 0022: [205/299], H[76], 0.00sec
0001 and 0023: [99/204], H[25], 0.02sec
0002 and 0023: 282 matches, 0.12sec, #0
0002 and 0023: [163/282], H[52], 0.01sec
0012 and 0022: 398 matches, 0.21sec, #2
0012 and 0022: [286/398], H[100], 0.01sec
0004 and 0022: 361 matches, 0.25sec, #1
0003 and 0023: 402 matches, 0.15sec, #0
0004 and 0022: [224/361], H[129], 0.01sec
0003 and 0023: [255/402], H[123], 0.01sec
0013 and 0022: 451 matches, 0.16sec, #2
0013 and 0022: [301/451], H[166], 0.01sec
0004 and 0023: 548 matches, 0.13sec, #0
0004 and 0023: [363/548], H[150], 0.01sec
0005 and 0022: 604 matches, 0.27sec, #1
0005 and 0022: [390/604], H[83], 0.01sec
0005 and 0023: 796 matches, 0.13sec, #0
0014 and 0022: 513 matches, 0.18sec, #2
0005 and 0023: [600/796], H[174], 0.01sec
0014 and 0022: [329/513], H[95], 0.01sec
0006 and 0023: 827 matches, 0.13sec, #0
0006 and 0023: [590/827], H[186], 0.01sec
0006 and 0022: 576 matches, 0.24sec, #1
0015 and 0022: 354 matches, 0.22sec, #2
0006 and 0022: [353/576], H[81], 0.01sec
0007 and 0023: 1098 matches, 0.12sec, #0
0015 and 0022: [220/354], H[87], 0.01sec
0007 and 0023: [843/1098], H[117], 0.01sec
0008 and 0023: 922 matches, 0.13sec, #0
0008 and 0023: [686/922], H[420], 0.01sec
0015 and 0023: 319 matches, 0.17sec, #1
0015 and 0023: [176/319], H[111], 0.01sec
0016 and 0022: 250 matches, 0.19sec, #2
0016 and 0022: [152/250], H[30], 0.01sec
0009 and 0023: 1140 matches, 0.12sec, #0
0009 and 0023: [795/1140], H[353], 0.01sec
0010 and 0023: 826 matches, 0.14sec, #0
0010 and 0023: [534/826], H[204], 0.01sec
0016 and 0023: 276 matches, 0.22sec, #1
0002 and 0024: 486 matches, 0.20sec, #2
0016 and 0023: [165/276], H[20], 0.01sec
0011 and 0023: 791 matches, 0.11sec, #0
0002 and 0024: [328/486], H[45], 0.00sec
0011 and 0023: [579/791], H[189], 0.01sec
0012 and 0023: 452 matches, 0.12sec, #0
0012 and 0023: [292/452], H[65], 0.01sec
0017 and 0023: 604 matches, 0.20sec, #1
0017 and 0023: [346/604], H[70], 0.01sec
0003 and 0024: 589 matches, 0.22sec, #2
0003 and 0024: [433/589], H[159], 0.00sec
0013 and 0023: 429 matches, 0.11sec, #0
0013 and 0023: [260/429], H[72], 0.01sec
0014 and 0023: 509 matches, 0.12sec, #0
0014 and 0023: [309/509], H[71], 0.01sec
0018 and 0023: 601 matches, 0.21sec, #1
0004 and 0024: 768 matches, 0.22sec, #2
0018 and 0023: [363/601], H[171], 0.01sec
0004 and 0024: [541/768], H[53], 0.01sec
0012 and 0024: 359 matches, 0.11sec, #0
0012 and 0024: [242/359], H[144], 0.00sec
0013 and 0024: 281 matches, 0.12sec, #0
0013 and 0024: [168/281], H[77], 0.01sec
0019 and 0023: 878 matches, 0.21sec, #1
0019 and 0023: [701/878], H[139], 0.01sec
0005 and 0024: 948 matches, 0.23sec, #2
0014 and 0024: 372 matches, 0.12sec, #0
0005 and 0024: [606/948], H[162], 0.01sec
0014 and 0024: [209/372], H[37], 0.01sec
0015 and 0024: 218 matches, 0.11sec, #0
0015 and 0024: [122/218], H[41], 0.01sec
0020 and 0023: 2498 matches, 0.21sec, #1
0006 and 0024: 942 matches, 0.22sec, #2
0006 and 0024: [653/942], H[58], 0.01sec
0016 and 0024: 203 matches, 0.10sec, #0
0020 and 0023: [2198/2498], H[599], 0.01sec
0016 and 0024: [117/203], H[50], 0.01sec
0017 and 0024: 397 matches, 0.11sec, #0
0017 and 0024: [248/397], H[59], 0.01sec
0007 and 0024: 1158 matches, 0.23sec, #2
0021 and 0023: 1201 matches, 0.23sec, #1
0007 and 0024: [764/1158], H[464], 0.01sec
0021 and 0023: [990/1201], H[120], 0.01sec
0018 and 0024: 402 matches, 0.11sec, #0
0018 and 0024: [205/402], H[52], 0.01sec
0019 and 0024: 501 matches, 0.11sec, #0
0019 and 0024: [390/501], H[50], 0.01sec
0008 and 0024: 841 matches, 0.23sec, #2
0022 and 0023: 3383 matches, 0.26sec, #1
0008 and 0024: [566/841], H[271], 0.01sec
0020 and 0024: 1420 matches, 0.11sec, #0
0022 and 0023: [3187/3383], H[1258], 0.00sec
0020 and 0024: [1161/1420], H[86], 0.01sec
0021 and 0024: 714 matches, 0.11sec, #0
0021 and 0024: [536/714], H[89], 0.01sec
0009 and 0024: 836 matches, 0.23sec, #2
0000 and 0024: 281 matches, 0.24sec, #1
0009 and 0024: [583/836], H[101], 0.01sec
0000 and 0024: [156/281], H[30], 0.01sec
0022 and 0024: 1856 matches, 0.12sec, #0
0022 and 0024: [1587/1856], H[201], 0.01sec
0023 and 0024: 2951 matches, 0.13sec, #0
0023 and 0024: [2513/2951], H[722], 0.03sec
0010 and 0024: 639 matches, 0.27sec, #2
0010 and 0024: [429/639], H[125], 0.01sec
0001 and 0024: 309 matches, 0.28sec, #1
0000 and 0025: 248 matches, 0.12sec, #0
0001 and 0024: [168/309], H[52], 0.01sec
0000 and 0025: [143/248], H[23], 0.01sec
0001 and 0025: 275 matches, 0.12sec, #0
0001 and 0025: [163/275], H[19], 0.01sec
0002 and 0025: 387 matches, 0.12sec, #0
0011 and 0024: 644 matches, 0.34sec, #2
0002 and 0025: [267/387], H[121], 0.01sec
0011 and 0024: [466/644], H[83], 0.01sec
0008 and 0025: 886 matches, 0.33sec, #1
0003 and 0025: 522 matches, 0.13sec, #0
0008 and 0025: [617/886], H[209], 0.01sec
0003 and 0025: [361/522], H[97], 0.00sec
0018 and 0025: 445 matches, 0.15sec, #2
0004 and 0025: 694 matches, 0.12sec, #0
0018 and 0025: [237/445], H[61], 0.01sec
0004 and 0025: [488/694], H[247], 0.01sec
0009 and 0025: 928 matches, 0.19sec, #1
0009 and 0025: [652/928], H[252], 0.01sec
0019 and 0025: 594 matches, 0.12sec, #2
0005 and 0025: 918 matches, 0.12sec, #0
0019 and 0025: [446/594], H[62], 0.01sec
0005 and 0025: [670/918], H[321], 0.01sec
0006 and 0025: 897 matches, 0.12sec, #0
0006 and 0025: [609/897], H[262], 0.01sec
0010 and 0025: 730 matches, 0.23sec, #1
0010 and 0025: [486/730], H[177], 0.01sec
0020 and 0025: 1721 matches, 0.22sec, #2
0007 and 0025: 1139 matches, 0.12sec, #0
0020 and 0025: [1424/1721], H[180], 0.02sec
0007 and 0025: [770/1139], H[76], 0.01sec
0003 and 0026: 603 matches, 0.12sec, #0
0003 and 0026: [451/603], H[284], 0.01sec
0011 and 0025: 740 matches, 0.26sec, #1
0021 and 0025: 843 matches, 0.19sec, #2
0011 and 0025: [520/740], H[175], 0.01sec
0021 and 0025: [648/843], H[110], 0.01sec
0004 and 0026: 752 matches, 0.11sec, #0
0004 and 0026: [529/752], H[272], 0.01sec
0005 and 0026: 954 matches, 0.13sec, #0
0012 and 0025: 378 matches, 0.23sec, #1
0005 and 0026: [640/954], H[411], 0.01sec
0012 and 0025: [233/378], H[71], 0.01sec
0022 and 0025: 2243 matches, 0.25sec, #2
0022 and 0025: [1885/2243], H[291], 0.10sec
0006 and 0026: 1006 matches, 0.12sec, #0
0006 and 0026: [683/1006], H[187], 0.01sec
0013 and 0025: 332 matches, 0.22sec, #1
0013 and 0025: [192/332], H[64], 0.01sec
0007 and 0026: 1097 matches, 0.12sec, #0
0007 and 0026: [754/1097], H[335], 0.01sec
0023 and 0025: 3459 matches, 0.24sec, #2
0023 and 0025: [3136/3459], H[1379], 0.00sec
0014 and 0025: 412 matches, 0.14sec, #1
0008 and 0026: 760 matches, 0.12sec, #0
0014 and 0025: [257/412], H[57], 0.01sec
0008 and 0026: [545/760], H[150], 0.01sec
0009 and 0026: 813 matches, 0.12sec, #0
0009 and 0026: [557/813], H[173], 0.01sec
0024 and 0025: 4409 matches, 0.22sec, #2
0015 and 0025: 216 matches, 0.24sec, #1
0015 and 0025: [128/216], H[38], 0.01sec
0010 and 0026: 663 matches, 0.11sec, #0
0024 and 0025: [4275/4409], H[1664], 0.02sec
0010 and 0026: [441/663], H[185], 0.01sec
0011 and 0026: 620 matches, 0.12sec, #0
0011 and 0026: [417/620], H[87], 0.01sec
0016 and 0025: 208 matches, 0.18sec, #1
0000 and 0026: 292 matches, 0.24sec, #2
0016 and 0025: [107/208], H[29], 0.01sec
0000 and 0026: [166/292], H[51], 0.01sec
0012 and 0026: 331 matches, 0.11sec, #0
0012 and 0026: [200/331], H[130], 0.01sec
0013 and 0026: 283 matches, 0.12sec, #0
0013 and 0026: [159/283], H[24], 0.01sec
0001 and 0026: 316 matches, 0.23sec, #2
0017 and 0025: 498 matches, 0.25sec, #1
0001 and 0026: [200/316], H[38], 0.01sec
0014 and 0026: 356 matches, 0.11sec, #0
0017 and 0025: [282/498], H[71], 0.01sec
0014 and 0026: [204/356], H[38], 0.01sec
0015 and 0026: 206 matches, 0.11sec, #0
0015 and 0026: [103/206], H[34], 0.06sec
0002 and 0026: 503 matches, 0.22sec, #2
0002 and 0026: [348/503], H[114], 0.01sec
0023 and 0026: 2755 matches, 0.24sec, #1
0016 and 0026: 184 matches, 0.10sec, #0
0016 and 0026: [96/184], H[30], 0.01sec
0023 and 0026: [2248/2755], H[724], 0.02sec
0017 and 0026: 391 matches, 0.11sec, #0
0017 and 0026: [225/391], H[48], 0.01sec
0007 and 0027: 810 matches, 0.23sec, #2
0007 and 0027: [592/810], H[205], 0.01sec
0024 and 0026: 4646 matches, 0.19sec, #1
0018 and 0026: 367 matches, 0.11sec, #0
0018 and 0026: [183/367], H[84], 0.02sec
0024 and 0026: [4501/4646], H[3522], 0.04sec
0019 and 0026: 478 matches, 0.11sec, #0
0019 and 0026: [344/478], H[31], 0.01sec
0008 and 0027: 526 matches, 0.26sec, #2
0008 and 0027: [370/526], H[130], 0.01sec
0020 and 0026: 1367 matches, 0.12sec, #0
0020 and 0026: [1130/1367], H[157], 0.01sec
0025 and 0026: 4142 matches, 0.25sec, #1
0021 and 0026: 688 matches, 0.11sec, #0
0021 and 0026: [545/688], H[62], 0.01sec
0025 and 0026: [3945/4142], H[2549], 0.02sec
0009 and 0027: 562 matches, 0.26sec, #2
0009 and 0027: [382/562], H[180], 0.01sec
0022 and 0026: 1691 matches, 0.13sec, #0
0000 and 0027: 315 matches, 0.13sec, #1
0000 and 0027: [205/315], H[49], 0.01sec
0022 and 0026: [1362/1691], H[229], 0.01sec
0017 and 0027: 284 matches, 0.12sec, #0
0017 and 0027: [154/284], H[51], 0.01sec
0010 and 0027: 493 matches, 0.25sec, #2
0001 and 0027: 360 matches, 0.25sec, #1
0010 and 0027: [328/493], H[87], 0.01sec
0018 and 0027: 239 matches, 0.11sec, #0
0001 and 0027: [253/360], H[48], 0.00sec
0018 and 0027: [125/239], H[50], 0.07sec
0019 and 0027: 357 matches, 0.11sec, #0
0019 and 0027: [231/357], H[57], 0.01sec
0011 and 0027: 450 matches, 0.23sec, #2
0011 and 0027: [302/450], H[96], 0.01sec
0020 and 0027: 805 matches, 0.11sec, #0
0002 and 0027: 502 matches, 0.34sec, #1
0020 and 0027: [617/805], H[58], 0.01sec
0002 and 0027: [336/502], H[153], 0.01sec
0012 and 0027: 265 matches, 0.16sec, #2
0012 and 0027: [166/265], H[51], 0.01sec
0021 and 0027: 414 matches, 0.11sec, #0
0021 and 0027: [292/414], H[25], 0.01sec
0003 and 0027: 696 matches, 0.19sec, #1
0003 and 0027: [494/696], H[122], 0.01sec
0013 and 0027: 172 matches, 0.13sec, #2
0022 and 0027: 1003 matches, 0.12sec, #0
0013 and 0027: [99/172], H[30], 0.01sec
0022 and 0027: [792/1003], H[94], 0.01sec
0023 and 0027: 1635 matches, 0.12sec, #0
0023 and 0027: [1370/1635], H[224], 0.02sec
0004 and 0027: 710 matches, 0.23sec, #1
0004 and 0027: [524/710], H[226], 0.01sec
0014 and 0027: 242 matches, 0.23sec, #2
0024 and 0027: 2813 matches, 0.12sec, #0
0024 and 0027: [2529/2813], H[640], 0.02sec
0014 and 0027: [134/242], H[36], 0.07sec
0005 and 0027: 826 matches, 0.14sec, #1
0025 and 0027: 2411 matches, 0.12sec, #0
0025 and 0027: [2087/2411], H[621], 0.02sec
0005 and 0027: [603/826], H[146], 0.05sec
0015 and 0027: 158 matches, 0.11sec, #2
0015 and 0027: [80/158], H[28], 0.01sec
0026 and 0027: 3015 matches, 0.12sec, #0
0026 and 0027: [2614/3015], H[525], 0.03sec
0000 and 0028: 220 matches, 0.12sec, #0
0000 and 0028: [139/220], H[64], 0.01sec
0006 and 0027: 974 matches, 0.24sec, #1
0016 and 0027: 152 matches, 0.22sec, #2
0006 and 0027: [681/974], H[90], 0.01sec
0001 and 0028: 249 matches, 0.11sec, #0
0016 and 0027: [83/152], H[15], 0.01sec
0001 and 0028: [153/249], H[84], 0.01sec
0002 and 0028: 353 matches, 0.12sec, #0
0002 and 0028: [250/353], H[78], 0.01sec
0010 and 0028: 478 matches, 0.20sec, #1
0010 and 0028: [337/478], H[70], 0.00sec
0020 and 0028: 687 matches, 0.21sec, #2
0020 and 0028: [534/687], H[69], 0.00sec
0003 and 0028: 534 matches, 0.12sec, #0
0003 and 0028: [363/534], H[92], 0.01sec
0004 and 0028: 583 matches, 0.12sec, #0
0004 and 0028: [394/583], H[228], 0.01sec
0011 and 0028: 480 matches, 0.20sec, #1
0021 and 0028: 394 matches, 0.23sec, #2
0011 and 0028: [334/480], H[155], 0.00sec
0005 and 0028: 692 matches, 0.12sec, #0
0021 and 0028: [298/394], H[43], 0.00sec
0005 and 0028: [440/692], H[281], 0.01sec
0006 and 0028: 714 matches, 0.12sec, #0
0006 and 0028: [478/714], H[167], 0.01sec
0012 and 0028: 280 matches, 0.20sec, #1
0012 and 0028: [186/280], H[105], 0.00sec
0022 and 0028: 899 matches, 0.23sec, #2
0022 and 0028: [699/899], H[116], 0.01sec
0007 and 0028: 659 matches, 0.18sec, #0
0007 and 0028: [470/659], H[199], 0.01sec
0008 and 0028: 446 matches, 0.13sec, #0
0013 and 0028: 230 matches, 0.25sec, #1
0008 and 0028: [306/446], H[160], 0.01sec
0013 and 0028: [141/230], H[71], 0.01sec
0023 and 0028: 1409 matches, 0.25sec, #2
0009 and 0028: 463 matches, 0.13sec, #0
0023 and 0028: [1087/1409], H[202], 0.01sec
0009 and 0028: [286/463], H[113], 0.01sec
0014 and 0028: 242 matches, 0.26sec, #1
0002 and 0029: 610 matches, 0.12sec, #0
0014 and 0028: [153/242], H[14], 0.01sec
0002 and 0029: [444/610], H[175], 0.01sec
0024 and 0028: 2467 matches, 0.23sec, #2
0003 and 0029: 897 matches, 0.13sec, #0
0024 and 0028: [2207/2467], H[582], 0.02sec
0003 and 0029: [663/897], H[278], 0.01sec
0015 and 0028: 208 matches, 0.14sec, #1
0015 and 0028: [117/208], H[33], 0.01sec
0004 and 0029: 850 matches, 0.13sec, #0
0004 and 0029: [621/850], H[110], 0.01sec
0025 and 0028: 2146 matches, 0.24sec, #2
0016 and 0028: 186 matches, 0.13sec, #1
0025 and 0028: [1804/2146], H[528], 0.01sec
0016 and 0028: [109/186], H[53], 0.01sec
0005 and 0029: 834 matches, 0.12sec, #0
0005 and 0029: [643/834], H[127], 0.01sec
0006 and 0029: 793 matches, 0.13sec, #0
0006 and 0029: [624/793], H[178], 0.01sec
0017 and 0028: 242 matches, 0.27sec, #1
0017 and 0028: [131/242], H[27], 0.01sec
0026 and 0028: 2536 matches, 0.29sec, #2
0007 and 0029: 571 matches, 0.12sec, #0
0007 and 0029: [419/571], H[56], 0.01sec
0026 and 0028: [2419/2536], H[1122], 0.02sec
0008 and 0029: 462 matches, 0.13sec, #0
0008 and 0029: [319/462], H[53], 0.01sec
0018 and 0028: 243 matches, 0.21sec, #1
0027 and 0028: 2665 matches, 0.23sec, #2
0018 and 0028: [124/243], H[29], 0.01sec
0009 and 0029: 317 matches, 0.12sec, #0
0027 and 0028: [2385/2665], H[1032], 0.01sec
0009 and 0029: [207/317], H[73], 0.01sec
0010 and 0029: 350 matches, 0.12sec, #0
0010 and 0029: [240/350], H[96], 0.01sec
0019 and 0028: 379 matches, 0.19sec, #1
0000 and 0029: 318 matches, 0.23sec, #2
0019 and 0028: [285/379], H[12], 0.01sec
0000 and 0029: [210/318], H[128], 0.00sec
0011 and 0029: 261 matches, 0.12sec, #0
0011 and 0029: [182/261], H[66], 0.01sec
0022 and 0029: 475 matches, 0.12sec, #0
0022 and 0029: [353/475], H[145], 0.01sec
0012 and 0029: 194 matches, 0.20sec, #1
0012 and 0029: [120/194], H[41], 0.01sec
0001 and 0029: 398 matches, 0.23sec, #2
0023 and 0029: 581 matches, 0.12sec, #0
0001 and 0029: [271/398], H[91], 0.01sec
0023 and 0029: [398/581], H[23], 0.01sec
0024 and 0029: 954 matches, 0.13sec, #0
0024 and 0029: [801/954], H[131], 0.01sec
0013 and 0029: 132 matches, 0.22sec, #1
0003 and 0030: 915 matches, 0.22sec, #2
0013 and 0029: [72/132], H[22], 0.01sec
0003 and 0030: [757/915], H[280], 0.01sec
0025 and 0029: 861 matches, 0.12sec, #0
0025 and 0029: [703/861], H[106], 0.01sec
0026 and 0029: 1056 matches, 0.14sec, #0
0026 and 0029: [828/1056], H[62], 0.01sec
0014 and 0029: 152 matches, 0.26sec, #1
0004 and 0030: 839 matches, 0.26sec, #2
0014 and 0029: [80/152], H[13], 0.01sec
0004 and 0030: [646/839], H[149], 0.01sec
0027 and 0029: 1777 matches, 0.12sec, #0
0027 and 0029: [1414/1777], H[161], 0.01sec
0028 and 0029: 1138 matches, 0.12sec, #0
0028 and 0029: [861/1138], H[142], 0.01sec
0005 and 0030: 646 matches, 0.24sec, #2
0015 and 0029: 125 matches, 0.25sec, #1
0005 and 0030: [498/646], H[115], 0.00sec
0000 and 0030: 450 matches, 0.11sec, #0
0015 and 0029: [57/125], H[22], 0.01sec
0000 and 0030: [300/450], H[99], 0.00sec
0001 and 0030: 703 matches, 0.12sec, #0
0001 and 0030: [500/703], H[265], 0.01sec
0006 and 0030: 482 matches, 0.23sec, #2
0016 and 0029: 96 matches, 0.24sec, #1
0006 and 0030: [359/482], H[106], 0.00sec
0002 and 0030: 947 matches, 0.11sec, #0
0016 and 0029: [53/96], H[16], 0.00sec
0002 and 0030: [718/947], H[176], 0.01sec
0013 and 0030: 134 matches, 0.12sec, #0
0013 and 0030: [73/134], H[19], 0.01sec
0014 and 0030: 141 matches, 0.12sec, #0
0014 and 0030: [79/141], H[14], 0.01sec
0007 and 0030: 471 matches, 0.30sec, #2
0017 and 0029: 126 matches, 0.30sec, #1
0007 and 0030: [351/471], H[86], 0.00sec
0017 and 0029: [62/126], H[15], 0.01sec
0015 and 0030: 103 matches, 0.10sec, #0
0015 and 0030: [48/103], H[22], 0.09sec
0016 and 0030: 83 matches, 0.11sec, #0
0016 and 0030: [38/83], H[17], 0.02sec
0008 and 0030: 323 matches, 0.27sec, #2
0008 and 0030: [229/323], H[44], 0.00sec
0018 and 0029: 135 matches, 0.28sec, #1
0017 and 0030: 119 matches, 0.11sec, #0
0018 and 0029: [62/135], H[21], 0.02sec
0017 and 0030: [60/119], H[15], 0.08sec
0018 and 0030: 129 matches, 0.11sec, #0
0009 and 0030: 277 matches, 0.22sec, #2
0009 and 0030: [182/277], H[21], 0.01sec
0018 and 0030: [57/129], H[17], 0.02sec
0019 and 0029: 244 matches, 0.31sec, #1
0019 and 0029: [133/244], H[41], 0.01sec
0019 and 0030: 122 matches, 0.11sec, #0
0019 and 0030: [54/122], H[17], 0.02sec
0010 and 0030: 235 matches, 0.23sec, #2
0010 and 0030: [154/235], H[73], 0.01sec
0020 and 0030: 268 matches, 0.12sec, #0
0020 and 0029: 325 matches, 0.16sec, #1
0020 and 0030: [190/268], H[60], 0.01sec
0020 and 0029: [215/325], H[59], 0.01sec
0021 and 0030: 153 matches, 0.12sec, #0
0021 and 0030: [99/153], H[17], 0.01sec
0022 and 0030: 340 matches, 0.12sec, #0
0021 and 0029: 241 matches, 0.25sec, #1
0011 and 0030: 229 matches, 0.27sec, #2
0022 and 0030: [244/340], H[74], 0.00sec
0021 and 0029: [136/241], H[47], 0.01sec
0011 and 0030: [141/229], H[76], 0.00sec
0023 and 0030: 475 matches, 0.13sec, #0
0023 and 0030: [351/475], H[200], 0.01sec
0012 and 0030: 154 matches, 0.24sec, #2
0012 and 0030: [90/154], H[35], 0.01sec
0003 and 0031: 1728 matches, 0.26sec, #1
0024 and 0030: 771 matches, 0.12sec, #0
0003 and 0031: [1442/1728], H[350], 0.01sec
0024 and 0030: [605/771], H[91], 0.01sec
0025 and 0030: 668 matches, 0.13sec, #0
0025 and 0030: [514/668], H[83], 0.01sec
0013 and 0031: 139 matches, 0.24sec, #2
0004 and 0031: 1667 matches, 0.24sec, #1
0004 and 0031: [1244/1667], H[323], 0.01sec
0026 and 0030: 841 matches, 0.12sec, #0
0026 and 0030: [634/841], H[159], 0.01sec
0013 and 0031: [67/139], H[5], 0.12sec
0027 and 0030: 1232 matches, 0.12sec, #0
0005 and 0031: 1371 matches, 0.20sec, #1
0005 and 0031: [1039/1371], H[310], 0.01sec
0027 and 0030: [979/1232], H[132], 0.07sec
0028 and 0030: 1398 matches, 0.12sec, #0
0028 and 0030: [1184/1398], H[156], 0.01sec
0014 and 0031: 135 matches, 0.25sec, #2
0006 and 0031: 1049 matches, 0.19sec, #1
0014 and 0031: [63/135], H[11], 0.02sec
0006 and 0031: [762/1049], H[102], 0.01sec
0029 and 0030: 1587 matches, 0.12sec, #0
0029 and 0030: [1525/1587], H[786], 0.01sec
0000 and 0031: 796 matches, 0.12sec, #0
0000 and 0031: [560/796], H[360], 0.01sec
0015 and 0031: 94 matches, 0.22sec, #2
0007 and 0031: 741 matches, 0.23sec, #1
0007 and 0031: [517/741], H[103], 0.01sec
0001 and 0031: 1175 matches, 0.11sec, #0
0015 and 0031: [38/94], H[16], 0.02sec
0001 and 0031: [1010/1175], H[681], 0.01sec
0002 and 0031: 1471 matches, 0.17sec, #0
0002 and 0031: [1315/1471], H[445], 0.01sec
0016 and 0031: 69 matches, 0.23sec, #2
0008 and 0031: 536 matches, 0.25sec, #1
0008 and 0031: [367/536], H[58], 0.01sec
0016 and 0031: [32/69], H[9], 0.01sec
0023 and 0031: 477 matches, 0.11sec, #0
0023 and 0031: [324/477], H[133], 0.01sec
0024 and 0031: 704 matches, 0.13sec, #0
0024 and 0031: [522/704], H[276], 0.01sec
0009 and 0031: 428 matches, 0.25sec, #1
0017 and 0031: 142 matches, 0.25sec, #2
0009 and 0031: [271/428], H[44], 0.01sec
0025 and 0031: 566 matches, 0.12sec, #0
0025 and 0031: [385/566], H[102], 0.01sec
0017 and 0031: [51/142], H[24], 0.06sec
0026 and 0031: 762 matches, 0.12sec, #0
0026 and 0031: [543/762], H[202], 0.01sec
0010 and 0031: 271 matches, 0.21sec, #1
0018 and 0031: 119 matches, 0.13sec, #2
0010 and 0031: [145/271], H[31], 0.01sec
0027 and 0031: 1112 matches, 0.12sec, #0
0018 and 0031: [52/119], H[10], 0.02sec
0027 and 0031: [790/1112], H[269], 0.01sec
0028 and 0031: 644 matches, 0.17sec, #0
0028 and 0031: [426/644], H[98], 0.01sec
0011 and 0031: 231 matches, 0.29sec, #1
0019 and 0031: 132 matches, 0.21sec, #2
0029 and 0031: 1518 matches, 0.12sec, #0
0011 and 0031: [124/231], H[30], 0.01sec
0019 and 0031: [61/132], H[16], 0.01sec
0029 and 0031: [1070/1518], H[192], 0.01sec
0030 and 0031: 1744 matches, 0.13sec, #0
0030 and 0031: [1489/1744], H[720], 0.01sec
0020 and 0031: 260 matches, 0.26sec, #2
0012 and 0031: 155 matches, 0.27sec, #1
0020 and 0031: [148/260], H[31], 0.01sec
0000 and 0032: 1175 matches, 0.12sec, #0
0012 and 0031: [81/155], H[22], 0.02sec
0000 and 0032: [857/1175], H[337], 0.01sec
0001 and 0032: 1535 matches, 0.14sec, #0
0021 and 0031: 163 matches, 0.18sec, #2
0001 and 0032: [1340/1535], H[463], 0.01sec
0021 and 0031: [90/163], H[45], 0.01sec
0002 and 0032: 1796 matches, 0.19sec, #1
0002 and 0032: [1644/1796], H[789], 0.01sec
0012 and 0032: 140 matches, 0.13sec, #0
0022 and 0031: 352 matches, 0.13sec, #2
0022 and 0031: [240/352], H[124], 0.01sec
0012 and 0032: [61/140], H[14], 0.03sec
0013 and 0032: 110 matches, 0.12sec, #0
0003 and 0032: 1680 matches, 0.19sec, #1
0013 and 0032: [53/110], H[11], 0.01sec
0003 and 0032: [1389/1680], H[519], 0.01sec
0022 and 0032: 267 matches, 0.18sec, #2
0022 and 0032: [174/267], H[82], 0.01sec
0014 and 0032: 133 matches, 0.11sec, #0
0004 and 0032: 1609 matches, 0.21sec, #1
0004 and 0032: [1267/1609], H[174], 0.01sec
0014 and 0032: [47/133], H[10], 0.12sec
0023 and 0032: 338 matches, 0.14sec, #2
0023 and 0032: [203/338], H[66], 0.01sec
0015 and 0032: 81 matches, 0.11sec, #0
0005 and 0032: 1164 matches, 0.17sec, #1
0005 and 0032: [859/1164], H[162], 0.03sec
0015 and 0032: [26/81], H[7], 0.13sec
0024 and 0032: 525 matches, 0.19sec, #2
0024 and 0032: [377/525], H[98], 0.01sec
0006 and 0032: 754 matches, 0.14sec, #1
0016 and 0032: 68 matches, 0.10sec, #0
0006 and 0032: [530/754], H[96], 0.01sec
0016 and 0032: [22/68], H[5], 0.12sec
0025 and 0032: 444 matches, 0.19sec, #2
0007 and 0032: 584 matches, 0.20sec, #1
0025 and 0032: [274/444], H[42], 0.01sec
0007 and 0032: [359/584], H[159], 0.01sec
0017 and 0032: 129 matches, 0.11sec, #0
0026 and 0032: 547 matches, 0.17sec, #2
0017 and 0032: [37/129], H[12], 0.17sec
0026 and 0032: [365/547], H[117], 0.01sec
0008 and 0032: 452 matches, 0.21sec, #1
0008 and 0032: [299/452], H[85], 0.01sec
0018 and 0032: 112 matches, 0.11sec, #0
0018 and 0032: [45/112], H[10], 0.07sec
0027 and 0032: 670 matches, 0.20sec, #2
0027 and 0032: [455/670], H[83], 0.01sec
0009 and 0032: 329 matches, 0.14sec, #1
0009 and 0032: [181/329], H[46], 0.01sec
0019 and 0032: 116 matches, 0.11sec, #0
0019 and 0032: [51/116], H[8], 0.03sec
0020 and 0032: 198 matches, 0.11sec, #0
0020 and 0032: [122/198], H[47], 0.01sec
0028 and 0032: 425 matches, 0.20sec, #2
0010 and 0032: 201 matches, 0.23sec, #1
0028 and 0032: [292/425], H[67], 0.00sec
0010 and 0032: [104/201], H[27], 0.01sec
0021 and 0032: 139 matches, 0.10sec, #0
0021 and 0032: [81/139], H[34], 0.01sec
0000 and 0033: 1055 matches, 0.17sec, #0
0000 and 0033: [730/1055], H[40], 0.01sec
0029 and 0032: 1054 matches, 0.21sec, #2
0029 and 0032: [727/1054], H[201], 0.01sec
0011 and 0032: 205 matches, 0.22sec, #1
0001 and 0033: 1221 matches, 0.10sec, #0
0001 and 0033: [894/1221], H[187], 0.01sec
0011 and 0032: [107/205], H[15], 0.08sec
0030 and 0032: 1145 matches, 0.12sec, #2
0002 and 0033: 1408 matches, 0.11sec, #0
0030 and 0032: [743/1145], H[127], 0.01sec
0002 and 0033: [1185/1408], H[391], 0.01sec
0003 and 0033: 1250 matches, 0.11sec, #0
0003 and 0033: [1023/1250], H[465], 0.01sec
0010 and 0033: 212 matches, 0.29sec, #1
0004 and 0033: 922 matches, 0.12sec, #0
0010 and 0033: [116/212], H[29], 0.01sec
0004 and 0033: [692/922], H[160], 0.01sec
0031 and 0032: 3345 matches, 0.32sec, #2
0005 and 0033: 619 matches, 0.11sec, #0
0005 and 0033: [457/619], H[123], 0.01sec
0031 and 0032: [3007/3345], H[1439], 0.03sec
0011 and 0033: 162 matches, 0.14sec, #1
0011 and 0033: [82/162], H[28], 0.01sec
0006 and 0033: 599 matches, 0.13sec, #0
0006 and 0033: [423/599], H[182], 0.01sec
0020 and 0033: 139 matches, 0.20sec, #2
0012 and 0033: 125 matches, 0.13sec, #1
0020 and 0033: [85/139], H[32], 0.00sec
0007 and 0033: 369 matches, 0.11sec, #0
0012 and 0033: [57/125], H[21], 0.01sec
0007 and 0033: [248/369], H[68], 0.01sec
0008 and 0033: 285 matches, 0.12sec, #0
0008 and 0033: [184/285], H[89], 0.01sec
0013 and 0033: 94 matches, 0.20sec, #1
0021 and 0033: 96 matches, 0.22sec, #2
0021 and 0033: [51/96], H[23], 0.01sec
0009 and 0033: 195 matches, 0.11sec, #0
0013 and 0033: [39/94], H[14], 0.02sec
0009 and 0033: [139/195], H[34], 0.00sec
0030 and 0033: 1072 matches, 0.12sec, #0
0030 and 0033: [788/1072], H[236], 0.01sec
0022 and 0033: 167 matches, 0.19sec, #2
0014 and 0033: 98 matches, 0.22sec, #1
0022 and 0033: [117/167], H[36], 0.00sec
0031 and 0033: 1652 matches, 0.11sec, #0
0031 and 0033: [1352/1652], H[316], 0.01sec
0014 and 0033: [35/98], H[15], 0.06sec
0023 and 0033: 236 matches, 0.12sec, #2
0032 and 0033: 2316 matches, 0.12sec, #0
0023 and 0033: [160/236], H[56], 0.01sec
0032 and 0033: [2053/2316], H[1092], 0.05sec
0015 and 0033: 60 matches, 0.16sec, #1
0000 and 0034: 1847 matches, 0.12sec, #0
0015 and 0033: [26/60], H[7], 0.02sec
0000 and 0034: [1447/1847], H[303], 0.01sec
0024 and 0033: 385 matches, 0.26sec, #2
0024 and 0033: [261/385], H[102], 0.00sec
0016 and 0033: 62 matches, 0.11sec, #1
0001 and 0034: 1813 matches, 0.10sec, #0
0001 and 0034: [1641/1813], H[672], 0.02sec
0016 and 0033: [24/62], H[11], 0.04sec
0025 and 0033: 342 matches, 0.13sec, #2
0002 and 0034: 2017 matches, 0.11sec, #0
0025 and 0033: [207/342], H[48], 0.01sec
0002 and 0034: [1598/2017], H[350], 0.02sec
0017 and 0033: 84 matches, 0.19sec, #1
0003 and 0034: 1353 matches, 0.13sec, #0
0003 and 0034: [1054/1353], H[220], 0.01sec
0017 and 0033: [33/84], H[8], 0.03sec
0026 and 0033: 435 matches, 0.22sec, #2
0026 and 0033: [287/435], H[43], 0.01sec
0018 and 0033: 86 matches, 0.11sec, #1
0004 and 0034: 1256 matches, 0.13sec, #0
0004 and 0034: [951/1256], H[185], 0.01sec
0027 and 0033: 733 matches, 0.13sec, #2
0018 and 0033: [29/86], H[5], 0.12sec
0027 and 0033: [529/733], H[336], 0.01sec
0005 and 0034: 720 matches, 0.11sec, #0
0005 and 0034: [496/720], H[179], 0.01sec
0006 and 0034: 459 matches, 0.12sec, #0
0006 and 0034: [289/459], H[88], 0.01sec
0019 and 0033: 87 matches, 0.16sec, #1
0019 and 0033: [42/87], H[15], 0.01sec
0028 and 0033: 439 matches, 0.20sec, #2
0028 and 0033: [293/439], H[202], 0.00sec
0007 and 0034: 442 matches, 0.12sec, #0
0007 and 0034: [267/442], H[21], 0.01sec
0017 and 0034: 113 matches, 0.18sec, #1
0029 and 0033: 894 matches, 0.19sec, #2
0008 and 0034: 316 matches, 0.12sec, #0
0029 and 0033: [618/894], H[250], 0.01sec
0008 and 0034: [182/316], H[57], 0.01sec
0017 and 0034: [30/113], H[11], 0.05sec
0009 and 0034: 247 matches, 0.13sec, #0
0009 and 0034: [141/247], H[38], 0.01sec
0027 and 0034: 445 matches, 0.21sec, #2
0018 and 0034: 110 matches, 0.21sec, #1
0027 and 0034: [286/445], H[134], 0.01sec
0010 and 0034: 181 matches, 0.12sec, #0
0010 and 0034: [83/181], H[25], 0.03sec
0018 and 0034: [35/110], H[17], 0.10sec
0028 and 0034: 299 matches, 0.12sec, #2
0011 and 0034: 169 matches, 0.12sec, #0
0028 and 0034: [179/299], H[108], 0.01sec
0011 and 0034: [81/169], H[19], 0.08sec
0019 and 0034: 94 matches, 0.15sec, #1
0019 and 0034: [35/94], H[11], 0.04sec
0029 and 0034: 602 matches, 0.14sec, #2
0029 and 0034: [385/602], H[141], 0.01sec
0012 and 0034: 111 matches, 0.12sec, #0
0012 and 0034: [42/111], H[16], 0.05sec
0013 and 0034: 103 matches, 0.12sec, #0
0020 and 0034: 155 matches, 0.21sec, #1
0030 and 0034: 688 matches, 0.22sec, #2
0020 and 0034: [75/155], H[31], 0.01sec
0030 and 0034: [454/688], H[74], 0.01sec
0013 and 0034: [40/103], H[14], 0.04sec
0014 and 0034: 107 matches, 0.12sec, #0
0021 and 0034: 100 matches, 0.23sec, #1
0014 and 0034: [34/107], H[18], 0.09sec
0021 and 0034: [55/100], H[15], 0.01sec
0031 and 0034: 1815 matches, 0.35sec, #2
0015 and 0034: 60 matches, 0.11sec, #0
0031 and 0034: [1474/1815], H[353], 0.01sec
0022 and 0034: 185 matches, 0.22sec, #1
0022 and 0034: [115/185], H[45], 0.01sec
0015 and 0034: [20/60], H[6], 0.16sec
0032 and 0034: 2855 matches, 0.23sec, #2
0032 and 0034: [2379/2855], H[1069], 0.02sec
0016 and 0034: 50 matches, 0.10sec, #0
0023 and 0034: 240 matches, 0.20sec, #1
0023 and 0034: [130/240], H[35], 0.01sec
0016 and 0034: [15/50], H[5], 0.11sec
0033 and 0034: 2247 matches, 0.21sec, #2
0003 and 0035: 1343 matches, 0.12sec, #0
0033 and 0034: [2160/2247], H[1266], 0.02sec
0003 and 0035: [1112/1343], H[94], 0.01sec
0024 and 0034: 381 matches, 0.28sec, #1
0024 and 0034: [232/381], H[70], 0.01sec
0004 and 0035: 1216 matches, 0.12sec, #0
0004 and 0035: [946/1216], H[210], 0.01sec
0000 and 0035: 1889 matches, 0.24sec, #2
0000 and 0035: [1478/1889], H[384], 0.01sec
0005 and 0035: 776 matches, 0.12sec, #0
0005 and 0035: [524/776], H[194], 0.01sec
0025 and 0034: 315 matches, 0.22sec, #1
0001 and 0035: 1856 matches, 0.11sec, #2
0025 and 0034: [188/315], H[52], 0.01sec
0001 and 0035: [1675/1856], H[903], 0.01sec
0006 and 0035: 513 matches, 0.11sec, #0
0006 and 0035: [305/513], H[106], 0.01sec
0026 and 0034: 389 matches, 0.20sec, #1
0007 and 0035: 410 matches, 0.14sec, #0
0026 and 0034: [220/389], H[149], 0.01sec
0007 and 0035: [252/410], H[137], 0.01sec
0002 and 0035: 1956 matches, 0.23sec, #2
0002 and 0035: [1614/1956], H[378], 0.02sec
0013 and 0035: 111 matches, 0.12sec, #1
0008 and 0035: 286 matches, 0.12sec, #0
0008 and 0035: [166/286], H[25], 0.01sec
0013 and 0035: [40/111], H[15], 0.08sec
0009 and 0035: 254 matches, 0.11sec, #0
0023 and 0035: 266 matches, 0.17sec, #2
0009 and 0035: [124/254], H[35], 0.02sec
0023 and 0035: [155/266], H[57], 0.01sec
0010 and 0035: 167 matches, 0.12sec, #0
0010 and 0035: [83/167], H[11], 0.03sec
0014 and 0035: 131 matches, 0.21sec, #1
0024 and 0035: 404 matches, 0.19sec, #2
0014 and 0035: [40/131], H[14], 0.05sec
0024 and 0035: [256/404], H[47], 0.01sec
0011 and 0035: 169 matches, 0.11sec, #0
0011 and 0035: [89/169], H[9], 0.02sec
0012 and 0035: 108 matches, 0.11sec, #0
0015 and 0035: 65 matches, 0.18sec, #1
0012 and 0035: [47/108], H[10], 0.03sec
0025 and 0035: 335 matches, 0.22sec, #2
0015 and 0035: [25/65], H[10], 0.05sec
0025 and 0035: [185/335], H[76], 0.01sec
0029 and 0035: 549 matches, 0.11sec, #0
0029 and 0035: [353/549], H[98], 0.01sec
0030 and 0035: 672 matches, 0.13sec, #0
0030 and 0035: [464/672], H[183], 0.01sec
0016 and 0035: 55 matches, 0.17sec, #1
0026 and 0035: 416 matches, 0.23sec, #2
0016 and 0035: [18/55], H[5], 0.06sec
0026 and 0035: [251/416], H[111], 0.01sec
0031 and 0035: 1706 matches, 0.12sec, #0
0031 and 0035: [1405/1706], H[429], 0.01sec
0032 and 0035: 2532 matches, 0.12sec, #0
0032 and 0035: [2123/2532], H[1105], 0.02sec
0017 and 0035: 111 matches, 0.19sec, #1
0027 and 0035: 499 matches, 0.23sec, #2
0017 and 0035: [38/111], H[8], 0.06sec
0027 and 0035: [320/499], H[113], 0.00sec
0033 and 0035: 2034 matches, 0.10sec, #0
0033 and 0035: [1808/2034], H[632], 0.02sec
0034 and 0035: 3671 matches, 0.12sec, #0
0034 and 0035: [3267/3671], H[946], 0.03sec
0018 and 0035: 110 matches, 0.21sec, #1
0028 and 0035: 300 matches, 0.22sec, #2
0028 and 0035: [183/300], H[39], 0.01sec
0018 and 0035: [39/110], H[12], 0.04sec
0019 and 0035: 84 matches, 0.09sec, #1
0019 and 0035: [29/84], H[9], 0.04sec
0020 and 0035: 141 matches, 0.09sec, #1
0020 and 0035: [72/141], H[20], 0.01sec
0021 and 0035: 115 matches, 0.12sec, #1
0021 and 0035: [63/115], H[21], 0.01sec
0022 and 0035: 194 matches, 0.10sec, #1
0022 and 0035: [128/194], H[52], 0.00sec

###########-------timing------#########
630 Image Match finished, 46 sec used
#############################

----------------------------------------------------------------
Compute Missing Pairwise Matching, finished
Totally 51.000 seconds used


Run full 3D reconstruction, begin...
607 pairs have two-view models
630 pairs have fundamental matrices
Initialize with sofa (8) and sofa (10)
1916 3D points initialized from two images
PBA library version = 105
PBA: 1916 3D pts, 2 cams and 3832 projs...
PBA: 128.115 -> 0.204 (4 LMs in 0.15sec)
Focal Length : [423.546]->[423.546]
Focal Length : [423.546]->[423.546]

#############################
#3: [sofa (9)] sees 2506 (+2625) 3D points
Estimated Focal Length [424][0.66W]
# 3171 projs (895 pts and 0 merges)
PBA: 2811 3D pts, 3 cams and 7003 projs...
PBA: 0.268 -> 0.099 (3 LMs in 0.01sec)

**************************************
#3/3:  3469 projs and 896 pts added.
PBA: 2812 3D pts, 3 cams and 7301 projs...
PBA: 0.153 -> 0.094 (1 LMs in 0.00sec)
PBA: 2812 3D pts, 3 cams and 7301 projs...
PBA: 0.094 -> 0.089 (1 LMs in 0.01sec)
Focal Length : [423.546]->[423.546]
Radial Distortion : [0.000 -> 0]

#############################
#4: [sofa (7)] sees 3290 (+2004) 3D points
Estimated Focal Length [424][0.66W]
# 4293 projs (1279 pts and 12 merges)
PBA: 4064 3D pts, 4 cams and 11564 projs...
PBA: 0.594 -> 0.219 (1 LMs in 0.00sec)
#points w/ large errors:	3
Focal Length : [423.546]->[423.546]
Radial Distortion : [0.000 -> 0]

#############################
#5: [sofa (6)] sees 4638 (+2236) 3D points
Estimated Focal Length [424][0.66W]
# 6642 projs (2099 pts and 197 merges)
PBA: 5875 3D pts, 5 cams and 18021 projs...
PBA: 1.025 -> 0.298 (33 LMs in 0.16sec)
#points w/ large errors:	10

**************************************
#5/5:  7061 projs and 2147 pts added.
PBA: 5856 3D pts, 5 cams and 18359 projs...
PBA: 0.444 -> 0.331 (50 LMs in 0.22sec)
PBA: 5856 3D pts, 5 cams and 18359 projs...
PBA: 0.331 -> 0.331 (11 LMs in 0.09sec)
Focal Length : [423.546]->[423.546]
Radial Distortion : [0.000 -> 0]

#############################
#6: [sofa (11)] sees 4153 (+1687) 3D points
Estimated Focal Length [424][0.66W]
# 3972 projs (987 pts and 22 merges)
PBA: 6766 3D pts, 6 cams and 22221 projs...
PBA: 0.574 -> 0.456 (45 LMs in 0.52sec)
#points w/ large errors:	46
Focal Length : [423.546]->[423.546]
Radial Distortion : [0.000 -> 0]

#############################
#7: [sofa (12)] sees 5346 (+1978) 3D points
Estimated Focal Length [424][0.66W]
# 3945 projs (732 pts and 125 merges)
PBA: 4958 3D pts, 7 cams and 21282 projs...
PBA: 0.978 -> 0.626 (17 LMs in 0.04sec)
#points w/ large errors:	16

**************************************
#7/7:  4171 projs and 782 pts added.
PBA: 7269 3D pts, 7 cams and 26006 projs...
PBA: 0.498 -> 0.490 (39 LMs in 0.20sec)
#points w/ large errors:	2
PBA: 7267 3D pts, 7 cams and 25998 projs...
PBA: 0.539 -> 0.539 (17 LMs in 0.07sec)
Focal Length : [423.546]->[423.546]
Radial Distortion : [0.000 -> 0]

#############################
#8: [sofa (5)] sees 4745 (+1095) 3D points
Estimated Focal Length [424][0.66W]
# 3612 projs (744 pts and 31 merges)
PBA: 5678 3D pts, 8 cams and 25006 projs...
PBA: 0.947 -> 0.754 (84 LMs in 1.21sec)
#points w/ large errors:	63
Focal Length : [423.546]->[423.546]
Radial Distortion : [0.000 -> 0]

#############################
#9: [sofa (4)] sees 4273 (+1269) 3D points
Estimated Focal Length [424][0.66W]
# 1749 projs (0 pts and 15 merges)
PBA: 5242 3D pts, 9 cams and 25749 projs...
PBA: 1.063 -> 0.685 (14 LMs in 0.11sec)
#points w/ large errors:	80

**************************************
#9/9:  3106 projs and 560 pts added.
PBA: 8276 3D pts, 9 cams and 31790 projs...
PBA: 0.595 -> 0.529 (16 LMs in 0.14sec)
#points w/ large errors:	5
PBA: 8271 3D pts, 9 cams and 31762 projs...
PBA: 0.560 -> 0.560 (16 LMs in 0.08sec)
Focal Length : [423.546]->[423.546]
Radial Distortion : [0.000 -> 0]

#############################
#10: [sofa (32)] sees 4330 (+1285) 3D points
Estimated Focal Length [424][0.66W]
# 1823 projs (0 pts and 17 merges)
PBA: 5535 3D pts, 10 cams and 28147 projs...
PBA: 0.920 -> 0.706 (20 LMs in 0.14sec)
#points w/ large errors:	61
Focal Length : [423.546]->[423.546]
Radial Distortion : [0.000 -> 0]

#############################
#11: [sofa (33)] sees 4725 (+2439) 3D points
Estimated Focal Length [424][0.66W]
# 1879 projs (0 pts and 9 merges)
PBA: 5588 3D pts, 11 cams and 29996 projs...
PBA: 1.063 -> 0.801 (20 LMs in 0.08sec)
#points w/ large errors:	47
Focal Length : [423.546]->[423.546]
Radial Distortion : [0.000 -> 0]

#############################
#12: [sofa (35)] sees 4354 (+2044) 3D points
Estimated Focal Length [424][0.66W]
# 1575 projs (0 pts and 4 merges)
PBA: 5574 3D pts, 12 cams and 31381 projs...
PBA: 1.031 -> 0.899 (14 LMs in 0.17sec)
#points w/ large errors:	54

**************************************
#12/12:  8300 projs and 2449 pts added.
PBA: 10384 3D pts, 12 cams and 42720 projs...
PBA: 1.037 -> 0.870 (15 LMs in 0.12sec)
#points w/ large errors:	7
PBA: 10377 3D pts, 12 cams and 42680 projs...
PBA: 0.879 -> 0.874 (23 LMs in 0.22sec)
#points w/ large errors:	2
Focal Length : [423.546]->[423.546]
Radial Distortion : [0.000 -> 0]

#############################
#13: [sofa (36)] sees 7132 (+2513) 3D points
Estimated Focal Length [424][0.66W]
# 2597 projs (0 pts and 28 merges)
PBA: 7004 3D pts, 13 cams and 38580 projs...
PBA: 1.469 -> 1.138 (29 LMs in 0.14sec)
#points w/ large errors:	121
Focal Length : [423.546]->[423.546]
Radial Distortion : [0.000 -> 0]

#############################
#14: [sofa (34)] sees 7392 (+2014) 3D points
Estimated Focal Length [424][0.66W]
# 3442 projs (426 pts and 85 merges)
PBA: 7374 3D pts, 14 cams and 41828 projs...
PBA: 1.287 -> 1.097 (17 LMs in 0.16sec)
#points w/ large errors:	79
Focal Length : [423.546]->[423.546]
Radial Distortion : [0.000 -> 0]

#############################
#15: [sofa (3)] sees 8841 (+1958) 3D points
Estimated Focal Length [424][0.66W]
# 2572 projs (0 pts and 38 merges)
PBA: 7247 3D pts, 15 cams and 43945 projs...
PBA: 1.466 -> 1.158 (16 LMs in 0.14sec)
#points w/ large errors:	161
Focal Length : [423.546]->[423.546]
Radial Distortion : [0.000 -> 0]

#############################
#16: [sofa (2)] sees 7761 (+2116) 3D points
Estimated Focal Length [424][0.66W]
# 2131 projs (0 pts and 17 merges)
PBA: 7130 3D pts, 16 cams and 45036 projs...
PBA: 1.130 -> 0.874 (22 LMs in 0.22sec)
#points w/ large errors:	87

**************************************
#16/16:  8260 projs and 1840 pts added.
PBA: 11847 3D pts, 16 cams and 56611 projs...
PBA: 1.187 -> 0.975 (38 LMs in 0.17sec)
#points w/ large errors:	13
PBA: 11834 3D pts, 16 cams and 56548 projs...
PBA: 0.954 -> 0.953 (15 LMs in 0.16sec)
#points w/ large errors:	4
Focal Length : [423.546]->[423.546]
Radial Distortion : [0.000 -> 0]

#############################
#17: [sofa (1)] sees 6855 (+1565) 3D points
Estimated Focal Length [424][0.66W]
# 2108 projs (0 pts and 19 merges)
PBA: 8104 3D pts, 17 cams and 51220 projs...
PBA: 1.457 -> 1.254 (16 LMs in 0.14sec)
#points w/ large errors:	317
Focal Length : [423.546]->[423.546]
Radial Distortion : [0.000 -> 0]

#############################
#18: [sofa (31)] sees 6794 (+1324) 3D points
Estimated Focal Length [424][0.66W]
# 3578 projs (763 pts and 65 merges)
PBA: 8594 3D pts, 18 cams and 53234 projs...
PBA: 1.203 -> 0.941 (39 LMs in 0.35sec)
#points w/ large errors:	137
Focal Length : [423.546]->[423.546]
Radial Distortion : [0.000 -> 0]

#############################
#19: [sofa (30)] sees 7537 (+1454) 3D points
Estimated Focal Length [424][0.66W]
# 2071 projs (0 pts and 36 merges)
PBA: 8124 3D pts, 19 cams and 53674 projs...
PBA: 0.983 -> 0.852 (34 LMs in 0.19sec)
#points w/ large errors:	89
Focal Length : [423.546]->[423.546]
Radial Distortion : [0.000 -> 0]

#############################
#20: [sofa (28)] sees 7615 (+1428) 3D points
Estimated Focal Length [424][0.66W]
# 5389 projs (1409 pts and 141 merges)
PBA: 9412 3D pts, 20 cams and 58768 projs...
PBA: 1.051 -> 0.902 (20 LMs in 0.20sec)
#points w/ large errors:	101
Focal Length : [423.546]->[423.546]
Radial Distortion : [0.000 -> 0]

#############################
#21: [sofa (27)] sees 9256 (+1720) 3D points
Estimated Focal Length [424][0.66W]
# 2702 projs (0 pts and 86 merges)
SKIP: 0 cams, 193 points, 688 projs
PBA: 12885 3D pts, 20 cams and 68112 projs...
PBA: 1.037 -> 0.791 (5 LMs in 0.06sec)
#points w/ large errors:	74

**************************************
#21/21:  11584 projs and 3293 pts added.
PBA: 15956 3D pts, 21 cams and 76372 projs...
PBA: 1.136 -> 0.970 (17 LMs in 0.10sec)
#points w/ large errors:	8
PBA: 15948 3D pts, 21 cams and 76328 projs...
PBA: 0.959 -> 0.959 (25 LMs in 0.18sec)
#points w/ large errors:	5
Focal Length : [423.546]->[423.546]
Radial Distortion : [0.000 -> 0]

#############################
#22: [sofa (25)] sees 12507 (+2509) 3D points
Estimated Focal Length [424][0.66W]
# 3694 projs (0 pts and 122 merges)
SKIP: 0 cams, 268 points, 283 projs
PBA: 15618 3D pts, 20 cams and 79597 projs...
PBA: 1.376 -> 0.978 (5 LMs in 0.06sec)
#points w/ large errors:	295
Focal Length : [423.546]->[423.546]
Radial Distortion : [0.000 -> 0]

#############################
#23: [sofa (26)] sees 14064 (+2645) 3D points
Estimated Focal Length [424][0.66W]
# 6081 projs (925 pts and 270 merges)
SKIP: 0 cams, 498 points, 2317 projs
PBA: 15709 3D pts, 20 cams and 83625 projs...
PBA: 0.929 -> 0.810 (5 LMs in 0.03sec)
#points w/ large errors:	49
Focal Length : [423.546]->[423.546]
Radial Distortion : [0.000 -> 0]

#############################
#24: [sofa (24)] sees 13554 (+1804) 3D points
Estimated Focal Length [424][0.66W]
# 6889 projs (1370 pts and 243 merges)
SKIP: 0 cams, 766 points, 2080 projs
PBA: 16406 3D pts, 20 cams and 89273 projs...
PBA: 0.978 -> 0.885 (5 LMs in 0.13sec)
#points w/ large errors:	103
Focal Length : [423.546]->[423.546]
Radial Distortion : [0.000 -> 0]

#############################
#25: [sofa (29)] sees 14388 (+1609) 3D points
Estimated Focal Length [424][0.66W]
# 5574 projs (886 pts and 214 merges)
SKIP: 0 cams, 1517 points, 4494 projs
PBA: 16120 3D pts, 20 cams and 91986 projs...
PBA: 1.058 -> 0.921 (5 LMs in 0.04sec)
#points w/ large errors:	131
Focal Length : [423.546]->[423.546]
Radial Distortion : [0.000 -> 0]

#############################
#26: [sofa (23)] sees 13459 (+1402) 3D points
Estimated Focal Length [424][0.66W]
# 3233 projs (0 pts and 65 merges)
PBA: 11624 3D pts, 26 cams and 86499 projs...
PBA: 1.187 -> 1.009 (44 LMs in 0.33sec)
#points w/ large errors:	201
Focal Length : [423.546]->[423.546]
Radial Distortion : [0.000 -> 0]

#############################
#27: [sofa (21)] sees 12608 (+1451) 3D points
Estimated Focal Length [424][0.66W]
# 2933 projs (0 pts and 79 merges)
SKIP: 0 cams, 3325 points, 9254 projs
PBA: 14294 3D pts, 20 cams and 91766 projs...
PBA: 1.046 -> 0.896 (5 LMs in 0.04sec)
#points w/ large errors:	158

**************************************
#27/27:  12906 projs and 2771 pts added.
PBA: 19384 3D pts, 27 cams and 107793 projs...
PBA: 1.270 -> 1.083 (16 LMs in 0.21sec)
#points w/ large errors:	7
PBA: 19377 3D pts, 27 cams and 107740 projs...
PBA: 1.078 -> 1.077 (16 LMs in 0.21sec)
#points w/ large errors:	5
Focal Length : [423.546]->[423.546]
Radial Distortion : [0.000 -> 0]

#############################
#28: [sofa (22)] sees 8663 (+995) 3D points
Estimated Focal Length [424][0.66W]
# 2007 projs (0 pts and 48 merges)
SKIP: 0 cams, 3262 points, 8881 projs
PBA: 16049 3D pts, 20 cams and 100702 projs...
PBA: 1.338 -> 1.199 (5 LMs in 0.16sec)
#points w/ large errors:	590
Focal Length : [423.546]->[423.546]
Radial Distortion : [0.000 -> 0]

#############################
#29: [sofa (13)] sees 6475 (+1180) 3D points
Estimated Focal Length [424][0.66W]
# 1901 projs (0 pts and 22 merges)
SKIP: 0 cams, 3783 points, 12375 projs
PBA: 15523 3D pts, 20 cams and 99049 projs...
PBA: 0.908 -> 0.838 (5 LMs in 0.06sec)
#points w/ large errors:	165
Focal Length : [423.546]->[423.546]
Radial Distortion : [0.000 -> 0]

#############################
#30: [sofa (15)] sees 6750 (+1433) 3D points
Estimated Focal Length [424][0.66W]
# 1909 projs (0 pts and 14 merges)
SKIP: 0 cams, 4091 points, 9992 projs
PBA: 15208 3D pts, 20 cams and 99433 projs...
PBA: 1.039 -> 0.832 (5 LMs in 0.05sec)
#points w/ large errors:	63
Focal Length : [423.546]->[423.546]
Radial Distortion : [0.000 -> 0]

#############################
#31: [sofa (14)] sees 7049 (+2096) 3D points
Estimated Focal Length [424][0.66W]
# 1962 projs (0 pts and 20 merges)
SKIP: 0 cams, 4353 points, 9640 projs
PBA: 14941 3D pts, 20 cams and 100428 projs...
PBA: 0.938 -> 0.816 (5 LMs in 0.04sec)
#points w/ large errors:	41
Focal Length : [423.546]->[423.546]
Radial Distortion : [0.000 -> 0]

#############################
#32: [sofa (19)] sees 6961 (+1617) 3D points
Estimated Focal Length [424][0.66W]
# 1800 projs (0 pts and 19 merges)
PBA: 12247 3D pts, 32 cams and 98916 projs...
PBA: 0.947 -> 0.871 (34 LMs in 0.26sec)
#points w/ large errors:	114
Focal Length : [423.546]->[423.546]
Radial Distortion : [0.000 -> 0]

#############################
#33: [sofa (18)] sees 8172 (+2309) 3D points
Estimated Focal Length [424][0.66W]
# 2040 projs (0 pts and 40 merges)
SKIP: 0 cams, 5019 points, 11605 projs
PBA: 14257 3D pts, 20 cams and 101393 projs...
PBA: 0.906 -> 0.865 (5 LMs in 0.15sec)
#points w/ large errors:	40
Focal Length : [423.546]->[423.546]
Radial Distortion : [0.000 -> 0]

#############################
#34: [sofa (16)] sees 6356 (+1851) 3D points
Estimated Focal Length [424][0.66W]
# 5320 projs (1208 pts and 74 merges)
SKIP: 0 cams, 4257 points, 12150 projs
PBA: 15018 3D pts, 20 cams and 105025 projs...
PBA: 0.946 -> 0.893 (5 LMs in 0.03sec)
#points w/ large errors:	42

**************************************
#34/34:  18537 projs and 5278 pts added.
PBA: 22709 3D pts, 34 cams and 129013 projs...
PBA: 1.388 -> 1.166 (18 LMs in 0.27sec)
#points w/ large errors:	44
PBA: 22665 3D pts, 34 cams and 128683 projs...
PBA: 1.079 -> 1.079 (30 LMs in 0.17sec)
#points w/ large errors:	11
Focal Length : [423.546]->[423.546]
Radial Distortion : [0.000 -> 0]

#############################
#35: [sofa (17)] sees 8413 (+1519) 3D points
Estimated Focal Length [424][0.66W]
# 2957 projs (321 pts and 86 merges)
SKIP: 0 cams, 4600 points, 13160 projs
PBA: 18223 3D pts, 20 cams and 118326 projs...
PBA: 1.328 -> 1.259 (5 LMs in 0.09sec)
#points w/ large errors:	439
Focal Length : [423.546]->[423.546]
Radial Distortion : [0.000 -> 0]

#############################
#36: [sofa (20)] sees 11982 (+1290) 3D points
Estimated Focal Length [424][0.66W]
# 2608 projs (0 pts and 112 merges)
SKIP: 0 cams, 5698 points, 18054 projs
PBA: 17123 3D pts, 20 cams and 115911 projs...
PBA: 1.159 -> 1.029 (5 LMs in 0.11sec)
#points w/ large errors:	192
Focal Length : [423.546]->[423.546]
Radial Distortion : [0.000 -> 0]
END: No more images to add [0 projs]

#############################
Failed to find two images for initialization
Resuming SfM finished, 11 sec used

---------------------------------------------------
36 cams, 22901 pts (3+: 14353)
131361 projections (3+: 114221)
---------------------------------------------------
1 model(s) reconstructed from 36 images;
36 modeled; 0 reused; 0 EXIF; 
5MB(5) used to store feature location.
---------------------------------------------------

########-------timing------#########
Structure-From-Motion finished, 11 sec used
9.2(7.9) seconds on Bundle Adjustment (+)
8.4(7.3) seconds on Bundle Adjustment (*)
#############################
----------------------------------------------------------------
Run full 3D reconstruction, finished
Totally 11.000 seconds used


Run dense reconstruction, begin...
Save to 20f.nvm ... done

#############################
Undistorting 36 images in model #0
param_undistortion_thread_num = 0
NOTE: using 16 threads...
#02: sofa (7) -> 00000003.jpg, 0.026 sec
#01: sofa (9) -> 00000002.jpg, 0.027 sec
#00: sofa (8) -> 00000000.jpg, 0.028 sec
#03: sofa (11) -> 00000005.jpg, 0.028 sec
#13: sofa (27) -> 00000020.jpg, 0.029 sec
#10: sofa (35) -> 00000011.jpg, 0.029 sec
#12: sofa (34) -> 00000013.jpg, 0.030 sec
#09: sofa (33) -> 00000010.jpg, 0.031 sec
#08: sofa (4) -> 00000008.jpg, 0.031 sec
#07: sofa (5) -> 00000007.jpg, 0.031 sec
#14: sofa (3) -> 00000014.jpg, 0.032 sec
#15: sofa (2) -> 00000015.jpg, 0.032 sec
#04: sofa (12) -> 00000006.jpg, 0.033 sec
#06: sofa (30) -> 00000018.jpg, 0.033 sec
#05: sofa (31) -> 00000017.jpg, 0.033 sec
#11: sofa (28) -> 00000019.jpg, 0.034 sec
#02: sofa (6) -> 00000004.jpg, 0.004 sec
#01: sofa (25) -> 00000021.jpg, 0.002 sec
#00: sofa (10) -> 00000001.jpg, 0.002 sec
#03: sofa (24) -> 00000023.jpg, 0.002 sec
#13: sofa (23) -> 00000025.jpg, 0.002 sec
#10: sofa (36) -> 00000012.jpg, 0.002 sec
#12: sofa (22) -> 00000027.jpg, 0.002 sec
#09: sofa (15) -> 00000029.jpg, 0.002 sec
#08: sofa (32) -> 00000009.jpg, 0.002 sec
#07: sofa (19) -> 00000031.jpg, 0.001 sec
#14: sofa (16) -> 00000033.jpg, 0.002 sec
#15: sofa (1) -> 00000016.jpg, 0.002 sec
#04: sofa (20) -> 00000035.jpg, 0.002 sec
#01: sofa (26) -> 00000022.jpg, 0.004 sec
#03: sofa (29) -> 00000024.jpg, 0.002 sec
#13: sofa (21) -> 00000026.jpg, 0.003 sec
#12: sofa (13) -> 00000028.jpg, 0.003 sec
#09: sofa (14) -> 00000030.jpg, 0.002 sec
#07: sofa (18) -> 00000032.jpg, 0.002 sec
#14: sofa (17) -> 00000034.jpg, 0.002 sec
----------------------------------------------------------------
Running Yasutaka Furukawa's CMVS tool...
cmvs C:\Users\86186\Desktop\VisualSFM_windows_cuda_64bit\\20free\1\20f.nvm.cmvs\00\ 50 16
genOption C:\Users\86186\Desktop\VisualSFM_windows_cuda_64bit\\20free\1\20f.nvm.cmvs\00\ 1 2 0.700000 7 3 16
1 cluster is generated for pmvs reconstruction.
pmvs2 C:\Users\86186\Desktop\VisualSFM_windows_cuda_64bit\\20free\1\20f.nvm.cmvs\00\ option-0000
This may take a little more time, waiting...
6 seconds were used by PMVS
Loading option-0000.ply, 16841 vertices ...

#############################
You can manually remove bad MVS points:
1. Switch to dense MVS points mode;
2. Hit F1 key to enter the selection mode;
3. Select points by dragging a rectangle;
4. Hit DELETE to delete the selected points.

#############################
Save to 20f.nvm ... done
Save C:\Users\86186\Desktop\VisualSFM_windows_cuda_64bit\\20free\1\20f.0.ply ...done
----------------------------------------------------------------
Run dense reconstruction, finished
Totally 12.000 seconds used

