0: WIN_20220323_19_35_15_Pro
image_size:	640x480
1: WIN_20220323_19_35_16_Pro
image_size:	640x480
2: WIN_20220323_19_35_17_Pro (2)
image_size:	640x480
3: WIN_20220323_19_35_17_Pro
image_size:	640x480
4: WIN_20220323_19_35_18_Pro
image_size:	640x480
5: WIN_20220323_19_35_19_Pro
image_size:	640x480
6: WIN_20220323_19_35_20_Pro
image_size:	640x480
7: WIN_20220323_19_35_21_Pro (2)
image_size:	640x480
8: WIN_20220323_19_35_21_Pro
image_size:	640x480
9: WIN_20220323_19_35_22_Pro
image_size:	640x480
10: WIN_20220323_19_35_23_Pro (2)
image_size:	640x480
11: WIN_20220323_19_35_23_Pro
image_size:	640x480
12: WIN_20220323_19_35_24_Pro
image_size:	640x480
13: WIN_20220323_19_35_25_Pro
image_size:	640x480
14: WIN_20220323_19_35_26_Pro
image_size:	640x480
15: WIN_20220323_19_35_28_Pro
image_size:	640x480
16: WIN_20220323_19_35_29_Pro
image_size:	640x480
17: WIN_20220323_19_35_30_Pro
image_size:	640x480
18: WIN_20220323_19_35_31_Pro (2)
image_size:	640x480
19: WIN_20220323_19_35_31_Pro
image_size:	640x480
20: WIN_20220323_19_35_32_Pro
image_size:	640x480
21: WIN_20220323_19_35_33_Pro (2)
image_size:	640x480
22: WIN_20220323_19_35_33_Pro
image_size:	640x480
23: WIN_20220323_19_35_34_Pro
image_size:	640x480
24: WIN_20220323_19_35_35_Pro (2)
image_size:	640x480
25: WIN_20220323_19_35_35_Pro
image_size:	640x480
26: WIN_20220323_19_35_36_Pro
image_size:	640x480
27: WIN_20220323_19_35_37_Pro (2)
image_size:	640x480
28: WIN_20220323_19_35_37_Pro
image_size:	640x480
29: WIN_20220323_19_35_38_Pro (2)
image_size:	640x480
30: WIN_20220323_19_35_38_Pro
image_size:	640x480
31: WIN_20220323_19_35_39_Pro
image_size:	640x480
32: WIN_20220323_19_35_40_Pro (2)
image_size:	640x480
33: WIN_20220323_19_35_40_Pro
image_size:	640x480
34: WIN_20220323_19_35_41_Pro
image_size:	640x480
35: WIN_20220323_19_35_42_Pro (2)
image_size:	640x480
36: WIN_20220323_19_35_42_Pro
image_size:	640x480
37: WIN_20220323_19_35_43_Pro (2)
image_size:	640x480
38: WIN_20220323_19_35_43_Pro
image_size:	640x480
39: WIN_20220323_19_35_45_Pro
image_size:	640x480
**************************************
Change the number of pixel-loaded images by 
modifying param_visual_data_budget in nv.ini
Use the PAUSE button to skip the pixel loading
**************************************
Loading image pixel data ...done in 0s

Compute Missing Pairwise Matching, begin...
********* WARNING ***********
More than 112MB of graphic memory may be allocated
under the default settings. If the program halts here,
adjust parameters to save memory and rerun the task: 
    [Tools->Enable GPU->Set Maximum DIM]
Note some octaves may be automatically skipped
SIFT: 0000, 640x480, 	1885, 0.77sec
SIFT: 0001, 640x480, 	1771, 0.08sec
SIFT: 0002, 640x480, 	1660, 0.08sec
SIFT: 0003, 640x480, 	1759, 0.09sec
SIFT: 0004, 640x480, 	1537, 0.08sec
SIFT: 0005, 640x480, 	1522, 0.08sec
SIFT: 0006, 640x480, 	1435, 0.07sec
SIFT: 0007, 640x480, 	1410, 0.07sec
SIFT: 0008, 640x480, 	1450, 0.07sec
SIFT: 0009, 640x480, 	1480, 0.07sec
SIFT: 0010, 640x480, 	1569, 0.08sec
SIFT: 0011, 640x480, 	1522, 0.08sec
SIFT: 0012, 640x480, 	1497, 0.07sec
SIFT: 0013, 640x480, 	1507, 0.08sec
SIFT: 0014, 640x480, 	1493, 0.08sec
SIFT: 0015, 640x480, 	1548, 0.09sec
SIFT: 0016, 640x480, 	1411, 0.10sec
SIFT: 0017, 640x480, 	1295, 0.08sec
SIFT: 0018, 640x480, 	1103, 0.07sec
SIFT: 0019, 640x480, 	1185, 0.08sec
SIFT: 0020, 640x480, 	1198, 0.07sec
SIFT: 0021, 640x480, 	1044, 0.08sec
SIFT: 0022, 640x480, 	1172, 0.08sec
SIFT: 0023, 640x480, 	1117, 0.07sec
SIFT: 0024, 640x480, 	1062, 0.07sec
SIFT: 0025, 640x480, 	1108, 0.08sec
SIFT: 0026, 640x480, 	1068, 0.08sec
SIFT: 0027, 640x480, 	988, 0.07sec
SIFT: 0028, 640x480, 	1021, 0.07sec
SIFT: 0029, 640x480, 	1064, 0.07sec
SIFT: 0030, 640x480, 	1042, 0.07sec
SIFT: 0031, 640x480, 	1077, 0.07sec
SIFT: 0032, 640x480, 	1095, 0.08sec
SIFT: 0033, 640x480, 	1069, 0.07sec
SIFT: 0034, 640x480, 	1181, 0.07sec
SIFT: 0035, 640x480, 	1336, 0.07sec
SIFT: 0036, 640x480, 	1256, 0.07sec
SIFT: 0037, 640x480, 	1430, 0.07sec
SIFT: 0038, 640x480, 	1406, 0.08sec
SIFT: 0039, 640x480, 	1737, 0.11sec

###########-------timing------#########
40 Feature Detection finished, 4 sec used
#############################

780 pairs to compute match
NOTE: using 3 matching workers
0000 and 0001: 668 matches, 0.02sec, #2
0002 and 0004: 525 matches, 0.02sec, #1
0000 and 0001: [602/668], H[332], 0.00sec
0002 and 0004: [451/525], H[105], 0.00sec
0000 and 0002: 431 matches, 0.01sec, #2
0003 and 0004: 410 matches, 0.01sec, #1
0000 and 0002: [323/431], H[81], 0.00sec
0003 and 0004: [323/410], H[60], 0.00sec
0001 and 0002: 487 matches, 0.01sec, #2
0000 and 0005: 166 matches, 0.01sec, #1
0001 and 0002: [378/487], H[135], 0.00sec
0000 and 0005: [107/166], H[15], 0.01sec
0000 and 0003: 546 matches, 0.01sec, #2
0001 and 0005: 192 matches, 0.01sec, #1
0002 and 0003: 581 matches, 0.14sec, #0
0000 and 0003: [428/546], H[151], 0.00sec
0001 and 0005: [124/192], H[19], 0.01sec
0002 and 0003: [491/581], H[136], 0.00sec
0001 and 0003: 607 matches, 0.01sec, #2
0002 and 0005: 298 matches, 0.01sec, #1
0000 and 0004: 302 matches, 0.01sec, #0
0002 and 0005: [231/298], H[31], 0.00sec
0001 and 0003: [522/607], H[210], 0.00sec
0000 and 0004: [208/302], H[24], 0.00sec
0003 and 0005: 222 matches, 0.01sec, #1
0005 and 0006: 427 matches, 0.01sec, #2
0001 and 0004: 323 matches, 0.01sec, #0
0003 and 0005: [165/222], H[37], 0.00sec
0005 and 0006: [383/427], H[72], 0.00sec
0001 and 0004: [227/323], H[49], 0.00sec
0004 and 0005: 418 matches, 0.01sec, #1
0000 and 0007: 42 matches, 0.01sec, #2
0002 and 0008: 155 matches, 0.01sec, #0
0004 and 0005: [350/418], H[70], 0.00sec
0002 and 0008: [99/155], H[23], 0.01sec
0000 and 0006: 93 matches, 0.01sec, #1
0003 and 0008: 131 matches, 0.01sec, #0
0000 and 0006: [59/93], H[8], 0.00sec
0001 and 0006: 107 matches, 0.01sec, #1
0003 and 0008: [66/131], H[12], 0.01sec
0000 and 0007: [14/42], H[4], 0.05sec
0001 and 0006: [67/107], H[9], 0.01sec
0004 and 0008: 203 matches, 0.01sec, #0
0001 and 0007: 39 matches, 0.01sec, #2
0004 and 0008: [144/203], H[25], 0.01sec
0002 and 0006: 198 matches, 0.01sec, #1
0002 and 0006: [155/198], H[21], 0.00sec
0005 and 0008: 340 matches, 0.01sec, #0
0005 and 0008: [277/340], H[67], 0.01sec
0003 and 0006: 147 matches, 0.01sec, #1
0001 and 0007: [15/39], H[6], 0.03sec
0003 and 0006: [96/147], H[17], 0.01sec
0006 and 0008: 515 matches, 0.01sec, #0
0006 and 0008: [462/515], H[107], 0.00sec
0002 and 0007: 63 matches, 0.01sec, #2
0004 and 0006: 253 matches, 0.01sec, #1
0007 and 0008: 309 matches, 0.01sec, #0
0004 and 0006: [202/253], H[42], 0.00sec
0007 and 0008: [199/309], H[32], 0.00sec
0002 and 0007: [31/63], H[5], 0.01sec
0004 and 0009: 60 matches, 0.01sec, #1
0000 and 0009: 30 matches, 0.01sec, #0
0003 and 0007: 67 matches, 0.01sec, #2
0004 and 0009: [29/60], H[7], 0.01sec
0000 and 0009: [16/30], H[4], 0.01sec
0003 and 0007: [35/67], H[9], 0.01sec
0005 and 0009: 105 matches, 0.01sec, #1
0001 and 0009: 40 matches, 0.01sec, #0
0004 and 0007: 87 matches, 0.01sec, #2
0005 and 0009: [68/105], H[10], 0.00sec
0004 and 0007: [44/87], H[6], 0.01sec
0006 and 0009: 190 matches, 0.01sec, #1
0001 and 0009: [16/40], H[6], 0.02sec
0006 and 0009: [126/190], H[28], 0.00sec
0005 and 0007: 139 matches, 0.01sec, #2
0002 and 0009: 46 matches, 0.01sec, #0
0007 and 0009: 356 matches, 0.01sec, #1
0005 and 0007: [75/139], H[13], 0.01sec
0007 and 0009: [261/356], H[62], 0.00sec
0002 and 0009: [21/46], H[10], 0.02sec
0006 and 0007: 248 matches, 0.01sec, #2
0008 and 0009: 240 matches, 0.01sec, #1
0006 and 0007: [164/248], H[31], 0.00sec
0003 and 0009: 39 matches, 0.01sec, #0
0008 and 0009: [166/240], H[28], 0.00sec
0000 and 0008: 84 matches, 0.01sec, #2
0000 and 0010: 32 matches, 0.01sec, #1
0003 and 0009: [16/39], H[4], 0.03sec
0000 and 0008: [45/84], H[9], 0.01sec
0005 and 0010: 56 matches, 0.01sec, #0
0001 and 0008: 76 matches, 0.01sec, #2
0005 and 0010: [29/56], H[7], 0.02sec
0001 and 0008: [43/76], H[8], 0.02sec
0000 and 0010: [12/32], H[6], 0.05sec
0006 and 0010: 93 matches, 0.01sec, #0
0006 and 0010: [53/93], H[9], 0.01sec
0005 and 0011: 89 matches, 0.02sec, #2
0001 and 0010: 26 matches, 0.02sec, #1
0007 and 0010: 182 matches, 0.01sec, #0
0007 and 0010: [125/182], H[30], 0.00sec
0005 and 0011: [45/89], H[4], 0.01sec
0008 and 0010: 133 matches, 0.01sec, #0
0006 and 0011: 152 matches, 0.01sec, #2
0006 and 0011: [100/152], H[13], 0.00sec
0008 and 0010: [71/133], H[18], 0.01sec
0001 and 0010: [11/26], H[6], 0.05sec
0007 and 0011: 286 matches, 0.01sec, #2
0009 and 0010: 327 matches, 0.01sec, #0
0007 and 0011: [200/286], H[47], 0.00sec
0002 and 0010: 30 matches, 0.01sec, #1
0009 and 0010: [238/327], H[81], 0.00sec
0008 and 0011: 177 matches, 0.01sec, #2
0000 and 0011: 31 matches, 0.01sec, #0
0008 and 0011: [124/177], H[32], 0.00sec
0009 and 0011: 441 matches, 0.01sec, #2
0009 and 0011: [357/441], H[143], 0.00sec
0002 and 0010: [13/30], H[5], 0.05sec
0010 and 0011: 386 matches, 0.01sec, #2
0010 and 0011: [286/386], H[62], 0.00sec
0003 and 0010: 26 matches, 0.01sec, #1
0000 and 0011: [12/31], H[5], 0.05sec
0000 and 0012: 25 matches, 0.01sec, #2
0001 and 0011: 38 matches, 0.01sec, #0
0000 and 0012: [9/25], H[0], 0.04sec
0003 and 0010: [11/26], H[5], 0.05sec
0001 and 0012: 22 matches, 0.01sec, #2
0004 and 0010: 32 matches, 0.01sec, #1
0001 and 0011: [12/38], H[5], 0.05sec
0002 and 0012: 28 matches, 0.01sec, #2
0002 and 0011: 36 matches, 0.01sec, #0
0004 and 0010: [15/32], H[5], 0.05sec
0002 and 0012: [11/28], H[5], 0.05sec
0004 and 0012: 32 matches, 0.01sec, #1
0002 and 0011: [13/36], H[6], 0.05sec
0003 and 0012: 31 matches, 0.01sec, #2
0003 and 0011: 29 matches, 0.01sec, #0
0004 and 0012: [13/32], H[6], 0.04sec
0003 and 0012: [10/31], H[5], 0.05sec
0005 and 0012: 57 matches, 0.01sec, #1
0003 and 0011: [10/29], H[5], 0.05sec
0002 and 0013: 29 matches, 0.01sec, #2
0004 and 0011: 36 matches, 0.01sec, #0
0005 and 0012: [24/57], H[6], 0.03sec
0004 and 0011: [16/36], H[6], 0.02sec
0006 and 0012: 81 matches, 0.01sec, #1
0012 and 0013: 420 matches, 0.01sec, #0
0006 and 0012: [46/81], H[6], 0.01sec
0002 and 0013: [10/29], H[4], 0.05sec
0012 and 0013: [336/420], H[72], 0.00sec
0007 and 0012: 141 matches, 0.01sec, #1
0003 and 0013: 22 matches, 0.01sec, #2
0007 and 0012: [92/141], H[16], 0.00sec
0000 and 0014: 20 matches, 0.01sec, #0
0004 and 0013: 33 matches, 0.01sec, #2
0008 and 0012: 114 matches, 0.01sec, #1
0001 and 0014: 23 matches, 0.01sec, #0
0008 and 0012: [62/114], H[11], 0.01sec
0002 and 0014: 37 matches, 0.01sec, #0
0009 and 0012: 243 matches, 0.01sec, #1
0009 and 0012: [186/243], H[41], 0.00sec
0004 and 0013: [10/33], H[4], 0.05sec
0010 and 0012: 472 matches, 0.01sec, #1
0010 and 0012: [403/472], H[196], 0.00sec
0005 and 0013: 42 matches, 0.01sec, #2
0002 and 0014: [12/37], H[5], 0.05sec
0011 and 0012: 309 matches, 0.01sec, #1
0011 and 0012: [225/309], H[35], 0.00sec
0003 and 0014: 37 matches, 0.01sec, #0
0000 and 0013: 30 matches, 0.01sec, #1
0005 and 0013: [14/42], H[5], 0.06sec
0006 and 0013: 63 matches, 0.01sec, #2
0003 and 0014: [12/37], H[7], 0.06sec
0006 and 0013: [39/63], H[14], 0.01sec
0000 and 0013: [10/30], H[5], 0.05sec
0004 and 0014: 36 matches, 0.01sec, #0
0007 and 0013: 143 matches, 0.01sec, #2
0001 and 0013: 27 matches, 0.01sec, #1
0007 and 0013: [98/143], H[15], 0.00sec
0008 and 0013: 83 matches, 0.01sec, #2
0008 and 0013: [51/83], H[11], 0.01sec
0009 and 0013: 197 matches, 0.01sec, #2
0004 and 0014: [12/36], H[5], 0.05sec
0009 and 0013: [141/197], H[18], 0.00sec
0001 and 0013: [10/27], H[4], 0.05sec
0005 and 0014: 32 matches, 0.01sec, #0
0010 and 0013: 333 matches, 0.01sec, #2
0009 and 0014: 172 matches, 0.01sec, #1
0010 and 0013: [275/333], H[46], 0.00sec
0009 and 0014: [116/172], H[28], 0.00sec
0005 and 0014: [17/32], H[6], 0.02sec
0011 and 0013: 252 matches, 0.01sec, #2
0010 and 0014: 277 matches, 0.01sec, #1
0011 and 0013: [195/252], H[39], 0.00sec
0006 and 0014: 51 matches, 0.01sec, #0
0010 and 0014: [208/277], H[19], 0.00sec
0005 and 0015: 34 matches, 0.01sec, #2
0011 and 0014: 195 matches, 0.01sec, #1
0011 and 0014: [138/195], H[30], 0.00sec
0006 and 0014: [25/51], H[5], 0.02sec
0012 and 0014: 311 matches, 0.01sec, #1
0007 and 0014: 106 matches, 0.01sec, #0
0012 and 0014: [229/311], H[48], 0.00sec
0007 and 0014: [69/106], H[19], 0.00sec
0013 and 0014: 436 matches, 0.01sec, #1
0005 and 0015: [12/34], H[5], 0.05sec
0008 and 0014: 63 matches, 0.01sec, #0
0013 and 0014: [361/436], H[63], 0.00sec
0008 and 0014: [35/63], H[9], 0.01sec
0006 and 0015: 36 matches, 0.01sec, #2
0000 and 0015: 20 matches, 0.01sec, #1
0000 and 0016: 20 matches, 0.01sec, #0
0001 and 0015: 28 matches, 0.01sec, #1
0001 and 0016: 18 matches, 0.01sec, #0
0002 and 0016: 20 matches, 0.01sec, #0
0003 and 0016: 27 matches, 0.01sec, #0
0006 and 0015: [14/36], H[5], 0.05sec
0001 and 0015: [9/28], H[0], 0.03sec
0007 and 0015: 46 matches, 0.01sec, #2
0002 and 0015: 26 matches, 0.01sec, #1
0007 and 0015: [23/46], H[5], 0.01sec
0008 and 0015: 52 matches, 0.01sec, #2
0003 and 0016: [10/27], H[4], 0.05sec
0004 and 0016: 25 matches, 0.01sec, #0
0002 and 0015: [11/26], H[5], 0.05sec
0003 and 0015: 28 matches, 0.01sec, #1
0008 and 0015: [16/52], H[5], 0.05sec
0009 and 0015: 68 matches, 0.01sec, #2
0009 and 0015: [42/68], H[15], 0.00sec
0004 and 0016: [11/25], H[4], 0.05sec
0010 and 0015: 115 matches, 0.01sec, #2
0005 and 0016: 31 matches, 0.01sec, #0
0010 and 0015: [68/115], H[8], 0.01sec
0003 and 0015: [10/28], H[5], 0.05sec
0011 and 0015: 92 matches, 0.01sec, #2
0004 and 0015: 28 matches, 0.01sec, #1
0011 and 0015: [51/92], H[10], 0.01sec
0012 and 0015: 127 matches, 0.01sec, #2
0012 and 0015: [86/127], H[15], 0.01sec
0005 and 0016: [11/31], H[6], 0.05sec
0004 and 0015: [11/28], H[5], 0.03sec
0013 and 0015: 157 matches, 0.01sec, #2
0006 and 0016: 31 matches, 0.01sec, #0
0013 and 0015: [113/157], H[37], 0.00sec
0010 and 0016: 97 matches, 0.01sec, #1
0014 and 0015: 193 matches, 0.01sec, #2
0010 and 0016: [51/97], H[16], 0.01sec
0014 and 0015: [145/193], H[43], 0.00sec
0011 and 0016: 66 matches, 0.01sec, #1
0004 and 0017: 26 matches, 0.01sec, #2
0011 and 0016: [36/66], H[15], 0.01sec
0006 and 0016: [11/31], H[4], 0.05sec
0012 and 0016: 113 matches, 0.01sec, #1
0012 and 0016: [71/113], H[15], 0.00sec
0007 and 0016: 46 matches, 0.01sec, #0
0013 and 0016: 111 matches, 0.01sec, #1
0004 and 0017: [9/26], H[0], 0.04sec
0013 and 0016: [75/111], H[26], 0.00sec
0007 and 0016: [20/46], H[10], 0.02sec
0005 and 0017: 36 matches, 0.01sec, #2
0014 and 0016: 159 matches, 0.01sec, #1
0008 and 0016: 40 matches, 0.01sec, #0
0014 and 0016: [111/159], H[26], 0.00sec
0015 and 0016: 467 matches, 0.01sec, #1
0015 and 0016: [425/467], H[148], 0.00sec
0000 and 0017: 33 matches, 0.01sec, #1
0005 and 0017: [11/36], H[5], 0.05sec
0008 and 0016: [14/40], H[6], 0.05sec
0006 and 0017: 26 matches, 0.01sec, #2
0009 and 0016: 59 matches, 0.01sec, #0
0009 and 0016: [30/59], H[8], 0.01sec
0014 and 0017: 96 matches, 0.01sec, #0
0000 and 0017: [10/33], H[5], 0.05sec
0014 and 0017: [55/96], H[9], 0.01sec
0001 and 0017: 24 matches, 0.01sec, #1
0006 and 0017: [11/26], H[5], 0.05sec
0015 and 0017: 356 matches, 0.01sec, #0
0015 and 0017: [290/356], H[97], 0.00sec
0002 and 0017: 28 matches, 0.01sec, #1
0007 and 0017: 34 matches, 0.01sec, #2
0016 and 0017: 411 matches, 0.01sec, #0
0016 and 0017: [339/411], H[156], 0.00sec
0000 and 0018: 27 matches, 0.01sec, #0
0002 and 0017: [10/28], H[0], 0.03sec
0003 and 0017: 23 matches, 0.01sec, #1
0007 and 0017: [12/34], H[4], 0.05sec
0007 and 0018: 38 matches, 0.01sec, #1
0008 and 0017: 37 matches, 0.01sec, #2
0000 and 0018: [10/27], H[5], 0.05sec
0001 and 0018: 17 matches, 0.01sec, #0
0002 and 0018: 23 matches, 0.01sec, #0
0007 and 0018: [13/38], H[5], 0.04sec
0003 and 0018: 23 matches, 0.01sec, #0
0008 and 0017: [13/37], H[5], 0.04sec
0008 and 0018: 39 matches, 0.01sec, #1
0004 and 0018: 19 matches, 0.01sec, #0
0009 and 0017: 35 matches, 0.01sec, #2
0005 and 0018: 23 matches, 0.01sec, #0
0006 and 0018: 21 matches, 0.01sec, #0
0017 and 0018: 219 matches, 0.01sec, #0
0017 and 0018: [157/219], H[84], 0.00sec
0009 and 0017: [14/35], H[4], 0.03sec
0008 and 0018: [13/39], H[4], 0.05sec
0000 and 0019: 27 matches, 0.01sec, #0
0010 and 0017: 58 matches, 0.01sec, #2
0009 and 0018: 40 matches, 0.01sec, #1
0010 and 0017: [30/58], H[8], 0.01sec
0011 and 0017: 41 matches, 0.01sec, #2
0009 and 0018: [17/40], H[7], 0.02sec
0000 and 0019: [9/27], H[0], 0.03sec
0011 and 0017: [19/41], H[8], 0.01sec
0010 and 0018: 65 matches, 0.01sec, #1
0001 and 0019: 23 matches, 0.01sec, #0
0012 and 0017: 66 matches, 0.01sec, #2
0002 and 0019: 33 matches, 0.01sec, #0
0010 and 0018: [29/65], H[8], 0.01sec
0012 and 0017: [35/66], H[7], 0.01sec
0011 and 0018: 46 matches, 0.01sec, #1
0013 and 0017: 81 matches, 0.01sec, #2
0013 and 0017: [46/81], H[8], 0.01sec
0009 and 0019: 43 matches, 0.01sec, #2
0002 and 0019: [11/33], H[6], 0.05sec
0011 and 0018: [19/46], H[4], 0.04sec
0003 and 0019: 32 matches, 0.01sec, #0
0012 and 0018: 58 matches, 0.01sec, #1
0009 and 0019: [18/43], H[6], 0.03sec
0012 and 0018: [32/58], H[9], 0.01sec
0010 and 0019: 71 matches, 0.01sec, #2
0013 and 0018: 76 matches, 0.01sec, #1
0013 and 0018: [47/76], H[17], 0.01sec
0010 and 0019: [33/71], H[11], 0.01sec
0003 and 0019: [12/32], H[7], 0.05sec
0014 and 0018: 88 matches, 0.01sec, #1
0011 and 0019: 52 matches, 0.01sec, #2
0004 and 0019: 25 matches, 0.01sec, #0
0014 and 0018: [52/88], H[10], 0.01sec
0011 and 0019: [22/52], H[6], 0.02sec
0015 and 0018: 198 matches, 0.01sec, #1
0015 and 0018: [146/198], H[55], 0.00sec
0012 and 0019: 62 matches, 0.01sec, #2
0016 and 0018: 210 matches, 0.01sec, #1
0016 and 0018: [147/210], H[49], 0.00sec
0012 and 0019: [34/62], H[13], 0.02sec
0004 and 0019: [10/25], H[4], 0.05sec
0000 and 0020: 20 matches, 0.01sec, #1
0013 and 0019: 79 matches, 0.01sec, #2
0005 and 0019: 28 matches, 0.01sec, #0
0001 and 0020: 24 matches, 0.01sec, #1
0013 and 0019: [47/79], H[8], 0.01sec
0002 and 0020: 26 matches, 0.01sec, #1
0014 and 0019: 96 matches, 0.01sec, #2
0014 and 0019: [55/96], H[12], 0.01sec
0015 and 0019: 239 matches, 0.01sec, #2
0015 and 0019: [195/239], H[53], 0.00sec
0005 and 0019: [12/28], H[6], 0.04sec
0016 and 0019: 270 matches, 0.01sec, #2
0006 and 0019: 27 matches, 0.01sec, #0
0002 and 0020: [10/26], H[4], 0.04sec
0016 and 0019: [203/270], H[101], 0.00sec
0003 and 0020: 33 matches, 0.01sec, #1
0017 and 0019: 323 matches, 0.01sec, #2
0017 and 0019: [235/323], H[82], 0.00sec
0018 and 0019: 393 matches, 0.01sec, #2
0006 and 0019: [10/27], H[4], 0.05sec
0018 and 0019: [299/393], H[105], 0.00sec
0007 and 0019: 45 matches, 0.01sec, #0
0010 and 0020: 66 matches, 0.01sec, #2
0003 and 0020: [11/33], H[4], 0.05sec
0010 and 0020: [37/66], H[7], 0.01sec
0004 and 0020: 23 matches, 0.01sec, #1
0011 and 0020: 60 matches, 0.01sec, #2
0005 and 0020: 22 matches, 0.01sec, #1
0011 and 0020: [28/60], H[12], 0.01sec
0007 and 0019: [15/45], H[4], 0.05sec
0006 and 0020: 24 matches, 0.01sec, #1
0012 and 0020: 69 matches, 0.01sec, #2
0008 and 0019: 34 matches, 0.01sec, #0
0007 and 0020: 38 matches, 0.01sec, #1
0012 and 0020: [44/69], H[8], 0.00sec
0013 and 0020: 72 matches, 0.01sec, #2
0013 and 0020: [47/72], H[11], 0.00sec
0014 and 0020: 116 matches, 0.01sec, #2
0008 and 0019: [12/34], H[5], 0.05sec
0014 and 0020: [72/116], H[13], 0.00sec
0007 and 0020: [15/38], H[5], 0.06sec
0000 and 0021: 17 matches, 0.01sec, #0
0015 and 0020: 176 matches, 0.01sec, #2
0008 and 0020: 32 matches, 0.01sec, #1
0001 and 0021: 24 matches, 0.01sec, #0
0015 and 0020: [126/176], H[35], 0.00sec
0002 and 0021: 24 matches, 0.01sec, #0
0016 and 0020: 183 matches, 0.01sec, #2
0003 and 0021: 28 matches, 0.01sec, #0
0016 and 0020: [118/183], H[29], 0.00sec
0017 and 0020: 169 matches, 0.01sec, #2
0017 and 0020: [123/169], H[22], 0.00sec
0008 and 0020: [10/32], H[4], 0.05sec
0018 and 0020: 289 matches, 0.01sec, #2
0009 and 0020: 60 matches, 0.01sec, #1
0018 and 0020: [243/289], H[104], 0.00sec
0003 and 0021: [11/28], H[5], 0.05sec
0019 and 0020: 252 matches, 0.01sec, #2
0019 and 0020: [187/252], H[36], 0.00sec
0004 and 0021: 32 matches, 0.01sec, #0
0009 and 0020: [23/60], H[4], 0.03sec
0010 and 0021: 69 matches, 0.01sec, #2
0020 and 0021: 161 matches, 0.01sec, #1
0010 and 0021: [42/69], H[9], 0.00sec
0020 and 0021: [113/161], H[44], 0.00sec
0011 and 0021: 59 matches, 0.01sec, #2
0000 and 0022: 19 matches, 0.01sec, #1
0011 and 0021: [33/59], H[12], 0.01sec
0001 and 0022: 18 matches, 0.01sec, #1
0004 and 0021: [11/32], H[5], 0.05sec
0012 and 0021: 80 matches, 0.01sec, #2
0002 and 0022: 30 matches, 0.01sec, #1
0005 and 0021: 27 matches, 0.01sec, #0
0012 and 0021: [48/80], H[13], 0.00sec
0013 and 0021: 84 matches, 0.01sec, #2
0013 and 0021: [58/84], H[16], 0.00sec
0014 and 0021: 102 matches, 0.01sec, #2
0014 and 0021: [63/102], H[9], 0.00sec
0005 and 0021: [12/27], H[6], 0.04sec
0002 and 0022: [12/30], H[5], 0.04sec
0015 and 0021: 118 matches, 0.01sec, #2
0006 and 0021: 22 matches, 0.01sec, #0
0015 and 0021: [77/118], H[39], 0.00sec
0003 and 0022: 27 matches, 0.01sec, #1
0007 and 0021: 34 matches, 0.01sec, #0
0016 and 0021: 100 matches, 0.01sec, #2
0016 and 0021: [66/100], H[34], 0.00sec
0017 and 0021: 87 matches, 0.01sec, #2
0007 and 0021: [15/34], H[4], 0.02sec
0017 and 0021: [55/87], H[20], 0.00sec
0003 and 0022: [12/27], H[7], 0.04sec
0008 and 0021: 28 matches, 0.01sec, #0
0018 and 0021: 118 matches, 0.01sec, #2
0004 and 0022: 33 matches, 0.01sec, #1
0018 and 0021: [76/118], H[39], 0.00sec
0019 and 0021: 97 matches, 0.01sec, #2
0019 and 0021: [61/97], H[13], 0.00sec
0008 and 0021: [11/28], H[4], 0.03sec
0009 and 0022: 50 matches, 0.01sec, #2
0009 and 0021: 48 matches, 0.01sec, #0
0009 and 0022: [24/50], H[8], 0.01sec
0009 and 0021: [26/48], H[8], 0.01sec
0004 and 0022: [12/33], H[6], 0.05sec
0010 and 0022: 72 matches, 0.01sec, #2
0019 and 0022: 177 matches, 0.01sec, #0
0005 and 0022: 31 matches, 0.01sec, #1
0010 and 0022: [45/72], H[12], 0.00sec
0019 and 0022: [119/177], H[44], 0.00sec
0011 and 0022: 57 matches, 0.01sec, #2
0020 and 0022: 303 matches, 0.01sec, #0
0011 and 0022: [31/57], H[9], 0.01sec
0020 and 0022: [222/303], H[64], 0.00sec
0012 and 0022: 72 matches, 0.01sec, #2
0021 and 0022: 253 matches, 0.01sec, #0
0012 and 0022: [46/72], H[16], 0.00sec
0005 and 0022: [12/31], H[5], 0.05sec
0021 and 0022: [186/253], H[19], 0.00sec
0013 and 0022: 85 matches, 0.01sec, #2
0006 and 0022: 34 matches, 0.01sec, #1
0000 and 0023: 25 matches, 0.01sec, #0
0013 and 0022: [57/85], H[22], 0.00sec
0014 and 0022: 113 matches, 0.01sec, #2
0014 and 0022: [68/113], H[21], 0.01sec
0015 and 0022: 146 matches, 0.01sec, #2
0015 and 0022: [101/146], H[62], 0.00sec
0006 and 0022: [11/34], H[4], 0.05sec
0000 and 0023: [10/25], H[4], 0.05sec
0016 and 0022: 135 matches, 0.01sec, #2
0007 and 0022: 38 matches, 0.01sec, #1
0016 and 0022: [95/135], H[39], 0.00sec
0001 and 0023: 17 matches, 0.01sec, #0
0017 and 0022: 116 matches, 0.01sec, #2
0002 and 0023: 29 matches, 0.01sec, #0
0017 and 0022: [76/116], H[14], 0.00sec
0018 and 0022: 205 matches, 0.01sec, #2
0018 and 0022: [137/205], H[37], 0.01sec
0007 and 0022: [12/38], H[5], 0.05sec
0007 and 0023: 65 matches, 0.01sec, #2
0002 and 0023: [11/29], H[5], 0.04sec
0008 and 0022: 26 matches, 0.01sec, #1
0007 and 0023: [32/65], H[7], 0.01sec
0003 and 0023: 21 matches, 0.01sec, #0
0008 and 0023: 53 matches, 0.01sec, #2
0004 and 0023: 20 matches, 0.01sec, #0
0005 and 0023: 37 matches, 0.01sec, #0
0008 and 0023: [23/53], H[8], 0.01sec
0009 and 0023: 87 matches, 0.01sec, #2
0008 and 0022: [10/26], H[4], 0.04sec
0009 and 0023: [52/87], H[13], 0.00sec
0017 and 0023: 69 matches, 0.01sec, #1
0010 and 0023: 119 matches, 0.01sec, #2
0017 and 0023: [43/69], H[20], 0.00sec
0010 and 0023: [80/119], H[30], 0.00sec
0005 and 0023: [14/37], H[5], 0.05sec
0018 and 0023: 94 matches, 0.01sec, #1
0011 and 0023: 92 matches, 0.01sec, #2
0018 and 0023: [69/94], H[12], 0.00sec
0006 and 0023: 37 matches, 0.01sec, #0
0011 and 0023: [50/92], H[12], 0.01sec
0019 and 0023: 77 matches, 0.01sec, #1
0019 and 0023: [51/77], H[14], 0.00sec
0012 and 0023: 109 matches, 0.01sec, #2
0012 and 0023: [75/109], H[17], 0.00sec
0006 and 0023: [15/37], H[5], 0.03sec
0020 and 0023: 126 matches, 0.01sec, #1
0013 and 0023: 110 matches, 0.01sec, #2
0020 and 0023: [89/126], H[8], 0.00sec
0004 and 0024: 29 matches, 0.01sec, #0
0013 and 0023: [73/110], H[8], 0.00sec
0021 and 0023: 246 matches, 0.01sec, #1
0021 and 0023: [194/246], H[60], 0.00sec
0014 and 0023: 98 matches, 0.01sec, #2
0014 and 0023: [68/98], H[26], 0.00sec
0022 and 0023: 186 matches, 0.01sec, #1
0022 and 0023: [143/186], H[34], 0.00sec
0015 and 0023: 93 matches, 0.01sec, #2
0004 and 0024: [13/29], H[4], 0.05sec
0015 and 0023: [72/93], H[30], 0.00sec
0000 and 0024: 28 matches, 0.01sec, #1
0005 and 0024: 59 matches, 0.01sec, #0
0016 and 0023: 88 matches, 0.01sec, #2
0016 and 0023: [59/88], H[21], 0.00sec
0005 and 0024: [28/59], H[14], 0.01sec
0014 and 0024: 74 matches, 0.01sec, #2
0006 and 0024: 49 matches, 0.01sec, #0
0014 and 0024: [42/74], H[10], 0.01sec
0000 and 0024: [10/28], H[4], 0.05sec
0006 and 0024: [25/49], H[9], 0.01sec
0015 and 0024: 76 matches, 0.01sec, #2
0001 and 0024: 32 matches, 0.01sec, #1
0007 and 0024: 89 matches, 0.01sec, #0
0015 and 0024: [39/76], H[8], 0.01sec
0007 and 0024: [47/89], H[12], 0.01sec
0016 and 0024: 52 matches, 0.01sec, #2
0008 and 0024: 76 matches, 0.01sec, #0
0016 and 0024: [27/52], H[9], 0.01sec
0008 and 0024: [45/76], H[21], 0.01sec
0017 and 0024: 47 matches, 0.01sec, #2
0001 and 0024: [12/32], H[4], 0.05sec
0009 and 0024: 105 matches, 0.01sec, #0
0017 and 0024: [28/47], H[9], 0.00sec
0009 and 0024: [72/105], H[11], 0.00sec
0002 and 0024: 35 matches, 0.01sec, #1
0018 and 0024: 55 matches, 0.01sec, #2
0010 and 0024: 105 matches, 0.01sec, #0
0018 and 0024: [30/55], H[10], 0.01sec
0010 and 0024: [62/105], H[13], 0.01sec
0019 and 0024: 56 matches, 0.01sec, #2
0011 and 0024: 129 matches, 0.01sec, #0
0019 and 0024: [33/56], H[5], 0.00sec
0011 and 0024: [74/129], H[16], 0.01sec
0002 and 0024: [14/35], H[6], 0.04sec
0020 and 0024: 88 matches, 0.01sec, #2
0012 and 0024: 92 matches, 0.01sec, #0
0020 and 0024: [64/88], H[12], 0.00sec
0003 and 0024: 26 matches, 0.01sec, #1
0012 and 0024: [50/92], H[9], 0.01sec
0021 and 0024: 148 matches, 0.01sec, #2
0013 and 0024: 91 matches, 0.01sec, #0
0021 and 0024: [105/148], H[26], 0.00sec
0013 and 0024: [53/91], H[8], 0.01sec
0003 and 0024: [14/26], H[4], 0.02sec
0022 and 0024: 102 matches, 0.01sec, #2
0000 and 0025: 25 matches, 0.01sec, #0
0022 and 0024: [68/102], H[17], 0.00sec
0010 and 0025: 111 matches, 0.01sec, #1
0010 and 0025: [69/111], H[22], 0.01sec
0023 and 0024: 242 matches, 0.01sec, #2
0023 and 0024: [186/242], H[56], 0.00sec
0011 and 0025: 89 matches, 0.01sec, #1
0011 and 0025: [58/89], H[10], 0.00sec
0020 and 0025: 102 matches, 0.01sec, #2
0020 and 0025: [73/102], H[27], 0.00sec
0012 and 0025: 109 matches, 0.01sec, #1
0000 and 0025: [11/25], H[4], 0.04sec
0012 and 0025: [64/109], H[20], 0.01sec
0021 and 0025: 190 matches, 0.01sec, #2
0001 and 0025: 23 matches, 0.01sec, #0
0021 and 0025: [130/190], H[48], 0.00sec
0013 and 0025: 93 matches, 0.01sec, #1
0002 and 0025: 31 matches, 0.01sec, #0
0013 and 0025: [57/93], H[18], 0.00sec
0022 and 0025: 140 matches, 0.01sec, #2
0022 and 0025: [103/140], H[34], 0.00sec
0014 and 0025: 79 matches, 0.01sec, #1
0014 and 0025: [48/79], H[10], 0.01sec
0023 and 0025: 359 matches, 0.01sec, #2
0023 and 0025: [287/359], H[130], 0.00sec
0015 and 0025: 88 matches, 0.01sec, #1
0015 and 0025: [58/88], H[21], 0.00sec
0002 and 0025: [11/31], H[4], 0.05sec
0024 and 0025: 359 matches, 0.01sec, #2
0016 and 0025: 66 matches, 0.01sec, #1
0024 and 0025: [298/359], H[115], 0.00sec
0003 and 0025: 24 matches, 0.01sec, #0
0016 and 0025: [39/66], H[11], 0.00sec
0000 and 0026: 17 matches, 0.01sec, #2
0004 and 0025: 32 matches, 0.01sec, #0
0017 and 0025: 55 matches, 0.01sec, #1
0001 and 0026: 21 matches, 0.01sec, #2
0002 and 0026: 34 matches, 0.01sec, #2
0017 and 0025: [29/55], H[5], 0.01sec
0018 and 0025: 70 matches, 0.01sec, #1
0018 and 0025: [43/70], H[7], 0.01sec
0004 and 0025: [12/32], H[4], 0.05sec
0019 and 0025: 63 matches, 0.01sec, #1
0005 and 0025: 44 matches, 0.01sec, #0
0002 and 0026: [12/34], H[4], 0.04sec
0019 and 0025: [39/63], H[12], 0.00sec
0003 and 0026: 36 matches, 0.01sec, #2
0005 and 0026: 52 matches, 0.01sec, #1
0005 and 0026: [21/52], H[5], 0.02sec
0005 and 0025: [16/44], H[8], 0.05sec
0006 and 0026: 55 matches, 0.01sec, #1
0006 and 0025: 37 matches, 0.01sec, #0
0003 and 0026: [12/36], H[5], 0.05sec
0006 and 0026: [32/55], H[14], 0.01sec
0004 and 0026: 32 matches, 0.01sec, #2
0006 and 0025: [17/37], H[6], 0.01sec
0007 and 0026: 79 matches, 0.01sec, #1
0007 and 0026: [54/79], H[8], 0.00sec
0007 and 0025: 65 matches, 0.01sec, #0
0008 and 0026: 85 matches, 0.01sec, #1
0007 and 0025: [36/65], H[10], 0.01sec
0004 and 0026: [12/32], H[7], 0.03sec
0008 and 0026: [42/85], H[7], 0.01sec
0008 and 0025: 58 matches, 0.01sec, #0
0015 and 0026: 69 matches, 0.01sec, #2
0009 and 0026: 111 matches, 0.01sec, #1
0015 and 0026: [38/69], H[18], 0.01sec
0009 and 0026: [75/111], H[19], 0.01sec
0008 and 0025: [30/58], H[18], 0.02sec
0016 and 0026: 58 matches, 0.01sec, #2
0009 and 0025: 88 matches, 0.01sec, #0
0010 and 0026: 112 matches, 0.01sec, #1
0016 and 0026: [30/58], H[14], 0.01sec
0009 and 0025: [58/88], H[19], 0.01sec
0010 and 0026: [68/112], H[9], 0.00sec
0017 and 0026: 48 matches, 0.01sec, #2
0025 and 0026: 271 matches, 0.01sec, #0
0011 and 0026: 97 matches, 0.01sec, #1
0025 and 0026: [207/271], H[52], 0.00sec
0017 and 0026: [23/48], H[7], 0.01sec
0011 and 0026: [62/97], H[14], 0.00sec
0000 and 0027: 32 matches, 0.01sec, #0
0018 and 0026: 54 matches, 0.01sec, #2
0012 and 0026: 98 matches, 0.01sec, #1
0018 and 0026: [30/54], H[7], 0.01sec
0000 and 0027: [15/32], H[6], 0.01sec
0012 and 0026: [62/98], H[9], 0.01sec
0019 and 0026: 49 matches, 0.01sec, #2
0001 and 0027: 32 matches, 0.01sec, #0
0019 and 0026: [27/49], H[9], 0.01sec
0013 and 0026: 87 matches, 0.01sec, #1
0013 and 0026: [57/87], H[13], 0.01sec
0020 and 0026: 69 matches, 0.01sec, #2
0020 and 0026: [47/69], H[25], 0.00sec
0014 and 0026: 77 matches, 0.01sec, #1
0021 and 0026: 142 matches, 0.01sec, #2
0014 and 0026: [44/77], H[15], 0.00sec
0021 and 0026: [101/142], H[37], 0.00sec
0001 and 0027: [13/32], H[4], 0.04sec
0009 and 0027: 142 matches, 0.01sec, #1
0022 and 0026: 96 matches, 0.01sec, #2
0002 and 0027: 48 matches, 0.01sec, #0
0009 and 0027: [96/142], H[15], 0.00sec
0022 and 0026: [65/96], H[25], 0.00sec
0010 and 0027: 100 matches, 0.01sec, #1
0023 and 0026: 218 matches, 0.01sec, #2
0010 and 0027: [67/100], H[14], 0.00sec
0023 and 0026: [173/218], H[65], 0.00sec
0002 and 0027: [18/48], H[6], 0.03sec
0011 and 0027: 110 matches, 0.01sec, #1
0024 and 0026: 373 matches, 0.01sec, #2
0003 and 0027: 40 matches, 0.01sec, #0
0011 and 0027: [70/110], H[13], 0.01sec
0024 and 0026: [301/373], H[57], 0.00sec
0012 and 0027: 80 matches, 0.01sec, #1
0019 and 0027: 35 matches, 0.01sec, #2
0012 and 0027: [48/80], H[16], 0.01sec
0003 and 0027: [18/40], H[4], 0.03sec
0019 and 0027: [16/35], H[6], 0.01sec
0013 and 0027: 81 matches, 0.01sec, #1
0004 and 0027: 40 matches, 0.01sec, #0
0020 and 0027: 51 matches, 0.01sec, #2
0013 and 0027: [46/81], H[13], 0.01sec
0020 and 0027: [26/51], H[6], 0.01sec
0014 and 0027: 58 matches, 0.01sec, #1
0021 and 0027: 80 matches, 0.01sec, #2
0014 and 0027: [28/58], H[8], 0.01sec
0021 and 0027: [48/80], H[9], 0.01sec
0004 and 0027: [19/40], H[6], 0.03sec
0015 and 0027: 53 matches, 0.01sec, #1
0005 and 0027: 66 matches, 0.01sec, #0
0022 and 0027: 62 matches, 0.01sec, #2
0022 and 0027: [38/62], H[9], 0.01sec
0005 and 0027: [34/66], H[9], 0.01sec
0015 and 0027: [25/53], H[6], 0.02sec
0023 and 0027: 127 matches, 0.01sec, #2
0006 and 0027: 84 matches, 0.01sec, #0
0016 and 0027: 48 matches, 0.01sec, #1
0023 and 0027: [94/127], H[24], 0.00sec
0006 and 0027: [50/84], H[21], 0.01sec
0024 and 0027: 203 matches, 0.01sec, #2
0007 and 0027: 106 matches, 0.01sec, #0
0016 and 0027: [21/48], H[5], 0.02sec
0024 and 0027: [155/203], H[23], 0.00sec
0007 and 0027: [67/106], H[17], 0.01sec
0017 and 0027: 37 matches, 0.01sec, #1
0025 and 0027: 146 matches, 0.01sec, #2
0008 and 0027: 104 matches, 0.01sec, #0
0025 and 0027: [113/146], H[21], 0.00sec
0008 and 0027: [73/104], H[15], 0.00sec
0026 and 0027: 263 matches, 0.01sec, #2
0002 and 0028: 38 matches, 0.01sec, #0
0026 and 0027: [203/263], H[45], 0.00sec
0000 and 0028: 36 matches, 0.01sec, #2
0017 and 0027: [12/37], H[5], 0.04sec
0002 and 0028: [15/38], H[4], 0.03sec
0018 and 0027: 39 matches, 0.01sec, #1
0003 and 0028: 37 matches, 0.01sec, #0
0018 and 0027: [17/39], H[4], 0.02sec
0000 and 0028: [11/36], H[4], 0.04sec
0012 and 0028: 90 matches, 0.01sec, #1
0001 and 0028: 29 matches, 0.01sec, #2
0012 and 0028: [54/90], H[15], 0.01sec
0003 and 0028: [12/37], H[4], 0.05sec
0013 and 0028: 88 matches, 0.01sec, #1
0004 and 0028: 37 matches, 0.01sec, #0
0001 and 0028: [13/29], H[6], 0.02sec
0013 and 0028: [48/88], H[8], 0.01sec
0022 and 0028: 76 matches, 0.01sec, #2
0022 and 0028: [53/76], H[9], 0.00sec
0014 and 0028: 73 matches, 0.01sec, #1
0004 and 0028: [16/37], H[5], 0.02sec
0023 and 0028: 168 matches, 0.01sec, #2
0014 and 0028: [34/73], H[6], 0.01sec
0005 and 0028: 62 matches, 0.01sec, #0
0023 and 0028: [133/168], H[33], 0.00sec
0015 and 0028: 68 matches, 0.01sec, #1
0024 and 0028: 308 matches, 0.01sec, #2
0005 and 0028: [31/62], H[10], 0.02sec
0015 and 0028: [35/68], H[9], 0.01sec
0024 and 0028: [253/308], H[36], 0.00sec
0006 and 0028: 63 matches, 0.01sec, #0
0016 and 0028: 48 matches, 0.01sec, #1
0006 and 0028: [37/63], H[11], 0.01sec
0025 and 0028: 226 matches, 0.01sec, #2
0025 and 0028: [184/226], H[42], 0.00sec
0007 and 0028: 89 matches, 0.01sec, #0
0026 and 0028: 370 matches, 0.01sec, #2
0007 and 0028: [53/89], H[4], 0.01sec
0026 and 0028: [278/370], H[42], 0.00sec
0016 and 0028: [18/48], H[7], 0.03sec
0008 and 0028: 88 matches, 0.01sec, #0
0027 and 0028: 322 matches, 0.01sec, #2
0017 and 0028: 33 matches, 0.01sec, #1
0008 and 0028: [52/88], H[26], 0.01sec
0027 and 0028: [238/322], H[59], 0.00sec
0009 and 0028: 114 matches, 0.01sec, #0
0000 and 0029: 39 matches, 0.01sec, #2
0009 and 0028: [75/114], H[17], 0.00sec
0017 and 0028: [13/33], H[4], 0.03sec
0010 and 0028: 99 matches, 0.01sec, #0
0000 and 0029: [18/39], H[6], 0.02sec
0018 and 0028: 45 matches, 0.01sec, #1
0010 and 0028: [60/99], H[14], 0.01sec
0001 and 0029: 47 matches, 0.01sec, #2
0011 and 0028: 117 matches, 0.01sec, #0
0018 and 0028: [21/45], H[5], 0.02sec
0011 and 0028: [77/117], H[12], 0.01sec
0019 and 0028: 48 matches, 0.01sec, #1
0001 and 0029: [20/47], H[9], 0.02sec
0004 and 0029: 76 matches, 0.01sec, #0
0002 and 0029: 83 matches, 0.01sec, #2
0004 and 0029: [39/76], H[9], 0.01sec
0019 and 0028: [21/48], H[9], 0.02sec
0002 and 0029: [41/83], H[12], 0.01sec
0005 and 0029: 110 matches, 0.01sec, #0
0020 and 0028: 61 matches, 0.01sec, #1
0003 and 0029: 73 matches, 0.01sec, #2
0005 and 0029: [59/110], H[14], 0.01sec
0020 and 0028: [36/61], H[8], 0.01sec
0003 and 0029: [37/73], H[9], 0.01sec
0006 and 0029: 124 matches, 0.01sec, #0
0021 and 0028: 111 matches, 0.01sec, #1
0014 and 0029: 41 matches, 0.01sec, #2
0021 and 0028: [77/111], H[23], 0.00sec
0006 and 0029: [68/124], H[17], 0.01sec
0024 and 0029: 137 matches, 0.01sec, #1
0007 and 0029: 108 matches, 0.01sec, #0
0024 and 0029: [100/137], H[29], 0.00sec
0007 and 0029: [68/108], H[10], 0.01sec
0025 and 0029: 94 matches, 0.01sec, #1
0014 and 0029: [18/41], H[5], 0.04sec
0008 and 0029: 155 matches, 0.01sec, #0
0025 and 0029: [69/94], H[11], 0.00sec
0008 and 0029: [89/155], H[9], 0.01sec
0015 and 0029: 32 matches, 0.01sec, #2
0026 and 0029: 137 matches, 0.01sec, #1
0009 and 0029: 103 matches, 0.01sec, #0
0026 and 0029: [98/137], H[24], 0.00sec
0009 and 0029: [74/103], H[11], 0.00sec
0015 and 0029: [13/32], H[5], 0.02sec
0027 and 0029: 243 matches, 0.01sec, #1
0010 and 0029: 69 matches, 0.01sec, #0
0027 and 0029: [191/243], H[20], 0.00sec
0016 and 0029: 37 matches, 0.01sec, #2
0010 and 0029: [38/69], H[7], 0.01sec
0028 and 0029: 191 matches, 0.01sec, #1
0028 and 0029: [140/191], H[32], 0.00sec
0011 and 0029: 110 matches, 0.01sec, #0
0000 and 0030: 41 matches, 0.01sec, #1
0011 and 0029: [61/110], H[13], 0.01sec
0012 and 0029: 51 matches, 0.01sec, #0
0016 and 0029: [15/37], H[5], 0.05sec
0012 and 0029: [29/51], H[7], 0.01sec
0017 and 0029: 21 matches, 0.01sec, #2
0013 and 0029: 59 matches, 0.01sec, #0
0018 and 0029: 32 matches, 0.01sec, #2
0000 and 0030: [14/41], H[5], 0.05sec
0001 and 0030: 36 matches, 0.01sec, #1
0013 and 0029: [28/59], H[5], 0.02sec
0005 and 0030: 101 matches, 0.01sec, #0
0018 and 0029: [12/32], H[5], 0.05sec
0001 and 0030: [14/36], H[5], 0.03sec
0005 and 0030: [51/101], H[10], 0.02sec
0006 and 0030: 108 matches, 0.01sec, #0
0019 and 0029: 28 matches, 0.01sec, #2
0002 and 0030: 67 matches, 0.01sec, #1
0006 and 0030: [60/108], H[16], 0.01sec
0002 and 0030: [30/67], H[7], 0.01sec
0007 and 0030: 118 matches, 0.01sec, #0
0007 and 0030: [77/118], H[21], 0.00sec
0019 and 0029: [11/28], H[5], 0.03sec
0003 and 0030: 55 matches, 0.01sec, #1
0008 and 0030: 136 matches, 0.01sec, #0
0020 and 0029: 36 matches, 0.01sec, #2
0008 and 0030: [77/136], H[16], 0.01sec
0003 and 0030: [26/55], H[8], 0.01sec
0009 and 0030: 122 matches, 0.01sec, #0
0004 and 0030: 71 matches, 0.01sec, #1
0009 and 0030: [78/122], H[11], 0.01sec
0004 and 0030: [36/71], H[13], 0.01sec
0010 and 0030: 91 matches, 0.01sec, #0
0020 and 0029: [15/36], H[7], 0.03sec
0015 and 0030: 42 matches, 0.01sec, #1
0010 and 0030: [51/91], H[8], 0.01sec
0021 and 0029: 44 matches, 0.01sec, #2
0011 and 0030: 109 matches, 0.01sec, #0
0015 and 0030: [18/42], H[5], 0.01sec
0021 and 0029: [25/44], H[6], 0.01sec
0011 and 0030: [69/109], H[15], 0.00sec
0016 and 0030: 37 matches, 0.01sec, #1
0012 and 0030: 68 matches, 0.01sec, #0
0022 and 0029: 36 matches, 0.01sec, #2
0012 and 0030: [37/68], H[9], 0.01sec
0022 and 0029: [18/36], H[7], 0.01sec
0013 and 0030: 58 matches, 0.01sec, #0
0023 and 0029: 63 matches, 0.01sec, #2
0023 and 0029: [47/63], H[6], 0.01sec
0013 and 0030: [27/58], H[6], 0.01sec
0016 and 0030: [14/37], H[6], 0.04sec
0025 and 0030: 111 matches, 0.01sec, #2
0014 and 0030: 56 matches, 0.01sec, #0
0025 and 0030: [80/111], H[9], 0.00sec
0017 and 0030: 25 matches, 0.01sec, #1
0014 and 0030: [25/56], H[6], 0.01sec
0026 and 0030: 177 matches, 0.01sec, #2
0026 and 0030: [120/177], H[38], 0.00sec
0005 and 0031: 130 matches, 0.01sec, #0
0027 and 0030: 296 matches, 0.01sec, #2
0027 and 0030: [230/296], H[45], 0.00sec
0005 and 0031: [71/130], H[11], 0.01sec
0017 and 0030: [12/25], H[5], 0.04sec
0028 and 0030: 218 matches, 0.01sec, #2
0006 and 0031: 140 matches, 0.01sec, #0
0028 and 0030: [156/218], H[45], 0.00sec
0018 and 0030: 32 matches, 0.01sec, #1
0006 and 0031: [82/140], H[20], 0.01sec
0029 and 0030: 405 matches, 0.01sec, #2
0007 and 0031: 84 matches, 0.01sec, #0
0029 and 0030: [356/405], H[67], 0.00sec
0007 and 0031: [48/84], H[10], 0.01sec
0000 and 0031: 65 matches, 0.01sec, #2
0008 and 0031: 147 matches, 0.01sec, #0
0018 and 0030: [12/32], H[5], 0.04sec
0008 and 0031: [80/147], H[19], 0.01sec
0019 and 0030: 30 matches, 0.01sec, #1
0000 and 0031: [28/65], H[5], 0.02sec
0009 and 0031: 98 matches, 0.01sec, #0
0001 and 0031: 58 matches, 0.01sec, #2
0009 and 0031: [56/98], H[9], 0.01sec
0019 and 0030: [12/30], H[4], 0.03sec
0010 and 0031: 69 matches, 0.01sec, #0
0001 and 0031: [24/58], H[6], 0.02sec
0020 and 0030: 41 matches, 0.01sec, #1
0010 and 0031: [37/69], H[7], 0.01sec
0002 and 0031: 92 matches, 0.01sec, #2
0011 and 0031: 73 matches, 0.01sec, #0
0002 and 0031: [48/92], H[14], 0.01sec
0011 and 0031: [45/73], H[10], 0.01sec
0020 and 0030: [19/41], H[6], 0.03sec
0003 and 0031: 78 matches, 0.01sec, #2
0012 and 0031: 55 matches, 0.01sec, #0
0021 and 0030: 59 matches, 0.01sec, #1
0003 and 0031: [44/78], H[8], 0.01sec
0012 and 0031: [31/55], H[5], 0.01sec
0021 and 0030: [32/59], H[6], 0.01sec
0004 and 0031: 103 matches, 0.01sec, #2
0013 and 0031: 49 matches, 0.01sec, #0
0022 and 0030: 45 matches, 0.01sec, #1
0004 and 0031: [53/103], H[14], 0.01sec
0022 and 0030: [24/45], H[7], 0.01sec
0015 and 0031: 28 matches, 0.01sec, #2
0023 and 0030: 92 matches, 0.01sec, #1
0023 and 0030: [67/92], H[8], 0.00sec
0013 and 0031: [21/49], H[4], 0.04sec
0024 and 0030: 155 matches, 0.01sec, #1
0014 and 0031: 34 matches, 0.01sec, #0
0024 and 0030: [109/155], H[35], 0.00sec
0025 and 0031: 73 matches, 0.01sec, #1
0015 and 0031: [11/28], H[4], 0.05sec
0025 and 0031: [45/73], H[8], 0.00sec
0016 and 0031: 22 matches, 0.01sec, #2
0026 and 0031: 112 matches, 0.01sec, #1
0026 and 0031: [82/112], H[14], 0.00sec
0017 and 0031: 25 matches, 0.01sec, #2
0014 and 0031: [14/34], H[4], 0.04sec
0027 and 0031: 188 matches, 0.01sec, #1
0004 and 0032: 167 matches, 0.01sec, #0
0027 and 0031: [140/188], H[32], 0.00sec
0004 and 0032: [101/167], H[41], 0.00sec
0028 and 0031: 141 matches, 0.01sec, #1
0005 and 0032: 142 matches, 0.01sec, #0
0028 and 0031: [101/141], H[25], 0.00sec
0005 and 0032: [87/142], H[19], 0.01sec
0029 and 0031: 412 matches, 0.01sec, #1
0017 and 0031: [10/25], H[4], 0.05sec
0006 and 0032: 144 matches, 0.01sec, #0
0029 and 0031: [351/412], H[113], 0.00sec
0006 and 0032: [84/144], H[30], 0.01sec
0018 and 0031: 35 matches, 0.01sec, #2
0030 and 0031: 303 matches, 0.01sec, #1
0007 and 0032: 74 matches, 0.01sec, #0
0030 and 0031: [223/303], H[52], 0.00sec
0000 and 0032: 103 matches, 0.01sec, #1
0007 and 0032: [38/74], H[11], 0.02sec
0000 and 0032: [69/103], H[18], 0.00sec
0008 and 0032: 131 matches, 0.01sec, #0
0001 and 0032: 103 matches, 0.01sec, #1
0008 and 0032: [85/131], H[24], 0.01sec
0018 and 0031: [12/35], H[5], 0.05sec
0001 and 0032: [66/103], H[13], 0.00sec
0009 and 0032: 68 matches, 0.01sec, #0
0019 and 0031: 26 matches, 0.01sec, #2
0002 and 0032: 152 matches, 0.01sec, #1
0009 and 0032: [42/68], H[9], 0.01sec
0002 and 0032: [100/152], H[47], 0.00sec
0010 and 0032: 41 matches, 0.01sec, #0
0003 and 0032: 130 matches, 0.01sec, #1
0003 and 0032: [82/130], H[26], 0.00sec
0019 and 0031: [10/26], H[4], 0.03sec
0010 and 0032: [20/41], H[6], 0.01sec
0014 and 0032: 41 matches, 0.01sec, #1
0020 and 0031: 31 matches, 0.01sec, #2
0011 and 0032: 67 matches, 0.01sec, #0
0011 and 0032: [33/67], H[9], 0.01sec
0012 and 0032: 41 matches, 0.01sec, #0
0014 and 0032: [14/41], H[4], 0.04sec
0020 and 0031: [11/31], H[5], 0.04sec
0015 and 0032: 39 matches, 0.01sec, #1
0021 and 0031: 39 matches, 0.01sec, #2
0012 and 0032: [16/41], H[4], 0.03sec
0013 and 0032: 43 matches, 0.01sec, #0
0021 and 0031: [17/39], H[6], 0.02sec
0015 and 0032: [11/39], H[0], 0.03sec
0022 and 0031: 32 matches, 0.01sec, #2
0016 and 0032: 31 matches, 0.01sec, #1
0013 and 0032: [13/43], H[4], 0.05sec
0024 and 0032: 65 matches, 0.01sec, #0
0024 and 0032: [45/65], H[8], 0.01sec
0022 and 0031: [14/32], H[6], 0.05sec
0016 and 0032: [11/31], H[5], 0.05sec
0025 and 0032: 57 matches, 0.01sec, #0
0023 and 0031: 73 matches, 0.01sec, #2
0017 and 0032: 19 matches, 0.01sec, #1
0023 and 0031: [45/73], H[10], 0.01sec
0025 and 0032: [27/57], H[5], 0.01sec
0018 and 0032: 24 matches, 0.01sec, #1
0024 and 0031: 93 matches, 0.01sec, #2
0026 and 0032: 73 matches, 0.01sec, #0
0019 and 0032: 23 matches, 0.01sec, #1
0024 and 0031: [68/93], H[13], 0.00sec
0026 and 0032: [47/73], H[18], 0.00sec
0020 and 0032: 23 matches, 0.01sec, #1
0027 and 0032: 118 matches, 0.01sec, #0
0002 and 0033: 123 matches, 0.01sec, #2
0021 and 0032: 23 matches, 0.01sec, #1
0027 and 0032: [85/118], H[16], 0.00sec
0002 and 0033: [73/123], H[30], 0.01sec
0022 and 0032: 20 matches, 0.01sec, #1
0028 and 0032: 100 matches, 0.01sec, #0
0028 and 0032: [67/100], H[17], 0.00sec
0023 and 0032: 35 matches, 0.01sec, #1
0003 and 0033: 103 matches, 0.02sec, #2
0029 and 0032: 286 matches, 0.01sec, #0
0003 and 0033: [63/103], H[11], 0.01sec
0029 and 0032: [204/286], H[48], 0.00sec
0023 and 0032: [20/35], H[5], 0.01sec
0030 and 0032: 175 matches, 0.01sec, #0
0004 and 0033: 124 matches, 0.01sec, #2
0030 and 0032: [117/175], H[47], 0.00sec
0012 and 0033: 47 matches, 0.01sec, #1
0004 and 0033: [78/124], H[23], 0.01sec
0031 and 0032: 354 matches, 0.01sec, #0
0031 and 0032: [304/354], H[116], 0.00sec
0005 and 0033: 139 matches, 0.01sec, #2
0012 and 0033: [20/47], H[6], 0.02sec
0000 and 0033: 80 matches, 0.01sec, #0
0005 and 0033: [77/139], H[16], 0.01sec
0013 and 0033: 39 matches, 0.01sec, #1
0000 and 0033: [40/80], H[10], 0.01sec
0006 and 0033: 139 matches, 0.01sec, #2
0001 and 0033: 79 matches, 0.01sec, #0
0006 and 0033: [78/139], H[14], 0.01sec
0013 and 0033: [18/39], H[5], 0.03sec
0001 and 0033: [41/79], H[8], 0.01sec
0007 and 0033: 81 matches, 0.01sec, #2
0014 and 0033: 38 matches, 0.01sec, #1
0022 and 0033: 32 matches, 0.01sec, #0
0007 and 0033: [46/81], H[12], 0.01sec
0008 and 0033: 133 matches, 0.01sec, #2
0008 and 0033: [78/133], H[16], 0.01sec
0014 and 0033: [14/38], H[4], 0.04sec
0009 and 0033: 76 matches, 0.01sec, #2
0022 and 0033: [15/32], H[4], 0.04sec
0015 and 0033: 22 matches, 0.01sec, #1
0009 and 0033: [48/76], H[13], 0.01sec
0023 and 0033: 63 matches, 0.01sec, #0
0016 and 0033: 23 matches, 0.01sec, #1
0023 and 0033: [39/63], H[15], 0.01sec
0010 and 0033: 58 matches, 0.01sec, #2
0017 and 0033: 24 matches, 0.01sec, #1
0024 and 0033: 77 matches, 0.01sec, #0
0018 and 0033: 20 matches, 0.01sec, #1
0024 and 0033: [53/77], H[6], 0.00sec
0010 and 0033: [32/58], H[6], 0.01sec
0019 and 0033: 23 matches, 0.01sec, #1
0025 and 0033: 58 matches, 0.01sec, #0
0011 and 0033: 67 matches, 0.01sec, #2
0020 and 0033: 20 matches, 0.01sec, #1
0025 and 0033: [34/58], H[10], 0.01sec
0021 and 0033: 42 matches, 0.01sec, #1
0011 and 0033: [35/67], H[4], 0.01sec
0026 and 0033: 98 matches, 0.01sec, #0
0026 and 0033: [66/98], H[21], 0.01sec
0032 and 0033: 494 matches, 0.01sec, #2
0032 and 0033: [449/494], H[85], 0.00sec
0027 and 0033: 145 matches, 0.01sec, #0
0027 and 0033: [107/145], H[12], 0.00sec
0000 and 0034: 116 matches, 0.01sec, #2
0028 and 0033: 113 matches, 0.01sec, #0
0000 and 0034: [71/116], H[27], 0.00sec
0021 and 0033: [14/42], H[5], 0.04sec
0028 and 0033: [81/113], H[13], 0.00sec
0001 and 0034: 126 matches, 0.01sec, #2
0029 and 0033: 344 matches, 0.01sec, #0
0009 and 0034: 59 matches, 0.01sec, #1
0001 and 0034: [75/126], H[31], 0.00sec
0029 and 0033: [227/344], H[86], 0.00sec
0002 and 0034: 161 matches, 0.01sec, #2
0009 and 0034: [30/59], H[8], 0.01sec
0030 and 0033: 244 matches, 0.01sec, #0
0002 and 0034: [98/161], H[52], 0.00sec
0030 and 0033: [177/244], H[59], 0.00sec
0010 and 0034: 50 matches, 0.01sec, #1
0003 and 0034: 139 matches, 0.01sec, #2
0031 and 0033: 456 matches, 0.01sec, #0
0003 and 0034: [85/139], H[38], 0.00sec
0031 and 0033: [426/456], H[71], 0.00sec
0004 and 0034: 164 matches, 0.01sec, #2
0019 and 0034: 17 matches, 0.01sec, #0
0010 and 0034: [21/50], H[5], 0.03sec
0004 and 0034: [109/164], H[53], 0.00sec
0020 and 0034: 18 matches, 0.01sec, #0
0011 and 0034: 61 matches, 0.01sec, #1
0021 and 0034: 29 matches, 0.01sec, #0
0005 and 0034: 150 matches, 0.01sec, #2
0005 and 0034: [82/150], H[9], 0.01sec
0011 and 0034: [27/61], H[4], 0.03sec
0006 and 0034: 120 matches, 0.01sec, #2
0006 and 0034: [74/120], H[19], 0.00sec
0012 and 0034: 38 matches, 0.01sec, #1
0021 and 0034: [11/29], H[5], 0.04sec
0007 and 0034: 54 matches, 0.01sec, #2
0022 and 0034: 21 matches, 0.01sec, #0
0023 and 0034: 37 matches, 0.01sec, #0
0007 and 0034: [30/54], H[8], 0.02sec
0012 and 0034: [17/38], H[5], 0.03sec
0023 and 0034: [19/37], H[6], 0.01sec
0008 and 0034: 114 matches, 0.01sec, #2
0013 and 0034: 24 matches, 0.01sec, #1
0024 and 0034: 49 matches, 0.01sec, #0
0008 and 0034: [74/114], H[13], 0.01sec
0014 and 0034: 20 matches, 0.01sec, #1
0024 and 0034: [25/49], H[6], 0.01sec
0029 and 0034: 225 matches, 0.01sec, #2
0015 and 0034: 26 matches, 0.01sec, #1
0029 and 0034: [165/225], H[37], 0.00sec
0025 and 0034: 49 matches, 0.01sec, #0
0030 and 0034: 139 matches, 0.01sec, #2
0030 and 0034: [95/139], H[14], 0.00sec
0025 and 0034: [23/49], H[5], 0.02sec
0031 and 0034: 274 matches, 0.01sec, #2
0026 and 0034: 66 matches, 0.01sec, #0
0031 and 0034: [213/274], H[45], 0.00sec
0015 and 0034: [10/26], H[4], 0.04sec
0026 and 0034: [36/66], H[6], 0.01sec
0032 and 0034: 431 matches, 0.01sec, #2
0016 and 0034: 23 matches, 0.01sec, #1
0027 and 0034: 93 matches, 0.01sec, #0
0032 and 0034: [361/431], H[95], 0.00sec
0017 and 0034: 20 matches, 0.01sec, #1
0027 and 0034: [58/93], H[13], 0.01sec
0033 and 0034: 345 matches, 0.01sec, #2
0018 and 0034: 25 matches, 0.01sec, #1
0028 and 0034: 74 matches, 0.01sec, #0
0033 and 0034: [288/345], H[85], 0.00sec
0028 and 0034: [47/74], H[10], 0.01sec
0000 and 0035: 196 matches, 0.01sec, #2
0005 and 0035: 205 matches, 0.01sec, #0
0018 and 0034: [11/25], H[4], 0.04sec
0000 and 0035: [132/196], H[44], 0.00sec
0005 and 0035: [122/205], H[18], 0.01sec
0015 and 0035: 34 matches, 0.01sec, #1
0001 and 0035: 201 matches, 0.01sec, #2
0006 and 0035: 178 matches, 0.01sec, #0
0001 and 0035: [134/201], H[86], 0.00sec
0006 and 0035: [129/178], H[22], 0.00sec
0002 and 0035: 252 matches, 0.01sec, #2
0007 and 0035: 79 matches, 0.01sec, #0
0002 and 0035: [176/252], H[81], 0.00sec
0015 and 0035: [13/34], H[4], 0.04sec
0007 and 0035: [39/79], H[9], 0.01sec
0003 and 0035: 232 matches, 0.01sec, #2
0016 and 0035: 26 matches, 0.01sec, #1
0008 and 0035: 158 matches, 0.01sec, #0
0003 and 0035: [147/232], H[52], 0.00sec
0008 and 0035: [84/158], H[19], 0.01sec
0004 and 0035: 268 matches, 0.01sec, #2
0009 and 0035: 75 matches, 0.01sec, #0
0004 and 0035: [171/268], H[63], 0.00sec
0016 and 0035: [11/26], H[5], 0.04sec
0009 and 0035: [43/75], H[5], 0.01sec
0025 and 0035: 46 matches, 0.01sec, #2
0017 and 0035: 31 matches, 0.01sec, #1
0010 and 0035: 42 matches, 0.01sec, #0
0025 and 0035: [17/46], H[7], 0.03sec
0010 and 0035: [18/42], H[4], 0.02sec
0026 and 0035: 60 matches, 0.01sec, #2
0017 and 0035: [10/31], H[4], 0.04sec
0011 and 0035: 54 matches, 0.01sec, #0
0026 and 0035: [29/60], H[11], 0.01sec
0018 and 0035: 21 matches, 0.01sec, #1
0011 and 0035: [30/54], H[13], 0.01sec
0027 and 0035: 78 matches, 0.01sec, #2
0019 and 0035: 27 matches, 0.01sec, #1
0012 and 0035: 36 matches, 0.01sec, #0
0027 and 0035: [42/78], H[6], 0.01sec
0028 and 0035: 57 matches, 0.01sec, #2
0028 and 0035: [39/57], H[10], 0.00sec
0012 and 0035: [16/36], H[5], 0.03sec
0019 and 0035: [11/27], H[4], 0.04sec
0029 and 0035: 157 matches, 0.01sec, #2
0013 and 0035: 34 matches, 0.01sec, #0
0020 and 0035: 23 matches, 0.01sec, #1
0029 and 0035: [110/157], H[39], 0.00sec
0021 and 0035: 25 matches, 0.01sec, #1
0030 and 0035: 112 matches, 0.01sec, #2
0030 and 0035: [70/112], H[16], 0.00sec
0013 and 0035: [13/34], H[5], 0.04sec
0031 and 0035: 201 matches, 0.01sec, #2
0014 and 0035: 35 matches, 0.01sec, #0
0031 and 0035: [164/201], H[35], 0.00sec
0021 and 0035: [11/25], H[4], 0.04sec
0032 and 0035: 318 matches, 0.01sec, #2
0022 and 0035: 30 matches, 0.01sec, #1
0032 and 0035: [242/318], H[127], 0.00sec
0014 and 0035: [11/35], H[4], 0.04sec
0033 and 0035: 263 matches, 0.01sec, #2
0000 and 0036: 137 matches, 0.01sec, #0
0033 and 0035: [203/263], H[76], 0.00sec
0000 and 0036: [74/137], H[27], 0.01sec
0022 and 0035: [12/30], H[5], 0.04sec
0034 and 0035: 375 matches, 0.01sec, #2
0001 and 0036: 132 matches, 0.01sec, #0
0023 and 0035: 27 matches, 0.01sec, #1
0034 and 0035: [287/375], H[22], 0.00sec
0001 and 0036: [78/132], H[22], 0.01sec
0023 and 0035: [13/27], H[4], 0.01sec
0010 and 0036: 43 matches, 0.01sec, #2
0002 and 0036: 187 matches, 0.01sec, #0
0024 and 0035: 44 matches, 0.01sec, #1
0002 and 0036: [106/187], H[30], 0.01sec
0010 and 0036: [21/43], H[7], 0.02sec
0024 and 0035: [23/44], H[5], 0.01sec
0003 and 0036: 169 matches, 0.01sec, #0
0011 and 0036: 66 matches, 0.01sec, #2
0020 and 0036: 27 matches, 0.01sec, #1
0003 and 0036: [96/169], H[13], 0.01sec
0011 and 0036: [36/66], H[7], 0.01sec
0004 and 0036: 203 matches, 0.01sec, #0
0012 and 0036: 41 matches, 0.01sec, #2
0004 and 0036: [125/203], H[25], 0.01sec
0020 and 0036: [11/27], H[4], 0.05sec
0005 and 0036: 198 matches, 0.01sec, #0
0012 and 0036: [18/41], H[6], 0.02sec
0021 and 0036: 28 matches, 0.01sec, #1
0005 and 0036: [103/198], H[15], 0.01sec
0013 and 0036: 45 matches, 0.01sec, #2
0021 and 0036: [13/28], H[4], 0.01sec
0006 and 0036: 154 matches, 0.01sec, #0
0022 and 0036: 28 matches, 0.01sec, #1
0006 and 0036: [88/154], H[17], 0.01sec
0007 and 0036: 93 matches, 0.01sec, #0
0013 and 0036: [15/45], H[4], 0.04sec
0022 and 0036: [11/28], H[5], 0.03sec
0007 and 0036: [48/93], H[7], 0.01sec
0014 and 0036: 36 matches, 0.01sec, #2
0023 and 0036: 36 matches, 0.01sec, #1
0008 and 0036: 156 matches, 0.01sec, #0
0008 and 0036: [96/156], H[16], 0.01sec
0009 and 0036: 70 matches, 0.01sec, #0
0014 and 0036: [13/36], H[6], 0.04sec
0023 and 0036: [14/36], H[5], 0.04sec
0009 and 0036: [40/70], H[6], 0.01sec
0015 and 0036: 39 matches, 0.01sec, #2
0024 and 0036: 50 matches, 0.01sec, #1
0030 and 0036: 132 matches, 0.01sec, #0
0024 and 0036: [29/50], H[6], 0.01sec
0030 and 0036: [79/132], H[21], 0.00sec
0025 and 0036: 47 matches, 0.01sec, #1
0031 and 0036: 258 matches, 0.01sec, #0
0015 and 0036: [13/39], H[5], 0.04sec
0031 and 0036: [189/258], H[49], 0.00sec
0025 and 0036: [22/47], H[5], 0.02sec
0016 and 0036: 25 matches, 0.01sec, #2
0032 and 0036: 379 matches, 0.01sec, #0
0026 and 0036: 64 matches, 0.01sec, #1
0032 and 0036: [295/379], H[93], 0.00sec
0026 and 0036: [37/64], H[10], 0.01sec
0033 and 0036: 328 matches, 0.01sec, #0
0027 and 0036: 91 matches, 0.01sec, #1
0016 and 0036: [11/25], H[5], 0.04sec
0033 and 0036: [268/328], H[117], 0.00sec
0027 and 0036: [52/91], H[12], 0.01sec
0017 and 0036: 24 matches, 0.01sec, #2
0034 and 0036: 403 matches, 0.01sec, #0
0028 and 0036: 75 matches, 0.01sec, #1
0018 and 0036: 26 matches, 0.01sec, #2
0034 and 0036: [356/403], H[96], 0.00sec
0028 and 0036: [41/75], H[10], 0.01sec
0035 and 0036: 464 matches, 0.01sec, #0
0029 and 0036: 191 matches, 0.01sec, #1
0035 and 0036: [383/464], H[159], 0.00sec
0029 and 0036: [135/191], H[24], 0.00sec
0018 and 0036: [11/26], H[4], 0.04sec
0000 and 0037: 237 matches, 0.01sec, #0
0004 and 0037: 216 matches, 0.01sec, #1
0019 and 0036: 19 matches, 0.01sec, #2
0000 and 0037: [116/237], H[19], 0.01sec
0004 and 0037: [118/216], H[14], 0.01sec
0014 and 0037: 27 matches, 0.01sec, #2
0001 and 0037: 213 matches, 0.01sec, #0
0005 and 0037: 209 matches, 0.01sec, #1
0014 and 0037: [12/27], H[5], 0.02sec
0005 and 0037: [122/209], H[18], 0.00sec
0001 and 0037: [116/213], H[15], 0.02sec
0015 and 0037: 29 matches, 0.01sec, #2
0006 and 0037: 140 matches, 0.01sec, #1
0002 and 0037: 216 matches, 0.01sec, #0
0006 and 0037: [88/140], H[23], 0.00sec
0002 and 0037: [117/216], H[17], 0.01sec
0007 and 0037: 66 matches, 0.01sec, #1
0015 and 0037: [11/29], H[5], 0.04sec
0003 and 0037: 222 matches, 0.01sec, #0
0007 and 0037: [38/66], H[14], 0.01sec
0016 and 0037: 14 matches, 0.01sec, #2
0003 and 0037: [124/222], H[19], 0.01sec
0008 and 0037: 138 matches, 0.01sec, #1
0017 and 0037: 13 matches, 0.01sec, #2
0024 and 0037: 41 matches, 0.01sec, #0
0008 and 0037: [74/138], H[25], 0.01sec
0018 and 0037: 20 matches, 0.01sec, #2
0024 and 0037: [21/41], H[6], 0.01sec
0009 and 0037: 65 matches, 0.01sec, #1
0019 and 0037: 21 matches, 0.01sec, #2
0025 and 0037: 37 matches, 0.01sec, #0
0009 and 0037: [39/65], H[7], 0.01sec
0020 and 0037: 18 matches, 0.01sec, #2
0025 and 0037: [18/37], H[7], 0.01sec
0010 and 0037: 48 matches, 0.01sec, #1
0021 and 0037: 25 matches, 0.01sec, #2
0026 and 0037: 54 matches, 0.01sec, #0
0010 and 0037: [25/48], H[8], 0.01sec
0011 and 0037: 63 matches, 0.01sec, #1
0026 and 0037: [22/54], H[7], 0.02sec
0021 and 0037: [9/25], H[5], 0.04sec
0027 and 0037: 56 matches, 0.01sec, #0
0011 and 0037: [27/63], H[5], 0.02sec
0022 and 0037: 16 matches, 0.01sec, #2
0027 and 0037: [29/56], H[5], 0.01sec
0012 and 0037: 39 matches, 0.01sec, #1
0023 and 0037: 30 matches, 0.01sec, #2
0028 and 0037: 47 matches, 0.01sec, #0
0028 and 0037: [23/47], H[8], 0.01sec
0023 and 0037: [15/30], H[4], 0.02sec
0012 and 0037: [15/39], H[5], 0.03sec
0029 and 0037: 103 matches, 0.01sec, #0
0034 and 0037: 149 matches, 0.01sec, #2
0013 and 0037: 34 matches, 0.01sec, #1
0029 and 0037: [68/103], H[26], 0.00sec
0034 and 0037: [102/149], H[19], 0.00sec
0030 and 0037: 80 matches, 0.01sec, #0
0035 and 0037: 258 matches, 0.01sec, #2
0013 and 0037: [13/34], H[5], 0.03sec
0030 and 0037: [46/80], H[11], 0.01sec
0035 and 0037: [192/258], H[32], 0.00sec
0007 and 0038: 76 matches, 0.01sec, #1
0031 and 0037: 121 matches, 0.01sec, #0
0036 and 0037: 260 matches, 0.01sec, #2
0031 and 0037: [77/121], H[20], 0.00sec
0036 and 0037: [191/260], H[26], 0.00sec
0007 and 0038: [39/76], H[12], 0.02sec
0032 and 0037: 150 matches, 0.01sec, #0
0000 and 0038: 235 matches, 0.01sec, #2
0008 and 0038: 150 matches, 0.01sec, #1
0032 and 0037: [104/150], H[24], 0.00sec
0000 and 0038: [138/235], H[26], 0.01sec
0008 and 0038: [90/150], H[16], 0.01sec
0033 and 0037: 147 matches, 0.01sec, #0
0001 and 0038: 231 matches, 0.01sec, #2
0009 and 0038: 64 matches, 0.01sec, #1
0033 and 0037: [107/147], H[24], 0.00sec
0001 and 0038: [141/231], H[38], 0.00sec
0009 and 0038: [36/64], H[6], 0.01sec
0017 and 0038: 24 matches, 0.01sec, #0
0002 and 0038: 288 matches, 0.01sec, #2
0010 and 0038: 44 matches, 0.01sec, #1
0018 and 0038: 21 matches, 0.01sec, #0
0002 and 0038: [198/288], H[102], 0.00sec
0019 and 0038: 28 matches, 0.01sec, #0
0010 and 0038: [21/44], H[4], 0.02sec
0003 and 0038: 263 matches, 0.01sec, #2
0011 and 0038: 56 matches, 0.01sec, #1
0003 and 0038: [152/263], H[18], 0.01sec
0019 and 0038: [10/28], H[4], 0.05sec
0011 and 0038: [31/56], H[5], 0.02sec
0004 and 0038: 310 matches, 0.01sec, #2
0020 and 0038: 21 matches, 0.01sec, #0
0012 and 0038: 45 matches, 0.01sec, #1
0004 and 0038: [185/310], H[53], 0.01sec
0021 and 0038: 26 matches, 0.01sec, #0
0005 and 0038: 241 matches, 0.01sec, #2
0012 and 0038: [18/45], H[4], 0.03sec
0005 and 0038: [154/241], H[22], 0.00sec
0013 and 0038: 29 matches, 0.01sec, #1
0006 and 0038: 174 matches, 0.01sec, #2
0021 and 0038: [10/26], H[4], 0.05sec
0006 and 0038: [114/174], H[12], 0.00sec
0022 and 0038: 26 matches, 0.01sec, #0
0013 and 0038: [13/29], H[4], 0.04sec
0027 and 0038: 73 matches, 0.01sec, #2
0022 and 0038: [12/26], H[5], 0.01sec
0014 and 0038: 29 matches, 0.01sec, #1
0027 and 0038: [43/73], H[10], 0.00sec
0023 and 0038: 30 matches, 0.01sec, #0
0028 and 0038: 61 matches, 0.01sec, #2
0028 and 0038: [35/61], H[8], 0.01sec
0014 and 0038: [12/29], H[4], 0.05sec
0029 and 0038: 149 matches, 0.01sec, #2
0023 and 0038: [11/30], H[5], 0.05sec
0015 and 0038: 36 matches, 0.01sec, #1
0029 and 0038: [105/149], H[18], 0.00sec
0024 and 0038: 45 matches, 0.01sec, #0
0030 and 0038: 106 matches, 0.01sec, #2
0024 and 0038: [23/45], H[9], 0.01sec
0030 and 0038: [64/106], H[15], 0.00sec
0015 and 0038: [10/36], H[0], 0.03sec
0025 and 0038: 29 matches, 0.01sec, #0
0031 and 0038: 178 matches, 0.01sec, #2
0016 and 0038: 34 matches, 0.01sec, #1
0031 and 0038: [131/178], H[70], 0.00sec
0025 and 0038: [14/29], H[4], 0.02sec
0032 and 0038: 308 matches, 0.01sec, #2
0026 and 0038: 57 matches, 0.01sec, #0
0032 and 0038: [248/308], H[83], 0.00sec
0026 and 0038: [28/57], H[10], 0.01sec
0016 and 0038: [11/34], H[4], 0.04sec
0033 and 0038: 253 matches, 0.01sec, #2
0037 and 0038: 328 matches, 0.01sec, #0
0009 and 0039: 56 matches, 0.01sec, #1
0033 and 0038: [193/253], H[45], 0.00sec
0037 and 0038: [225/328], H[49], 0.00sec
0009 and 0039: [28/56], H[4], 0.02sec
0034 and 0038: 320 matches, 0.01sec, #2
0000 and 0039: 467 matches, 0.01sec, #0
0010 and 0039: 42 matches, 0.01sec, #1
0034 and 0038: [241/320], H[150], 0.00sec
0000 and 0039: [382/467], H[74], 0.00sec
0035 and 0038: 498 matches, 0.01sec, #2
0001 and 0039: 515 matches, 0.01sec, #0
0035 and 0038: [435/498], H[120], 0.00sec
0001 and 0039: [400/515], H[99], 0.00sec
0010 and 0039: [15/42], H[6], 0.04sec
0036 and 0038: 404 matches, 0.01sec, #2
0002 and 0039: 548 matches, 0.01sec, #0
0011 and 0039: 44 matches, 0.01sec, #1
0036 and 0038: [325/404], H[53], 0.00sec
0002 and 0039: [412/548], H[64], 0.00sec
0011 and 0039: [25/44], H[4], 0.01sec
0019 and 0039: 30 matches, 0.01sec, #2
0003 and 0039: 593 matches, 0.01sec, #0
0012 and 0039: 29 matches, 0.01sec, #1
0003 and 0039: [451/593], H[126], 0.00sec
0004 and 0039: 443 matches, 0.01sec, #0
0019 and 0039: [12/30], H[5], 0.04sec
0004 and 0039: [311/443], H[70], 0.00sec
0012 and 0039: [10/29], H[5], 0.04sec
0020 and 0039: 17 matches, 0.01sec, #2
0005 and 0039: 301 matches, 0.01sec, #0
0013 and 0039: 22 matches, 0.01sec, #1
0021 and 0039: 29 matches, 0.01sec, #2
0005 and 0039: [194/301], H[14], 0.00sec
0014 and 0039: 30 matches, 0.01sec, #1
0006 and 0039: 209 matches, 0.01sec, #0
0006 and 0039: [135/209], H[26], 0.00sec
0021 and 0039: [11/29], H[4], 0.04sec
0007 and 0039: 78 matches, 0.01sec, #0
0014 and 0039: [12/30], H[5], 0.04sec
0022 and 0039: 25 matches, 0.01sec, #2
0015 and 0039: 25 matches, 0.01sec, #1
0007 and 0039: [40/78], H[7], 0.02sec
0008 and 0039: 150 matches, 0.01sec, #0
0022 and 0039: [11/25], H[4], 0.04sec
0008 and 0039: [97/150], H[34], 0.01sec
0023 and 0039: 25 matches, 0.01sec, #2
0015 and 0039: [11/25], H[5], 0.04sec
0029 and 0039: 77 matches, 0.01sec, #0
0016 and 0039: 23 matches, 0.01sec, #1
0029 and 0039: [44/77], H[7], 0.01sec
0017 and 0039: 25 matches, 0.01sec, #1
0023 and 0039: [10/25], H[4], 0.04sec
0030 and 0039: 71 matches, 0.01sec, #0
0024 and 0039: 34 matches, 0.01sec, #2
0030 and 0039: [34/71], H[12], 0.02sec
0017 and 0039: [9/25], H[4], 0.04sec
0031 and 0039: 79 matches, 0.01sec, #0
0024 and 0039: [17/34], H[8], 0.02sec
0018 and 0039: 22 matches, 0.01sec, #1
0031 and 0039: [47/79], H[14], 0.01sec
0025 and 0039: 24 matches, 0.01sec, #2
0034 and 0039: 164 matches, 0.01sec, #1
0032 and 0039: 153 matches, 0.01sec, #0
0026 and 0039: 36 matches, 0.01sec, #2
0034 and 0039: [104/164], H[26], 0.00sec
0032 and 0039: [97/153], H[19], 0.00sec
0035 and 0039: 249 matches, 0.01sec, #1
0033 and 0039: 113 matches, 0.01sec, #0
0035 and 0039: [186/249], H[29], 0.00sec
0026 and 0039: [15/36], H[7], 0.04sec
0033 and 0039: [64/113], H[25], 0.01sec
0036 and 0039: 207 matches, 0.01sec, #1
0027 and 0039: 55 matches, 0.01sec, #2
0037 and 0039: 277 matches, 0.01sec, #0
0036 and 0039: [139/207], H[29], 0.01sec
0037 and 0039: [165/277], H[34], 0.01sec
0038 and 0039: 295 matches, 0.01sec, #1
0027 and 0039: [25/55], H[9], 0.04sec
0038 and 0039: [199/295], H[36], 0.00sec
0028 and 0039: 40 matches, 0.01sec, #2
0028 and 0039: [15/40], H[5], 0.04sec

###########-------timing------#########
780 Image Match finished, 11 sec used
#############################

----------------------------------------------------------------
Compute Missing Pairwise Matching, finished
Totally 15.000 seconds used


Run full 3D reconstruction, begin...
523 pairs have two-view models
706 pairs have fundamental matrices
Initialize with WIN..7_Pro and WIN..5_Pro
28 3D points initialized from two images
PBA library version = 105
PBA: 28 3D pts, 2 cams and 56 projs...
PBA: 0.145 -> 0.129 (3 LMs in 0.11sec)
Focal Length : [768.000]->[765.283]
Focal Length : [768.000]->[770.653]
END: No more images to add [0 projs]

#############################
Initialize with WIN..4_Pro and WIN..5_Pro
336 3D points initialized from two images
PBA: 336 3D pts, 2 cams and 672 projs...
PBA: 0.086 -> 0.084 (4 LMs in 0.11sec)
Focal Length : [768.000]->[767.997]
Focal Length : [768.000]->[768.004]

#############################
#3: [WIN..o (2)] sees 393 (+261) 3D points
Estimated Focal Length [671][1.05N]
# 756 projs (255 pts and 0 merges)
PBA: 590 3D pts, 3 cams and 1426 projs...
PBA: 2.011 -> 0.355 (18 LMs in 0.05sec)

**************************************
#3/3:  759 projs and 255 pts added.
PBA: 590 3D pts, 3 cams and 1429 projs...
PBA: 0.283 -> 0.277 (18 LMs in 0.05sec)
PBA: 590 3D pts, 3 cams and 1429 projs...
PBA: 0.277 -> 0.277 (11 LMs in 0.03sec)
Focal Length : [670.995]->[657.958]
Radial Distortion : [0.029 -> 2]

#############################
#4: [WIN..6_Pro] sees 595 (+202) 3D points
Estimated Focal Length [693][1.08N]
# 412 projs (90 pts and 1 merges)
PBA: 654 3D pts, 4 cams and 1791 projs...
PBA: 1.219 -> 0.319 (72 LMs in 0.18sec)
#points w/ large errors:	4
#unstable points removed:	18
Focal Length : [692.927]->[737.312]
Radial Distortion : [-0.109 -> -7]

#############################
#5: [WIN..3_Pro] sees 683 (+141) 3D points
Estimated Focal Length [607][0.95N]
# 521 projs (110 pts and 3 merges)
PBA: 719 3D pts, 5 cams and 2225 projs...
PBA: 2.269 -> 0.335 (39 LMs in 0.17sec)
#points w/ large errors:	1
#unstable points removed:	40

**************************************
#5/5:  635 projs and 143 pts added.
PBA: 707 3D pts, 5 cams and 2251 projs...
PBA: 0.423 -> 0.361 (20 LMs in 0.07sec)
#unstable points removed:	6
PBA: 701 3D pts, 5 cams and 2239 projs...
PBA: 0.358 -> 0.356 (12 LMs in 0.07sec)
#unstable points removed:	2
Focal Length : [607.473]->[813.081]
Radial Distortion : [0.309 -> 15]

#############################
#6: [WIN..2_Pro] sees 746 (+236) 3D points
Estimated Focal Length [3202][5.00N]
# 227 projs (0 pts and 1 merges)
PBA: 671 3D pts, 6 cams and 2408 projs...
PBA: 1.279 -> 0.632 (50 LMs in 0.17sec)
#points w/ large errors:	7
#unstable points removed:	5
Focal Length : [3202.147]->[2117.653]
Radial Distortion : [0.441 -> 3]

#############################
#7: [WIN..o (2)] sees 505 (+250) 3D points
Estimated Focal Length [991][1.55N]
# 133 projs (0 pts and 0 merges)
PBA: 650 3D pts, 7 cams and 2488 projs...
PBA: 0.829 -> 0.671 (100 LMs in 0.26sec)
#points w/ large errors:	7
#unstable points removed:	2

**************************************
#7/7:  904 projs and 326 pts added.
PBA: 965 3D pts, 7 cams and 3219 projs...
PBA: 9.659 -> 1.844 (24 LMs in 0.21sec)
#points w/ large errors:	15
#unstable points removed:	100
PBA: 850 3D pts, 7 cams and 2966 projs...
PBA: 2.624 -> 2.579 (20 LMs in 0.04sec)
#points w/ large errors:	2
Focal Length : [990.527]->[1410.160]
Radial Distortion : [-0.693 -> -12]

#############################
#8: [WIN..1_Pro] sees 445 (+189) 3D points
Estimated Focal Length [822][1.28N]
# 119 projs (0 pts and 0 merges)
PBA: 815 3D pts, 8 cams and 3015 projs...
PBA: 3.918 -> 3.301 (19 LMs in 0.14sec)
#points w/ large errors:	61
#unstable points removed:	20
Radial Distortion : [0.534 -> 23]
# 323 projs (146 pts and 0 merges)
PBA: 896 3D pts, 8 cams and 3149 projs...
PBA: 3.233 -> 1.308 (5 LMs in 0.08sec)
Focal Length : [821.853]->[1167.052]
Radial Distortion : [0.814 -> 19]

#############################
#9: [WIN..0_Pro] sees 532 (+364) 3D points
Estimated Focal Length [3876][6.06N]
# 146 projs (0 pts and 0 merges)
PBA: 842 3D pts, 9 cams and 3187 projs...
PBA: 1.925 -> 1.266 (28 LMs in 0.06sec)
#points w/ large errors:	31
#unstable points removed:	120

**************************************
#9/9:  1119 projs and 442 pts added.
PBA: 1119 3D pts, 9 cams and 3726 projs...
PBA: 10.677 -> 4.851 (42 LMs in 0.12sec)
#points w/ large errors:	11
#unstable points removed:	51
PBA: 1057 3D pts, 9 cams and 3566 projs...
PBA: 4.599 -> 4.490 (22 LMs in 0.05sec)
#points w/ large errors:	6
#unstable points removed:	17
Focal Length : [3876.458]->[3418.632]
Radial Distortion : [0.234 -> 0]

#############################
#10: [WIN..9_Pro] sees 596 (+199) 3D points
Estimated Focal Length [1530][2.39N]
# 215 projs (0 pts and 0 merges)
PBA: 954 3D pts, 10 cams and 3566 projs...
PBA: 4.337 -> 3.916 (17 LMs in 0.13sec)
#points w/ large errors:	150
#unstable points removed:	5
Focal Length : [1529.584]->[1539.699]
Radial Distortion : [0.102 -> 1]

#############################
#11: [WIN..8_Pro] sees 352 (+288) 3D points
Estimated Focal Length [976][1.52N]
# 113 projs (0 pts and 0 merges)
PBA: 826 3D pts, 11 cams and 3260 projs...
PBA: 2.659 -> 1.580 (49 LMs in 0.19sec)
#points w/ large errors:	53
#unstable points removed:	188
Radial Distortion : [0.638 -> 15]
# 454 projs (200 pts and 0 merges)
PBA: 788 3D pts, 11 cams and 2979 projs...
PBA: 3.337 -> 1.895 (5 LMs in 0.05sec)
Focal Length : [975.508]->[1180.008]
Radial Distortion : [-0.192 -> -5]

#############################
#12: [WIN..o (2)] sees 481 (+343) 3D points
Estimated Focal Length [744][1.16N]
# 155 projs (0 pts and 0 merges)
PBA: 762 3D pts, 12 cams and 3082 projs...
PBA: 2.454 -> 1.864 (19 LMs in 0.16sec)
#points w/ large errors:	47
#unstable points removed:	31

**************************************
#12/12:  1048 projs and 373 pts added.
PBA: 1051 3D pts, 12 cams and 3678 projs...
PBA: 8.043 -> 2.707 (19 LMs in 0.09sec)
#points w/ large errors:	50
#unstable points removed:	114
PBA: 887 3D pts, 12 cams and 3045 projs...
PBA: 2.328 -> 2.314 (13 LMs in 0.07sec)
#points w/ large errors:	2
Focal Length : [744.277]->[958.969]
Radial Distortion : [-0.526 -> -19]

#############################
+13: [WIN..7_Pro] sees 734 (+331) 3D points
Estimated Focal Length [769][1.20N]
# 276 projs (0 pts and 0 merges)
PBA: 858 3D pts, 13 cams and 3259 projs...
PBA: 3.517 -> 1.192 (34 LMs in 0.24sec)
#points w/ large errors:	23
#unstable points removed:	30
Focal Length : [768.536]->[935.608]
Radial Distortion : [-0.375 -> -15]

#############################
+14: [WIN..5_Pro] sees 870 (+440) 3D points
Estimated Focal Length [850][1.33N]
# 308 projs (0 pts and 0 merges)
PBA: 805 3D pts, 14 cams and 3413 projs...
PBA: 2.563 -> 1.266 (100 LMs in 1.84sec)
#points w/ large errors:	4
#unstable points removed:	3
Focal Length : [850.341]->[958.443]
Radial Distortion : [-0.453 -> -17]

#############################
#15: [WIN..6_Pro] sees 847 (+510) 3D points
Estimated Focal Length [848][1.33N]
# 243 projs (0 pts and 0 merges)
PBA: 797 3D pts, 15 cams and 3629 projs...
PBA: 2.241 -> 1.219 (20 LMs in 0.07sec)
#points w/ large errors:	13
#unstable points removed:	7
Focal Length : [848.058]->[882.017]
Radial Distortion : [-0.357 -> -16]

#############################
#16: [WIN..5_Pro] sees 964 (+627) 3D points
Estimated Focal Length [903][1.41N]
# 261 projs (0 pts and 0 merges)
PBA: 777 3D pts, 16 cams and 3800 projs...
PBA: 1.789 -> 1.161 (37 LMs in 0.13sec)
#points w/ large errors:	2
#unstable points removed:	50

**************************************
#16/16:  966 projs and 191 pts added.
PBA: 906 3D pts, 16 cams and 4320 projs...
PBA: 4.842 -> 1.446 (40 LMs in 0.24sec)
#points w/ large errors:	5
#unstable points removed:	35
PBA: 866 3D pts, 16 cams and 4108 projs...
PBA: 1.431 -> 1.351 (29 LMs in 0.16sec)
#points w/ large errors:	1
Focal Length : [903.484]->[993.653]
Radial Distortion : [0.021 -> 0]

#############################
#17: [WIN..3_Pro] sees 1010 (+215) 3D points
Estimated Focal Length [964][1.51N]
# 187 projs (0 pts and 0 merges)
PBA: 860 3D pts, 17 cams and 4281 projs...
PBA: 2.006 -> 1.675 (18 LMs in 0.09sec)
#points w/ large errors:	16
Focal Length : [963.947]->[964.584]
Radial Distortion : [0.014 -> 0]

#############################
#18: [WIN..o (2)] sees 1091 (+342) 3D points
Estimated Focal Length [1057][1.65N]
# 211 projs (0 pts and 1 merges)
PBA: 844 3D pts, 18 cams and 4387 projs...
PBA: 1.656 -> 1.148 (70 LMs in 0.17sec)
#points w/ large errors:	6
Focal Length : [1056.709]->[1050.546]
Radial Distortion : [0.003 -> 0]

#############################
#19: [WIN..2_Pro] sees 927 (+358) 3D points
Estimated Focal Length [962][1.50N]
# 156 projs (0 pts and 0 merges)
PBA: 832 3D pts, 19 cams and 4492 projs...
PBA: 1.457 -> 1.175 (21 LMs in 0.13sec)
#points w/ large errors:	12
#unstable points removed:	17
Focal Length : [962.177]->[997.739]
Radial Distortion : [0.125 -> 4]

#############################
#20: [WIN..1_Pro] sees 913 (+373) 3D points
Estimated Focal Length [951][1.49N]
# 1248 projs (395 pts and 7 merges)
PBA: 1187 3D pts, 20 cams and 5584 projs...
PBA: 3.634 -> 1.075 (77 LMs in 0.19sec)
#points w/ large errors:	10
#unstable points removed:	27
Focal Length : [951.089]->[1036.537]
Radial Distortion : [0.117 -> 3]

#############################
#21: [WIN..o (2)] sees 1175 (+291) 3D points
Estimated Focal Length [1262][1.97N]
# 229 projs (0 pts and 0 merges)
SKIP: 0 cams, 39 points, 205 projs
PBA: 1126 3D pts, 20 cams and 5562 projs...
PBA: 1.581 -> 1.154 (5 LMs in 0.03sec)
#points w/ large errors:	17

**************************************
#21/21:  1873 projs and 480 pts added.
PBA: 1550 3D pts, 21 cams and 7111 projs...
PBA: 3.573 -> 1.878 (50 LMs in 0.21sec)
#points w/ large errors:	5
#unstable points removed:	43
PBA: 1502 3D pts, 21 cams and 6847 projs...
PBA: 1.901 -> 1.788 (50 LMs in 0.26sec)
#points w/ large errors:	1
#unstable points removed:	2
Focal Length : [1262.404]->[1860.229]
Radial Distortion : [-2.817 -> -27]

#############################
#22: [WIN..o (2)] sees 1729 (+227) 3D points
Estimated Focal Length [1237][1.93N]
# 830 projs (183 pts and 25 merges)
SKIP: 0 cams, 8 points, 48 projs
PBA: 1618 3D pts, 20 cams and 7587 projs...
PBA: 2.584 -> 2.021 (5 LMs in 0.01sec)
#points w/ large errors:	115
#unstable points removed:	10
Focal Length : [1236.890]->[1049.788]
Radial Distortion : [-0.060 -> -2]

#############################
#23: [WIN..0_Pro] sees 1788 (+216) 3D points
Estimated Focal Length [1029][1.61N]
# 613 projs (102 pts and 18 merges)
SKIP: 0 cams, 61 points, 534 projs
PBA: 1540 3D pts, 20 cams and 7616 projs...
PBA: 2.640 -> 1.901 (5 LMs in 0.06sec)
#points w/ large errors:	72
#unstable points removed:	6
Focal Length : [1029.149]->[1086.194]
Radial Distortion : [-0.262 -> -8]

#############################
#24: [WIN..9_Pro] sees 1586 (+262) 3D points
Estimated Focal Length [911][1.42N]
# 287 projs (0 pts and 1 merges)
SKIP: 0 cams, 156 points, 395 projs
PBA: 1421 3D pts, 20 cams and 7469 projs...
PBA: 1.761 -> 1.500 (5 LMs in 0.08sec)
#points w/ large errors:	67
#unstable points removed:	2
Focal Length : [910.806]->[972.356]
Radial Distortion : [0.143 -> 4]

#############################
#25: [WIN..o (2)] sees 1349 (+255) 3D points
Estimated Focal Length [1063][1.66N]
# 1156 projs (337 pts and 10 merges)
SKIP: 0 cams, 31 points, 351 projs
PBA: 1680 3D pts, 20 cams and 8385 projs...
PBA: 4.161 -> 1.317 (5 LMs in 0.09sec)
#points w/ large errors:	41
Focal Length : [1063.377]->[1014.799]
Radial Distortion : [0.161 -> 5]

#############################
#26: [WIN..8_Pro] sees 1391 (+187) 3D points
Estimated Focal Length [794][1.24N]
# 259 projs (0 pts and 4 merges)
PBA: 1574 3D pts, 26 cams and 8410 projs...
PBA: 1.630 -> 1.321 (26 LMs in 0.14sec)
#points w/ large errors:	79
#unstable points removed:	8
Focal Length : [793.772]->[1071.745]
Radial Distortion : [0.115 -> 3]

#############################
#27: [WIN..o (2)] sees 946 (+188) 3D points
Estimated Focal Length [1050][1.64N]
# 916 projs (241 pts and 35 merges)
SKIP: 0 cams, 33 points, 406 projs
PBA: 1697 3D pts, 20 cams and 9066 projs...
PBA: 2.240 -> 1.424 (5 LMs in 0.01sec)
#points w/ large errors:	30
#unstable points removed:	6

**************************************
#27/27:  2149 projs and 607 pts added.
PBA: 2008 3D pts, 27 cams and 10186 projs...
PBA: 2.783 -> 1.839 (22 LMs in 0.16sec)
#points w/ large errors:	17
PBA: 1991 3D pts, 27 cams and 10069 projs...
PBA: 1.865 -> 1.864 (13 LMs in 0.04sec)
Focal Length : [1049.585]->[941.184]
Radial Distortion : [-0.052 -> -2]

#############################
#28: [WIN..7_Pro] sees 1121 (+170) 3D points
Estimated Focal Length [1131][1.77N]
# 261 projs (0 pts and 2 merges)
SKIP: 0 cams, 53 points, 95 projs
PBA: 1942 3D pts, 20 cams and 10199 projs...
PBA: 2.170 -> 1.857 (5 LMs in 0.05sec)
#points w/ large errors:	136
#unstable points removed:	1
Focal Length : [1130.880]->[1046.439]
Radial Distortion : [0.078 -> 2]

#############################
#29: [WIN..6_Pro] sees 976 (+223) 3D points
Estimated Focal Length [1023][1.60N]
# 509 projs (112 pts and 24 merges)
SKIP: 0 cams, 110 points, 682 projs
PBA: 1890 3D pts, 20 cams and 10129 projs...
PBA: 1.629 -> 1.424 (5 LMs in 0.03sec)
#points w/ large errors:	41
Focal Length : [1022.577]->[1033.026]
Radial Distortion : [0.235 -> 7]

#############################
#30: [WIN..o (2)] sees 1047 (+237) 3D points
Estimated Focal Length [926][1.45N]
# 681 projs (170 pts and 18 merges)
SKIP: 0 cams, 91 points, 434 projs
PBA: 1927 3D pts, 20 cams and 10465 projs...
PBA: 1.707 -> 1.384 (5 LMs in 0.01sec)
#points w/ large errors:	31
#unstable points removed:	1
Focal Length : [926.238]->[977.307]
Radial Distortion : [-0.100 -> -4]

#############################
#31: [WIN..5_Pro] sees 1039 (+185) 3D points
Estimated Focal Length [1240][1.94N]
# 235 projs (0 pts and 0 merges)
SKIP: 0 cams, 240 points, 927 projs
PBA: 1776 3D pts, 20 cams and 10031 projs...
PBA: 1.490 -> 1.264 (5 LMs in 0.07sec)
#points w/ large errors:	30
Focal Length : [1240.284]->[1040.632]
Radial Distortion : [-0.075 -> -3]

#############################
#32: [WIN..4_Pro] sees 993 (+222) 3D points
Estimated Focal Length [894][1.40N]
# 164 projs (0 pts and 1 merges)
PBA: 1951 3D pts, 32 cams and 10816 projs...
PBA: 1.286 -> 1.166 (36 LMs in 0.32sec)
#points w/ large errors:	23
Radial Distortion : [0.607 -> 21]
# 492 projs (147 pts and 1 merges)
PBA: 2071 3D pts, 32 cams and 11160 projs...
PBA: 1.678 -> 1.227 (5 LMs in 0.09sec)
Focal Length : [893.571]->[1065.489]
Radial Distortion : [0.646 -> 18]

#############################
#33: [WIN..o (2)] sees 671 (+114) 3D points
Estimated Focal Length [848][1.33N]
# 150 projs (0 pts and 0 merges)
SKIP: 0 cams, 606 points, 2301 projs
PBA: 1453 3D pts, 20 cams and 8983 projs...
PBA: 1.532 -> 1.391 (5 LMs in 0.09sec)
#points w/ large errors:	44
#unstable points removed:	2
Radial Distortion : [0.397 -> 17]
# 319 projs (93 pts and 0 merges)
SKIP: 0 cams, 606 points, 2544 projs
PBA: 1502 3D pts, 20 cams and 9067 projs...
PBA: 2.155 -> 1.504 (5 LMs in 0.10sec)
Focal Length : [848.008]->[1013.414]
Radial Distortion : [0.826 -> 26]

#############################
#34: [WIN..3_Pro] sees 676 (+108) 3D points
Estimated Focal Length [899][1.41N]
# 161 projs (0 pts and 2 merges)
SKIP: 0 cams, 610 points, 2313 projs
PBA: 1486 3D pts, 20 cams and 9192 projs...
PBA: 1.676 -> 1.584 (5 LMs in 0.03sec)
#points w/ large errors:	54

**************************************
#34/34:  1141 projs and 302 pts added.
PBA: 2320 3D pts, 34 cams and 12216 projs...
PBA: 1.477 -> 1.068 (50 LMs in 0.36sec)
#points w/ large errors:	8
PBA: 2312 3D pts, 34 cams and 12158 projs...
PBA: 1.038 -> 1.030 (26 LMs in 0.07sec)
#points w/ large errors:	7
Focal Length : [899.354]->[935.018]
Radial Distortion : [0.544 -> 20]

#############################
#35: [WIN..2_Pro] sees 623 (+138) 3D points
Estimated Focal Length [775][1.21N]
# 145 projs (0 pts and 0 merges)
SKIP: 0 cams, 731 points, 2819 projs
PBA: 1569 3D pts, 20 cams and 9442 projs...
PBA: 1.306 -> 1.212 (5 LMs in 0.06sec)
#points w/ large errors:	30
Radial Distortion : [0.310 -> 19]
# 427 projs (177 pts and 0 merges)
SKIP: 0 cams, 831 points, 3515 projs
PBA: 1605 3D pts, 20 cams and 9146 projs...
PBA: 2.428 -> 1.588 (5 LMs in 0.04sec)
Focal Length : [775.302]->[800.432]
Radial Distortion : [0.252 -> 12]

#############################
#36: [WIN..8_Pro] sees 625 (+128) 3D points
Estimated Focal Length [1446][2.26N]
# 150 projs (0 pts and 1 merges)
SKIP: 0 cams, 837 points, 3373 projs
PBA: 1562 3D pts, 20 cams and 9192 projs...
PBA: 1.674 -> 1.423 (5 LMs in 0.07sec)
#points w/ large errors:	81
#unstable points removed:	17
Focal Length : [1446.283]->[1309.370]
Radial Distortion : [0.284 -> 5]

#############################
#37: [WIN..9_Pro] sees 564 (+359) 3D points
Estimated Focal Length [1297][2.03N]
# 129 projs (0 pts and 0 merges)
SKIP: 0 cams, 1064 points, 4457 projs
PBA: 1355 3D pts, 20 cams and 8271 projs...
PBA: 1.349 -> 1.110 (5 LMs in 0.04sec)
#points w/ large errors:	10
#unstable points removed:	15
Radial Distortion : [0.800 -> 14]
# 536 projs (171 pts and 0 merges)
SKIP: 0 cams, 1072 points, 4796 projs
PBA: 1391 3D pts, 20 cams and 8161 projs...
PBA: 2.248 -> 1.494 (5 LMs in 0.01sec)
Focal Length : [1296.946]->[1390.478]
Radial Distortion : [0.946 -> 16]

#############################
#38: [WIN..0_Pro] sees 593 (+309) 3D points
Estimated Focal Length [2616][4.09N]
# 151 projs (0 pts and 1 merges)
SKIP: 0 cams, 989 points, 4205 projs
PBA: 1460 3D pts, 20 cams and 8793 projs...
PBA: 1.613 -> 1.403 (5 LMs in 0.04sec)
#points w/ large errors:	41
#unstable points removed:	4
Radial Distortion : [5.218 -> 22]
# 349 projs (150 pts and 0 merges)
SKIP: 0 cams, 966 points, 4326 projs
PBA: 1569 3D pts, 20 cams and 9019 projs...
PBA: 2.005 -> 1.585 (5 LMs in 0.03sec)
Focal Length : [2616.399]->[2159.149]
Radial Distortion : [3.348 -> 23]

#############################
#39: [WIN..1_Pro] sees 773 (+231) 3D points
Estimated Focal Length [1644][2.57N]
# 162 projs (0 pts and 0 merges)
PBA: 2485 3D pts, 39 cams and 13254 projs...
PBA: 1.441 -> 1.177 (20 LMs in 0.19sec)
#points w/ large errors:	83
#unstable points removed:	4
Focal Length : [1644.136]->[1352.869]
Radial Distortion : [0.452 -> 8]

#############################
#40: [WIN..o (2)] sees 858 (+224) 3D points
Estimated Focal Length [2697][4.21N]
# 849 projs (262 pts and 10 merges)
SKIP: 0 cams, 1305 points, 6717 projs
PBA: 1362 3D pts, 20 cams and 7440 projs...
PBA: 3.136 -> 1.767 (5 LMs in 0.04sec)
#points w/ large errors:	35
#unstable points removed:	29
Focal Length : [2697.453]->[1533.395]
Radial Distortion : [0.249 -> 3]

^^^^^^^^^^^^^^^^^^^^^^^^^^^^^^^^
#40/40:  1485 projs and 486 pts added.
PBA: 2945 3D pts, 40 cams and 14858 projs...
PBA: 2.330 -> 1.224 (50 LMs in 0.17sec)
#points w/ large errors:	18
PBA: 2927 3D pts, 40 cams and 14791 projs...
PBA: 1.181 -> 1.155 (17 LMs in 0.16sec)
#points w/ large errors:	5
END: No more images to add [0 projs]

#############################
Failed to find two images for initialization
NOTE: 1 small models are deleted
Resuming SfM finished, 11 sec used

---------------------------------------------------
40 cams, 2961 pts (3+: 2054)
14799 projections (3+: 13032)
---------------------------------------------------
1 model(s) reconstructed from 40 images;
40 modeled; 0 reused; 0 EXIF; 
1MB(1) used to store feature location.
---------------------------------------------------

########-------timing------#########
Structure-From-Motion finished, 11 sec used
9.8(8.5) seconds on Bundle Adjustment (+)
9.1(8.1) seconds on Bundle Adjustment (*)
#############################
----------------------------------------------------------------
Run full 3D reconstruction, finished
Totally 11.000 seconds used


Run dense reconstruction, begin...
Save to 1.nvm ... done

#############################
Undistorting 40 images in model #0
param_undistortion_thread_num = 0
NOTE: using 16 threads...
#09: WIN..1_Pro -> 00000019.jpg, 0.063 sec
#01: WIN..o (2) -> 00000002.jpg, 0.065 sec
#11: WIN..9_Pro -> 00000009.jpg, 0.066 sec
#02: WIN..3_Pro -> 00000004.jpg, 0.067 sec
#10: WIN..0_Pro -> 00000008.jpg, 0.068 sec
#06: WIN..3_Pro -> 00000016.jpg, 0.068 sec
#00: WIN..4_Pro -> 00000000.jpg, 0.068 sec
#13: WIN..o (2) -> 00000011.jpg, 0.069 sec
#03: WIN..o (2) -> 00000006.jpg, 0.069 sec
#14: WIN..7_Pro -> 00000012.jpg, 0.070 sec
#15: WIN..5_Pro -> 00000013.jpg, 0.070 sec
#07: WIN..o (2) -> 00000017.jpg, 0.071 sec
#12: WIN..8_Pro -> 00000010.jpg, 0.071 sec
#05: WIN..5_Pro -> 00000015.jpg, 0.071 sec
#04: WIN..6_Pro -> 00000014.jpg, 0.072 sec
#08: WIN..2_Pro -> 00000018.jpg, 0.097 sec
#09: WIN..o (2) -> 00000020.jpg, 0.046 sec
#01: WIN..6_Pro -> 00000003.jpg, 0.060 sec
#11: WIN..0_Pro -> 00000022.jpg, 0.061 sec
#02: WIN..2_Pro -> 00000005.jpg, 0.062 sec
#10: WIN..o (2) -> 00000024.jpg, 0.062 sec
#00: WIN..5_Pro -> 00000001.jpg, 0.060 sec
#06: WIN..o (2) -> 00000026.jpg, 0.064 sec
#13: WIN..6_Pro -> 00000028.jpg, 0.060 sec
#03: WIN..1_Pro -> 00000007.jpg, 0.064 sec
#14: WIN..5_Pro -> 00000030.jpg, 0.060 sec
#15: WIN..o (2) -> 00000032.jpg, 0.062 sec
#07: WIN..2_Pro -> 00000034.jpg, 0.060 sec
#12: WIN..9_Pro -> 00000036.jpg, 0.059 sec
#05: WIN..1_Pro -> 00000038.jpg, 0.059 sec
#09: WIN..o (2) -> 00000021.jpg, 0.047 sec
#11: WIN..9_Pro -> 00000023.jpg, 0.057 sec
#10: WIN..8_Pro -> 00000025.jpg, 0.055 sec
#06: WIN..7_Pro -> 00000027.jpg, 0.057 sec
#13: WIN..o (2) -> 00000029.jpg, 0.053 sec
#14: WIN..4_Pro -> 00000031.jpg, 0.053 sec
#15: WIN..3_Pro -> 00000033.jpg, 0.052 sec
#07: WIN..8_Pro -> 00000035.jpg, 0.053 sec
#12: WIN..0_Pro -> 00000037.jpg, 0.055 sec
#05: WIN..o (2) -> 00000039.jpg, 0.055 sec
----------------------------------------------------------------
Running Yasutaka Furukawa's CMVS tool...
cmvs C:\Users\86186\Desktop\ex\vr\VisualSFM_windows_cuda_64bit\image\1.nvm.cmvs\00\ 50 16
ERROR: the above CMVS command failed!
FAQ: http://ccwu.me/vsfm/doc.html#errors
----------------------------------------------------------------
Run dense reconstruction, finished
Totally 1.000 seconds used


Compute remaining photos, begin...

---------------------------------------------------
40 cams, 2961 pts (3+: 2054)
14799 projections (3+: 13032)
---------------------------------------------------
1 model(s) reconstructed from 40 images;
40 modeled; 0 reused; 0 EXIF; 
1MB(1) used to store feature location.
---------------------------------------------------
----------------------------------------------------------------
Compute remaining photos, finished
Totally 0.000 seconds used


Compute remaining photos, begin...

---------------------------------------------------
40 cams, 2961 pts (3+: 2054)
14799 projections (3+: 13032)
---------------------------------------------------
1 model(s) reconstructed from 40 images;
40 modeled; 0 reused; 0 EXIF; 
1MB(1) used to store feature location.
---------------------------------------------------
----------------------------------------------------------------
Compute remaining photos, finished
Totally 0.000 seconds used

