
Modifying Calibration, begin...
fx = 432.324402, cx = 319.813385
fy = 432.324402, cy = 242.546066
radial_distortion = 0.000000
----------------------------------------------------------------
Modifying Calibration, finished
Totally 0.000 seconds used


Modifying Calibration, begin...
fx = 432.324402, cx = 319.813385
fy = 432.324402, cy = 242.546066
radial_distortion = 0.000000
----------------------------------------------------------------
Modifying Calibration, finished
Totally 0.000 seconds used


Modifying Calibration, begin...
fx = 432.324402, cx = 319.813385
fy = 432.324402, cy = 242.546066
radial_distortion = 0.000000
----------------------------------------------------------------
Modifying Calibration, finished
Totally 0.000 seconds used


Modifying Calibration, begin...
fx = 432.324402, cx = 319.813385
fy = 432.324402, cy = 242.546066
radial_distortion = 0.000000
----------------------------------------------------------------
Modifying Calibration, finished
Totally 0.000 seconds used


Modifying Calibration, begin...
fx = 432.324402, cx = 319.813385
fy = 432.324402, cy = 242.546066
radial_distortion = -0.362921
----------------------------------------------------------------
Modifying Calibration, finished
Totally 0.000 seconds used


Modifying Calibration, begin...
fx = 432.324402, cx = 319.813385
fy = 432.324402, cy = 242.546066
radial_distortion = -0.362921
----------------------------------------------------------------
Modifying Calibration, finished
Totally 0.000 seconds used

0: WIN_20220324_10_43_09_Pro
image_size:	640x480
#sift count:	7476

1: WIN_20220324_10_43_11_Pro
image_size:	640x480
#sift count:	7778

2: WIN_20220324_10_43_14_Pro
image_size:	640x480
#sift count:	6981

3: WIN_20220324_10_43_16_Pro
image_size:	640x480
#sift count:	7787

4: WIN_20220324_10_43_18_Pro
image_size:	640x480
#sift count:	7715

5: WIN_20220324_10_43_19_Pro
image_size:	640x480
#sift count:	7599

6: WIN_20220324_10_43_22_Pro
image_size:	640x480
#sift count:	6840

7: WIN_20220324_10_43_24_Pro
image_size:	640x480
#sift count:	7136

8: WIN_20220324_10_43_25_Pro
image_size:	640x480
#sift count:	4881

9: WIN_20220324_10_43_27_Pro
image_size:	640x480
#sift count:	6273

10: WIN_20220324_10_43_28_Pro
image_size:	640x480
#sift count:	6055

11: WIN_20220324_10_43_31_Pro
image_size:	640x480
#sift count:	6671

12: WIN_20220324_10_43_33_Pro
image_size:	640x480
#sift count:	4924

13: WIN_20220324_10_43_35_Pro
image_size:	640x480
#sift count:	5264

14: WIN_20220324_10_43_36_Pro
image_size:	640x480
#sift count:	6437

15: WIN_20220324_10_43_37_Pro
image_size:	640x480
#sift count:	6880

16: WIN_20220324_10_43_38_Pro
image_size:	640x480
#sift count:	7088

17: WIN_20220324_10_43_40_Pro
image_size:	640x480
#sift count:	7885

18: WIN_20220324_10_43_41_Pro
image_size:	640x480
#sift count:	8124

19: WIN_20220324_10_43_42_Pro
image_size:	640x480
#sift count:	8261

20: WIN_20220324_10_43_43_Pro
image_size:	640x480
#sift count:	8177

21: WIN_20220324_10_43_44_Pro
image_size:	640x480
#sift count:	7009

22: WIN_20220324_10_43_45_Pro
image_size:	640x480
#sift count:	7857

23: WIN_20220324_10_43_47_Pro
image_size:	640x480
#sift count:	5960

24: WIN_20220324_10_43_48_Pro
image_size:	640x480
#sift count:	5038

25: WIN_20220324_10_43_49_Pro
image_size:	640x480
#sift count:	6930

26: WIN_20220324_10_43_50_Pro
image_size:	640x480
#sift count:	7616

27: WIN_20220324_10_43_51_Pro
image_size:	640x480
#sift count:	4827

28: WIN_20220324_10_43_52_Pro
image_size:	640x480
#sift count:	6650

29: WIN_20220324_10_43_53_Pro (2)
image_size:	640x480
#sift count:	7839

30: WIN_20220324_10_43_53_Pro
image_size:	640x480
#sift count:	7715

31: WIN_20220324_10_43_55_Pro
image_size:	640x480
#sift count:	4108

32: WIN_20220324_10_43_56_Pro
image_size:	640x480
#sift count:	7363

33: WIN_20220324_10_43_57_Pro
image_size:	640x480
#sift count:	6558

34: WIN_20220324_10_43_58_Pro (2)
image_size:	640x480
#sift count:	6759

35: WIN_20220324_10_43_58_Pro
image_size:	640x480
#sift count:	4735

36: WIN_20220324_10_43_59_Pro
image_size:	640x480
#sift count:	8217

37: WIN_20220324_10_44_00_Pro
image_size:	640x480
#sift count:	7607

38: WIN_20220324_10_44_01_Pro
image_size:	640x480
#sift count:	7471

39: WIN_20220324_10_44_02_Pro
image_size:	640x480
#sift count:	7337

40: WIN_20220324_10_44_05_Pro
image_size:	640x480
#sift count:	8385

41: WIN_20220324_10_44_06_Pro
image_size:	640x480
#sift count:	7287

42: WIN_20220324_10_44_07_Pro (2)
image_size:	640x480
#sift count:	8098

43: WIN_20220324_10_44_07_Pro
image_size:	640x480
#sift count:	7025

44: WIN_20220324_10_44_09_Pro (2)
image_size:	640x480
#sift count:	7499

45: WIN_20220324_10_44_09_Pro
image_size:	640x480
#sift count:	5652

46: WIN_20220324_10_44_10_Pro
image_size:	640x480
#sift count:	7543

47: WIN_20220324_10_44_11_Pro
image_size:	640x480
#sift count:	4001

48: WIN_20220324_10_44_12_Pro
image_size:	640x480
#sift count:	5973

49: WIN_20220324_10_44_14_Pro
image_size:	640x480
#sift count:	6132

**************************************
Change the number of pixel-loaded images by 
modifying param_visual_data_budget in nv.ini
Use the PAUSE button to skip the pixel loading
**************************************
Loading image pixel data ...done in 0s

Compute structures from two images, begin...
NOTE: loose thresholds used for manual update
0048 and 0049: [650/1087], H[262], 0.01sec
----------------------------------------------------------------
Compute structures from two images, finished
Totally 0.000 seconds used


Run full 3D reconstruction, begin...
1026 pairs have two-view models
1192 pairs have fundamental matrices
Initialize with WIN..6_Pro and WIN..8_Pro
2336 3D points initialized from two images
PBA library version = 105
PBA: 2336 3D pts, 2 cams and 4672 projs...
PBA: 3.397 -> 0.126 (1 LMs in 0.10sec)
Focal Length : [432.324]->[432.324]
Focal Length : [432.324]->[432.324]

#############################
#3: [WIN..9_Pro] sees 2496 (+1623) 3D points
Estimated Focal Length [432][0.68W]
# 1207 projs (0 pts and 0 merges)
PBA: 2336 3D pts, 3 cams and 5879 projs...
PBA: 6.579 -> 0.362 (60 LMs in 0.20sec)

**************************************
#3/3:  4534 projs and 1563 pts added.
PBA: 3590 3D pts, 3 cams and 8588 projs...
PBA: 1.889 -> 1.164 (16 LMs in 0.04sec)
PBA: 3590 3D pts, 3 cams and 8588 projs...
PBA: 1.164 -> 1.164 (12 LMs in 0.03sec)
Focal Length : [432.324]->[432.324]
Radial Distortion : [-0.363 -> -64]

#############################
#4: [WIN..5_Pro] sees 3686 (+1629) 3D points
Estimated Focal Length [432][0.68W]
# 1865 projs (0 pts and 0 merges)
PBA: 3406 3D pts, 4 cams and 10085 projs...
PBA: 7.782 -> 2.363 (21 LMs in 0.28sec)
#points w/ large errors:	111
Focal Length : [432.324]->[432.324]
Radial Distortion : [-0.363 -> -64]

#############################
#5: [WIN..9_Pro] sees 4530 (+1886) 3D points
Estimated Focal Length [432][0.68W]
# 943 projs (0 pts and 0 merges)
PBA: 3089 3D pts, 5 cams and 10377 projs...
PBA: 5.416 -> 2.570 (20 LMs in 0.09sec)
#points w/ large errors:	222

**************************************
#5/5:  8951 projs and 3203 pts added.
PBA: 5983 3D pts, 5 cams and 17475 projs...
PBA: 30.848 -> 10.732 (20 LMs in 0.08sec)
#points w/ large errors:	207
#unstable points removed:	43
PBA: 5733 3D pts, 5 cams and 16725 projs...
PBA: 10.568 -> 10.510 (40 LMs in 0.17sec)
#points w/ large errors:	13
#unstable points removed:	3
Focal Length : [432.324]->[432.324]
Radial Distortion : [-0.363 -> -64]

#############################
#6: [WIN..1_Pro] sees 5693 (+1676) 3D points
Estimated Focal Length [432][0.68W]
# 1503 projs (0 pts and 3 merges)
PBA: 5039 3D pts, 6 cams and 16830 projs...
PBA: 13.139 -> 10.593 (20 LMs in 0.07sec)
#points w/ large errors:	1654
Focal Length : [432.324]->[432.324]
Radial Distortion : [-0.363 -> -64]

#############################
#7: [WIN..2_Pro] sees 4929 (+2833) 3D points
Estimated Focal Length [432][0.68W]
# 1446 projs (0 pts and 4 merges)
PBA: 3571 3D pts, 7 cams and 13355 projs...
PBA: 7.747 -> 4.342 (47 LMs in 0.18sec)
#points w/ large errors:	428
#unstable points removed:	4

**************************************
#7/7:  9792 projs and 2572 pts added.
PBA: 5679 3D pts, 7 cams and 20360 projs...
PBA: 33.420 -> 4.151 (50 LMs in 0.48sec)
#points w/ large errors:	356
PBA: 5323 3D pts, 7 cams and 19497 projs...
PBA: 3.812 -> 3.215 (50 LMs in 0.15sec)
#points w/ large errors:	51
Focal Length : [432.324]->[432.324]
Radial Distortion : [-0.363 -> -64]

#############################
#8: [WIN..3_Pro] sees 8416 (+2108) 3D points
Estimated Focal Length [432][0.68W]
# 2998 projs (0 pts and 6 merges)
PBA: 5225 3D pts, 8 cams and 22297 projs...
PBA: 6.452 -> 3.299 (46 LMs in 0.28sec)
#points w/ large errors:	154
Focal Length : [432.324]->[432.324]
Radial Distortion : [-0.363 -> -64]

#############################
#9: [WIN..0_Pro] sees 9910 (+2132) 3D points
Estimated Focal Length [432][0.68W]
# 2695 projs (0 pts and 9 merges)
PBA: 3854 3D pts, 9 cams and 21929 projs...
PBA: 5.523 -> 2.771 (20 LMs in 0.14sec)
#points w/ large errors:	194

**************************************
#9/9:  8590 projs and 1686 pts added.
PBA: 6468 3D pts, 9 cams and 29286 projs...
PBA: 11.424 -> 6.105 (40 LMs in 0.17sec)
#points w/ large errors:	303
PBA: 6165 3D pts, 9 cams and 28108 projs...
PBA: 5.522 -> 5.509 (16 LMs in 0.04sec)
#points w/ large errors:	35
Focal Length : [432.324]->[432.324]
Radial Distortion : [-0.363 -> -64]

#############################
#10: [WIN..5_Pro] sees 7948 (+1483) 3D points
Estimated Focal Length [432][0.68W]
# 2087 projs (0 pts and 19 merges)
PBA: 4496 3D pts, 10 cams and 26830 projs...
PBA: 8.864 -> 6.225 (25 LMs in 0.12sec)
#points w/ large errors:	880
Focal Length : [432.324]->[432.324]
Radial Distortion : [-0.363 -> -64]

#############################
#11: [WIN..o (2)] sees 5658 (+1848) 3D points
Estimated Focal Length [432][0.68W]
# 1441 projs (0 pts and 3 merges)
PBA: 3770 3D pts, 11 cams and 23427 projs...
PBA: 6.167 -> 4.324 (20 LMs in 0.06sec)
#points w/ large errors:	441
Focal Length : [432.324]->[432.324]
Radial Distortion : [-0.363 -> -64]

#############################
#12: [WIN..4_Pro] sees 5129 (+1586) 3D points
Estimated Focal Length [432][0.68W]
# 1511 projs (0 pts and 4 merges)
PBA: 3393 3D pts, 12 cams and 22027 projs...
PBA: 4.336 -> 2.788 (25 LMs in 0.19sec)
#points w/ large errors:	259

**************************************
#12/12:  15389 projs and 4240 pts added.
PBA: 8254 3D pts, 12 cams and 36431 projs...
PBA: 7.730 -> 3.959 (50 LMs in 0.09sec)
#points w/ large errors:	126
#unstable points removed:	44
PBA: 8084 3D pts, 12 cams and 35694 projs...
PBA: 3.824 -> 3.704 (45 LMs in 0.22sec)
#points w/ large errors:	25
Focal Length : [432.324]->[432.324]
Radial Distortion : [-0.363 -> -64]

#############################
#13: [WIN..0_Pro] sees 8140 (+1466) 3D points
Estimated Focal Length [432][0.68W]
# 2203 projs (0 pts and 11 merges)
PBA: 5458 3D pts, 13 cams and 32560 projs...
PBA: 6.461 -> 4.526 (51 LMs in 0.14sec)
#points w/ large errors:	1023
Focal Length : [432.324]->[432.324]
Radial Distortion : [-0.363 -> -64]

#############################
#14: [WIN..1_Pro] sees 6654 (+1730) 3D points
Estimated Focal Length [432][0.68W]
# 1573 projs (0 pts and 6 merges)
PBA: 4630 3D pts, 14 cams and 29271 projs...
PBA: 5.131 -> 3.970 (49 LMs in 0.19sec)
#points w/ large errors:	498
Focal Length : [432.324]->[432.324]
Radial Distortion : [-0.363 -> -64]

#############################
#15: [WIN..2_Pro] sees 5834 (+1826) 3D points
Estimated Focal Length [432][0.68W]
# 1173 projs (0 pts and 5 merges)
PBA: 4240 3D pts, 15 cams and 27923 projs...
PBA: 4.962 -> 2.880 (24 LMs in 0.11sec)
#points w/ large errors:	436
Focal Length : [432.324]->[432.324]
Radial Distortion : [-0.363 -> -64]

#############################
#16: [WIN..8_Pro] sees 5888 (+1605) 3D points
Estimated Focal Length [432][0.68W]
# 1441 projs (0 pts and 10 merges)
PBA: 3944 3D pts, 16 cams and 27043 projs...
PBA: 3.470 -> 1.730 (79 LMs in 0.50sec)
#points w/ large errors:	272

**************************************
#16/16:  25421 projs and 6298 pts added.
PBA: 11059 3D pts, 16 cams and 52344 projs...
PBA: 17.673 -> 6.675 (50 LMs in 1.40sec)
#points w/ large errors:	254
PBA: 10805 3D pts, 16 cams and 50765 projs...
PBA: 6.492 -> 6.450 (50 LMs in 0.14sec)
#points w/ large errors:	36
Focal Length : [432.324]->[432.324]
Radial Distortion : [-0.363 -> -64]

#############################
#17: [WIN..6_Pro] sees 9526 (+1479) 3D points
Estimated Focal Length [432][0.68W]
# 3279 projs (0 pts and 22 merges)
PBA: 6880 3D pts, 17 cams and 46061 projs...
PBA: 9.362 -> 7.059 (36 LMs in 0.22sec)
#points w/ large errors:	1896
Focal Length : [432.324]->[432.324]
Radial Distortion : [-0.363 -> -64]

#############################
#18: [WIN..7_Pro] sees 8481 (+1298) 3D points
Estimated Focal Length [432][0.68W]
# 2303 projs (0 pts and 19 merges)
PBA: 5510 3D pts, 18 cams and 38874 projs...
PBA: 6.349 -> 4.384 (100 LMs in 0.49sec)
#points w/ large errors:	643
Focal Length : [432.324]->[432.324]
Radial Distortion : [-0.363 -> -64]

#############################
#19: [WIN..7_Pro] sees 4157 (+1536) 3D points
Estimated Focal Length [432][0.68W]
# 1594 projs (0 pts and 11 merges)
PBA: 5050 3D pts, 19 cams and 35893 projs...
PBA: 4.346 -> 3.402 (100 LMs in 0.48sec)
#points w/ large errors:	384
Focal Length : [432.324]->[432.324]
Radial Distortion : [-0.363 -> -64]

#############################
#20: [WIN..o (2)] sees 4403 (+1439) 3D points
Estimated Focal Length [432][0.68W]
# 1122 projs (0 pts and 6 merges)
PBA: 4717 3D pts, 20 cams and 33392 projs...
PBA: 3.768 -> 3.036 (100 LMs in 1.06sec)
#points w/ large errors:	180
Focal Length : [432.324]->[432.324]
Radial Distortion : [-0.363 -> -64]

#############################
#21: [WIN..4_Pro] sees 5361 (+1423) 3D points
Estimated Focal Length [432][0.68W]
# 937 projs (0 pts and 12 merges)
SKIP: 0 cams, 3544 points, 1355 projs
PBA: 7382 3D pts, 20 cams and 38700 projs...
PBA: 3.135 -> 2.447 (5 LMs in 0.02sec)
#points w/ large errors:	386

**************************************
#21/21:  37067 projs and 8572 pts added.
PBA: 14491 3D pts, 21 cams and 69585 projs...
PBA: 24.903 -> 7.451 (50 LMs in 0.16sec)
#points w/ large errors:	356
#unstable points removed:	1
PBA: 14134 3D pts, 21 cams and 67162 projs...
PBA: 7.338 -> 7.327 (18 LMs in 0.06sec)
#points w/ large errors:	28
Focal Length : [432.324]->[432.324]
Radial Distortion : [-0.363 -> -64]

#############################
#22: [WIN..2_Pro] sees 8884 (+1350) 3D points
Estimated Focal Length [432][0.68W]
# 2290 projs (0 pts and 41 merges)
SKIP: 0 cams, 500 points, 363 projs
PBA: 13808 3D pts, 20 cams and 68699 projs...
PBA: 8.620 -> 7.952 (5 LMs in 0.01sec)
#points w/ large errors:	3307
Focal Length : [432.324]->[432.324]
Radial Distortion : [-0.363 -> -64]

#############################
#23: [WIN..6_Pro] sees 4781 (+1274) 3D points
Estimated Focal Length [432][0.68W]
# 1466 projs (0 pts and 5 merges)
SKIP: 0 cams, 3962 points, 23792 projs
PBA: 10343 3D pts, 20 cams and 46367 projs...
PBA: 5.992 -> 4.460 (5 LMs in 0.04sec)
#points w/ large errors:	983
#unstable points removed:	1
Focal Length : [432.324]->[432.324]
Radial Distortion : [-0.363 -> -64]

#############################
#24: [WIN..o (2)] sees 2640 (+1422) 3D points
Estimated Focal Length [432][0.68W]
# 864 projs (0 pts and 3 merges)
SKIP: 0 cams, 5002 points, 7555 projs
PBA: 9302 3D pts, 20 cams and 39935 projs...
PBA: 3.356 -> 2.826 (5 LMs in 0.01sec)
#points w/ large errors:	452
Focal Length : [432.324]->[432.324]
Radial Distortion : [-0.363 -> -64]

#############################
#25: [WIN..6_Pro] sees 1969 (+1389) 3D points
Estimated Focal Length [432][0.68W]
# 667 projs (0 pts and 0 merges)
SKIP: 0 cams, 5543 points, 4383 projs
PBA: 8748 3D pts, 20 cams and 36563 projs...
PBA: 2.750 -> 2.296 (5 LMs in 0.02sec)
#points w/ large errors:	299
Focal Length : [432.324]->[432.324]
Radial Distortion : [-0.363 -> -64]

#############################
#26: [WIN..4_Pro] sees 2374 (+1377) 3D points
Estimated Focal Length [432][0.68W]
# 515 projs (0 pts and 2 merges)
PBA: 4482 3D pts, 26 cams and 27307 projs...
PBA: 2.762 -> 2.142 (44 LMs in 0.24sec)
#points w/ large errors:	350
#unstable points removed:	6
Focal Length : [432.324]->[432.324]
Radial Distortion : [-0.363 -> -64]

#############################
#27: [WIN..1_Pro] sees 2047 (+1617) 3D points
Estimated Focal Length [432][0.68W]
# 595 projs (0 pts and 5 merges)
SKIP: 0 cams, 6442 points, 3101 projs
PBA: 7816 3D pts, 20 cams and 33187 projs...
PBA: 1.585 -> 1.418 (5 LMs in 0.04sec)
#points w/ large errors:	84

**************************************
#27/27:  45803 projs and 11039 pts added.
PBA: 17672 3D pts, 27 cams and 76701 projs...
PBA: 41.236 -> 11.143 (50 LMs in 0.42sec)
#points w/ large errors:	697
#unstable points removed:	21
PBA: 16954 3D pts, 27 cams and 72560 projs...
PBA: 11.434 -> 11.402 (18 LMs in 0.09sec)
#points w/ large errors:	95
Focal Length : [432.324]->[432.324]
Radial Distortion : [-0.363 -> -64]

#############################
#28: [WIN..7_Pro] sees 6940 (+1425) 3D points
Estimated Focal Length = [432][0.68W][X]???
Estimated Focal Length = [432][0.68W][X]???

#############################
#28: [WIN..0_Pro] sees 5336 (+1502) 3D points
Estimated Focal Length [432][0.68W]
# 997 projs (0 pts and 12 merges)
SKIP: 0 cams, 1487 points, 2044 projs
PBA: 15868 3D pts, 20 cams and 70877 projs...
PBA: 12.273 -> 11.739 (5 LMs in 0.13sec)
#points w/ large errors:	5894
#unstable points removed:	4
Focal Length : [432.324]->[432.324]
Radial Distortion : [-0.363 -> -64]

#############################
#29: [WIN..0_Pro] sees 3588 (+2175) 3D points
Estimated Focal Length [432][0.68W]
# 891 projs (0 pts and 3 merges)
SKIP: 0 cams, 7637 points, 35380 projs
PBA: 9815 3D pts, 20 cams and 38078 projs...
PBA: 5.616 -> 3.378 (5 LMs in 0.06sec)
#points w/ large errors:	792
Focal Length : [432.324]->[432.324]
Radial Distortion : [-0.363 -> -64]

#############################
#30: [WIN..9_Pro] sees 3144 (+2177) 3D points
Estimated Focal Length [432][0.68W]
# 727 projs (0 pts and 6 merges)
SKIP: 0 cams, 8753 points, 6283 projs
PBA: 8784 3D pts, 20 cams and 34844 projs...
PBA: 2.818 -> 2.567 (5 LMs in 0.03sec)
#points w/ large errors:	235
Focal Length : [432.324]->[432.324]
Radial Distortion : [-0.363 -> -64]

#############################
#31: [WIN..3_Pro] sees 2839 (+2136) 3D points
Estimated Focal Length [432][0.68W]
# 515 projs (0 pts and 2 merges)
SKIP: 0 cams, 9317 points, 5179 projs
PBA: 8215 3D pts, 20 cams and 33076 projs...
PBA: 2.817 -> 2.250 (5 LMs in 0.04sec)
#points w/ large errors:	233
Focal Length : [432.324]->[432.324]
Radial Distortion : [-0.363 -> -64]

#############################
#32: [WIN..o (2)] sees 3008 (+3400) 3D points
Estimated Focal Length [432][0.68W]
# 592 projs (0 pts and 2 merges)
PBA: 3948 3D pts, 32 cams and 24754 projs...
PBA: 3.057 -> 1.884 (51 LMs in 0.21sec)
#points w/ large errors:	330
Focal Length : [432.324]->[432.324]
Radial Distortion : [-0.363 -> -64]

#############################
#33: [WIN..9_Pro] sees 2442 (+2856) 3D points
Estimated Focal Length [432][0.68W]
# 510 projs (0 pts and 1 merges)
SKIP: 0 cams, 10406 points, 6573 projs
PBA: 7144 3D pts, 20 cams and 29847 projs...
PBA: 1.516 -> 1.443 (5 LMs in 0.01sec)
#points w/ large errors:	34
Focal Length : [432.324]->[432.324]
Radial Distortion : [-0.363 -> -64]

#############################
#34: [WIN..2_Pro] sees 3177 (+2802) 3D points
Estimated Focal Length [432][0.68W]
# 496 projs (0 pts and 3 merges)
SKIP: 0 cams, 10662 points, 6014 projs
PBA: 6885 3D pts, 20 cams and 29519 projs...
PBA: 1.690 -> 1.534 (5 LMs in 0.01sec)
#points w/ large errors:	24

**************************************
#34/34:  38650 projs and 9786 pts added.
PBA: 17150 3D pts, 34 cams and 70988 projs...
PBA: 31.905 -> 8.406 (34 LMs in 0.24sec)
#points behind cam :	1
#points w/ large errors:	454
#unstable points removed:	32
PBA: 16661 3D pts, 34 cams and 68452 projs...
PBA: 8.402 -> 8.342 (43 LMs in 0.09sec)
#points w/ large errors:	91
#unstable points removed:	29
Focal Length : [432.324]->[432.324]
Radial Distortion : [-0.363 -> -64]

#############################
#35: [WIN..1_Pro] sees 3595 (+1078) 3D points
Estimated Focal Length [432][0.68W]
# 1218 projs (0 pts and 9 merges)
SKIP: 0 cams, 3642 points, 6838 projs
PBA: 13772 3D pts, 20 cams and 62316 projs...
PBA: 9.491 -> 9.385 (5 LMs in 0.01sec)
#points w/ large errors:	4619
#unstable points removed:	4
Focal Length : [432.324]->[432.324]
Radial Distortion : [-0.363 -> -64]

#############################
#36: [WIN..7_Pro] sees 2570 (+1449) 3D points
Estimated Focal Length [432][0.68W]
# 817 projs (0 pts and 8 merges)
SKIP: 0 cams, 8554 points, 35626 projs
PBA: 8912 3D pts, 20 cams and 33903 projs...
PBA: 3.804 -> 2.162 (5 LMs in 0.02sec)
#points w/ large errors:	402
#unstable points removed:	4
Focal Length : [432.324]->[432.324]
Radial Distortion : [-0.363 -> -64]

#############################
#37: [WIN..8_Pro] sees 2578 (+1999) 3D points
Estimated Focal Length [432][0.68W]
# 675 projs (0 pts and 5 merges)
SKIP: 0 cams, 9455 points, 10824 projs
PBA: 8019 3D pts, 20 cams and 30764 projs...
PBA: 2.572 -> 1.990 (5 LMs in 0.01sec)
#points w/ large errors:	163
Focal Length : [432.324]->[432.324]
Radial Distortion : [-0.363 -> -64]

#############################
#38: [WIN..4_Pro] sees 1761 (+1237) 3D points
Estimated Focal Length [432][0.68W]
# 476 projs (0 pts and 3 merges)
SKIP: 0 cams, 10589 points, 11959 projs
PBA: 6879 3D pts, 20 cams and 27729 projs...
PBA: 2.728 -> 1.995 (5 LMs in 0.03sec)
#points w/ large errors:	165
Focal Length : [432.324]->[432.324]
Radial Distortion : [-0.363 -> -64]

#############################
#39: [WIN..7_Pro] sees 1669 (+1253) 3D points
Estimated Focal Length [432][0.68W]
# 372 projs (0 pts and 7 merges)
PBA: 4461 3D pts, 39 cams and 24617 projs...
PBA: 2.035 -> 1.500 (32 LMs in 0.13sec)
#points w/ large errors:	237
#unstable points removed:	4
Focal Length : [432.324]->[432.324]
Radial Distortion : [-0.363 -> -64]

#############################
#40: [WIN..2_Pro] sees 1415 (+1256) 3D points
Estimated Focal Length [432][0.68W]
# 212 projs (0 pts and 1 merges)
SKIP: 0 cams, 11500 points, 13544 projs
PBA: 5930 3D pts, 20 cams and 24137 projs...
PBA: 1.563 -> 1.319 (5 LMs in 0.11sec)
#points w/ large errors:	107
Focal Length : [432.324]->[432.324]
Radial Distortion : [-0.363 -> -64]

#############################
#41: [WIN..8_Pro] sees 776 (+990) 3D points
Estimated Focal Length [432][0.68W]
# 147 projs (0 pts and 0 merges)
SKIP: 0 cams, 11779 points, 13687 projs
PBA: 5655 3D pts, 20 cams and 23040 projs...
PBA: 1.285 -> 1.087 (5 LMs in 0.03sec)
#points w/ large errors:	47
Focal Length : [432.324]->[432.324]
Radial Distortion : [-0.363 -> -64]

#############################
#42: [WIN..5_Pro] sees 1017 (+746) 3D points
Estimated Focal Length [432][0.68W]
# 196 projs (0 pts and 1 merges)
SKIP: 0 cams, 12515 points, 14893 projs
PBA: 4923 3D pts, 20 cams and 21213 projs...
PBA: 1.489 -> 1.211 (5 LMs in 0.01sec)
#points w/ large errors:	22
Focal Length : [432.324]->[432.324]
Radial Distortion : [-0.363 -> -64]

#############################
#43: [WIN..9_Pro] sees 697 (+859) 3D points
Estimated Focal Length [432][0.68W]
# 94 projs (0 pts and 0 merges)
SKIP: 0 cams, 13280 points, 17134 projs
PBA: 4202 3D pts, 20 cams and 18898 projs...
PBA: 1.242 -> 1.160 (5 LMs in 0.01sec)
#points w/ large errors:	59

**************************************
#43/43:  56899 projs and 14029 pts added.
PBA: 22024 3D pts, 43 cams and 89199 projs...
PBA: 41.480 -> 10.588 (31 LMs in 0.23sec)
#points behind cam :	5
#points w/ large errors:	844
#unstable points removed:	71
PBA: 21091 3D pts, 43 cams and 83574 projs...
PBA: 10.756 -> 10.712 (18 LMs in 0.13sec)
#points w/ large errors:	142
#unstable points removed:	16
Focal Length : [432.324]->[432.324]
Radial Distortion : [-0.363 -> -64]

#############################
#44: [WIN..5_Pro] sees 3764 (+808) 3D points
Estimated Focal Length [432][0.68W]
# 724 projs (0 pts and 10 merges)
SKIP: 0 cams, 6944 points, 16207 projs
PBA: 14829 3D pts, 20 cams and 67587 projs...
PBA: 13.319 -> 12.895 (5 LMs in 0.05sec)
#points w/ large errors:	6967
#unstable points removed:	19
Focal Length : [432.324]->[432.324]
Radial Distortion : [-0.363 -> -64]

#############################
#45: [WIN..3_Pro] sees 1877 (+711) 3D points
Estimated Focal Length [432][0.68W]
# 387 projs (0 pts and 5 merges)
SKIP: 0 cams, 14068 points, 56056 projs
PBA: 7751 3D pts, 20 cams and 27334 projs...
PBA: 5.092 -> 3.850 (5 LMs in 0.02sec)
#points w/ large errors:	715
#unstable points removed:	59
Focal Length : [432.324]->[432.324]
Radial Distortion : [-0.363 -> -64]

#############################
#46: [WIN..1_Pro] sees 477 (+474) 3D points
Estimated Focal Length [432][0.68W]
# 131 projs (0 pts and 0 merges)
SKIP: 0 cams, 14927 points, 20360 projs
PBA: 6902 3D pts, 20 cams and 22728 projs...
PBA: 2.993 -> 2.817 (5 LMs in 0.05sec)
#points w/ large errors:	198
#unstable points removed:	1
Focal Length : [432.324]->[432.324]
Radial Distortion : [-0.363 -> -64]

#############################
#47: [WIN..8_Pro] sees 479 (+531) 3D points
Estimated Focal Length [432][0.68W]
# 145 projs (0 pts and 0 merges)
SKIP: 0 cams, 15173 points, 18198 projs
PBA: 6650 3D pts, 20 cams and 20435 projs...
PBA: 2.023 -> 1.862 (5 LMs in 0.01sec)
#points w/ large errors:	77
#unstable points removed:	15
Focal Length : [432.324]->[432.324]
Radial Distortion : [-0.363 -> -64]

#############################
#48: [WIN..1_Pro] sees 166 (+305) 3D points
Estimated Focal Length [432][0.68W]
# 71 projs (0 pts and 0 merges)
PBA: 4316 3D pts, 48 cams and 19115 projs...
PBA: 2.188 -> 1.470 (100 LMs in 0.91sec)
#points behind cam :	1
#points w/ large errors:	242
#unstable points removed:	46
Focal Length : [432.324]->[432.324]
Radial Distortion : [-0.363 -> -64]

#############################
#49: [WIN..5_Pro] sees 137 (+131) 3D points
Estimated Focal Length [432][0.68W]
# 35 projs (0 pts and 0 merges)
SKIP: 0 cams, 15976 points, 17665 projs
PBA: 5875 3D pts, 20 cams and 18171 projs...
PBA: 1.320 -> 1.224 (5 LMs in 0.02sec)
#points w/ large errors:	50
#unstable points removed:	112
Focal Length : [432.324]->[432.324]
Radial Distortion : [-0.363 -> -64]

#############################
#50: [WIN..7_Pro] sees 886 (+1543) 3D points
Estimated Focal Length [432][0.68W]
# 462 projs (0 pts and 1 merges)
SKIP: 0 cams, 15866 points, 16692 projs
PBA: 5981 3D pts, 20 cams and 18736 projs...
PBA: 1.834 -> 1.478 (5 LMs in 0.01sec)
#points w/ large errors:	5
#unstable points removed:	1
Focal Length : [432.324]->[432.324]
Radial Distortion : [-0.363 -> -64]

^^^^^^^^^^^^^^^^^^^^^^^^^^^^^^^^
#50/50:  34568 projs and 7909 pts added.
PBA: 19088 3D pts, 50 cams and 68033 projs...
PBA: 33.990 -> 8.592 (44 LMs in 0.44sec)
#points w/ large errors:	1021
#unstable points removed:	43
ERROR: image #31 has only 8 projs
PBA: 18024 3D pts, 49 cams and 62913 projs...
PBA: 8.659 -> 8.591 (21 LMs in 0.08sec)
#points w/ large errors:	253
#unstable points removed:	1

#############################
#50: [WIN..5_Pro] sees 501 (+94) 3D points
Estimated Focal Length [432][0.68W]
# 34683 projs (7909 pts and 348 merges)
SKIP: 0 cams, 11680 points, 20856 projs
PBA: 10288 3D pts, 20 cams and 42056 projs...
PBA: 11.419 -> 11.326 (5 LMs in 0.03sec)
#points w/ large errors:	3666
Focal Length : [432.324]->[432.324]
Radial Distortion : [-0.363 -> -64]
END: No more images to add [0 projs]

#############################
Failed to find two images for initialization
Resuming SfM finished, 16 sec used

---------------------------------------------------
50 cams, 22028 pts (3+: 4711)
62023 projections (3+: 19508)
---------------------------------------------------
1 model(s) reconstructed from 50 images;
50 modeled; 0 reused; 0 EXIF; 
6MB(6) used to store feature location.
---------------------------------------------------

########-------timing------#########
Structure-From-Motion finished, 16 sec used
13.3(12.0) seconds on Bundle Adjustment (+)
12.2(11.3) seconds on Bundle Adjustment (*)
#############################
----------------------------------------------------------------
Run full 3D reconstruction, finished
Totally 16.000 seconds used


Run dense reconstruction, begin...
Save to 1.nvm ... done

#############################
Undistorting 50 images in model #0
param_undistortion_thread_num = 0
NOTE: using 16 threads...
#00: WIN..6_Pro -> 00000000.jpg, 0.054 sec
#01: WIN..9_Pro -> 00000002.jpg, 0.059 sec
#04: WIN..6_Pro -> 00000016.jpg, 0.060 sec
#02: WIN..9_Pro -> 00000004.jpg, 0.060 sec
#05: WIN..2_Pro -> 00000006.jpg, 0.061 sec
#03: WIN..8_Pro -> 00000015.jpg, 0.062 sec
#10: WIN..0_Pro -> 00000008.jpg, 0.062 sec
#15: WIN..2_Pro -> 00000014.jpg, 0.063 sec
#12: WIN..o (2) -> 00000019.jpg, 0.063 sec
#13: WIN..4_Pro -> 00000011.jpg, 0.064 sec
#08: WIN..3_Pro -> 00000007.jpg, 0.064 sec
#11: WIN..o (2) -> 00000010.jpg, 0.065 sec
#14: WIN..0_Pro -> 00000012.jpg, 0.065 sec
#00: WIN..8_Pro -> 00000001.jpg, 0.007 sec
#07: WIN..7_Pro -> 00000017.jpg, 0.066 sec
#06: WIN..4_Pro -> 00000020.jpg, 0.068 sec
#09: WIN..2_Pro -> 00000021.jpg, 0.069 sec
#04: WIN..6_Pro -> 00000022.jpg, 0.053 sec
#01: WIN..5_Pro -> 00000003.jpg, 0.049 sec
#02: WIN..1_Pro -> 00000005.jpg, 0.052 sec
#05: WIN..6_Pro -> 00000024.jpg, 0.056 sec
#10: WIN..5_Pro -> 00000009.jpg, 0.056 sec
#03: WIN..1_Pro -> 00000026.jpg, 0.062 sec
#15: WIN..0_Pro -> 00000028.jpg, 0.060 sec
#12: WIN..3_Pro -> 00000030.jpg, 0.061 sec
#13: WIN..9_Pro -> 00000032.jpg, 0.062 sec
#08: WIN..1_Pro -> 00000034.jpg, 0.061 sec
#11: WIN..8_Pro -> 00000036.jpg, 0.060 sec
#00: WIN..7_Pro -> 00000038.jpg, 0.059 sec
#14: WIN..1_Pro -> 00000013.jpg, 0.065 sec
#07: WIN..7_Pro -> 00000018.jpg, 0.061 sec
#06: WIN..8_Pro -> 00000040.jpg, 0.059 sec
#04: WIN..o (2) -> 00000023.jpg, 0.060 sec
#09: WIN..9_Pro -> 00000042.jpg, 0.058 sec
#01: WIN..3_Pro -> 00000044.jpg, 0.057 sec
#02: WIN..8_Pro -> 00000046.jpg, 0.059 sec
#05: WIN..4_Pro -> 00000025.jpg, 0.059 sec
#10: WIN..7_Pro -> 00000048.jpg, 0.060 sec
#03: WIN..0_Pro -> 00000027.jpg, 0.057 sec
#15: WIN..9_Pro -> 00000029.jpg, 0.059 sec
#12: WIN..o (2) -> 00000031.jpg, 0.060 sec
#13: WIN..2_Pro -> 00000033.jpg, 0.056 sec
#08: WIN..7_Pro -> 00000035.jpg, 0.057 sec
#11: WIN..4_Pro -> 00000037.jpg, 0.052 sec
#00: WIN..2_Pro -> 00000039.jpg, 0.054 sec
#06: WIN..5_Pro -> 00000041.jpg, 0.051 sec
#01: WIN..1_Pro -> 00000045.jpg, 0.046 sec
#09: WIN..5_Pro -> 00000043.jpg, 0.052 sec
#02: WIN..1_Pro -> 00000047.jpg, 0.050 sec
#10: WIN..5_Pro -> 00000049.jpg, 0.048 sec
----------------------------------------------------------------
Running Yasutaka Furukawa's CMVS tool...
cmvs C:\Users\86186\Desktop\VisualSFM_windows_cuda_64bit\test\1.nvm.cmvs\00\ 50 16
genOption C:\Users\86186\Desktop\VisualSFM_windows_cuda_64bit\test\1.nvm.cmvs\00\ 1 2 0.700000 7 3 16
1 cluster is generated for pmvs reconstruction.
pmvs2 C:\Users\86186\Desktop\VisualSFM_windows_cuda_64bit\test\1.nvm.cmvs\00\ option-0000
This may take a little more time, waiting...
7 seconds were used by PMVS
Loading option-0000.ply, 11460 vertices ...

#############################
You can manually remove bad MVS points:
1. Switch to dense MVS points mode;
2. Hit F1 key to enter the selection mode;
3. Select points by dragging a rectangle;
4. Hit DELETE to delete the selected points.

#############################
Save to 1.nvm ... done
Save C:\Users\86186\Desktop\VisualSFM_windows_cuda_64bit\test\1.0.ply ...done
----------------------------------------------------------------
Run dense reconstruction, finished
Totally 10.000 seconds used

Current view added to #00
Current view added to #01

Compute structures from two images, begin...
NOTE: loose thresholds used for manual update
0031 and 0033: [38/75], H[10], 0.01sec
----------------------------------------------------------------
Compute structures from two images, finished
Totally 0.000 seconds used


Compute putative matches, begin...
MoveRecordToEnd [C:\Users\86186\Desktop\VisualSFM_windows_cuda_64bit\test\WIN_20220324_10_43_55_Pro]
MoveRecordToEnd [C:\Users\86186\Desktop\VisualSFM_windows_cuda_64bit\test\WIN_20220324_10_43_57_Pro]
0031 and 0033: 122 matches, 0.20sec, #0
----------------------------------------------------------------
Compute putative matches, finished
Totally 0.000 seconds used


Find homography matches, begin...
#Inliers:	 7, 52 
----------------------------------------------------------------
Find homography matches, finished
Totally 0.000 seconds used


Use RANSAC to find inliers, begin...
NOTE: loose thresholds used for manual update
0031 and 0033: [41/122], H[7], 0.03sec
----------------------------------------------------------------
Use RANSAC to find inliers, finished
Totally 0.000 seconds used


Find homography matches, begin...
#Inliers:	 10, 52 
----------------------------------------------------------------
Find homography matches, finished
Totally 0.000 seconds used


Compute remaining photos, begin...
Failed to find two images for initialization
Resuming SfM finished, 0 sec used

---------------------------------------------------
50 cams, 22028 pts (3+: 4711)
62023 projections (3+: 19508)
---------------------------------------------------
1 model(s) reconstructed from 50 images;
50 modeled; 0 reused; 0 EXIF; 
6MB(6) used to store feature location.
---------------------------------------------------
----------------------------------------------------------------
Compute remaining photos, finished
Totally 0.000 seconds used


Compute remaining photos, begin...
Failed to find two images for initialization
Resuming SfM finished, 0 sec used

---------------------------------------------------
50 cams, 22028 pts (3+: 4711)
62023 projections (3+: 19508)
---------------------------------------------------
1 model(s) reconstructed from 50 images;
50 modeled; 0 reused; 0 EXIF; 
6MB(6) used to store feature location.
---------------------------------------------------
----------------------------------------------------------------
Compute remaining photos, finished
Totally 0.000 seconds used


Compute remaining photos, begin...
Failed to find two images for initialization
Resuming SfM finished, 0 sec used

---------------------------------------------------
50 cams, 22028 pts (3+: 4711)
62023 projections (3+: 19508)
---------------------------------------------------
1 model(s) reconstructed from 50 images;
50 modeled; 0 reused; 0 EXIF; 
6MB(6) used to store feature location.
---------------------------------------------------
----------------------------------------------------------------
Compute remaining photos, finished
Totally 0.000 seconds used


Compute remaining photos, begin...
Failed to find two images for initialization
Resuming SfM finished, 0 sec used

---------------------------------------------------
50 cams, 22028 pts (3+: 4711)
62023 projections (3+: 19508)
---------------------------------------------------
1 model(s) reconstructed from 50 images;
50 modeled; 0 reused; 0 EXIF; 
6MB(6) used to store feature location.
---------------------------------------------------
----------------------------------------------------------------
Compute remaining photos, finished
Totally 0.000 seconds used


Run full 3D reconstruction, begin...
1025 pairs have two-view models
1192 pairs have fundamental matrices
Initialize with WIN..6_Pro and WIN..8_Pro
2336 3D points initialized from two images
PBA: 2336 3D pts, 2 cams and 4672 projs...
PBA: 3.397 -> 0.126 (1 LMs in 0.09sec)
Focal Length : [432.324]->[432.324]
Focal Length : [432.324]->[432.324]

#############################
#3: [WIN..9_Pro] sees 2496 (+1623) 3D points
Estimated Focal Length [432][0.68W]
# 1277 projs (0 pts and 0 merges)
PBA: 2336 3D pts, 3 cams and 5949 projs...
PBA: 6.381 -> 0.425 (23 LMs in 0.10sec)

**************************************
#3/3:  4434 projs and 1499 pts added.
PBA: 3596 3D pts, 3 cams and 8628 projs...
PBA: 1.496 -> 1.095 (21 LMs in 0.09sec)
PBA: 3596 3D pts, 3 cams and 8628 projs...
PBA: 1.095 -> 1.095 (13 LMs in 0.03sec)
Focal Length : [432.324]->[432.324]
Radial Distortion : [-0.363 -> -64]

#############################
#4: [WIN..5_Pro] sees 3701 (+1626) 3D points
Estimated Focal Length [432][0.68W]
# 1829 projs (0 pts and 0 merges)
PBA: 3410 3D pts, 4 cams and 10085 projs...
PBA: 9.164 -> 2.550 (38 LMs in 0.46sec)
#points w/ large errors:	77
Focal Length : [432.324]->[432.324]
Radial Distortion : [-0.363 -> -64]

#############################
#5: [WIN..9_Pro] sees 4598 (+1877) 3D points
Estimated Focal Length [432][0.68W]
# 986 projs (0 pts and 0 merges)
PBA: 3115 3D pts, 5 cams and 10474 projs...
PBA: 5.590 -> 2.963 (20 LMs in 0.07sec)
#points w/ large errors:	246

**************************************
#5/5:  8936 projs and 3188 pts added.
PBA: 5978 3D pts, 5 cams and 17454 projs...
PBA: 29.003 -> 9.856 (31 LMs in 0.09sec)
#points w/ large errors:	175
#unstable points removed:	43
PBA: 5757 3D pts, 5 cams and 16813 projs...
PBA: 10.281 -> 10.276 (13 LMs in 0.03sec)
#points w/ large errors:	6
Focal Length : [432.324]->[432.324]
Radial Distortion : [-0.363 -> -64]

#############################
#6: [WIN..1_Pro] sees 5739 (+1702) 3D points
Estimated Focal Length [432][0.68W]
# 1503 projs (0 pts and 3 merges)
PBA: 5078 3D pts, 6 cams and 16961 projs...
PBA: 12.526 -> 10.582 (29 LMs in 0.09sec)
#points w/ large errors:	1653
#unstable points removed:	6
Focal Length : [432.324]->[432.324]
Radial Distortion : [-0.363 -> -64]

#############################
#7: [WIN..2_Pro] sees 4982 (+2849) 3D points
Estimated Focal Length [432][0.68W]
# 1407 projs (0 pts and 3 merges)
PBA: 3592 3D pts, 7 cams and 13408 projs...
PBA: 8.054 -> 4.033 (38 LMs in 0.12sec)
#points w/ large errors:	417
#unstable points removed:	2

**************************************
#7/7:  9843 projs and 2584 pts added.
PBA: 5709 3D pts, 7 cams and 20511 projs...
PBA: 31.792 -> 3.843 (50 LMs in 0.29sec)
#points w/ large errors:	354
PBA: 5355 3D pts, 7 cams and 19661 projs...
PBA: 3.551 -> 3.266 (43 LMs in 0.17sec)
#points w/ large errors:	53
Focal Length : [432.324]->[432.324]
Radial Distortion : [-0.363 -> -64]

#############################
#8: [WIN..3_Pro] sees 8356 (+2119) 3D points
Estimated Focal Length [432][0.68W]
# 2817 projs (0 pts and 7 merges)
PBA: 5243 3D pts, 8 cams and 22252 projs...
PBA: 7.151 -> 3.265 (28 LMs in 0.33sec)
#points w/ large errors:	196
#unstable points removed:	1
Focal Length : [432.324]->[432.324]
Radial Distortion : [-0.363 -> -64]

#############################
#9: [WIN..0_Pro] sees 9627 (+2149) 3D points
Estimated Focal Length [432][0.68W]
# 2825 projs (0 pts and 9 merges)
PBA: 3826 3D pts, 9 cams and 21833 projs...
PBA: 4.726 -> 2.609 (30 LMs in 0.11sec)
#points w/ large errors:	151

**************************************
#9/9:  8741 projs and 1735 pts added.
PBA: 6548 3D pts, 9 cams and 29488 projs...
PBA: 10.599 -> 5.600 (18 LMs in 0.11sec)
#points w/ large errors:	318
#unstable points removed:	34
PBA: 6196 3D pts, 9 cams and 28132 projs...
PBA: 5.656 -> 5.567 (18 LMs in 0.05sec)
#points w/ large errors:	26
Focal Length : [432.324]->[432.324]
Radial Distortion : [-0.363 -> -64]

#############################
#10: [WIN..5_Pro] sees 7965 (+1499) 3D points
Estimated Focal Length [432][0.68W]
# 2062 projs (0 pts and 19 merges)
PBA: 4466 3D pts, 10 cams and 26697 projs...
PBA: 7.995 -> 6.543 (31 LMs in 0.15sec)
#points w/ large errors:	885
Focal Length : [432.324]->[432.324]
Radial Distortion : [-0.363 -> -64]

#############################
#11: [WIN..o (2)] sees 5956 (+1847) 3D points
Estimated Focal Length [432][0.68W]
# 1303 projs (0 pts and 3 merges)
PBA: 3748 3D pts, 11 cams and 23195 projs...
PBA: 6.615 -> 4.223 (26 LMs in 0.11sec)
#points w/ large errors:	553
Focal Length : [432.324]->[432.324]
Radial Distortion : [-0.363 -> -64]

#############################
#12: [WIN..4_Pro] sees 4718 (+1624) 3D points
Estimated Focal Length [432][0.68W]
# 1471 projs (0 pts and 2 merges)
PBA: 3268 3D pts, 12 cams and 21214 projs...
PBA: 4.671 -> 2.882 (100 LMs in 0.25sec)
#points w/ large errors:	214

**************************************
#12/12:  15775 projs and 4390 pts added.
PBA: 8334 3D pts, 12 cams and 36461 projs...
PBA: 7.469 -> 3.769 (50 LMs in 0.21sec)
#points w/ large errors:	75
PBA: 8259 3D pts, 12 cams and 35994 projs...
PBA: 3.624 -> 3.552 (37 LMs in 0.11sec)
#points w/ large errors:	19
Focal Length : [432.324]->[432.324]
Radial Distortion : [-0.363 -> -64]

#############################
#13: [WIN..0_Pro] sees 8166 (+1462) 3D points
Estimated Focal Length [432][0.68W]
# 2337 projs (0 pts and 11 merges)
PBA: 5515 3D pts, 13 cams and 32807 projs...
PBA: 6.592 -> 4.194 (38 LMs in 0.20sec)
#points w/ large errors:	952
Focal Length : [432.324]->[432.324]
Radial Distortion : [-0.363 -> -64]

#############################
#14: [WIN..1_Pro] sees 6886 (+1706) 3D points
Estimated Focal Length [432][0.68W]
# 1551 projs (0 pts and 9 merges)
PBA: 4778 3D pts, 14 cams and 30399 projs...
PBA: 4.737 -> 3.191 (100 LMs in 0.34sec)
#points w/ large errors:	488
Focal Length : [432.324]->[432.324]
Radial Distortion : [-0.363 -> -64]

#############################
#15: [WIN..2_Pro] sees 5910 (+1835) 3D points
Estimated Focal Length [432][0.68W]
# 1043 projs (0 pts and 7 merges)
PBA: 4391 3D pts, 15 cams and 28708 projs...
PBA: 3.599 -> 1.968 (33 LMs in 0.20sec)
#points w/ large errors:	329
Focal Length : [432.324]->[432.324]
Radial Distortion : [-0.363 -> -64]

#############################
#16: [WIN..8_Pro] sees 6190 (+1618) 3D points
Estimated Focal Length [432][0.68W]
# 1704 projs (0 pts and 9 merges)
PBA: 4197 3D pts, 16 cams and 28795 projs...
PBA: 2.793 -> 1.520 (97 LMs in 0.71sec)
#points w/ large errors:	197

**************************************
#16/16:  23681 projs and 5817 pts added.
PBA: 11064 3D pts, 16 cams and 52679 projs...
PBA: 18.807 -> 6.522 (22 LMs in 0.14sec)
#points w/ large errors:	334
#unstable points removed:	2
PBA: 10728 3D pts, 16 cams and 50467 projs...
PBA: 6.418 -> 6.363 (13 LMs in 0.13sec)
#points w/ large errors:	20
Focal Length : [432.324]->[432.324]
Radial Distortion : [-0.363 -> -64]

#############################
#17: [WIN..6_Pro] sees 9553 (+1480) 3D points
Estimated Focal Length [432][0.68W]
# 2838 projs (0 pts and 20 merges)
PBA: 6807 3D pts, 17 cams and 45423 projs...
PBA: 8.784 -> 7.318 (19 LMs in 0.10sec)
#points w/ large errors:	1994
Focal Length : [432.324]->[432.324]
Radial Distortion : [-0.363 -> -64]

#############################
#18: [WIN..7_Pro] sees 7721 (+1322) 3D points
Estimated Focal Length [432][0.68W]
# 2267 projs (0 pts and 27 merges)
PBA: 5362 3D pts, 18 cams and 37324 projs...
PBA: 6.429 -> 4.133 (89 LMs in 0.63sec)
#points w/ large errors:	567
Focal Length : [432.324]->[432.324]
Radial Distortion : [-0.363 -> -64]

#############################
#19: [WIN..7_Pro] sees 4137 (+1563) 3D points
Estimated Focal Length [432][0.68W]
# 1602 projs (0 pts and 11 merges)
PBA: 4970 3D pts, 19 cams and 34997 projs...
PBA: 4.090 -> 3.283 (27 LMs in 0.07sec)
#points w/ large errors:	353
Focal Length : [432.324]->[432.324]
Radial Distortion : [-0.363 -> -64]

#############################
#20: [WIN..o (2)] sees 4516 (+1495) 3D points
Estimated Focal Length [432][0.68W]
# 1093 projs (0 pts and 3 merges)
PBA: 4663 3D pts, 20 cams and 32953 projs...
PBA: 3.927 -> 3.094 (100 LMs in 0.22sec)
#points w/ large errors:	142
#unstable points removed:	10
Focal Length : [432.324]->[432.324]
Radial Distortion : [-0.363 -> -64]

#############################
#21: [WIN..4_Pro] sees 5234 (+1435) 3D points
Estimated Focal Length [432][0.68W]
# 1072 projs (0 pts and 14 merges)
SKIP: 0 cams, 3547 points, 1192 projs
PBA: 7399 3D pts, 20 cams and 38645 projs...
PBA: 3.272 -> 2.424 (5 LMs in 0.02sec)
#points w/ large errors:	362
#unstable points removed:	42

**************************************
#21/21:  37237 projs and 8576 pts added.
PBA: 14461 3D pts, 21 cams and 69728 projs...
PBA: 26.225 -> 7.651 (24 LMs in 0.08sec)
#points w/ large errors:	388
#unstable points removed:	11
PBA: 14062 3D pts, 21 cams and 67152 projs...
PBA: 7.632 -> 7.630 (13 LMs in 0.14sec)
#points w/ large errors:	27
Focal Length : [432.324]->[432.324]
Radial Distortion : [-0.363 -> -64]

#############################
#22: [WIN..2_Pro] sees 8857 (+1364) 3D points
Estimated Focal Length [432][0.68W]
# 2201 projs (0 pts and 45 merges)
SKIP: 0 cams, 542 points, 255 projs
PBA: 13772 3D pts, 20 cams and 68780 projs...
PBA: 8.558 -> 8.022 (5 LMs in 0.10sec)
#points w/ large errors:	3401
Focal Length : [432.324]->[432.324]
Radial Distortion : [-0.363 -> -64]

#############################
#23: [WIN..6_Pro] sees 4875 (+1277) 3D points
Estimated Focal Length [432][0.68W]
# 1423 projs (0 pts and 4 merges)
SKIP: 0 cams, 4092 points, 24895 projs
PBA: 10206 3D pts, 20 cams and 45276 projs...
PBA: 5.818 -> 4.189 (5 LMs in 0.04sec)
#points w/ large errors:	1015
#unstable points removed:	32
Focal Length : [432.324]->[432.324]
Radial Distortion : [-0.363 -> -64]

#############################
#24: [WIN..o (2)] sees 2667 (+1420) 3D points
Estimated Focal Length [432][0.68W]
# 766 projs (0 pts and 1 merges)
SKIP: 0 cams, 5207 points, 7402 projs
PBA: 9048 3D pts, 20 cams and 38804 projs...
PBA: 3.304 -> 2.720 (5 LMs in 0.04sec)
#points w/ large errors:	419
#unstable points removed:	7
Focal Length : [432.324]->[432.324]
Radial Distortion : [-0.363 -> -64]

#############################
#25: [WIN..6_Pro] sees 1871 (+1408) 3D points
Estimated Focal Length [432][0.68W]
# 656 projs (0 pts and 0 merges)
SKIP: 0 cams, 5711 points, 4226 projs
PBA: 8527 3D pts, 20 cams and 35564 projs...
PBA: 2.354 -> 1.834 (5 LMs in 0.02sec)
#points w/ large errors:	280
Focal Length : [432.324]->[432.324]
Radial Distortion : [-0.363 -> -64]

#############################
#26: [WIN..4_Pro] sees 2419 (+1374) 3D points
Estimated Focal Length [432][0.68W]
# 504 projs (0 pts and 2 merges)
PBA: 4391 3D pts, 26 cams and 26770 projs...
PBA: 2.185 -> 1.646 (37 LMs in 0.16sec)
#points w/ large errors:	298
#unstable points removed:	1
Focal Length : [432.324]->[432.324]
Radial Distortion : [-0.363 -> -64]

#############################
#27: [WIN..1_Pro] sees 2206 (+1637) 3D points
Estimated Focal Length [432][0.68W]
# 589 projs (0 pts and 3 merges)
SKIP: 0 cams, 6541 points, 2856 projs
PBA: 7670 3D pts, 20 cams and 32655 projs...
PBA: 1.612 -> 1.346 (5 LMs in 0.12sec)
#points w/ large errors:	40

**************************************
#27/27:  45720 projs and 11119 pts added.
PBA: 17552 3D pts, 27 cams and 76115 projs...
PBA: 40.790 -> 11.118 (23 LMs in 0.20sec)
#points w/ large errors:	634
#unstable points removed:	4
PBA: 16914 3D pts, 27 cams and 72222 projs...
PBA: 11.403 -> 11.348 (16 LMs in 0.12sec)
#points w/ large errors:	131
Focal Length : [432.324]->[432.324]
Radial Distortion : [-0.363 -> -64]

#############################
#28: [WIN..0_Pro] sees 5274 (+1552) 3D points
Estimated Focal Length [432][0.68W]
# 924 projs (0 pts and 9 merges)
SKIP: 0 cams, 1464 points, 2248 projs
PBA: 15716 3D pts, 20 cams and 70152 projs...
PBA: 12.311 -> 11.768 (5 LMs in 0.09sec)
#points w/ large errors:	5998
Focal Length : [432.324]->[432.324]
Radial Distortion : [-0.363 -> -64]

#############################
#29: [WIN..0_Pro] sees 3469 (+2213) 3D points
Estimated Focal Length [432][0.68W]
# 887 projs (0 pts and 3 merges)
SKIP: 0 cams, 7717 points, 35719 projs
PBA: 9615 3D pts, 20 cams and 37170 projs...
PBA: 5.511 -> 3.245 (5 LMs in 0.02sec)
#points w/ large errors:	732
#unstable points removed:	1
Focal Length : [432.324]->[432.324]
Radial Distortion : [-0.363 -> -64]

#############################
#30: [WIN..9_Pro] sees 3275 (+2188) 3D points
Estimated Focal Length [432][0.68W]
# 670 projs (0 pts and 5 merges)
SKIP: 0 cams, 8785 points, 5890 projs
PBA: 8627 3D pts, 20 cams and 34320 projs...
PBA: 3.121 -> 2.794 (5 LMs in 0.01sec)
#points w/ large errors:	256
Focal Length : [432.324]->[432.324]
Radial Distortion : [-0.363 -> -64]

#############################
#31: [WIN..3_Pro] sees 2801 (+2147) 3D points
Estimated Focal Length [432][0.68W]
# 617 projs (0 pts and 1 merges)
SKIP: 0 cams, 9385 points, 5486 projs
PBA: 8036 3D pts, 20 cams and 32455 projs...
PBA: 2.571 -> 2.028 (5 LMs in 0.03sec)
#points w/ large errors:	184
Focal Length : [432.324]->[432.324]
Radial Distortion : [-0.363 -> -64]

#############################
#32: [WIN..o (2)] sees 3142 (+3411) 3D points
Estimated Focal Length [432][0.68W]
# 677 projs (0 pts and 3 merges)
PBA: 3894 3D pts, 32 cams and 24962 projs...
PBA: 2.813 -> 1.737 (27 LMs in 0.08sec)
#points w/ large errors:	320
Focal Length : [432.324]->[432.324]
Radial Distortion : [-0.363 -> -64]

#############################
#33: [WIN..9_Pro] sees 2639 (+2836) 3D points
Estimated Focal Length [432][0.68W]
# 516 projs (0 pts and 1 merges)
SKIP: 0 cams, 10380 points, 6226 projs
PBA: 7070 3D pts, 20 cams and 30380 projs...
PBA: 1.599 -> 1.411 (5 LMs in 0.02sec)
#points w/ large errors:	40
Focal Length : [432.324]->[432.324]
Radial Distortion : [-0.363 -> -64]

#############################
#34: [WIN..2_Pro] sees 3385 (+2798) 3D points
Estimated Focal Length [432][0.68W]
# 486 projs (0 pts and 5 merges)
SKIP: 0 cams, 10639 points, 6120 projs
PBA: 6803 3D pts, 20 cams and 29913 projs...
PBA: 1.689 -> 1.512 (5 LMs in 0.05sec)
#points w/ large errors:	40

**************************************
#34/34:  37933 projs and 9585 pts added.
PBA: 17010 3D pts, 34 cams and 70611 projs...
PBA: 31.349 -> 8.467 (27 LMs in 0.23sec)
#points w/ large errors:	468
#unstable points removed:	14
PBA: 16528 3D pts, 34 cams and 67915 projs...
PBA: 8.314 -> 8.178 (19 LMs in 0.12sec)
#points w/ large errors:	141
#unstable points removed:	36
Focal Length : [432.324]->[432.324]
Radial Distortion : [-0.363 -> -64]

#############################
#35: [WIN..7_Pro] sees 4145 (+1459) 3D points
Estimated Focal Length [432][0.68W]
# 1558 projs (0 pts and 12 merges)
SKIP: 0 cams, 3724 points, 7019 projs
PBA: 13695 3D pts, 20 cams and 62186 projs...
PBA: 9.920 -> 9.452 (5 LMs in 0.03sec)
#points w/ large errors:	3997
#unstable points removed:	9
Focal Length : [432.324]->[432.324]
Radial Distortion : [-0.363 -> -64]

#############################
#36: [WIN..1_Pro] sees 2884 (+1093) 3D points
Estimated Focal Length [432][0.68W]
# 787 projs (0 pts and 6 merges)
SKIP: 0 cams, 7960 points, 30251 projs
PBA: 9430 3D pts, 20 cams and 38950 projs...
PBA: 6.231 -> 5.490 (5 LMs in 0.11sec)
#points w/ large errors:	1021
#unstable points removed:	23
Focal Length : [432.324]->[432.324]
Radial Distortion : [-0.363 -> -64]

#############################
#37: [WIN..7_Pro] sees 2121 (+1434) 3D points
Estimated Focal Length [432][0.68W]
# 675 projs (0 pts and 10 merges)
SKIP: 0 cams, 9454 points, 17419 projs
PBA: 7935 3D pts, 20 cams and 29036 projs...
PBA: 2.706 -> 1.771 (5 LMs in 0.02sec)
#points w/ large errors:	260
Focal Length : [432.324]->[432.324]
Radial Distortion : [-0.363 -> -64]

#############################
#38: [WIN..8_Pro] sees 2217 (+2002) 3D points
Estimated Focal Length [432][0.68W]
# 576 projs (0 pts and 3 merges)
SKIP: 0 cams, 10669 points, 11857 projs
PBA: 6729 3D pts, 20 cams and 25927 projs...
PBA: 2.330 -> 1.928 (5 LMs in 0.01sec)
#points w/ large errors:	80
Focal Length : [432.324]->[432.324]
Radial Distortion : [-0.363 -> -64]

#############################
#39: [WIN..4_Pro] sees 1713 (+1244) 3D points
Estimated Focal Length [432][0.68W]
# 397 projs (0 pts and 3 merges)
PBA: 4314 3D pts, 39 cams and 23685 projs...
PBA: 2.780 -> 1.718 (100 LMs in 0.24sec)
#points w/ large errors:	266
Focal Length : [432.324]->[432.324]
Radial Distortion : [-0.363 -> -64]

#############################
#40: [WIN..7_Pro] sees 1652 (+1293) 3D points
Estimated Focal Length [432][0.68W]
# 305 projs (0 pts and 2 merges)
SKIP: 0 cams, 11496 points, 13583 projs
PBA: 5871 3D pts, 20 cams and 23207 projs...
PBA: 1.530 -> 1.344 (5 LMs in 0.05sec)
#points w/ large errors:	32
Focal Length : [432.324]->[432.324]
Radial Distortion : [-0.363 -> -64]

#############################
#41: [WIN..2_Pro] sees 1467 (+1270) 3D points
Estimated Focal Length [432][0.68W]
# 216 projs (0 pts and 1 merges)
SKIP: 0 cams, 11712 points, 12765 projs
PBA: 5614 3D pts, 20 cams and 22548 projs...
PBA: 1.617 -> 1.299 (5 LMs in 0.03sec)
#points w/ large errors:	80
Focal Length : [432.324]->[432.324]
Radial Distortion : [-0.363 -> -64]

#############################
#42: [WIN..8_Pro] sees 766 (+983) 3D points
Estimated Focal Length [432][0.68W]
# 3077 projs (529 pts and 7 merges)
SKIP: 0 cams, 12043 points, 14950 projs
PBA: 5346 3D pts, 20 cams and 23210 projs...
PBA: 3.404 -> 2.029 (5 LMs in 0.03sec)
#points w/ large errors:	43
Focal Length : [432.324]->[432.324]
Radial Distortion : [-0.363 -> -64]

#############################
#43: [WIN..9_Pro] sees 1509 (+874) 3D points
Estimated Focal Length [432][0.68W]
# 589 projs (0 pts and 1 merges)
SKIP: 0 cams, 12873 points, 17029 projs
PBA: 4523 3D pts, 20 cams and 21059 projs...
PBA: 2.647 -> 2.295 (5 LMs in 0.03sec)
#points w/ large errors:	205
#unstable points removed:	11

**************************************
#43/43:  58670 projs and 13838 pts added.
PBA: 22105 3D pts, 43 cams and 91957 projs...
PBA: 44.322 -> 12.324 (29 LMs in 0.25sec)
#points w/ large errors:	1055
#unstable points removed:	72
PBA: 20961 3D pts, 43 cams and 85254 projs...
PBA: 12.765 -> 12.605 (19 LMs in 0.12sec)
#points w/ large errors:	236
#unstable points removed:	58
Focal Length : [432.324]->[432.324]
Radial Distortion : [-0.363 -> -64]

#############################
#44: [WIN..5_Pro] sees 3485 (+761) 3D points
Estimated Focal Length [432][0.68W]
# 955 projs (0 pts and 8 merges)
SKIP: 0 cams, 7021 points, 15305 projs
PBA: 14908 3D pts, 20 cams and 70546 projs...
PBA: 15.464 -> 15.014 (5 LMs in 0.03sec)
#points w/ large errors:	7484
#unstable points removed:	1
Focal Length : [432.324]->[432.324]
Radial Distortion : [-0.363 -> -64]

#############################
#45: [WIN..5_Pro] sees 2073 (+792) 3D points
Estimated Focal Length [432][0.68W]
# 418 projs (0 pts and 0 merges)
SKIP: 0 cams, 14590 points, 59033 projs
PBA: 7359 3D pts, 20 cams and 26165 projs...
PBA: 7.478 -> 6.383 (5 LMs in 0.06sec)
#points w/ large errors:	764
Focal Length : [432.324]->[432.324]
Radial Distortion : [-0.363 -> -64]

#############################
#46: [WIN..3_Pro] sees 1413 (+692) 3D points
Estimated Focal Length [432][0.68W]
# 241 projs (0 pts and 1 merges)
SKIP: 0 cams, 15396 points, 19357 projs
PBA: 6552 3D pts, 20 cams and 21385 projs...
PBA: 3.826 -> 3.413 (5 LMs in 0.03sec)
#points w/ large errors:	192
Focal Length : [432.324]->[432.324]
Radial Distortion : [-0.363 -> -64]

#############################
#47: [WIN..1_Pro] sees 453 (+467) 3D points
Estimated Focal Length [432][0.68W]
# 109 projs (0 pts and 0 merges)
SKIP: 0 cams, 15693 points, 16384 projs
PBA: 6244 3D pts, 20 cams and 19504 projs...
PBA: 3.131 -> 2.763 (5 LMs in 0.01sec)
#points w/ large errors:	178
#unstable points removed:	18
Focal Length : [432.324]->[432.324]
Radial Distortion : [-0.363 -> -64]

#############################
#48: [WIN..8_Pro] sees 422 (+515) 3D points
Estimated Focal Length [432][0.68W]
# 105 projs (0 pts and 0 merges)
PBA: 3817 3D pts, 48 cams and 16121 projs...
PBA: 2.428 -> 1.559 (23 LMs in 0.07sec)
#points behind cam :	2
#points w/ large errors:	331
#unstable points removed:	86
Focal Length : [432.324]->[432.324]
Radial Distortion : [-0.363 -> -64]

#############################
#49: [WIN..1_Pro] sees 143 (+262) 3D points
Estimated Focal Length [432][0.68W]
# 42 projs (0 pts and 0 merges)
SKIP: 0 cams, 16643 points, 16682 projs
PBA: 5332 3D pts, 20 cams and 15583 projs...
PBA: 1.325 -> 1.225 (5 LMs in 0.01sec)
#points w/ large errors:	53
#unstable points removed:	225
Focal Length : [432.324]->[432.324]
Radial Distortion : [-0.363 -> -64]

#############################
#50: [WIN..5_Pro] sees 98 (+127) 3D points
Estimated Focal Length [432][0.68W]
# 22 projs (0 pts and 0 merges)
ERROR: too few projections are initiated

^^^^^^^^^^^^^^^^^^^^^^^^^^^^^^^^
#49/49:  30102 projs and 6755 pts added.
PBA: 17045 3D pts, 49 cams and 59009 projs...
PBA: 20.587 -> 6.976 (21 LMs in 0.22sec)
#points w/ large errors:	540
#unstable points removed:	13
PBA: 16492 3D pts, 49 cams and 56568 projs...
PBA: 6.966 -> 6.947 (21 LMs in 0.12sec)
#points w/ large errors:	162
#unstable points removed:	3

#############################
#50: [WIN..5_Pro] sees 459 (+105) 3D points
Estimated Focal Length [432][0.68W]
# 30248 projs (6755 pts and 250 merges)
SKIP: 0 cams, 12197 points, 16905 projs
PBA: 9807 3D pts, 20 cams and 39603 projs...
PBA: 9.612 -> 9.547 (5 LMs in 0.01sec)
#points w/ large errors:	3108
Focal Length : [432.324]->[432.324]
Radial Distortion : [-0.363 -> -64]
END: No more images to add [0 projs]

#############################
Failed to find two images for initialization
Resuming SfM finished, 13 sec used

---------------------------------------------------
50 cams, 22110 pts (3+: 4211)
56091 projections (3+: 17414)
---------------------------------------------------
1 model(s) reconstructed from 50 images;
50 modeled; 0 reused; 0 EXIF; 
6MB(6) used to store feature location.
---------------------------------------------------

########-------timing------#########
Structure-From-Motion finished, 13 sec used
10.1(8.6) seconds on Bundle Adjustment (+)
9.0(8.0) seconds on Bundle Adjustment (*)
#############################
----------------------------------------------------------------
Run full 3D reconstruction, finished
Totally 13.000 seconds used


Modifying Calibration, begin...
fx = 432.324402, cx = 319.813385
fy = 432.324402, cy = 242.546066
radial_distortion = -0.362921
PBA: 4211 3D pts, 50 cams and 17414 projs...
PBA: 3.969 -> 3.491 (20 LMs in 0.09sec)
PBA: 4211 3D pts, 50 cams and 17414 projs...
PBA: 3.491 -> 2.557 (48 LMs in 0.17sec)
----------------------------------------------------------------
Modifying Calibration, finished
Totally 0.000 seconds used


Compute structures from two images, begin...
NOTE: loose thresholds used for manual update
0031 and 0047: [26/52], H[5], 0.01sec
----------------------------------------------------------------
Compute structures from two images, finished
Totally 1.000 seconds used


Compute putative matches, begin...
