
pmvs2
C:\Users\86186\Desktop\VisualSFM_windows_cuda_64bit\最终数据\普通镜头\图像\3+4pso\111.nvm.cmvs\00\
option-0000
--------------------------------------------------
--- Summary of specified options ---
# of timages: 15 (enumeration)
# of oimages: 0 (enumeration)
level: 1  csize: 2
threshold: 0.7  wsize: 7
minImageNum: 3  CPU: 16
useVisData: 1  sequence: -1
--------------------------------------------------
Reading images: ***************
7 9 11 13 14 16 18 Harris running ...23 Harris running ...26 2128 31 Harris running ...27Harris running ... Harris running ...Harris running ...Harris running ...Harris running ...22  Harris running ...Harris running ...Harris running ...24 Harris running ...Harris running ...Harris running ...Harris running ...228 harris done
DoG running...226 harris done
252 harris done
202 harris done
DoG running...DoG running...DoG running...223 harris done
205 harris done
DoG running...DoG running...229 harris done
225 harris done
DoG running...215 harris done
DoG running...200 harris done
DoG running...183 harris done
229 harris done
240 harris done
DoG running...216 harris doneDoG running...
DoG running...DoG running...253 harris done
DoG running...DoG running...320 dog done
320 dog done
320 dog done
318 dog done320
 dog done
320 dog done
320 dog done
320 dog done320 dog done

320 dog done
320 dog done
320 dog done
318 dog done
318 dog done
319 dog done
done
adding seeds 
(1,50)(10,49)(0,52)(8,51)(14,31)(11,48)(9,60)(6,42)(13,37)(7,56)(12,63)(2,65)(3,67)(5,50)(4,67)done
---- Initial: 0 secs ----
Total pass fail0 fail1 refinepatch: 11185 1054 8790 1341 2395
Total pass fail0 fail1 refinepatch: 100 9.42334 78.5874 11.9893 21.4126
Expanding patches...
---- EXPANSION: 2 secs ----
Total pass fail0 fail1 refinepatch: 28148 25514 2399 235 25749
Total pass fail0 fail1 refinepatch: 100 90.6423 8.52281 0.834873 91.4772
FilterOutside
mainbody: 
Gain (ave/var): 1.9036 0.946804
26268 -> 26102 (99.368%)	0 secs
Filter Exact: ***************
26102 -> 25292 (96.8968%)	0 secs
FilterNeighbor:	25292 -> 23546 (93.0966%)	0 secs
FilterGroups:	20
23546 -> 23348 (99.1591%)	0 secs
STATUS: 0 0 0 0 0 0 0 0 0 0 
0 0 0 0 0 0 0 0 0 0 
0 0 0 0 0 0 0 0 0 0 
0 0 0 0 0 
Expanding patches...
---- EXPANSION: 0 secs ----
Total pass fail0 fail1 refinepatch: 4591 2070 1210 1311 3381
Total pass fail0 fail1 refinepatch: 100 45.0882 26.3559 28.5559 73.6441
FilterOutside
mainbody: 
Gain (ave/var): 2.35752 1.11077
25418 -> 25416 (99.9921%)	0 secs
Filter Exact: ***************
25416 -> 25097 (98.7449%)	0 secs
FilterNeighbor:	25097 -> 24699 (98.4142%)	0 secs
FilterGroups:	20
24699 -> 24579 (99.5142%)	0 secs
STATUS: 0 0 0 0 0 0 0 0 0 0 
0 0 0 0 0 0 0 0 0 0 
0 0 0 0 0 0 0 0 0 0 
0 0 0 0 0 
Expanding patches...
---- EXPANSION: 0 secs ----
Total pass fail0 fail1 refinepatch: 2190 936 646 608 1544
Total pass fail0 fail1 refinepatch: 100 42.7397 29.4977 27.7626 70.5023
FilterOutside
mainbody: 
Gain (ave/var): 2.77429 1.29516
25515 -> 25514 (99.9961%)	0 secs
Filter Exact: ***************
25514 -> 25246 (98.9496%)	0 secs
FilterNeighbor:	25246 -> 25053 (99.2355%)	0 secs
FilterGroups:	20
25053 -> 24946 (99.5729%)	0 secs
STATUS: 0 0 0 0 0 0 0 0 0 0 
0 0 0 0 0 0 0 0 0 0 
0 0 0 0 0 0 0 0 0 0 
0 0 0 0 0 
---- Total: 0 secs ----
